[2020-11-14T09:34:32+08:00][sql] CONNECT:[ UseTime:0.002384s ] mysql:host=127.0.0.1;port=3306;dbname=jifei_ymcx_shop;charset=utf8
[2020-11-14T09:34:32+08:00][sql] SHOW FULL COLUMNS FROM `yh_webpz` [ RunTime:0.004234s ]
[2020-11-14T09:34:32+08:00][sql] SELECT * FROM `yh_webpz` WHERE  `id` = 1 LIMIT 1 [ RunTime:0.001839s ]
[2020-11-14T09:38:01+08:00][sql] CONNECT:[ UseTime:0.001068s ] mysql:host=127.0.0.1;port=3306;dbname=jifei_ymcx_shop;charset=utf8
[2020-11-14T09:38:01+08:00][sql] SHOW FULL COLUMNS FROM `yh_webpz` [ RunTime:0.003685s ]
[2020-11-14T09:38:01+08:00][sql] SELECT * FROM `yh_webpz` WHERE  `id` = 1 LIMIT 1 [ RunTime:0.000868s ]
[2020-11-14T09:38:01+08:00][sql] SHOW FULL COLUMNS FROM `yh_admin` [ RunTime:0.002082s ]
[2020-11-14T09:38:01+08:00][sql] SELECT `id` FROM `yh_admin` WHERE  `username` = '1178350505'  AND `password` = '565be15b663c3a1c6a54055410cb763a' LIMIT 1 [ RunTime:0.000659s ]
[2020-11-14T09:38:01+08:00][sql] CONNECT:[ UseTime:0.000885s ] mysql:host=127.0.0.1;port=3306;dbname=jifei_ymcx_shop;charset=utf8
[2020-11-14T09:38:01+08:00][sql] SHOW FULL COLUMNS FROM `yh_admin` [ RunTime:0.002509s ]
[2020-11-14T09:38:01+08:00][sql] SELECT * FROM `yh_admin` WHERE  `id` = 1 LIMIT 1 [ RunTime:0.000625s ]
[2020-11-14T09:38:01+08:00][sql] SHOW FULL COLUMNS FROM `yh_webpz` [ RunTime:0.002146s ]
[2020-11-14T09:38:01+08:00][sql] SELECT * FROM `yh_webpz` WHERE  `id` = 1 LIMIT 1 [ RunTime:0.000613s ]
[2020-11-14T09:38:01+08:00][sql] SHOW FULL COLUMNS FROM `yh_user` [ RunTime:0.002389s ]
[2020-11-14T09:38:01+08:00][sql] SELECT COUNT(*) AS think_count FROM `yh_user` [ RunTime:0.000683s ]
[2020-11-14T09:38:01+08:00][sql] SHOW FULL COLUMNS FROM `yh_order` [ RunTime:0.002049s ]
[2020-11-14T09:38:01+08:00][sql] SELECT SUM(`payment`) AS think_sum FROM `yh_order` WHERE  `status` = 1 [ RunTime:0.000665s ]
[2020-11-14T09:38:01+08:00][sql] SELECT SUM(`payment`) AS think_sum FROM `yh_order` WHERE  `intime` <= 1604160000  AND `intime` >= 1601481600  AND `status` = 1 [ RunTime:0.000540s ]
[2020-11-14T09:38:01+08:00][sql] SELECT SUM(`payment`) AS think_sum FROM `yh_order` WHERE  `intime` >= 1604160000  AND `status` = 1 [ RunTime:0.000521s ]
[2020-11-14T09:38:01+08:00][sql] SHOW FULL COLUMNS FROM `yh_information` [ RunTime:0.002025s ]
[2020-11-14T09:38:01+08:00][sql] SELECT COUNT(*) AS think_count FROM `yh_information` [ RunTime:0.000536s ]
[2020-11-14T09:38:01+08:00][sql] SHOW FULL COLUMNS FROM `yh_record` [ RunTime:0.001705s ]
[2020-11-14T09:38:01+08:00][sql] SELECT COUNT(*) AS think_count FROM `yh_record` WHERE  `intime` >= 1605283200 [ RunTime:0.000693s ]
[2020-11-14T09:38:01+08:00][sql] SHOW FULL COLUMNS FROM `yh_business` [ RunTime:0.001856s ]
[2020-11-14T09:38:01+08:00][sql] SELECT COUNT(*) AS think_count FROM `yh_business` WHERE  `type` = 1 [ RunTime:0.000575s ]
[2020-11-14T09:38:01+08:00][sql] SELECT COUNT(*) AS think_count FROM `yh_business` WHERE  `type` = 2 [ RunTime:0.000498s ]
[2020-11-14T09:38:02+08:00][sql] CONNECT:[ UseTime:0.000890s ] mysql:host=127.0.0.1;port=3306;dbname=jifei_ymcx_shop;charset=utf8
[2020-11-14T09:38:02+08:00][sql] SHOW FULL COLUMNS FROM `yh_admin` [ RunTime:0.002063s ]
[2020-11-14T09:38:02+08:00][sql] SELECT * FROM `yh_admin` WHERE  `id` = 1 LIMIT 1 [ RunTime:0.000771s ]
[2020-11-14T09:38:02+08:00][sql] SHOW FULL COLUMNS FROM `yh_webpz` [ RunTime:0.002071s ]
[2020-11-14T09:38:02+08:00][sql] SELECT * FROM `yh_webpz` WHERE  `id` = 1 LIMIT 1 [ RunTime:0.000783s ]
[2020-11-14T09:38:02+08:00][sql] SHOW FULL COLUMNS FROM `yh_record` [ RunTime:0.001790s ]
[2020-11-14T09:38:02+08:00][sql] SELECT COUNT(`id`) AS think_count FROM `yh_record` WHERE  `intime` >= 1605286800  AND `intime` <= 1605290400 [ RunTime:0.000656s ]
[2020-11-14T09:38:02+08:00][sql] SELECT COUNT(`id`) AS think_count FROM `yh_record` WHERE  `intime` >= 1605290400  AND `intime` <= 1605294000 [ RunTime:0.000565s ]
[2020-11-14T09:38:02+08:00][sql] SELECT COUNT(`id`) AS think_count FROM `yh_record` WHERE  `intime` >= 1605294000  AND `intime` <= 1605297600 [ RunTime:0.000502s ]
[2020-11-14T09:38:02+08:00][sql] SELECT COUNT(`id`) AS think_count FROM `yh_record` WHERE  `intime` >= 1605297600  AND `intime` <= 1605301200 [ RunTime:0.000501s ]
[2020-11-14T09:38:02+08:00][sql] SELECT COUNT(`id`) AS think_count FROM `yh_record` WHERE  `intime` >= 1605301200  AND `intime` <= 1605304800 [ RunTime:0.000544s ]
[2020-11-14T09:38:02+08:00][sql] SELECT COUNT(`id`) AS think_count FROM `yh_record` WHERE  `intime` >= 1605304800  AND `intime` <= 1605308400 [ RunTime:0.000502s ]
[2020-11-14T09:38:02+08:00][sql] SELECT COUNT(`id`) AS think_count FROM `yh_record` WHERE  `intime` >= 1605308400  AND `intime` <= 1605312000 [ RunTime:0.000508s ]
[2020-11-14T09:38:02+08:00][sql] SELECT COUNT(`id`) AS think_count FROM `yh_record` WHERE  `intime` >= 1605312000  AND `intime` <= 1605315600 [ RunTime:0.000541s ]
[2020-11-14T09:38:02+08:00][sql] SELECT COUNT(`id`) AS think_count FROM `yh_record` WHERE  `intime` >= 1605315600  AND `intime` <= 1605319200 [ RunTime:0.000498s ]
[2020-11-14T09:38:02+08:00][sql] SELECT COUNT(`id`) AS think_count FROM `yh_record` WHERE  `intime` >= 1605319200  AND `intime` <= 1605322800 [ RunTime:0.000502s ]
[2020-11-14T09:38:02+08:00][sql] SELECT COUNT(`id`) AS think_count FROM `yh_record` WHERE  `intime` >= 1605322800  AND `intime` <= 1605326400 [ RunTime:0.000527s ]
[2020-11-14T09:38:02+08:00][sql] SELECT COUNT(`id`) AS think_count FROM `yh_record` WHERE  `intime` >= 1605326400  AND `intime` <= 1605330000 [ RunTime:0.000490s ]
[2020-11-14T09:38:02+08:00][sql] SELECT COUNT(`id`) AS think_count FROM `yh_record` WHERE  `intime` >= 1605200400  AND `intime` <= 1605204000 [ RunTime:0.000515s ]
[2020-11-14T09:38:02+08:00][sql] SELECT COUNT(`id`) AS think_count FROM `yh_record` WHERE  `intime` >= 1605204000  AND `intime` <= 1605207600 [ RunTime:0.000546s ]
[2020-11-14T09:38:02+08:00][sql] SELECT COUNT(`id`) AS think_count FROM `yh_record` WHERE  `intime` >= 1605207600  AND `intime` <= 1605211200 [ RunTime:0.000497s ]
[2020-11-14T09:38:02+08:00][sql] SELECT COUNT(`id`) AS think_count FROM `yh_record` WHERE  `intime` >= 1605211200  AND `intime` <= 1605214800 [ RunTime:0.000626s ]
[2020-11-14T09:38:02+08:00][sql] SELECT COUNT(`id`) AS think_count FROM `yh_record` WHERE  `intime` >= 1605214800  AND `intime` <= 1605218400 [ RunTime:0.000648s ]
[2020-11-14T09:38:02+08:00][sql] SELECT COUNT(`id`) AS think_count FROM `yh_record` WHERE  `intime` >= 1605218400  AND `intime` <= 1605222000 [ RunTime:0.000704s ]
[2020-11-14T09:38:02+08:00][sql] SELECT COUNT(`id`) AS think_count FROM `yh_record` WHERE  `intime` >= 1605222000  AND `intime` <= 1605225600 [ RunTime:0.000633s ]
[2020-11-14T09:38:02+08:00][sql] SELECT COUNT(`id`) AS think_count FROM `yh_record` WHERE  `intime` >= 1605225600  AND `intime` <= 1605229200 [ RunTime:0.000662s ]
[2020-11-14T09:38:02+08:00][sql] SELECT COUNT(`id`) AS think_count FROM `yh_record` WHERE  `intime` >= 1605229200  AND `intime` <= 1605232800 [ RunTime:0.000590s ]
[2020-11-14T09:38:02+08:00][sql] SELECT COUNT(`id`) AS think_count FROM `yh_record` WHERE  `intime` >= 1605232800  AND `intime` <= 1605236400 [ RunTime:0.000563s ]
[2020-11-14T09:38:02+08:00][sql] SELECT COUNT(`id`) AS think_count FROM `yh_record` WHERE  `intime` >= 1605236400  AND `intime` <= 1605240000 [ RunTime:0.001214s ]
[2020-11-14T09:38:02+08:00][sql] SELECT COUNT(`id`) AS think_count FROM `yh_record` WHERE  `intime` >= 1605240000  AND `intime` <= 1605243600 [ RunTime:0.000583s ]
[2020-11-14T09:38:02+08:00][sql] SHOW FULL COLUMNS FROM `yh_business` [ RunTime:0.002119s ]
[2020-11-14T09:38:02+08:00][sql] SELECT COUNT(*) AS think_count FROM `yh_business` WHERE  `type` = 1 [ RunTime:0.001187s ]
[2020-11-14T09:38:02+08:00][sql] SELECT COUNT(*) AS think_count FROM `yh_business` WHERE  `type` = 2 [ RunTime:0.000616s ]
[2020-11-14T09:38:02+08:00][sql] SELECT `user_uid`,`calltoday` FROM `yh_business` ORDER BY `calltoday` DESC LIMIT 5 [ RunTime:0.000672s ]
[2020-11-14T09:38:09+08:00][sql] CONNECT:[ UseTime:0.006862s ] mysql:host=127.0.0.1;port=3306;dbname=jifei_ymcx_shop;charset=utf8
[2020-11-14T09:38:09+08:00][sql] SHOW FULL COLUMNS FROM `yh_admin` [ RunTime:0.002065s ]
[2020-11-14T09:38:09+08:00][sql] SELECT * FROM `yh_admin` WHERE  `id` = 1 LIMIT 1 [ RunTime:0.001182s ]
[2020-11-14T09:38:09+08:00][sql] SHOW FULL COLUMNS FROM `yh_webpz` [ RunTime:0.001983s ]
[2020-11-14T09:38:09+08:00][sql] SELECT * FROM `yh_webpz` WHERE  `id` = 1 LIMIT 1 [ RunTime:0.003697s ]
[2020-11-14T09:38:09+08:00][sql] SHOW FULL COLUMNS FROM `yh_user` [ RunTime:0.002249s ]
[2020-11-14T09:38:09+08:00][sql] SELECT COUNT(*) AS think_count FROM `yh_user` [ RunTime:0.000549s ]
[2020-11-14T09:38:09+08:00][sql] SELECT * FROM `yh_user` ORDER BY `id` DESC LIMIT 0,15 [ RunTime:0.004049s ]
[2020-11-14T09:38:09+08:00][sql] SHOW FULL COLUMNS FROM `yh_business` [ RunTime:0.007235s ]
[2020-11-14T09:38:09+08:00][sql] SELECT `user_uid` FROM `yh_business` WHERE  `id` = 8 LIMIT 1 [ RunTime:0.000834s ]
[2020-11-14T09:38:09+08:00][sql] SELECT `user_uid` FROM `yh_business` WHERE  `id` = 7 LIMIT 1 [ RunTime:0.000546s ]
[2020-11-14T09:38:09+08:00][sql] SELECT `user_uid` FROM `yh_business` WHERE  `id` = 6 LIMIT 1 [ RunTime:0.001181s ]
[2020-11-14T09:38:09+08:00][sql] SELECT `user_uid` FROM `yh_business` WHERE  `id` = 5 LIMIT 1 [ RunTime:0.000433s ]
[2020-11-14T09:38:09+08:00][sql] SELECT `user_uid` FROM `yh_business` WHERE  `id` = 4 LIMIT 1 [ RunTime:0.000376s ]
[2020-11-14T09:38:09+08:00][sql] SELECT `user_uid` FROM `yh_business` WHERE  `id` = 3 LIMIT 1 [ RunTime:0.000403s ]
[2020-11-14T09:38:09+08:00][sql] SELECT `user_uid` FROM `yh_business` WHERE  `id` = 2 LIMIT 1 [ RunTime:0.000475s ]
[2020-11-14T09:38:09+08:00][sql] SELECT `user_uid` FROM `yh_business` WHERE  `id` = 1 LIMIT 1 [ RunTime:0.000377s ]
[2020-11-14T09:38:33+08:00][sql] CONNECT:[ UseTime:0.005621s ] mysql:host=127.0.0.1;port=3306;dbname=jifei_ymcx_shop;charset=utf8
[2020-11-14T09:38:33+08:00][sql] SHOW FULL COLUMNS FROM `yh_admin` [ RunTime:0.006698s ]
[2020-11-14T09:38:33+08:00][sql] SELECT * FROM `yh_admin` WHERE  `id` = 1 LIMIT 1 [ RunTime:0.002506s ]
[2020-11-14T09:38:33+08:00][sql] SHOW FULL COLUMNS FROM `yh_webpz` [ RunTime:0.003052s ]
[2020-11-14T09:38:33+08:00][sql] SELECT * FROM `yh_webpz` WHERE  `id` = 1 LIMIT 1 [ RunTime:0.000832s ]
[2020-11-14T09:38:40+08:00][sql] CONNECT:[ UseTime:0.001198s ] mysql:host=127.0.0.1;port=3306;dbname=jifei_ymcx_shop;charset=utf8
[2020-11-14T09:38:40+08:00][sql] SHOW FULL COLUMNS FROM `yh_admin` [ RunTime:0.002287s ]
[2020-11-14T09:38:40+08:00][sql] SELECT * FROM `yh_admin` WHERE  `id` = 1 LIMIT 1 [ RunTime:0.000548s ]
[2020-11-14T09:38:40+08:00][sql] SHOW FULL COLUMNS FROM `yh_webpz` [ RunTime:0.001855s ]
[2020-11-14T09:38:40+08:00][sql] SELECT * FROM `yh_webpz` WHERE  `id` = 1 LIMIT 1 [ RunTime:0.000488s ]
[2020-11-14T09:38:40+08:00][sql] SHOW FULL COLUMNS FROM `yh_user` [ RunTime:0.007040s ]
[2020-11-14T09:38:40+08:00][sql] SELECT * FROM `yh_user` WHERE  `username` = '17393994' LIMIT 1 [ RunTime:0.003400s ]
[2020-11-14T09:38:40+08:00][sql] UPDATE `yh_user`  SET `balance` = 18  WHERE  `id` = 8 [ RunTime:0.000950s ]
[2020-11-14T14:13:47+08:00][sql] CONNECT:[ UseTime:0.001132s ] mysql:host=127.0.0.1;port=3306;dbname=jifei_ymcx_shop;charset=utf8
[2020-11-14T14:13:47+08:00][sql] SHOW FULL COLUMNS FROM `yh_webpz` [ RunTime:0.003645s ]
[2020-11-14T14:13:47+08:00][sql] SELECT * FROM `yh_webpz` WHERE  `id` = 1 LIMIT 1 [ RunTime:0.000896s ]
[2020-11-14T14:13:58+08:00][sql] CONNECT:[ UseTime:0.001102s ] mysql:host=127.0.0.1;port=3306;dbname=jifei_ymcx_shop;charset=utf8
[2020-11-14T14:13:58+08:00][sql] SHOW FULL COLUMNS FROM `yh_webpz` [ RunTime:0.002381s ]
[2020-11-14T14:13:58+08:00][sql] SELECT * FROM `yh_webpz` WHERE  `id` = 1 LIMIT 1 [ RunTime:0.000763s ]
[2020-11-14T14:13:58+08:00][sql] SHOW FULL COLUMNS FROM `yh_admin` [ RunTime:0.001875s ]
[2020-11-14T14:13:58+08:00][sql] SELECT `id` FROM `yh_admin` WHERE  `username` = '1178350505'  AND `password` = '565be15b663c3a1c6a54055410cb763a' LIMIT 1 [ RunTime:0.000551s ]
[2020-11-14T14:13:58+08:00][sql] CONNECT:[ UseTime:0.000882s ] mysql:host=127.0.0.1;port=3306;dbname=jifei_ymcx_shop;charset=utf8
[2020-11-14T14:13:58+08:00][sql] SHOW FULL COLUMNS FROM `yh_admin` [ RunTime:0.002165s ]
[2020-11-14T14:13:58+08:00][sql] SELECT * FROM `yh_admin` WHERE  `id` = 1 LIMIT 1 [ RunTime:0.000752s ]
[2020-11-14T14:13:58+08:00][sql] SHOW FULL COLUMNS FROM `yh_webpz` [ RunTime:0.002090s ]
[2020-11-14T14:13:58+08:00][sql] SELECT * FROM `yh_webpz` WHERE  `id` = 1 LIMIT 1 [ RunTime:0.000569s ]
[2020-11-14T14:13:58+08:00][sql] SHOW FULL COLUMNS FROM `yh_user` [ RunTime:0.002411s ]
[2020-11-14T14:13:58+08:00][sql] SELECT COUNT(*) AS think_count FROM `yh_user` [ RunTime:0.000444s ]
[2020-11-14T14:13:58+08:00][sql] SHOW FULL COLUMNS FROM `yh_order` [ RunTime:0.001905s ]
[2020-11-14T14:13:58+08:00][sql] SELECT SUM(`payment`) AS think_sum FROM `yh_order` WHERE  `status` = 1 [ RunTime:0.000820s ]
[2020-11-14T14:13:58+08:00][sql] SELECT SUM(`payment`) AS think_sum FROM `yh_order` WHERE  `intime` <= 1604160000  AND `intime` >= 1601481600  AND `status` = 1 [ RunTime:0.000521s ]
[2020-11-14T14:13:58+08:00][sql] SELECT SUM(`payment`) AS think_sum FROM `yh_order` WHERE  `intime` >= 1604160000  AND `status` = 1 [ RunTime:0.000512s ]
[2020-11-14T14:13:58+08:00][sql] SHOW FULL COLUMNS FROM `yh_information` [ RunTime:0.003995s ]
[2020-11-14T14:13:58+08:00][sql] SELECT COUNT(*) AS think_count FROM `yh_information` [ RunTime:0.000571s ]
[2020-11-14T14:13:58+08:00][sql] SHOW FULL COLUMNS FROM `yh_record` [ RunTime:0.002364s ]
[2020-11-14T14:13:58+08:00][sql] SELECT COUNT(*) AS think_count FROM `yh_record` WHERE  `intime` >= 1605283200 [ RunTime:0.001798s ]
[2020-11-14T14:13:58+08:00][sql] SHOW FULL COLUMNS FROM `yh_business` [ RunTime:0.002229s ]
[2020-11-14T14:13:58+08:00][sql] SELECT COUNT(*) AS think_count FROM `yh_business` WHERE  `type` = 1 [ RunTime:0.000752s ]
[2020-11-14T14:13:58+08:00][sql] SELECT COUNT(*) AS think_count FROM `yh_business` WHERE  `type` = 2 [ RunTime:0.000680s ]
[2020-11-14T14:13:59+08:00][sql] CONNECT:[ UseTime:0.000987s ] mysql:host=127.0.0.1;port=3306;dbname=jifei_ymcx_shop;charset=utf8
[2020-11-14T14:13:59+08:00][sql] SHOW FULL COLUMNS FROM `yh_admin` [ RunTime:0.002084s ]
[2020-11-14T14:13:59+08:00][sql] SELECT * FROM `yh_admin` WHERE  `id` = 1 LIMIT 1 [ RunTime:0.000580s ]
[2020-11-14T14:13:59+08:00][sql] SHOW FULL COLUMNS FROM `yh_webpz` [ RunTime:0.001705s ]
[2020-11-14T14:13:59+08:00][sql] SELECT * FROM `yh_webpz` WHERE  `id` = 1 LIMIT 1 [ RunTime:0.000462s ]
[2020-11-14T14:13:59+08:00][sql] SHOW FULL COLUMNS FROM `yh_record` [ RunTime:0.001771s ]
[2020-11-14T14:13:59+08:00][sql] SELECT COUNT(`id`) AS think_count FROM `yh_record` WHERE  `intime` >= 1605330000  AND `intime` <= 1605333600 [ RunTime:0.000624s ]
[2020-11-14T14:13:59+08:00][sql] SELECT COUNT(`id`) AS think_count FROM `yh_record` WHERE  `intime` >= 1605333600  AND `intime` <= 1605337200 [ RunTime:0.000652s ]
[2020-11-14T14:13:59+08:00][sql] SELECT COUNT(`id`) AS think_count FROM `yh_record` WHERE  `intime` >= 1605337200  AND `intime` <= 1605340800 [ RunTime:0.000597s ]
[2020-11-14T14:13:59+08:00][sql] SELECT COUNT(`id`) AS think_count FROM `yh_record` WHERE  `intime` >= 1605340800  AND `intime` <= 1605344400 [ RunTime:0.000563s ]
[2020-11-14T14:13:59+08:00][sql] SELECT COUNT(`id`) AS think_count FROM `yh_record` WHERE  `intime` >= 1605344400  AND `intime` <= 1605348000 [ RunTime:0.000569s ]
[2020-11-14T14:13:59+08:00][sql] SELECT COUNT(`id`) AS think_count FROM `yh_record` WHERE  `intime` >= 1605348000  AND `intime` <= 1605351600 [ RunTime:0.000598s ]
[2020-11-14T14:13:59+08:00][sql] SELECT COUNT(`id`) AS think_count FROM `yh_record` WHERE  `intime` >= 1605351600  AND `intime` <= 1605355200 [ RunTime:0.001905s ]
[2020-11-14T14:13:59+08:00][sql] SELECT COUNT(`id`) AS think_count FROM `yh_record` WHERE  `intime` >= 1605355200  AND `intime` <= 1605358800 [ RunTime:0.001936s ]
[2020-11-14T14:13:59+08:00][sql] SELECT COUNT(`id`) AS think_count FROM `yh_record` WHERE  `intime` >= 1605358800  AND `intime` <= 1605362400 [ RunTime:0.000829s ]
[2020-11-14T14:13:59+08:00][sql] SELECT COUNT(`id`) AS think_count FROM `yh_record` WHERE  `intime` >= 1605362400  AND `intime` <= 1605366000 [ RunTime:0.000669s ]
[2020-11-14T14:13:59+08:00][sql] SELECT COUNT(`id`) AS think_count FROM `yh_record` WHERE  `intime` >= 1605366000  AND `intime` <= 1605369600 [ RunTime:0.000611s ]
[2020-11-14T14:13:59+08:00][sql] SELECT COUNT(`id`) AS think_count FROM `yh_record` WHERE  `intime` >= 1605369600  AND `intime` <= [ RunTime:0.000637s ]
[2020-11-14T14:13:59+08:00][sql] SELECT COUNT(`id`) AS think_count FROM `yh_record` WHERE  `intime` >= 1605243600  AND `intime` <= 1605247200 [ RunTime:0.000605s ]
[2020-11-14T14:13:59+08:00][sql] SELECT COUNT(`id`) AS think_count FROM `yh_record` WHERE  `intime` >= 1605247200  AND `intime` <= 1605250800 [ RunTime:0.000613s ]
[2020-11-14T14:13:59+08:00][sql] SELECT COUNT(`id`) AS think_count FROM `yh_record` WHERE  `intime` >= 1605250800  AND `intime` <= 1605254400 [ RunTime:0.000631s ]
[2020-11-14T14:13:59+08:00][sql] SELECT COUNT(`id`) AS think_count FROM `yh_record` WHERE  `intime` >= 1605254400  AND `intime` <= 1605258000 [ RunTime:0.003060s ]
[2020-11-14T14:13:59+08:00][sql] SELECT COUNT(`id`) AS think_count FROM `yh_record` WHERE  `intime` >= 1605258000  AND `intime` <= 1605261600 [ RunTime:0.000739s ]
[2020-11-14T14:13:59+08:00][sql] SELECT COUNT(`id`) AS think_count FROM `yh_record` WHERE  `intime` >= 1605261600  AND `intime` <= 1605265200 [ RunTime:0.000699s ]
[2020-11-14T14:13:59+08:00][sql] SELECT COUNT(`id`) AS think_count FROM `yh_record` WHERE  `intime` >= 1605265200  AND `intime` <= 1605268800 [ RunTime:0.002181s ]
[2020-11-14T14:13:59+08:00][sql] SELECT COUNT(`id`) AS think_count FROM `yh_record` WHERE  `intime` >= 1605268800  AND `intime` <= 1605272400 [ RunTime:0.004687s ]
[2020-11-14T14:13:59+08:00][sql] SELECT COUNT(`id`) AS think_count FROM `yh_record` WHERE  `intime` >= 1605272400  AND `intime` <= 1605276000 [ RunTime:0.001792s ]
[2020-11-14T14:13:59+08:00][sql] SELECT COUNT(`id`) AS think_count FROM `yh_record` WHERE  `intime` >= 1605276000  AND `intime` <= 1605279600 [ RunTime:0.004783s ]
[2020-11-14T14:13:59+08:00][sql] SELECT COUNT(`id`) AS think_count FROM `yh_record` WHERE  `intime` >= 1605279600  AND `intime` <= 1605283200 [ RunTime:0.003111s ]
[2020-11-14T14:13:59+08:00][sql] SELECT COUNT(`id`) AS think_count FROM `yh_record` WHERE  `intime` >= 1605283200  AND `intime` <= [ RunTime:0.000913s ]
[2020-11-14T14:13:59+08:00][sql] SHOW FULL COLUMNS FROM `yh_business` [ RunTime:0.005175s ]
[2020-11-14T14:13:59+08:00][sql] SELECT COUNT(*) AS think_count FROM `yh_business` WHERE  `type` = 1 [ RunTime:0.000686s ]
[2020-11-14T14:13:59+08:00][sql] SELECT COUNT(*) AS think_count FROM `yh_business` WHERE  `type` = 2 [ RunTime:0.000554s ]
[2020-11-14T14:13:59+08:00][sql] SELECT `user_uid`,`calltoday` FROM `yh_business` ORDER BY `calltoday` DESC LIMIT 5 [ RunTime:0.000606s ]
[2020-11-14T14:14:04+08:00][sql] CONNECT:[ UseTime:0.001148s ] mysql:host=127.0.0.1;port=3306;dbname=jifei_ymcx_shop;charset=utf8
[2020-11-14T14:14:04+08:00][sql] SHOW FULL COLUMNS FROM `yh_admin` [ RunTime:0.002373s ]
[2020-11-14T14:14:04+08:00][sql] SELECT * FROM `yh_admin` WHERE  `id` = 1 LIMIT 1 [ RunTime:0.000556s ]
[2020-11-14T14:14:04+08:00][sql] SHOW FULL COLUMNS FROM `yh_webpz` [ RunTime:0.001908s ]
[2020-11-14T14:14:04+08:00][sql] SELECT * FROM `yh_webpz` WHERE  `id` = 1 LIMIT 1 [ RunTime:0.000590s ]
[2020-11-14T14:14:04+08:00][sql] SHOW FULL COLUMNS FROM `yh_record` [ RunTime:0.001980s ]
[2020-11-14T14:14:04+08:00][sql] SELECT COUNT(*) AS think_count FROM `yh_record` [ RunTime:0.000603s ]
[2020-11-14T14:14:04+08:00][sql] SELECT * FROM `yh_record` ORDER BY `id` DESC LIMIT 0,15 [ RunTime:0.000869s ]
[2020-11-14T14:14:04+08:00][sql] SELECT COUNT(`id`) AS think_count FROM `yh_record` [ RunTime:0.000954s ]
[2020-11-14T14:14:04+08:00][sql] SELECT COUNT(`id`) AS think_count FROM `yh_record` WHERE  `status` = 1 [ RunTime:0.000684s ]
[2020-11-14T14:14:08+08:00][sql] CONNECT:[ UseTime:0.001952s ] mysql:host=127.0.0.1;port=3306;dbname=jifei_ymcx_shop;charset=utf8
[2020-11-14T14:14:08+08:00][sql] SHOW FULL COLUMNS FROM `yh_admin` [ RunTime:0.002429s ]
[2020-11-14T14:14:08+08:00][sql] SELECT * FROM `yh_admin` WHERE  `id` = 1 LIMIT 1 [ RunTime:0.000829s ]
[2020-11-14T14:14:08+08:00][sql] SHOW FULL COLUMNS FROM `yh_webpz` [ RunTime:0.001962s ]
[2020-11-14T14:14:08+08:00][sql] SELECT * FROM `yh_webpz` WHERE  `id` = 1 LIMIT 1 [ RunTime:0.000741s ]
[2020-11-14T14:14:09+08:00][sql] CONNECT:[ UseTime:0.002659s ] mysql:host=127.0.0.1;port=3306;dbname=jifei_ymcx_shop;charset=utf8
[2020-11-14T14:14:09+08:00][sql] SHOW FULL COLUMNS FROM `yh_admin` [ RunTime:0.001782s ]
[2020-11-14T14:14:09+08:00][sql] SELECT * FROM `yh_admin` WHERE  `id` = 1 LIMIT 1 [ RunTime:0.000549s ]
[2020-11-14T14:14:09+08:00][sql] SHOW FULL COLUMNS FROM `yh_webpz` [ RunTime:0.001601s ]
[2020-11-14T14:14:09+08:00][sql] SELECT * FROM `yh_webpz` WHERE  `id` = 1 LIMIT 1 [ RunTime:0.000663s ]
[2020-11-14T14:14:09+08:00][sql] SHOW FULL COLUMNS FROM `yh_user` [ RunTime:0.004688s ]
[2020-11-14T14:14:09+08:00][sql] SELECT COUNT(*) AS think_count FROM `yh_user` [ RunTime:0.004454s ]
[2020-11-14T14:14:09+08:00][sql] SELECT * FROM `yh_user` ORDER BY `id` DESC LIMIT 0,15 [ RunTime:0.000873s ]
[2020-11-14T14:14:09+08:00][sql] SHOW FULL COLUMNS FROM `yh_business` [ RunTime:0.002337s ]
[2020-11-14T14:14:09+08:00][sql] SELECT `user_uid` FROM `yh_business` WHERE  `id` = 9 LIMIT 1 [ RunTime:0.000978s ]
[2020-11-14T14:14:09+08:00][sql] SELECT `user_uid` FROM `yh_business` WHERE  `id` = 8 LIMIT 1 [ RunTime:0.000567s ]
[2020-11-14T14:14:09+08:00][sql] SELECT `user_uid` FROM `yh_business` WHERE  `id` = 7 LIMIT 1 [ RunTime:0.000502s ]
[2020-11-14T14:14:09+08:00][sql] SELECT `user_uid` FROM `yh_business` WHERE  `id` = 6 LIMIT 1 [ RunTime:0.001919s ]
[2020-11-14T14:14:09+08:00][sql] SELECT `user_uid` FROM `yh_business` WHERE  `id` = 5 LIMIT 1 [ RunTime:0.000590s ]
[2020-11-14T14:14:09+08:00][sql] SELECT `user_uid` FROM `yh_business` WHERE  `id` = 4 LIMIT 1 [ RunTime:0.000492s ]
[2020-11-14T14:14:09+08:00][sql] SELECT `user_uid` FROM `yh_business` WHERE  `id` = 3 LIMIT 1 [ RunTime:0.000568s ]
[2020-11-14T14:14:09+08:00][sql] SELECT `user_uid` FROM `yh_business` WHERE  `id` = 2 LIMIT 1 [ RunTime:0.000525s ]
[2020-11-14T14:14:09+08:00][sql] SELECT `user_uid` FROM `yh_business` WHERE  `id` = 1 LIMIT 1 [ RunTime:0.000536s ]
[2020-11-14T14:14:11+08:00][sql] CONNECT:[ UseTime:0.000975s ] mysql:host=127.0.0.1;port=3306;dbname=jifei_ymcx_shop;charset=utf8
[2020-11-14T14:14:11+08:00][sql] SHOW FULL COLUMNS FROM `yh_admin` [ RunTime:0.002293s ]
[2020-11-14T14:14:11+08:00][sql] SELECT * FROM `yh_admin` WHERE  `id` = 1 LIMIT 1 [ RunTime:0.000639s ]
[2020-11-14T14:14:11+08:00][sql] SHOW FULL COLUMNS FROM `yh_webpz` [ RunTime:0.002297s ]
[2020-11-14T14:14:11+08:00][sql] SELECT * FROM `yh_webpz` WHERE  `id` = 1 LIMIT 1 [ RunTime:0.000537s ]
[2020-11-14T14:14:11+08:00][sql] SELECT `tep` FROM `yh_webpz` WHERE  `id` = 1 LIMIT 1 [ RunTime:0.000498s ]
[2020-11-14T14:14:11+08:00][sql] SHOW FULL COLUMNS FROM `yh_information` [ RunTime:0.001949s ]
[2020-11-14T14:14:11+08:00][sql] SELECT * FROM `yh_information` WHERE  `id` = 1 LIMIT 1 [ RunTime:0.000565s ]
[2020-11-14T14:58:04+08:00][sql] CONNECT:[ UseTime:0.002524s ] mysql:host=127.0.0.1;port=3306;dbname=jifei_ymcx_shop;charset=utf8
[2020-11-14T14:58:04+08:00][sql] SHOW FULL COLUMNS FROM `yh_webpz` [ RunTime:0.005795s ]
[2020-11-14T14:58:04+08:00][sql] SELECT * FROM `yh_webpz` WHERE  `id` = 1 LIMIT 1 [ RunTime:0.003836s ]
[2020-11-14T19:45:14+08:00][sql] CONNECT:[ UseTime:0.014070s ] mysql:host=127.0.0.1;port=3306;dbname=jifei_ymcx_shop;charset=utf8
[2020-11-14T19:45:14+08:00][sql] SHOW FULL COLUMNS FROM `yh_webpz` [ RunTime:0.002507s ]
[2020-11-14T19:45:14+08:00][sql] SELECT * FROM `yh_webpz` WHERE  `id` = 1 LIMIT 1 [ RunTime:0.000644s ]
[2020-11-14T19:45:23+08:00][sql] CONNECT:[ UseTime:0.001669s ] mysql:host=127.0.0.1;port=3306;dbname=jifei_ymcx_shop;charset=utf8
[2020-11-14T19:45:23+08:00][sql] SHOW FULL COLUMNS FROM `yh_webpz` [ RunTime:0.003174s ]
[2020-11-14T19:45:23+08:00][sql] SELECT * FROM `yh_webpz` WHERE  `id` = 1 LIMIT 1 [ RunTime:0.000633s ]
[2020-11-14T19:45:23+08:00][sql] SHOW FULL COLUMNS FROM `yh_admin` [ RunTime:0.001968s ]
[2020-11-14T19:45:23+08:00][sql] SELECT `id` FROM `yh_admin` WHERE  `username` = '1178350505'  AND `password` = '565be15b663c3a1c6a54055410cb763a' LIMIT 1 [ RunTime:0.002691s ]
[2020-11-14T19:45:23+08:00][sql] CONNECT:[ UseTime:0.001285s ] mysql:host=127.0.0.1;port=3306;dbname=jifei_ymcx_shop;charset=utf8
[2020-11-14T19:45:23+08:00][sql] SHOW FULL COLUMNS FROM `yh_admin` [ RunTime:0.002282s ]
[2020-11-14T19:45:23+08:00][sql] SELECT * FROM `yh_admin` WHERE  `id` = 1 LIMIT 1 [ RunTime:0.004540s ]
[2020-11-14T19:45:23+08:00][sql] SHOW FULL COLUMNS FROM `yh_webpz` [ RunTime:0.002317s ]
[2020-11-14T19:45:23+08:00][sql] SELECT * FROM `yh_webpz` WHERE  `id` = 1 LIMIT 1 [ RunTime:0.000658s ]
[2020-11-14T19:45:23+08:00][sql] SHOW FULL COLUMNS FROM `yh_user` [ RunTime:0.002713s ]
[2020-11-14T19:45:23+08:00][sql] SELECT COUNT(*) AS think_count FROM `yh_user` [ RunTime:0.000612s ]
[2020-11-14T19:45:23+08:00][sql] SHOW FULL COLUMNS FROM `yh_order` [ RunTime:0.001654s ]
[2020-11-14T19:45:23+08:00][sql] SELECT SUM(`payment`) AS think_sum FROM `yh_order` WHERE  `status` = 1 [ RunTime:0.000670s ]
[2020-11-14T19:45:23+08:00][sql] SELECT SUM(`payment`) AS think_sum FROM `yh_order` WHERE  `intime` <= 1604160000  AND `intime` >= 1601481600  AND `status` = 1 [ RunTime:0.000530s ]
[2020-11-14T19:45:23+08:00][sql] SELECT SUM(`payment`) AS think_sum FROM `yh_order` WHERE  `intime` >= 1604160000  AND `status` = 1 [ RunTime:0.000850s ]
[2020-11-14T19:45:23+08:00][sql] SHOW FULL COLUMNS FROM `yh_information` [ RunTime:0.001584s ]
[2020-11-14T19:45:23+08:00][sql] SELECT COUNT(*) AS think_count FROM `yh_information` [ RunTime:0.000477s ]
[2020-11-14T19:45:23+08:00][sql] SHOW FULL COLUMNS FROM `yh_record` [ RunTime:0.001813s ]
[2020-11-14T19:45:23+08:00][sql] SELECT COUNT(*) AS think_count FROM `yh_record` WHERE  `intime` >= 1605283200 [ RunTime:0.000685s ]
[2020-11-14T19:45:23+08:00][sql] SHOW FULL COLUMNS FROM `yh_business` [ RunTime:0.001861s ]
[2020-11-14T19:45:23+08:00][sql] SELECT COUNT(*) AS think_count FROM `yh_business` WHERE  `type` = 1 [ RunTime:0.000547s ]
[2020-11-14T19:45:23+08:00][sql] SELECT COUNT(*) AS think_count FROM `yh_business` WHERE  `type` = 2 [ RunTime:0.000491s ]
[2020-11-14T19:45:24+08:00][sql] CONNECT:[ UseTime:0.001185s ] mysql:host=127.0.0.1;port=3306;dbname=jifei_ymcx_shop;charset=utf8
[2020-11-14T19:45:24+08:00][sql] SHOW FULL COLUMNS FROM `yh_admin` [ RunTime:0.002860s ]
[2020-11-14T19:45:24+08:00][sql] SELECT * FROM `yh_admin` WHERE  `id` = 1 LIMIT 1 [ RunTime:0.001275s ]
[2020-11-14T19:45:24+08:00][sql] SHOW FULL COLUMNS FROM `yh_webpz` [ RunTime:0.002356s ]
[2020-11-14T19:45:24+08:00][sql] SELECT * FROM `yh_webpz` WHERE  `id` = 1 LIMIT 1 [ RunTime:0.000777s ]
[2020-11-14T19:45:24+08:00][sql] SHOW FULL COLUMNS FROM `yh_record` [ RunTime:0.001640s ]
[2020-11-14T19:45:24+08:00][sql] SELECT COUNT(`id`) AS think_count FROM `yh_record` WHERE  `intime` >= 1605330000  AND `intime` <= 1605333600 [ RunTime:0.000680s ]
[2020-11-14T19:45:24+08:00][sql] SELECT COUNT(`id`) AS think_count FROM `yh_record` WHERE  `intime` >= 1605333600  AND `intime` <= 1605337200 [ RunTime:0.000515s ]
[2020-11-14T19:45:24+08:00][sql] SELECT COUNT(`id`) AS think_count FROM `yh_record` WHERE  `intime` >= 1605337200  AND `intime` <= 1605340800 [ RunTime:0.000603s ]
[2020-11-14T19:45:24+08:00][sql] SELECT COUNT(`id`) AS think_count FROM `yh_record` WHERE  `intime` >= 1605340800  AND `intime` <= 1605344400 [ RunTime:0.000669s ]
[2020-11-14T19:45:24+08:00][sql] SELECT COUNT(`id`) AS think_count FROM `yh_record` WHERE  `intime` >= 1605344400  AND `intime` <= 1605348000 [ RunTime:0.000610s ]
[2020-11-14T19:45:24+08:00][sql] SELECT COUNT(`id`) AS think_count FROM `yh_record` WHERE  `intime` >= 1605348000  AND `intime` <= 1605351600 [ RunTime:0.000605s ]
[2020-11-14T19:45:24+08:00][sql] SELECT COUNT(`id`) AS think_count FROM `yh_record` WHERE  `intime` >= 1605351600  AND `intime` <= 1605355200 [ RunTime:0.000588s ]
[2020-11-14T19:45:24+08:00][sql] SELECT COUNT(`id`) AS think_count FROM `yh_record` WHERE  `intime` >= 1605355200  AND `intime` <= 1605358800 [ RunTime:0.000575s ]
[2020-11-14T19:45:24+08:00][sql] SELECT COUNT(`id`) AS think_count FROM `yh_record` WHERE  `intime` >= 1605358800  AND `intime` <= 1605362400 [ RunTime:0.000583s ]
[2020-11-14T19:45:24+08:00][sql] SELECT COUNT(`id`) AS think_count FROM `yh_record` WHERE  `intime` >= 1605362400  AND `intime` <= 1605366000 [ RunTime:0.000580s ]
[2020-11-14T19:45:24+08:00][sql] SELECT COUNT(`id`) AS think_count FROM `yh_record` WHERE  `intime` >= 1605366000  AND `intime` <= 1605369600 [ RunTime:0.000904s ]
[2020-11-14T19:45:24+08:00][sql] SELECT COUNT(`id`) AS think_count FROM `yh_record` WHERE  `intime` >= 1605369600  AND `intime` <= [ RunTime:0.000734s ]
[2020-11-14T19:45:24+08:00][sql] SELECT COUNT(`id`) AS think_count FROM `yh_record` WHERE  `intime` >= 1605243600  AND `intime` <= 1605247200 [ RunTime:0.000682s ]
[2020-11-14T19:45:24+08:00][sql] SELECT COUNT(`id`) AS think_count FROM `yh_record` WHERE  `intime` >= 1605247200  AND `intime` <= 1605250800 [ RunTime:0.001328s ]
[2020-11-14T19:45:24+08:00][sql] SELECT COUNT(`id`) AS think_count FROM `yh_record` WHERE  `intime` >= 1605250800  AND `intime` <= 1605254400 [ RunTime:0.000763s ]
[2020-11-14T19:45:24+08:00][sql] SELECT COUNT(`id`) AS think_count FROM `yh_record` WHERE  `intime` >= 1605254400  AND `intime` <= 1605258000 [ RunTime:0.000718s ]
[2020-11-14T19:45:24+08:00][sql] SELECT COUNT(`id`) AS think_count FROM `yh_record` WHERE  `intime` >= 1605258000  AND `intime` <= 1605261600 [ RunTime:0.000818s ]
[2020-11-14T19:45:24+08:00][sql] SELECT COUNT(`id`) AS think_count FROM `yh_record` WHERE  `intime` >= 1605261600  AND `intime` <= 1605265200 [ RunTime:0.000669s ]
[2020-11-14T19:45:24+08:00][sql] SELECT COUNT(`id`) AS think_count FROM `yh_record` WHERE  `intime` >= 1605265200  AND `intime` <= 1605268800 [ RunTime:0.000649s ]
[2020-11-14T19:45:24+08:00][sql] SELECT COUNT(`id`) AS think_count FROM `yh_record` WHERE  `intime` >= 1605268800  AND `intime` <= 1605272400 [ RunTime:0.000756s ]
[2020-11-14T19:45:24+08:00][sql] SELECT COUNT(`id`) AS think_count FROM `yh_record` WHERE  `intime` >= 1605272400  AND `intime` <= 1605276000 [ RunTime:0.000703s ]
[2020-11-14T19:45:24+08:00][sql] SELECT COUNT(`id`) AS think_count FROM `yh_record` WHERE  `intime` >= 1605276000  AND `intime` <= 1605279600 [ RunTime:0.000677s ]
[2020-11-14T19:45:24+08:00][sql] SELECT COUNT(`id`) AS think_count FROM `yh_record` WHERE  `intime` >= 1605279600  AND `intime` <= 1605283200 [ RunTime:0.000678s ]
[2020-11-14T19:45:24+08:00][sql] SELECT COUNT(`id`) AS think_count FROM `yh_record` WHERE  `intime` >= 1605283200  AND `intime` <= [ RunTime:0.000620s ]
[2020-11-14T19:45:24+08:00][sql] SHOW FULL COLUMNS FROM `yh_business` [ RunTime:0.001957s ]
[2020-11-14T19:45:24+08:00][sql] SELECT COUNT(*) AS think_count FROM `yh_business` WHERE  `type` = 1 [ RunTime:0.001137s ]
[2020-11-14T19:45:24+08:00][sql] SELECT COUNT(*) AS think_count FROM `yh_business` WHERE  `type` = 2 [ RunTime:0.000492s ]
[2020-11-14T19:45:24+08:00][sql] SELECT `user_uid`,`calltoday` FROM `yh_business` ORDER BY `calltoday` DESC LIMIT 5 [ RunTime:0.000593s ]
[2020-11-14T19:45:29+08:00][sql] CONNECT:[ UseTime:0.004679s ] mysql:host=127.0.0.1;port=3306;dbname=jifei_ymcx_shop;charset=utf8
[2020-11-14T19:45:29+08:00][sql] SHOW FULL COLUMNS FROM `yh_admin` [ RunTime:0.007073s ]
[2020-11-14T19:45:29+08:00][sql] SELECT * FROM `yh_admin` WHERE  `id` = 1 LIMIT 1 [ RunTime:0.001197s ]
[2020-11-14T19:45:29+08:00][sql] SHOW FULL COLUMNS FROM `yh_webpz` [ RunTime:0.001821s ]
[2020-11-14T19:45:29+08:00][sql] SELECT * FROM `yh_webpz` WHERE  `id` = 1 LIMIT 1 [ RunTime:0.000447s ]
[2020-11-14T19:45:29+08:00][sql] SHOW FULL COLUMNS FROM `yh_user` [ RunTime:0.001376s ]
[2020-11-14T19:45:29+08:00][sql] SELECT COUNT(*) AS think_count FROM `yh_user` [ RunTime:0.000541s ]
[2020-11-14T19:45:29+08:00][sql] SELECT * FROM `yh_user` ORDER BY `id` DESC LIMIT 0,15 [ RunTime:0.000689s ]
[2020-11-14T19:45:29+08:00][sql] SHOW FULL COLUMNS FROM `yh_business` [ RunTime:0.002378s ]
[2020-11-14T19:45:29+08:00][sql] SELECT `user_uid` FROM `yh_business` WHERE  `id` = 14 LIMIT 1 [ RunTime:0.000975s ]
[2020-11-14T19:45:29+08:00][sql] SELECT `user_uid` FROM `yh_business` WHERE  `id` = 13 LIMIT 1 [ RunTime:0.000991s ]
[2020-11-14T19:45:29+08:00][sql] SELECT `user_uid` FROM `yh_business` WHERE  `id` = 12 LIMIT 1 [ RunTime:0.000631s ]
[2020-11-14T19:45:29+08:00][sql] SELECT `user_uid` FROM `yh_business` WHERE  `id` = 11 LIMIT 1 [ RunTime:0.000709s ]
[2020-11-14T19:45:29+08:00][sql] SELECT `user_uid` FROM `yh_business` WHERE  `id` = 10 LIMIT 1 [ RunTime:0.001326s ]
[2020-11-14T19:45:29+08:00][sql] SELECT `user_uid` FROM `yh_business` WHERE  `id` = 9 LIMIT 1 [ RunTime:0.000658s ]
[2020-11-14T19:45:29+08:00][sql] SELECT `user_uid` FROM `yh_business` WHERE  `id` = 8 LIMIT 1 [ RunTime:0.000803s ]
[2020-11-14T19:45:29+08:00][sql] SELECT `user_uid` FROM `yh_business` WHERE  `id` = 7 LIMIT 1 [ RunTime:0.000581s ]
[2020-11-14T19:45:29+08:00][sql] SELECT `user_uid` FROM `yh_business` WHERE  `id` = 6 LIMIT 1 [ RunTime:0.000798s ]
[2020-11-14T19:45:29+08:00][sql] SELECT `user_uid` FROM `yh_business` WHERE  `id` = 5 LIMIT 1 [ RunTime:0.001560s ]
[2020-11-14T19:45:29+08:00][sql] SELECT `user_uid` FROM `yh_business` WHERE  `id` = 4 LIMIT 1 [ RunTime:0.000993s ]
[2020-11-14T19:45:29+08:00][sql] SELECT `user_uid` FROM `yh_business` WHERE  `id` = 3 LIMIT 1 [ RunTime:0.003977s ]
[2020-11-14T19:45:29+08:00][sql] SELECT `user_uid` FROM `yh_business` WHERE  `id` = 2 LIMIT 1 [ RunTime:0.000597s ]
[2020-11-14T19:45:29+08:00][sql] SELECT `user_uid` FROM `yh_business` WHERE  `id` = 1 LIMIT 1 [ RunTime:0.000488s ]
[2020-11-14T19:45:45+08:00][sql] CONNECT:[ UseTime:0.004496s ] mysql:host=127.0.0.1;port=3306;dbname=jifei_ymcx_shop;charset=utf8
[2020-11-14T19:45:45+08:00][sql] SHOW FULL COLUMNS FROM `yh_admin` [ RunTime:0.005526s ]
[2020-11-14T19:45:45+08:00][sql] SELECT * FROM `yh_admin` WHERE  `id` = 1 LIMIT 1 [ RunTime:0.004725s ]
[2020-11-14T19:45:45+08:00][sql] SHOW FULL COLUMNS FROM `yh_webpz` [ RunTime:0.001987s ]
[2020-11-14T19:45:45+08:00][sql] SELECT * FROM `yh_webpz` WHERE  `id` = 1 LIMIT 1 [ RunTime:0.000490s ]
[2020-11-14T19:45:58+08:00][sql] CONNECT:[ UseTime:0.001285s ] mysql:host=127.0.0.1;port=3306;dbname=jifei_ymcx_shop;charset=utf8
[2020-11-14T19:45:58+08:00][sql] SHOW FULL COLUMNS FROM `yh_admin` [ RunTime:0.002253s ]
[2020-11-14T19:45:58+08:00][sql] SELECT * FROM `yh_admin` WHERE  `id` = 1 LIMIT 1 [ RunTime:0.002947s ]
[2020-11-14T19:45:58+08:00][sql] SHOW FULL COLUMNS FROM `yh_webpz` [ RunTime:0.001989s ]
[2020-11-14T19:45:58+08:00][sql] SELECT * FROM `yh_webpz` WHERE  `id` = 1 LIMIT 1 [ RunTime:0.000806s ]
[2020-11-14T19:45:58+08:00][sql] SHOW FULL COLUMNS FROM `yh_user` [ RunTime:0.004052s ]
[2020-11-14T19:45:58+08:00][sql] SELECT * FROM `yh_user` WHERE  `username` = '1311714711' LIMIT 1 [ RunTime:0.002973s ]
[2020-11-14T19:45:58+08:00][sql] UPDATE `yh_user`  SET `balance` = 18  WHERE  `id` = 7 [ RunTime:0.001463s ]
