[2020-11-15T09:23:41+08:00][sql] CONNECT:[ UseTime:0.005137s ] mysql:host=127.0.0.1;port=3306;dbname=jifei_ymcx_shop;charset=utf8
[2020-11-15T09:23:41+08:00][sql] SHOW FULL COLUMNS FROM `yh_webpz` [ RunTime:0.007010s ]
[2020-11-15T09:23:41+08:00][sql] SELECT * FROM `yh_webpz` WHERE  `id` = 1 LIMIT 1 [ RunTime:0.001144s ]
[2020-11-15T09:23:54+08:00][sql] CONNECT:[ UseTime:0.000904s ] mysql:host=127.0.0.1;port=3306;dbname=jifei_ymcx_shop;charset=utf8
[2020-11-15T09:23:54+08:00][sql] SHOW FULL COLUMNS FROM `yh_webpz` [ RunTime:0.002838s ]
[2020-11-15T09:23:54+08:00][sql] SELECT * FROM `yh_webpz` WHERE  `id` = 1 LIMIT 1 [ RunTime:0.000770s ]
[2020-11-15T09:23:54+08:00][sql] SHOW FULL COLUMNS FROM `yh_admin` [ RunTime:0.001866s ]
[2020-11-15T09:23:54+08:00][sql] SELECT `id` FROM `yh_admin` WHERE  `username` = '1178350505'  AND `password` = '565be15b663c3a1c6a54055410cb763a' LIMIT 1 [ RunTime:0.000919s ]
[2020-11-15T09:23:55+08:00][sql] CONNECT:[ UseTime:0.002503s ] mysql:host=127.0.0.1;port=3306;dbname=jifei_ymcx_shop;charset=utf8
[2020-11-15T09:23:55+08:00][sql] SHOW FULL COLUMNS FROM `yh_admin` [ RunTime:0.002406s ]
[2020-11-15T09:23:55+08:00][sql] SELECT * FROM `yh_admin` WHERE  `id` = 1 LIMIT 1 [ RunTime:0.000682s ]
[2020-11-15T09:23:55+08:00][sql] SHOW FULL COLUMNS FROM `yh_webpz` [ RunTime:0.002258s ]
[2020-11-15T09:23:55+08:00][sql] SELECT * FROM `yh_webpz` WHERE  `id` = 1 LIMIT 1 [ RunTime:0.000541s ]
[2020-11-15T09:23:55+08:00][sql] SHOW FULL COLUMNS FROM `yh_user` [ RunTime:0.008781s ]
[2020-11-15T09:23:55+08:00][sql] SELECT COUNT(*) AS think_count FROM `yh_user` [ RunTime:0.008533s ]
[2020-11-15T09:23:55+08:00][sql] SHOW FULL COLUMNS FROM `yh_order` [ RunTime:0.002151s ]
[2020-11-15T09:23:55+08:00][sql] SELECT SUM(`payment`) AS think_sum FROM `yh_order` WHERE  `status` = 1 [ RunTime:0.000540s ]
[2020-11-15T09:23:55+08:00][sql] SELECT SUM(`payment`) AS think_sum FROM `yh_order` WHERE  `intime` <= 1604160000  AND `intime` >= 1601481600  AND `status` = 1 [ RunTime:0.000454s ]
[2020-11-15T09:23:55+08:00][sql] SELECT SUM(`payment`) AS think_sum FROM `yh_order` WHERE  `intime` >= 1604160000  AND `status` = 1 [ RunTime:0.000406s ]
[2020-11-15T09:23:55+08:00][sql] SHOW FULL COLUMNS FROM `yh_information` [ RunTime:0.001793s ]
[2020-11-15T09:23:55+08:00][sql] SELECT COUNT(*) AS think_count FROM `yh_information` [ RunTime:0.000440s ]
[2020-11-15T09:23:55+08:00][sql] SHOW FULL COLUMNS FROM `yh_record` [ RunTime:0.001981s ]
[2020-11-15T09:23:55+08:00][sql] SELECT COUNT(*) AS think_count FROM `yh_record` WHERE  `intime` >= 1605369600 [ RunTime:0.000823s ]
[2020-11-15T09:23:55+08:00][sql] SHOW FULL COLUMNS FROM `yh_business` [ RunTime:0.002269s ]
[2020-11-15T09:23:55+08:00][sql] SELECT COUNT(*) AS think_count FROM `yh_business` WHERE  `type` = 1 [ RunTime:0.000801s ]
[2020-11-15T09:23:55+08:00][sql] SELECT COUNT(*) AS think_count FROM `yh_business` WHERE  `type` = 2 [ RunTime:0.000481s ]
[2020-11-15T09:23:56+08:00][sql] CONNECT:[ UseTime:0.002334s ] mysql:host=127.0.0.1;port=3306;dbname=jifei_ymcx_shop;charset=utf8
[2020-11-15T09:23:56+08:00][sql] SHOW FULL COLUMNS FROM `yh_admin` [ RunTime:0.003735s ]
[2020-11-15T09:23:56+08:00][sql] SELECT * FROM `yh_admin` WHERE  `id` = 1 LIMIT 1 [ RunTime:0.000876s ]
[2020-11-15T09:23:56+08:00][sql] SHOW FULL COLUMNS FROM `yh_webpz` [ RunTime:0.002399s ]
[2020-11-15T09:23:56+08:00][sql] SELECT * FROM `yh_webpz` WHERE  `id` = 1 LIMIT 1 [ RunTime:0.000711s ]
[2020-11-15T09:23:56+08:00][sql] SHOW FULL COLUMNS FROM `yh_record` [ RunTime:0.002118s ]
[2020-11-15T09:23:56+08:00][sql] SELECT COUNT(`id`) AS think_count FROM `yh_record` WHERE  `intime` >= 1605373200  AND `intime` <= 1605376800 [ RunTime:0.000861s ]
[2020-11-15T09:23:56+08:00][sql] SELECT COUNT(`id`) AS think_count FROM `yh_record` WHERE  `intime` >= 1605376800  AND `intime` <= 1605380400 [ RunTime:0.000808s ]
[2020-11-15T09:23:56+08:00][sql] SELECT COUNT(`id`) AS think_count FROM `yh_record` WHERE  `intime` >= 1605380400  AND `intime` <= 1605384000 [ RunTime:0.000796s ]
[2020-11-15T09:23:56+08:00][sql] SELECT COUNT(`id`) AS think_count FROM `yh_record` WHERE  `intime` >= 1605384000  AND `intime` <= 1605387600 [ RunTime:0.000762s ]
[2020-11-15T09:23:56+08:00][sql] SELECT COUNT(`id`) AS think_count FROM `yh_record` WHERE  `intime` >= 1605387600  AND `intime` <= 1605391200 [ RunTime:0.000836s ]
[2020-11-15T09:23:56+08:00][sql] SELECT COUNT(`id`) AS think_count FROM `yh_record` WHERE  `intime` >= 1605391200  AND `intime` <= 1605394800 [ RunTime:0.000606s ]
[2020-11-15T09:23:56+08:00][sql] SELECT COUNT(`id`) AS think_count FROM `yh_record` WHERE  `intime` >= 1605394800  AND `intime` <= 1605398400 [ RunTime:0.000665s ]
[2020-11-15T09:23:56+08:00][sql] SELECT COUNT(`id`) AS think_count FROM `yh_record` WHERE  `intime` >= 1605398400  AND `intime` <= 1605402000 [ RunTime:0.000596s ]
[2020-11-15T09:23:56+08:00][sql] SELECT COUNT(`id`) AS think_count FROM `yh_record` WHERE  `intime` >= 1605402000  AND `intime` <= 1605405600 [ RunTime:0.000858s ]
[2020-11-15T09:23:56+08:00][sql] SELECT COUNT(`id`) AS think_count FROM `yh_record` WHERE  `intime` >= 1605405600  AND `intime` <= 1605409200 [ RunTime:0.000704s ]
[2020-11-15T09:23:56+08:00][sql] SELECT COUNT(`id`) AS think_count FROM `yh_record` WHERE  `intime` >= 1605409200  AND `intime` <= 1605412800 [ RunTime:0.000593s ]
[2020-11-15T09:23:56+08:00][sql] SELECT COUNT(`id`) AS think_count FROM `yh_record` WHERE  `intime` >= 1605412800  AND `intime` <= 1605416400 [ RunTime:0.000598s ]
[2020-11-15T09:23:56+08:00][sql] SELECT COUNT(`id`) AS think_count FROM `yh_record` WHERE  `intime` >= 1605286800  AND `intime` <= 1605290400 [ RunTime:0.000602s ]
[2020-11-15T09:23:56+08:00][sql] SELECT COUNT(`id`) AS think_count FROM `yh_record` WHERE  `intime` >= 1605290400  AND `intime` <= 1605294000 [ RunTime:0.000612s ]
[2020-11-15T09:23:56+08:00][sql] SELECT COUNT(`id`) AS think_count FROM `yh_record` WHERE  `intime` >= 1605294000  AND `intime` <= 1605297600 [ RunTime:0.003977s ]
[2020-11-15T09:23:56+08:00][sql] SELECT COUNT(`id`) AS think_count FROM `yh_record` WHERE  `intime` >= 1605297600  AND `intime` <= 1605301200 [ RunTime:0.000743s ]
[2020-11-15T09:23:56+08:00][sql] SELECT COUNT(`id`) AS think_count FROM `yh_record` WHERE  `intime` >= 1605301200  AND `intime` <= 1605304800 [ RunTime:0.000701s ]
[2020-11-15T09:23:56+08:00][sql] SELECT COUNT(`id`) AS think_count FROM `yh_record` WHERE  `intime` >= 1605304800  AND `intime` <= 1605308400 [ RunTime:0.000980s ]
[2020-11-15T09:23:56+08:00][sql] SELECT COUNT(`id`) AS think_count FROM `yh_record` WHERE  `intime` >= 1605308400  AND `intime` <= 1605312000 [ RunTime:0.000859s ]
[2020-11-15T09:23:56+08:00][sql] SELECT COUNT(`id`) AS think_count FROM `yh_record` WHERE  `intime` >= 1605312000  AND `intime` <= 1605315600 [ RunTime:0.000809s ]
[2020-11-15T09:23:56+08:00][sql] SELECT COUNT(`id`) AS think_count FROM `yh_record` WHERE  `intime` >= 1605315600  AND `intime` <= 1605319200 [ RunTime:0.001307s ]
[2020-11-15T09:23:56+08:00][sql] SELECT COUNT(`id`) AS think_count FROM `yh_record` WHERE  `intime` >= 1605319200  AND `intime` <= 1605322800 [ RunTime:0.001078s ]
[2020-11-15T09:23:56+08:00][sql] SELECT COUNT(`id`) AS think_count FROM `yh_record` WHERE  `intime` >= 1605322800  AND `intime` <= 1605326400 [ RunTime:0.000969s ]
[2020-11-15T09:23:56+08:00][sql] SELECT COUNT(`id`) AS think_count FROM `yh_record` WHERE  `intime` >= 1605326400  AND `intime` <= 1605330000 [ RunTime:0.001012s ]
[2020-11-15T09:23:56+08:00][sql] SHOW FULL COLUMNS FROM `yh_business` [ RunTime:0.002682s ]
[2020-11-15T09:23:56+08:00][sql] SELECT COUNT(*) AS think_count FROM `yh_business` WHERE  `type` = 1 [ RunTime:0.000644s ]
[2020-11-15T09:23:56+08:00][sql] SELECT COUNT(*) AS think_count FROM `yh_business` WHERE  `type` = 2 [ RunTime:0.000666s ]
[2020-11-15T09:23:56+08:00][sql] SELECT `user_uid`,`calltoday` FROM `yh_business` ORDER BY `calltoday` DESC LIMIT 5 [ RunTime:0.000686s ]
[2020-11-15T09:24:04+08:00][sql] CONNECT:[ UseTime:0.004007s ] mysql:host=127.0.0.1;port=3306;dbname=jifei_ymcx_shop;charset=utf8
[2020-11-15T09:24:04+08:00][sql] SHOW FULL COLUMNS FROM `yh_admin` [ RunTime:0.005112s ]
[2020-11-15T09:24:04+08:00][sql] SELECT * FROM `yh_admin` WHERE  `id` = 1 LIMIT 1 [ RunTime:0.004258s ]
[2020-11-15T09:24:04+08:00][sql] SHOW FULL COLUMNS FROM `yh_webpz` [ RunTime:0.001803s ]
[2020-11-15T09:24:04+08:00][sql] SELECT * FROM `yh_webpz` WHERE  `id` = 1 LIMIT 1 [ RunTime:0.000529s ]
[2020-11-15T09:24:28+08:00][sql] CONNECT:[ UseTime:0.005335s ] mysql:host=127.0.0.1;port=3306;dbname=jifei_ymcx_shop;charset=utf8
[2020-11-15T09:24:28+08:00][sql] SHOW FULL COLUMNS FROM `yh_admin` [ RunTime:0.002151s ]
[2020-11-15T09:24:28+08:00][sql] SELECT * FROM `yh_admin` WHERE  `id` = 1 LIMIT 1 [ RunTime:0.000543s ]
[2020-11-15T09:24:28+08:00][sql] SHOW FULL COLUMNS FROM `yh_webpz` [ RunTime:0.001817s ]
[2020-11-15T09:24:28+08:00][sql] SELECT * FROM `yh_webpz` WHERE  `id` = 1 LIMIT 1 [ RunTime:0.000507s ]
[2020-11-15T09:24:28+08:00][sql] SHOW FULL COLUMNS FROM `yh_user` [ RunTime:0.001783s ]
[2020-11-15T09:24:28+08:00][sql] SELECT * FROM `yh_user` WHERE  `username` = 'whbwhbwp' LIMIT 1 [ RunTime:0.000539s ]
[2020-11-15T09:24:28+08:00][sql] UPDATE `yh_user`  SET `balance` = 18  WHERE  `id` = 6 [ RunTime:0.000960s ]
[2020-11-15T18:39:44+08:00][sql] CONNECT:[ UseTime:0.001109s ] mysql:host=127.0.0.1;port=3306;dbname=jifei_ymcx_shop;charset=utf8
[2020-11-15T18:39:44+08:00][sql] SHOW FULL COLUMNS FROM `yh_webpz` [ RunTime:0.002719s ]
[2020-11-15T18:39:44+08:00][sql] SELECT * FROM `yh_webpz` WHERE  `id` = 1 LIMIT 1 [ RunTime:0.000705s ]
[2020-11-15T21:20:38+08:00][sql] CONNECT:[ UseTime:0.004631s ] mysql:host=127.0.0.1;port=3306;dbname=jifei_ymcx_shop;charset=utf8
[2020-11-15T21:20:38+08:00][sql] SHOW FULL COLUMNS FROM `yh_webpz` [ RunTime:0.007659s ]
[2020-11-15T21:20:38+08:00][sql] SELECT * FROM `yh_webpz` WHERE  `id` = 1 LIMIT 1 [ RunTime:0.002751s ]
[2020-11-15T21:20:44+08:00][sql] CONNECT:[ UseTime:0.000996s ] mysql:host=127.0.0.1;port=3306;dbname=jifei_ymcx_shop;charset=utf8
[2020-11-15T21:20:44+08:00][sql] SHOW FULL COLUMNS FROM `yh_webpz` [ RunTime:0.002453s ]
[2020-11-15T21:20:44+08:00][sql] SELECT * FROM `yh_webpz` WHERE  `id` = 1 LIMIT 1 [ RunTime:0.000818s ]
[2020-11-15T21:20:44+08:00][sql] SHOW FULL COLUMNS FROM `yh_admin` [ RunTime:0.001949s ]
[2020-11-15T21:20:44+08:00][sql] SELECT `id` FROM `yh_admin` WHERE  `username` = '1178350505'  AND `password` = '95e7f712dfab3468373fa15d528d06e0' LIMIT 1 [ RunTime:0.001060s ]
[2020-11-15T21:20:49+08:00][sql] CONNECT:[ UseTime:0.002004s ] mysql:host=127.0.0.1;port=3306;dbname=jifei_ymcx_shop;charset=utf8
[2020-11-15T21:20:49+08:00][sql] SHOW FULL COLUMNS FROM `yh_webpz` [ RunTime:0.003132s ]
[2020-11-15T21:20:49+08:00][sql] SELECT * FROM `yh_webpz` WHERE  `id` = 1 LIMIT 1 [ RunTime:0.000678s ]
[2020-11-15T21:20:49+08:00][sql] SHOW FULL COLUMNS FROM `yh_admin` [ RunTime:0.002085s ]
[2020-11-15T21:20:49+08:00][sql] SELECT `id` FROM `yh_admin` WHERE  `username` = '1178350505'  AND `password` = '565be15b663c3a1c6a54055410cb763a' LIMIT 1 [ RunTime:0.000998s ]
[2020-11-15T21:20:49+08:00][sql] CONNECT:[ UseTime:0.001173s ] mysql:host=127.0.0.1;port=3306;dbname=jifei_ymcx_shop;charset=utf8
[2020-11-15T21:20:49+08:00][sql] SHOW FULL COLUMNS FROM `yh_admin` [ RunTime:0.003478s ]
[2020-11-15T21:20:49+08:00][sql] SELECT * FROM `yh_admin` WHERE  `id` = 1 LIMIT 1 [ RunTime:0.000762s ]
[2020-11-15T21:20:49+08:00][sql] SHOW FULL COLUMNS FROM `yh_webpz` [ RunTime:0.002370s ]
[2020-11-15T21:20:49+08:00][sql] SELECT * FROM `yh_webpz` WHERE  `id` = 1 LIMIT 1 [ RunTime:0.000885s ]
[2020-11-15T21:20:49+08:00][sql] SHOW FULL COLUMNS FROM `yh_user` [ RunTime:0.002208s ]
[2020-11-15T21:20:49+08:00][sql] SELECT COUNT(*) AS think_count FROM `yh_user` [ RunTime:0.000806s ]
[2020-11-15T21:20:49+08:00][sql] SHOW FULL COLUMNS FROM `yh_order` [ RunTime:0.002057s ]
[2020-11-15T21:20:49+08:00][sql] SELECT SUM(`payment`) AS think_sum FROM `yh_order` WHERE  `status` = 1 [ RunTime:0.000706s ]
[2020-11-15T21:20:49+08:00][sql] SELECT SUM(`payment`) AS think_sum FROM `yh_order` WHERE  `intime` <= 1604160000  AND `intime` >= 1601481600  AND `status` = 1 [ RunTime:0.000814s ]
[2020-11-15T21:20:49+08:00][sql] SELECT SUM(`payment`) AS think_sum FROM `yh_order` WHERE  `intime` >= 1604160000  AND `status` = 1 [ RunTime:0.000606s ]
[2020-11-15T21:20:49+08:00][sql] SHOW FULL COLUMNS FROM `yh_information` [ RunTime:0.002077s ]
[2020-11-15T21:20:49+08:00][sql] SELECT COUNT(*) AS think_count FROM `yh_information` [ RunTime:0.000678s ]
[2020-11-15T21:20:49+08:00][sql] SHOW FULL COLUMNS FROM `yh_record` [ RunTime:0.003029s ]
[2020-11-15T21:20:49+08:00][sql] SELECT COUNT(*) AS think_count FROM `yh_record` WHERE  `intime` >= 1605369600 [ RunTime:0.001592s ]
[2020-11-15T21:20:49+08:00][sql] SHOW FULL COLUMNS FROM `yh_business` [ RunTime:0.003828s ]
[2020-11-15T21:20:49+08:00][sql] SELECT COUNT(*) AS think_count FROM `yh_business` WHERE  `type` = 1 [ RunTime:0.001029s ]
[2020-11-15T21:20:49+08:00][sql] SELECT COUNT(*) AS think_count FROM `yh_business` WHERE  `type` = 2 [ RunTime:0.000607s ]
[2020-11-15T21:20:50+08:00][sql] CONNECT:[ UseTime:0.001433s ] mysql:host=127.0.0.1;port=3306;dbname=jifei_ymcx_shop;charset=utf8
[2020-11-15T21:20:50+08:00][sql] SHOW FULL COLUMNS FROM `yh_admin` [ RunTime:0.002948s ]
[2020-11-15T21:20:50+08:00][sql] SELECT * FROM `yh_admin` WHERE  `id` = 1 LIMIT 1 [ RunTime:0.000988s ]
[2020-11-15T21:20:50+08:00][sql] SHOW FULL COLUMNS FROM `yh_webpz` [ RunTime:0.001963s ]
[2020-11-15T21:20:50+08:00][sql] SELECT * FROM `yh_webpz` WHERE  `id` = 1 LIMIT 1 [ RunTime:0.001220s ]
[2020-11-15T21:20:50+08:00][sql] SHOW FULL COLUMNS FROM `yh_record` [ RunTime:0.003171s ]
[2020-11-15T21:20:50+08:00][sql] SELECT COUNT(`id`) AS think_count FROM `yh_record` WHERE  `intime` >= 1605416400  AND `intime` <= 1605420000 [ RunTime:0.001599s ]
[2020-11-15T21:20:50+08:00][sql] SELECT COUNT(`id`) AS think_count FROM `yh_record` WHERE  `intime` >= 1605420000  AND `intime` <= 1605423600 [ RunTime:0.001155s ]
[2020-11-15T21:20:50+08:00][sql] SELECT COUNT(`id`) AS think_count FROM `yh_record` WHERE  `intime` >= 1605423600  AND `intime` <= 1605427200 [ RunTime:0.001650s ]
[2020-11-15T21:20:50+08:00][sql] SELECT COUNT(`id`) AS think_count FROM `yh_record` WHERE  `intime` >= 1605427200  AND `intime` <= 1605430800 [ RunTime:0.004454s ]
[2020-11-15T21:20:50+08:00][sql] SELECT COUNT(`id`) AS think_count FROM `yh_record` WHERE  `intime` >= 1605430800  AND `intime` <= 1605434400 [ RunTime:0.000904s ]
[2020-11-15T21:20:50+08:00][sql] SELECT COUNT(`id`) AS think_count FROM `yh_record` WHERE  `intime` >= 1605434400  AND `intime` <= 1605438000 [ RunTime:0.002379s ]
[2020-11-15T21:20:50+08:00][sql] SELECT COUNT(`id`) AS think_count FROM `yh_record` WHERE  `intime` >= 1605438000  AND `intime` <= 1605441600 [ RunTime:0.000913s ]
[2020-11-15T21:20:50+08:00][sql] SELECT COUNT(`id`) AS think_count FROM `yh_record` WHERE  `intime` >= 1605441600  AND `intime` <= 1605445200 [ RunTime:0.001340s ]
[2020-11-15T21:20:50+08:00][sql] SELECT COUNT(`id`) AS think_count FROM `yh_record` WHERE  `intime` >= 1605445200  AND `intime` <= 1605448800 [ RunTime:0.000805s ]
[2020-11-15T21:20:50+08:00][sql] SELECT COUNT(`id`) AS think_count FROM `yh_record` WHERE  `intime` >= 1605448800  AND `intime` <= 1605452400 [ RunTime:0.000952s ]
[2020-11-15T21:20:50+08:00][sql] SELECT COUNT(`id`) AS think_count FROM `yh_record` WHERE  `intime` >= 1605452400  AND `intime` <= 1605456000 [ RunTime:0.000951s ]
[2020-11-15T21:20:50+08:00][sql] SELECT COUNT(`id`) AS think_count FROM `yh_record` WHERE  `intime` >= 1605456000  AND `intime` <= [ RunTime:0.001427s ]
[2020-11-15T21:20:50+08:00][sql] SELECT COUNT(`id`) AS think_count FROM `yh_record` WHERE  `intime` >= 1605330000  AND `intime` <= 1605333600 [ RunTime:0.000978s ]
[2020-11-15T21:20:50+08:00][sql] SELECT COUNT(`id`) AS think_count FROM `yh_record` WHERE  `intime` >= 1605333600  AND `intime` <= 1605337200 [ RunTime:0.001278s ]
[2020-11-15T21:20:50+08:00][sql] SELECT COUNT(`id`) AS think_count FROM `yh_record` WHERE  `intime` >= 1605337200  AND `intime` <= 1605340800 [ RunTime:0.001166s ]
[2020-11-15T21:20:50+08:00][sql] SELECT COUNT(`id`) AS think_count FROM `yh_record` WHERE  `intime` >= 1605340800  AND `intime` <= 1605344400 [ RunTime:0.001323s ]
[2020-11-15T21:20:50+08:00][sql] SELECT COUNT(`id`) AS think_count FROM `yh_record` WHERE  `intime` >= 1605344400  AND `intime` <= 1605348000 [ RunTime:0.002567s ]
[2020-11-15T21:20:50+08:00][sql] SELECT COUNT(`id`) AS think_count FROM `yh_record` WHERE  `intime` >= 1605348000  AND `intime` <= 1605351600 [ RunTime:0.005389s ]
[2020-11-15T21:20:50+08:00][sql] SELECT COUNT(`id`) AS think_count FROM `yh_record` WHERE  `intime` >= 1605351600  AND `intime` <= 1605355200 [ RunTime:0.001794s ]
[2020-11-15T21:20:50+08:00][sql] SELECT COUNT(`id`) AS think_count FROM `yh_record` WHERE  `intime` >= 1605355200  AND `intime` <= 1605358800 [ RunTime:0.002419s ]
[2020-11-15T21:20:50+08:00][sql] SELECT COUNT(`id`) AS think_count FROM `yh_record` WHERE  `intime` >= 1605358800  AND `intime` <= 1605362400 [ RunTime:0.001025s ]
[2020-11-15T21:20:50+08:00][sql] SELECT COUNT(`id`) AS think_count FROM `yh_record` WHERE  `intime` >= 1605362400  AND `intime` <= 1605366000 [ RunTime:0.000972s ]
[2020-11-15T21:20:50+08:00][sql] SELECT COUNT(`id`) AS think_count FROM `yh_record` WHERE  `intime` >= 1605366000  AND `intime` <= 1605369600 [ RunTime:0.000827s ]
[2020-11-15T21:20:50+08:00][sql] SELECT COUNT(`id`) AS think_count FROM `yh_record` WHERE  `intime` >= 1605369600  AND `intime` <= [ RunTime:0.000961s ]
[2020-11-15T21:20:50+08:00][sql] SHOW FULL COLUMNS FROM `yh_business` [ RunTime:0.004326s ]
[2020-11-15T21:20:50+08:00][sql] SELECT COUNT(*) AS think_count FROM `yh_business` WHERE  `type` = 1 [ RunTime:0.000581s ]
[2020-11-15T21:20:50+08:00][sql] SELECT COUNT(*) AS think_count FROM `yh_business` WHERE  `type` = 2 [ RunTime:0.000561s ]
[2020-11-15T21:20:50+08:00][sql] SELECT `user_uid`,`calltoday` FROM `yh_business` ORDER BY `calltoday` DESC LIMIT 5 [ RunTime:0.000555s ]
[2020-11-15T21:20:56+08:00][sql] CONNECT:[ UseTime:0.000992s ] mysql:host=127.0.0.1;port=3306;dbname=jifei_ymcx_shop;charset=utf8
[2020-11-15T21:20:56+08:00][sql] SHOW FULL COLUMNS FROM `yh_admin` [ RunTime:0.002288s ]
[2020-11-15T21:20:56+08:00][sql] SELECT * FROM `yh_admin` WHERE  `id` = 1 LIMIT 1 [ RunTime:0.001803s ]
[2020-11-15T21:20:56+08:00][sql] SHOW FULL COLUMNS FROM `yh_webpz` [ RunTime:0.002393s ]
[2020-11-15T21:20:56+08:00][sql] SELECT * FROM `yh_webpz` WHERE  `id` = 1 LIMIT 1 [ RunTime:0.000755s ]
[2020-11-15T21:20:56+08:00][sql] SHOW FULL COLUMNS FROM `yh_record` [ RunTime:0.002505s ]
[2020-11-15T21:20:56+08:00][sql] SELECT COUNT(*) AS think_count FROM `yh_record` [ RunTime:0.001395s ]
[2020-11-15T21:20:56+08:00][sql] SELECT * FROM `yh_record` ORDER BY `id` DESC LIMIT 0,15 [ RunTime:0.000762s ]
[2020-11-15T21:20:56+08:00][sql] SELECT COUNT(`id`) AS think_count FROM `yh_record` [ RunTime:0.002951s ]
[2020-11-15T21:20:56+08:00][sql] SELECT COUNT(`id`) AS think_count FROM `yh_record` WHERE  `status` = 1 [ RunTime:0.001031s ]
[2020-11-15T21:21:04+08:00][sql] CONNECT:[ UseTime:0.004239s ] mysql:host=127.0.0.1;port=3306;dbname=jifei_ymcx_shop;charset=utf8
[2020-11-15T21:21:04+08:00][sql] SHOW FULL COLUMNS FROM `yh_admin` [ RunTime:0.005708s ]
[2020-11-15T21:21:04+08:00][sql] SELECT * FROM `yh_admin` WHERE  `id` = 1 LIMIT 1 [ RunTime:0.003813s ]
[2020-11-15T21:21:04+08:00][sql] SHOW FULL COLUMNS FROM `yh_webpz` [ RunTime:0.002744s ]
[2020-11-15T21:21:04+08:00][sql] SELECT * FROM `yh_webpz` WHERE  `id` = 1 LIMIT 1 [ RunTime:0.000816s ]
[2020-11-15T21:21:04+08:00][sql] SHOW FULL COLUMNS FROM `yh_user` [ RunTime:0.002247s ]
[2020-11-15T21:21:04+08:00][sql] SELECT COUNT(*) AS think_count FROM `yh_user` [ RunTime:0.000579s ]
[2020-11-15T21:21:04+08:00][sql] SELECT * FROM `yh_user` ORDER BY `id` DESC LIMIT 0,15 [ RunTime:0.000597s ]
[2020-11-15T21:21:04+08:00][sql] SHOW FULL COLUMNS FROM `yh_business` [ RunTime:0.008534s ]
[2020-11-15T21:21:04+08:00][sql] SELECT `user_uid` FROM `yh_business` WHERE  `id` = 17 LIMIT 1 [ RunTime:0.000846s ]
[2020-11-15T21:21:04+08:00][sql] SELECT `user_uid` FROM `yh_business` WHERE  `id` = 16 LIMIT 1 [ RunTime:0.000757s ]
[2020-11-15T21:21:04+08:00][sql] SELECT `user_uid` FROM `yh_business` WHERE  `id` = 15 LIMIT 1 [ RunTime:0.000561s ]
[2020-11-15T21:21:04+08:00][sql] SELECT `user_uid` FROM `yh_business` WHERE  `id` = 14 LIMIT 1 [ RunTime:0.000540s ]
[2020-11-15T21:21:04+08:00][sql] SELECT `user_uid` FROM `yh_business` WHERE  `id` = 13 LIMIT 1 [ RunTime:0.000482s ]
[2020-11-15T21:21:04+08:00][sql] SELECT `user_uid` FROM `yh_business` WHERE  `id` = 12 LIMIT 1 [ RunTime:0.000587s ]
[2020-11-15T21:21:04+08:00][sql] SELECT `user_uid` FROM `yh_business` WHERE  `id` = 11 LIMIT 1 [ RunTime:0.000530s ]
[2020-11-15T21:21:04+08:00][sql] SELECT `user_uid` FROM `yh_business` WHERE  `id` = 10 LIMIT 1 [ RunTime:0.000536s ]
[2020-11-15T21:21:04+08:00][sql] SELECT `user_uid` FROM `yh_business` WHERE  `id` = 9 LIMIT 1 [ RunTime:0.000482s ]
[2020-11-15T21:21:04+08:00][sql] SELECT `user_uid` FROM `yh_business` WHERE  `id` = 8 LIMIT 1 [ RunTime:0.000784s ]
[2020-11-15T21:21:04+08:00][sql] SELECT `user_uid` FROM `yh_business` WHERE  `id` = 7 LIMIT 1 [ RunTime:0.000650s ]
[2020-11-15T21:21:04+08:00][sql] SELECT `user_uid` FROM `yh_business` WHERE  `id` = 6 LIMIT 1 [ RunTime:0.000659s ]
[2020-11-15T21:21:04+08:00][sql] SELECT `user_uid` FROM `yh_business` WHERE  `id` = 5 LIMIT 1 [ RunTime:0.000932s ]
[2020-11-15T21:21:04+08:00][sql] SELECT `user_uid` FROM `yh_business` WHERE  `id` = 4 LIMIT 1 [ RunTime:0.000867s ]
[2020-11-15T21:21:04+08:00][sql] SELECT `user_uid` FROM `yh_business` WHERE  `id` = 3 LIMIT 1 [ RunTime:0.000688s ]
[2020-11-15T21:21:07+08:00][sql] CONNECT:[ UseTime:0.001685s ] mysql:host=127.0.0.1;port=3306;dbname=jifei_ymcx_shop;charset=utf8
[2020-11-15T21:21:07+08:00][sql] SHOW FULL COLUMNS FROM `yh_admin` [ RunTime:0.003124s ]
[2020-11-15T21:21:07+08:00][sql] SELECT * FROM `yh_admin` WHERE  `id` = 1 LIMIT 1 [ RunTime:0.000676s ]
[2020-11-15T21:21:07+08:00][sql] SHOW FULL COLUMNS FROM `yh_webpz` [ RunTime:0.001839s ]
[2020-11-15T21:21:07+08:00][sql] SELECT * FROM `yh_webpz` WHERE  `id` = 1 LIMIT 1 [ RunTime:0.001850s ]
[2020-11-15T21:21:07+08:00][sql] SHOW FULL COLUMNS FROM `yh_user` [ RunTime:0.001520s ]
[2020-11-15T21:21:07+08:00][sql] SELECT COUNT(*) AS think_count FROM `yh_user` [ RunTime:0.000430s ]
[2020-11-15T21:21:07+08:00][sql] SELECT * FROM `yh_user` ORDER BY `id` DESC LIMIT 15,15 [ RunTime:0.000544s ]
[2020-11-15T21:21:07+08:00][sql] SHOW FULL COLUMNS FROM `yh_business` [ RunTime:0.008552s ]
[2020-11-15T21:21:07+08:00][sql] SELECT `user_uid` FROM `yh_business` WHERE  `id` = 2 LIMIT 1 [ RunTime:0.007146s ]
[2020-11-15T21:21:07+08:00][sql] SELECT `user_uid` FROM `yh_business` WHERE  `id` = 1 LIMIT 1 [ RunTime:0.001160s ]
[2020-11-15T21:21:11+08:00][sql] CONNECT:[ UseTime:0.006381s ] mysql:host=127.0.0.1;port=3306;dbname=jifei_ymcx_shop;charset=utf8
[2020-11-15T21:21:11+08:00][sql] SHOW FULL COLUMNS FROM `yh_admin` [ RunTime:0.009000s ]
[2020-11-15T21:21:11+08:00][sql] SELECT * FROM `yh_admin` WHERE  `id` = 1 LIMIT 1 [ RunTime:0.001749s ]
[2020-11-15T21:21:11+08:00][sql] SHOW FULL COLUMNS FROM `yh_webpz` [ RunTime:0.003226s ]
[2020-11-15T21:21:11+08:00][sql] SELECT * FROM `yh_webpz` WHERE  `id` = 1 LIMIT 1 [ RunTime:0.000554s ]
[2020-11-15T21:21:11+08:00][sql] SHOW FULL COLUMNS FROM `yh_user` [ RunTime:0.005213s ]
[2020-11-15T21:21:11+08:00][sql] SELECT COUNT(*) AS think_count FROM `yh_user` [ RunTime:0.004190s ]
[2020-11-15T21:21:11+08:00][sql] SHOW FULL COLUMNS FROM `yh_order` [ RunTime:0.011421s ]
[2020-11-15T21:21:11+08:00][sql] SELECT SUM(`payment`) AS think_sum FROM `yh_order` WHERE  `status` = 1 [ RunTime:0.001071s ]
[2020-11-15T21:21:11+08:00][sql] SELECT SUM(`payment`) AS think_sum FROM `yh_order` WHERE  `intime` <= 1604160000  AND `intime` >= 1601481600  AND `status` = 1 [ RunTime:0.000847s ]
[2020-11-15T21:21:11+08:00][sql] SELECT SUM(`payment`) AS think_sum FROM `yh_order` WHERE  `intime` >= 1604160000  AND `status` = 1 [ RunTime:0.000662s ]
[2020-11-15T21:21:11+08:00][sql] SHOW FULL COLUMNS FROM `yh_information` [ RunTime:0.003016s ]
[2020-11-15T21:21:11+08:00][sql] SELECT COUNT(*) AS think_count FROM `yh_information` [ RunTime:0.000823s ]
[2020-11-15T21:21:11+08:00][sql] SHOW FULL COLUMNS FROM `yh_record` [ RunTime:0.002209s ]
[2020-11-15T21:21:11+08:00][sql] SELECT COUNT(*) AS think_count FROM `yh_record` WHERE  `intime` >= 1605369600 [ RunTime:0.000805s ]
[2020-11-15T21:21:11+08:00][sql] SHOW FULL COLUMNS FROM `yh_business` [ RunTime:0.003359s ]
[2020-11-15T21:21:11+08:00][sql] SELECT COUNT(*) AS think_count FROM `yh_business` WHERE  `type` = 1 [ RunTime:0.000797s ]
[2020-11-15T21:21:11+08:00][sql] SELECT COUNT(*) AS think_count FROM `yh_business` WHERE  `type` = 2 [ RunTime:0.000491s ]
[2020-11-15T21:21:11+08:00][sql] CONNECT:[ UseTime:0.003482s ] mysql:host=127.0.0.1;port=3306;dbname=jifei_ymcx_shop;charset=utf8
[2020-11-15T21:21:11+08:00][sql] SHOW FULL COLUMNS FROM `yh_admin` [ RunTime:0.002266s ]
[2020-11-15T21:21:11+08:00][sql] SELECT * FROM `yh_admin` WHERE  `id` = 1 LIMIT 1 [ RunTime:0.000729s ]
[2020-11-15T21:21:11+08:00][sql] SHOW FULL COLUMNS FROM `yh_webpz` [ RunTime:0.001926s ]
[2020-11-15T21:21:11+08:00][sql] SELECT * FROM `yh_webpz` WHERE  `id` = 1 LIMIT 1 [ RunTime:0.000684s ]
[2020-11-15T21:21:11+08:00][sql] SHOW FULL COLUMNS FROM `yh_record` [ RunTime:0.001924s ]
[2020-11-15T21:21:11+08:00][sql] SELECT COUNT(`id`) AS think_count FROM `yh_record` WHERE  `intime` >= 1605416400  AND `intime` <= 1605420000 [ RunTime:0.000720s ]
[2020-11-15T21:21:11+08:00][sql] SELECT COUNT(`id`) AS think_count FROM `yh_record` WHERE  `intime` >= 1605420000  AND `intime` <= 1605423600 [ RunTime:0.000637s ]
[2020-11-15T21:21:11+08:00][sql] SELECT COUNT(`id`) AS think_count FROM `yh_record` WHERE  `intime` >= 1605423600  AND `intime` <= 1605427200 [ RunTime:0.001105s ]
[2020-11-15T21:21:11+08:00][sql] SELECT COUNT(`id`) AS think_count FROM `yh_record` WHERE  `intime` >= 1605427200  AND `intime` <= 1605430800 [ RunTime:0.000662s ]
[2020-11-15T21:21:11+08:00][sql] SELECT COUNT(`id`) AS think_count FROM `yh_record` WHERE  `intime` >= 1605430800  AND `intime` <= 1605434400 [ RunTime:0.001671s ]
[2020-11-15T21:21:11+08:00][sql] SELECT COUNT(`id`) AS think_count FROM `yh_record` WHERE  `intime` >= 1605434400  AND `intime` <= 1605438000 [ RunTime:0.000839s ]
[2020-11-15T21:21:11+08:00][sql] SELECT COUNT(`id`) AS think_count FROM `yh_record` WHERE  `intime` >= 1605438000  AND `intime` <= 1605441600 [ RunTime:0.000625s ]
[2020-11-15T21:21:11+08:00][sql] SELECT COUNT(`id`) AS think_count FROM `yh_record` WHERE  `intime` >= 1605441600  AND `intime` <= 1605445200 [ RunTime:0.002197s ]
[2020-11-15T21:21:11+08:00][sql] SELECT COUNT(`id`) AS think_count FROM `yh_record` WHERE  `intime` >= 1605445200  AND `intime` <= 1605448800 [ RunTime:0.000786s ]
[2020-11-15T21:21:11+08:00][sql] SELECT COUNT(`id`) AS think_count FROM `yh_record` WHERE  `intime` >= 1605448800  AND `intime` <= 1605452400 [ RunTime:0.001298s ]
[2020-11-15T21:21:11+08:00][sql] SELECT COUNT(`id`) AS think_count FROM `yh_record` WHERE  `intime` >= 1605452400  AND `intime` <= 1605456000 [ RunTime:0.000882s ]
[2020-11-15T21:21:11+08:00][sql] SELECT COUNT(`id`) AS think_count FROM `yh_record` WHERE  `intime` >= 1605456000  AND `intime` <= [ RunTime:0.000685s ]
[2020-11-15T21:21:11+08:00][sql] SELECT COUNT(`id`) AS think_count FROM `yh_record` WHERE  `intime` >= 1605330000  AND `intime` <= 1605333600 [ RunTime:0.000654s ]
[2020-11-15T21:21:11+08:00][sql] SELECT COUNT(`id`) AS think_count FROM `yh_record` WHERE  `intime` >= 1605333600  AND `intime` <= 1605337200 [ RunTime:0.000749s ]
[2020-11-15T21:21:11+08:00][sql] SELECT COUNT(`id`) AS think_count FROM `yh_record` WHERE  `intime` >= 1605337200  AND `intime` <= 1605340800 [ RunTime:0.000696s ]
[2020-11-15T21:21:11+08:00][sql] SELECT COUNT(`id`) AS think_count FROM `yh_record` WHERE  `intime` >= 1605340800  AND `intime` <= 1605344400 [ RunTime:0.000724s ]
[2020-11-15T21:21:11+08:00][sql] SELECT COUNT(`id`) AS think_count FROM `yh_record` WHERE  `intime` >= 1605344400  AND `intime` <= 1605348000 [ RunTime:0.000767s ]
[2020-11-15T21:21:11+08:00][sql] SELECT COUNT(`id`) AS think_count FROM `yh_record` WHERE  `intime` >= 1605348000  AND `intime` <= 1605351600 [ RunTime:0.000708s ]
[2020-11-15T21:21:11+08:00][sql] SELECT COUNT(`id`) AS think_count FROM `yh_record` WHERE  `intime` >= 1605351600  AND `intime` <= 1605355200 [ RunTime:0.000736s ]
[2020-11-15T21:21:11+08:00][sql] SELECT COUNT(`id`) AS think_count FROM `yh_record` WHERE  `intime` >= 1605355200  AND `intime` <= 1605358800 [ RunTime:0.000804s ]
[2020-11-15T21:21:11+08:00][sql] SELECT COUNT(`id`) AS think_count FROM `yh_record` WHERE  `intime` >= 1605358800  AND `intime` <= 1605362400 [ RunTime:0.000707s ]
[2020-11-15T21:21:11+08:00][sql] SELECT COUNT(`id`) AS think_count FROM `yh_record` WHERE  `intime` >= 1605362400  AND `intime` <= 1605366000 [ RunTime:0.000705s ]
[2020-11-15T21:21:11+08:00][sql] SELECT COUNT(`id`) AS think_count FROM `yh_record` WHERE  `intime` >= 1605366000  AND `intime` <= 1605369600 [ RunTime:0.002814s ]
[2020-11-15T21:21:11+08:00][sql] SELECT COUNT(`id`) AS think_count FROM `yh_record` WHERE  `intime` >= 1605369600  AND `intime` <= [ RunTime:0.001094s ]
[2020-11-15T21:21:11+08:00][sql] SHOW FULL COLUMNS FROM `yh_business` [ RunTime:0.003853s ]
[2020-11-15T21:21:11+08:00][sql] SELECT COUNT(*) AS think_count FROM `yh_business` WHERE  `type` = 1 [ RunTime:0.000746s ]
[2020-11-15T21:21:11+08:00][sql] SELECT COUNT(*) AS think_count FROM `yh_business` WHERE  `type` = 2 [ RunTime:0.000551s ]
[2020-11-15T21:21:11+08:00][sql] SELECT `user_uid`,`calltoday` FROM `yh_business` ORDER BY `calltoday` DESC LIMIT 5 [ RunTime:0.000554s ]
[2020-11-15T21:21:16+08:00][sql] CONNECT:[ UseTime:0.001125s ] mysql:host=127.0.0.1;port=3306;dbname=jifei_ymcx_shop;charset=utf8
[2020-11-15T21:21:16+08:00][sql] SHOW FULL COLUMNS FROM `yh_admin` [ RunTime:0.002114s ]
[2020-11-15T21:21:16+08:00][sql] SELECT * FROM `yh_admin` WHERE  `id` = 1 LIMIT 1 [ RunTime:0.000570s ]
[2020-11-15T21:21:16+08:00][sql] SHOW FULL COLUMNS FROM `yh_webpz` [ RunTime:0.001829s ]
[2020-11-15T21:21:16+08:00][sql] SELECT * FROM `yh_webpz` WHERE  `id` = 1 LIMIT 1 [ RunTime:0.000657s ]
[2020-11-15T21:21:16+08:00][sql] SHOW FULL COLUMNS FROM `yh_order` [ RunTime:0.001767s ]
[2020-11-15T21:21:16+08:00][sql] SELECT COUNT(*) AS think_count FROM `yh_order` [ RunTime:0.000506s ]
[2020-11-15T21:21:16+08:00][sql] SELECT * FROM `yh_order` ORDER BY `id` DESC LIMIT 0,15 [ RunTime:0.000450s ]
[2020-11-15T21:21:19+08:00][sql] CONNECT:[ UseTime:0.002586s ] mysql:host=127.0.0.1;port=3306;dbname=jifei_ymcx_shop;charset=utf8
[2020-11-15T21:21:19+08:00][sql] SHOW FULL COLUMNS FROM `yh_admin` [ RunTime:0.006528s ]
[2020-11-15T21:21:19+08:00][sql] SELECT * FROM `yh_admin` WHERE  `id` = 1 LIMIT 1 [ RunTime:0.008643s ]
[2020-11-15T21:21:19+08:00][sql] SHOW FULL COLUMNS FROM `yh_webpz` [ RunTime:0.001953s ]
[2020-11-15T21:21:19+08:00][sql] SELECT * FROM `yh_webpz` WHERE  `id` = 1 LIMIT 1 [ RunTime:0.004792s ]
[2020-11-15T21:21:19+08:00][sql] SELECT `tep` FROM `yh_webpz` WHERE  `id` = 1 LIMIT 1 [ RunTime:0.000617s ]
[2020-11-15T21:21:19+08:00][sql] SHOW FULL COLUMNS FROM `yh_information` [ RunTime:0.002250s ]
[2020-11-15T21:21:19+08:00][sql] SELECT * FROM `yh_information` WHERE  `id` = 1 LIMIT 1 [ RunTime:0.000767s ]
[2020-11-15T21:21:20+08:00][sql] CONNECT:[ UseTime:0.004106s ] mysql:host=127.0.0.1;port=3306;dbname=jifei_ymcx_shop;charset=utf8
[2020-11-15T21:21:20+08:00][sql] SHOW FULL COLUMNS FROM `yh_admin` [ RunTime:0.004218s ]
[2020-11-15T21:21:20+08:00][sql] SELECT * FROM `yh_admin` WHERE  `id` = 1 LIMIT 1 [ RunTime:0.000924s ]
[2020-11-15T21:21:20+08:00][sql] SHOW FULL COLUMNS FROM `yh_webpz` [ RunTime:0.009710s ]
[2020-11-15T21:21:20+08:00][sql] SELECT * FROM `yh_webpz` WHERE  `id` = 1 LIMIT 1 [ RunTime:0.000928s ]
[2020-11-15T21:21:20+08:00][sql] SELECT * FROM `yh_webpz` WHERE  `id` = 1 LIMIT 1 [ RunTime:0.004144s ]
[2020-11-15T21:21:23+08:00][sql] CONNECT:[ UseTime:0.001174s ] mysql:host=127.0.0.1;port=3306;dbname=jifei_ymcx_shop;charset=utf8
[2020-11-15T21:21:23+08:00][sql] SHOW FULL COLUMNS FROM `yh_admin` [ RunTime:0.002204s ]
[2020-11-15T21:21:23+08:00][sql] SELECT * FROM `yh_admin` WHERE  `id` = 1 LIMIT 1 [ RunTime:0.000665s ]
[2020-11-15T21:21:23+08:00][sql] SHOW FULL COLUMNS FROM `yh_webpz` [ RunTime:0.001879s ]
[2020-11-15T21:21:23+08:00][sql] SELECT * FROM `yh_webpz` WHERE  `id` = 1 LIMIT 1 [ RunTime:0.000625s ]
[2020-11-15T21:21:23+08:00][sql] SHOW FULL COLUMNS FROM `yh_information` [ RunTime:0.001903s ]
[2020-11-15T21:21:23+08:00][sql] SELECT * FROM `yh_information` WHERE  `id` = 1 LIMIT 1 [ RunTime:0.000569s ]
[2020-11-15T21:21:24+08:00][sql] CONNECT:[ UseTime:0.003729s ] mysql:host=127.0.0.1;port=3306;dbname=jifei_ymcx_shop;charset=utf8
[2020-11-15T21:21:24+08:00][sql] SHOW FULL COLUMNS FROM `yh_admin` [ RunTime:0.002159s ]
[2020-11-15T21:21:24+08:00][sql] SELECT * FROM `yh_admin` WHERE  `id` = 1 LIMIT 1 [ RunTime:0.000610s ]
[2020-11-15T21:21:24+08:00][sql] SHOW FULL COLUMNS FROM `yh_webpz` [ RunTime:0.017347s ]
[2020-11-15T21:21:24+08:00][sql] SELECT * FROM `yh_webpz` WHERE  `id` = 1 LIMIT 1 [ RunTime:0.001049s ]
[2020-11-15T21:21:24+08:00][sql] SELECT * FROM `yh_webpz` WHERE  `id` = 1 LIMIT 1 [ RunTime:0.003037s ]
[2020-11-15T21:21:24+08:00][sql] SHOW FULL COLUMNS FROM `yh_information` [ RunTime:0.004601s ]
[2020-11-15T21:21:24+08:00][sql] SELECT * FROM `yh_information` WHERE  `id` = 1 LIMIT 1 [ RunTime:0.000888s ]
[2020-11-15T21:21:25+08:00][sql] CONNECT:[ UseTime:0.000827s ] mysql:host=127.0.0.1;port=3306;dbname=jifei_ymcx_shop;charset=utf8
[2020-11-15T21:21:25+08:00][sql] SHOW FULL COLUMNS FROM `yh_admin` [ RunTime:0.002126s ]
[2020-11-15T21:21:25+08:00][sql] SELECT * FROM `yh_admin` WHERE  `id` = 1 LIMIT 1 [ RunTime:0.000670s ]
[2020-11-15T21:21:25+08:00][sql] SHOW FULL COLUMNS FROM `yh_webpz` [ RunTime:0.001641s ]
[2020-11-15T21:21:25+08:00][sql] SELECT * FROM `yh_webpz` WHERE  `id` = 1 LIMIT 1 [ RunTime:0.000588s ]
[2020-11-15T21:21:25+08:00][sql] SELECT `tep` FROM `yh_webpz` WHERE  `id` = 1 LIMIT 1 [ RunTime:0.000521s ]
[2020-11-15T21:21:25+08:00][sql] SHOW FULL COLUMNS FROM `yh_information` [ RunTime:0.001706s ]
[2020-11-15T21:21:25+08:00][sql] SELECT * FROM `yh_information` WHERE  `id` = 1 LIMIT 1 [ RunTime:0.000560s ]
[2020-11-15T21:21:34+08:00][sql] CONNECT:[ UseTime:0.003945s ] mysql:host=127.0.0.1;port=3306;dbname=jifei_ymcx_shop;charset=utf8
[2020-11-15T21:21:34+08:00][sql] SHOW FULL COLUMNS FROM `yh_admin` [ RunTime:0.016105s ]
[2020-11-15T21:21:34+08:00][sql] SELECT * FROM `yh_admin` WHERE  `id` = 1 LIMIT 1 [ RunTime:0.005617s ]
[2020-11-15T21:21:34+08:00][sql] SHOW FULL COLUMNS FROM `yh_webpz` [ RunTime:0.003515s ]
[2020-11-15T21:21:34+08:00][sql] SELECT * FROM `yh_webpz` WHERE  `id` = 1 LIMIT 1 [ RunTime:0.001309s ]
[2020-11-15T21:21:34+08:00][sql] SELECT * FROM `yh_webpz` WHERE  `id` = 1 LIMIT 1 [ RunTime:0.000805s ]
[2020-11-15T21:21:34+08:00][sql] SHOW FULL COLUMNS FROM `yh_information` [ RunTime:0.002941s ]
[2020-11-15T21:21:34+08:00][sql] SELECT * FROM `yh_information` WHERE  `id` = 1 LIMIT 1 [ RunTime:0.000737s ]
[2020-11-15T21:21:36+08:00][sql] CONNECT:[ UseTime:0.001177s ] mysql:host=127.0.0.1;port=3306;dbname=jifei_ymcx_shop;charset=utf8
[2020-11-15T21:21:36+08:00][sql] SHOW FULL COLUMNS FROM `yh_admin` [ RunTime:0.002214s ]
[2020-11-15T21:21:36+08:00][sql] SELECT * FROM `yh_admin` WHERE  `id` = 1 LIMIT 1 [ RunTime:0.000598s ]
[2020-11-15T21:21:36+08:00][sql] SHOW FULL COLUMNS FROM `yh_webpz` [ RunTime:0.002035s ]
[2020-11-15T21:21:36+08:00][sql] SELECT * FROM `yh_webpz` WHERE  `id` = 1 LIMIT 1 [ RunTime:0.002318s ]
[2020-11-15T21:21:36+08:00][sql] SELECT `tep` FROM `yh_webpz` WHERE  `id` = 1 LIMIT 1 [ RunTime:0.000735s ]
[2020-11-15T21:21:36+08:00][sql] SHOW FULL COLUMNS FROM `yh_information` [ RunTime:0.002042s ]
[2020-11-15T21:21:36+08:00][sql] SELECT * FROM `yh_information` WHERE  `id` = 1 LIMIT 1 [ RunTime:0.000718s ]
[2020-11-15T21:21:37+08:00][sql] CONNECT:[ UseTime:0.001050s ] mysql:host=127.0.0.1;port=3306;dbname=jifei_ymcx_shop;charset=utf8
[2020-11-15T21:21:37+08:00][sql] SHOW FULL COLUMNS FROM `yh_admin` [ RunTime:0.001964s ]
[2020-11-15T21:21:37+08:00][sql] SELECT * FROM `yh_admin` WHERE  `id` = 1 LIMIT 1 [ RunTime:0.000583s ]
[2020-11-15T21:21:37+08:00][sql] SHOW FULL COLUMNS FROM `yh_webpz` [ RunTime:0.002663s ]
[2020-11-15T21:21:37+08:00][sql] SELECT * FROM `yh_webpz` WHERE  `id` = 1 LIMIT 1 [ RunTime:0.000777s ]
[2020-11-15T21:21:37+08:00][sql] SELECT `tep` FROM `yh_webpz` WHERE  `id` = 1 LIMIT 1 [ RunTime:0.000640s ]
[2020-11-15T21:21:37+08:00][sql] SHOW FULL COLUMNS FROM `yh_information` [ RunTime:0.004030s ]
[2020-11-15T21:21:37+08:00][sql] SELECT * FROM `yh_information` WHERE  `id` = 1 LIMIT 1 [ RunTime:0.000628s ]
[2020-11-15T21:21:39+08:00][sql] CONNECT:[ UseTime:0.001465s ] mysql:host=127.0.0.1;port=3306;dbname=jifei_ymcx_shop;charset=utf8
[2020-11-15T21:21:39+08:00][sql] SHOW FULL COLUMNS FROM `yh_admin` [ RunTime:0.002158s ]
[2020-11-15T21:21:39+08:00][sql] SELECT * FROM `yh_admin` WHERE  `id` = 1 LIMIT 1 [ RunTime:0.000681s ]
[2020-11-15T21:21:39+08:00][sql] SHOW FULL COLUMNS FROM `yh_webpz` [ RunTime:0.001650s ]
[2020-11-15T21:21:39+08:00][sql] SELECT * FROM `yh_webpz` WHERE  `id` = 1 LIMIT 1 [ RunTime:0.000451s ]
[2020-11-15T21:21:39+08:00][sql] SELECT * FROM `yh_webpz` WHERE  `id` = 1 LIMIT 1 [ RunTime:0.001496s ]
[2020-11-15T21:21:39+08:00][sql] UPDATE `yh_webpz`  SET `keyword` = '海解析,云海解析系统,云海计费系统,云海api,vip视频解析'  WHERE  `id` = 1 [ RunTime:0.000977s ]
[2020-11-15T21:21:39+08:00][sql] SHOW FULL COLUMNS FROM `yh_information` [ RunTime:0.003272s ]
[2020-11-15T21:21:39+08:00][sql] SELECT * FROM `yh_information` WHERE  `id` = 1 LIMIT 1 [ RunTime:0.001922s ]
[2020-11-15T21:21:40+08:00][sql] CONNECT:[ UseTime:0.001274s ] mysql:host=127.0.0.1;port=3306;dbname=jifei_ymcx_shop;charset=utf8
[2020-11-15T21:21:40+08:00][sql] SHOW FULL COLUMNS FROM `yh_admin` [ RunTime:0.002509s ]
[2020-11-15T21:21:40+08:00][sql] SELECT * FROM `yh_admin` WHERE  `id` = 1 LIMIT 1 [ RunTime:0.000653s ]
[2020-11-15T21:21:40+08:00][sql] SHOW FULL COLUMNS FROM `yh_webpz` [ RunTime:0.001670s ]
[2020-11-15T21:21:40+08:00][sql] SELECT * FROM `yh_webpz` WHERE  `id` = 1 LIMIT 1 [ RunTime:0.000656s ]
[2020-11-15T21:21:40+08:00][sql] SELECT `tep` FROM `yh_webpz` WHERE  `id` = 1 LIMIT 1 [ RunTime:0.000869s ]
[2020-11-15T21:21:40+08:00][sql] SHOW FULL COLUMNS FROM `yh_information` [ RunTime:0.001696s ]
[2020-11-15T21:21:40+08:00][sql] SELECT * FROM `yh_information` WHERE  `id` = 1 LIMIT 1 [ RunTime:0.000533s ]
[2020-11-15T21:21:41+08:00][sql] CONNECT:[ UseTime:0.002538s ] mysql:host=127.0.0.1;port=3306;dbname=jifei_ymcx_shop;charset=utf8
[2020-11-15T21:21:41+08:00][sql] SHOW FULL COLUMNS FROM `yh_admin` [ RunTime:0.002018s ]
[2020-11-15T21:21:41+08:00][sql] SELECT * FROM `yh_admin` WHERE  `id` = 1 LIMIT 1 [ RunTime:0.000640s ]
[2020-11-15T21:21:41+08:00][sql] SHOW FULL COLUMNS FROM `yh_webpz` [ RunTime:0.002040s ]
[2020-11-15T21:21:41+08:00][sql] SELECT * FROM `yh_webpz` WHERE  `id` = 1 LIMIT 1 [ RunTime:0.000638s ]
[2020-11-15T21:21:41+08:00][sql] SELECT `tep` FROM `yh_webpz` WHERE  `id` = 1 LIMIT 1 [ RunTime:0.000748s ]
[2020-11-15T21:21:41+08:00][sql] SHOW FULL COLUMNS FROM `yh_information` [ RunTime:0.001521s ]
[2020-11-15T21:21:41+08:00][sql] SELECT * FROM `yh_information` WHERE  `id` = 1 LIMIT 1 [ RunTime:0.000723s ]
[2020-11-15T21:21:45+08:00][sql] CONNECT:[ UseTime:0.001044s ] mysql:host=127.0.0.1;port=3306;dbname=jifei_ymcx_shop;charset=utf8
[2020-11-15T21:21:45+08:00][sql] SHOW FULL COLUMNS FROM `yh_admin` [ RunTime:0.005051s ]
[2020-11-15T21:21:45+08:00][sql] SELECT * FROM `yh_admin` WHERE  `id` = 1 LIMIT 1 [ RunTime:0.000788s ]
[2020-11-15T21:21:45+08:00][sql] SHOW FULL COLUMNS FROM `yh_webpz` [ RunTime:0.002290s ]
[2020-11-15T21:21:45+08:00][sql] SELECT * FROM `yh_webpz` WHERE  `id` = 1 LIMIT 1 [ RunTime:0.000704s ]
[2020-11-15T21:21:45+08:00][sql] SELECT * FROM `yh_webpz` WHERE  `id` = 1 LIMIT 1 [ RunTime:0.000647s ]
[2020-11-15T21:21:45+08:00][sql] UPDATE `yh_webpz`  SET `keyword` = '云海解析,云海解析系统,云海计费系统,云海api,vip视频解析'  WHERE  `id` = 1 [ RunTime:0.000532s ]
[2020-11-15T21:21:45+08:00][sql] SHOW FULL COLUMNS FROM `yh_information` [ RunTime:0.002095s ]
[2020-11-15T21:21:45+08:00][sql] SELECT * FROM `yh_information` WHERE  `id` = 1 LIMIT 1 [ RunTime:0.000572s ]
[2020-11-15T21:21:47+08:00][sql] CONNECT:[ UseTime:0.000869s ] mysql:host=127.0.0.1;port=3306;dbname=jifei_ymcx_shop;charset=utf8
[2020-11-15T21:21:47+08:00][sql] SHOW FULL COLUMNS FROM `yh_admin` [ RunTime:0.002646s ]
[2020-11-15T21:21:47+08:00][sql] SELECT * FROM `yh_admin` WHERE  `id` = 1 LIMIT 1 [ RunTime:0.001564s ]
[2020-11-15T21:21:47+08:00][sql] SHOW FULL COLUMNS FROM `yh_webpz` [ RunTime:0.002581s ]
[2020-11-15T21:21:47+08:00][sql] SELECT * FROM `yh_webpz` WHERE  `id` = 1 LIMIT 1 [ RunTime:0.000578s ]
[2020-11-15T21:21:47+08:00][sql] SELECT `tep` FROM `yh_webpz` WHERE  `id` = 1 LIMIT 1 [ RunTime:0.000548s ]
[2020-11-15T21:21:47+08:00][sql] SHOW FULL COLUMNS FROM `yh_information` [ RunTime:0.001522s ]
[2020-11-15T21:21:47+08:00][sql] SELECT * FROM `yh_information` WHERE  `id` = 1 LIMIT 1 [ RunTime:0.000598s ]
[2020-11-15T21:21:49+08:00][sql] CONNECT:[ UseTime:0.003750s ] mysql:host=127.0.0.1;port=3306;dbname=jifei_ymcx_shop;charset=utf8
[2020-11-15T21:21:49+08:00][sql] SHOW FULL COLUMNS FROM `yh_admin` [ RunTime:0.004860s ]
[2020-11-15T21:21:49+08:00][sql] SELECT * FROM `yh_admin` WHERE  `id` = 1 LIMIT 1 [ RunTime:0.016215s ]
[2020-11-15T21:21:49+08:00][sql] SHOW FULL COLUMNS FROM `yh_webpz` [ RunTime:0.005093s ]
[2020-11-15T21:21:49+08:00][sql] SELECT * FROM `yh_webpz` WHERE  `id` = 1 LIMIT 1 [ RunTime:0.000951s ]
[2020-11-15T21:21:49+08:00][sql] SHOW FULL COLUMNS FROM `yh_user` [ RunTime:0.002527s ]
[2020-11-15T21:21:49+08:00][sql] SELECT COUNT(*) AS think_count FROM `yh_user` [ RunTime:0.000948s ]
[2020-11-15T21:21:49+08:00][sql] SHOW FULL COLUMNS FROM `yh_order` [ RunTime:0.002892s ]
[2020-11-15T21:21:49+08:00][sql] SELECT SUM(`payment`) AS think_sum FROM `yh_order` WHERE  `status` = 1 [ RunTime:0.001067s ]
[2020-11-15T21:21:49+08:00][sql] SELECT SUM(`payment`) AS think_sum FROM `yh_order` WHERE  `intime` <= 1604160000  AND `intime` >= 1601481600  AND `status` = 1 [ RunTime:0.000929s ]
[2020-11-15T21:21:49+08:00][sql] SELECT SUM(`payment`) AS think_sum FROM `yh_order` WHERE  `intime` >= 1604160000  AND `status` = 1 [ RunTime:0.000769s ]
[2020-11-15T21:21:49+08:00][sql] SHOW FULL COLUMNS FROM `yh_information` [ RunTime:0.004002s ]
[2020-11-15T21:21:49+08:00][sql] SELECT COUNT(*) AS think_count FROM `yh_information` [ RunTime:0.000795s ]
[2020-11-15T21:21:49+08:00][sql] SHOW FULL COLUMNS FROM `yh_record` [ RunTime:0.003432s ]
[2020-11-15T21:21:49+08:00][sql] SELECT COUNT(*) AS think_count FROM `yh_record` WHERE  `intime` >= 1605369600 [ RunTime:0.001779s ]
[2020-11-15T21:21:49+08:00][sql] SHOW FULL COLUMNS FROM `yh_business` [ RunTime:0.003619s ]
[2020-11-15T21:21:49+08:00][sql] SELECT COUNT(*) AS think_count FROM `yh_business` WHERE  `type` = 1 [ RunTime:0.001254s ]
[2020-11-15T21:21:49+08:00][sql] SELECT COUNT(*) AS think_count FROM `yh_business` WHERE  `type` = 2 [ RunTime:0.000539s ]
[2020-11-15T21:21:49+08:00][sql] CONNECT:[ UseTime:0.001066s ] mysql:host=127.0.0.1;port=3306;dbname=jifei_ymcx_shop;charset=utf8
[2020-11-15T21:21:49+08:00][sql] SHOW FULL COLUMNS FROM `yh_admin` [ RunTime:0.003643s ]
[2020-11-15T21:21:49+08:00][sql] SELECT * FROM `yh_admin` WHERE  `id` = 1 LIMIT 1 [ RunTime:0.000620s ]
[2020-11-15T21:21:49+08:00][sql] SHOW FULL COLUMNS FROM `yh_webpz` [ RunTime:0.002135s ]
[2020-11-15T21:21:49+08:00][sql] SELECT * FROM `yh_webpz` WHERE  `id` = 1 LIMIT 1 [ RunTime:0.000725s ]
[2020-11-15T21:21:49+08:00][sql] SHOW FULL COLUMNS FROM `yh_record` [ RunTime:0.001742s ]
[2020-11-15T21:21:49+08:00][sql] SELECT COUNT(`id`) AS think_count FROM `yh_record` WHERE  `intime` >= 1605416400  AND `intime` <= 1605420000 [ RunTime:0.001576s ]
[2020-11-15T21:21:49+08:00][sql] SELECT COUNT(`id`) AS think_count FROM `yh_record` WHERE  `intime` >= 1605420000  AND `intime` <= 1605423600 [ RunTime:0.002154s ]
[2020-11-15T21:21:49+08:00][sql] SELECT COUNT(`id`) AS think_count FROM `yh_record` WHERE  `intime` >= 1605423600  AND `intime` <= 1605427200 [ RunTime:0.004147s ]
[2020-11-15T21:21:49+08:00][sql] SELECT COUNT(`id`) AS think_count FROM `yh_record` WHERE  `intime` >= 1605427200  AND `intime` <= 1605430800 [ RunTime:0.005615s ]
[2020-11-15T21:21:49+08:00][sql] SELECT COUNT(`id`) AS think_count FROM `yh_record` WHERE  `intime` >= 1605430800  AND `intime` <= 1605434400 [ RunTime:0.004297s ]
[2020-11-15T21:21:49+08:00][sql] SELECT COUNT(`id`) AS think_count FROM `yh_record` WHERE  `intime` >= 1605434400  AND `intime` <= 1605438000 [ RunTime:0.000912s ]
[2020-11-15T21:21:49+08:00][sql] SELECT COUNT(`id`) AS think_count FROM `yh_record` WHERE  `intime` >= 1605438000  AND `intime` <= 1605441600 [ RunTime:0.001198s ]
[2020-11-15T21:21:49+08:00][sql] SELECT COUNT(`id`) AS think_count FROM `yh_record` WHERE  `intime` >= 1605441600  AND `intime` <= 1605445200 [ RunTime:0.000868s ]
[2020-11-15T21:21:49+08:00][sql] SELECT COUNT(`id`) AS think_count FROM `yh_record` WHERE  `intime` >= 1605445200  AND `intime` <= 1605448800 [ RunTime:0.000950s ]
[2020-11-15T21:21:49+08:00][sql] SELECT COUNT(`id`) AS think_count FROM `yh_record` WHERE  `intime` >= 1605448800  AND `intime` <= 1605452400 [ RunTime:0.001353s ]
[2020-11-15T21:21:49+08:00][sql] SELECT COUNT(`id`) AS think_count FROM `yh_record` WHERE  `intime` >= 1605452400  AND `intime` <= 1605456000 [ RunTime:0.000868s ]
[2020-11-15T21:21:49+08:00][sql] SELECT COUNT(`id`) AS think_count FROM `yh_record` WHERE  `intime` >= 1605456000  AND `intime` <= [ RunTime:0.000837s ]
[2020-11-15T21:21:49+08:00][sql] SELECT COUNT(`id`) AS think_count FROM `yh_record` WHERE  `intime` >= 1605330000  AND `intime` <= 1605333600 [ RunTime:0.000847s ]
[2020-11-15T21:21:49+08:00][sql] SELECT COUNT(`id`) AS think_count FROM `yh_record` WHERE  `intime` >= 1605333600  AND `intime` <= 1605337200 [ RunTime:0.000904s ]
[2020-11-15T21:21:49+08:00][sql] SELECT COUNT(`id`) AS think_count FROM `yh_record` WHERE  `intime` >= 1605337200  AND `intime` <= 1605340800 [ RunTime:0.001087s ]
[2020-11-15T21:21:49+08:00][sql] SELECT COUNT(`id`) AS think_count FROM `yh_record` WHERE  `intime` >= 1605340800  AND `intime` <= 1605344400 [ RunTime:0.000875s ]
[2020-11-15T21:21:49+08:00][sql] SELECT COUNT(`id`) AS think_count FROM `yh_record` WHERE  `intime` >= 1605344400  AND `intime` <= 1605348000 [ RunTime:0.000921s ]
[2020-11-15T21:21:49+08:00][sql] SELECT COUNT(`id`) AS think_count FROM `yh_record` WHERE  `intime` >= 1605348000  AND `intime` <= 1605351600 [ RunTime:0.001344s ]
[2020-11-15T21:21:49+08:00][sql] SELECT COUNT(`id`) AS think_count FROM `yh_record` WHERE  `intime` >= 1605351600  AND `intime` <= 1605355200 [ RunTime:0.000878s ]
[2020-11-15T21:21:49+08:00][sql] SELECT COUNT(`id`) AS think_count FROM `yh_record` WHERE  `intime` >= 1605355200  AND `intime` <= 1605358800 [ RunTime:0.001135s ]
[2020-11-15T21:21:49+08:00][sql] SELECT COUNT(`id`) AS think_count FROM `yh_record` WHERE  `intime` >= 1605358800  AND `intime` <= 1605362400 [ RunTime:0.000866s ]
[2020-11-15T21:21:49+08:00][sql] SELECT COUNT(`id`) AS think_count FROM `yh_record` WHERE  `intime` >= 1605362400  AND `intime` <= 1605366000 [ RunTime:0.000920s ]
[2020-11-15T21:21:49+08:00][sql] SELECT COUNT(`id`) AS think_count FROM `yh_record` WHERE  `intime` >= 1605366000  AND `intime` <= 1605369600 [ RunTime:0.000949s ]
[2020-11-15T21:21:49+08:00][sql] SELECT COUNT(`id`) AS think_count FROM `yh_record` WHERE  `intime` >= 1605369600  AND `intime` <= [ RunTime:0.001358s ]
[2020-11-15T21:21:49+08:00][sql] SHOW FULL COLUMNS FROM `yh_business` [ RunTime:0.004089s ]
[2020-11-15T21:21:49+08:00][sql] SELECT COUNT(*) AS think_count FROM `yh_business` WHERE  `type` = 1 [ RunTime:0.000830s ]
[2020-11-15T21:21:49+08:00][sql] SELECT COUNT(*) AS think_count FROM `yh_business` WHERE  `type` = 2 [ RunTime:0.000685s ]
[2020-11-15T21:21:49+08:00][sql] SELECT `user_uid`,`calltoday` FROM `yh_business` ORDER BY `calltoday` DESC LIMIT 5 [ RunTime:0.000660s ]
[2020-11-15T21:21:52+08:00][sql] CONNECT:[ UseTime:0.001208s ] mysql:host=127.0.0.1;port=3306;dbname=jifei_ymcx_shop;charset=utf8
[2020-11-15T21:21:52+08:00][sql] SHOW FULL COLUMNS FROM `yh_admin` [ RunTime:0.002307s ]
[2020-11-15T21:21:52+08:00][sql] SELECT * FROM `yh_admin` WHERE  `id` = 1 LIMIT 1 [ RunTime:0.000688s ]
[2020-11-15T21:21:52+08:00][sql] SHOW FULL COLUMNS FROM `yh_webpz` [ RunTime:0.001860s ]
[2020-11-15T21:21:52+08:00][sql] SELECT * FROM `yh_webpz` WHERE  `id` = 1 LIMIT 1 [ RunTime:0.000616s ]
[2020-11-15T21:21:52+08:00][sql] SHOW FULL COLUMNS FROM `yh_order` [ RunTime:0.002922s ]
[2020-11-15T21:21:52+08:00][sql] SELECT COUNT(*) AS think_count FROM `yh_order` [ RunTime:0.000506s ]
[2020-11-15T21:21:52+08:00][sql] SELECT * FROM `yh_order` ORDER BY `id` DESC LIMIT 0,15 [ RunTime:0.000463s ]
[2020-11-15T21:21:57+08:00][sql] CONNECT:[ UseTime:0.000965s ] mysql:host=127.0.0.1;port=3306;dbname=jifei_ymcx_shop;charset=utf8
[2020-11-15T21:21:57+08:00][sql] SHOW FULL COLUMNS FROM `yh_admin` [ RunTime:0.002994s ]
[2020-11-15T21:21:57+08:00][sql] SELECT * FROM `yh_admin` WHERE  `id` = 1 LIMIT 1 [ RunTime:0.000663s ]
[2020-11-15T21:21:57+08:00][sql] SHOW FULL COLUMNS FROM `yh_webpz` [ RunTime:0.002182s ]
[2020-11-15T21:21:57+08:00][sql] SELECT * FROM `yh_webpz` WHERE  `id` = 1 LIMIT 1 [ RunTime:0.000599s ]
[2020-11-15T21:21:57+08:00][sql] SHOW FULL COLUMNS FROM `yh_user` [ RunTime:0.001987s ]
[2020-11-15T21:21:57+08:00][sql] SELECT COUNT(*) AS think_count FROM `yh_user` [ RunTime:0.000509s ]
[2020-11-15T21:21:57+08:00][sql] SHOW FULL COLUMNS FROM `yh_order` [ RunTime:0.001802s ]
[2020-11-15T21:21:57+08:00][sql] SELECT SUM(`payment`) AS think_sum FROM `yh_order` WHERE  `status` = 1 [ RunTime:0.000558s ]
[2020-11-15T21:21:57+08:00][sql] SELECT SUM(`payment`) AS think_sum FROM `yh_order` WHERE  `intime` <= 1604160000  AND `intime` >= 1601481600  AND `status` = 1 [ RunTime:0.000740s ]
[2020-11-15T21:21:57+08:00][sql] SELECT SUM(`payment`) AS think_sum FROM `yh_order` WHERE  `intime` >= 1604160000  AND `status` = 1 [ RunTime:0.000657s ]
[2020-11-15T21:21:57+08:00][sql] SHOW FULL COLUMNS FROM `yh_information` [ RunTime:0.001875s ]
[2020-11-15T21:21:57+08:00][sql] SELECT COUNT(*) AS think_count FROM `yh_information` [ RunTime:0.000478s ]
[2020-11-15T21:21:57+08:00][sql] SHOW FULL COLUMNS FROM `yh_record` [ RunTime:0.002032s ]
[2020-11-15T21:21:57+08:00][sql] SELECT COUNT(*) AS think_count FROM `yh_record` WHERE  `intime` >= 1605369600 [ RunTime:0.001401s ]
[2020-11-15T21:21:57+08:00][sql] SHOW FULL COLUMNS FROM `yh_business` [ RunTime:0.002225s ]
[2020-11-15T21:21:57+08:00][sql] SELECT COUNT(*) AS think_count FROM `yh_business` WHERE  `type` = 1 [ RunTime:0.000749s ]
[2020-11-15T21:21:57+08:00][sql] SELECT COUNT(*) AS think_count FROM `yh_business` WHERE  `type` = 2 [ RunTime:0.000638s ]
[2020-11-15T21:21:58+08:00][sql] CONNECT:[ UseTime:0.001026s ] mysql:host=127.0.0.1;port=3306;dbname=jifei_ymcx_shop;charset=utf8
[2020-11-15T21:21:58+08:00][sql] SHOW FULL COLUMNS FROM `yh_admin` [ RunTime:0.004002s ]
[2020-11-15T21:21:58+08:00][sql] SELECT * FROM `yh_admin` WHERE  `id` = 1 LIMIT 1 [ RunTime:0.003808s ]
[2020-11-15T21:21:58+08:00][sql] SHOW FULL COLUMNS FROM `yh_webpz` [ RunTime:0.002013s ]
[2020-11-15T21:21:58+08:00][sql] SELECT * FROM `yh_webpz` WHERE  `id` = 1 LIMIT 1 [ RunTime:0.005340s ]
[2020-11-15T21:21:58+08:00][sql] SHOW FULL COLUMNS FROM `yh_record` [ RunTime:0.001899s ]
[2020-11-15T21:21:58+08:00][sql] SELECT COUNT(`id`) AS think_count FROM `yh_record` WHERE  `intime` >= 1605416400  AND `intime` <= 1605420000 [ RunTime:0.000757s ]
[2020-11-15T21:21:58+08:00][sql] SELECT COUNT(`id`) AS think_count FROM `yh_record` WHERE  `intime` >= 1605420000  AND `intime` <= 1605423600 [ RunTime:0.000556s ]
[2020-11-15T21:21:58+08:00][sql] SELECT COUNT(`id`) AS think_count FROM `yh_record` WHERE  `intime` >= 1605423600  AND `intime` <= 1605427200 [ RunTime:0.000590s ]
[2020-11-15T21:21:58+08:00][sql] SELECT COUNT(`id`) AS think_count FROM `yh_record` WHERE  `intime` >= 1605427200  AND `intime` <= 1605430800 [ RunTime:0.000646s ]
[2020-11-15T21:21:58+08:00][sql] SELECT COUNT(`id`) AS think_count FROM `yh_record` WHERE  `intime` >= 1605430800  AND `intime` <= 1605434400 [ RunTime:0.001682s ]
[2020-11-15T21:21:58+08:00][sql] SELECT COUNT(`id`) AS think_count FROM `yh_record` WHERE  `intime` >= 1605434400  AND `intime` <= 1605438000 [ RunTime:0.001029s ]
[2020-11-15T21:21:58+08:00][sql] SELECT COUNT(`id`) AS think_count FROM `yh_record` WHERE  `intime` >= 1605438000  AND `intime` <= 1605441600 [ RunTime:0.000694s ]
[2020-11-15T21:21:58+08:00][sql] SELECT COUNT(`id`) AS think_count FROM `yh_record` WHERE  `intime` >= 1605441600  AND `intime` <= 1605445200 [ RunTime:0.000679s ]
[2020-11-15T21:21:58+08:00][sql] SELECT COUNT(`id`) AS think_count FROM `yh_record` WHERE  `intime` >= 1605445200  AND `intime` <= 1605448800 [ RunTime:0.000693s ]
[2020-11-15T21:21:58+08:00][sql] SELECT COUNT(`id`) AS think_count FROM `yh_record` WHERE  `intime` >= 1605448800  AND `intime` <= 1605452400 [ RunTime:0.000667s ]
[2020-11-15T21:21:58+08:00][sql] SELECT COUNT(`id`) AS think_count FROM `yh_record` WHERE  `intime` >= 1605452400  AND `intime` <= 1605456000 [ RunTime:0.000687s ]
[2020-11-15T21:21:58+08:00][sql] SELECT COUNT(`id`) AS think_count FROM `yh_record` WHERE  `intime` >= 1605456000  AND `intime` <= [ RunTime:0.000652s ]
[2020-11-15T21:21:58+08:00][sql] SELECT COUNT(`id`) AS think_count FROM `yh_record` WHERE  `intime` >= 1605330000  AND `intime` <= 1605333600 [ RunTime:0.000664s ]
[2020-11-15T21:21:58+08:00][sql] SELECT COUNT(`id`) AS think_count FROM `yh_record` WHERE  `intime` >= 1605333600  AND `intime` <= 1605337200 [ RunTime:0.000679s ]
[2020-11-15T21:21:58+08:00][sql] SELECT COUNT(`id`) AS think_count FROM `yh_record` WHERE  `intime` >= 1605337200  AND `intime` <= 1605340800 [ RunTime:0.000678s ]
[2020-11-15T21:21:58+08:00][sql] SELECT COUNT(`id`) AS think_count FROM `yh_record` WHERE  `intime` >= 1605340800  AND `intime` <= 1605344400 [ RunTime:0.000732s ]
[2020-11-15T21:21:58+08:00][sql] SELECT COUNT(`id`) AS think_count FROM `yh_record` WHERE  `intime` >= 1605344400  AND `intime` <= 1605348000 [ RunTime:0.000819s ]
[2020-11-15T21:21:58+08:00][sql] SELECT COUNT(`id`) AS think_count FROM `yh_record` WHERE  `intime` >= 1605348000  AND `intime` <= 1605351600 [ RunTime:0.000710s ]
[2020-11-15T21:21:58+08:00][sql] SELECT COUNT(`id`) AS think_count FROM `yh_record` WHERE  `intime` >= 1605351600  AND `intime` <= 1605355200 [ RunTime:0.000705s ]
[2020-11-15T21:21:58+08:00][sql] SELECT COUNT(`id`) AS think_count FROM `yh_record` WHERE  `intime` >= 1605355200  AND `intime` <= 1605358800 [ RunTime:0.000710s ]
[2020-11-15T21:21:58+08:00][sql] SELECT COUNT(`id`) AS think_count FROM `yh_record` WHERE  `intime` >= 1605358800  AND `intime` <= 1605362400 [ RunTime:0.000668s ]
[2020-11-15T21:21:58+08:00][sql] SELECT COUNT(`id`) AS think_count FROM `yh_record` WHERE  `intime` >= 1605362400  AND `intime` <= 1605366000 [ RunTime:0.000685s ]
[2020-11-15T21:21:58+08:00][sql] SELECT COUNT(`id`) AS think_count FROM `yh_record` WHERE  `intime` >= 1605366000  AND `intime` <= 1605369600 [ RunTime:0.000675s ]
[2020-11-15T21:21:58+08:00][sql] SELECT COUNT(`id`) AS think_count FROM `yh_record` WHERE  `intime` >= 1605369600  AND `intime` <= [ RunTime:0.000696s ]
[2020-11-15T21:21:58+08:00][sql] SHOW FULL COLUMNS FROM `yh_business` [ RunTime:0.001868s ]
[2020-11-15T21:21:58+08:00][sql] SELECT COUNT(*) AS think_count FROM `yh_business` WHERE  `type` = 1 [ RunTime:0.001624s ]
[2020-11-15T21:21:58+08:00][sql] SELECT COUNT(*) AS think_count FROM `yh_business` WHERE  `type` = 2 [ RunTime:0.000425s ]
[2020-11-15T21:21:58+08:00][sql] SELECT `user_uid`,`calltoday` FROM `yh_business` ORDER BY `calltoday` DESC LIMIT 5 [ RunTime:0.000450s ]
[2020-11-15T21:22:01+08:00][sql] CONNECT:[ UseTime:0.018111s ] mysql:host=127.0.0.1;port=3306;dbname=jifei_ymcx_shop;charset=utf8
[2020-11-15T21:22:01+08:00][sql] SHOW FULL COLUMNS FROM `yh_admin` [ RunTime:0.009285s ]
[2020-11-15T21:22:01+08:00][sql] SELECT * FROM `yh_admin` WHERE  `id` = 1 LIMIT 1 [ RunTime:0.000928s ]
[2020-11-15T21:22:01+08:00][sql] SHOW FULL COLUMNS FROM `yh_webpz` [ RunTime:0.001879s ]
[2020-11-15T21:22:01+08:00][sql] SELECT * FROM `yh_webpz` WHERE  `id` = 1 LIMIT 1 [ RunTime:0.000473s ]
[2020-11-15T21:22:01+08:00][sql] SHOW FULL COLUMNS FROM `yh_user` [ RunTime:0.004562s ]
[2020-11-15T21:22:01+08:00][sql] SELECT COUNT(*) AS think_count FROM `yh_user` [ RunTime:0.000881s ]
[2020-11-15T21:22:01+08:00][sql] SHOW FULL COLUMNS FROM `yh_order` [ RunTime:0.001946s ]
[2020-11-15T21:22:01+08:00][sql] SELECT SUM(`payment`) AS think_sum FROM `yh_order` WHERE  `status` = 1 [ RunTime:0.000567s ]
[2020-11-15T21:22:01+08:00][sql] SELECT SUM(`payment`) AS think_sum FROM `yh_order` WHERE  `intime` <= 1604160000  AND `intime` >= 1601481600  AND `status` = 1 [ RunTime:0.000562s ]
[2020-11-15T21:22:01+08:00][sql] SELECT SUM(`payment`) AS think_sum FROM `yh_order` WHERE  `intime` >= 1604160000  AND `status` = 1 [ RunTime:0.000732s ]
[2020-11-15T21:22:01+08:00][sql] SHOW FULL COLUMNS FROM `yh_information` [ RunTime:0.012809s ]
[2020-11-15T21:22:01+08:00][sql] SELECT COUNT(*) AS think_count FROM `yh_information` [ RunTime:0.000789s ]
[2020-11-15T21:22:01+08:00][sql] SHOW FULL COLUMNS FROM `yh_record` [ RunTime:0.007661s ]
[2020-11-15T21:22:01+08:00][sql] SELECT COUNT(*) AS think_count FROM `yh_record` WHERE  `intime` >= 1605369600 [ RunTime:0.001166s ]
[2020-11-15T21:22:01+08:00][sql] SHOW FULL COLUMNS FROM `yh_business` [ RunTime:0.004046s ]
[2020-11-15T21:22:01+08:00][sql] SELECT COUNT(*) AS think_count FROM `yh_business` WHERE  `type` = 1 [ RunTime:0.000851s ]
[2020-11-15T21:22:01+08:00][sql] SELECT COUNT(*) AS think_count FROM `yh_business` WHERE  `type` = 2 [ RunTime:0.000743s ]
[2020-11-15T21:27:57+08:00][sql] CONNECT:[ UseTime:0.001338s ] mysql:host=127.0.0.1;port=3306;dbname=jifei_ymcx_shop;charset=utf8
[2020-11-15T21:27:57+08:00][sql] SHOW FULL COLUMNS FROM `yh_admin` [ RunTime:0.002288s ]
[2020-11-15T21:27:57+08:00][sql] SELECT * FROM `yh_admin` WHERE  `id` = 1 LIMIT 1 [ RunTime:0.000603s ]
[2020-11-15T21:27:57+08:00][sql] SHOW FULL COLUMNS FROM `yh_webpz` [ RunTime:0.002276s ]
[2020-11-15T21:27:57+08:00][sql] SELECT * FROM `yh_webpz` WHERE  `id` = 1 LIMIT 1 [ RunTime:0.000574s ]
[2020-11-15T21:27:57+08:00][sql] SHOW FULL COLUMNS FROM `yh_user` [ RunTime:0.003777s ]
[2020-11-15T21:27:57+08:00][sql] SELECT COUNT(*) AS think_count FROM `yh_user` [ RunTime:0.000644s ]
[2020-11-15T21:27:57+08:00][sql] SHOW FULL COLUMNS FROM `yh_order` [ RunTime:0.002383s ]
[2020-11-15T21:27:57+08:00][sql] SELECT SUM(`payment`) AS think_sum FROM `yh_order` WHERE  `status` = 1 [ RunTime:0.000595s ]
[2020-11-15T21:27:57+08:00][sql] SELECT SUM(`payment`) AS think_sum FROM `yh_order` WHERE  `intime` <= 1604160000  AND `intime` >= 1601481600  AND `status` = 1 [ RunTime:0.000508s ]
[2020-11-15T21:27:57+08:00][sql] SELECT SUM(`payment`) AS think_sum FROM `yh_order` WHERE  `intime` >= 1604160000  AND `status` = 1 [ RunTime:0.000449s ]
[2020-11-15T21:27:57+08:00][sql] SHOW FULL COLUMNS FROM `yh_information` [ RunTime:0.001772s ]
[2020-11-15T21:27:57+08:00][sql] SELECT COUNT(*) AS think_count FROM `yh_information` [ RunTime:0.000484s ]
[2020-11-15T21:27:57+08:00][sql] SHOW FULL COLUMNS FROM `yh_record` [ RunTime:0.001887s ]
[2020-11-15T21:27:57+08:00][sql] SELECT COUNT(*) AS think_count FROM `yh_record` WHERE  `intime` >= 1605369600 [ RunTime:0.000665s ]
[2020-11-15T21:27:57+08:00][sql] SHOW FULL COLUMNS FROM `yh_business` [ RunTime:0.001748s ]
[2020-11-15T21:27:57+08:00][sql] SELECT COUNT(*) AS think_count FROM `yh_business` WHERE  `type` = 1 [ RunTime:0.000587s ]
[2020-11-15T21:27:57+08:00][sql] SELECT COUNT(*) AS think_count FROM `yh_business` WHERE  `type` = 2 [ RunTime:0.000507s ]
[2020-11-15T21:27:58+08:00][sql] CONNECT:[ UseTime:0.001189s ] mysql:host=127.0.0.1;port=3306;dbname=jifei_ymcx_shop;charset=utf8
[2020-11-15T21:27:58+08:00][sql] SHOW FULL COLUMNS FROM `yh_admin` [ RunTime:0.005999s ]
[2020-11-15T21:27:58+08:00][sql] SELECT * FROM `yh_admin` WHERE  `id` = 1 LIMIT 1 [ RunTime:0.000992s ]
[2020-11-15T21:27:58+08:00][sql] SHOW FULL COLUMNS FROM `yh_webpz` [ RunTime:0.002528s ]
[2020-11-15T21:27:58+08:00][sql] SELECT * FROM `yh_webpz` WHERE  `id` = 1 LIMIT 1 [ RunTime:0.000673s ]
[2020-11-15T21:27:58+08:00][sql] SHOW FULL COLUMNS FROM `yh_record` [ RunTime:0.001890s ]
[2020-11-15T21:27:58+08:00][sql] SELECT COUNT(`id`) AS think_count FROM `yh_record` WHERE  `intime` >= 1605416400  AND `intime` <= 1605420000 [ RunTime:0.000902s ]
[2020-11-15T21:27:58+08:00][sql] SELECT COUNT(`id`) AS think_count FROM `yh_record` WHERE  `intime` >= 1605420000  AND `intime` <= 1605423600 [ RunTime:0.000752s ]
[2020-11-15T21:27:58+08:00][sql] SELECT COUNT(`id`) AS think_count FROM `yh_record` WHERE  `intime` >= 1605423600  AND `intime` <= 1605427200 [ RunTime:0.000730s ]
[2020-11-15T21:27:58+08:00][sql] SELECT COUNT(`id`) AS think_count FROM `yh_record` WHERE  `intime` >= 1605427200  AND `intime` <= 1605430800 [ RunTime:0.000888s ]
[2020-11-15T21:27:58+08:00][sql] SELECT COUNT(`id`) AS think_count FROM `yh_record` WHERE  `intime` >= 1605430800  AND `intime` <= 1605434400 [ RunTime:0.000815s ]
[2020-11-15T21:27:58+08:00][sql] SELECT COUNT(`id`) AS think_count FROM `yh_record` WHERE  `intime` >= 1605434400  AND `intime` <= 1605438000 [ RunTime:0.000893s ]
[2020-11-15T21:27:58+08:00][sql] SELECT COUNT(`id`) AS think_count FROM `yh_record` WHERE  `intime` >= 1605438000  AND `intime` <= 1605441600 [ RunTime:0.000787s ]
[2020-11-15T21:27:58+08:00][sql] SELECT COUNT(`id`) AS think_count FROM `yh_record` WHERE  `intime` >= 1605441600  AND `intime` <= 1605445200 [ RunTime:0.000874s ]
[2020-11-15T21:27:58+08:00][sql] SELECT COUNT(`id`) AS think_count FROM `yh_record` WHERE  `intime` >= 1605445200  AND `intime` <= 1605448800 [ RunTime:0.000790s ]
[2020-11-15T21:27:58+08:00][sql] SELECT COUNT(`id`) AS think_count FROM `yh_record` WHERE  `intime` >= 1605448800  AND `intime` <= 1605452400 [ RunTime:0.000882s ]
[2020-11-15T21:27:58+08:00][sql] SELECT COUNT(`id`) AS think_count FROM `yh_record` WHERE  `intime` >= 1605452400  AND `intime` <= 1605456000 [ RunTime:0.000751s ]
[2020-11-15T21:27:58+08:00][sql] SELECT COUNT(`id`) AS think_count FROM `yh_record` WHERE  `intime` >= 1605456000  AND `intime` <= [ RunTime:0.000721s ]
[2020-11-15T21:27:58+08:00][sql] SELECT COUNT(`id`) AS think_count FROM `yh_record` WHERE  `intime` >= 1605330000  AND `intime` <= 1605333600 [ RunTime:0.000741s ]
[2020-11-15T21:27:58+08:00][sql] SELECT COUNT(`id`) AS think_count FROM `yh_record` WHERE  `intime` >= 1605333600  AND `intime` <= 1605337200 [ RunTime:0.000779s ]
[2020-11-15T21:27:58+08:00][sql] SELECT COUNT(`id`) AS think_count FROM `yh_record` WHERE  `intime` >= 1605337200  AND `intime` <= 1605340800 [ RunTime:0.000728s ]
[2020-11-15T21:27:58+08:00][sql] SELECT COUNT(`id`) AS think_count FROM `yh_record` WHERE  `intime` >= 1605340800  AND `intime` <= 1605344400 [ RunTime:0.000745s ]
[2020-11-15T21:27:58+08:00][sql] SELECT COUNT(`id`) AS think_count FROM `yh_record` WHERE  `intime` >= 1605344400  AND `intime` <= 1605348000 [ RunTime:0.000724s ]
[2020-11-15T21:27:58+08:00][sql] SELECT COUNT(`id`) AS think_count FROM `yh_record` WHERE  `intime` >= 1605348000  AND `intime` <= 1605351600 [ RunTime:0.000691s ]
[2020-11-15T21:27:58+08:00][sql] SELECT COUNT(`id`) AS think_count FROM `yh_record` WHERE  `intime` >= 1605351600  AND `intime` <= 1605355200 [ RunTime:0.000753s ]
[2020-11-15T21:27:58+08:00][sql] SELECT COUNT(`id`) AS think_count FROM `yh_record` WHERE  `intime` >= 1605355200  AND `intime` <= 1605358800 [ RunTime:0.000695s ]
[2020-11-15T21:27:58+08:00][sql] SELECT COUNT(`id`) AS think_count FROM `yh_record` WHERE  `intime` >= 1605358800  AND `intime` <= 1605362400 [ RunTime:0.000768s ]
[2020-11-15T21:27:58+08:00][sql] SELECT COUNT(`id`) AS think_count FROM `yh_record` WHERE  `intime` >= 1605362400  AND `intime` <= 1605366000 [ RunTime:0.000735s ]
[2020-11-15T21:27:58+08:00][sql] SELECT COUNT(`id`) AS think_count FROM `yh_record` WHERE  `intime` >= 1605366000  AND `intime` <= 1605369600 [ RunTime:0.000770s ]
[2020-11-15T21:27:58+08:00][sql] SELECT COUNT(`id`) AS think_count FROM `yh_record` WHERE  `intime` >= 1605369600  AND `intime` <= [ RunTime:0.000697s ]
[2020-11-15T21:27:58+08:00][sql] SHOW FULL COLUMNS FROM `yh_business` [ RunTime:0.002206s ]
[2020-11-15T21:27:58+08:00][sql] SELECT COUNT(*) AS think_count FROM `yh_business` WHERE  `type` = 1 [ RunTime:0.000630s ]
[2020-11-15T21:27:58+08:00][sql] SELECT COUNT(*) AS think_count FROM `yh_business` WHERE  `type` = 2 [ RunTime:0.000555s ]
[2020-11-15T21:27:58+08:00][sql] SELECT `user_uid`,`calltoday` FROM `yh_business` ORDER BY `calltoday` DESC LIMIT 5 [ RunTime:0.000562s ]
[2020-11-15T21:27:59+08:00][sql] CONNECT:[ UseTime:0.001201s ] mysql:host=127.0.0.1;port=3306;dbname=jifei_ymcx_shop;charset=utf8
[2020-11-15T21:27:59+08:00][sql] SHOW FULL COLUMNS FROM `yh_admin` [ RunTime:0.003388s ]
[2020-11-15T21:27:59+08:00][sql] SELECT * FROM `yh_admin` WHERE  `id` = 1 LIMIT 1 [ RunTime:0.001168s ]
[2020-11-15T21:27:59+08:00][sql] SHOW FULL COLUMNS FROM `yh_webpz` [ RunTime:0.009140s ]
[2020-11-15T21:27:59+08:00][sql] SELECT * FROM `yh_webpz` WHERE  `id` = 1 LIMIT 1 [ RunTime:0.000617s ]
[2020-11-15T21:27:59+08:00][sql] SELECT `tep` FROM `yh_webpz` WHERE  `id` = 1 LIMIT 1 [ RunTime:0.000497s ]
[2020-11-15T21:27:59+08:00][sql] SHOW FULL COLUMNS FROM `yh_information` [ RunTime:0.002084s ]
[2020-11-15T21:27:59+08:00][sql] SELECT * FROM `yh_information` WHERE  `id` = 1 LIMIT 1 [ RunTime:0.000733s ]
[2020-11-15T21:28:30+08:00][sql] CONNECT:[ UseTime:0.001137s ] mysql:host=127.0.0.1;port=3306;dbname=jifei_ymcx_shop;charset=utf8
[2020-11-15T21:28:30+08:00][sql] SHOW FULL COLUMNS FROM `yh_admin` [ RunTime:0.002671s ]
[2020-11-15T21:28:30+08:00][sql] SELECT * FROM `yh_admin` WHERE  `id` = 1 LIMIT 1 [ RunTime:0.000751s ]
[2020-11-15T21:28:30+08:00][sql] SHOW FULL COLUMNS FROM `yh_webpz` [ RunTime:0.002162s ]
[2020-11-15T21:28:30+08:00][sql] SELECT * FROM `yh_webpz` WHERE  `id` = 1 LIMIT 1 [ RunTime:0.000823s ]
[2020-11-15T21:28:30+08:00][sql] SELECT * FROM `yh_webpz` WHERE  `id` = 1 LIMIT 1 [ RunTime:0.000787s ]
[2020-11-15T21:28:30+08:00][sql] SHOW FULL COLUMNS FROM `yh_information` [ RunTime:0.002273s ]
[2020-11-15T21:28:30+08:00][sql] SELECT * FROM `yh_information` WHERE  `id` = 1 LIMIT 1 [ RunTime:0.000694s ]
[2020-11-15T21:28:32+08:00][sql] CONNECT:[ UseTime:0.001250s ] mysql:host=127.0.0.1;port=3306;dbname=jifei_ymcx_shop;charset=utf8
[2020-11-15T21:28:32+08:00][sql] SHOW FULL COLUMNS FROM `yh_admin` [ RunTime:0.002477s ]
[2020-11-15T21:28:32+08:00][sql] SELECT * FROM `yh_admin` WHERE  `id` = 1 LIMIT 1 [ RunTime:0.001093s ]
[2020-11-15T21:28:32+08:00][sql] SHOW FULL COLUMNS FROM `yh_webpz` [ RunTime:0.001886s ]
[2020-11-15T21:28:32+08:00][sql] SELECT * FROM `yh_webpz` WHERE  `id` = 1 LIMIT 1 [ RunTime:0.000781s ]
[2020-11-15T21:28:32+08:00][sql] SELECT `tep` FROM `yh_webpz` WHERE  `id` = 1 LIMIT 1 [ RunTime:0.000755s ]
[2020-11-15T21:28:32+08:00][sql] SHOW FULL COLUMNS FROM `yh_information` [ RunTime:0.002339s ]
[2020-11-15T21:28:32+08:00][sql] SELECT * FROM `yh_information` WHERE  `id` = 1 LIMIT 1 [ RunTime:0.000694s ]
[2020-11-15T21:28:39+08:00][sql] CONNECT:[ UseTime:0.001961s ] mysql:host=127.0.0.1;port=3306;dbname=jifei_ymcx_shop;charset=utf8
[2020-11-15T21:28:39+08:00][sql] SHOW FULL COLUMNS FROM `yh_admin` [ RunTime:0.002112s ]
[2020-11-15T21:28:39+08:00][sql] SELECT * FROM `yh_admin` WHERE  `id` = 1 LIMIT 1 [ RunTime:0.000685s ]
[2020-11-15T21:28:39+08:00][sql] SHOW FULL COLUMNS FROM `yh_webpz` [ RunTime:0.001972s ]
[2020-11-15T21:28:39+08:00][sql] SELECT * FROM `yh_webpz` WHERE  `id` = 1 LIMIT 1 [ RunTime:0.000612s ]
[2020-11-15T21:28:39+08:00][sql] SELECT * FROM `yh_webpz` WHERE  `id` = 1 LIMIT 1 [ RunTime:0.000928s ]
[2020-11-15T21:28:39+08:00][sql] SHOW FULL COLUMNS FROM `yh_information` [ RunTime:0.002701s ]
[2020-11-15T21:28:39+08:00][sql] SELECT * FROM `yh_information` WHERE  `id` = 1 LIMIT 1 [ RunTime:0.000775s ]
[2020-11-15T21:28:42+08:00][sql] CONNECT:[ UseTime:0.004260s ] mysql:host=127.0.0.1;port=3306;dbname=jifei_ymcx_shop;charset=utf8
[2020-11-15T21:28:42+08:00][sql] SHOW FULL COLUMNS FROM `yh_admin` [ RunTime:0.007773s ]
[2020-11-15T21:28:42+08:00][sql] SELECT * FROM `yh_admin` WHERE  `id` = 1 LIMIT 1 [ RunTime:0.000780s ]
[2020-11-15T21:28:42+08:00][sql] SHOW FULL COLUMNS FROM `yh_webpz` [ RunTime:0.002410s ]
[2020-11-15T21:28:42+08:00][sql] SELECT * FROM `yh_webpz` WHERE  `id` = 1 LIMIT 1 [ RunTime:0.000717s ]
[2020-11-15T21:28:42+08:00][sql] SELECT `tep` FROM `yh_webpz` WHERE  `id` = 1 LIMIT 1 [ RunTime:0.000691s ]
[2020-11-15T21:28:42+08:00][sql] SHOW FULL COLUMNS FROM `yh_information` [ RunTime:0.002051s ]
[2020-11-15T21:28:42+08:00][sql] SELECT * FROM `yh_information` WHERE  `id` = 1 LIMIT 1 [ RunTime:0.000668s ]
[2020-11-15T21:30:24+08:00][sql] CONNECT:[ UseTime:0.008479s ] mysql:host=127.0.0.1;port=3306;dbname=jifei_ymcx_shop;charset=utf8
[2020-11-15T21:30:24+08:00][sql] SHOW FULL COLUMNS FROM `yh_admin` [ RunTime:0.002845s ]
[2020-11-15T21:30:24+08:00][sql] SELECT * FROM `yh_admin` WHERE  `id` = 1 LIMIT 1 [ RunTime:0.000686s ]
[2020-11-15T21:30:24+08:00][sql] SHOW FULL COLUMNS FROM `yh_webpz` [ RunTime:0.003239s ]
[2020-11-15T21:30:24+08:00][sql] SELECT * FROM `yh_webpz` WHERE  `id` = 1 LIMIT 1 [ RunTime:0.000825s ]
[2020-11-15T21:30:24+08:00][sql] SELECT `tep` FROM `yh_webpz` WHERE  `id` = 1 LIMIT 1 [ RunTime:0.000756s ]
[2020-11-15T21:30:24+08:00][sql] SHOW FULL COLUMNS FROM `yh_information` [ RunTime:0.004066s ]
[2020-11-15T21:30:24+08:00][sql] SELECT * FROM `yh_information` WHERE  `id` = 1 LIMIT 1 [ RunTime:0.000961s ]
[2020-11-15T21:30:27+08:00][sql] CONNECT:[ UseTime:0.004848s ] mysql:host=127.0.0.1;port=3306;dbname=jifei_ymcx_shop;charset=utf8
[2020-11-15T21:30:27+08:00][sql] SHOW FULL COLUMNS FROM `yh_admin` [ RunTime:0.005805s ]
[2020-11-15T21:30:27+08:00][sql] SELECT * FROM `yh_admin` WHERE  `id` = 1 LIMIT 1 [ RunTime:0.003606s ]
[2020-11-15T21:30:27+08:00][sql] SHOW FULL COLUMNS FROM `yh_webpz` [ RunTime:0.003318s ]
[2020-11-15T21:30:27+08:00][sql] SELECT * FROM `yh_webpz` WHERE  `id` = 1 LIMIT 1 [ RunTime:0.000654s ]
[2020-11-15T21:30:27+08:00][sql] SELECT * FROM `yh_webpz` WHERE  `id` = 1 LIMIT 1 [ RunTime:0.004552s ]
[2020-11-15T21:30:27+08:00][sql] UPDATE `yh_webpz`  SET `contents` = '海视频解析提供无广告解析接口搭建服务,全网通用解析支持爱奇艺、腾讯、优酷、芒果、乐视等60多个站点的视频解析!'  WHERE  `id` = 1 [ RunTime:0.000698s ]
[2020-11-15T21:30:27+08:00][sql] SHOW FULL COLUMNS FROM `yh_information` [ RunTime:0.002882s ]
[2020-11-15T21:30:27+08:00][sql] SELECT * FROM `yh_information` WHERE  `id` = 1 LIMIT 1 [ RunTime:0.000674s ]
[2020-11-15T21:30:30+08:00][sql] CONNECT:[ UseTime:0.013921s ] mysql:host=127.0.0.1;port=3306;dbname=jifei_ymcx_shop;charset=utf8
[2020-11-15T21:30:30+08:00][sql] SHOW FULL COLUMNS FROM `yh_admin` [ RunTime:0.006555s ]
[2020-11-15T21:30:30+08:00][sql] SELECT * FROM `yh_admin` WHERE  `id` = 1 LIMIT 1 [ RunTime:0.001720s ]
[2020-11-15T21:30:30+08:00][sql] SHOW FULL COLUMNS FROM `yh_webpz` [ RunTime:0.002218s ]
[2020-11-15T21:30:30+08:00][sql] SELECT * FROM `yh_webpz` WHERE  `id` = 1 LIMIT 1 [ RunTime:0.000599s ]
[2020-11-15T21:30:30+08:00][sql] SELECT `tep` FROM `yh_webpz` WHERE  `id` = 1 LIMIT 1 [ RunTime:0.000456s ]
[2020-11-15T21:30:30+08:00][sql] SHOW FULL COLUMNS FROM `yh_information` [ RunTime:0.006264s ]
[2020-11-15T21:30:30+08:00][sql] SELECT * FROM `yh_information` WHERE  `id` = 1 LIMIT 1 [ RunTime:0.000799s ]
[2020-11-15T21:30:31+08:00][sql] CONNECT:[ UseTime:0.001171s ] mysql:host=127.0.0.1;port=3306;dbname=jifei_ymcx_shop;charset=utf8
[2020-11-15T21:30:31+08:00][sql] SHOW FULL COLUMNS FROM `yh_admin` [ RunTime:0.002190s ]
[2020-11-15T21:30:31+08:00][sql] SELECT * FROM `yh_admin` WHERE  `id` = 1 LIMIT 1 [ RunTime:0.001064s ]
[2020-11-15T21:30:31+08:00][sql] SHOW FULL COLUMNS FROM `yh_webpz` [ RunTime:0.001799s ]
[2020-11-15T21:30:31+08:00][sql] SELECT * FROM `yh_webpz` WHERE  `id` = 1 LIMIT 1 [ RunTime:0.000570s ]
[2020-11-15T21:30:31+08:00][sql] SELECT `tep` FROM `yh_webpz` WHERE  `id` = 1 LIMIT 1 [ RunTime:0.000475s ]
[2020-11-15T21:30:31+08:00][sql] SHOW FULL COLUMNS FROM `yh_information` [ RunTime:0.002025s ]
[2020-11-15T21:30:31+08:00][sql] SELECT * FROM `yh_information` WHERE  `id` = 1 LIMIT 1 [ RunTime:0.000589s ]
[2020-11-15T21:30:32+08:00][sql] CONNECT:[ UseTime:0.005773s ] mysql:host=127.0.0.1;port=3306;dbname=jifei_ymcx_shop;charset=utf8
[2020-11-15T21:30:32+08:00][sql] SHOW FULL COLUMNS FROM `yh_admin` [ RunTime:0.005389s ]
[2020-11-15T21:30:32+08:00][sql] SELECT * FROM `yh_admin` WHERE  `id` = 1 LIMIT 1 [ RunTime:0.006023s ]
[2020-11-15T21:30:32+08:00][sql] SHOW FULL COLUMNS FROM `yh_webpz` [ RunTime:0.002626s ]
[2020-11-15T21:30:32+08:00][sql] SELECT * FROM `yh_webpz` WHERE  `id` = 1 LIMIT 1 [ RunTime:0.000786s ]
[2020-11-15T21:30:32+08:00][sql] SELECT `tep` FROM `yh_webpz` WHERE  `id` = 1 LIMIT 1 [ RunTime:0.000667s ]
[2020-11-15T21:30:32+08:00][sql] SHOW FULL COLUMNS FROM `yh_information` [ RunTime:0.002126s ]
[2020-11-15T21:30:32+08:00][sql] SELECT * FROM `yh_information` WHERE  `id` = 1 LIMIT 1 [ RunTime:0.000643s ]
[2020-11-15T21:30:33+08:00][sql] CONNECT:[ UseTime:0.001367s ] mysql:host=127.0.0.1;port=3306;dbname=jifei_ymcx_shop;charset=utf8
[2020-11-15T21:30:33+08:00][sql] SHOW FULL COLUMNS FROM `yh_admin` [ RunTime:0.002459s ]
[2020-11-15T21:30:33+08:00][sql] SELECT * FROM `yh_admin` WHERE  `id` = 1 LIMIT 1 [ RunTime:0.000787s ]
[2020-11-15T21:30:33+08:00][sql] SHOW FULL COLUMNS FROM `yh_webpz` [ RunTime:0.002226s ]
[2020-11-15T21:30:33+08:00][sql] SELECT * FROM `yh_webpz` WHERE  `id` = 1 LIMIT 1 [ RunTime:0.000804s ]
[2020-11-15T21:30:33+08:00][sql] SELECT `tep` FROM `yh_webpz` WHERE  `id` = 1 LIMIT 1 [ RunTime:0.003742s ]
[2020-11-15T21:30:33+08:00][sql] SHOW FULL COLUMNS FROM `yh_information` [ RunTime:0.006832s ]
[2020-11-15T21:30:33+08:00][sql] SELECT * FROM `yh_information` WHERE  `id` = 1 LIMIT 1 [ RunTime:0.000738s ]
[2020-11-15T21:30:38+08:00][sql] CONNECT:[ UseTime:0.001270s ] mysql:host=127.0.0.1;port=3306;dbname=jifei_ymcx_shop;charset=utf8
[2020-11-15T21:30:38+08:00][sql] SHOW FULL COLUMNS FROM `yh_admin` [ RunTime:0.002119s ]
[2020-11-15T21:30:38+08:00][sql] SELECT * FROM `yh_admin` WHERE  `id` = 1 LIMIT 1 [ RunTime:0.000655s ]
[2020-11-15T21:30:38+08:00][sql] SHOW FULL COLUMNS FROM `yh_webpz` [ RunTime:0.001842s ]
[2020-11-15T21:30:38+08:00][sql] SELECT * FROM `yh_webpz` WHERE  `id` = 1 LIMIT 1 [ RunTime:0.000830s ]
[2020-11-15T21:30:38+08:00][sql] SELECT * FROM `yh_webpz` WHERE  `id` = 1 LIMIT 1 [ RunTime:0.000682s ]
[2020-11-15T21:30:38+08:00][sql] UPDATE `yh_webpz`  SET `contents` = '云海视频解析提供无广告解析接口搭建服务,全网通用解析支持爱奇艺、腾讯、优酷、芒果、乐视等60多个站点的视频解析!'  WHERE  `id` = 1 [ RunTime:0.000851s ]
[2020-11-15T21:30:38+08:00][sql] SHOW FULL COLUMNS FROM `yh_information` [ RunTime:0.001944s ]
[2020-11-15T21:30:38+08:00][sql] SELECT * FROM `yh_information` WHERE  `id` = 1 LIMIT 1 [ RunTime:0.005035s ]
[2020-11-15T21:30:40+08:00][sql] CONNECT:[ UseTime:0.003602s ] mysql:host=127.0.0.1;port=3306;dbname=jifei_ymcx_shop;charset=utf8
[2020-11-15T21:30:40+08:00][sql] SHOW FULL COLUMNS FROM `yh_admin` [ RunTime:0.005903s ]
[2020-11-15T21:30:40+08:00][sql] SELECT * FROM `yh_admin` WHERE  `id` = 1 LIMIT 1 [ RunTime:0.004234s ]
[2020-11-15T21:30:40+08:00][sql] SHOW FULL COLUMNS FROM `yh_webpz` [ RunTime:0.007190s ]
[2020-11-15T21:30:40+08:00][sql] SELECT * FROM `yh_webpz` WHERE  `id` = 1 LIMIT 1 [ RunTime:0.000679s ]
[2020-11-15T21:30:40+08:00][sql] SELECT `tep` FROM `yh_webpz` WHERE  `id` = 1 LIMIT 1 [ RunTime:0.000508s ]
[2020-11-15T21:30:40+08:00][sql] SHOW FULL COLUMNS FROM `yh_information` [ RunTime:0.002114s ]
[2020-11-15T21:30:40+08:00][sql] SELECT * FROM `yh_information` WHERE  `id` = 1 LIMIT 1 [ RunTime:0.000643s ]
[2020-11-15T21:30:41+08:00][sql] CONNECT:[ UseTime:0.001090s ] mysql:host=127.0.0.1;port=3306;dbname=jifei_ymcx_shop;charset=utf8
[2020-11-15T21:30:41+08:00][sql] SHOW FULL COLUMNS FROM `yh_admin` [ RunTime:0.006900s ]
[2020-11-15T21:30:41+08:00][sql] SELECT * FROM `yh_admin` WHERE  `id` = 1 LIMIT 1 [ RunTime:0.001363s ]
[2020-11-15T21:30:41+08:00][sql] SHOW FULL COLUMNS FROM `yh_webpz` [ RunTime:0.004182s ]
[2020-11-15T21:30:41+08:00][sql] SELECT * FROM `yh_webpz` WHERE  `id` = 1 LIMIT 1 [ RunTime:0.002036s ]
[2020-11-15T21:30:41+08:00][sql] SELECT `tep` FROM `yh_webpz` WHERE  `id` = 1 LIMIT 1 [ RunTime:0.001166s ]
[2020-11-15T21:30:41+08:00][sql] SHOW FULL COLUMNS FROM `yh_information` [ RunTime:0.003732s ]
[2020-11-15T21:30:41+08:00][sql] SELECT * FROM `yh_information` WHERE  `id` = 1 LIMIT 1 [ RunTime:0.001435s ]
[2020-11-15T21:31:17+08:00][sql] CONNECT:[ UseTime:0.001609s ] mysql:host=127.0.0.1;port=3306;dbname=jifei_ymcx_shop;charset=utf8
[2020-11-15T21:31:17+08:00][sql] SHOW FULL COLUMNS FROM `yh_admin` [ RunTime:0.005690s ]
[2020-11-15T21:31:17+08:00][sql] SELECT * FROM `yh_admin` WHERE  `id` = 1 LIMIT 1 [ RunTime:0.005463s ]
[2020-11-15T21:31:17+08:00][sql] SHOW FULL COLUMNS FROM `yh_webpz` [ RunTime:0.002296s ]
[2020-11-15T21:31:17+08:00][sql] SELECT * FROM `yh_webpz` WHERE  `id` = 1 LIMIT 1 [ RunTime:0.000729s ]
[2020-11-15T21:31:17+08:00][sql] SELECT * FROM `yh_webpz` WHERE  `id` = 1 LIMIT 1 [ RunTime:0.000687s ]
[2020-11-15T21:31:17+08:00][sql] SHOW FULL COLUMNS FROM `yh_information` [ RunTime:0.002184s ]
[2020-11-15T21:31:17+08:00][sql] SELECT * FROM `yh_information` WHERE  `id` = 1 LIMIT 1 [ RunTime:0.000698s ]
[2020-11-15T21:31:21+08:00][sql] CONNECT:[ UseTime:0.001220s ] mysql:host=127.0.0.1;port=3306;dbname=jifei_ymcx_shop;charset=utf8
[2020-11-15T21:31:21+08:00][sql] SHOW FULL COLUMNS FROM `yh_admin` [ RunTime:0.003451s ]
[2020-11-15T21:31:21+08:00][sql] SELECT * FROM `yh_admin` WHERE  `id` = 1 LIMIT 1 [ RunTime:0.001073s ]
[2020-11-15T21:31:21+08:00][sql] SHOW FULL COLUMNS FROM `yh_webpz` [ RunTime:0.002464s ]
[2020-11-15T21:31:21+08:00][sql] SELECT * FROM `yh_webpz` WHERE  `id` = 1 LIMIT 1 [ RunTime:0.000587s ]
[2020-11-15T21:31:21+08:00][sql] SELECT * FROM `yh_webpz` WHERE  `id` = 1 LIMIT 1 [ RunTime:0.000559s ]
[2020-11-15T21:31:21+08:00][sql] SHOW FULL COLUMNS FROM `yh_information` [ RunTime:0.001821s ]
[2020-11-15T21:31:21+08:00][sql] SELECT * FROM `yh_information` WHERE  `id` = 1 LIMIT 1 [ RunTime:0.000744s ]
[2020-11-15T21:31:23+08:00][sql] CONNECT:[ UseTime:0.001173s ] mysql:host=127.0.0.1;port=3306;dbname=jifei_ymcx_shop;charset=utf8
[2020-11-15T21:31:23+08:00][sql] SHOW FULL COLUMNS FROM `yh_admin` [ RunTime:0.002266s ]
[2020-11-15T21:31:23+08:00][sql] SELECT * FROM `yh_admin` WHERE  `id` = 1 LIMIT 1 [ RunTime:0.000655s ]
[2020-11-15T21:31:23+08:00][sql] SHOW FULL COLUMNS FROM `yh_webpz` [ RunTime:0.002024s ]
[2020-11-15T21:31:23+08:00][sql] SELECT * FROM `yh_webpz` WHERE  `id` = 1 LIMIT 1 [ RunTime:0.000606s ]
[2020-11-15T21:31:23+08:00][sql] SELECT * FROM `yh_webpz` WHERE  `id` = 1 LIMIT 1 [ RunTime:0.001388s ]
[2020-11-15T21:31:23+08:00][sql] SHOW FULL COLUMNS FROM `yh_information` [ RunTime:0.006188s ]
[2020-11-15T21:31:23+08:00][sql] SELECT * FROM `yh_information` WHERE  `id` = 1 LIMIT 1 [ RunTime:0.009555s ]
[2020-11-15T21:32:34+08:00][sql] CONNECT:[ UseTime:0.001252s ] mysql:host=127.0.0.1;port=3306;dbname=jifei_ymcx_shop;charset=utf8
[2020-11-15T21:32:34+08:00][sql] SHOW FULL COLUMNS FROM `yh_admin` [ RunTime:0.005235s ]
[2020-11-15T21:32:34+08:00][sql] SELECT * FROM `yh_admin` WHERE  `id` = 1 LIMIT 1 [ RunTime:0.000550s ]
[2020-11-15T21:32:34+08:00][sql] SHOW FULL COLUMNS FROM `yh_webpz` [ RunTime:0.001401s ]
[2020-11-15T21:32:34+08:00][sql] SELECT * FROM `yh_webpz` WHERE  `id` = 1 LIMIT 1 [ RunTime:0.001036s ]
[2020-11-15T21:32:34+08:00][sql] SELECT * FROM `yh_webpz` WHERE  `id` = 1 LIMIT 1 [ RunTime:0.000542s ]
[2020-11-15T21:32:34+08:00][sql] SHOW FULL COLUMNS FROM `yh_information` [ RunTime:0.001969s ]
[2020-11-15T21:32:34+08:00][sql] SELECT * FROM `yh_information` WHERE  `id` = 1 LIMIT 1 [ RunTime:0.000433s ]
[2020-11-15T21:32:36+08:00][sql] CONNECT:[ UseTime:0.003626s ] mysql:host=127.0.0.1;port=3306;dbname=jifei_ymcx_shop;charset=utf8
[2020-11-15T21:32:36+08:00][sql] SHOW FULL COLUMNS FROM `yh_admin` [ RunTime:0.005886s ]
[2020-11-15T21:32:36+08:00][sql] SELECT * FROM `yh_admin` WHERE  `id` = 1 LIMIT 1 [ RunTime:0.005140s ]
[2020-11-15T21:32:36+08:00][sql] SHOW FULL COLUMNS FROM `yh_webpz` [ RunTime:0.002690s ]
[2020-11-15T21:32:36+08:00][sql] SELECT * FROM `yh_webpz` WHERE  `id` = 1 LIMIT 1 [ RunTime:0.000776s ]
[2020-11-15T21:32:36+08:00][sql] SELECT * FROM `yh_webpz` WHERE  `id` = 1 LIMIT 1 [ RunTime:0.000702s ]
[2020-11-15T21:32:36+08:00][sql] SHOW FULL COLUMNS FROM `yh_information` [ RunTime:0.001845s ]
[2020-11-15T21:32:36+08:00][sql] SELECT * FROM `yh_information` WHERE  `id` = 1 LIMIT 1 [ RunTime:0.000602s ]
[2020-11-15T21:32:39+08:00][sql] CONNECT:[ UseTime:0.002022s ] mysql:host=127.0.0.1;port=3306;dbname=jifei_ymcx_shop;charset=utf8
[2020-11-15T21:32:39+08:00][sql] SHOW FULL COLUMNS FROM `yh_admin` [ RunTime:0.001778s ]
[2020-11-15T21:32:39+08:00][sql] SELECT * FROM `yh_admin` WHERE  `id` = 1 LIMIT 1 [ RunTime:0.000536s ]
[2020-11-15T21:32:39+08:00][sql] SHOW FULL COLUMNS FROM `yh_webpz` [ RunTime:0.001516s ]
[2020-11-15T21:32:39+08:00][sql] SELECT * FROM `yh_webpz` WHERE  `id` = 1 LIMIT 1 [ RunTime:0.001178s ]
[2020-11-15T21:32:39+08:00][sql] SELECT * FROM `yh_webpz` WHERE  `id` = 1 LIMIT 1 [ RunTime:0.000583s ]
[2020-11-15T21:32:39+08:00][sql] SHOW FULL COLUMNS FROM `yh_information` [ RunTime:0.007804s ]
[2020-11-15T21:32:39+08:00][sql] SELECT * FROM `yh_information` WHERE  `id` = 1 LIMIT 1 [ RunTime:0.001770s ]
[2020-11-15T21:32:41+08:00][sql] CONNECT:[ UseTime:0.003993s ] mysql:host=127.0.0.1;port=3306;dbname=jifei_ymcx_shop;charset=utf8
[2020-11-15T21:32:41+08:00][sql] SHOW FULL COLUMNS FROM `yh_admin` [ RunTime:0.007103s ]
[2020-11-15T21:32:41+08:00][sql] SELECT * FROM `yh_admin` WHERE  `id` = 1 LIMIT 1 [ RunTime:0.004235s ]
[2020-11-15T21:32:41+08:00][sql] SHOW FULL COLUMNS FROM `yh_webpz` [ RunTime:0.004301s ]
[2020-11-15T21:32:41+08:00][sql] SELECT * FROM `yh_webpz` WHERE  `id` = 1 LIMIT 1 [ RunTime:0.001330s ]
[2020-11-15T21:32:41+08:00][sql] SELECT * FROM `yh_webpz` WHERE  `id` = 1 LIMIT 1 [ RunTime:0.001943s ]
[2020-11-15T21:32:41+08:00][sql] SHOW FULL COLUMNS FROM `yh_information` [ RunTime:0.002615s ]
[2020-11-15T21:32:41+08:00][sql] SELECT * FROM `yh_information` WHERE  `id` = 1 LIMIT 1 [ RunTime:0.000752s ]
[2020-11-15T21:32:43+08:00][sql] CONNECT:[ UseTime:0.004399s ] mysql:host=127.0.0.1;port=3306;dbname=jifei_ymcx_shop;charset=utf8
[2020-11-15T21:32:43+08:00][sql] SHOW FULL COLUMNS FROM `yh_admin` [ RunTime:0.005611s ]
[2020-11-15T21:32:43+08:00][sql] SELECT * FROM `yh_admin` WHERE  `id` = 1 LIMIT 1 [ RunTime:0.008514s ]
[2020-11-15T21:32:43+08:00][sql] SHOW FULL COLUMNS FROM `yh_webpz` [ RunTime:0.003262s ]
[2020-11-15T21:32:43+08:00][sql] SELECT * FROM `yh_webpz` WHERE  `id` = 1 LIMIT 1 [ RunTime:0.001380s ]
[2020-11-15T21:32:43+08:00][sql] SELECT * FROM `yh_webpz` WHERE  `id` = 1 LIMIT 1 [ RunTime:0.000786s ]
[2020-11-15T21:32:43+08:00][sql] SHOW FULL COLUMNS FROM `yh_information` [ RunTime:0.002355s ]
[2020-11-15T21:32:43+08:00][sql] SELECT * FROM `yh_information` WHERE  `id` = 1 LIMIT 1 [ RunTime:0.000682s ]
[2020-11-15T21:32:50+08:00][sql] CONNECT:[ UseTime:0.001342s ] mysql:host=127.0.0.1;port=3306;dbname=jifei_ymcx_shop;charset=utf8
[2020-11-15T21:32:50+08:00][sql] SHOW FULL COLUMNS FROM `yh_admin` [ RunTime:0.003118s ]
[2020-11-15T21:32:50+08:00][sql] SELECT * FROM `yh_admin` WHERE  `id` = 1 LIMIT 1 [ RunTime:0.000885s ]
[2020-11-15T21:32:50+08:00][sql] SHOW FULL COLUMNS FROM `yh_webpz` [ RunTime:0.003956s ]
[2020-11-15T21:32:50+08:00][sql] SELECT * FROM `yh_webpz` WHERE  `id` = 1 LIMIT 1 [ RunTime:0.001127s ]
[2020-11-15T21:32:50+08:00][sql] SELECT * FROM `yh_webpz` WHERE  `id` = 1 LIMIT 1 [ RunTime:0.000553s ]
[2020-11-15T21:32:50+08:00][sql] SHOW FULL COLUMNS FROM `yh_information` [ RunTime:0.001630s ]
[2020-11-15T21:32:50+08:00][sql] SELECT * FROM `yh_information` WHERE  `id` = 1 LIMIT 1 [ RunTime:0.000634s ]
[2020-11-15T21:32:52+08:00][sql] CONNECT:[ UseTime:0.001370s ] mysql:host=127.0.0.1;port=3306;dbname=jifei_ymcx_shop;charset=utf8
[2020-11-15T21:32:52+08:00][sql] SHOW FULL COLUMNS FROM `yh_admin` [ RunTime:0.002343s ]
[2020-11-15T21:32:52+08:00][sql] SELECT * FROM `yh_admin` WHERE  `id` = 1 LIMIT 1 [ RunTime:0.000677s ]
[2020-11-15T21:32:52+08:00][sql] SHOW FULL COLUMNS FROM `yh_webpz` [ RunTime:0.003000s ]
[2020-11-15T21:32:52+08:00][sql] SELECT * FROM `yh_webpz` WHERE  `id` = 1 LIMIT 1 [ RunTime:0.000814s ]
[2020-11-15T21:32:52+08:00][sql] SELECT * FROM `yh_webpz` WHERE  `id` = 1 LIMIT 1 [ RunTime:0.000686s ]
[2020-11-15T21:32:52+08:00][sql] SHOW FULL COLUMNS FROM `yh_information` [ RunTime:0.002001s ]
[2020-11-15T21:32:52+08:00][sql] SELECT * FROM `yh_information` WHERE  `id` = 1 LIMIT 1 [ RunTime:0.001089s ]
[2020-11-15T21:32:58+08:00][sql] CONNECT:[ UseTime:0.006629s ] mysql:host=127.0.0.1;port=3306;dbname=jifei_ymcx_shop;charset=utf8
[2020-11-15T21:32:58+08:00][sql] SHOW FULL COLUMNS FROM `yh_admin` [ RunTime:0.002063s ]
[2020-11-15T21:32:58+08:00][sql] SELECT * FROM `yh_admin` WHERE  `id` = 1 LIMIT 1 [ RunTime:0.000659s ]
[2020-11-15T21:32:58+08:00][sql] SHOW FULL COLUMNS FROM `yh_webpz` [ RunTime:0.003490s ]
[2020-11-15T21:32:58+08:00][sql] SELECT * FROM `yh_webpz` WHERE  `id` = 1 LIMIT 1 [ RunTime:0.003420s ]
[2020-11-15T21:32:58+08:00][sql] SELECT * FROM `yh_webpz` WHERE  `id` = 1 LIMIT 1 [ RunTime:0.002258s ]
[2020-11-15T21:32:58+08:00][sql] SHOW FULL COLUMNS FROM `yh_information` [ RunTime:0.003218s ]
[2020-11-15T21:32:58+08:00][sql] SELECT * FROM `yh_information` WHERE  `id` = 1 LIMIT 1 [ RunTime:0.000881s ]
[2020-11-15T21:32:59+08:00][sql] CONNECT:[ UseTime:0.000850s ] mysql:host=127.0.0.1;port=3306;dbname=jifei_ymcx_shop;charset=utf8
[2020-11-15T21:32:59+08:00][sql] SHOW FULL COLUMNS FROM `yh_admin` [ RunTime:0.004468s ]
[2020-11-15T21:32:59+08:00][sql] SELECT * FROM `yh_admin` WHERE  `id` = 1 LIMIT 1 [ RunTime:0.000777s ]
[2020-11-15T21:32:59+08:00][sql] SHOW FULL COLUMNS FROM `yh_webpz` [ RunTime:0.002009s ]
[2020-11-15T21:32:59+08:00][sql] SELECT * FROM `yh_webpz` WHERE  `id` = 1 LIMIT 1 [ RunTime:0.000587s ]
[2020-11-15T21:32:59+08:00][sql] SELECT * FROM `yh_webpz` WHERE  `id` = 1 LIMIT 1 [ RunTime:0.000608s ]
[2020-11-15T21:32:59+08:00][sql] SHOW FULL COLUMNS FROM `yh_information` [ RunTime:0.002029s ]
[2020-11-15T21:32:59+08:00][sql] SELECT * FROM `yh_information` WHERE  `id` = 1 LIMIT 1 [ RunTime:0.000578s ]
[2020-11-15T21:33:05+08:00][sql] CONNECT:[ UseTime:0.001287s ] mysql:host=127.0.0.1;port=3306;dbname=jifei_ymcx_shop;charset=utf8
[2020-11-15T21:33:05+08:00][sql] SHOW FULL COLUMNS FROM `yh_admin` [ RunTime:0.001940s ]
[2020-11-15T21:33:05+08:00][sql] SELECT * FROM `yh_admin` WHERE  `id` = 1 LIMIT 1 [ RunTime:0.001560s ]
[2020-11-15T21:33:05+08:00][sql] SHOW FULL COLUMNS FROM `yh_webpz` [ RunTime:0.003420s ]
[2020-11-15T21:33:05+08:00][sql] SELECT * FROM `yh_webpz` WHERE  `id` = 1 LIMIT 1 [ RunTime:0.001019s ]
[2020-11-15T21:33:05+08:00][sql] SELECT * FROM `yh_webpz` WHERE  `id` = 1 LIMIT 1 [ RunTime:0.002766s ]
[2020-11-15T21:33:05+08:00][sql] SHOW FULL COLUMNS FROM `yh_information` [ RunTime:0.002074s ]
[2020-11-15T21:33:05+08:00][sql] SELECT * FROM `yh_information` WHERE  `id` = 1 LIMIT 1 [ RunTime:0.000636s ]
[2020-11-15T21:33:07+08:00][sql] CONNECT:[ UseTime:0.001902s ] mysql:host=127.0.0.1;port=3306;dbname=jifei_ymcx_shop;charset=utf8
[2020-11-15T21:33:07+08:00][sql] SHOW FULL COLUMNS FROM `yh_admin` [ RunTime:0.002123s ]
[2020-11-15T21:33:07+08:00][sql] SELECT * FROM `yh_admin` WHERE  `id` = 1 LIMIT 1 [ RunTime:0.000708s ]
[2020-11-15T21:33:07+08:00][sql] SHOW FULL COLUMNS FROM `yh_webpz` [ RunTime:0.004566s ]
[2020-11-15T21:33:07+08:00][sql] SELECT * FROM `yh_webpz` WHERE  `id` = 1 LIMIT 1 [ RunTime:0.005531s ]
[2020-11-15T21:33:07+08:00][sql] SELECT * FROM `yh_webpz` WHERE  `id` = 1 LIMIT 1 [ RunTime:0.003387s ]
[2020-11-15T21:33:07+08:00][sql] SHOW FULL COLUMNS FROM `yh_information` [ RunTime:0.002140s ]
[2020-11-15T21:33:07+08:00][sql] SELECT * FROM `yh_information` WHERE  `id` = 1 LIMIT 1 [ RunTime:0.000548s ]
[2020-11-15T21:33:09+08:00][sql] CONNECT:[ UseTime:0.000921s ] mysql:host=127.0.0.1;port=3306;dbname=jifei_ymcx_shop;charset=utf8
[2020-11-15T21:33:09+08:00][sql] SHOW FULL COLUMNS FROM `yh_admin` [ RunTime:0.002277s ]
[2020-11-15T21:33:09+08:00][sql] SELECT * FROM `yh_admin` WHERE  `id` = 1 LIMIT 1 [ RunTime:0.000557s ]
[2020-11-15T21:33:09+08:00][sql] SHOW FULL COLUMNS FROM `yh_webpz` [ RunTime:0.002898s ]
[2020-11-15T21:33:09+08:00][sql] SELECT * FROM `yh_webpz` WHERE  `id` = 1 LIMIT 1 [ RunTime:0.000618s ]
[2020-11-15T21:33:09+08:00][sql] SELECT * FROM `yh_webpz` WHERE  `id` = 1 LIMIT 1 [ RunTime:0.004287s ]
[2020-11-15T21:33:09+08:00][sql] SHOW FULL COLUMNS FROM `yh_information` [ RunTime:0.004447s ]
[2020-11-15T21:33:09+08:00][sql] SELECT * FROM `yh_information` WHERE  `id` = 1 LIMIT 1 [ RunTime:0.001116s ]
[2020-11-15T21:33:30+08:00][sql] CONNECT:[ UseTime:0.002383s ] mysql:host=127.0.0.1;port=3306;dbname=jifei_ymcx_shop;charset=utf8
[2020-11-15T21:33:30+08:00][sql] SHOW FULL COLUMNS FROM `yh_admin` [ RunTime:0.001983s ]
[2020-11-15T21:33:30+08:00][sql] SELECT * FROM `yh_admin` WHERE  `id` = 1 LIMIT 1 [ RunTime:0.000566s ]
[2020-11-15T21:33:30+08:00][sql] SHOW FULL COLUMNS FROM `yh_webpz` [ RunTime:0.010900s ]
[2020-11-15T21:33:30+08:00][sql] SELECT * FROM `yh_webpz` WHERE  `id` = 1 LIMIT 1 [ RunTime:0.000656s ]
[2020-11-15T21:33:30+08:00][sql] SELECT * FROM `yh_webpz` WHERE  `id` = 1 LIMIT 1 [ RunTime:0.000497s ]
[2020-11-15T21:33:30+08:00][sql] SHOW FULL COLUMNS FROM `yh_information` [ RunTime:0.001849s ]
[2020-11-15T21:33:30+08:00][sql] SELECT * FROM `yh_information` WHERE  `id` = 1 LIMIT 1 [ RunTime:0.000506s ]
[2020-11-15T21:33:32+08:00][sql] CONNECT:[ UseTime:0.003582s ] mysql:host=127.0.0.1;port=3306;dbname=jifei_ymcx_shop;charset=utf8
[2020-11-15T21:33:32+08:00][sql] SHOW FULL COLUMNS FROM `yh_admin` [ RunTime:0.005836s ]
[2020-11-15T21:33:32+08:00][sql] SELECT * FROM `yh_admin` WHERE  `id` = 1 LIMIT 1 [ RunTime:0.021782s ]
[2020-11-15T21:33:32+08:00][sql] SHOW FULL COLUMNS FROM `yh_webpz` [ RunTime:0.007586s ]
[2020-11-15T21:33:32+08:00][sql] SELECT * FROM `yh_webpz` WHERE  `id` = 1 LIMIT 1 [ RunTime:0.001941s ]
[2020-11-15T21:33:32+08:00][sql] SELECT * FROM `yh_webpz` WHERE  `id` = 1 LIMIT 1 [ RunTime:0.001595s ]
[2020-11-15T21:33:32+08:00][sql] SHOW FULL COLUMNS FROM `yh_information` [ RunTime:0.002249s ]
[2020-11-15T21:33:32+08:00][sql] SELECT * FROM `yh_information` WHERE  `id` = 1 LIMIT 1 [ RunTime:0.000633s ]
[2020-11-15T21:33:32+08:00][sql] UPDATE `yh_information`  SET `give` = 1000  WHERE  `id` = 1 [ RunTime:0.002413s ]
[2020-11-15T21:33:34+08:00][sql] CONNECT:[ UseTime:0.001419s ] mysql:host=127.0.0.1;port=3306;dbname=jifei_ymcx_shop;charset=utf8
[2020-11-15T21:33:34+08:00][sql] SHOW FULL COLUMNS FROM `yh_admin` [ RunTime:0.003459s ]
[2020-11-15T21:33:34+08:00][sql] SELECT * FROM `yh_admin` WHERE  `id` = 1 LIMIT 1 [ RunTime:0.000912s ]
[2020-11-15T21:33:34+08:00][sql] SHOW FULL COLUMNS FROM `yh_webpz` [ RunTime:0.002846s ]
[2020-11-15T21:33:34+08:00][sql] SELECT * FROM `yh_webpz` WHERE  `id` = 1 LIMIT 1 [ RunTime:0.001163s ]
[2020-11-15T21:33:34+08:00][sql] SELECT * FROM `yh_webpz` WHERE  `id` = 1 LIMIT 1 [ RunTime:0.001284s ]
[2020-11-15T21:33:34+08:00][sql] SHOW FULL COLUMNS FROM `yh_information` [ RunTime:0.003461s ]
[2020-11-15T21:33:34+08:00][sql] SELECT * FROM `yh_information` WHERE  `id` = 1 LIMIT 1 [ RunTime:0.000693s ]
[2020-11-15T21:33:35+08:00][sql] CONNECT:[ UseTime:0.003330s ] mysql:host=127.0.0.1;port=3306;dbname=jifei_ymcx_shop;charset=utf8
[2020-11-15T21:33:35+08:00][sql] SHOW FULL COLUMNS FROM `yh_admin` [ RunTime:0.002758s ]
[2020-11-15T21:33:35+08:00][sql] SELECT * FROM `yh_admin` WHERE  `id` = 1 LIMIT 1 [ RunTime:0.000678s ]
[2020-11-15T21:33:35+08:00][sql] SHOW FULL COLUMNS FROM `yh_webpz` [ RunTime:0.001775s ]
[2020-11-15T21:33:35+08:00][sql] SELECT * FROM `yh_webpz` WHERE  `id` = 1 LIMIT 1 [ RunTime:0.000695s ]
[2020-11-15T21:33:35+08:00][sql] SELECT * FROM `yh_webpz` WHERE  `id` = 1 LIMIT 1 [ RunTime:0.001054s ]
[2020-11-15T21:33:35+08:00][sql] SHOW FULL COLUMNS FROM `yh_information` [ RunTime:0.002009s ]
[2020-11-15T21:33:35+08:00][sql] SELECT * FROM `yh_information` WHERE  `id` = 1 LIMIT 1 [ RunTime:0.001022s ]
[2020-11-15T21:33:36+08:00][sql] CONNECT:[ UseTime:0.000909s ] mysql:host=127.0.0.1;port=3306;dbname=jifei_ymcx_shop;charset=utf8
[2020-11-15T21:33:36+08:00][sql] SHOW FULL COLUMNS FROM `yh_admin` [ RunTime:0.004941s ]
[2020-11-15T21:33:36+08:00][sql] SELECT * FROM `yh_admin` WHERE  `id` = 1 LIMIT 1 [ RunTime:0.000842s ]
[2020-11-15T21:33:36+08:00][sql] SHOW FULL COLUMNS FROM `yh_webpz` [ RunTime:0.001774s ]
[2020-11-15T21:33:36+08:00][sql] SELECT * FROM `yh_webpz` WHERE  `id` = 1 LIMIT 1 [ RunTime:0.000608s ]
[2020-11-15T21:33:36+08:00][sql] SELECT * FROM `yh_webpz` WHERE  `id` = 1 LIMIT 1 [ RunTime:0.001964s ]
[2020-11-15T21:33:36+08:00][sql] SHOW FULL COLUMNS FROM `yh_information` [ RunTime:0.002189s ]
[2020-11-15T21:33:36+08:00][sql] SELECT * FROM `yh_information` WHERE  `id` = 1 LIMIT 1 [ RunTime:0.000529s ]
[2020-11-15T21:33:38+08:00][sql] CONNECT:[ UseTime:0.001305s ] mysql:host=127.0.0.1;port=3306;dbname=jifei_ymcx_shop;charset=utf8
[2020-11-15T21:33:38+08:00][sql] SHOW FULL COLUMNS FROM `yh_admin` [ RunTime:0.006954s ]
[2020-11-15T21:33:38+08:00][sql] SELECT * FROM `yh_admin` WHERE  `id` = 1 LIMIT 1 [ RunTime:0.002849s ]
[2020-11-15T21:33:38+08:00][sql] SHOW FULL COLUMNS FROM `yh_webpz` [ RunTime:0.002256s ]
[2020-11-15T21:33:38+08:00][sql] SELECT * FROM `yh_webpz` WHERE  `id` = 1 LIMIT 1 [ RunTime:0.000787s ]
[2020-11-15T21:33:38+08:00][sql] SELECT * FROM `yh_webpz` WHERE  `id` = 1 LIMIT 1 [ RunTime:0.000503s ]
[2020-11-15T21:33:38+08:00][sql] SHOW FULL COLUMNS FROM `yh_information` [ RunTime:0.001506s ]
[2020-11-15T21:33:38+08:00][sql] SELECT * FROM `yh_information` WHERE  `id` = 1 LIMIT 1 [ RunTime:0.000927s ]
[2020-11-15T21:33:38+08:00][sql] UPDATE `yh_information`  SET `give` = 100  WHERE  `id` = 1 [ RunTime:0.002072s ]
[2020-11-15T21:33:40+08:00][sql] CONNECT:[ UseTime:0.001035s ] mysql:host=127.0.0.1;port=3306;dbname=jifei_ymcx_shop;charset=utf8
[2020-11-15T21:33:40+08:00][sql] SHOW FULL COLUMNS FROM `yh_admin` [ RunTime:0.002260s ]
[2020-11-15T21:33:40+08:00][sql] SELECT * FROM `yh_admin` WHERE  `id` = 1 LIMIT 1 [ RunTime:0.000696s ]
[2020-11-15T21:33:40+08:00][sql] SHOW FULL COLUMNS FROM `yh_webpz` [ RunTime:0.002094s ]
[2020-11-15T21:33:40+08:00][sql] SELECT * FROM `yh_webpz` WHERE  `id` = 1 LIMIT 1 [ RunTime:0.001531s ]
[2020-11-15T21:33:40+08:00][sql] SELECT * FROM `yh_webpz` WHERE  `id` = 1 LIMIT 1 [ RunTime:0.001009s ]
[2020-11-15T21:33:40+08:00][sql] SHOW FULL COLUMNS FROM `yh_information` [ RunTime:0.002082s ]
[2020-11-15T21:33:40+08:00][sql] SELECT * FROM `yh_information` WHERE  `id` = 1 LIMIT 1 [ RunTime:0.000881s ]
[2020-11-15T21:33:41+08:00][sql] CONNECT:[ UseTime:0.005076s ] mysql:host=127.0.0.1;port=3306;dbname=jifei_ymcx_shop;charset=utf8
[2020-11-15T21:33:41+08:00][sql] SHOW FULL COLUMNS FROM `yh_admin` [ RunTime:0.009218s ]
[2020-11-15T21:33:41+08:00][sql] SELECT * FROM `yh_admin` WHERE  `id` = 1 LIMIT 1 [ RunTime:0.000685s ]
[2020-11-15T21:33:41+08:00][sql] SHOW FULL COLUMNS FROM `yh_webpz` [ RunTime:0.001501s ]
[2020-11-15T21:33:41+08:00][sql] SELECT * FROM `yh_webpz` WHERE  `id` = 1 LIMIT 1 [ RunTime:0.000646s ]
[2020-11-15T21:33:41+08:00][sql] SELECT * FROM `yh_webpz` WHERE  `id` = 1 LIMIT 1 [ RunTime:0.000553s ]
[2020-11-15T21:33:41+08:00][sql] SHOW FULL COLUMNS FROM `yh_information` [ RunTime:0.003212s ]
[2020-11-15T21:33:41+08:00][sql] SELECT * FROM `yh_information` WHERE  `id` = 1 LIMIT 1 [ RunTime:0.001666s ]
[2020-11-15T21:33:41+08:00][sql] CONNECT:[ UseTime:0.003665s ] mysql:host=127.0.0.1;port=3306;dbname=jifei_ymcx_shop;charset=utf8
[2020-11-15T21:33:41+08:00][sql] SHOW FULL COLUMNS FROM `yh_admin` [ RunTime:0.006034s ]
[2020-11-15T21:33:41+08:00][sql] SELECT * FROM `yh_admin` WHERE  `id` = 1 LIMIT 1 [ RunTime:0.005859s ]
[2020-11-15T21:33:41+08:00][sql] SHOW FULL COLUMNS FROM `yh_webpz` [ RunTime:0.002757s ]
[2020-11-15T21:33:41+08:00][sql] SELECT * FROM `yh_webpz` WHERE  `id` = 1 LIMIT 1 [ RunTime:0.000777s ]
[2020-11-15T21:33:41+08:00][sql] SELECT * FROM `yh_webpz` WHERE  `id` = 1 LIMIT 1 [ RunTime:0.001485s ]
[2020-11-15T21:33:41+08:00][sql] SHOW FULL COLUMNS FROM `yh_information` [ RunTime:0.002686s ]
[2020-11-15T21:33:41+08:00][sql] SELECT * FROM `yh_information` WHERE  `id` = 1 LIMIT 1 [ RunTime:0.000755s ]
[2020-11-15T21:36:17+08:00][sql] CONNECT:[ UseTime:0.005971s ] mysql:host=127.0.0.1;port=3306;dbname=jifei_ymcx_shop;charset=utf8
[2020-11-15T21:36:17+08:00][sql] SHOW FULL COLUMNS FROM `yh_admin` [ RunTime:0.006705s ]
[2020-11-15T21:36:17+08:00][sql] SELECT * FROM `yh_admin` WHERE  `id` = 1 LIMIT 1 [ RunTime:0.003796s ]
[2020-11-15T21:36:17+08:00][sql] SHOW FULL COLUMNS FROM `yh_webpz` [ RunTime:0.005006s ]
[2020-11-15T21:36:17+08:00][sql] SELECT * FROM `yh_webpz` WHERE  `id` = 1 LIMIT 1 [ RunTime:0.012754s ]
[2020-11-15T21:36:17+08:00][sql] SELECT `tep` FROM `yh_webpz` WHERE  `id` = 1 LIMIT 1 [ RunTime:0.000868s ]
[2020-11-15T21:36:17+08:00][sql] SHOW FULL COLUMNS FROM `yh_information` [ RunTime:0.002227s ]
[2020-11-15T21:36:17+08:00][sql] SELECT * FROM `yh_information` WHERE  `id` = 1 LIMIT 1 [ RunTime:0.000538s ]
[2020-11-15T22:32:41+08:00][sql] CONNECT:[ UseTime:0.001143s ] mysql:host=127.0.0.1;port=3306;dbname=jifei_ymcx_shop;charset=utf8
[2020-11-15T22:32:41+08:00][sql] SHOW FULL COLUMNS FROM `yh_webpz` [ RunTime:0.002431s ]
[2020-11-15T22:32:41+08:00][sql] SELECT * FROM `yh_webpz` WHERE  `id` = 1 LIMIT 1 [ RunTime:0.001131s ]
[2020-11-15T23:55:43+08:00][sql] CONNECT:[ UseTime:0.002623s ] mysql:host=127.0.0.1;port=3306;dbname=jifei_ymcx_shop;charset=utf8
[2020-11-15T23:55:43+08:00][sql] SHOW FULL COLUMNS FROM `yh_webpz` [ RunTime:0.002055s ]
[2020-11-15T23:55:43+08:00][sql] SELECT * FROM `yh_webpz` WHERE  `id` = 1 LIMIT 1 [ RunTime:0.000631s ]
[2020-11-15T23:58:43+08:00][sql] CONNECT:[ UseTime:0.005051s ] mysql:host=127.0.0.1;port=3306;dbname=jifei_ymcx_shop;charset=utf8
[2020-11-15T23:58:43+08:00][sql] SHOW FULL COLUMNS FROM `yh_webpz` [ RunTime:0.005276s ]
[2020-11-15T23:58:43+08:00][sql] SELECT * FROM `yh_webpz` WHERE  `id` = 1 LIMIT 1 [ RunTime:0.004138s ]
