[2020-11-22T20:13:09+08:00][sql] CONNECT:[ UseTime:0.002840s ] mysql:host=127.0.0.1;port=3306;dbname=jifei_ymcx_shop;charset=utf8
[2020-11-22T20:13:09+08:00][sql] SHOW FULL COLUMNS FROM `yh_webpz` [ RunTime:0.005102s ]
[2020-11-22T20:13:09+08:00][sql] SELECT * FROM `yh_webpz` WHERE  `id` = 1 LIMIT 1 [ RunTime:0.000759s ]
[2020-11-22T20:16:07+08:00][sql] CONNECT:[ UseTime:0.001230s ] mysql:host=127.0.0.1;port=3306;dbname=jifei_ymcx_shop;charset=utf8
[2020-11-22T20:16:07+08:00][sql] SHOW FULL COLUMNS FROM `yh_webpz` [ RunTime:0.002525s ]
[2020-11-22T20:16:07+08:00][sql] SELECT * FROM `yh_webpz` WHERE  `id` = 1 LIMIT 1 [ RunTime:0.001360s ]
[2020-11-22T20:16:07+08:00][sql] SHOW FULL COLUMNS FROM `yh_admin` [ RunTime:0.002198s ]
[2020-11-22T20:16:07+08:00][sql] SELECT `id` FROM `yh_admin` WHERE  `username` = '1178350505'  AND `password` = '565be15b663c3a1c6a54055410cb763a' LIMIT 1 [ RunTime:0.000890s ]
[2020-11-22T20:16:08+08:00][sql] CONNECT:[ UseTime:0.000971s ] mysql:host=127.0.0.1;port=3306;dbname=jifei_ymcx_shop;charset=utf8
[2020-11-22T20:16:08+08:00][sql] SHOW FULL COLUMNS FROM `yh_admin` [ RunTime:0.002015s ]
[2020-11-22T20:16:08+08:00][sql] SELECT * FROM `yh_admin` WHERE  `id` = 1 LIMIT 1 [ RunTime:0.000915s ]
[2020-11-22T20:16:08+08:00][sql] SHOW FULL COLUMNS FROM `yh_webpz` [ RunTime:0.001623s ]
[2020-11-22T20:16:08+08:00][sql] SELECT * FROM `yh_webpz` WHERE  `id` = 1 LIMIT 1 [ RunTime:0.000532s ]
[2020-11-22T20:16:08+08:00][sql] SHOW FULL COLUMNS FROM `yh_user` [ RunTime:0.003273s ]
[2020-11-22T20:16:08+08:00][sql] SELECT COUNT(*) AS think_count FROM `yh_user` [ RunTime:0.001048s ]
[2020-11-22T20:16:08+08:00][sql] SHOW FULL COLUMNS FROM `yh_order` [ RunTime:0.003794s ]
[2020-11-22T20:16:08+08:00][sql] SELECT SUM(`payment`) AS think_sum FROM `yh_order` WHERE  `status` = 1 [ RunTime:0.003415s ]
[2020-11-22T20:16:08+08:00][sql] SELECT SUM(`payment`) AS think_sum FROM `yh_order` WHERE  `intime` <= 1604160000  AND `intime` >= 1601481600  AND `status` = 1 [ RunTime:0.001857s ]
[2020-11-22T20:16:08+08:00][sql] SELECT SUM(`payment`) AS think_sum FROM `yh_order` WHERE  `intime` >= 1604160000  AND `status` = 1 [ RunTime:0.000882s ]
[2020-11-22T20:16:08+08:00][sql] SHOW FULL COLUMNS FROM `yh_information` [ RunTime:0.001916s ]
[2020-11-22T20:16:08+08:00][sql] SELECT COUNT(*) AS think_count FROM `yh_information` [ RunTime:0.000516s ]
[2020-11-22T20:16:08+08:00][sql] SHOW FULL COLUMNS FROM `yh_record` [ RunTime:0.001495s ]
[2020-11-22T20:16:08+08:00][sql] SELECT COUNT(*) AS think_count FROM `yh_record` WHERE  `intime` >= 1605974400 [ RunTime:0.001674s ]
[2020-11-22T20:16:08+08:00][sql] SHOW FULL COLUMNS FROM `yh_business` [ RunTime:0.001914s ]
[2020-11-22T20:16:08+08:00][sql] SELECT COUNT(*) AS think_count FROM `yh_business` WHERE  `type` = 1 [ RunTime:0.000661s ]
[2020-11-22T20:16:08+08:00][sql] SELECT COUNT(*) AS think_count FROM `yh_business` WHERE  `type` = 2 [ RunTime:0.000527s ]
[2020-11-22T20:16:08+08:00][sql] CONNECT:[ UseTime:0.006693s ] mysql:host=127.0.0.1;port=3306;dbname=jifei_ymcx_shop;charset=utf8
[2020-11-22T20:16:08+08:00][sql] SHOW FULL COLUMNS FROM `yh_admin` [ RunTime:0.002785s ]
[2020-11-22T20:16:08+08:00][sql] SELECT * FROM `yh_admin` WHERE  `id` = 1 LIMIT 1 [ RunTime:0.000678s ]
[2020-11-22T20:16:08+08:00][sql] SHOW FULL COLUMNS FROM `yh_webpz` [ RunTime:0.002097s ]
[2020-11-22T20:16:08+08:00][sql] SELECT * FROM `yh_webpz` WHERE  `id` = 1 LIMIT 1 [ RunTime:0.000553s ]
[2020-11-22T20:16:08+08:00][sql] SHOW FULL COLUMNS FROM `yh_record` [ RunTime:0.001949s ]
[2020-11-22T20:16:08+08:00][sql] SELECT COUNT(`id`) AS think_count FROM `yh_record` WHERE  `intime` >= 1606021200  AND `intime` <= 1606024800 [ RunTime:0.007008s ]
[2020-11-22T20:16:08+08:00][sql] SELECT COUNT(`id`) AS think_count FROM `yh_record` WHERE  `intime` >= 1606024800  AND `intime` <= 1606028400 [ RunTime:0.001778s ]
[2020-11-22T20:16:08+08:00][sql] SELECT COUNT(`id`) AS think_count FROM `yh_record` WHERE  `intime` >= 1606028400  AND `intime` <= 1606032000 [ RunTime:0.001581s ]
[2020-11-22T20:16:08+08:00][sql] SELECT COUNT(`id`) AS think_count FROM `yh_record` WHERE  `intime` >= 1606032000  AND `intime` <= 1606035600 [ RunTime:0.004273s ]
[2020-11-22T20:16:08+08:00][sql] SELECT COUNT(`id`) AS think_count FROM `yh_record` WHERE  `intime` >= 1606035600  AND `intime` <= 1606039200 [ RunTime:0.010490s ]
[2020-11-22T20:16:08+08:00][sql] SELECT COUNT(`id`) AS think_count FROM `yh_record` WHERE  `intime` >= 1606039200  AND `intime` <= 1606042800 [ RunTime:0.002125s ]
[2020-11-22T20:16:08+08:00][sql] SELECT COUNT(`id`) AS think_count FROM `yh_record` WHERE  `intime` >= 1606042800  AND `intime` <= 1606046400 [ RunTime:0.004114s ]
[2020-11-22T20:16:08+08:00][sql] SELECT COUNT(`id`) AS think_count FROM `yh_record` WHERE  `intime` >= 1606046400  AND `intime` <= 1606050000 [ RunTime:0.001527s ]
[2020-11-22T20:16:08+08:00][sql] SELECT COUNT(`id`) AS think_count FROM `yh_record` WHERE  `intime` >= 1606050000  AND `intime` <= 1606053600 [ RunTime:0.001569s ]
[2020-11-22T20:16:08+08:00][sql] SELECT COUNT(`id`) AS think_count FROM `yh_record` WHERE  `intime` >= 1606053600  AND `intime` <= 1606057200 [ RunTime:0.001543s ]
[2020-11-22T20:16:08+08:00][sql] SELECT COUNT(`id`) AS think_count FROM `yh_record` WHERE  `intime` >= 1606057200  AND `intime` <= 1606060800 [ RunTime:0.002988s ]
[2020-11-22T20:16:08+08:00][sql] SELECT COUNT(`id`) AS think_count FROM `yh_record` WHERE  `intime` >= 1606060800  AND `intime` <= [ RunTime:0.001807s ]
[2020-11-22T20:16:08+08:00][sql] SELECT COUNT(`id`) AS think_count FROM `yh_record` WHERE  `intime` >= 1605934800  AND `intime` <= 1605938400 [ RunTime:0.001755s ]
[2020-11-22T20:16:08+08:00][sql] SELECT COUNT(`id`) AS think_count FROM `yh_record` WHERE  `intime` >= 1605938400  AND `intime` <= 1605942000 [ RunTime:0.001938s ]
[2020-11-22T20:16:08+08:00][sql] SELECT COUNT(`id`) AS think_count FROM `yh_record` WHERE  `intime` >= 1605942000  AND `intime` <= 1605945600 [ RunTime:0.002314s ]
[2020-11-22T20:16:08+08:00][sql] SELECT COUNT(`id`) AS think_count FROM `yh_record` WHERE  `intime` >= 1605945600  AND `intime` <= 1605949200 [ RunTime:0.001533s ]
[2020-11-22T20:16:08+08:00][sql] SELECT COUNT(`id`) AS think_count FROM `yh_record` WHERE  `intime` >= 1605949200  AND `intime` <= 1605952800 [ RunTime:0.001581s ]
[2020-11-22T20:16:08+08:00][sql] SELECT COUNT(`id`) AS think_count FROM `yh_record` WHERE  `intime` >= 1605952800  AND `intime` <= 1605956400 [ RunTime:0.001557s ]
[2020-11-22T20:16:08+08:00][sql] SELECT COUNT(`id`) AS think_count FROM `yh_record` WHERE  `intime` >= 1605956400  AND `intime` <= 1605960000 [ RunTime:0.001639s ]
[2020-11-22T20:16:08+08:00][sql] SELECT COUNT(`id`) AS think_count FROM `yh_record` WHERE  `intime` >= 1605960000  AND `intime` <= 1605963600 [ RunTime:0.001784s ]
[2020-11-22T20:16:08+08:00][sql] SELECT COUNT(`id`) AS think_count FROM `yh_record` WHERE  `intime` >= 1605963600  AND `intime` <= 1605967200 [ RunTime:0.001590s ]
[2020-11-22T20:16:08+08:00][sql] SELECT COUNT(`id`) AS think_count FROM `yh_record` WHERE  `intime` >= 1605967200  AND `intime` <= 1605970800 [ RunTime:0.001507s ]
[2020-11-22T20:16:08+08:00][sql] SELECT COUNT(`id`) AS think_count FROM `yh_record` WHERE  `intime` >= 1605970800  AND `intime` <= 1605974400 [ RunTime:0.001565s ]
[2020-11-22T20:16:08+08:00][sql] SELECT COUNT(`id`) AS think_count FROM `yh_record` WHERE  `intime` >= 1605974400  AND `intime` <= [ RunTime:0.001507s ]
[2020-11-22T20:16:08+08:00][sql] SHOW FULL COLUMNS FROM `yh_business` [ RunTime:0.002326s ]
[2020-11-22T20:16:08+08:00][sql] SELECT COUNT(*) AS think_count FROM `yh_business` WHERE  `type` = 1 [ RunTime:0.002158s ]
[2020-11-22T20:16:08+08:00][sql] SELECT COUNT(*) AS think_count FROM `yh_business` WHERE  `type` = 2 [ RunTime:0.001899s ]
[2020-11-22T20:16:08+08:00][sql] SELECT `user_uid`,`calltoday` FROM `yh_business` ORDER BY `calltoday` DESC LIMIT 5 [ RunTime:0.000569s ]
[2020-11-22T20:16:09+08:00][sql] CONNECT:[ UseTime:0.001244s ] mysql:host=127.0.0.1;port=3306;dbname=jifei_ymcx_shop;charset=utf8
[2020-11-22T20:16:09+08:00][sql] SHOW FULL COLUMNS FROM `yh_admin` [ RunTime:0.002448s ]
[2020-11-22T20:16:09+08:00][sql] SELECT * FROM `yh_admin` WHERE  `id` = 1 LIMIT 1 [ RunTime:0.000717s ]
[2020-11-22T20:16:09+08:00][sql] SHOW FULL COLUMNS FROM `yh_webpz` [ RunTime:0.001630s ]
[2020-11-22T20:16:09+08:00][sql] SELECT * FROM `yh_webpz` WHERE  `id` = 1 LIMIT 1 [ RunTime:0.000628s ]
[2020-11-22T20:16:09+08:00][sql] SHOW FULL COLUMNS FROM `yh_user` [ RunTime:0.001814s ]
[2020-11-22T20:16:09+08:00][sql] SELECT COUNT(*) AS think_count FROM `yh_user` [ RunTime:0.000730s ]
[2020-11-22T20:16:09+08:00][sql] SHOW FULL COLUMNS FROM `yh_order` [ RunTime:0.001707s ]
[2020-11-22T20:16:09+08:00][sql] SELECT SUM(`payment`) AS think_sum FROM `yh_order` WHERE  `status` = 1 [ RunTime:0.000549s ]
[2020-11-22T20:16:09+08:00][sql] SELECT SUM(`payment`) AS think_sum FROM `yh_order` WHERE  `intime` <= 1604160000  AND `intime` >= 1601481600  AND `status` = 1 [ RunTime:0.000532s ]
[2020-11-22T20:16:09+08:00][sql] SELECT SUM(`payment`) AS think_sum FROM `yh_order` WHERE  `intime` >= 1604160000  AND `status` = 1 [ RunTime:0.000579s ]
[2020-11-22T20:16:09+08:00][sql] SHOW FULL COLUMNS FROM `yh_information` [ RunTime:0.001450s ]
[2020-11-22T20:16:09+08:00][sql] SELECT COUNT(*) AS think_count FROM `yh_information` [ RunTime:0.000472s ]
[2020-11-22T20:16:09+08:00][sql] SHOW FULL COLUMNS FROM `yh_record` [ RunTime:0.001565s ]
[2020-11-22T20:16:09+08:00][sql] SELECT COUNT(*) AS think_count FROM `yh_record` WHERE  `intime` >= 1605974400 [ RunTime:0.001397s ]
[2020-11-22T20:16:09+08:00][sql] SHOW FULL COLUMNS FROM `yh_business` [ RunTime:0.001598s ]
[2020-11-22T20:16:09+08:00][sql] SELECT COUNT(*) AS think_count FROM `yh_business` WHERE  `type` = 1 [ RunTime:0.000519s ]
[2020-11-22T20:16:09+08:00][sql] SELECT COUNT(*) AS think_count FROM `yh_business` WHERE  `type` = 2 [ RunTime:0.000558s ]
[2020-11-22T20:16:10+08:00][sql] CONNECT:[ UseTime:0.001207s ] mysql:host=127.0.0.1;port=3306;dbname=jifei_ymcx_shop;charset=utf8
[2020-11-22T20:16:10+08:00][sql] SHOW FULL COLUMNS FROM `yh_admin` [ RunTime:0.002972s ]
[2020-11-22T20:16:10+08:00][sql] SELECT * FROM `yh_admin` WHERE  `id` = 1 LIMIT 1 [ RunTime:0.000986s ]
[2020-11-22T20:16:10+08:00][sql] SHOW FULL COLUMNS FROM `yh_webpz` [ RunTime:0.002237s ]
[2020-11-22T20:16:10+08:00][sql] SELECT * FROM `yh_webpz` WHERE  `id` = 1 LIMIT 1 [ RunTime:0.000865s ]
[2020-11-22T20:16:10+08:00][sql] SHOW FULL COLUMNS FROM `yh_record` [ RunTime:0.001674s ]
[2020-11-22T20:16:10+08:00][sql] SELECT COUNT(`id`) AS think_count FROM `yh_record` WHERE  `intime` >= 1606021200  AND `intime` <= 1606024800 [ RunTime:0.002090s ]
[2020-11-22T20:16:10+08:00][sql] SELECT COUNT(`id`) AS think_count FROM `yh_record` WHERE  `intime` >= 1606024800  AND `intime` <= 1606028400 [ RunTime:0.001868s ]
[2020-11-22T20:16:10+08:00][sql] SELECT COUNT(`id`) AS think_count FROM `yh_record` WHERE  `intime` >= 1606028400  AND `intime` <= 1606032000 [ RunTime:0.001498s ]
[2020-11-22T20:16:10+08:00][sql] SELECT COUNT(`id`) AS think_count FROM `yh_record` WHERE  `intime` >= 1606032000  AND `intime` <= 1606035600 [ RunTime:0.001539s ]
[2020-11-22T20:16:10+08:00][sql] SELECT COUNT(`id`) AS think_count FROM `yh_record` WHERE  `intime` >= 1606035600  AND `intime` <= 1606039200 [ RunTime:0.001353s ]
[2020-11-22T20:16:10+08:00][sql] SELECT COUNT(`id`) AS think_count FROM `yh_record` WHERE  `intime` >= 1606039200  AND `intime` <= 1606042800 [ RunTime:0.001360s ]
[2020-11-22T20:16:10+08:00][sql] SELECT COUNT(`id`) AS think_count FROM `yh_record` WHERE  `intime` >= 1606042800  AND `intime` <= 1606046400 [ RunTime:0.001908s ]
[2020-11-22T20:16:10+08:00][sql] SELECT COUNT(`id`) AS think_count FROM `yh_record` WHERE  `intime` >= 1606046400  AND `intime` <= 1606050000 [ RunTime:0.002387s ]
[2020-11-22T20:16:10+08:00][sql] SELECT COUNT(`id`) AS think_count FROM `yh_record` WHERE  `intime` >= 1606050000  AND `intime` <= 1606053600 [ RunTime:0.003448s ]
[2020-11-22T20:16:10+08:00][sql] SELECT COUNT(`id`) AS think_count FROM `yh_record` WHERE  `intime` >= 1606053600  AND `intime` <= 1606057200 [ RunTime:0.002010s ]
[2020-11-22T20:16:10+08:00][sql] SELECT COUNT(`id`) AS think_count FROM `yh_record` WHERE  `intime` >= 1606057200  AND `intime` <= 1606060800 [ RunTime:0.001794s ]
[2020-11-22T20:16:10+08:00][sql] SELECT COUNT(`id`) AS think_count FROM `yh_record` WHERE  `intime` >= 1606060800  AND `intime` <= [ RunTime:0.001620s ]
[2020-11-22T20:16:10+08:00][sql] SELECT COUNT(`id`) AS think_count FROM `yh_record` WHERE  `intime` >= 1605934800  AND `intime` <= 1605938400 [ RunTime:0.002177s ]
[2020-11-22T20:16:10+08:00][sql] SELECT COUNT(`id`) AS think_count FROM `yh_record` WHERE  `intime` >= 1605938400  AND `intime` <= 1605942000 [ RunTime:0.001969s ]
[2020-11-22T20:16:10+08:00][sql] SELECT COUNT(`id`) AS think_count FROM `yh_record` WHERE  `intime` >= 1605942000  AND `intime` <= 1605945600 [ RunTime:0.001827s ]
[2020-11-22T20:16:10+08:00][sql] SELECT COUNT(`id`) AS think_count FROM `yh_record` WHERE  `intime` >= 1605945600  AND `intime` <= 1605949200 [ RunTime:0.002298s ]
[2020-11-22T20:16:10+08:00][sql] SELECT COUNT(`id`) AS think_count FROM `yh_record` WHERE  `intime` >= 1605949200  AND `intime` <= 1605952800 [ RunTime:0.001854s ]
[2020-11-22T20:16:10+08:00][sql] SELECT COUNT(`id`) AS think_count FROM `yh_record` WHERE  `intime` >= 1605952800  AND `intime` <= 1605956400 [ RunTime:0.002186s ]
[2020-11-22T20:16:10+08:00][sql] SELECT COUNT(`id`) AS think_count FROM `yh_record` WHERE  `intime` >= 1605956400  AND `intime` <= 1605960000 [ RunTime:0.001438s ]
[2020-11-22T20:16:10+08:00][sql] SELECT COUNT(`id`) AS think_count FROM `yh_record` WHERE  `intime` >= 1605960000  AND `intime` <= 1605963600 [ RunTime:0.001439s ]
[2020-11-22T20:16:10+08:00][sql] SELECT COUNT(`id`) AS think_count FROM `yh_record` WHERE  `intime` >= 1605963600  AND `intime` <= 1605967200 [ RunTime:0.016688s ]
[2020-11-22T20:16:10+08:00][sql] SELECT COUNT(`id`) AS think_count FROM `yh_record` WHERE  `intime` >= 1605967200  AND `intime` <= 1605970800 [ RunTime:0.002425s ]
[2020-11-22T20:16:10+08:00][sql] SELECT COUNT(`id`) AS think_count FROM `yh_record` WHERE  `intime` >= 1605970800  AND `intime` <= 1605974400 [ RunTime:0.001631s ]
[2020-11-22T20:16:10+08:00][sql] SELECT COUNT(`id`) AS think_count FROM `yh_record` WHERE  `intime` >= 1605974400  AND `intime` <= [ RunTime:0.001549s ]
[2020-11-22T20:16:10+08:00][sql] SHOW FULL COLUMNS FROM `yh_business` [ RunTime:0.002529s ]
[2020-11-22T20:16:10+08:00][sql] SELECT COUNT(*) AS think_count FROM `yh_business` WHERE  `type` = 1 [ RunTime:0.000608s ]
[2020-11-22T20:16:10+08:00][sql] SELECT COUNT(*) AS think_count FROM `yh_business` WHERE  `type` = 2 [ RunTime:0.000454s ]
[2020-11-22T20:16:10+08:00][sql] SELECT `user_uid`,`calltoday` FROM `yh_business` ORDER BY `calltoday` DESC LIMIT 5 [ RunTime:0.000493s ]
[2020-11-22T20:17:41+08:00][sql] CONNECT:[ UseTime:0.001990s ] mysql:host=127.0.0.1;port=3306;dbname=jifei_ymcx_shop;charset=utf8
[2020-11-22T20:17:41+08:00][sql] SHOW FULL COLUMNS FROM `yh_admin` [ RunTime:0.003894s ]
[2020-11-22T20:17:41+08:00][sql] SELECT * FROM `yh_admin` WHERE  `id` = 1 LIMIT 1 [ RunTime:0.001214s ]
[2020-11-22T20:17:41+08:00][sql] SHOW FULL COLUMNS FROM `yh_webpz` [ RunTime:0.002301s ]
[2020-11-22T20:17:41+08:00][sql] SELECT * FROM `yh_webpz` WHERE  `id` = 1 LIMIT 1 [ RunTime:0.000725s ]
[2020-11-22T20:17:41+08:00][sql] SELECT * FROM `yh_webpz` WHERE  `id` = 1 LIMIT 1 [ RunTime:0.000567s ]
[2020-11-22T20:17:54+08:00][sql] CONNECT:[ UseTime:0.002712s ] mysql:host=127.0.0.1;port=3306;dbname=jifei_ymcx_shop;charset=utf8
[2020-11-22T20:17:54+08:00][sql] SHOW FULL COLUMNS FROM `yh_admin` [ RunTime:0.002191s ]
[2020-11-22T20:17:54+08:00][sql] SELECT * FROM `yh_admin` WHERE  `id` = 1 LIMIT 1 [ RunTime:0.000712s ]
[2020-11-22T20:17:54+08:00][sql] SHOW FULL COLUMNS FROM `yh_webpz` [ RunTime:0.001780s ]
[2020-11-22T20:17:54+08:00][sql] SELECT * FROM `yh_webpz` WHERE  `id` = 1 LIMIT 1 [ RunTime:0.003882s ]
[2020-11-22T20:17:54+08:00][sql] SELECT * FROM `yh_webpz` WHERE  `id` = 1 LIMIT 1 [ RunTime:0.004671s ]
[2020-11-22T20:17:54+08:00][sql] UPDATE `yh_webpz`  SET `api` = 'https://www.baidu.com/?url='  WHERE  `id` = 1 [ RunTime:0.001393s ]
[2020-11-22T20:17:58+08:00][sql] CONNECT:[ UseTime:0.003961s ] mysql:host=127.0.0.1;port=3306;dbname=jifei_ymcx_shop;charset=utf8
[2020-11-22T20:17:58+08:00][sql] SHOW FULL COLUMNS FROM `yh_admin` [ RunTime:0.002622s ]
[2020-11-22T20:17:58+08:00][sql] SELECT * FROM `yh_admin` WHERE  `id` = 1 LIMIT 1 [ RunTime:0.000754s ]
[2020-11-22T20:17:58+08:00][sql] SHOW FULL COLUMNS FROM `yh_webpz` [ RunTime:0.001615s ]
[2020-11-22T20:17:58+08:00][sql] SELECT * FROM `yh_webpz` WHERE  `id` = 1 LIMIT 1 [ RunTime:0.000563s ]
[2020-11-22T20:17:58+08:00][sql] SELECT * FROM `yh_webpz` WHERE  `id` = 1 LIMIT 1 [ RunTime:0.010893s ]
[2020-11-22T20:18:35+08:00][sql] CONNECT:[ UseTime:0.000930s ] mysql:host=127.0.0.1;port=3306;dbname=jifei_ymcx_shop;charset=utf8
[2020-11-22T20:18:35+08:00][sql] SHOW FULL COLUMNS FROM `yh_admin` [ RunTime:0.002221s ]
[2020-11-22T20:18:35+08:00][sql] SELECT * FROM `yh_admin` WHERE  `id` = 1 LIMIT 1 [ RunTime:0.003708s ]
[2020-11-22T20:18:35+08:00][sql] SHOW FULL COLUMNS FROM `yh_webpz` [ RunTime:0.001909s ]
[2020-11-22T20:18:35+08:00][sql] SELECT * FROM `yh_webpz` WHERE  `id` = 1 LIMIT 1 [ RunTime:0.000392s ]
[2020-11-22T20:18:35+08:00][sql] SELECT * FROM `yh_webpz` WHERE  `id` = 1 LIMIT 1 [ RunTime:0.000558s ]
[2020-11-22T20:18:35+08:00][sql] UPDATE `yh_webpz`  SET `api` = 'https://www.baidu.com/'  WHERE  `id` = 1 [ RunTime:0.000950s ]
[2020-11-22T20:18:39+08:00][sql] CONNECT:[ UseTime:0.003748s ] mysql:host=127.0.0.1;port=3306;dbname=jifei_ymcx_shop;charset=utf8
[2020-11-22T20:18:39+08:00][sql] SHOW FULL COLUMNS FROM `yh_admin` [ RunTime:0.021686s ]
[2020-11-22T20:18:39+08:00][sql] SELECT * FROM `yh_admin` WHERE  `id` = 1 LIMIT 1 [ RunTime:0.005243s ]
[2020-11-22T20:18:39+08:00][sql] SHOW FULL COLUMNS FROM `yh_webpz` [ RunTime:0.002269s ]
[2020-11-22T20:18:39+08:00][sql] SELECT * FROM `yh_webpz` WHERE  `id` = 1 LIMIT 1 [ RunTime:0.000751s ]
[2020-11-22T20:18:39+08:00][sql] SELECT * FROM `yh_webpz` WHERE  `id` = 1 LIMIT 1 [ RunTime:0.000988s ]
[2020-11-22T20:19:26+08:00][sql] CONNECT:[ UseTime:0.001114s ] mysql:host=127.0.0.1;port=3306;dbname=jifei_ymcx_shop;charset=utf8
[2020-11-22T20:19:26+08:00][sql] SHOW FULL COLUMNS FROM `yh_admin` [ RunTime:0.002004s ]
[2020-11-22T20:19:26+08:00][sql] SELECT * FROM `yh_admin` WHERE  `id` = 1 LIMIT 1 [ RunTime:0.000864s ]
[2020-11-22T20:19:26+08:00][sql] SHOW FULL COLUMNS FROM `yh_webpz` [ RunTime:0.002475s ]
[2020-11-22T20:19:26+08:00][sql] SELECT * FROM `yh_webpz` WHERE  `id` = 1 LIMIT 1 [ RunTime:0.000608s ]
[2020-11-22T20:19:26+08:00][sql] SELECT * FROM `yh_webpz` WHERE  `id` = 1 LIMIT 1 [ RunTime:0.000630s ]
[2020-11-22T20:19:26+08:00][sql] UPDATE `yh_webpz`  SET `api` = 'https://user.htv009.com/json?url='  WHERE  `id` = 1 [ RunTime:0.000721s ]
[2020-11-22T20:19:29+08:00][sql] CONNECT:[ UseTime:0.001274s ] mysql:host=127.0.0.1;port=3306;dbname=jifei_ymcx_shop;charset=utf8
[2020-11-22T20:19:29+08:00][sql] SHOW FULL COLUMNS FROM `yh_admin` [ RunTime:0.002589s ]
[2020-11-22T20:19:29+08:00][sql] SELECT * FROM `yh_admin` WHERE  `id` = 1 LIMIT 1 [ RunTime:0.006686s ]
[2020-11-22T20:19:29+08:00][sql] SHOW FULL COLUMNS FROM `yh_webpz` [ RunTime:0.005481s ]
[2020-11-22T20:19:29+08:00][sql] SELECT * FROM `yh_webpz` WHERE  `id` = 1 LIMIT 1 [ RunTime:0.003976s ]
[2020-11-22T20:19:29+08:00][sql] SELECT * FROM `yh_webpz` WHERE  `id` = 1 LIMIT 1 [ RunTime:0.003566s ]
