[2020-11-24T11:13:42+08:00][sql] CONNECT:[ UseTime:0.002873s ] mysql:host=127.0.0.1;port=3306;dbname=jifei_ymcx_shop;charset=utf8
[2020-11-24T11:13:42+08:00][sql] SHOW FULL COLUMNS FROM `yh_webpz` [ RunTime:0.003039s ]
[2020-11-24T11:13:42+08:00][sql] SELECT * FROM `yh_webpz` WHERE  `id` = 1 LIMIT 1 [ RunTime:0.000793s ]
[2020-11-24T11:13:48+08:00][sql] CONNECT:[ UseTime:0.001012s ] mysql:host=127.0.0.1;port=3306;dbname=jifei_ymcx_shop;charset=utf8
[2020-11-24T11:13:48+08:00][sql] SHOW FULL COLUMNS FROM `yh_webpz` [ RunTime:0.002195s ]
[2020-11-24T11:13:48+08:00][sql] SELECT * FROM `yh_webpz` WHERE  `id` = 1 LIMIT 1 [ RunTime:0.003931s ]
[2020-11-24T11:13:48+08:00][sql] SHOW FULL COLUMNS FROM `yh_admin` [ RunTime:0.008563s ]
[2020-11-24T11:13:48+08:00][sql] SELECT `id` FROM `yh_admin` WHERE  `username` = '1178350505'  AND `password` = '565be15b663c3a1c6a54055410cb763a' LIMIT 1 [ RunTime:0.001391s ]
[2020-11-24T11:13:48+08:00][sql] CONNECT:[ UseTime:0.006144s ] mysql:host=127.0.0.1;port=3306;dbname=jifei_ymcx_shop;charset=utf8
[2020-11-24T11:13:48+08:00][sql] SHOW FULL COLUMNS FROM `yh_admin` [ RunTime:0.005996s ]
[2020-11-24T11:13:48+08:00][sql] SELECT * FROM `yh_admin` WHERE  `id` = 1 LIMIT 1 [ RunTime:0.001056s ]
[2020-11-24T11:13:48+08:00][sql] SHOW FULL COLUMNS FROM `yh_webpz` [ RunTime:0.002558s ]
[2020-11-24T11:13:48+08:00][sql] SELECT * FROM `yh_webpz` WHERE  `id` = 1 LIMIT 1 [ RunTime:0.000978s ]
[2020-11-24T11:13:48+08:00][sql] SHOW FULL COLUMNS FROM `yh_user` [ RunTime:0.003359s ]
[2020-11-24T11:13:48+08:00][sql] SELECT COUNT(*) AS think_count FROM `yh_user` [ RunTime:0.000933s ]
[2020-11-24T11:13:48+08:00][sql] SHOW FULL COLUMNS FROM `yh_order` [ RunTime:0.004275s ]
[2020-11-24T11:13:48+08:00][sql] SELECT SUM(`payment`) AS think_sum FROM `yh_order` WHERE  `status` = 1 [ RunTime:0.002357s ]
[2020-11-24T11:13:48+08:00][sql] SELECT SUM(`payment`) AS think_sum FROM `yh_order` WHERE  `intime` <= 1604160000  AND `intime` >= 1601481600  AND `status` = 1 [ RunTime:0.001088s ]
[2020-11-24T11:13:48+08:00][sql] SELECT SUM(`payment`) AS think_sum FROM `yh_order` WHERE  `intime` >= 1604160000  AND `status` = 1 [ RunTime:0.001335s ]
[2020-11-24T11:13:48+08:00][sql] SHOW FULL COLUMNS FROM `yh_information` [ RunTime:0.002126s ]
[2020-11-24T11:13:48+08:00][sql] SELECT COUNT(*) AS think_count FROM `yh_information` [ RunTime:0.000853s ]
[2020-11-24T11:13:48+08:00][sql] SHOW FULL COLUMNS FROM `yh_record` [ RunTime:0.003089s ]
[2020-11-24T11:13:48+08:00][sql] SELECT COUNT(*) AS think_count FROM `yh_record` WHERE  `intime` >= 1606147200 [ RunTime:0.002718s ]
[2020-11-24T11:13:48+08:00][sql] SHOW FULL COLUMNS FROM `yh_business` [ RunTime:0.003203s ]
[2020-11-24T11:13:48+08:00][sql] SELECT COUNT(*) AS think_count FROM `yh_business` WHERE  `type` = 1 [ RunTime:0.000649s ]
[2020-11-24T11:13:48+08:00][sql] SELECT COUNT(*) AS think_count FROM `yh_business` WHERE  `type` = 2 [ RunTime:0.000608s ]
[2020-11-24T11:13:49+08:00][sql] CONNECT:[ UseTime:0.000933s ] mysql:host=127.0.0.1;port=3306;dbname=jifei_ymcx_shop;charset=utf8
[2020-11-24T11:13:49+08:00][sql] SHOW FULL COLUMNS FROM `yh_admin` [ RunTime:0.005489s ]
[2020-11-24T11:13:49+08:00][sql] SELECT * FROM `yh_admin` WHERE  `id` = 1 LIMIT 1 [ RunTime:0.000754s ]
[2020-11-24T11:13:49+08:00][sql] SHOW FULL COLUMNS FROM `yh_webpz` [ RunTime:0.001969s ]
[2020-11-24T11:13:49+08:00][sql] SELECT * FROM `yh_webpz` WHERE  `id` = 1 LIMIT 1 [ RunTime:0.006171s ]
[2020-11-24T11:13:49+08:00][sql] SHOW FULL COLUMNS FROM `yh_record` [ RunTime:0.004718s ]
[2020-11-24T11:13:49+08:00][sql] SELECT COUNT(`id`) AS think_count FROM `yh_record` WHERE  `intime` >= 1606150800  AND `intime` <= 1606154400 [ RunTime:0.004678s ]
[2020-11-24T11:13:49+08:00][sql] SELECT COUNT(`id`) AS think_count FROM `yh_record` WHERE  `intime` >= 1606154400  AND `intime` <= 1606158000 [ RunTime:0.002408s ]
[2020-11-24T11:13:49+08:00][sql] SELECT COUNT(`id`) AS think_count FROM `yh_record` WHERE  `intime` >= 1606158000  AND `intime` <= 1606161600 [ RunTime:0.001482s ]
[2020-11-24T11:13:49+08:00][sql] SELECT COUNT(`id`) AS think_count FROM `yh_record` WHERE  `intime` >= 1606161600  AND `intime` <= 1606165200 [ RunTime:0.001378s ]
[2020-11-24T11:13:49+08:00][sql] SELECT COUNT(`id`) AS think_count FROM `yh_record` WHERE  `intime` >= 1606165200  AND `intime` <= 1606168800 [ RunTime:0.002236s ]
[2020-11-24T11:13:49+08:00][sql] SELECT COUNT(`id`) AS think_count FROM `yh_record` WHERE  `intime` >= 1606168800  AND `intime` <= 1606172400 [ RunTime:0.003841s ]
[2020-11-24T11:13:49+08:00][sql] SELECT COUNT(`id`) AS think_count FROM `yh_record` WHERE  `intime` >= 1606172400  AND `intime` <= 1606176000 [ RunTime:0.003592s ]
[2020-11-24T11:13:49+08:00][sql] SELECT COUNT(`id`) AS think_count FROM `yh_record` WHERE  `intime` >= 1606176000  AND `intime` <= 1606179600 [ RunTime:0.003689s ]
[2020-11-24T11:13:49+08:00][sql] SELECT COUNT(`id`) AS think_count FROM `yh_record` WHERE  `intime` >= 1606179600  AND `intime` <= 1606183200 [ RunTime:0.015805s ]
[2020-11-24T11:13:49+08:00][sql] SELECT COUNT(`id`) AS think_count FROM `yh_record` WHERE  `intime` >= 1606183200  AND `intime` <= 1606186800 [ RunTime:0.002069s ]
[2020-11-24T11:13:49+08:00][sql] SELECT COUNT(`id`) AS think_count FROM `yh_record` WHERE  `intime` >= 1606186800  AND `intime` <= 1606190400 [ RunTime:0.001886s ]
[2020-11-24T11:13:49+08:00][sql] SELECT COUNT(`id`) AS think_count FROM `yh_record` WHERE  `intime` >= 1606190400  AND `intime` <= 1606194000 [ RunTime:0.001457s ]
[2020-11-24T11:13:49+08:00][sql] SELECT COUNT(`id`) AS think_count FROM `yh_record` WHERE  `intime` >= 1606064400  AND `intime` <= 1606068000 [ RunTime:0.001431s ]
[2020-11-24T11:13:49+08:00][sql] SELECT COUNT(`id`) AS think_count FROM `yh_record` WHERE  `intime` >= 1606068000  AND `intime` <= 1606071600 [ RunTime:0.001771s ]
[2020-11-24T11:13:49+08:00][sql] SELECT COUNT(`id`) AS think_count FROM `yh_record` WHERE  `intime` >= 1606071600  AND `intime` <= 1606075200 [ RunTime:0.001801s ]
[2020-11-24T11:13:49+08:00][sql] SELECT COUNT(`id`) AS think_count FROM `yh_record` WHERE  `intime` >= 1606075200  AND `intime` <= 1606078800 [ RunTime:0.001771s ]
[2020-11-24T11:13:49+08:00][sql] SELECT COUNT(`id`) AS think_count FROM `yh_record` WHERE  `intime` >= 1606078800  AND `intime` <= 1606082400 [ RunTime:0.002990s ]
[2020-11-24T11:13:49+08:00][sql] SELECT COUNT(`id`) AS think_count FROM `yh_record` WHERE  `intime` >= 1606082400  AND `intime` <= 1606086000 [ RunTime:0.003236s ]
[2020-11-24T11:13:49+08:00][sql] SELECT COUNT(`id`) AS think_count FROM `yh_record` WHERE  `intime` >= 1606086000  AND `intime` <= 1606089600 [ RunTime:0.003915s ]
[2020-11-24T11:13:49+08:00][sql] SELECT COUNT(`id`) AS think_count FROM `yh_record` WHERE  `intime` >= 1606089600  AND `intime` <= 1606093200 [ RunTime:0.003308s ]
[2020-11-24T11:13:49+08:00][sql] SELECT COUNT(`id`) AS think_count FROM `yh_record` WHERE  `intime` >= 1606093200  AND `intime` <= 1606096800 [ RunTime:0.005007s ]
[2020-11-24T11:13:49+08:00][sql] SELECT COUNT(`id`) AS think_count FROM `yh_record` WHERE  `intime` >= 1606096800  AND `intime` <= 1606100400 [ RunTime:0.004217s ]
[2020-11-24T11:13:49+08:00][sql] SELECT COUNT(`id`) AS think_count FROM `yh_record` WHERE  `intime` >= 1606100400  AND `intime` <= 1606104000 [ RunTime:0.004202s ]
[2020-11-24T11:13:49+08:00][sql] SELECT COUNT(`id`) AS think_count FROM `yh_record` WHERE  `intime` >= 1606104000  AND `intime` <= 1606107600 [ RunTime:0.003971s ]
[2020-11-24T11:13:49+08:00][sql] SHOW FULL COLUMNS FROM `yh_business` [ RunTime:0.002325s ]
[2020-11-24T11:13:49+08:00][sql] SELECT COUNT(*) AS think_count FROM `yh_business` WHERE  `type` = 1 [ RunTime:0.000652s ]
[2020-11-24T11:13:49+08:00][sql] SELECT COUNT(*) AS think_count FROM `yh_business` WHERE  `type` = 2 [ RunTime:0.000558s ]
[2020-11-24T11:13:49+08:00][sql] SELECT `user_uid`,`calltoday` FROM `yh_business` ORDER BY `calltoday` DESC LIMIT 5 [ RunTime:0.000643s ]
[2020-11-24T11:13:58+08:00][sql] CONNECT:[ UseTime:0.001186s ] mysql:host=127.0.0.1;port=3306;dbname=jifei_ymcx_shop;charset=utf8
[2020-11-24T11:13:58+08:00][sql] SHOW FULL COLUMNS FROM `yh_admin` [ RunTime:0.002599s ]
[2020-11-24T11:13:58+08:00][sql] SELECT * FROM `yh_admin` WHERE  `id` = 1 LIMIT 1 [ RunTime:0.000878s ]
[2020-11-24T11:13:58+08:00][sql] SHOW FULL COLUMNS FROM `yh_webpz` [ RunTime:0.001941s ]
[2020-11-24T11:13:58+08:00][sql] SELECT * FROM `yh_webpz` WHERE  `id` = 1 LIMIT 1 [ RunTime:0.000693s ]
[2020-11-24T11:13:58+08:00][sql] SHOW FULL COLUMNS FROM `yh_order` [ RunTime:0.002083s ]
[2020-11-24T11:13:58+08:00][sql] SELECT COUNT(*) AS think_count FROM `yh_order` [ RunTime:0.000828s ]
[2020-11-24T11:13:58+08:00][sql] SELECT * FROM `yh_order` ORDER BY `id` DESC LIMIT 0,15 [ RunTime:0.000609s ]
[2020-11-24T11:13:58+08:00][sql] CONNECT:[ UseTime:0.001252s ] mysql:host=127.0.0.1;port=3306;dbname=jifei_ymcx_shop;charset=utf8
[2020-11-24T11:13:58+08:00][sql] SHOW FULL COLUMNS FROM `yh_admin` [ RunTime:0.002375s ]
[2020-11-24T11:13:58+08:00][sql] SELECT * FROM `yh_admin` WHERE  `id` = 1 LIMIT 1 [ RunTime:0.000626s ]
[2020-11-24T11:13:58+08:00][sql] SHOW FULL COLUMNS FROM `yh_webpz` [ RunTime:0.002119s ]
[2020-11-24T11:13:58+08:00][sql] SELECT * FROM `yh_webpz` WHERE  `id` = 1 LIMIT 1 [ RunTime:0.002394s ]
[2020-11-24T11:13:58+08:00][sql] SHOW FULL COLUMNS FROM `yh_record` [ RunTime:0.003144s ]
[2020-11-24T11:13:58+08:00][sql] SELECT COUNT(*) AS think_count FROM `yh_record` [ RunTime:0.001428s ]
[2020-11-24T11:13:58+08:00][sql] SELECT * FROM `yh_record` ORDER BY `id` DESC LIMIT 0,15 [ RunTime:0.000598s ]
[2020-11-24T11:13:58+08:00][sql] SELECT COUNT(`id`) AS think_count FROM `yh_record` [ RunTime:0.006104s ]
[2020-11-24T11:13:58+08:00][sql] SELECT COUNT(`id`) AS think_count FROM `yh_record` WHERE  `status` = 1 [ RunTime:0.003458s ]
[2020-11-24T11:14:00+08:00][sql] CONNECT:[ UseTime:0.001215s ] mysql:host=127.0.0.1;port=3306;dbname=jifei_ymcx_shop;charset=utf8
[2020-11-24T11:14:00+08:00][sql] SHOW FULL COLUMNS FROM `yh_admin` [ RunTime:0.002082s ]
[2020-11-24T11:14:00+08:00][sql] SELECT * FROM `yh_admin` WHERE  `id` = 1 LIMIT 1 [ RunTime:0.001096s ]
[2020-11-24T11:14:00+08:00][sql] SHOW FULL COLUMNS FROM `yh_webpz` [ RunTime:0.003724s ]
[2020-11-24T11:14:00+08:00][sql] SELECT * FROM `yh_webpz` WHERE  `id` = 1 LIMIT 1 [ RunTime:0.000786s ]
[2020-11-24T11:14:00+08:00][sql] SHOW FULL COLUMNS FROM `yh_order` [ RunTime:0.001949s ]
[2020-11-24T11:14:00+08:00][sql] SELECT COUNT(*) AS think_count FROM `yh_order` [ RunTime:0.014201s ]
[2020-11-24T11:14:00+08:00][sql] SELECT * FROM `yh_order` ORDER BY `id` DESC LIMIT 0,15 [ RunTime:0.002210s ]
[2020-11-24T11:14:40+08:00][sql] CONNECT:[ UseTime:0.001263s ] mysql:host=127.0.0.1;port=3306;dbname=jifei_ymcx_shop;charset=utf8
[2020-11-24T11:14:40+08:00][sql] SHOW FULL COLUMNS FROM `yh_admin` [ RunTime:0.003720s ]
[2020-11-24T11:14:40+08:00][sql] SELECT * FROM `yh_admin` WHERE  `id` = 1 LIMIT 1 [ RunTime:0.001502s ]
[2020-11-24T11:14:40+08:00][sql] SHOW FULL COLUMNS FROM `yh_webpz` [ RunTime:0.001961s ]
[2020-11-24T11:14:40+08:00][sql] SELECT * FROM `yh_webpz` WHERE  `id` = 1 LIMIT 1 [ RunTime:0.000624s ]
[2020-11-24T11:14:42+08:00][sql] CONNECT:[ UseTime:0.005197s ] mysql:host=127.0.0.1;port=3306;dbname=jifei_ymcx_shop;charset=utf8
[2020-11-24T11:14:42+08:00][sql] SHOW FULL COLUMNS FROM `yh_admin` [ RunTime:0.002345s ]
[2020-11-24T11:14:42+08:00][sql] SELECT * FROM `yh_admin` WHERE  `id` = 1 LIMIT 1 [ RunTime:0.000644s ]
[2020-11-24T11:14:42+08:00][sql] SHOW FULL COLUMNS FROM `yh_webpz` [ RunTime:0.002107s ]
[2020-11-24T11:14:42+08:00][sql] SELECT * FROM `yh_webpz` WHERE  `id` = 1 LIMIT 1 [ RunTime:0.000646s ]
[2020-11-24T11:14:42+08:00][sql] SHOW FULL COLUMNS FROM `yh_record` [ RunTime:0.002742s ]
[2020-11-24T11:14:42+08:00][sql] SELECT COUNT(*) AS think_count FROM `yh_record` [ RunTime:0.001845s ]
[2020-11-24T11:14:42+08:00][sql] SELECT * FROM `yh_record` ORDER BY `id` DESC LIMIT 0,15 [ RunTime:0.000819s ]
[2020-11-24T11:14:42+08:00][sql] SELECT COUNT(`id`) AS think_count FROM `yh_record` [ RunTime:0.001944s ]
[2020-11-24T11:14:42+08:00][sql] SELECT COUNT(`id`) AS think_count FROM `yh_record` WHERE  `status` = 1 [ RunTime:0.002258s ]
[2020-11-24T11:14:51+08:00][sql] CONNECT:[ UseTime:0.000856s ] mysql:host=127.0.0.1;port=3306;dbname=jifei_ymcx_shop;charset=utf8
[2020-11-24T11:14:51+08:00][sql] SHOW FULL COLUMNS FROM `yh_admin` [ RunTime:0.001716s ]
[2020-11-24T11:14:51+08:00][sql] SELECT * FROM `yh_admin` WHERE  `id` = 1 LIMIT 1 [ RunTime:0.000585s ]
[2020-11-24T11:14:51+08:00][sql] SHOW FULL COLUMNS FROM `yh_webpz` [ RunTime:0.001329s ]
[2020-11-24T11:14:51+08:00][sql] SELECT * FROM `yh_webpz` WHERE  `id` = 1 LIMIT 1 [ RunTime:0.000469s ]
[2020-11-24T11:14:52+08:00][sql] CONNECT:[ UseTime:0.002761s ] mysql:host=127.0.0.1;port=3306;dbname=jifei_ymcx_shop;charset=utf8
[2020-11-24T11:14:52+08:00][sql] SHOW FULL COLUMNS FROM `yh_admin` [ RunTime:0.003169s ]
[2020-11-24T11:14:52+08:00][sql] SELECT * FROM `yh_admin` WHERE  `id` = 1 LIMIT 1 [ RunTime:0.007055s ]
[2020-11-24T11:14:52+08:00][sql] SHOW FULL COLUMNS FROM `yh_webpz` [ RunTime:0.026328s ]
[2020-11-24T11:14:52+08:00][sql] SELECT * FROM `yh_webpz` WHERE  `id` = 1 LIMIT 1 [ RunTime:0.000987s ]
[2020-11-24T11:14:52+08:00][sql] SELECT `tep` FROM `yh_webpz` WHERE  `id` = 1 LIMIT 1 [ RunTime:0.000996s ]
[2020-11-24T11:14:52+08:00][sql] SHOW FULL COLUMNS FROM `yh_information` [ RunTime:0.002169s ]
[2020-11-24T11:14:52+08:00][sql] SELECT * FROM `yh_information` WHERE  `id` = 1 LIMIT 1 [ RunTime:0.012424s ]
[2020-11-24T11:14:53+08:00][sql] CONNECT:[ UseTime:0.004674s ] mysql:host=127.0.0.1;port=3306;dbname=jifei_ymcx_shop;charset=utf8
[2020-11-24T11:14:53+08:00][sql] SHOW FULL COLUMNS FROM `yh_admin` [ RunTime:0.005620s ]
[2020-11-24T11:14:53+08:00][sql] SELECT * FROM `yh_admin` WHERE  `id` = 1 LIMIT 1 [ RunTime:0.001214s ]
[2020-11-24T11:14:53+08:00][sql] SHOW FULL COLUMNS FROM `yh_webpz` [ RunTime:0.001813s ]
[2020-11-24T11:14:53+08:00][sql] SELECT * FROM `yh_webpz` WHERE  `id` = 1 LIMIT 1 [ RunTime:0.000472s ]
[2020-11-24T11:14:53+08:00][sql] SHOW FULL COLUMNS FROM `yh_information` [ RunTime:0.002184s ]
[2020-11-24T11:14:53+08:00][sql] SELECT * FROM `yh_information` WHERE  `id` = 1 LIMIT 1 [ RunTime:0.000499s ]
[2020-11-24T11:14:54+08:00][sql] CONNECT:[ UseTime:0.001226s ] mysql:host=127.0.0.1;port=3306;dbname=jifei_ymcx_shop;charset=utf8
[2020-11-24T11:14:54+08:00][sql] SHOW FULL COLUMNS FROM `yh_admin` [ RunTime:0.002358s ]
[2020-11-24T11:14:54+08:00][sql] SELECT * FROM `yh_admin` WHERE  `id` = 1 LIMIT 1 [ RunTime:0.000758s ]
[2020-11-24T11:14:54+08:00][sql] SHOW FULL COLUMNS FROM `yh_webpz` [ RunTime:0.002151s ]
[2020-11-24T11:14:54+08:00][sql] SELECT * FROM `yh_webpz` WHERE  `id` = 1 LIMIT 1 [ RunTime:0.000626s ]
[2020-11-24T11:14:54+08:00][sql] SELECT * FROM `yh_webpz` WHERE  `id` = 1 LIMIT 1 [ RunTime:0.000961s ]
[2020-11-24T11:14:57+08:00][sql] CONNECT:[ UseTime:0.002284s ] mysql:host=127.0.0.1;port=3306;dbname=jifei_ymcx_shop;charset=utf8
[2020-11-24T11:14:57+08:00][sql] SHOW FULL COLUMNS FROM `yh_admin` [ RunTime:0.003580s ]
[2020-11-24T11:14:57+08:00][sql] SELECT * FROM `yh_admin` WHERE  `id` = 1 LIMIT 1 [ RunTime:0.001882s ]
[2020-11-24T11:14:57+08:00][sql] SHOW FULL COLUMNS FROM `yh_webpz` [ RunTime:0.002451s ]
[2020-11-24T11:14:57+08:00][sql] SELECT * FROM `yh_webpz` WHERE  `id` = 1 LIMIT 1 [ RunTime:0.000747s ]
[2020-11-24T11:14:57+08:00][sql] SELECT * FROM `yh_webpz` WHERE  `id` = 1 LIMIT 1 [ RunTime:0.000628s ]
[2020-11-24T11:14:57+08:00][sql] UPDATE `yh_webpz`  SET `api` = 'https://vip.lby.pet/analysis/json/?uid=143&my=cdeghtuyCDEMNRVWY1&url='  WHERE  `id` = 1 [ RunTime:0.001095s ]
[2020-11-24T11:14:59+08:00][sql] CONNECT:[ UseTime:0.001699s ] mysql:host=127.0.0.1;port=3306;dbname=jifei_ymcx_shop;charset=utf8
[2020-11-24T11:14:59+08:00][sql] SHOW FULL COLUMNS FROM `yh_admin` [ RunTime:0.002600s ]
[2020-11-24T11:14:59+08:00][sql] SELECT * FROM `yh_admin` WHERE  `id` = 1 LIMIT 1 [ RunTime:0.000673s ]
[2020-11-24T11:14:59+08:00][sql] SHOW FULL COLUMNS FROM `yh_webpz` [ RunTime:0.005217s ]
[2020-11-24T11:14:59+08:00][sql] SELECT * FROM `yh_webpz` WHERE  `id` = 1 LIMIT 1 [ RunTime:0.002467s ]
[2020-11-24T11:14:59+08:00][sql] SELECT * FROM `yh_webpz` WHERE  `id` = 1 LIMIT 1 [ RunTime:0.000745s ]
[2020-11-24T11:30:35+08:00][sql] CONNECT:[ UseTime:0.002609s ] mysql:host=127.0.0.1;port=3306;dbname=jifei_ymcx_shop;charset=utf8
[2020-11-24T11:30:35+08:00][sql] SHOW FULL COLUMNS FROM `yh_admin` [ RunTime:0.002195s ]
[2020-11-24T11:30:35+08:00][sql] SELECT * FROM `yh_admin` WHERE  `id` = 1 LIMIT 1 [ RunTime:0.002710s ]
[2020-11-24T11:30:35+08:00][sql] SHOW FULL COLUMNS FROM `yh_webpz` [ RunTime:0.002381s ]
[2020-11-24T11:30:35+08:00][sql] SELECT * FROM `yh_webpz` WHERE  `id` = 1 LIMIT 1 [ RunTime:0.000623s ]
[2020-11-24T11:30:35+08:00][sql] SHOW FULL COLUMNS FROM `yh_user` [ RunTime:0.001849s ]
[2020-11-24T11:30:35+08:00][sql] SELECT COUNT(*) AS think_count FROM `yh_user` [ RunTime:0.002430s ]
[2020-11-24T11:30:35+08:00][sql] SHOW FULL COLUMNS FROM `yh_order` [ RunTime:0.001528s ]
[2020-11-24T11:30:35+08:00][sql] SELECT SUM(`payment`) AS think_sum FROM `yh_order` WHERE  `status` = 1 [ RunTime:0.000591s ]
[2020-11-24T11:30:35+08:00][sql] SELECT SUM(`payment`) AS think_sum FROM `yh_order` WHERE  `intime` <= 1604160000  AND `intime` >= 1601481600  AND `status` = 1 [ RunTime:0.000462s ]
[2020-11-24T11:30:35+08:00][sql] SELECT SUM(`payment`) AS think_sum FROM `yh_order` WHERE  `intime` >= 1604160000  AND `status` = 1 [ RunTime:0.000439s ]
[2020-11-24T11:30:35+08:00][sql] SHOW FULL COLUMNS FROM `yh_information` [ RunTime:0.001651s ]
[2020-11-24T11:30:35+08:00][sql] SELECT COUNT(*) AS think_count FROM `yh_information` [ RunTime:0.000423s ]
[2020-11-24T11:30:35+08:00][sql] SHOW FULL COLUMNS FROM `yh_record` [ RunTime:0.001220s ]
[2020-11-24T11:30:35+08:00][sql] SELECT COUNT(*) AS think_count FROM `yh_record` WHERE  `intime` >= 1606147200 [ RunTime:0.001201s ]
[2020-11-24T11:30:35+08:00][sql] SHOW FULL COLUMNS FROM `yh_business` [ RunTime:0.001254s ]
[2020-11-24T11:30:35+08:00][sql] SELECT COUNT(*) AS think_count FROM `yh_business` WHERE  `type` = 1 [ RunTime:0.000543s ]
[2020-11-24T11:30:35+08:00][sql] SELECT COUNT(*) AS think_count FROM `yh_business` WHERE  `type` = 2 [ RunTime:0.000417s ]
[2020-11-24T11:30:36+08:00][sql] CONNECT:[ UseTime:0.001476s ] mysql:host=127.0.0.1;port=3306;dbname=jifei_ymcx_shop;charset=utf8
[2020-11-24T11:30:36+08:00][sql] SHOW FULL COLUMNS FROM `yh_admin` [ RunTime:0.002641s ]
[2020-11-24T11:30:36+08:00][sql] SELECT * FROM `yh_admin` WHERE  `id` = 1 LIMIT 1 [ RunTime:0.000692s ]
[2020-11-24T11:30:36+08:00][sql] SHOW FULL COLUMNS FROM `yh_webpz` [ RunTime:0.002414s ]
[2020-11-24T11:30:36+08:00][sql] SELECT * FROM `yh_webpz` WHERE  `id` = 1 LIMIT 1 [ RunTime:0.000537s ]
[2020-11-24T11:30:36+08:00][sql] SHOW FULL COLUMNS FROM `yh_record` [ RunTime:0.001566s ]
[2020-11-24T11:30:36+08:00][sql] SELECT COUNT(`id`) AS think_count FROM `yh_record` WHERE  `intime` >= 1606150800  AND `intime` <= 1606154400 [ RunTime:0.001563s ]
[2020-11-24T11:30:36+08:00][sql] SELECT COUNT(`id`) AS think_count FROM `yh_record` WHERE  `intime` >= 1606154400  AND `intime` <= 1606158000 [ RunTime:0.001479s ]
[2020-11-24T11:30:36+08:00][sql] SELECT COUNT(`id`) AS think_count FROM `yh_record` WHERE  `intime` >= 1606158000  AND `intime` <= 1606161600 [ RunTime:0.001491s ]
[2020-11-24T11:30:36+08:00][sql] SELECT COUNT(`id`) AS think_count FROM `yh_record` WHERE  `intime` >= 1606161600  AND `intime` <= 1606165200 [ RunTime:0.001479s ]
[2020-11-24T11:30:36+08:00][sql] SELECT COUNT(`id`) AS think_count FROM `yh_record` WHERE  `intime` >= 1606165200  AND `intime` <= 1606168800 [ RunTime:0.001614s ]
[2020-11-24T11:30:36+08:00][sql] SELECT COUNT(`id`) AS think_count FROM `yh_record` WHERE  `intime` >= 1606168800  AND `intime` <= 1606172400 [ RunTime:0.003223s ]
[2020-11-24T11:30:36+08:00][sql] SELECT COUNT(`id`) AS think_count FROM `yh_record` WHERE  `intime` >= 1606172400  AND `intime` <= 1606176000 [ RunTime:0.010482s ]
[2020-11-24T11:30:36+08:00][sql] SELECT COUNT(`id`) AS think_count FROM `yh_record` WHERE  `intime` >= 1606176000  AND `intime` <= 1606179600 [ RunTime:0.005699s ]
[2020-11-24T11:30:36+08:00][sql] SELECT COUNT(`id`) AS think_count FROM `yh_record` WHERE  `intime` >= 1606179600  AND `intime` <= 1606183200 [ RunTime:0.007205s ]
[2020-11-24T11:30:36+08:00][sql] SELECT COUNT(`id`) AS think_count FROM `yh_record` WHERE  `intime` >= 1606183200  AND `intime` <= 1606186800 [ RunTime:0.005303s ]
[2020-11-24T11:30:36+08:00][sql] SELECT COUNT(`id`) AS think_count FROM `yh_record` WHERE  `intime` >= 1606186800  AND `intime` <= 1606190400 [ RunTime:0.002116s ]
[2020-11-24T11:30:36+08:00][sql] SELECT COUNT(`id`) AS think_count FROM `yh_record` WHERE  `intime` >= 1606190400  AND `intime` <= 1606194000 [ RunTime:0.001682s ]
[2020-11-24T11:30:36+08:00][sql] SELECT COUNT(`id`) AS think_count FROM `yh_record` WHERE  `intime` >= 1606064400  AND `intime` <= 1606068000 [ RunTime:0.001888s ]
[2020-11-24T11:30:36+08:00][sql] SELECT COUNT(`id`) AS think_count FROM `yh_record` WHERE  `intime` >= 1606068000  AND `intime` <= 1606071600 [ RunTime:0.003111s ]
[2020-11-24T11:30:36+08:00][sql] SELECT COUNT(`id`) AS think_count FROM `yh_record` WHERE  `intime` >= 1606071600  AND `intime` <= 1606075200 [ RunTime:0.005843s ]
[2020-11-24T11:30:36+08:00][sql] SELECT COUNT(`id`) AS think_count FROM `yh_record` WHERE  `intime` >= 1606075200  AND `intime` <= 1606078800 [ RunTime:0.005280s ]
[2020-11-24T11:30:36+08:00][sql] SELECT COUNT(`id`) AS think_count FROM `yh_record` WHERE  `intime` >= 1606078800  AND `intime` <= 1606082400 [ RunTime:0.001762s ]
[2020-11-24T11:30:36+08:00][sql] SELECT COUNT(`id`) AS think_count FROM `yh_record` WHERE  `intime` >= 1606082400  AND `intime` <= 1606086000 [ RunTime:0.001507s ]
[2020-11-24T11:30:36+08:00][sql] SELECT COUNT(`id`) AS think_count FROM `yh_record` WHERE  `intime` >= 1606086000  AND `intime` <= 1606089600 [ RunTime:0.001710s ]
[2020-11-24T11:30:36+08:00][sql] SELECT COUNT(`id`) AS think_count FROM `yh_record` WHERE  `intime` >= 1606089600  AND `intime` <= 1606093200 [ RunTime:0.001736s ]
[2020-11-24T11:30:36+08:00][sql] SELECT COUNT(`id`) AS think_count FROM `yh_record` WHERE  `intime` >= 1606093200  AND `intime` <= 1606096800 [ RunTime:0.004584s ]
[2020-11-24T11:30:36+08:00][sql] SELECT COUNT(`id`) AS think_count FROM `yh_record` WHERE  `intime` >= 1606096800  AND `intime` <= 1606100400 [ RunTime:0.002316s ]
[2020-11-24T11:30:36+08:00][sql] SELECT COUNT(`id`) AS think_count FROM `yh_record` WHERE  `intime` >= 1606100400  AND `intime` <= 1606104000 [ RunTime:0.002913s ]
[2020-11-24T11:30:36+08:00][sql] SELECT COUNT(`id`) AS think_count FROM `yh_record` WHERE  `intime` >= 1606104000  AND `intime` <= 1606107600 [ RunTime:0.002810s ]
[2020-11-24T11:30:36+08:00][sql] SHOW FULL COLUMNS FROM `yh_business` [ RunTime:0.003330s ]
[2020-11-24T11:30:36+08:00][sql] SELECT COUNT(*) AS think_count FROM `yh_business` WHERE  `type` = 1 [ RunTime:0.000602s ]
[2020-11-24T11:30:36+08:00][sql] SELECT COUNT(*) AS think_count FROM `yh_business` WHERE  `type` = 2 [ RunTime:0.000557s ]
[2020-11-24T11:30:36+08:00][sql] SELECT `user_uid`,`calltoday` FROM `yh_business` ORDER BY `calltoday` DESC LIMIT 5 [ RunTime:0.001129s ]
[2020-11-24T11:31:51+08:00][sql] CONNECT:[ UseTime:0.001637s ] mysql:host=127.0.0.1;port=3306;dbname=jifei_ymcx_shop;charset=utf8
[2020-11-24T11:31:51+08:00][sql] SHOW FULL COLUMNS FROM `yh_admin` [ RunTime:0.002882s ]
[2020-11-24T11:31:51+08:00][sql] SELECT * FROM `yh_admin` WHERE  `id` = 1 LIMIT 1 [ RunTime:0.000877s ]
[2020-11-24T11:31:51+08:00][sql] SHOW FULL COLUMNS FROM `yh_webpz` [ RunTime:0.002945s ]
[2020-11-24T11:31:51+08:00][sql] SELECT * FROM `yh_webpz` WHERE  `id` = 1 LIMIT 1 [ RunTime:0.005458s ]
[2020-11-24T11:31:51+08:00][sql] SHOW FULL COLUMNS FROM `yh_user` [ RunTime:0.006928s ]
[2020-11-24T11:31:51+08:00][sql] SELECT COUNT(*) AS think_count FROM `yh_user` [ RunTime:0.000477s ]
[2020-11-24T11:31:51+08:00][sql] SHOW FULL COLUMNS FROM `yh_order` [ RunTime:0.005078s ]
[2020-11-24T11:31:51+08:00][sql] SELECT SUM(`payment`) AS think_sum FROM `yh_order` WHERE  `status` = 1 [ RunTime:0.001069s ]
[2020-11-24T11:31:51+08:00][sql] SELECT SUM(`payment`) AS think_sum FROM `yh_order` WHERE  `intime` <= 1604160000  AND `intime` >= 1601481600  AND `status` = 1 [ RunTime:0.001245s ]
[2020-11-24T11:31:51+08:00][sql] SELECT SUM(`payment`) AS think_sum FROM `yh_order` WHERE  `intime` >= 1604160000  AND `status` = 1 [ RunTime:0.000555s ]
[2020-11-24T11:31:51+08:00][sql] SHOW FULL COLUMNS FROM `yh_information` [ RunTime:0.002763s ]
[2020-11-24T11:31:51+08:00][sql] SELECT COUNT(*) AS think_count FROM `yh_information` [ RunTime:0.000890s ]
[2020-11-24T11:31:51+08:00][sql] SHOW FULL COLUMNS FROM `yh_record` [ RunTime:0.002155s ]
[2020-11-24T11:31:51+08:00][sql] SELECT COUNT(*) AS think_count FROM `yh_record` WHERE  `intime` >= 1606147200 [ RunTime:0.002170s ]
[2020-11-24T11:31:51+08:00][sql] SHOW FULL COLUMNS FROM `yh_business` [ RunTime:0.002897s ]
[2020-11-24T11:31:51+08:00][sql] SELECT COUNT(*) AS think_count FROM `yh_business` WHERE  `type` = 1 [ RunTime:0.001194s ]
[2020-11-24T11:31:51+08:00][sql] SELECT COUNT(*) AS think_count FROM `yh_business` WHERE  `type` = 2 [ RunTime:0.000803s ]
[2020-11-24T11:31:52+08:00][sql] CONNECT:[ UseTime:0.013012s ] mysql:host=127.0.0.1;port=3306;dbname=jifei_ymcx_shop;charset=utf8
[2020-11-24T11:31:52+08:00][sql] SHOW FULL COLUMNS FROM `yh_admin` [ RunTime:0.003773s ]
[2020-11-24T11:31:52+08:00][sql] SELECT * FROM `yh_admin` WHERE  `id` = 1 LIMIT 1 [ RunTime:0.000719s ]
[2020-11-24T11:31:52+08:00][sql] SHOW FULL COLUMNS FROM `yh_webpz` [ RunTime:0.002173s ]
[2020-11-24T11:31:52+08:00][sql] SELECT * FROM `yh_webpz` WHERE  `id` = 1 LIMIT 1 [ RunTime:0.002495s ]
[2020-11-24T11:31:52+08:00][sql] SHOW FULL COLUMNS FROM `yh_record` [ RunTime:0.008041s ]
[2020-11-24T11:31:52+08:00][sql] SELECT COUNT(`id`) AS think_count FROM `yh_record` WHERE  `intime` >= 1606150800  AND `intime` <= 1606154400 [ RunTime:0.003718s ]
[2020-11-24T11:31:52+08:00][sql] SELECT COUNT(`id`) AS think_count FROM `yh_record` WHERE  `intime` >= 1606154400  AND `intime` <= 1606158000 [ RunTime:0.001949s ]
[2020-11-24T11:31:52+08:00][sql] SELECT COUNT(`id`) AS think_count FROM `yh_record` WHERE  `intime` >= 1606158000  AND `intime` <= 1606161600 [ RunTime:0.004414s ]
[2020-11-24T11:31:52+08:00][sql] SELECT COUNT(`id`) AS think_count FROM `yh_record` WHERE  `intime` >= 1606161600  AND `intime` <= 1606165200 [ RunTime:0.004463s ]
[2020-11-24T11:31:52+08:00][sql] SELECT COUNT(`id`) AS think_count FROM `yh_record` WHERE  `intime` >= 1606165200  AND `intime` <= 1606168800 [ RunTime:0.003246s ]
[2020-11-24T11:31:52+08:00][sql] SELECT COUNT(`id`) AS think_count FROM `yh_record` WHERE  `intime` >= 1606168800  AND `intime` <= 1606172400 [ RunTime:0.003934s ]
[2020-11-24T11:31:52+08:00][sql] SELECT COUNT(`id`) AS think_count FROM `yh_record` WHERE  `intime` >= 1606172400  AND `intime` <= 1606176000 [ RunTime:0.003167s ]
[2020-11-24T11:31:52+08:00][sql] SELECT COUNT(`id`) AS think_count FROM `yh_record` WHERE  `intime` >= 1606176000  AND `intime` <= 1606179600 [ RunTime:0.001221s ]
[2020-11-24T11:31:52+08:00][sql] SELECT COUNT(`id`) AS think_count FROM `yh_record` WHERE  `intime` >= 1606179600  AND `intime` <= 1606183200 [ RunTime:0.007850s ]
[2020-11-24T11:31:52+08:00][sql] SELECT COUNT(`id`) AS think_count FROM `yh_record` WHERE  `intime` >= 1606183200  AND `intime` <= 1606186800 [ RunTime:0.001230s ]
[2020-11-24T11:31:52+08:00][sql] SELECT COUNT(`id`) AS think_count FROM `yh_record` WHERE  `intime` >= 1606186800  AND `intime` <= 1606190400 [ RunTime:0.001302s ]
[2020-11-24T11:31:52+08:00][sql] SELECT COUNT(`id`) AS think_count FROM `yh_record` WHERE  `intime` >= 1606190400  AND `intime` <= 1606194000 [ RunTime:0.001130s ]
[2020-11-24T11:31:52+08:00][sql] SELECT COUNT(`id`) AS think_count FROM `yh_record` WHERE  `intime` >= 1606064400  AND `intime` <= 1606068000 [ RunTime:0.001196s ]
[2020-11-24T11:31:52+08:00][sql] SELECT COUNT(`id`) AS think_count FROM `yh_record` WHERE  `intime` >= 1606068000  AND `intime` <= 1606071600 [ RunTime:0.001116s ]
[2020-11-24T11:31:52+08:00][sql] SELECT COUNT(`id`) AS think_count FROM `yh_record` WHERE  `intime` >= 1606071600  AND `intime` <= 1606075200 [ RunTime:0.002046s ]
[2020-11-24T11:31:52+08:00][sql] SELECT COUNT(`id`) AS think_count FROM `yh_record` WHERE  `intime` >= 1606075200  AND `intime` <= 1606078800 [ RunTime:0.002179s ]
[2020-11-24T11:31:52+08:00][sql] SELECT COUNT(`id`) AS think_count FROM `yh_record` WHERE  `intime` >= 1606078800  AND `intime` <= 1606082400 [ RunTime:0.001822s ]
[2020-11-24T11:31:52+08:00][sql] SELECT COUNT(`id`) AS think_count FROM `yh_record` WHERE  `intime` >= 1606082400  AND `intime` <= 1606086000 [ RunTime:0.001199s ]
[2020-11-24T11:31:52+08:00][sql] SELECT COUNT(`id`) AS think_count FROM `yh_record` WHERE  `intime` >= 1606086000  AND `intime` <= 1606089600 [ RunTime:0.001192s ]
[2020-11-24T11:31:52+08:00][sql] SELECT COUNT(`id`) AS think_count FROM `yh_record` WHERE  `intime` >= 1606089600  AND `intime` <= 1606093200 [ RunTime:0.001235s ]
[2020-11-24T11:31:52+08:00][sql] SELECT COUNT(`id`) AS think_count FROM `yh_record` WHERE  `intime` >= 1606093200  AND `intime` <= 1606096800 [ RunTime:0.001523s ]
[2020-11-24T11:31:52+08:00][sql] SELECT COUNT(`id`) AS think_count FROM `yh_record` WHERE  `intime` >= 1606096800  AND `intime` <= 1606100400 [ RunTime:0.001190s ]
[2020-11-24T11:31:52+08:00][sql] SELECT COUNT(`id`) AS think_count FROM `yh_record` WHERE  `intime` >= 1606100400  AND `intime` <= 1606104000 [ RunTime:0.001628s ]
[2020-11-24T11:31:52+08:00][sql] SELECT COUNT(`id`) AS think_count FROM `yh_record` WHERE  `intime` >= 1606104000  AND `intime` <= 1606107600 [ RunTime:0.001499s ]
[2020-11-24T11:31:52+08:00][sql] SHOW FULL COLUMNS FROM `yh_business` [ RunTime:0.001574s ]
[2020-11-24T11:31:52+08:00][sql] SELECT COUNT(*) AS think_count FROM `yh_business` WHERE  `type` = 1 [ RunTime:0.000457s ]
[2020-11-24T11:31:52+08:00][sql] SELECT COUNT(*) AS think_count FROM `yh_business` WHERE  `type` = 2 [ RunTime:0.001008s ]
[2020-11-24T11:31:52+08:00][sql] SELECT `user_uid`,`calltoday` FROM `yh_business` ORDER BY `calltoday` DESC LIMIT 5 [ RunTime:0.000896s ]
[2020-11-24T11:31:53+08:00][sql] CONNECT:[ UseTime:0.001411s ] mysql:host=127.0.0.1;port=3306;dbname=jifei_ymcx_shop;charset=utf8
[2020-11-24T11:31:53+08:00][sql] SHOW FULL COLUMNS FROM `yh_admin` [ RunTime:0.002510s ]
[2020-11-24T11:31:53+08:00][sql] SELECT * FROM `yh_admin` WHERE  `id` = 1 LIMIT 1 [ RunTime:0.001036s ]
[2020-11-24T11:31:53+08:00][sql] SHOW FULL COLUMNS FROM `yh_webpz` [ RunTime:0.001980s ]
[2020-11-24T11:31:53+08:00][sql] SELECT * FROM `yh_webpz` WHERE  `id` = 1 LIMIT 1 [ RunTime:0.000536s ]
[2020-11-24T11:31:53+08:00][sql] SHOW FULL COLUMNS FROM `yh_order` [ RunTime:0.001808s ]
[2020-11-24T11:31:53+08:00][sql] SELECT COUNT(*) AS think_count FROM `yh_order` [ RunTime:0.000413s ]
[2020-11-24T11:31:53+08:00][sql] SELECT * FROM `yh_order` ORDER BY `id` DESC LIMIT 0,15 [ RunTime:0.000417s ]
[2020-11-24T11:31:56+08:00][sql] CONNECT:[ UseTime:0.001607s ] mysql:host=127.0.0.1;port=3306;dbname=jifei_ymcx_shop;charset=utf8
[2020-11-24T11:31:56+08:00][sql] SHOW FULL COLUMNS FROM `yh_admin` [ RunTime:0.002445s ]
[2020-11-24T11:31:56+08:00][sql] SELECT * FROM `yh_admin` WHERE  `id` = 1 LIMIT 1 [ RunTime:0.000679s ]
[2020-11-24T11:31:56+08:00][sql] SHOW FULL COLUMNS FROM `yh_webpz` [ RunTime:0.001831s ]
[2020-11-24T11:31:56+08:00][sql] SELECT * FROM `yh_webpz` WHERE  `id` = 1 LIMIT 1 [ RunTime:0.000590s ]
[2020-11-24T11:31:56+08:00][sql] SHOW FULL COLUMNS FROM `yh_user` [ RunTime:0.002396s ]
[2020-11-24T11:31:56+08:00][sql] SELECT COUNT(*) AS think_count FROM `yh_user` [ RunTime:0.003693s ]
[2020-11-24T11:31:56+08:00][sql] SELECT * FROM `yh_user` ORDER BY `id` DESC LIMIT 0,15 [ RunTime:0.003662s ]
[2020-11-24T11:31:56+08:00][sql] SHOW FULL COLUMNS FROM `yh_business` [ RunTime:0.002865s ]
[2020-11-24T11:31:56+08:00][sql] SELECT `user_uid` FROM `yh_business` WHERE  `id` = 34 LIMIT 1 [ RunTime:0.000790s ]
[2020-11-24T11:31:56+08:00][sql] SELECT `user_uid` FROM `yh_business` WHERE  `id` = 33 LIMIT 1 [ RunTime:0.000656s ]
[2020-11-24T11:31:56+08:00][sql] SELECT `user_uid` FROM `yh_business` WHERE  `id` = 32 LIMIT 1 [ RunTime:0.000682s ]
[2020-11-24T11:31:56+08:00][sql] SELECT `user_uid` FROM `yh_business` WHERE  `id` = 31 LIMIT 1 [ RunTime:0.000621s ]
[2020-11-24T11:31:56+08:00][sql] SELECT `user_uid` FROM `yh_business` WHERE  `id` = 30 LIMIT 1 [ RunTime:0.000651s ]
[2020-11-24T11:31:56+08:00][sql] SELECT `user_uid` FROM `yh_business` WHERE  `id` = 29 LIMIT 1 [ RunTime:0.000707s ]
[2020-11-24T11:31:56+08:00][sql] SELECT `user_uid` FROM `yh_business` WHERE  `id` = 28 LIMIT 1 [ RunTime:0.000679s ]
[2020-11-24T11:31:56+08:00][sql] SELECT `user_uid` FROM `yh_business` WHERE  `id` = 27 LIMIT 1 [ RunTime:0.000681s ]
[2020-11-24T11:31:56+08:00][sql] SELECT `user_uid` FROM `yh_business` WHERE  `id` = 26 LIMIT 1 [ RunTime:0.000669s ]
[2020-11-24T11:31:56+08:00][sql] SELECT `user_uid` FROM `yh_business` WHERE  `id` = 25 LIMIT 1 [ RunTime:0.000680s ]
[2020-11-24T11:31:56+08:00][sql] SELECT `user_uid` FROM `yh_business` WHERE  `id` = 24 LIMIT 1 [ RunTime:0.000659s ]
[2020-11-24T11:31:56+08:00][sql] SELECT `user_uid` FROM `yh_business` WHERE  `id` = 23 LIMIT 1 [ RunTime:0.000661s ]
[2020-11-24T11:31:56+08:00][sql] SELECT `user_uid` FROM `yh_business` WHERE  `id` = 22 LIMIT 1 [ RunTime:0.000675s ]
[2020-11-24T11:31:56+08:00][sql] SELECT `user_uid` FROM `yh_business` WHERE  `id` = 21 LIMIT 1 [ RunTime:0.000674s ]
[2020-11-24T11:31:56+08:00][sql] SELECT `user_uid` FROM `yh_business` WHERE  `id` = 20 LIMIT 1 [ RunTime:0.000644s ]
[2020-11-24T11:31:59+08:00][sql] CONNECT:[ UseTime:0.006475s ] mysql:host=127.0.0.1;port=3306;dbname=jifei_ymcx_shop;charset=utf8
[2020-11-24T11:31:59+08:00][sql] SHOW FULL COLUMNS FROM `yh_admin` [ RunTime:0.002575s ]
[2020-11-24T11:31:59+08:00][sql] SELECT * FROM `yh_admin` WHERE  `id` = 1 LIMIT 1 [ RunTime:0.002156s ]
[2020-11-24T11:31:59+08:00][sql] SHOW FULL COLUMNS FROM `yh_webpz` [ RunTime:0.003746s ]
[2020-11-24T11:31:59+08:00][sql] SELECT * FROM `yh_webpz` WHERE  `id` = 1 LIMIT 1 [ RunTime:0.000707s ]
[2020-11-24T11:31:59+08:00][sql] SHOW FULL COLUMNS FROM `yh_user` [ RunTime:0.002096s ]
[2020-11-24T11:31:59+08:00][sql] SELECT COUNT(*) AS think_count FROM `yh_user` [ RunTime:0.000640s ]
[2020-11-24T11:31:59+08:00][sql] SELECT * FROM `yh_user` ORDER BY `id` DESC LIMIT 15,15 [ RunTime:0.000619s ]
[2020-11-24T11:31:59+08:00][sql] SHOW FULL COLUMNS FROM `yh_business` [ RunTime:0.006109s ]
[2020-11-24T11:31:59+08:00][sql] SELECT `user_uid` FROM `yh_business` WHERE  `id` = 19 LIMIT 1 [ RunTime:0.000602s ]
[2020-11-24T11:31:59+08:00][sql] SELECT `user_uid` FROM `yh_business` WHERE  `id` = 18 LIMIT 1 [ RunTime:0.000478s ]
[2020-11-24T11:31:59+08:00][sql] SELECT `user_uid` FROM `yh_business` WHERE  `id` = 17 LIMIT 1 [ RunTime:0.000454s ]
[2020-11-24T11:31:59+08:00][sql] SELECT `user_uid` FROM `yh_business` WHERE  `id` = 16 LIMIT 1 [ RunTime:0.000462s ]
[2020-11-24T11:31:59+08:00][sql] SELECT `user_uid` FROM `yh_business` WHERE  `id` = 15 LIMIT 1 [ RunTime:0.000658s ]
[2020-11-24T11:31:59+08:00][sql] SELECT `user_uid` FROM `yh_business` WHERE  `id` = 14 LIMIT 1 [ RunTime:0.000438s ]
[2020-11-24T11:31:59+08:00][sql] SELECT `user_uid` FROM `yh_business` WHERE  `id` = 13 LIMIT 1 [ RunTime:0.000467s ]
[2020-11-24T11:31:59+08:00][sql] SELECT `user_uid` FROM `yh_business` WHERE  `id` = 12 LIMIT 1 [ RunTime:0.003031s ]
[2020-11-24T11:31:59+08:00][sql] SELECT `user_uid` FROM `yh_business` WHERE  `id` = 11 LIMIT 1 [ RunTime:0.001015s ]
[2020-11-24T11:31:59+08:00][sql] SELECT `user_uid` FROM `yh_business` WHERE  `id` = 10 LIMIT 1 [ RunTime:0.006842s ]
[2020-11-24T11:31:59+08:00][sql] SELECT `user_uid` FROM `yh_business` WHERE  `id` = 9 LIMIT 1 [ RunTime:0.001211s ]
[2020-11-24T11:31:59+08:00][sql] SELECT `user_uid` FROM `yh_business` WHERE  `id` = 8 LIMIT 1 [ RunTime:0.000644s ]
[2020-11-24T11:31:59+08:00][sql] SELECT `user_uid` FROM `yh_business` WHERE  `id` = 7 LIMIT 1 [ RunTime:0.000580s ]
[2020-11-24T11:31:59+08:00][sql] SELECT `user_uid` FROM `yh_business` WHERE  `id` = 6 LIMIT 1 [ RunTime:0.000648s ]
[2020-11-24T11:31:59+08:00][sql] SELECT `user_uid` FROM `yh_business` WHERE  `id` = 5 LIMIT 1 [ RunTime:0.000564s ]
[2020-11-24T11:32:00+08:00][sql] CONNECT:[ UseTime:0.004512s ] mysql:host=127.0.0.1;port=3306;dbname=jifei_ymcx_shop;charset=utf8
[2020-11-24T11:32:00+08:00][sql] SHOW FULL COLUMNS FROM `yh_admin` [ RunTime:0.006093s ]
[2020-11-24T11:32:00+08:00][sql] SELECT * FROM `yh_admin` WHERE  `id` = 1 LIMIT 1 [ RunTime:0.003659s ]
[2020-11-24T11:32:00+08:00][sql] SHOW FULL COLUMNS FROM `yh_webpz` [ RunTime:0.002981s ]
[2020-11-24T11:32:00+08:00][sql] SELECT * FROM `yh_webpz` WHERE  `id` = 1 LIMIT 1 [ RunTime:0.000931s ]
[2020-11-24T11:32:00+08:00][sql] SHOW FULL COLUMNS FROM `yh_user` [ RunTime:0.006774s ]
[2020-11-24T11:32:00+08:00][sql] SELECT COUNT(*) AS think_count FROM `yh_user` [ RunTime:0.001036s ]
[2020-11-24T11:32:00+08:00][sql] SELECT * FROM `yh_user` ORDER BY `id` DESC LIMIT 30,15 [ RunTime:0.000799s ]
[2020-11-24T11:32:00+08:00][sql] SHOW FULL COLUMNS FROM `yh_business` [ RunTime:0.002829s ]
[2020-11-24T11:32:00+08:00][sql] SELECT `user_uid` FROM `yh_business` WHERE  `id` = 4 LIMIT 1 [ RunTime:0.008926s ]
[2020-11-24T11:32:00+08:00][sql] SELECT `user_uid` FROM `yh_business` WHERE  `id` = 3 LIMIT 1 [ RunTime:0.001597s ]
[2020-11-24T11:32:00+08:00][sql] SELECT `user_uid` FROM `yh_business` WHERE  `id` = 2 LIMIT 1 [ RunTime:0.002428s ]
[2020-11-24T11:32:00+08:00][sql] SELECT `user_uid` FROM `yh_business` WHERE  `id` = 1 LIMIT 1 [ RunTime:0.001165s ]
[2020-11-24T16:30:08+08:00][sql] CONNECT:[ UseTime:0.007258s ] mysql:host=127.0.0.1;port=3306;dbname=jifei_ymcx_shop;charset=utf8
[2020-11-24T16:30:08+08:00][sql] SHOW FULL COLUMNS FROM `yh_webpz` [ RunTime:0.006663s ]
[2020-11-24T16:30:08+08:00][sql] SELECT * FROM `yh_webpz` WHERE  `id` = 1 LIMIT 1 [ RunTime:0.001339s ]
[2020-11-24T16:30:14+08:00][sql] CONNECT:[ UseTime:0.001157s ] mysql:host=127.0.0.1;port=3306;dbname=jifei_ymcx_shop;charset=utf8
[2020-11-24T16:30:14+08:00][sql] SHOW FULL COLUMNS FROM `yh_webpz` [ RunTime:0.005686s ]
[2020-11-24T16:30:14+08:00][sql] SELECT * FROM `yh_webpz` WHERE  `id` = 1 LIMIT 1 [ RunTime:0.004117s ]
[2020-11-24T16:30:14+08:00][sql] SHOW FULL COLUMNS FROM `yh_admin` [ RunTime:0.015013s ]
[2020-11-24T16:30:14+08:00][sql] SELECT `id` FROM `yh_admin` WHERE  `username` = '1178350505'  AND `password` = '565be15b663c3a1c6a54055410cb763a' LIMIT 1 [ RunTime:0.001679s ]
[2020-11-24T16:30:14+08:00][sql] CONNECT:[ UseTime:0.003387s ] mysql:host=127.0.0.1;port=3306;dbname=jifei_ymcx_shop;charset=utf8
[2020-11-24T16:30:14+08:00][sql] SHOW FULL COLUMNS FROM `yh_admin` [ RunTime:0.002668s ]
[2020-11-24T16:30:14+08:00][sql] SELECT * FROM `yh_admin` WHERE  `id` = 1 LIMIT 1 [ RunTime:0.000972s ]
[2020-11-24T16:30:14+08:00][sql] SHOW FULL COLUMNS FROM `yh_webpz` [ RunTime:0.004483s ]
[2020-11-24T16:30:14+08:00][sql] SELECT * FROM `yh_webpz` WHERE  `id` = 1 LIMIT 1 [ RunTime:0.000867s ]
[2020-11-24T16:30:14+08:00][sql] SHOW FULL COLUMNS FROM `yh_user` [ RunTime:0.002424s ]
[2020-11-24T16:30:14+08:00][sql] SELECT COUNT(*) AS think_count FROM `yh_user` [ RunTime:0.003166s ]
[2020-11-24T16:30:14+08:00][sql] SHOW FULL COLUMNS FROM `yh_order` [ RunTime:0.009006s ]
[2020-11-24T16:30:14+08:00][sql] SELECT SUM(`payment`) AS think_sum FROM `yh_order` WHERE  `status` = 1 [ RunTime:0.000986s ]
[2020-11-24T16:30:14+08:00][sql] SELECT SUM(`payment`) AS think_sum FROM `yh_order` WHERE  `intime` <= 1604160000  AND `intime` >= 1601481600  AND `status` = 1 [ RunTime:0.002292s ]
[2020-11-24T16:30:14+08:00][sql] SELECT SUM(`payment`) AS think_sum FROM `yh_order` WHERE  `intime` >= 1604160000  AND `status` = 1 [ RunTime:0.001122s ]
[2020-11-24T16:30:14+08:00][sql] SHOW FULL COLUMNS FROM `yh_information` [ RunTime:0.002361s ]
[2020-11-24T16:30:14+08:00][sql] SELECT COUNT(*) AS think_count FROM `yh_information` [ RunTime:0.000975s ]
[2020-11-24T16:30:14+08:00][sql] SHOW FULL COLUMNS FROM `yh_record` [ RunTime:0.001419s ]
[2020-11-24T16:30:14+08:00][sql] SELECT COUNT(*) AS think_count FROM `yh_record` WHERE  `intime` >= 1606147200 [ RunTime:0.002298s ]
[2020-11-24T16:30:14+08:00][sql] SHOW FULL COLUMNS FROM `yh_business` [ RunTime:0.001843s ]
[2020-11-24T16:30:14+08:00][sql] SELECT COUNT(*) AS think_count FROM `yh_business` WHERE  `type` = 1 [ RunTime:0.000544s ]
[2020-11-24T16:30:14+08:00][sql] SELECT COUNT(*) AS think_count FROM `yh_business` WHERE  `type` = 2 [ RunTime:0.000586s ]
[2020-11-24T16:30:15+08:00][sql] CONNECT:[ UseTime:0.001123s ] mysql:host=127.0.0.1;port=3306;dbname=jifei_ymcx_shop;charset=utf8
[2020-11-24T16:30:15+08:00][sql] SHOW FULL COLUMNS FROM `yh_admin` [ RunTime:0.007895s ]
[2020-11-24T16:30:15+08:00][sql] SELECT * FROM `yh_admin` WHERE  `id` = 1 LIMIT 1 [ RunTime:0.002925s ]
[2020-11-24T16:30:15+08:00][sql] SHOW FULL COLUMNS FROM `yh_webpz` [ RunTime:0.002484s ]
[2020-11-24T16:30:15+08:00][sql] SELECT * FROM `yh_webpz` WHERE  `id` = 1 LIMIT 1 [ RunTime:0.000791s ]
[2020-11-24T16:30:15+08:00][sql] SHOW FULL COLUMNS FROM `yh_record` [ RunTime:0.002312s ]
[2020-11-24T16:30:15+08:00][sql] SELECT COUNT(`id`) AS think_count FROM `yh_record` WHERE  `intime` >= 1606194000  AND `intime` <= 1606197600 [ RunTime:0.002012s ]
[2020-11-24T16:30:15+08:00][sql] SELECT COUNT(`id`) AS think_count FROM `yh_record` WHERE  `intime` >= 1606197600  AND `intime` <= 1606201200 [ RunTime:0.001762s ]
[2020-11-24T16:30:15+08:00][sql] SELECT COUNT(`id`) AS think_count FROM `yh_record` WHERE  `intime` >= 1606201200  AND `intime` <= 1606204800 [ RunTime:0.001901s ]
[2020-11-24T16:30:15+08:00][sql] SELECT COUNT(`id`) AS think_count FROM `yh_record` WHERE  `intime` >= 1606204800  AND `intime` <= 1606208400 [ RunTime:0.001975s ]
[2020-11-24T16:30:15+08:00][sql] SELECT COUNT(`id`) AS think_count FROM `yh_record` WHERE  `intime` >= 1606208400  AND `intime` <= 1606212000 [ RunTime:0.001963s ]
[2020-11-24T16:30:15+08:00][sql] SELECT COUNT(`id`) AS think_count FROM `yh_record` WHERE  `intime` >= 1606212000  AND `intime` <= 1606215600 [ RunTime:0.001839s ]
[2020-11-24T16:30:15+08:00][sql] SELECT COUNT(`id`) AS think_count FROM `yh_record` WHERE  `intime` >= 1606215600  AND `intime` <= 1606219200 [ RunTime:0.001980s ]
[2020-11-24T16:30:15+08:00][sql] SELECT COUNT(`id`) AS think_count FROM `yh_record` WHERE  `intime` >= 1606219200  AND `intime` <= 1606222800 [ RunTime:0.001876s ]
[2020-11-24T16:30:15+08:00][sql] SELECT COUNT(`id`) AS think_count FROM `yh_record` WHERE  `intime` >= 1606222800  AND `intime` <= 1606226400 [ RunTime:0.002348s ]
[2020-11-24T16:30:15+08:00][sql] SELECT COUNT(`id`) AS think_count FROM `yh_record` WHERE  `intime` >= 1606226400  AND `intime` <= 1606230000 [ RunTime:0.003471s ]
[2020-11-24T16:30:15+08:00][sql] SELECT COUNT(`id`) AS think_count FROM `yh_record` WHERE  `intime` >= 1606230000  AND `intime` <= 1606233600 [ RunTime:0.003068s ]
[2020-11-24T16:30:15+08:00][sql] SELECT COUNT(`id`) AS think_count FROM `yh_record` WHERE  `intime` >= 1606233600  AND `intime` <= [ RunTime:0.003490s ]
[2020-11-24T16:30:15+08:00][sql] SELECT COUNT(`id`) AS think_count FROM `yh_record` WHERE  `intime` >= 1606107600  AND `intime` <= 1606111200 [ RunTime:0.001915s ]
[2020-11-24T16:30:15+08:00][sql] SELECT COUNT(`id`) AS think_count FROM `yh_record` WHERE  `intime` >= 1606111200  AND `intime` <= 1606114800 [ RunTime:0.001838s ]
[2020-11-24T16:30:15+08:00][sql] SELECT COUNT(`id`) AS think_count FROM `yh_record` WHERE  `intime` >= 1606114800  AND `intime` <= 1606118400 [ RunTime:0.001845s ]
[2020-11-24T16:30:15+08:00][sql] SELECT COUNT(`id`) AS think_count FROM `yh_record` WHERE  `intime` >= 1606118400  AND `intime` <= 1606122000 [ RunTime:0.001813s ]
[2020-11-24T16:30:15+08:00][sql] SELECT COUNT(`id`) AS think_count FROM `yh_record` WHERE  `intime` >= 1606122000  AND `intime` <= 1606125600 [ RunTime:0.004014s ]
[2020-11-24T16:30:15+08:00][sql] SELECT COUNT(`id`) AS think_count FROM `yh_record` WHERE  `intime` >= 1606125600  AND `intime` <= 1606129200 [ RunTime:0.004858s ]
[2020-11-24T16:30:15+08:00][sql] SELECT COUNT(`id`) AS think_count FROM `yh_record` WHERE  `intime` >= 1606129200  AND `intime` <= 1606132800 [ RunTime:0.003981s ]
[2020-11-24T16:30:15+08:00][sql] SELECT COUNT(`id`) AS think_count FROM `yh_record` WHERE  `intime` >= 1606132800  AND `intime` <= 1606136400 [ RunTime:0.004014s ]
[2020-11-24T16:30:15+08:00][sql] SELECT COUNT(`id`) AS think_count FROM `yh_record` WHERE  `intime` >= 1606136400  AND `intime` <= 1606140000 [ RunTime:0.003544s ]
[2020-11-24T16:30:15+08:00][sql] SELECT COUNT(`id`) AS think_count FROM `yh_record` WHERE  `intime` >= 1606140000  AND `intime` <= 1606143600 [ RunTime:0.001794s ]
[2020-11-24T16:30:15+08:00][sql] SELECT COUNT(`id`) AS think_count FROM `yh_record` WHERE  `intime` >= 1606143600  AND `intime` <= 1606147200 [ RunTime:0.001926s ]
[2020-11-24T16:30:15+08:00][sql] SELECT COUNT(`id`) AS think_count FROM `yh_record` WHERE  `intime` >= 1606147200  AND `intime` <= [ RunTime:0.001789s ]
[2020-11-24T16:30:15+08:00][sql] SHOW FULL COLUMNS FROM `yh_business` [ RunTime:0.003488s ]
[2020-11-24T16:30:15+08:00][sql] SELECT COUNT(*) AS think_count FROM `yh_business` WHERE  `type` = 1 [ RunTime:0.000847s ]
[2020-11-24T16:30:15+08:00][sql] SELECT COUNT(*) AS think_count FROM `yh_business` WHERE  `type` = 2 [ RunTime:0.000728s ]
[2020-11-24T16:30:15+08:00][sql] SELECT `user_uid`,`calltoday` FROM `yh_business` ORDER BY `calltoday` DESC LIMIT 5 [ RunTime:0.000848s ]
[2020-11-24T16:30:16+08:00][sql] CONNECT:[ UseTime:0.001128s ] mysql:host=127.0.0.1;port=3306;dbname=jifei_ymcx_shop;charset=utf8
[2020-11-24T16:30:16+08:00][sql] SHOW FULL COLUMNS FROM `yh_admin` [ RunTime:0.002837s ]
[2020-11-24T16:30:16+08:00][sql] SELECT * FROM `yh_admin` WHERE  `id` = 1 LIMIT 1 [ RunTime:0.002206s ]
[2020-11-24T16:30:16+08:00][sql] SHOW FULL COLUMNS FROM `yh_webpz` [ RunTime:0.001878s ]
[2020-11-24T16:30:16+08:00][sql] SELECT * FROM `yh_webpz` WHERE  `id` = 1 LIMIT 1 [ RunTime:0.000763s ]
[2020-11-24T16:30:16+08:00][sql] SHOW FULL COLUMNS FROM `yh_record` [ RunTime:0.001908s ]
[2020-11-24T16:30:16+08:00][sql] SELECT COUNT(*) AS think_count FROM `yh_record` [ RunTime:0.001056s ]
[2020-11-24T16:30:16+08:00][sql] SELECT * FROM `yh_record` ORDER BY `id` DESC LIMIT 0,15 [ RunTime:0.000559s ]
[2020-11-24T16:30:16+08:00][sql] SELECT COUNT(`id`) AS think_count FROM `yh_record` [ RunTime:0.001065s ]
[2020-11-24T16:30:16+08:00][sql] SELECT COUNT(`id`) AS think_count FROM `yh_record` WHERE  `status` = 1 [ RunTime:0.001515s ]
[2020-11-24T16:30:19+08:00][sql] CONNECT:[ UseTime:0.001031s ] mysql:host=127.0.0.1;port=3306;dbname=jifei_ymcx_shop;charset=utf8
[2020-11-24T16:30:19+08:00][sql] SHOW FULL COLUMNS FROM `yh_admin` [ RunTime:0.002481s ]
[2020-11-24T16:30:19+08:00][sql] SELECT * FROM `yh_admin` WHERE  `id` = 1 LIMIT 1 [ RunTime:0.000548s ]
[2020-11-24T16:30:19+08:00][sql] SHOW FULL COLUMNS FROM `yh_webpz` [ RunTime:0.002056s ]
[2020-11-24T16:30:19+08:00][sql] SELECT * FROM `yh_webpz` WHERE  `id` = 1 LIMIT 1 [ RunTime:0.000629s ]
[2020-11-24T16:30:19+08:00][sql] SELECT * FROM `yh_webpz` WHERE  `id` = 1 LIMIT 1 [ RunTime:0.001089s ]
[2020-11-24T16:30:27+08:00][sql] CONNECT:[ UseTime:0.000945s ] mysql:host=127.0.0.1;port=3306;dbname=jifei_ymcx_shop;charset=utf8
[2020-11-24T16:30:27+08:00][sql] SHOW FULL COLUMNS FROM `yh_admin` [ RunTime:0.002228s ]
[2020-11-24T16:30:27+08:00][sql] SELECT * FROM `yh_admin` WHERE  `id` = 1 LIMIT 1 [ RunTime:0.000835s ]
[2020-11-24T16:30:27+08:00][sql] SHOW FULL COLUMNS FROM `yh_webpz` [ RunTime:0.002302s ]
[2020-11-24T16:30:27+08:00][sql] SELECT * FROM `yh_webpz` WHERE  `id` = 1 LIMIT 1 [ RunTime:0.000558s ]
[2020-11-24T16:30:27+08:00][sql] SELECT * FROM `yh_webpz` WHERE  `id` = 1 LIMIT 1 [ RunTime:0.000792s ]
[2020-11-24T16:30:27+08:00][sql] UPDATE `yh_webpz`  SET `htjx` = 'http://vip.ymcx.shop/jx/?url='  WHERE  `id` = 1 [ RunTime:0.004503s ]
[2020-11-24T18:46:28+08:00][sql] CONNECT:[ UseTime:0.001123s ] mysql:host=127.0.0.1;port=3306;dbname=jifei_ymcx_shop;charset=utf8
[2020-11-24T18:46:28+08:00][sql] SHOW FULL COLUMNS FROM `yh_webpz` [ RunTime:0.002341s ]
[2020-11-24T18:46:28+08:00][sql] SELECT * FROM `yh_webpz` WHERE  `id` = 1 LIMIT 1 [ RunTime:0.000769s ]
[2020-11-24T18:47:12+08:00][sql] CONNECT:[ UseTime:0.001565s ] mysql:host=127.0.0.1;port=3306;dbname=jifei_ymcx_shop;charset=utf8
[2020-11-24T18:47:12+08:00][sql] SHOW FULL COLUMNS FROM `yh_webpz` [ RunTime:0.002745s ]
[2020-11-24T18:47:12+08:00][sql] SELECT * FROM `yh_webpz` WHERE  `id` = 1 LIMIT 1 [ RunTime:0.002560s ]
[2020-11-24T18:47:16+08:00][sql] CONNECT:[ UseTime:0.000816s ] mysql:host=127.0.0.1;port=3306;dbname=jifei_ymcx_shop;charset=utf8
[2020-11-24T18:47:16+08:00][sql] SHOW FULL COLUMNS FROM `yh_webpz` [ RunTime:0.002423s ]
[2020-11-24T18:47:16+08:00][sql] SELECT * FROM `yh_webpz` WHERE  `id` = 1 LIMIT 1 [ RunTime:0.000625s ]
[2020-11-24T18:47:33+08:00][sql] CONNECT:[ UseTime:0.001337s ] mysql:host=127.0.0.1;port=3306;dbname=jifei_ymcx_shop;charset=utf8
[2020-11-24T18:47:33+08:00][sql] SHOW FULL COLUMNS FROM `yh_webpz` [ RunTime:0.002933s ]
[2020-11-24T18:47:33+08:00][sql] SELECT * FROM `yh_webpz` WHERE  `id` = 1 LIMIT 1 [ RunTime:0.001189s ]
[2020-11-24T18:47:37+08:00][sql] CONNECT:[ UseTime:0.000931s ] mysql:host=127.0.0.1;port=3306;dbname=jifei_ymcx_shop;charset=utf8
[2020-11-24T18:47:37+08:00][sql] SHOW FULL COLUMNS FROM `yh_webpz` [ RunTime:0.002266s ]
[2020-11-24T18:47:37+08:00][sql] SELECT * FROM `yh_webpz` WHERE  `id` = 1 LIMIT 1 [ RunTime:0.000636s ]
[2020-11-24T18:47:37+08:00][sql] SHOW FULL COLUMNS FROM `yh_admin` [ RunTime:0.001779s ]
[2020-11-24T18:47:37+08:00][sql] SELECT `id` FROM `yh_admin` WHERE  `username` = ''  AND `password` = 'd41d8cd98f00b204e9800998ecf8427e' LIMIT 1 [ RunTime:0.000620s ]
[2020-11-24T18:47:45+08:00][sql] CONNECT:[ UseTime:0.000963s ] mysql:host=127.0.0.1;port=3306;dbname=jifei_ymcx_shop;charset=utf8
[2020-11-24T18:47:45+08:00][sql] SHOW FULL COLUMNS FROM `yh_webpz` [ RunTime:0.002923s ]
[2020-11-24T18:47:45+08:00][sql] SELECT * FROM `yh_webpz` WHERE  `id` = 1 LIMIT 1 [ RunTime:0.000689s ]
[2020-11-24T18:47:45+08:00][sql] SHOW FULL COLUMNS FROM `yh_admin` [ RunTime:0.002094s ]
[2020-11-24T18:47:45+08:00][sql] SELECT `id` FROM `yh_admin` WHERE  `username` = '1178350505'  AND `password` = '565be15b663c3a1c6a54055410cb763a' LIMIT 1 [ RunTime:0.002113s ]
[2020-11-24T18:47:46+08:00][sql] CONNECT:[ UseTime:0.001043s ] mysql:host=127.0.0.1;port=3306;dbname=jifei_ymcx_shop;charset=utf8
[2020-11-24T18:47:46+08:00][sql] SHOW FULL COLUMNS FROM `yh_admin` [ RunTime:0.002347s ]
[2020-11-24T18:47:46+08:00][sql] SELECT * FROM `yh_admin` WHERE  `id` = 1 LIMIT 1 [ RunTime:0.000686s ]
[2020-11-24T18:47:46+08:00][sql] SHOW FULL COLUMNS FROM `yh_webpz` [ RunTime:0.007603s ]
[2020-11-24T18:47:46+08:00][sql] SELECT * FROM `yh_webpz` WHERE  `id` = 1 LIMIT 1 [ RunTime:0.001767s ]
[2020-11-24T18:47:46+08:00][sql] SHOW FULL COLUMNS FROM `yh_user` [ RunTime:0.006479s ]
[2020-11-24T18:47:46+08:00][sql] SELECT COUNT(*) AS think_count FROM `yh_user` [ RunTime:0.007593s ]
[2020-11-24T18:47:46+08:00][sql] SHOW FULL COLUMNS FROM `yh_order` [ RunTime:0.004335s ]
[2020-11-24T18:47:46+08:00][sql] SELECT SUM(`payment`) AS think_sum FROM `yh_order` WHERE  `status` = 1 [ RunTime:0.002060s ]
[2020-11-24T18:47:46+08:00][sql] SELECT SUM(`payment`) AS think_sum FROM `yh_order` WHERE  `intime` <= 1604160000  AND `intime` >= 1601481600  AND `status` = 1 [ RunTime:0.001152s ]
[2020-11-24T18:47:46+08:00][sql] SELECT SUM(`payment`) AS think_sum FROM `yh_order` WHERE  `intime` >= 1604160000  AND `status` = 1 [ RunTime:0.001085s ]
[2020-11-24T18:47:46+08:00][sql] SHOW FULL COLUMNS FROM `yh_information` [ RunTime:0.006272s ]
[2020-11-24T18:47:46+08:00][sql] SELECT COUNT(*) AS think_count FROM `yh_information` [ RunTime:0.002098s ]
[2020-11-24T18:47:46+08:00][sql] SHOW FULL COLUMNS FROM `yh_record` [ RunTime:0.004111s ]
[2020-11-24T18:47:46+08:00][sql] SELECT COUNT(*) AS think_count FROM `yh_record` WHERE  `intime` >= 1606147200 [ RunTime:0.004108s ]
[2020-11-24T18:47:46+08:00][sql] SHOW FULL COLUMNS FROM `yh_business` [ RunTime:0.004078s ]
[2020-11-24T18:47:46+08:00][sql] SELECT COUNT(*) AS think_count FROM `yh_business` WHERE  `type` = 1 [ RunTime:0.002645s ]
[2020-11-24T18:47:46+08:00][sql] SELECT COUNT(*) AS think_count FROM `yh_business` WHERE  `type` = 2 [ RunTime:0.000567s ]
[2020-11-24T18:47:47+08:00][sql] CONNECT:[ UseTime:0.002121s ] mysql:host=127.0.0.1;port=3306;dbname=jifei_ymcx_shop;charset=utf8
[2020-11-24T18:47:47+08:00][sql] SHOW FULL COLUMNS FROM `yh_admin` [ RunTime:0.002771s ]
[2020-11-24T18:47:47+08:00][sql] SELECT * FROM `yh_admin` WHERE  `id` = 1 LIMIT 1 [ RunTime:0.001073s ]
[2020-11-24T18:47:47+08:00][sql] SHOW FULL COLUMNS FROM `yh_webpz` [ RunTime:0.004312s ]
[2020-11-24T18:47:47+08:00][sql] SELECT * FROM `yh_webpz` WHERE  `id` = 1 LIMIT 1 [ RunTime:0.001480s ]
[2020-11-24T18:47:47+08:00][sql] SHOW FULL COLUMNS FROM `yh_record` [ RunTime:0.002963s ]
[2020-11-24T18:47:47+08:00][sql] SELECT COUNT(`id`) AS think_count FROM `yh_record` WHERE  `intime` >= 1606194000  AND `intime` <= 1606197600 [ RunTime:0.002748s ]
[2020-11-24T18:47:47+08:00][sql] SELECT COUNT(`id`) AS think_count FROM `yh_record` WHERE  `intime` >= 1606197600  AND `intime` <= 1606201200 [ RunTime:0.002881s ]
[2020-11-24T18:47:47+08:00][sql] SELECT COUNT(`id`) AS think_count FROM `yh_record` WHERE  `intime` >= 1606201200  AND `intime` <= 1606204800 [ RunTime:0.002420s ]
[2020-11-24T18:47:47+08:00][sql] SELECT COUNT(`id`) AS think_count FROM `yh_record` WHERE  `intime` >= 1606204800  AND `intime` <= 1606208400 [ RunTime:0.002890s ]
[2020-11-24T18:47:47+08:00][sql] SELECT COUNT(`id`) AS think_count FROM `yh_record` WHERE  `intime` >= 1606208400  AND `intime` <= 1606212000 [ RunTime:0.001938s ]
[2020-11-24T18:47:47+08:00][sql] SELECT COUNT(`id`) AS think_count FROM `yh_record` WHERE  `intime` >= 1606212000  AND `intime` <= 1606215600 [ RunTime:0.001924s ]
[2020-11-24T18:47:47+08:00][sql] SELECT COUNT(`id`) AS think_count FROM `yh_record` WHERE  `intime` >= 1606215600  AND `intime` <= 1606219200 [ RunTime:0.001739s ]
[2020-11-24T18:47:47+08:00][sql] SELECT COUNT(`id`) AS think_count FROM `yh_record` WHERE  `intime` >= 1606219200  AND `intime` <= 1606222800 [ RunTime:0.001601s ]
[2020-11-24T18:47:47+08:00][sql] SELECT COUNT(`id`) AS think_count FROM `yh_record` WHERE  `intime` >= 1606222800  AND `intime` <= 1606226400 [ RunTime:0.001732s ]
[2020-11-24T18:47:47+08:00][sql] SELECT COUNT(`id`) AS think_count FROM `yh_record` WHERE  `intime` >= 1606226400  AND `intime` <= 1606230000 [ RunTime:0.001826s ]
[2020-11-24T18:47:47+08:00][sql] SELECT COUNT(`id`) AS think_count FROM `yh_record` WHERE  `intime` >= 1606230000  AND `intime` <= 1606233600 [ RunTime:0.002060s ]
[2020-11-24T18:47:47+08:00][sql] SELECT COUNT(`id`) AS think_count FROM `yh_record` WHERE  `intime` >= 1606233600  AND `intime` <= [ RunTime:0.002921s ]
[2020-11-24T18:47:47+08:00][sql] SELECT COUNT(`id`) AS think_count FROM `yh_record` WHERE  `intime` >= 1606107600  AND `intime` <= 1606111200 [ RunTime:0.003328s ]
[2020-11-24T18:47:47+08:00][sql] SELECT COUNT(`id`) AS think_count FROM `yh_record` WHERE  `intime` >= 1606111200  AND `intime` <= 1606114800 [ RunTime:0.001963s ]
[2020-11-24T18:47:47+08:00][sql] SELECT COUNT(`id`) AS think_count FROM `yh_record` WHERE  `intime` >= 1606114800  AND `intime` <= 1606118400 [ RunTime:0.003018s ]
[2020-11-24T18:47:47+08:00][sql] SELECT COUNT(`id`) AS think_count FROM `yh_record` WHERE  `intime` >= 1606118400  AND `intime` <= 1606122000 [ RunTime:0.002236s ]
[2020-11-24T18:47:47+08:00][sql] SELECT COUNT(`id`) AS think_count FROM `yh_record` WHERE  `intime` >= 1606122000  AND `intime` <= 1606125600 [ RunTime:0.002087s ]
[2020-11-24T18:47:47+08:00][sql] SELECT COUNT(`id`) AS think_count FROM `yh_record` WHERE  `intime` >= 1606125600  AND `intime` <= 1606129200 [ RunTime:0.002022s ]
[2020-11-24T18:47:47+08:00][sql] SELECT COUNT(`id`) AS think_count FROM `yh_record` WHERE  `intime` >= 1606129200  AND `intime` <= 1606132800 [ RunTime:0.001739s ]
[2020-11-24T18:47:47+08:00][sql] SELECT COUNT(`id`) AS think_count FROM `yh_record` WHERE  `intime` >= 1606132800  AND `intime` <= 1606136400 [ RunTime:0.001698s ]
[2020-11-24T18:47:47+08:00][sql] SELECT COUNT(`id`) AS think_count FROM `yh_record` WHERE  `intime` >= 1606136400  AND `intime` <= 1606140000 [ RunTime:0.001751s ]
[2020-11-24T18:47:47+08:00][sql] SELECT COUNT(`id`) AS think_count FROM `yh_record` WHERE  `intime` >= 1606140000  AND `intime` <= 1606143600 [ RunTime:0.001706s ]
[2020-11-24T18:47:47+08:00][sql] SELECT COUNT(`id`) AS think_count FROM `yh_record` WHERE  `intime` >= 1606143600  AND `intime` <= 1606147200 [ RunTime:0.004689s ]
[2020-11-24T18:47:47+08:00][sql] SELECT COUNT(`id`) AS think_count FROM `yh_record` WHERE  `intime` >= 1606147200  AND `intime` <= [ RunTime:0.003785s ]
[2020-11-24T18:47:47+08:00][sql] SHOW FULL COLUMNS FROM `yh_business` [ RunTime:0.002173s ]
[2020-11-24T18:47:47+08:00][sql] SELECT COUNT(*) AS think_count FROM `yh_business` WHERE  `type` = 1 [ RunTime:0.000524s ]
[2020-11-24T18:47:47+08:00][sql] SELECT COUNT(*) AS think_count FROM `yh_business` WHERE  `type` = 2 [ RunTime:0.000901s ]
[2020-11-24T18:47:47+08:00][sql] SELECT `user_uid`,`calltoday` FROM `yh_business` ORDER BY `calltoday` DESC LIMIT 5 [ RunTime:0.000441s ]
[2020-11-24T18:47:50+08:00][sql] CONNECT:[ UseTime:0.001125s ] mysql:host=127.0.0.1;port=3306;dbname=jifei_ymcx_shop;charset=utf8
[2020-11-24T18:47:50+08:00][sql] SHOW FULL COLUMNS FROM `yh_admin` [ RunTime:0.001832s ]
[2020-11-24T18:47:50+08:00][sql] SELECT * FROM `yh_admin` WHERE  `id` = 1 LIMIT 1 [ RunTime:0.000739s ]
[2020-11-24T18:47:50+08:00][sql] SHOW FULL COLUMNS FROM `yh_webpz` [ RunTime:0.001510s ]
[2020-11-24T18:47:50+08:00][sql] SELECT * FROM `yh_webpz` WHERE  `id` = 1 LIMIT 1 [ RunTime:0.000654s ]
[2020-11-24T18:47:50+08:00][sql] SHOW FULL COLUMNS FROM `yh_user` [ RunTime:0.002060s ]
[2020-11-24T18:47:50+08:00][sql] SELECT COUNT(*) AS think_count FROM `yh_user` [ RunTime:0.000469s ]
[2020-11-24T18:47:50+08:00][sql] SHOW FULL COLUMNS FROM `yh_order` [ RunTime:0.001446s ]
[2020-11-24T18:47:50+08:00][sql] SELECT SUM(`payment`) AS think_sum FROM `yh_order` WHERE  `status` = 1 [ RunTime:0.000464s ]
[2020-11-24T18:47:50+08:00][sql] SELECT SUM(`payment`) AS think_sum FROM `yh_order` WHERE  `intime` <= 1604160000  AND `intime` >= 1601481600  AND `status` = 1 [ RunTime:0.000464s ]
[2020-11-24T18:47:50+08:00][sql] SELECT SUM(`payment`) AS think_sum FROM `yh_order` WHERE  `intime` >= 1604160000  AND `status` = 1 [ RunTime:0.000400s ]
[2020-11-24T18:47:50+08:00][sql] SHOW FULL COLUMNS FROM `yh_information` [ RunTime:0.001330s ]
[2020-11-24T18:47:50+08:00][sql] SELECT COUNT(*) AS think_count FROM `yh_information` [ RunTime:0.000394s ]
[2020-11-24T18:47:50+08:00][sql] SHOW FULL COLUMNS FROM `yh_record` [ RunTime:0.001236s ]
[2020-11-24T18:47:50+08:00][sql] SELECT COUNT(*) AS think_count FROM `yh_record` WHERE  `intime` >= 1606147200 [ RunTime:0.001007s ]
[2020-11-24T18:47:50+08:00][sql] SHOW FULL COLUMNS FROM `yh_business` [ RunTime:0.001327s ]
[2020-11-24T18:47:50+08:00][sql] SELECT COUNT(*) AS think_count FROM `yh_business` WHERE  `type` = 1 [ RunTime:0.000488s ]
[2020-11-24T18:47:50+08:00][sql] SELECT COUNT(*) AS think_count FROM `yh_business` WHERE  `type` = 2 [ RunTime:0.000408s ]
[2020-11-24T18:47:51+08:00][sql] CONNECT:[ UseTime:0.001225s ] mysql:host=127.0.0.1;port=3306;dbname=jifei_ymcx_shop;charset=utf8
[2020-11-24T18:47:51+08:00][sql] SHOW FULL COLUMNS FROM `yh_admin` [ RunTime:0.001935s ]
[2020-11-24T18:47:51+08:00][sql] SELECT * FROM `yh_admin` WHERE  `id` = 1 LIMIT 1 [ RunTime:0.000574s ]
[2020-11-24T18:47:51+08:00][sql] SHOW FULL COLUMNS FROM `yh_webpz` [ RunTime:0.001635s ]
[2020-11-24T18:47:51+08:00][sql] SELECT * FROM `yh_webpz` WHERE  `id` = 1 LIMIT 1 [ RunTime:0.000561s ]
[2020-11-24T18:47:51+08:00][sql] SHOW FULL COLUMNS FROM `yh_record` [ RunTime:0.001552s ]
[2020-11-24T18:47:51+08:00][sql] SELECT COUNT(`id`) AS think_count FROM `yh_record` WHERE  `intime` >= 1606194000  AND `intime` <= 1606197600 [ RunTime:0.002327s ]
[2020-11-24T18:47:51+08:00][sql] SELECT COUNT(`id`) AS think_count FROM `yh_record` WHERE  `intime` >= 1606197600  AND `intime` <= 1606201200 [ RunTime:0.001939s ]
[2020-11-24T18:47:51+08:00][sql] SELECT COUNT(`id`) AS think_count FROM `yh_record` WHERE  `intime` >= 1606201200  AND `intime` <= 1606204800 [ RunTime:0.002644s ]
[2020-11-24T18:47:51+08:00][sql] SELECT COUNT(`id`) AS think_count FROM `yh_record` WHERE  `intime` >= 1606204800  AND `intime` <= 1606208400 [ RunTime:0.002292s ]
[2020-11-24T18:47:51+08:00][sql] SELECT COUNT(`id`) AS think_count FROM `yh_record` WHERE  `intime` >= 1606208400  AND `intime` <= 1606212000 [ RunTime:0.002743s ]
[2020-11-24T18:47:51+08:00][sql] SELECT COUNT(`id`) AS think_count FROM `yh_record` WHERE  `intime` >= 1606212000  AND `intime` <= 1606215600 [ RunTime:0.002497s ]
[2020-11-24T18:47:51+08:00][sql] SELECT COUNT(`id`) AS think_count FROM `yh_record` WHERE  `intime` >= 1606215600  AND `intime` <= 1606219200 [ RunTime:0.002715s ]
[2020-11-24T18:47:51+08:00][sql] SELECT COUNT(`id`) AS think_count FROM `yh_record` WHERE  `intime` >= 1606219200  AND `intime` <= 1606222800 [ RunTime:0.001589s ]
[2020-11-24T18:47:51+08:00][sql] SELECT COUNT(`id`) AS think_count FROM `yh_record` WHERE  `intime` >= 1606222800  AND `intime` <= 1606226400 [ RunTime:0.001542s ]
[2020-11-24T18:47:51+08:00][sql] SELECT COUNT(`id`) AS think_count FROM `yh_record` WHERE  `intime` >= 1606226400  AND `intime` <= 1606230000 [ RunTime:0.003363s ]
[2020-11-24T18:47:51+08:00][sql] SELECT COUNT(`id`) AS think_count FROM `yh_record` WHERE  `intime` >= 1606230000  AND `intime` <= 1606233600 [ RunTime:0.002509s ]
[2020-11-24T18:47:51+08:00][sql] SELECT COUNT(`id`) AS think_count FROM `yh_record` WHERE  `intime` >= 1606233600  AND `intime` <= [ RunTime:0.001881s ]
[2020-11-24T18:47:51+08:00][sql] SELECT COUNT(`id`) AS think_count FROM `yh_record` WHERE  `intime` >= 1606107600  AND `intime` <= 1606111200 [ RunTime:0.003876s ]
[2020-11-24T18:47:51+08:00][sql] SELECT COUNT(`id`) AS think_count FROM `yh_record` WHERE  `intime` >= 1606111200  AND `intime` <= 1606114800 [ RunTime:0.002848s ]
[2020-11-24T18:47:51+08:00][sql] SELECT COUNT(`id`) AS think_count FROM `yh_record` WHERE  `intime` >= 1606114800  AND `intime` <= 1606118400 [ RunTime:0.004509s ]
[2020-11-24T18:47:51+08:00][sql] SELECT COUNT(`id`) AS think_count FROM `yh_record` WHERE  `intime` >= 1606118400  AND `intime` <= 1606122000 [ RunTime:0.001814s ]
[2020-11-24T18:47:51+08:00][sql] SELECT COUNT(`id`) AS think_count FROM `yh_record` WHERE  `intime` >= 1606122000  AND `intime` <= 1606125600 [ RunTime:0.002273s ]
[2020-11-24T18:47:51+08:00][sql] SELECT COUNT(`id`) AS think_count FROM `yh_record` WHERE  `intime` >= 1606125600  AND `intime` <= 1606129200 [ RunTime:0.001827s ]
[2020-11-24T18:47:51+08:00][sql] SELECT COUNT(`id`) AS think_count FROM `yh_record` WHERE  `intime` >= 1606129200  AND `intime` <= 1606132800 [ RunTime:0.001939s ]
[2020-11-24T18:47:51+08:00][sql] SELECT COUNT(`id`) AS think_count FROM `yh_record` WHERE  `intime` >= 1606132800  AND `intime` <= 1606136400 [ RunTime:0.002001s ]
[2020-11-24T18:47:51+08:00][sql] SELECT COUNT(`id`) AS think_count FROM `yh_record` WHERE  `intime` >= 1606136400  AND `intime` <= 1606140000 [ RunTime:0.001664s ]
[2020-11-24T18:47:51+08:00][sql] SELECT COUNT(`id`) AS think_count FROM `yh_record` WHERE  `intime` >= 1606140000  AND `intime` <= 1606143600 [ RunTime:0.001622s ]
[2020-11-24T18:47:51+08:00][sql] SELECT COUNT(`id`) AS think_count FROM `yh_record` WHERE  `intime` >= 1606143600  AND `intime` <= 1606147200 [ RunTime:0.001556s ]
[2020-11-24T18:47:51+08:00][sql] SELECT COUNT(`id`) AS think_count FROM `yh_record` WHERE  `intime` >= 1606147200  AND `intime` <= [ RunTime:0.001796s ]
[2020-11-24T18:47:51+08:00][sql] SHOW FULL COLUMNS FROM `yh_business` [ RunTime:0.002295s ]
[2020-11-24T18:47:51+08:00][sql] SELECT COUNT(*) AS think_count FROM `yh_business` WHERE  `type` = 1 [ RunTime:0.000621s ]
[2020-11-24T18:47:51+08:00][sql] SELECT COUNT(*) AS think_count FROM `yh_business` WHERE  `type` = 2 [ RunTime:0.000675s ]
[2020-11-24T18:47:51+08:00][sql] SELECT `user_uid`,`calltoday` FROM `yh_business` ORDER BY `calltoday` DESC LIMIT 5 [ RunTime:0.000591s ]
[2020-11-24T18:47:53+08:00][sql] CONNECT:[ UseTime:0.001373s ] mysql:host=127.0.0.1;port=3306;dbname=jifei_ymcx_shop;charset=utf8
[2020-11-24T18:47:53+08:00][sql] SHOW FULL COLUMNS FROM `yh_admin` [ RunTime:0.002285s ]
[2020-11-24T18:47:53+08:00][sql] SELECT * FROM `yh_admin` WHERE  `id` = 1 LIMIT 1 [ RunTime:0.000757s ]
[2020-11-24T18:47:53+08:00][sql] SHOW FULL COLUMNS FROM `yh_webpz` [ RunTime:0.003926s ]
[2020-11-24T18:47:53+08:00][sql] SELECT * FROM `yh_webpz` WHERE  `id` = 1 LIMIT 1 [ RunTime:0.000550s ]
[2020-11-24T18:47:53+08:00][sql] SELECT `tep` FROM `yh_webpz` WHERE  `id` = 1 LIMIT 1 [ RunTime:0.000636s ]
[2020-11-24T18:47:53+08:00][sql] SHOW FULL COLUMNS FROM `yh_information` [ RunTime:0.003280s ]
[2020-11-24T18:47:53+08:00][sql] SELECT * FROM `yh_information` WHERE  `id` = 1 LIMIT 1 [ RunTime:0.000989s ]
[2020-11-24T18:47:55+08:00][sql] CONNECT:[ UseTime:0.001511s ] mysql:host=127.0.0.1;port=3306;dbname=jifei_ymcx_shop;charset=utf8
[2020-11-24T18:47:55+08:00][sql] SHOW FULL COLUMNS FROM `yh_admin` [ RunTime:0.002661s ]
[2020-11-24T18:47:55+08:00][sql] SELECT * FROM `yh_admin` WHERE  `id` = 1 LIMIT 1 [ RunTime:0.009651s ]
[2020-11-24T18:47:55+08:00][sql] SHOW FULL COLUMNS FROM `yh_webpz` [ RunTime:0.003862s ]
[2020-11-24T18:47:55+08:00][sql] SELECT * FROM `yh_webpz` WHERE  `id` = 1 LIMIT 1 [ RunTime:0.001105s ]
[2020-11-24T18:47:55+08:00][sql] SELECT * FROM `yh_webpz` WHERE  `id` = 1 LIMIT 1 [ RunTime:0.000693s ]
[2020-11-24T21:17:27+08:00][sql] CONNECT:[ UseTime:0.001417s ] mysql:host=127.0.0.1;port=3306;dbname=jifei_ymcx_shop;charset=utf8
[2020-11-24T21:17:27+08:00][sql] SHOW FULL COLUMNS FROM `yh_webpz` [ RunTime:0.005807s ]
[2020-11-24T21:17:27+08:00][sql] SELECT * FROM `yh_webpz` WHERE  `id` = 1 LIMIT 1 [ RunTime:0.003600s ]
[2020-11-24T21:18:39+08:00][sql] CONNECT:[ UseTime:0.004074s ] mysql:host=127.0.0.1;port=3306;dbname=jifei_ymcx_shop;charset=utf8
[2020-11-24T21:18:39+08:00][sql] SHOW FULL COLUMNS FROM `yh_webpz` [ RunTime:0.005654s ]
[2020-11-24T21:18:39+08:00][sql] SELECT * FROM `yh_webpz` WHERE  `id` = 1 LIMIT 1 [ RunTime:0.003579s ]
