[2020-11-25T20:38:51+08:00][sql] CONNECT:[ UseTime:0.001509s ] mysql:host=127.0.0.1;port=3306;dbname=jifei_ymcx_shop;charset=utf8
[2020-11-25T20:38:51+08:00][sql] SHOW FULL COLUMNS FROM `yh_webpz` [ RunTime:0.002120s ]
[2020-11-25T20:38:51+08:00][sql] SELECT * FROM `yh_webpz` WHERE  `id` = 1 LIMIT 1 [ RunTime:0.000836s ]
[2020-11-25T21:29:43+08:00][sql] CONNECT:[ UseTime:0.001009s ] mysql:host=127.0.0.1;port=3306;dbname=jifei_ymcx_shop;charset=utf8
[2020-11-25T21:29:43+08:00][sql] SHOW FULL COLUMNS FROM `yh_webpz` [ RunTime:0.006052s ]
[2020-11-25T21:29:43+08:00][sql] SELECT * FROM `yh_webpz` WHERE  `id` = 1 LIMIT 1 [ RunTime:0.000746s ]
[2020-11-25T21:29:50+08:00][sql] CONNECT:[ UseTime:0.001124s ] mysql:host=127.0.0.1;port=3306;dbname=jifei_ymcx_shop;charset=utf8
[2020-11-25T21:29:50+08:00][sql] SHOW FULL COLUMNS FROM `yh_webpz` [ RunTime:0.002200s ]
[2020-11-25T21:29:50+08:00][sql] SELECT * FROM `yh_webpz` WHERE  `id` = 1 LIMIT 1 [ RunTime:0.000860s ]
[2020-11-25T21:29:50+08:00][sql] SHOW FULL COLUMNS FROM `yh_admin` [ RunTime:0.001825s ]
[2020-11-25T21:29:50+08:00][sql] SELECT `id` FROM `yh_admin` WHERE  `username` = '1178350505'  AND `password` = '565be15b663c3a1c6a54055410cb763a' LIMIT 1 [ RunTime:0.001266s ]
[2020-11-25T21:29:50+08:00][sql] CONNECT:[ UseTime:0.004689s ] mysql:host=127.0.0.1;port=3306;dbname=jifei_ymcx_shop;charset=utf8
[2020-11-25T21:29:50+08:00][sql] SHOW FULL COLUMNS FROM `yh_admin` [ RunTime:0.004103s ]
[2020-11-25T21:29:50+08:00][sql] SELECT * FROM `yh_admin` WHERE  `id` = 1 LIMIT 1 [ RunTime:0.001033s ]
[2020-11-25T21:29:50+08:00][sql] SHOW FULL COLUMNS FROM `yh_webpz` [ RunTime:0.002266s ]
[2020-11-25T21:29:50+08:00][sql] SELECT * FROM `yh_webpz` WHERE  `id` = 1 LIMIT 1 [ RunTime:0.000683s ]
[2020-11-25T21:29:50+08:00][sql] SHOW FULL COLUMNS FROM `yh_user` [ RunTime:0.002980s ]
[2020-11-25T21:29:50+08:00][sql] SELECT COUNT(*) AS think_count FROM `yh_user` [ RunTime:0.000730s ]
[2020-11-25T21:29:50+08:00][sql] SHOW FULL COLUMNS FROM `yh_order` [ RunTime:0.001890s ]
[2020-11-25T21:29:50+08:00][sql] SELECT SUM(`payment`) AS think_sum FROM `yh_order` WHERE  `status` = 1 [ RunTime:0.001316s ]
[2020-11-25T21:29:50+08:00][sql] SELECT SUM(`payment`) AS think_sum FROM `yh_order` WHERE  `intime` <= 1604160000  AND `intime` >= 1601481600  AND `status` = 1 [ RunTime:0.000521s ]
[2020-11-25T21:29:50+08:00][sql] SELECT SUM(`payment`) AS think_sum FROM `yh_order` WHERE  `intime` >= 1604160000  AND `status` = 1 [ RunTime:0.000571s ]
[2020-11-25T21:29:50+08:00][sql] SHOW FULL COLUMNS FROM `yh_information` [ RunTime:0.001824s ]
[2020-11-25T21:29:50+08:00][sql] SELECT COUNT(*) AS think_count FROM `yh_information` [ RunTime:0.000521s ]
[2020-11-25T21:29:50+08:00][sql] SHOW FULL COLUMNS FROM `yh_record` [ RunTime:0.004018s ]
[2020-11-25T21:29:50+08:00][sql] SELECT COUNT(*) AS think_count FROM `yh_record` WHERE  `intime` >= 1606233600 [ RunTime:0.002330s ]
[2020-11-25T21:29:50+08:00][sql] SHOW FULL COLUMNS FROM `yh_business` [ RunTime:0.006721s ]
[2020-11-25T21:29:50+08:00][sql] SELECT COUNT(*) AS think_count FROM `yh_business` WHERE  `type` = 1 [ RunTime:0.001130s ]
[2020-11-25T21:29:50+08:00][sql] SELECT COUNT(*) AS think_count FROM `yh_business` WHERE  `type` = 2 [ RunTime:0.000922s ]
[2020-11-25T21:29:51+08:00][sql] CONNECT:[ UseTime:0.000904s ] mysql:host=127.0.0.1;port=3306;dbname=jifei_ymcx_shop;charset=utf8
[2020-11-25T21:29:51+08:00][sql] SHOW FULL COLUMNS FROM `yh_admin` [ RunTime:0.002176s ]
[2020-11-25T21:29:51+08:00][sql] SELECT * FROM `yh_admin` WHERE  `id` = 1 LIMIT 1 [ RunTime:0.000590s ]
[2020-11-25T21:29:51+08:00][sql] SHOW FULL COLUMNS FROM `yh_webpz` [ RunTime:0.009616s ]
[2020-11-25T21:29:51+08:00][sql] SELECT * FROM `yh_webpz` WHERE  `id` = 1 LIMIT 1 [ RunTime:0.000684s ]
[2020-11-25T21:29:51+08:00][sql] SHOW FULL COLUMNS FROM `yh_record` [ RunTime:0.001890s ]
[2020-11-25T21:29:51+08:00][sql] SELECT COUNT(`id`) AS think_count FROM `yh_record` WHERE  `intime` >= 1606280400  AND `intime` <= 1606284000 [ RunTime:0.002316s ]
[2020-11-25T21:29:51+08:00][sql] SELECT COUNT(`id`) AS think_count FROM `yh_record` WHERE  `intime` >= 1606284000  AND `intime` <= 1606287600 [ RunTime:0.002672s ]
[2020-11-25T21:29:51+08:00][sql] SELECT COUNT(`id`) AS think_count FROM `yh_record` WHERE  `intime` >= 1606287600  AND `intime` <= 1606291200 [ RunTime:0.002442s ]
[2020-11-25T21:29:51+08:00][sql] SELECT COUNT(`id`) AS think_count FROM `yh_record` WHERE  `intime` >= 1606291200  AND `intime` <= 1606294800 [ RunTime:0.002038s ]
[2020-11-25T21:29:51+08:00][sql] SELECT COUNT(`id`) AS think_count FROM `yh_record` WHERE  `intime` >= 1606294800  AND `intime` <= 1606298400 [ RunTime:0.002064s ]
[2020-11-25T21:29:51+08:00][sql] SELECT COUNT(`id`) AS think_count FROM `yh_record` WHERE  `intime` >= 1606298400  AND `intime` <= 1606302000 [ RunTime:0.002145s ]
[2020-11-25T21:29:51+08:00][sql] SELECT COUNT(`id`) AS think_count FROM `yh_record` WHERE  `intime` >= 1606302000  AND `intime` <= 1606305600 [ RunTime:0.001849s ]
[2020-11-25T21:29:51+08:00][sql] SELECT COUNT(`id`) AS think_count FROM `yh_record` WHERE  `intime` >= 1606305600  AND `intime` <= 1606309200 [ RunTime:0.002056s ]
[2020-11-25T21:29:51+08:00][sql] SELECT COUNT(`id`) AS think_count FROM `yh_record` WHERE  `intime` >= 1606309200  AND `intime` <= 1606312800 [ RunTime:0.002028s ]
[2020-11-25T21:29:51+08:00][sql] SELECT COUNT(`id`) AS think_count FROM `yh_record` WHERE  `intime` >= 1606312800  AND `intime` <= 1606316400 [ RunTime:0.002135s ]
[2020-11-25T21:29:51+08:00][sql] SELECT COUNT(`id`) AS think_count FROM `yh_record` WHERE  `intime` >= 1606316400  AND `intime` <= 1606320000 [ RunTime:0.002172s ]
[2020-11-25T21:29:51+08:00][sql] SELECT COUNT(`id`) AS think_count FROM `yh_record` WHERE  `intime` >= 1606320000  AND `intime` <= [ RunTime:0.002023s ]
[2020-11-25T21:29:51+08:00][sql] SELECT COUNT(`id`) AS think_count FROM `yh_record` WHERE  `intime` >= 1606194000  AND `intime` <= 1606197600 [ RunTime:0.002083s ]
[2020-11-25T21:29:51+08:00][sql] SELECT COUNT(`id`) AS think_count FROM `yh_record` WHERE  `intime` >= 1606197600  AND `intime` <= 1606201200 [ RunTime:0.001880s ]
[2020-11-25T21:29:51+08:00][sql] SELECT COUNT(`id`) AS think_count FROM `yh_record` WHERE  `intime` >= 1606201200  AND `intime` <= 1606204800 [ RunTime:0.002029s ]
[2020-11-25T21:29:51+08:00][sql] SELECT COUNT(`id`) AS think_count FROM `yh_record` WHERE  `intime` >= 1606204800  AND `intime` <= 1606208400 [ RunTime:0.002040s ]
[2020-11-25T21:29:51+08:00][sql] SELECT COUNT(`id`) AS think_count FROM `yh_record` WHERE  `intime` >= 1606208400  AND `intime` <= 1606212000 [ RunTime:0.001863s ]
[2020-11-25T21:29:51+08:00][sql] SELECT COUNT(`id`) AS think_count FROM `yh_record` WHERE  `intime` >= 1606212000  AND `intime` <= 1606215600 [ RunTime:0.003603s ]
[2020-11-25T21:29:51+08:00][sql] SELECT COUNT(`id`) AS think_count FROM `yh_record` WHERE  `intime` >= 1606215600  AND `intime` <= 1606219200 [ RunTime:0.005449s ]
[2020-11-25T21:29:51+08:00][sql] SELECT COUNT(`id`) AS think_count FROM `yh_record` WHERE  `intime` >= 1606219200  AND `intime` <= 1606222800 [ RunTime:0.005366s ]
[2020-11-25T21:29:51+08:00][sql] SELECT COUNT(`id`) AS think_count FROM `yh_record` WHERE  `intime` >= 1606222800  AND `intime` <= 1606226400 [ RunTime:0.003877s ]
[2020-11-25T21:29:51+08:00][sql] SELECT COUNT(`id`) AS think_count FROM `yh_record` WHERE  `intime` >= 1606226400  AND `intime` <= 1606230000 [ RunTime:0.005733s ]
[2020-11-25T21:29:51+08:00][sql] SELECT COUNT(`id`) AS think_count FROM `yh_record` WHERE  `intime` >= 1606230000  AND `intime` <= 1606233600 [ RunTime:0.004978s ]
[2020-11-25T21:29:51+08:00][sql] SELECT COUNT(`id`) AS think_count FROM `yh_record` WHERE  `intime` >= 1606233600  AND `intime` <= [ RunTime:0.003378s ]
[2020-11-25T21:29:51+08:00][sql] SHOW FULL COLUMNS FROM `yh_business` [ RunTime:0.003165s ]
[2020-11-25T21:29:51+08:00][sql] SELECT COUNT(*) AS think_count FROM `yh_business` WHERE  `type` = 1 [ RunTime:0.000816s ]
[2020-11-25T21:29:51+08:00][sql] SELECT COUNT(*) AS think_count FROM `yh_business` WHERE  `type` = 2 [ RunTime:0.000567s ]
[2020-11-25T21:29:51+08:00][sql] SELECT `user_uid`,`calltoday` FROM `yh_business` ORDER BY `calltoday` DESC LIMIT 5 [ RunTime:0.000646s ]
[2020-11-25T21:30:00+08:00][sql] CONNECT:[ UseTime:0.001037s ] mysql:host=127.0.0.1;port=3306;dbname=jifei_ymcx_shop;charset=utf8
[2020-11-25T21:30:00+08:00][sql] SHOW FULL COLUMNS FROM `yh_admin` [ RunTime:0.002205s ]
[2020-11-25T21:30:00+08:00][sql] SELECT * FROM `yh_admin` WHERE  `id` = 1 LIMIT 1 [ RunTime:0.000616s ]
[2020-11-25T21:30:00+08:00][sql] SHOW FULL COLUMNS FROM `yh_webpz` [ RunTime:0.002191s ]
[2020-11-25T21:30:00+08:00][sql] SELECT * FROM `yh_webpz` WHERE  `id` = 1 LIMIT 1 [ RunTime:0.000550s ]
[2020-11-25T21:30:00+08:00][sql] SHOW FULL COLUMNS FROM `yh_user` [ RunTime:0.003217s ]
[2020-11-25T21:30:00+08:00][sql] SELECT COUNT(*) AS think_count FROM `yh_user` [ RunTime:0.000669s ]
[2020-11-25T21:30:00+08:00][sql] SHOW FULL COLUMNS FROM `yh_order` [ RunTime:0.002958s ]
[2020-11-25T21:30:00+08:00][sql] SELECT SUM(`payment`) AS think_sum FROM `yh_order` WHERE  `status` = 1 [ RunTime:0.000698s ]
[2020-11-25T21:30:00+08:00][sql] SELECT SUM(`payment`) AS think_sum FROM `yh_order` WHERE  `intime` <= 1604160000  AND `intime` >= 1601481600  AND `status` = 1 [ RunTime:0.000763s ]
[2020-11-25T21:30:00+08:00][sql] SELECT SUM(`payment`) AS think_sum FROM `yh_order` WHERE  `intime` >= 1604160000  AND `status` = 1 [ RunTime:0.000728s ]
[2020-11-25T21:30:00+08:00][sql] SHOW FULL COLUMNS FROM `yh_information` [ RunTime:0.001947s ]
[2020-11-25T21:30:00+08:00][sql] SELECT COUNT(*) AS think_count FROM `yh_information` [ RunTime:0.000554s ]
[2020-11-25T21:30:00+08:00][sql] SHOW FULL COLUMNS FROM `yh_record` [ RunTime:0.001888s ]
[2020-11-25T21:30:00+08:00][sql] SELECT COUNT(*) AS think_count FROM `yh_record` WHERE  `intime` >= 1606233600 [ RunTime:0.002086s ]
[2020-11-25T21:30:00+08:00][sql] SHOW FULL COLUMNS FROM `yh_business` [ RunTime:0.001862s ]
[2020-11-25T21:30:00+08:00][sql] SELECT COUNT(*) AS think_count FROM `yh_business` WHERE  `type` = 1 [ RunTime:0.000515s ]
[2020-11-25T21:30:00+08:00][sql] SELECT COUNT(*) AS think_count FROM `yh_business` WHERE  `type` = 2 [ RunTime:0.000525s ]
[2020-11-25T21:30:01+08:00][sql] CONNECT:[ UseTime:0.001038s ] mysql:host=127.0.0.1;port=3306;dbname=jifei_ymcx_shop;charset=utf8
[2020-11-25T21:30:01+08:00][sql] SHOW FULL COLUMNS FROM `yh_admin` [ RunTime:0.002242s ]
[2020-11-25T21:30:01+08:00][sql] SELECT * FROM `yh_admin` WHERE  `id` = 1 LIMIT 1 [ RunTime:0.000727s ]
[2020-11-25T21:30:01+08:00][sql] SHOW FULL COLUMNS FROM `yh_webpz` [ RunTime:0.001924s ]
[2020-11-25T21:30:01+08:00][sql] SELECT * FROM `yh_webpz` WHERE  `id` = 1 LIMIT 1 [ RunTime:0.000536s ]
[2020-11-25T21:30:01+08:00][sql] SHOW FULL COLUMNS FROM `yh_record` [ RunTime:0.001922s ]
[2020-11-25T21:30:01+08:00][sql] SELECT COUNT(`id`) AS think_count FROM `yh_record` WHERE  `intime` >= 1606280400  AND `intime` <= 1606284000 [ RunTime:0.002230s ]
[2020-11-25T21:30:01+08:00][sql] SELECT COUNT(`id`) AS think_count FROM `yh_record` WHERE  `intime` >= 1606284000  AND `intime` <= 1606287600 [ RunTime:0.002157s ]
[2020-11-25T21:30:01+08:00][sql] SELECT COUNT(`id`) AS think_count FROM `yh_record` WHERE  `intime` >= 1606287600  AND `intime` <= 1606291200 [ RunTime:0.002157s ]
[2020-11-25T21:30:01+08:00][sql] SELECT COUNT(`id`) AS think_count FROM `yh_record` WHERE  `intime` >= 1606291200  AND `intime` <= 1606294800 [ RunTime:0.002134s ]
[2020-11-25T21:30:01+08:00][sql] SELECT COUNT(`id`) AS think_count FROM `yh_record` WHERE  `intime` >= 1606294800  AND `intime` <= 1606298400 [ RunTime:0.002034s ]
[2020-11-25T21:30:01+08:00][sql] SELECT COUNT(`id`) AS think_count FROM `yh_record` WHERE  `intime` >= 1606298400  AND `intime` <= 1606302000 [ RunTime:0.002073s ]
[2020-11-25T21:30:01+08:00][sql] SELECT COUNT(`id`) AS think_count FROM `yh_record` WHERE  `intime` >= 1606302000  AND `intime` <= 1606305600 [ RunTime:0.002172s ]
[2020-11-25T21:30:01+08:00][sql] SELECT COUNT(`id`) AS think_count FROM `yh_record` WHERE  `intime` >= 1606305600  AND `intime` <= 1606309200 [ RunTime:0.003716s ]
[2020-11-25T21:30:01+08:00][sql] SELECT COUNT(`id`) AS think_count FROM `yh_record` WHERE  `intime` >= 1606309200  AND `intime` <= 1606312800 [ RunTime:0.002261s ]
[2020-11-25T21:30:01+08:00][sql] SELECT COUNT(`id`) AS think_count FROM `yh_record` WHERE  `intime` >= 1606312800  AND `intime` <= 1606316400 [ RunTime:0.002099s ]
[2020-11-25T21:30:01+08:00][sql] SELECT COUNT(`id`) AS think_count FROM `yh_record` WHERE  `intime` >= 1606316400  AND `intime` <= 1606320000 [ RunTime:0.002115s ]
[2020-11-25T21:30:01+08:00][sql] SELECT COUNT(`id`) AS think_count FROM `yh_record` WHERE  `intime` >= 1606320000  AND `intime` <= [ RunTime:0.002058s ]
[2020-11-25T21:30:01+08:00][sql] SELECT COUNT(`id`) AS think_count FROM `yh_record` WHERE  `intime` >= 1606194000  AND `intime` <= 1606197600 [ RunTime:0.002174s ]
[2020-11-25T21:30:01+08:00][sql] SELECT COUNT(`id`) AS think_count FROM `yh_record` WHERE  `intime` >= 1606197600  AND `intime` <= 1606201200 [ RunTime:0.002237s ]
[2020-11-25T21:30:01+08:00][sql] SELECT COUNT(`id`) AS think_count FROM `yh_record` WHERE  `intime` >= 1606201200  AND `intime` <= 1606204800 [ RunTime:0.011344s ]
[2020-11-25T21:30:01+08:00][sql] SELECT COUNT(`id`) AS think_count FROM `yh_record` WHERE  `intime` >= 1606204800  AND `intime` <= 1606208400 [ RunTime:0.003084s ]
[2020-11-25T21:30:01+08:00][sql] SELECT COUNT(`id`) AS think_count FROM `yh_record` WHERE  `intime` >= 1606208400  AND `intime` <= 1606212000 [ RunTime:0.002250s ]
[2020-11-25T21:30:01+08:00][sql] SELECT COUNT(`id`) AS think_count FROM `yh_record` WHERE  `intime` >= 1606212000  AND `intime` <= 1606215600 [ RunTime:0.002491s ]
[2020-11-25T21:30:01+08:00][sql] SELECT COUNT(`id`) AS think_count FROM `yh_record` WHERE  `intime` >= 1606215600  AND `intime` <= 1606219200 [ RunTime:0.002793s ]
[2020-11-25T21:30:01+08:00][sql] SELECT COUNT(`id`) AS think_count FROM `yh_record` WHERE  `intime` >= 1606219200  AND `intime` <= 1606222800 [ RunTime:0.002386s ]
[2020-11-25T21:30:01+08:00][sql] SELECT COUNT(`id`) AS think_count FROM `yh_record` WHERE  `intime` >= 1606222800  AND `intime` <= 1606226400 [ RunTime:0.002534s ]
[2020-11-25T21:30:01+08:00][sql] SELECT COUNT(`id`) AS think_count FROM `yh_record` WHERE  `intime` >= 1606226400  AND `intime` <= 1606230000 [ RunTime:0.002408s ]
[2020-11-25T21:30:01+08:00][sql] SELECT COUNT(`id`) AS think_count FROM `yh_record` WHERE  `intime` >= 1606230000  AND `intime` <= 1606233600 [ RunTime:0.002409s ]
[2020-11-25T21:30:01+08:00][sql] SELECT COUNT(`id`) AS think_count FROM `yh_record` WHERE  `intime` >= 1606233600  AND `intime` <= [ RunTime:0.002251s ]
[2020-11-25T21:30:01+08:00][sql] SHOW FULL COLUMNS FROM `yh_business` [ RunTime:0.002782s ]
[2020-11-25T21:30:01+08:00][sql] SELECT COUNT(*) AS think_count FROM `yh_business` WHERE  `type` = 1 [ RunTime:0.000905s ]
[2020-11-25T21:30:01+08:00][sql] SELECT COUNT(*) AS think_count FROM `yh_business` WHERE  `type` = 2 [ RunTime:0.000848s ]
[2020-11-25T21:30:01+08:00][sql] SELECT `user_uid`,`calltoday` FROM `yh_business` ORDER BY `calltoday` DESC LIMIT 5 [ RunTime:0.000535s ]
[2020-11-25T21:31:44+08:00][sql] CONNECT:[ UseTime:0.001384s ] mysql:host=127.0.0.1;port=3306;dbname=jifei_ymcx_shop;charset=utf8
[2020-11-25T21:31:44+08:00][sql] SHOW FULL COLUMNS FROM `yh_admin` [ RunTime:0.002456s ]
[2020-11-25T21:31:44+08:00][sql] SELECT * FROM `yh_admin` WHERE  `id` = 1 LIMIT 1 [ RunTime:0.000886s ]
[2020-11-25T21:31:44+08:00][sql] SHOW FULL COLUMNS FROM `yh_webpz` [ RunTime:0.003431s ]
[2020-11-25T21:31:44+08:00][sql] SELECT * FROM `yh_webpz` WHERE  `id` = 1 LIMIT 1 [ RunTime:0.000631s ]
[2020-11-25T21:31:44+08:00][sql] SHOW FULL COLUMNS FROM `yh_record` [ RunTime:0.002100s ]
[2020-11-25T21:31:44+08:00][sql] SELECT COUNT(*) AS think_count FROM `yh_record` [ RunTime:0.001654s ]
[2020-11-25T21:31:44+08:00][sql] SELECT * FROM `yh_record` ORDER BY `id` DESC LIMIT 0,15 [ RunTime:0.000676s ]
[2020-11-25T21:31:44+08:00][sql] SELECT COUNT(`id`) AS think_count FROM `yh_record` [ RunTime:0.001874s ]
[2020-11-25T21:31:44+08:00][sql] SELECT COUNT(`id`) AS think_count FROM `yh_record` WHERE  `status` = 1 [ RunTime:0.015846s ]
[2020-11-25T21:31:50+08:00][sql] CONNECT:[ UseTime:0.001182s ] mysql:host=127.0.0.1;port=3306;dbname=jifei_ymcx_shop;charset=utf8
[2020-11-25T21:31:50+08:00][sql] SHOW FULL COLUMNS FROM `yh_admin` [ RunTime:0.002262s ]
[2020-11-25T21:31:50+08:00][sql] SELECT * FROM `yh_admin` WHERE  `id` = 1 LIMIT 1 [ RunTime:0.000865s ]
[2020-11-25T21:31:50+08:00][sql] SHOW FULL COLUMNS FROM `yh_webpz` [ RunTime:0.001916s ]
[2020-11-25T21:31:50+08:00][sql] SELECT * FROM `yh_webpz` WHERE  `id` = 1 LIMIT 1 [ RunTime:0.000673s ]
[2020-11-25T21:31:50+08:00][sql] SHOW FULL COLUMNS FROM `yh_record` [ RunTime:0.001733s ]
[2020-11-25T21:31:50+08:00][sql] SELECT COUNT(*) AS think_count FROM `yh_record` [ RunTime:0.001461s ]
[2020-11-25T21:31:50+08:00][sql] SELECT * FROM `yh_record` ORDER BY `id` DESC LIMIT 15,15 [ RunTime:0.000555s ]
[2020-11-25T21:31:50+08:00][sql] SELECT COUNT(`id`) AS think_count FROM `yh_record` [ RunTime:0.001801s ]
[2020-11-25T21:31:50+08:00][sql] SELECT COUNT(`id`) AS think_count FROM `yh_record` WHERE  `status` = 1 [ RunTime:0.002152s ]
[2020-11-25T21:31:52+08:00][sql] CONNECT:[ UseTime:0.004246s ] mysql:host=127.0.0.1;port=3306;dbname=jifei_ymcx_shop;charset=utf8
[2020-11-25T21:31:52+08:00][sql] SHOW FULL COLUMNS FROM `yh_admin` [ RunTime:0.005563s ]
[2020-11-25T21:31:52+08:00][sql] SELECT * FROM `yh_admin` WHERE  `id` = 1 LIMIT 1 [ RunTime:0.002907s ]
[2020-11-25T21:31:52+08:00][sql] SHOW FULL COLUMNS FROM `yh_webpz` [ RunTime:0.005889s ]
[2020-11-25T21:31:52+08:00][sql] SELECT * FROM `yh_webpz` WHERE  `id` = 1 LIMIT 1 [ RunTime:0.000644s ]
[2020-11-25T21:31:52+08:00][sql] SHOW FULL COLUMNS FROM `yh_record` [ RunTime:0.001818s ]
[2020-11-25T21:31:52+08:00][sql] SELECT COUNT(*) AS think_count FROM `yh_record` [ RunTime:0.001506s ]
[2020-11-25T21:31:52+08:00][sql] SELECT * FROM `yh_record` ORDER BY `id` DESC LIMIT 30,15 [ RunTime:0.000667s ]
[2020-11-25T21:31:52+08:00][sql] SELECT COUNT(`id`) AS think_count FROM `yh_record` [ RunTime:0.001695s ]
[2020-11-25T21:31:52+08:00][sql] SELECT COUNT(`id`) AS think_count FROM `yh_record` WHERE  `status` = 1 [ RunTime:0.002143s ]
[2020-11-25T21:31:53+08:00][sql] CONNECT:[ UseTime:0.010256s ] mysql:host=127.0.0.1;port=3306;dbname=jifei_ymcx_shop;charset=utf8
[2020-11-25T21:31:53+08:00][sql] SHOW FULL COLUMNS FROM `yh_admin` [ RunTime:0.002440s ]
[2020-11-25T21:31:53+08:00][sql] SELECT * FROM `yh_admin` WHERE  `id` = 1 LIMIT 1 [ RunTime:0.001764s ]
[2020-11-25T21:31:53+08:00][sql] SHOW FULL COLUMNS FROM `yh_webpz` [ RunTime:0.002763s ]
[2020-11-25T21:31:53+08:00][sql] SELECT * FROM `yh_webpz` WHERE  `id` = 1 LIMIT 1 [ RunTime:0.000745s ]
[2020-11-25T21:31:53+08:00][sql] SHOW FULL COLUMNS FROM `yh_user` [ RunTime:0.001900s ]
[2020-11-25T21:31:53+08:00][sql] SELECT COUNT(*) AS think_count FROM `yh_user` [ RunTime:0.000634s ]
[2020-11-25T21:31:53+08:00][sql] SHOW FULL COLUMNS FROM `yh_order` [ RunTime:0.001613s ]
[2020-11-25T21:31:53+08:00][sql] SELECT SUM(`payment`) AS think_sum FROM `yh_order` WHERE  `status` = 1 [ RunTime:0.000675s ]
[2020-11-25T21:31:53+08:00][sql] SELECT SUM(`payment`) AS think_sum FROM `yh_order` WHERE  `intime` <= 1604160000  AND `intime` >= 1601481600  AND `status` = 1 [ RunTime:0.000598s ]
[2020-11-25T21:31:53+08:00][sql] SELECT SUM(`payment`) AS think_sum FROM `yh_order` WHERE  `intime` >= 1604160000  AND `status` = 1 [ RunTime:0.000507s ]
[2020-11-25T21:31:53+08:00][sql] SHOW FULL COLUMNS FROM `yh_information` [ RunTime:0.001668s ]
[2020-11-25T21:31:53+08:00][sql] SELECT COUNT(*) AS think_count FROM `yh_information` [ RunTime:0.000693s ]
[2020-11-25T21:31:53+08:00][sql] SHOW FULL COLUMNS FROM `yh_record` [ RunTime:0.001874s ]
[2020-11-25T21:31:53+08:00][sql] SELECT COUNT(*) AS think_count FROM `yh_record` WHERE  `intime` >= 1606233600 [ RunTime:0.001894s ]
[2020-11-25T21:31:53+08:00][sql] SHOW FULL COLUMNS FROM `yh_business` [ RunTime:0.002611s ]
[2020-11-25T21:31:53+08:00][sql] SELECT COUNT(*) AS think_count FROM `yh_business` WHERE  `type` = 1 [ RunTime:0.000620s ]
[2020-11-25T21:31:53+08:00][sql] SELECT COUNT(*) AS think_count FROM `yh_business` WHERE  `type` = 2 [ RunTime:0.000492s ]
[2020-11-25T21:31:53+08:00][sql] CONNECT:[ UseTime:0.000763s ] mysql:host=127.0.0.1;port=3306;dbname=jifei_ymcx_shop;charset=utf8
[2020-11-25T21:31:53+08:00][sql] SHOW FULL COLUMNS FROM `yh_admin` [ RunTime:0.001756s ]
[2020-11-25T21:31:53+08:00][sql] SELECT * FROM `yh_admin` WHERE  `id` = 1 LIMIT 1 [ RunTime:0.000526s ]
[2020-11-25T21:31:53+08:00][sql] SHOW FULL COLUMNS FROM `yh_webpz` [ RunTime:0.001377s ]
[2020-11-25T21:31:53+08:00][sql] SELECT * FROM `yh_webpz` WHERE  `id` = 1 LIMIT 1 [ RunTime:0.000459s ]
[2020-11-25T21:31:53+08:00][sql] SHOW FULL COLUMNS FROM `yh_record` [ RunTime:0.001543s ]
[2020-11-25T21:31:53+08:00][sql] SELECT COUNT(`id`) AS think_count FROM `yh_record` WHERE  `intime` >= 1606280400  AND `intime` <= 1606284000 [ RunTime:0.002207s ]
[2020-11-25T21:31:53+08:00][sql] SELECT COUNT(`id`) AS think_count FROM `yh_record` WHERE  `intime` >= 1606284000  AND `intime` <= 1606287600 [ RunTime:0.001986s ]
[2020-11-25T21:31:53+08:00][sql] SELECT COUNT(`id`) AS think_count FROM `yh_record` WHERE  `intime` >= 1606287600  AND `intime` <= 1606291200 [ RunTime:0.002029s ]
[2020-11-25T21:31:53+08:00][sql] SELECT COUNT(`id`) AS think_count FROM `yh_record` WHERE  `intime` >= 1606291200  AND `intime` <= 1606294800 [ RunTime:0.001286s ]
[2020-11-25T21:31:53+08:00][sql] SELECT COUNT(`id`) AS think_count FROM `yh_record` WHERE  `intime` >= 1606294800  AND `intime` <= 1606298400 [ RunTime:0.001416s ]
[2020-11-25T21:31:53+08:00][sql] SELECT COUNT(`id`) AS think_count FROM `yh_record` WHERE  `intime` >= 1606298400  AND `intime` <= 1606302000 [ RunTime:0.001814s ]
[2020-11-25T21:31:53+08:00][sql] SELECT COUNT(`id`) AS think_count FROM `yh_record` WHERE  `intime` >= 1606302000  AND `intime` <= 1606305600 [ RunTime:0.001930s ]
[2020-11-25T21:31:53+08:00][sql] SELECT COUNT(`id`) AS think_count FROM `yh_record` WHERE  `intime` >= 1606305600  AND `intime` <= 1606309200 [ RunTime:0.001222s ]
[2020-11-25T21:31:53+08:00][sql] SELECT COUNT(`id`) AS think_count FROM `yh_record` WHERE  `intime` >= 1606309200  AND `intime` <= 1606312800 [ RunTime:0.005923s ]
[2020-11-25T21:31:53+08:00][sql] SELECT COUNT(`id`) AS think_count FROM `yh_record` WHERE  `intime` >= 1606312800  AND `intime` <= 1606316400 [ RunTime:0.002689s ]
[2020-11-25T21:31:53+08:00][sql] SELECT COUNT(`id`) AS think_count FROM `yh_record` WHERE  `intime` >= 1606316400  AND `intime` <= 1606320000 [ RunTime:0.001313s ]
[2020-11-25T21:31:53+08:00][sql] SELECT COUNT(`id`) AS think_count FROM `yh_record` WHERE  `intime` >= 1606320000  AND `intime` <= [ RunTime:0.001504s ]
[2020-11-25T21:31:53+08:00][sql] SELECT COUNT(`id`) AS think_count FROM `yh_record` WHERE  `intime` >= 1606194000  AND `intime` <= 1606197600 [ RunTime:0.005863s ]
[2020-11-25T21:31:53+08:00][sql] SELECT COUNT(`id`) AS think_count FROM `yh_record` WHERE  `intime` >= 1606197600  AND `intime` <= 1606201200 [ RunTime:0.004480s ]
[2020-11-25T21:31:53+08:00][sql] SELECT COUNT(`id`) AS think_count FROM `yh_record` WHERE  `intime` >= 1606201200  AND `intime` <= 1606204800 [ RunTime:0.002457s ]
[2020-11-25T21:31:53+08:00][sql] SELECT COUNT(`id`) AS think_count FROM `yh_record` WHERE  `intime` >= 1606204800  AND `intime` <= 1606208400 [ RunTime:0.002358s ]
[2020-11-25T21:31:53+08:00][sql] SELECT COUNT(`id`) AS think_count FROM `yh_record` WHERE  `intime` >= 1606208400  AND `intime` <= 1606212000 [ RunTime:0.002274s ]
[2020-11-25T21:31:53+08:00][sql] SELECT COUNT(`id`) AS think_count FROM `yh_record` WHERE  `intime` >= 1606212000  AND `intime` <= 1606215600 [ RunTime:0.002145s ]
[2020-11-25T21:31:53+08:00][sql] SELECT COUNT(`id`) AS think_count FROM `yh_record` WHERE  `intime` >= 1606215600  AND `intime` <= 1606219200 [ RunTime:0.001411s ]
[2020-11-25T21:31:53+08:00][sql] SELECT COUNT(`id`) AS think_count FROM `yh_record` WHERE  `intime` >= 1606219200  AND `intime` <= 1606222800 [ RunTime:0.002083s ]
[2020-11-25T21:31:53+08:00][sql] SELECT COUNT(`id`) AS think_count FROM `yh_record` WHERE  `intime` >= 1606222800  AND `intime` <= 1606226400 [ RunTime:0.002079s ]
[2020-11-25T21:31:53+08:00][sql] SELECT COUNT(`id`) AS think_count FROM `yh_record` WHERE  `intime` >= 1606226400  AND `intime` <= 1606230000 [ RunTime:0.002114s ]
[2020-11-25T21:31:53+08:00][sql] SELECT COUNT(`id`) AS think_count FROM `yh_record` WHERE  `intime` >= 1606230000  AND `intime` <= 1606233600 [ RunTime:0.002308s ]
[2020-11-25T21:31:53+08:00][sql] SELECT COUNT(`id`) AS think_count FROM `yh_record` WHERE  `intime` >= 1606233600  AND `intime` <= [ RunTime:0.002206s ]
[2020-11-25T21:31:53+08:00][sql] SHOW FULL COLUMNS FROM `yh_business` [ RunTime:0.002050s ]
[2020-11-25T21:31:53+08:00][sql] SELECT COUNT(*) AS think_count FROM `yh_business` WHERE  `type` = 1 [ RunTime:0.000565s ]
[2020-11-25T21:31:53+08:00][sql] SELECT COUNT(*) AS think_count FROM `yh_business` WHERE  `type` = 2 [ RunTime:0.000593s ]
[2020-11-25T21:31:53+08:00][sql] SELECT `user_uid`,`calltoday` FROM `yh_business` ORDER BY `calltoday` DESC LIMIT 5 [ RunTime:0.000607s ]
[2020-11-25T22:16:56+08:00][sql] CONNECT:[ UseTime:0.002601s ] mysql:host=127.0.0.1;port=3306;dbname=jifei_ymcx_shop;charset=utf8
[2020-11-25T22:16:56+08:00][sql] SHOW FULL COLUMNS FROM `yh_webpz` [ RunTime:0.002094s ]
[2020-11-25T22:16:56+08:00][sql] SELECT * FROM `yh_webpz` WHERE  `id` = 1 LIMIT 1 [ RunTime:0.000630s ]
[2020-11-25T22:17:12+08:00][sql] CONNECT:[ UseTime:0.004040s ] mysql:host=127.0.0.1;port=3306;dbname=jifei_ymcx_shop;charset=utf8
[2020-11-25T22:17:12+08:00][sql] SHOW FULL COLUMNS FROM `yh_webpz` [ RunTime:0.007047s ]
[2020-11-25T22:17:12+08:00][sql] SELECT * FROM `yh_webpz` WHERE  `id` = 1 LIMIT 1 [ RunTime:0.002448s ]
[2020-11-25T22:17:12+08:00][sql] SHOW FULL COLUMNS FROM `yh_admin` [ RunTime:0.003157s ]
[2020-11-25T22:17:12+08:00][sql] SELECT `id` FROM `yh_admin` WHERE  `username` = '1178350505'  AND `password` = 'e10adc3949ba59abbe56e057f20f883e' LIMIT 1 [ RunTime:0.000622s ]
[2020-11-25T22:17:23+08:00][sql] CONNECT:[ UseTime:0.001056s ] mysql:host=127.0.0.1;port=3306;dbname=jifei_ymcx_shop;charset=utf8
[2020-11-25T22:17:23+08:00][sql] SHOW FULL COLUMNS FROM `yh_webpz` [ RunTime:0.006315s ]
[2020-11-25T22:17:23+08:00][sql] SELECT * FROM `yh_webpz` WHERE  `id` = 1 LIMIT 1 [ RunTime:0.000678s ]
[2020-11-25T22:17:23+08:00][sql] SHOW FULL COLUMNS FROM `yh_admin` [ RunTime:0.001548s ]
[2020-11-25T22:17:23+08:00][sql] SELECT `id` FROM `yh_admin` WHERE  `username` = '1178350505'  AND `password` = 'e10adc3949ba59abbe56e057f20f883e' LIMIT 1 [ RunTime:0.000527s ]
