[2020-11-26T10:47:54+08:00][sql] CONNECT:[ UseTime:0.001330s ] mysql:host=127.0.0.1;port=3306;dbname=jifei_ymcx_shop;charset=utf8
[2020-11-26T10:47:54+08:00][sql] SHOW FULL COLUMNS FROM `yh_webpz` [ RunTime:0.002585s ]
[2020-11-26T10:47:54+08:00][sql] SELECT * FROM `yh_webpz` WHERE  `id` = 1 LIMIT 1 [ RunTime:0.000752s ]
[2020-11-26T10:48:00+08:00][sql] CONNECT:[ UseTime:0.001394s ] mysql:host=127.0.0.1;port=3306;dbname=jifei_ymcx_shop;charset=utf8
[2020-11-26T10:48:00+08:00][sql] SHOW FULL COLUMNS FROM `yh_webpz` [ RunTime:0.002532s ]
[2020-11-26T10:48:00+08:00][sql] SELECT * FROM `yh_webpz` WHERE  `id` = 1 LIMIT 1 [ RunTime:0.001033s ]
[2020-11-26T10:48:00+08:00][sql] SHOW FULL COLUMNS FROM `yh_admin` [ RunTime:0.002385s ]
[2020-11-26T10:48:00+08:00][sql] SELECT `id` FROM `yh_admin` WHERE  `username` = '1178350505'  AND `password` = '565be15b663c3a1c6a54055410cb763a' LIMIT 1 [ RunTime:0.000713s ]
[2020-11-26T10:48:00+08:00][sql] CONNECT:[ UseTime:0.001434s ] mysql:host=127.0.0.1;port=3306;dbname=jifei_ymcx_shop;charset=utf8
[2020-11-26T10:48:00+08:00][sql] SHOW FULL COLUMNS FROM `yh_admin` [ RunTime:0.003252s ]
[2020-11-26T10:48:00+08:00][sql] SELECT * FROM `yh_admin` WHERE  `id` = 1 LIMIT 1 [ RunTime:0.001142s ]
[2020-11-26T10:48:00+08:00][sql] SHOW FULL COLUMNS FROM `yh_webpz` [ RunTime:0.002675s ]
[2020-11-26T10:48:00+08:00][sql] SELECT * FROM `yh_webpz` WHERE  `id` = 1 LIMIT 1 [ RunTime:0.000880s ]
[2020-11-26T10:48:00+08:00][sql] SHOW FULL COLUMNS FROM `yh_user` [ RunTime:0.003506s ]
[2020-11-26T10:48:00+08:00][sql] SELECT COUNT(*) AS think_count FROM `yh_user` [ RunTime:0.000837s ]
[2020-11-26T10:48:00+08:00][sql] SHOW FULL COLUMNS FROM `yh_order` [ RunTime:0.001854s ]
[2020-11-26T10:48:00+08:00][sql] SELECT SUM(`payment`) AS think_sum FROM `yh_order` WHERE  `status` = 1 [ RunTime:0.000681s ]
[2020-11-26T10:48:00+08:00][sql] SELECT SUM(`payment`) AS think_sum FROM `yh_order` WHERE  `intime` <= 1604160000  AND `intime` >= 1601481600  AND `status` = 1 [ RunTime:0.000818s ]
[2020-11-26T10:48:00+08:00][sql] SELECT SUM(`payment`) AS think_sum FROM `yh_order` WHERE  `intime` >= 1604160000  AND `status` = 1 [ RunTime:0.000636s ]
[2020-11-26T10:48:00+08:00][sql] SHOW FULL COLUMNS FROM `yh_information` [ RunTime:0.004965s ]
[2020-11-26T10:48:00+08:00][sql] SELECT COUNT(*) AS think_count FROM `yh_information` [ RunTime:0.000906s ]
[2020-11-26T10:48:00+08:00][sql] SHOW FULL COLUMNS FROM `yh_record` [ RunTime:0.002188s ]
[2020-11-26T10:48:00+08:00][sql] SELECT COUNT(*) AS think_count FROM `yh_record` WHERE  `intime` >= 1606320000 [ RunTime:0.005880s ]
[2020-11-26T10:48:00+08:00][sql] SHOW FULL COLUMNS FROM `yh_business` [ RunTime:0.005920s ]
[2020-11-26T10:48:00+08:00][sql] SELECT COUNT(*) AS think_count FROM `yh_business` WHERE  `type` = 1 [ RunTime:0.001401s ]
[2020-11-26T10:48:00+08:00][sql] SELECT COUNT(*) AS think_count FROM `yh_business` WHERE  `type` = 2 [ RunTime:0.000524s ]
[2020-11-26T10:48:01+08:00][sql] CONNECT:[ UseTime:0.001055s ] mysql:host=127.0.0.1;port=3306;dbname=jifei_ymcx_shop;charset=utf8
[2020-11-26T10:48:01+08:00][sql] SHOW FULL COLUMNS FROM `yh_admin` [ RunTime:0.002596s ]
[2020-11-26T10:48:01+08:00][sql] SELECT * FROM `yh_admin` WHERE  `id` = 1 LIMIT 1 [ RunTime:0.000629s ]
[2020-11-26T10:48:01+08:00][sql] SHOW FULL COLUMNS FROM `yh_webpz` [ RunTime:0.008376s ]
[2020-11-26T10:48:01+08:00][sql] SELECT * FROM `yh_webpz` WHERE  `id` = 1 LIMIT 1 [ RunTime:0.004643s ]
[2020-11-26T10:48:01+08:00][sql] SHOW FULL COLUMNS FROM `yh_record` [ RunTime:0.004244s ]
[2020-11-26T10:48:01+08:00][sql] SELECT COUNT(`id`) AS think_count FROM `yh_record` WHERE  `intime` >= 1606323600  AND `intime` <= 1606327200 [ RunTime:0.002930s ]
[2020-11-26T10:48:01+08:00][sql] SELECT COUNT(`id`) AS think_count FROM `yh_record` WHERE  `intime` >= 1606327200  AND `intime` <= 1606330800 [ RunTime:0.003000s ]
[2020-11-26T10:48:01+08:00][sql] SELECT COUNT(`id`) AS think_count FROM `yh_record` WHERE  `intime` >= 1606330800  AND `intime` <= 1606334400 [ RunTime:0.002688s ]
[2020-11-26T10:48:01+08:00][sql] SELECT COUNT(`id`) AS think_count FROM `yh_record` WHERE  `intime` >= 1606334400  AND `intime` <= 1606338000 [ RunTime:0.002493s ]
[2020-11-26T10:48:01+08:00][sql] SELECT COUNT(`id`) AS think_count FROM `yh_record` WHERE  `intime` >= 1606338000  AND `intime` <= 1606341600 [ RunTime:0.005257s ]
[2020-11-26T10:48:01+08:00][sql] SELECT COUNT(`id`) AS think_count FROM `yh_record` WHERE  `intime` >= 1606341600  AND `intime` <= 1606345200 [ RunTime:0.004313s ]
[2020-11-26T10:48:01+08:00][sql] SELECT COUNT(`id`) AS think_count FROM `yh_record` WHERE  `intime` >= 1606345200  AND `intime` <= 1606348800 [ RunTime:0.009250s ]
[2020-11-26T10:48:01+08:00][sql] SELECT COUNT(`id`) AS think_count FROM `yh_record` WHERE  `intime` >= 1606348800  AND `intime` <= 1606352400 [ RunTime:0.003771s ]
[2020-11-26T10:48:01+08:00][sql] SELECT COUNT(`id`) AS think_count FROM `yh_record` WHERE  `intime` >= 1606352400  AND `intime` <= 1606356000 [ RunTime:0.002652s ]
[2020-11-26T10:48:01+08:00][sql] SELECT COUNT(`id`) AS think_count FROM `yh_record` WHERE  `intime` >= 1606356000  AND `intime` <= 1606359600 [ RunTime:0.003392s ]
[2020-11-26T10:48:01+08:00][sql] SELECT COUNT(`id`) AS think_count FROM `yh_record` WHERE  `intime` >= 1606359600  AND `intime` <= 1606363200 [ RunTime:0.004000s ]
[2020-11-26T10:48:01+08:00][sql] SELECT COUNT(`id`) AS think_count FROM `yh_record` WHERE  `intime` >= 1606363200  AND `intime` <= 1606366800 [ RunTime:0.004270s ]
[2020-11-26T10:48:01+08:00][sql] SELECT COUNT(`id`) AS think_count FROM `yh_record` WHERE  `intime` >= 1606237200  AND `intime` <= 1606240800 [ RunTime:0.004584s ]
[2020-11-26T10:48:01+08:00][sql] SELECT COUNT(`id`) AS think_count FROM `yh_record` WHERE  `intime` >= 1606240800  AND `intime` <= 1606244400 [ RunTime:0.004468s ]
[2020-11-26T10:48:01+08:00][sql] SELECT COUNT(`id`) AS think_count FROM `yh_record` WHERE  `intime` >= 1606244400  AND `intime` <= 1606248000 [ RunTime:0.003833s ]
[2020-11-26T10:48:01+08:00][sql] SELECT COUNT(`id`) AS think_count FROM `yh_record` WHERE  `intime` >= 1606248000  AND `intime` <= 1606251600 [ RunTime:0.002647s ]
[2020-11-26T10:48:01+08:00][sql] SELECT COUNT(`id`) AS think_count FROM `yh_record` WHERE  `intime` >= 1606251600  AND `intime` <= 1606255200 [ RunTime:0.002169s ]
[2020-11-26T10:48:01+08:00][sql] SELECT COUNT(`id`) AS think_count FROM `yh_record` WHERE  `intime` >= 1606255200  AND `intime` <= 1606258800 [ RunTime:0.002767s ]
[2020-11-26T10:48:01+08:00][sql] SELECT COUNT(`id`) AS think_count FROM `yh_record` WHERE  `intime` >= 1606258800  AND `intime` <= 1606262400 [ RunTime:0.003899s ]
[2020-11-26T10:48:01+08:00][sql] SELECT COUNT(`id`) AS think_count FROM `yh_record` WHERE  `intime` >= 1606262400  AND `intime` <= 1606266000 [ RunTime:0.005060s ]
[2020-11-26T10:48:01+08:00][sql] SELECT COUNT(`id`) AS think_count FROM `yh_record` WHERE  `intime` >= 1606266000  AND `intime` <= 1606269600 [ RunTime:0.004282s ]
[2020-11-26T10:48:01+08:00][sql] SELECT COUNT(`id`) AS think_count FROM `yh_record` WHERE  `intime` >= 1606269600  AND `intime` <= 1606273200 [ RunTime:0.001677s ]
[2020-11-26T10:48:01+08:00][sql] SELECT COUNT(`id`) AS think_count FROM `yh_record` WHERE  `intime` >= 1606273200  AND `intime` <= 1606276800 [ RunTime:0.001428s ]
[2020-11-26T10:48:01+08:00][sql] SELECT COUNT(`id`) AS think_count FROM `yh_record` WHERE  `intime` >= 1606276800  AND `intime` <= 1606280400 [ RunTime:0.002269s ]
[2020-11-26T10:48:01+08:00][sql] SHOW FULL COLUMNS FROM `yh_business` [ RunTime:0.004341s ]
[2020-11-26T10:48:01+08:00][sql] SELECT COUNT(*) AS think_count FROM `yh_business` WHERE  `type` = 1 [ RunTime:0.000939s ]
[2020-11-26T10:48:01+08:00][sql] SELECT COUNT(*) AS think_count FROM `yh_business` WHERE  `type` = 2 [ RunTime:0.000766s ]
[2020-11-26T10:48:01+08:00][sql] SELECT `user_uid`,`calltoday` FROM `yh_business` ORDER BY `calltoday` DESC LIMIT 5 [ RunTime:0.000816s ]
[2020-11-26T10:48:17+08:00][sql] CONNECT:[ UseTime:0.001743s ] mysql:host=127.0.0.1;port=3306;dbname=jifei_ymcx_shop;charset=utf8
[2020-11-26T10:48:17+08:00][sql] SHOW FULL COLUMNS FROM `yh_admin` [ RunTime:0.002236s ]
[2020-11-26T10:48:17+08:00][sql] SELECT * FROM `yh_admin` WHERE  `id` = 1 LIMIT 1 [ RunTime:0.000656s ]
[2020-11-26T10:48:17+08:00][sql] SHOW FULL COLUMNS FROM `yh_webpz` [ RunTime:0.001987s ]
[2020-11-26T10:48:17+08:00][sql] SELECT * FROM `yh_webpz` WHERE  `id` = 1 LIMIT 1 [ RunTime:0.006656s ]
[2020-11-26T10:48:17+08:00][sql] SHOW FULL COLUMNS FROM `yh_user` [ RunTime:0.003467s ]
[2020-11-26T10:48:17+08:00][sql] SELECT COUNT(*) AS think_count FROM `yh_user` [ RunTime:0.000638s ]
[2020-11-26T10:48:17+08:00][sql] SELECT * FROM `yh_user` ORDER BY `id` DESC LIMIT 0,15 [ RunTime:0.000533s ]
[2020-11-26T10:48:17+08:00][sql] SHOW FULL COLUMNS FROM `yh_business` [ RunTime:0.001855s ]
[2020-11-26T10:48:17+08:00][sql] SELECT `user_uid` FROM `yh_business` WHERE  `id` = 48 LIMIT 1 [ RunTime:0.003011s ]
[2020-11-26T10:48:17+08:00][sql] SELECT `user_uid` FROM `yh_business` WHERE  `id` = 47 LIMIT 1 [ RunTime:0.004312s ]
[2020-11-26T10:48:17+08:00][sql] SELECT `user_uid` FROM `yh_business` WHERE  `id` = 46 LIMIT 1 [ RunTime:0.000633s ]
[2020-11-26T10:48:17+08:00][sql] SELECT `user_uid` FROM `yh_business` WHERE  `id` = 45 LIMIT 1 [ RunTime:0.001020s ]
[2020-11-26T10:48:17+08:00][sql] SELECT `user_uid` FROM `yh_business` WHERE  `id` = 44 LIMIT 1 [ RunTime:0.000707s ]
[2020-11-26T10:48:17+08:00][sql] SELECT `user_uid` FROM `yh_business` WHERE  `id` = 43 LIMIT 1 [ RunTime:0.000628s ]
[2020-11-26T10:48:17+08:00][sql] SELECT `user_uid` FROM `yh_business` WHERE  `id` = 42 LIMIT 1 [ RunTime:0.000713s ]
[2020-11-26T10:48:17+08:00][sql] SELECT `user_uid` FROM `yh_business` WHERE  `id` = 41 LIMIT 1 [ RunTime:0.000551s ]
[2020-11-26T10:48:17+08:00][sql] SELECT `user_uid` FROM `yh_business` WHERE  `id` = 40 LIMIT 1 [ RunTime:0.000648s ]
[2020-11-26T10:48:17+08:00][sql] SELECT `user_uid` FROM `yh_business` WHERE  `id` = 39 LIMIT 1 [ RunTime:0.000500s ]
[2020-11-26T10:48:17+08:00][sql] SELECT `user_uid` FROM `yh_business` WHERE  `id` = 38 LIMIT 1 [ RunTime:0.000467s ]
[2020-11-26T10:48:17+08:00][sql] SELECT `user_uid` FROM `yh_business` WHERE  `id` = 37 LIMIT 1 [ RunTime:0.000677s ]
[2020-11-26T10:48:17+08:00][sql] SELECT `user_uid` FROM `yh_business` WHERE  `id` = 36 LIMIT 1 [ RunTime:0.000479s ]
[2020-11-26T10:48:17+08:00][sql] SELECT `user_uid` FROM `yh_business` WHERE  `id` = 35 LIMIT 1 [ RunTime:0.000494s ]
[2020-11-26T10:48:17+08:00][sql] SELECT `user_uid` FROM `yh_business` WHERE  `id` = 34 LIMIT 1 [ RunTime:0.000772s ]
[2020-11-26T10:48:18+08:00][sql] CONNECT:[ UseTime:0.003613s ] mysql:host=127.0.0.1;port=3306;dbname=jifei_ymcx_shop;charset=utf8
[2020-11-26T10:48:18+08:00][sql] SHOW FULL COLUMNS FROM `yh_admin` [ RunTime:0.004292s ]
[2020-11-26T10:48:18+08:00][sql] SELECT * FROM `yh_admin` WHERE  `id` = 1 LIMIT 1 [ RunTime:0.024977s ]
[2020-11-26T10:48:18+08:00][sql] SHOW FULL COLUMNS FROM `yh_webpz` [ RunTime:0.005411s ]
[2020-11-26T10:48:18+08:00][sql] SELECT * FROM `yh_webpz` WHERE  `id` = 1 LIMIT 1 [ RunTime:0.000627s ]
[2020-11-26T10:48:18+08:00][sql] SHOW FULL COLUMNS FROM `yh_user` [ RunTime:0.001902s ]
[2020-11-26T10:48:18+08:00][sql] SELECT COUNT(*) AS think_count FROM `yh_user` [ RunTime:0.000787s ]
[2020-11-26T10:48:18+08:00][sql] SELECT * FROM `yh_user` ORDER BY `id` DESC LIMIT 0,15 [ RunTime:0.000521s ]
[2020-11-26T10:48:18+08:00][sql] SHOW FULL COLUMNS FROM `yh_business` [ RunTime:0.003079s ]
[2020-11-26T10:48:18+08:00][sql] SELECT `user_uid` FROM `yh_business` WHERE  `id` = 48 LIMIT 1 [ RunTime:0.000772s ]
[2020-11-26T10:48:18+08:00][sql] SELECT `user_uid` FROM `yh_business` WHERE  `id` = 47 LIMIT 1 [ RunTime:0.000644s ]
[2020-11-26T10:48:18+08:00][sql] SELECT `user_uid` FROM `yh_business` WHERE  `id` = 46 LIMIT 1 [ RunTime:0.000734s ]
[2020-11-26T10:48:18+08:00][sql] SELECT `user_uid` FROM `yh_business` WHERE  `id` = 45 LIMIT 1 [ RunTime:0.000673s ]
[2020-11-26T10:48:18+08:00][sql] SELECT `user_uid` FROM `yh_business` WHERE  `id` = 44 LIMIT 1 [ RunTime:0.000719s ]
[2020-11-26T10:48:18+08:00][sql] SELECT `user_uid` FROM `yh_business` WHERE  `id` = 43 LIMIT 1 [ RunTime:0.000633s ]
[2020-11-26T10:48:18+08:00][sql] SELECT `user_uid` FROM `yh_business` WHERE  `id` = 42 LIMIT 1 [ RunTime:0.000716s ]
[2020-11-26T10:48:18+08:00][sql] SELECT `user_uid` FROM `yh_business` WHERE  `id` = 41 LIMIT 1 [ RunTime:0.000650s ]
[2020-11-26T10:48:18+08:00][sql] SELECT `user_uid` FROM `yh_business` WHERE  `id` = 40 LIMIT 1 [ RunTime:0.000633s ]
[2020-11-26T10:48:18+08:00][sql] SELECT `user_uid` FROM `yh_business` WHERE  `id` = 39 LIMIT 1 [ RunTime:0.000631s ]
[2020-11-26T10:48:18+08:00][sql] SELECT `user_uid` FROM `yh_business` WHERE  `id` = 38 LIMIT 1 [ RunTime:0.001253s ]
[2020-11-26T10:48:18+08:00][sql] SELECT `user_uid` FROM `yh_business` WHERE  `id` = 37 LIMIT 1 [ RunTime:0.000652s ]
[2020-11-26T10:48:18+08:00][sql] SELECT `user_uid` FROM `yh_business` WHERE  `id` = 36 LIMIT 1 [ RunTime:0.000669s ]
[2020-11-26T10:48:18+08:00][sql] SELECT `user_uid` FROM `yh_business` WHERE  `id` = 35 LIMIT 1 [ RunTime:0.000659s ]
[2020-11-26T10:48:18+08:00][sql] SELECT `user_uid` FROM `yh_business` WHERE  `id` = 34 LIMIT 1 [ RunTime:0.000661s ]
[2020-11-26T10:48:24+08:00][sql] CONNECT:[ UseTime:0.005039s ] mysql:host=127.0.0.1;port=3306;dbname=jifei_ymcx_shop;charset=utf8
[2020-11-26T10:48:24+08:00][sql] SHOW FULL COLUMNS FROM `yh_admin` [ RunTime:0.007070s ]
[2020-11-26T10:48:24+08:00][sql] SELECT * FROM `yh_admin` WHERE  `id` = 1 LIMIT 1 [ RunTime:0.016550s ]
[2020-11-26T10:48:24+08:00][sql] SHOW FULL COLUMNS FROM `yh_webpz` [ RunTime:0.008210s ]
[2020-11-26T10:48:24+08:00][sql] SELECT * FROM `yh_webpz` WHERE  `id` = 1 LIMIT 1 [ RunTime:0.001454s ]
[2020-11-26T10:48:24+08:00][sql] SHOW FULL COLUMNS FROM `yh_user` [ RunTime:0.005607s ]
[2020-11-26T10:48:24+08:00][sql] SELECT COUNT(*) AS think_count FROM `yh_user` [ RunTime:0.000855s ]
[2020-11-26T10:48:24+08:00][sql] SELECT * FROM `yh_user` ORDER BY `id` DESC LIMIT 15,15 [ RunTime:0.000789s ]
[2020-11-26T10:48:24+08:00][sql] SHOW FULL COLUMNS FROM `yh_business` [ RunTime:0.005075s ]
[2020-11-26T10:48:24+08:00][sql] SELECT `user_uid` FROM `yh_business` WHERE  `id` = 33 LIMIT 1 [ RunTime:0.000846s ]
[2020-11-26T10:48:24+08:00][sql] SELECT `user_uid` FROM `yh_business` WHERE  `id` = 32 LIMIT 1 [ RunTime:0.000756s ]
[2020-11-26T10:48:24+08:00][sql] SELECT `user_uid` FROM `yh_business` WHERE  `id` = 31 LIMIT 1 [ RunTime:0.000720s ]
[2020-11-26T10:48:24+08:00][sql] SELECT `user_uid` FROM `yh_business` WHERE  `id` = 30 LIMIT 1 [ RunTime:0.000716s ]
[2020-11-26T10:48:24+08:00][sql] SELECT `user_uid` FROM `yh_business` WHERE  `id` = 29 LIMIT 1 [ RunTime:0.000598s ]
[2020-11-26T10:48:24+08:00][sql] SELECT `user_uid` FROM `yh_business` WHERE  `id` = 28 LIMIT 1 [ RunTime:0.000848s ]
[2020-11-26T10:48:24+08:00][sql] SELECT `user_uid` FROM `yh_business` WHERE  `id` = 27 LIMIT 1 [ RunTime:0.000633s ]
[2020-11-26T10:48:24+08:00][sql] SELECT `user_uid` FROM `yh_business` WHERE  `id` = 26 LIMIT 1 [ RunTime:0.000558s ]
[2020-11-26T10:48:24+08:00][sql] SELECT `user_uid` FROM `yh_business` WHERE  `id` = 25 LIMIT 1 [ RunTime:0.002699s ]
[2020-11-26T10:48:24+08:00][sql] SELECT `user_uid` FROM `yh_business` WHERE  `id` = 24 LIMIT 1 [ RunTime:0.000551s ]
[2020-11-26T10:48:24+08:00][sql] SELECT `user_uid` FROM `yh_business` WHERE  `id` = 23 LIMIT 1 [ RunTime:0.000618s ]
[2020-11-26T10:48:24+08:00][sql] SELECT `user_uid` FROM `yh_business` WHERE  `id` = 22 LIMIT 1 [ RunTime:0.000921s ]
[2020-11-26T10:48:24+08:00][sql] SELECT `user_uid` FROM `yh_business` WHERE  `id` = 21 LIMIT 1 [ RunTime:0.000766s ]
[2020-11-26T10:48:24+08:00][sql] SELECT `user_uid` FROM `yh_business` WHERE  `id` = 20 LIMIT 1 [ RunTime:0.000674s ]
[2020-11-26T10:48:24+08:00][sql] SELECT `user_uid` FROM `yh_business` WHERE  `id` = 19 LIMIT 1 [ RunTime:0.000488s ]
[2020-11-26T10:48:27+08:00][sql] CONNECT:[ UseTime:0.001522s ] mysql:host=127.0.0.1;port=3306;dbname=jifei_ymcx_shop;charset=utf8
[2020-11-26T10:48:27+08:00][sql] SHOW FULL COLUMNS FROM `yh_admin` [ RunTime:0.004502s ]
[2020-11-26T10:48:27+08:00][sql] SELECT * FROM `yh_admin` WHERE  `id` = 1 LIMIT 1 [ RunTime:0.002305s ]
[2020-11-26T10:48:27+08:00][sql] SHOW FULL COLUMNS FROM `yh_webpz` [ RunTime:0.006695s ]
[2020-11-26T10:48:27+08:00][sql] SELECT * FROM `yh_webpz` WHERE  `id` = 1 LIMIT 1 [ RunTime:0.002599s ]
[2020-11-26T10:48:27+08:00][sql] SHOW FULL COLUMNS FROM `yh_user` [ RunTime:0.001739s ]
[2020-11-26T10:48:27+08:00][sql] SELECT COUNT(*) AS think_count FROM `yh_user` [ RunTime:0.000439s ]
[2020-11-26T10:48:27+08:00][sql] SELECT * FROM `yh_user` ORDER BY `id` DESC LIMIT 0,15 [ RunTime:0.000767s ]
[2020-11-26T10:48:27+08:00][sql] SHOW FULL COLUMNS FROM `yh_business` [ RunTime:0.002252s ]
[2020-11-26T10:48:27+08:00][sql] SELECT `user_uid` FROM `yh_business` WHERE  `id` = 48 LIMIT 1 [ RunTime:0.002454s ]
[2020-11-26T10:48:27+08:00][sql] SELECT `user_uid` FROM `yh_business` WHERE  `id` = 47 LIMIT 1 [ RunTime:0.000464s ]
[2020-11-26T10:48:27+08:00][sql] SELECT `user_uid` FROM `yh_business` WHERE  `id` = 46 LIMIT 1 [ RunTime:0.000340s ]
[2020-11-26T10:48:27+08:00][sql] SELECT `user_uid` FROM `yh_business` WHERE  `id` = 45 LIMIT 1 [ RunTime:0.000466s ]
[2020-11-26T10:48:27+08:00][sql] SELECT `user_uid` FROM `yh_business` WHERE  `id` = 44 LIMIT 1 [ RunTime:0.001535s ]
[2020-11-26T10:48:27+08:00][sql] SELECT `user_uid` FROM `yh_business` WHERE  `id` = 43 LIMIT 1 [ RunTime:0.000404s ]
[2020-11-26T10:48:27+08:00][sql] SELECT `user_uid` FROM `yh_business` WHERE  `id` = 42 LIMIT 1 [ RunTime:0.000474s ]
[2020-11-26T10:48:27+08:00][sql] SELECT `user_uid` FROM `yh_business` WHERE  `id` = 41 LIMIT 1 [ RunTime:0.000377s ]
[2020-11-26T10:48:27+08:00][sql] SELECT `user_uid` FROM `yh_business` WHERE  `id` = 40 LIMIT 1 [ RunTime:0.001456s ]
[2020-11-26T10:48:27+08:00][sql] SELECT `user_uid` FROM `yh_business` WHERE  `id` = 39 LIMIT 1 [ RunTime:0.000472s ]
[2020-11-26T10:48:27+08:00][sql] SELECT `user_uid` FROM `yh_business` WHERE  `id` = 38 LIMIT 1 [ RunTime:0.000486s ]
[2020-11-26T10:48:27+08:00][sql] SELECT `user_uid` FROM `yh_business` WHERE  `id` = 37 LIMIT 1 [ RunTime:0.000455s ]
[2020-11-26T10:48:27+08:00][sql] SELECT `user_uid` FROM `yh_business` WHERE  `id` = 36 LIMIT 1 [ RunTime:0.000417s ]
[2020-11-26T10:48:27+08:00][sql] SELECT `user_uid` FROM `yh_business` WHERE  `id` = 35 LIMIT 1 [ RunTime:0.000409s ]
[2020-11-26T10:48:27+08:00][sql] SELECT `user_uid` FROM `yh_business` WHERE  `id` = 34 LIMIT 1 [ RunTime:0.000464s ]
[2020-11-26T10:48:28+08:00][sql] CONNECT:[ UseTime:0.002534s ] mysql:host=127.0.0.1;port=3306;dbname=jifei_ymcx_shop;charset=utf8
[2020-11-26T10:48:28+08:00][sql] SHOW FULL COLUMNS FROM `yh_admin` [ RunTime:0.002255s ]
[2020-11-26T10:48:28+08:00][sql] SELECT * FROM `yh_admin` WHERE  `id` = 1 LIMIT 1 [ RunTime:0.000652s ]
[2020-11-26T10:48:28+08:00][sql] SHOW FULL COLUMNS FROM `yh_webpz` [ RunTime:0.002163s ]
[2020-11-26T10:48:28+08:00][sql] SELECT * FROM `yh_webpz` WHERE  `id` = 1 LIMIT 1 [ RunTime:0.000625s ]
[2020-11-26T10:48:28+08:00][sql] SHOW FULL COLUMNS FROM `yh_user` [ RunTime:0.002479s ]
[2020-11-26T10:48:28+08:00][sql] SELECT COUNT(*) AS think_count FROM `yh_user` [ RunTime:0.000746s ]
[2020-11-26T10:48:28+08:00][sql] SHOW FULL COLUMNS FROM `yh_order` [ RunTime:0.002307s ]
[2020-11-26T10:48:28+08:00][sql] SELECT SUM(`payment`) AS think_sum FROM `yh_order` WHERE  `status` = 1 [ RunTime:0.000708s ]
[2020-11-26T10:48:28+08:00][sql] SELECT SUM(`payment`) AS think_sum FROM `yh_order` WHERE  `intime` <= 1604160000  AND `intime` >= 1601481600  AND `status` = 1 [ RunTime:0.001014s ]
[2020-11-26T10:48:28+08:00][sql] SELECT SUM(`payment`) AS think_sum FROM `yh_order` WHERE  `intime` >= 1604160000  AND `status` = 1 [ RunTime:0.000688s ]
[2020-11-26T10:48:28+08:00][sql] SHOW FULL COLUMNS FROM `yh_information` [ RunTime:0.002237s ]
[2020-11-26T10:48:28+08:00][sql] SELECT COUNT(*) AS think_count FROM `yh_information` [ RunTime:0.000846s ]
[2020-11-26T10:48:28+08:00][sql] SHOW FULL COLUMNS FROM `yh_record` [ RunTime:0.003570s ]
[2020-11-26T10:48:28+08:00][sql] SELECT COUNT(*) AS think_count FROM `yh_record` WHERE  `intime` >= 1606320000 [ RunTime:0.003874s ]
[2020-11-26T10:48:28+08:00][sql] SHOW FULL COLUMNS FROM `yh_business` [ RunTime:0.004488s ]
[2020-11-26T10:48:28+08:00][sql] SELECT COUNT(*) AS think_count FROM `yh_business` WHERE  `type` = 1 [ RunTime:0.003896s ]
[2020-11-26T10:48:28+08:00][sql] SELECT COUNT(*) AS think_count FROM `yh_business` WHERE  `type` = 2 [ RunTime:0.001180s ]
[2020-11-26T10:48:28+08:00][sql] CONNECT:[ UseTime:0.006803s ] mysql:host=127.0.0.1;port=3306;dbname=jifei_ymcx_shop;charset=utf8
[2020-11-26T10:48:28+08:00][sql] SHOW FULL COLUMNS FROM `yh_admin` [ RunTime:0.005066s ]
[2020-11-26T10:48:28+08:00][sql] SELECT * FROM `yh_admin` WHERE  `id` = 1 LIMIT 1 [ RunTime:0.000642s ]
[2020-11-26T10:48:28+08:00][sql] SHOW FULL COLUMNS FROM `yh_webpz` [ RunTime:0.002062s ]
[2020-11-26T10:48:28+08:00][sql] SELECT * FROM `yh_webpz` WHERE  `id` = 1 LIMIT 1 [ RunTime:0.000561s ]
[2020-11-26T10:48:28+08:00][sql] SHOW FULL COLUMNS FROM `yh_record` [ RunTime:0.004641s ]
[2020-11-26T10:48:28+08:00][sql] SELECT COUNT(`id`) AS think_count FROM `yh_record` WHERE  `intime` >= 1606323600  AND `intime` <= 1606327200 [ RunTime:0.005270s ]
[2020-11-26T10:48:28+08:00][sql] SELECT COUNT(`id`) AS think_count FROM `yh_record` WHERE  `intime` >= 1606327200  AND `intime` <= 1606330800 [ RunTime:0.002989s ]
[2020-11-26T10:48:28+08:00][sql] SELECT COUNT(`id`) AS think_count FROM `yh_record` WHERE  `intime` >= 1606330800  AND `intime` <= 1606334400 [ RunTime:0.004438s ]
[2020-11-26T10:48:28+08:00][sql] SELECT COUNT(`id`) AS think_count FROM `yh_record` WHERE  `intime` >= 1606334400  AND `intime` <= 1606338000 [ RunTime:0.005162s ]
[2020-11-26T10:48:28+08:00][sql] SELECT COUNT(`id`) AS think_count FROM `yh_record` WHERE  `intime` >= 1606338000  AND `intime` <= 1606341600 [ RunTime:0.005056s ]
[2020-11-26T10:48:28+08:00][sql] SELECT COUNT(`id`) AS think_count FROM `yh_record` WHERE  `intime` >= 1606341600  AND `intime` <= 1606345200 [ RunTime:0.003926s ]
[2020-11-26T10:48:28+08:00][sql] SELECT COUNT(`id`) AS think_count FROM `yh_record` WHERE  `intime` >= 1606345200  AND `intime` <= 1606348800 [ RunTime:0.001897s ]
[2020-11-26T10:48:28+08:00][sql] SELECT COUNT(`id`) AS think_count FROM `yh_record` WHERE  `intime` >= 1606348800  AND `intime` <= 1606352400 [ RunTime:0.002467s ]
[2020-11-26T10:48:28+08:00][sql] SELECT COUNT(`id`) AS think_count FROM `yh_record` WHERE  `intime` >= 1606352400  AND `intime` <= 1606356000 [ RunTime:0.002453s ]
[2020-11-26T10:48:28+08:00][sql] SELECT COUNT(`id`) AS think_count FROM `yh_record` WHERE  `intime` >= 1606356000  AND `intime` <= 1606359600 [ RunTime:0.003656s ]
[2020-11-26T10:48:28+08:00][sql] SELECT COUNT(`id`) AS think_count FROM `yh_record` WHERE  `intime` >= 1606359600  AND `intime` <= 1606363200 [ RunTime:0.002957s ]
[2020-11-26T10:48:28+08:00][sql] SELECT COUNT(`id`) AS think_count FROM `yh_record` WHERE  `intime` >= 1606363200  AND `intime` <= 1606366800 [ RunTime:0.003242s ]
[2020-11-26T10:48:28+08:00][sql] SELECT COUNT(`id`) AS think_count FROM `yh_record` WHERE  `intime` >= 1606237200  AND `intime` <= 1606240800 [ RunTime:0.004057s ]
[2020-11-26T10:48:28+08:00][sql] SELECT COUNT(`id`) AS think_count FROM `yh_record` WHERE  `intime` >= 1606240800  AND `intime` <= 1606244400 [ RunTime:0.003355s ]
[2020-11-26T10:48:28+08:00][sql] SELECT COUNT(`id`) AS think_count FROM `yh_record` WHERE  `intime` >= 1606244400  AND `intime` <= 1606248000 [ RunTime:0.007840s ]
[2020-11-26T10:48:28+08:00][sql] SELECT COUNT(`id`) AS think_count FROM `yh_record` WHERE  `intime` >= 1606248000  AND `intime` <= 1606251600 [ RunTime:0.003928s ]
[2020-11-26T10:48:28+08:00][sql] SELECT COUNT(`id`) AS think_count FROM `yh_record` WHERE  `intime` >= 1606251600  AND `intime` <= 1606255200 [ RunTime:0.005384s ]
[2020-11-26T10:48:28+08:00][sql] SELECT COUNT(`id`) AS think_count FROM `yh_record` WHERE  `intime` >= 1606255200  AND `intime` <= 1606258800 [ RunTime:0.004593s ]
[2020-11-26T10:48:28+08:00][sql] SELECT COUNT(`id`) AS think_count FROM `yh_record` WHERE  `intime` >= 1606258800  AND `intime` <= 1606262400 [ RunTime:0.005267s ]
[2020-11-26T10:48:28+08:00][sql] SELECT COUNT(`id`) AS think_count FROM `yh_record` WHERE  `intime` >= 1606262400  AND `intime` <= 1606266000 [ RunTime:0.002645s ]
[2020-11-26T10:48:28+08:00][sql] SELECT COUNT(`id`) AS think_count FROM `yh_record` WHERE  `intime` >= 1606266000  AND `intime` <= 1606269600 [ RunTime:0.002275s ]
[2020-11-26T10:48:28+08:00][sql] SELECT COUNT(`id`) AS think_count FROM `yh_record` WHERE  `intime` >= 1606269600  AND `intime` <= 1606273200 [ RunTime:0.002200s ]
[2020-11-26T10:48:28+08:00][sql] SELECT COUNT(`id`) AS think_count FROM `yh_record` WHERE  `intime` >= 1606273200  AND `intime` <= 1606276800 [ RunTime:0.003300s ]
[2020-11-26T10:48:28+08:00][sql] SELECT COUNT(`id`) AS think_count FROM `yh_record` WHERE  `intime` >= 1606276800  AND `intime` <= 1606280400 [ RunTime:0.004227s ]
[2020-11-26T10:48:28+08:00][sql] SHOW FULL COLUMNS FROM `yh_business` [ RunTime:0.003578s ]
[2020-11-26T10:48:28+08:00][sql] SELECT COUNT(*) AS think_count FROM `yh_business` WHERE  `type` = 1 [ RunTime:0.000834s ]
[2020-11-26T10:48:28+08:00][sql] SELECT COUNT(*) AS think_count FROM `yh_business` WHERE  `type` = 2 [ RunTime:0.000612s ]
[2020-11-26T10:48:28+08:00][sql] SELECT `user_uid`,`calltoday` FROM `yh_business` ORDER BY `calltoday` DESC LIMIT 5 [ RunTime:0.000745s ]
[2020-11-26T10:48:47+08:00][sql] CONNECT:[ UseTime:0.001201s ] mysql:host=127.0.0.1;port=3306;dbname=jifei_ymcx_shop;charset=utf8
[2020-11-26T10:48:47+08:00][sql] SHOW FULL COLUMNS FROM `yh_admin` [ RunTime:0.002163s ]
[2020-11-26T10:48:47+08:00][sql] SELECT * FROM `yh_admin` WHERE  `id` = 1 LIMIT 1 [ RunTime:0.000601s ]
[2020-11-26T10:48:47+08:00][sql] SHOW FULL COLUMNS FROM `yh_webpz` [ RunTime:0.004776s ]
[2020-11-26T10:48:47+08:00][sql] SELECT * FROM `yh_webpz` WHERE  `id` = 1 LIMIT 1 [ RunTime:0.002874s ]
[2020-11-26T10:48:47+08:00][sql] SHOW FULL COLUMNS FROM `yh_order` [ RunTime:0.001825s ]
[2020-11-26T10:48:47+08:00][sql] SELECT COUNT(*) AS think_count FROM `yh_order` [ RunTime:0.001675s ]
[2020-11-26T10:48:47+08:00][sql] SELECT * FROM `yh_order` ORDER BY `id` DESC LIMIT 0,15 [ RunTime:0.000605s ]
[2020-11-26T10:48:50+08:00][sql] CONNECT:[ UseTime:0.000801s ] mysql:host=127.0.0.1;port=3306;dbname=jifei_ymcx_shop;charset=utf8
[2020-11-26T10:48:50+08:00][sql] SHOW FULL COLUMNS FROM `yh_admin` [ RunTime:0.002669s ]
[2020-11-26T10:48:50+08:00][sql] SELECT * FROM `yh_admin` WHERE  `id` = 1 LIMIT 1 [ RunTime:0.000655s ]
[2020-11-26T10:48:50+08:00][sql] SHOW FULL COLUMNS FROM `yh_webpz` [ RunTime:0.002136s ]
[2020-11-26T10:48:50+08:00][sql] SELECT * FROM `yh_webpz` WHERE  `id` = 1 LIMIT 1 [ RunTime:0.000595s ]
[2020-11-26T10:48:50+08:00][sql] SHOW FULL COLUMNS FROM `yh_user` [ RunTime:0.006608s ]
[2020-11-26T10:48:50+08:00][sql] SELECT COUNT(*) AS think_count FROM `yh_user` [ RunTime:0.000686s ]
[2020-11-26T10:48:50+08:00][sql] SHOW FULL COLUMNS FROM `yh_order` [ RunTime:0.001884s ]
[2020-11-26T10:48:50+08:00][sql] SELECT SUM(`payment`) AS think_sum FROM `yh_order` WHERE  `status` = 1 [ RunTime:0.000703s ]
[2020-11-26T10:48:50+08:00][sql] SELECT SUM(`payment`) AS think_sum FROM `yh_order` WHERE  `intime` <= 1604160000  AND `intime` >= 1601481600  AND `status` = 1 [ RunTime:0.000683s ]
[2020-11-26T10:48:50+08:00][sql] SELECT SUM(`payment`) AS think_sum FROM `yh_order` WHERE  `intime` >= 1604160000  AND `status` = 1 [ RunTime:0.000650s ]
[2020-11-26T10:48:50+08:00][sql] SHOW FULL COLUMNS FROM `yh_information` [ RunTime:0.001935s ]
[2020-11-26T10:48:50+08:00][sql] SELECT COUNT(*) AS think_count FROM `yh_information` [ RunTime:0.000626s ]
[2020-11-26T10:48:50+08:00][sql] SHOW FULL COLUMNS FROM `yh_record` [ RunTime:0.001914s ]
[2020-11-26T10:48:50+08:00][sql] SELECT COUNT(*) AS think_count FROM `yh_record` WHERE  `intime` >= 1606320000 [ RunTime:0.001734s ]
[2020-11-26T10:48:50+08:00][sql] SHOW FULL COLUMNS FROM `yh_business` [ RunTime:0.001454s ]
[2020-11-26T10:48:50+08:00][sql] SELECT COUNT(*) AS think_count FROM `yh_business` WHERE  `type` = 1 [ RunTime:0.000483s ]
[2020-11-26T10:48:50+08:00][sql] SELECT COUNT(*) AS think_count FROM `yh_business` WHERE  `type` = 2 [ RunTime:0.000454s ]
[2020-11-26T10:48:50+08:00][sql] CONNECT:[ UseTime:0.004859s ] mysql:host=127.0.0.1;port=3306;dbname=jifei_ymcx_shop;charset=utf8
[2020-11-26T10:48:50+08:00][sql] SHOW FULL COLUMNS FROM `yh_admin` [ RunTime:0.006224s ]
[2020-11-26T10:48:50+08:00][sql] SELECT * FROM `yh_admin` WHERE  `id` = 1 LIMIT 1 [ RunTime:0.004127s ]
[2020-11-26T10:48:50+08:00][sql] SHOW FULL COLUMNS FROM `yh_webpz` [ RunTime:0.002688s ]
[2020-11-26T10:48:50+08:00][sql] SELECT * FROM `yh_webpz` WHERE  `id` = 1 LIMIT 1 [ RunTime:0.000783s ]
[2020-11-26T10:48:50+08:00][sql] SHOW FULL COLUMNS FROM `yh_record` [ RunTime:0.002454s ]
[2020-11-26T10:48:50+08:00][sql] SELECT COUNT(`id`) AS think_count FROM `yh_record` WHERE  `intime` >= 1606323600  AND `intime` <= 1606327200 [ RunTime:0.003537s ]
[2020-11-26T10:48:50+08:00][sql] SELECT COUNT(`id`) AS think_count FROM `yh_record` WHERE  `intime` >= 1606327200  AND `intime` <= 1606330800 [ RunTime:0.004421s ]
[2020-11-26T10:48:50+08:00][sql] SELECT COUNT(`id`) AS think_count FROM `yh_record` WHERE  `intime` >= 1606330800  AND `intime` <= 1606334400 [ RunTime:0.003880s ]
[2020-11-26T10:48:50+08:00][sql] SELECT COUNT(`id`) AS think_count FROM `yh_record` WHERE  `intime` >= 1606334400  AND `intime` <= 1606338000 [ RunTime:0.002183s ]
[2020-11-26T10:48:50+08:00][sql] SELECT COUNT(`id`) AS think_count FROM `yh_record` WHERE  `intime` >= 1606338000  AND `intime` <= 1606341600 [ RunTime:0.002625s ]
[2020-11-26T10:48:50+08:00][sql] SELECT COUNT(`id`) AS think_count FROM `yh_record` WHERE  `intime` >= 1606341600  AND `intime` <= 1606345200 [ RunTime:0.003585s ]
[2020-11-26T10:48:50+08:00][sql] SELECT COUNT(`id`) AS think_count FROM `yh_record` WHERE  `intime` >= 1606345200  AND `intime` <= 1606348800 [ RunTime:0.004610s ]
[2020-11-26T10:48:50+08:00][sql] SELECT COUNT(`id`) AS think_count FROM `yh_record` WHERE  `intime` >= 1606348800  AND `intime` <= 1606352400 [ RunTime:0.005020s ]
[2020-11-26T10:48:50+08:00][sql] SELECT COUNT(`id`) AS think_count FROM `yh_record` WHERE  `intime` >= 1606352400  AND `intime` <= 1606356000 [ RunTime:0.002391s ]
[2020-11-26T10:48:50+08:00][sql] SELECT COUNT(`id`) AS think_count FROM `yh_record` WHERE  `intime` >= 1606356000  AND `intime` <= 1606359600 [ RunTime:0.002355s ]
[2020-11-26T10:48:50+08:00][sql] SELECT COUNT(`id`) AS think_count FROM `yh_record` WHERE  `intime` >= 1606359600  AND `intime` <= 1606363200 [ RunTime:0.002381s ]
[2020-11-26T10:48:50+08:00][sql] SELECT COUNT(`id`) AS think_count FROM `yh_record` WHERE  `intime` >= 1606363200  AND `intime` <= 1606366800 [ RunTime:0.002332s ]
[2020-11-26T10:48:50+08:00][sql] SELECT COUNT(`id`) AS think_count FROM `yh_record` WHERE  `intime` >= 1606237200  AND `intime` <= 1606240800 [ RunTime:0.002363s ]
[2020-11-26T10:48:50+08:00][sql] SELECT COUNT(`id`) AS think_count FROM `yh_record` WHERE  `intime` >= 1606240800  AND `intime` <= 1606244400 [ RunTime:0.005430s ]
[2020-11-26T10:48:50+08:00][sql] SELECT COUNT(`id`) AS think_count FROM `yh_record` WHERE  `intime` >= 1606244400  AND `intime` <= 1606248000 [ RunTime:0.004584s ]
[2020-11-26T10:48:50+08:00][sql] SELECT COUNT(`id`) AS think_count FROM `yh_record` WHERE  `intime` >= 1606248000  AND `intime` <= 1606251600 [ RunTime:0.002261s ]
[2020-11-26T10:48:50+08:00][sql] SELECT COUNT(`id`) AS think_count FROM `yh_record` WHERE  `intime` >= 1606251600  AND `intime` <= 1606255200 [ RunTime:0.002337s ]
[2020-11-26T10:48:50+08:00][sql] SELECT COUNT(`id`) AS think_count FROM `yh_record` WHERE  `intime` >= 1606255200  AND `intime` <= 1606258800 [ RunTime:0.002236s ]
[2020-11-26T10:48:50+08:00][sql] SELECT COUNT(`id`) AS think_count FROM `yh_record` WHERE  `intime` >= 1606258800  AND `intime` <= 1606262400 [ RunTime:0.002644s ]
[2020-11-26T10:48:50+08:00][sql] SELECT COUNT(`id`) AS think_count FROM `yh_record` WHERE  `intime` >= 1606262400  AND `intime` <= 1606266000 [ RunTime:0.002875s ]
[2020-11-26T10:48:50+08:00][sql] SELECT COUNT(`id`) AS think_count FROM `yh_record` WHERE  `intime` >= 1606266000  AND `intime` <= 1606269600 [ RunTime:0.003878s ]
[2020-11-26T10:48:50+08:00][sql] SELECT COUNT(`id`) AS think_count FROM `yh_record` WHERE  `intime` >= 1606269600  AND `intime` <= 1606273200 [ RunTime:0.003941s ]
[2020-11-26T10:48:50+08:00][sql] SELECT COUNT(`id`) AS think_count FROM `yh_record` WHERE  `intime` >= 1606273200  AND `intime` <= 1606276800 [ RunTime:0.004516s ]
[2020-11-26T10:48:50+08:00][sql] SELECT COUNT(`id`) AS think_count FROM `yh_record` WHERE  `intime` >= 1606276800  AND `intime` <= 1606280400 [ RunTime:0.004287s ]
[2020-11-26T10:48:50+08:00][sql] SHOW FULL COLUMNS FROM `yh_business` [ RunTime:0.003816s ]
[2020-11-26T10:48:50+08:00][sql] SELECT COUNT(*) AS think_count FROM `yh_business` WHERE  `type` = 1 [ RunTime:0.000696s ]
[2020-11-26T10:48:50+08:00][sql] SELECT COUNT(*) AS think_count FROM `yh_business` WHERE  `type` = 2 [ RunTime:0.000610s ]
[2020-11-26T10:48:50+08:00][sql] SELECT `user_uid`,`calltoday` FROM `yh_business` ORDER BY `calltoday` DESC LIMIT 5 [ RunTime:0.000655s ]
[2020-11-26T10:48:53+08:00][sql] CONNECT:[ UseTime:0.001054s ] mysql:host=127.0.0.1;port=3306;dbname=jifei_ymcx_shop;charset=utf8
[2020-11-26T10:48:53+08:00][sql] SHOW FULL COLUMNS FROM `yh_admin` [ RunTime:0.002289s ]
[2020-11-26T10:48:53+08:00][sql] SELECT * FROM `yh_admin` WHERE  `id` = 1 LIMIT 1 [ RunTime:0.002214s ]
[2020-11-26T10:48:53+08:00][sql] SHOW FULL COLUMNS FROM `yh_webpz` [ RunTime:0.005533s ]
[2020-11-26T10:48:53+08:00][sql] SELECT * FROM `yh_webpz` WHERE  `id` = 1 LIMIT 1 [ RunTime:0.003442s ]
[2020-11-26T10:48:53+08:00][sql] SHOW FULL COLUMNS FROM `yh_order` [ RunTime:0.002622s ]
[2020-11-26T10:48:53+08:00][sql] SELECT COUNT(*) AS think_count FROM `yh_order` [ RunTime:0.000643s ]
[2020-11-26T10:48:53+08:00][sql] SELECT * FROM `yh_order` ORDER BY `id` DESC LIMIT 0,15 [ RunTime:0.000523s ]
[2020-11-26T10:49:00+08:00][sql] CONNECT:[ UseTime:0.005654s ] mysql:host=127.0.0.1;port=3306;dbname=jifei_ymcx_shop;charset=utf8
[2020-11-26T10:49:00+08:00][sql] SHOW FULL COLUMNS FROM `yh_admin` [ RunTime:0.005851s ]
[2020-11-26T10:49:00+08:00][sql] SELECT * FROM `yh_admin` WHERE  `id` = 1 LIMIT 1 [ RunTime:0.003990s ]
[2020-11-26T10:49:00+08:00][sql] SHOW FULL COLUMNS FROM `yh_webpz` [ RunTime:0.008577s ]
[2020-11-26T10:49:00+08:00][sql] SELECT * FROM `yh_webpz` WHERE  `id` = 1 LIMIT 1 [ RunTime:0.000878s ]
[2020-11-26T10:49:00+08:00][sql] SHOW FULL COLUMNS FROM `yh_order` [ RunTime:0.002272s ]
[2020-11-26T10:49:00+08:00][sql] DELETE FROM `yh_order` WHERE  `id` = 1.html [ RunTime:0.013046s ]
[2020-11-26T10:49:00+08:00][sql] CONNECT:[ UseTime:0.001026s ] mysql:host=127.0.0.1;port=3306;dbname=jifei_ymcx_shop;charset=utf8
[2020-11-26T10:49:00+08:00][sql] SHOW FULL COLUMNS FROM `yh_admin` [ RunTime:0.003008s ]
[2020-11-26T10:49:00+08:00][sql] SELECT * FROM `yh_admin` WHERE  `id` = 1 LIMIT 1 [ RunTime:0.000630s ]
[2020-11-26T10:49:00+08:00][sql] SHOW FULL COLUMNS FROM `yh_webpz` [ RunTime:0.004319s ]
[2020-11-26T10:49:00+08:00][sql] SELECT * FROM `yh_webpz` WHERE  `id` = 1 LIMIT 1 [ RunTime:0.000936s ]
[2020-11-26T10:49:00+08:00][sql] SHOW FULL COLUMNS FROM `yh_order` [ RunTime:0.002592s ]
[2020-11-26T10:49:00+08:00][sql] SELECT COUNT(*) AS think_count FROM `yh_order` [ RunTime:0.000475s ]
[2020-11-26T10:49:00+08:00][sql] SELECT * FROM `yh_order` ORDER BY `id` DESC LIMIT 0,15 [ RunTime:0.000494s ]
[2020-11-26T10:49:02+08:00][sql] CONNECT:[ UseTime:0.001266s ] mysql:host=127.0.0.1;port=3306;dbname=jifei_ymcx_shop;charset=utf8
[2020-11-26T10:49:02+08:00][sql] SHOW FULL COLUMNS FROM `yh_admin` [ RunTime:0.002086s ]
[2020-11-26T10:49:02+08:00][sql] SELECT * FROM `yh_admin` WHERE  `id` = 1 LIMIT 1 [ RunTime:0.015413s ]
[2020-11-26T10:49:02+08:00][sql] SHOW FULL COLUMNS FROM `yh_webpz` [ RunTime:0.002202s ]
[2020-11-26T10:49:02+08:00][sql] SELECT * FROM `yh_webpz` WHERE  `id` = 1 LIMIT 1 [ RunTime:0.000549s ]
[2020-11-26T10:49:02+08:00][sql] SHOW FULL COLUMNS FROM `yh_order` [ RunTime:0.001638s ]
[2020-11-26T10:49:02+08:00][sql] DELETE FROM `yh_order` WHERE  `id` = 2.html [ RunTime:0.027120s ]
[2020-11-26T10:49:02+08:00][sql] CONNECT:[ UseTime:0.001579s ] mysql:host=127.0.0.1;port=3306;dbname=jifei_ymcx_shop;charset=utf8
[2020-11-26T10:49:02+08:00][sql] SHOW FULL COLUMNS FROM `yh_admin` [ RunTime:0.003586s ]
[2020-11-26T10:49:02+08:00][sql] SELECT * FROM `yh_admin` WHERE  `id` = 1 LIMIT 1 [ RunTime:0.003135s ]
[2020-11-26T10:49:02+08:00][sql] SHOW FULL COLUMNS FROM `yh_webpz` [ RunTime:0.002881s ]
[2020-11-26T10:49:02+08:00][sql] SELECT * FROM `yh_webpz` WHERE  `id` = 1 LIMIT 1 [ RunTime:0.001017s ]
[2020-11-26T10:49:02+08:00][sql] SHOW FULL COLUMNS FROM `yh_order` [ RunTime:0.002986s ]
[2020-11-26T10:49:02+08:00][sql] SELECT COUNT(*) AS think_count FROM `yh_order` [ RunTime:0.000954s ]
[2020-11-26T10:49:02+08:00][sql] SELECT * FROM `yh_order` ORDER BY `id` DESC LIMIT 0,15 [ RunTime:0.000848s ]
[2020-11-26T10:49:03+08:00][sql] CONNECT:[ UseTime:0.001291s ] mysql:host=127.0.0.1;port=3306;dbname=jifei_ymcx_shop;charset=utf8
[2020-11-26T10:49:03+08:00][sql] SHOW FULL COLUMNS FROM `yh_admin` [ RunTime:0.001791s ]
[2020-11-26T10:49:03+08:00][sql] SELECT * FROM `yh_admin` WHERE  `id` = 1 LIMIT 1 [ RunTime:0.000594s ]
[2020-11-26T10:49:03+08:00][sql] SHOW FULL COLUMNS FROM `yh_webpz` [ RunTime:0.003506s ]
[2020-11-26T10:49:03+08:00][sql] SELECT * FROM `yh_webpz` WHERE  `id` = 1 LIMIT 1 [ RunTime:0.000642s ]
[2020-11-26T10:49:03+08:00][sql] SHOW FULL COLUMNS FROM `yh_order` [ RunTime:0.001975s ]
[2020-11-26T10:49:03+08:00][sql] DELETE FROM `yh_order` WHERE  `id` = 3.html [ RunTime:0.003842s ]
[2020-11-26T10:49:04+08:00][sql] CONNECT:[ UseTime:0.000885s ] mysql:host=127.0.0.1;port=3306;dbname=jifei_ymcx_shop;charset=utf8
[2020-11-26T10:49:04+08:00][sql] SHOW FULL COLUMNS FROM `yh_admin` [ RunTime:0.002026s ]
[2020-11-26T10:49:04+08:00][sql] SELECT * FROM `yh_admin` WHERE  `id` = 1 LIMIT 1 [ RunTime:0.000903s ]
[2020-11-26T10:49:04+08:00][sql] SHOW FULL COLUMNS FROM `yh_webpz` [ RunTime:0.002136s ]
[2020-11-26T10:49:04+08:00][sql] SELECT * FROM `yh_webpz` WHERE  `id` = 1 LIMIT 1 [ RunTime:0.000805s ]
[2020-11-26T10:49:04+08:00][sql] SHOW FULL COLUMNS FROM `yh_order` [ RunTime:0.002980s ]
[2020-11-26T10:49:04+08:00][sql] SELECT COUNT(*) AS think_count FROM `yh_order` [ RunTime:0.003692s ]
[2020-11-26T10:49:04+08:00][sql] SELECT * FROM `yh_order` ORDER BY `id` DESC LIMIT 0,15 [ RunTime:0.000569s ]
[2020-11-26T10:49:05+08:00][sql] CONNECT:[ UseTime:0.001469s ] mysql:host=127.0.0.1;port=3306;dbname=jifei_ymcx_shop;charset=utf8
[2020-11-26T10:49:05+08:00][sql] SHOW FULL COLUMNS FROM `yh_admin` [ RunTime:0.003897s ]
[2020-11-26T10:49:05+08:00][sql] SELECT * FROM `yh_admin` WHERE  `id` = 1 LIMIT 1 [ RunTime:0.000801s ]
[2020-11-26T10:49:05+08:00][sql] SHOW FULL COLUMNS FROM `yh_webpz` [ RunTime:0.003936s ]
[2020-11-26T10:49:05+08:00][sql] SELECT * FROM `yh_webpz` WHERE  `id` = 1 LIMIT 1 [ RunTime:0.000843s ]
[2020-11-26T10:49:05+08:00][sql] SHOW FULL COLUMNS FROM `yh_order` [ RunTime:0.002662s ]
[2020-11-26T10:49:05+08:00][sql] DELETE FROM `yh_order` WHERE  `id` = 4.html [ RunTime:0.018474s ]
[2020-11-26T10:49:05+08:00][sql] CONNECT:[ UseTime:0.001646s ] mysql:host=127.0.0.1;port=3306;dbname=jifei_ymcx_shop;charset=utf8
[2020-11-26T10:49:05+08:00][sql] SHOW FULL COLUMNS FROM `yh_admin` [ RunTime:0.001729s ]
[2020-11-26T10:49:05+08:00][sql] SELECT * FROM `yh_admin` WHERE  `id` = 1 LIMIT 1 [ RunTime:0.000760s ]
[2020-11-26T10:49:05+08:00][sql] SHOW FULL COLUMNS FROM `yh_webpz` [ RunTime:0.001584s ]
[2020-11-26T10:49:05+08:00][sql] SELECT * FROM `yh_webpz` WHERE  `id` = 1 LIMIT 1 [ RunTime:0.000838s ]
[2020-11-26T10:49:05+08:00][sql] SHOW FULL COLUMNS FROM `yh_order` [ RunTime:0.001709s ]
[2020-11-26T10:49:05+08:00][sql] SELECT COUNT(*) AS think_count FROM `yh_order` [ RunTime:0.000481s ]
[2020-11-26T10:49:05+08:00][sql] SELECT * FROM `yh_order` ORDER BY `id` DESC LIMIT 0,15 [ RunTime:0.000517s ]
[2020-11-26T10:49:05+08:00][sql] CONNECT:[ UseTime:0.002309s ] mysql:host=127.0.0.1;port=3306;dbname=jifei_ymcx_shop;charset=utf8
[2020-11-26T10:49:05+08:00][sql] SHOW FULL COLUMNS FROM `yh_admin` [ RunTime:0.006758s ]
[2020-11-26T10:49:05+08:00][sql] SELECT * FROM `yh_admin` WHERE  `id` = 1 LIMIT 1 [ RunTime:0.014144s ]
[2020-11-26T10:49:05+08:00][sql] SHOW FULL COLUMNS FROM `yh_webpz` [ RunTime:0.002516s ]
[2020-11-26T10:49:05+08:00][sql] SELECT * FROM `yh_webpz` WHERE  `id` = 1 LIMIT 1 [ RunTime:0.000629s ]
[2020-11-26T10:49:05+08:00][sql] SHOW FULL COLUMNS FROM `yh_order` [ RunTime:0.002154s ]
[2020-11-26T10:49:05+08:00][sql] DELETE FROM `yh_order` WHERE  `id` = 5.html [ RunTime:0.005168s ]
[2020-11-26T10:49:06+08:00][sql] CONNECT:[ UseTime:0.001437s ] mysql:host=127.0.0.1;port=3306;dbname=jifei_ymcx_shop;charset=utf8
[2020-11-26T10:49:06+08:00][sql] SHOW FULL COLUMNS FROM `yh_admin` [ RunTime:0.002331s ]
[2020-11-26T10:49:06+08:00][sql] SELECT * FROM `yh_admin` WHERE  `id` = 1 LIMIT 1 [ RunTime:0.000766s ]
[2020-11-26T10:49:06+08:00][sql] SHOW FULL COLUMNS FROM `yh_webpz` [ RunTime:0.002099s ]
[2020-11-26T10:49:06+08:00][sql] SELECT * FROM `yh_webpz` WHERE  `id` = 1 LIMIT 1 [ RunTime:0.000730s ]
[2020-11-26T10:49:06+08:00][sql] SHOW FULL COLUMNS FROM `yh_order` [ RunTime:0.003303s ]
[2020-11-26T10:49:06+08:00][sql] DELETE FROM `yh_order` WHERE  `id` = 5.html [ RunTime:0.001199s ]
[2020-11-26T10:49:06+08:00][sql] CONNECT:[ UseTime:0.001385s ] mysql:host=127.0.0.1;port=3306;dbname=jifei_ymcx_shop;charset=utf8
[2020-11-26T10:49:06+08:00][sql] SHOW FULL COLUMNS FROM `yh_admin` [ RunTime:0.002139s ]
[2020-11-26T10:49:06+08:00][sql] SELECT * FROM `yh_admin` WHERE  `id` = 1 LIMIT 1 [ RunTime:0.000721s ]
[2020-11-26T10:49:06+08:00][sql] SHOW FULL COLUMNS FROM `yh_webpz` [ RunTime:0.003412s ]
[2020-11-26T10:49:06+08:00][sql] SELECT * FROM `yh_webpz` WHERE  `id` = 1 LIMIT 1 [ RunTime:0.003610s ]
[2020-11-26T10:49:06+08:00][sql] SHOW FULL COLUMNS FROM `yh_order` [ RunTime:0.001790s ]
[2020-11-26T10:49:06+08:00][sql] SELECT COUNT(*) AS think_count FROM `yh_order` [ RunTime:0.001094s ]
[2020-11-26T10:49:06+08:00][sql] SELECT * FROM `yh_order` ORDER BY `id` DESC LIMIT 0,15 [ RunTime:0.000718s ]
[2020-11-26T10:49:06+08:00][sql] CONNECT:[ UseTime:0.004058s ] mysql:host=127.0.0.1;port=3306;dbname=jifei_ymcx_shop;charset=utf8
[2020-11-26T10:49:06+08:00][sql] SHOW FULL COLUMNS FROM `yh_admin` [ RunTime:0.005596s ]
[2020-11-26T10:49:06+08:00][sql] SELECT * FROM `yh_admin` WHERE  `id` = 1 LIMIT 1 [ RunTime:0.004487s ]
[2020-11-26T10:49:06+08:00][sql] SHOW FULL COLUMNS FROM `yh_webpz` [ RunTime:0.002440s ]
[2020-11-26T10:49:06+08:00][sql] SELECT * FROM `yh_webpz` WHERE  `id` = 1 LIMIT 1 [ RunTime:0.000598s ]
[2020-11-26T10:49:06+08:00][sql] SHOW FULL COLUMNS FROM `yh_order` [ RunTime:0.002613s ]
[2020-11-26T10:49:06+08:00][sql] DELETE FROM `yh_order` WHERE  `id` = 6.html [ RunTime:0.025077s ]
[2020-11-26T10:49:06+08:00][sql] CONNECT:[ UseTime:0.000966s ] mysql:host=127.0.0.1;port=3306;dbname=jifei_ymcx_shop;charset=utf8
[2020-11-26T10:49:06+08:00][sql] SHOW FULL COLUMNS FROM `yh_admin` [ RunTime:0.002246s ]
[2020-11-26T10:49:06+08:00][sql] SELECT * FROM `yh_admin` WHERE  `id` = 1 LIMIT 1 [ RunTime:0.000591s ]
[2020-11-26T10:49:06+08:00][sql] SHOW FULL COLUMNS FROM `yh_webpz` [ RunTime:0.002995s ]
[2020-11-26T10:49:06+08:00][sql] SELECT * FROM `yh_webpz` WHERE  `id` = 1 LIMIT 1 [ RunTime:0.001570s ]
[2020-11-26T10:49:06+08:00][sql] SHOW FULL COLUMNS FROM `yh_order` [ RunTime:0.002591s ]
[2020-11-26T10:49:06+08:00][sql] SELECT COUNT(*) AS think_count FROM `yh_order` [ RunTime:0.000953s ]
[2020-11-26T10:49:06+08:00][sql] SELECT * FROM `yh_order` ORDER BY `id` DESC LIMIT 0,15 [ RunTime:0.001157s ]
[2020-11-26T10:49:07+08:00][sql] CONNECT:[ UseTime:0.004214s ] mysql:host=127.0.0.1;port=3306;dbname=jifei_ymcx_shop;charset=utf8
[2020-11-26T10:49:07+08:00][sql] SHOW FULL COLUMNS FROM `yh_admin` [ RunTime:0.004410s ]
[2020-11-26T10:49:07+08:00][sql] SELECT * FROM `yh_admin` WHERE  `id` = 1 LIMIT 1 [ RunTime:0.001523s ]
[2020-11-26T10:49:07+08:00][sql] SHOW FULL COLUMNS FROM `yh_webpz` [ RunTime:0.002473s ]
[2020-11-26T10:49:07+08:00][sql] SELECT * FROM `yh_webpz` WHERE  `id` = 1 LIMIT 1 [ RunTime:0.000975s ]
[2020-11-26T10:49:07+08:00][sql] SHOW FULL COLUMNS FROM `yh_order` [ RunTime:0.002493s ]
[2020-11-26T10:49:07+08:00][sql] DELETE FROM `yh_order` WHERE  `id` = 7.html [ RunTime:0.012054s ]
[2020-11-26T10:49:07+08:00][sql] CONNECT:[ UseTime:0.001144s ] mysql:host=127.0.0.1;port=3306;dbname=jifei_ymcx_shop;charset=utf8
[2020-11-26T10:49:07+08:00][sql] SHOW FULL COLUMNS FROM `yh_admin` [ RunTime:0.002028s ]
[2020-11-26T10:49:07+08:00][sql] SELECT * FROM `yh_admin` WHERE  `id` = 1 LIMIT 1 [ RunTime:0.000661s ]
[2020-11-26T10:49:07+08:00][sql] SHOW FULL COLUMNS FROM `yh_webpz` [ RunTime:0.001938s ]
[2020-11-26T10:49:07+08:00][sql] SELECT * FROM `yh_webpz` WHERE  `id` = 1 LIMIT 1 [ RunTime:0.000724s ]
[2020-11-26T10:49:07+08:00][sql] SHOW FULL COLUMNS FROM `yh_order` [ RunTime:0.001728s ]
[2020-11-26T10:49:07+08:00][sql] SELECT COUNT(*) AS think_count FROM `yh_order` [ RunTime:0.000532s ]
[2020-11-26T10:49:07+08:00][sql] SELECT * FROM `yh_order` ORDER BY `id` DESC LIMIT 0,15 [ RunTime:0.000474s ]
[2020-11-26T10:49:09+08:00][sql] CONNECT:[ UseTime:0.001153s ] mysql:host=127.0.0.1;port=3306;dbname=jifei_ymcx_shop;charset=utf8
[2020-11-26T10:49:09+08:00][sql] SHOW FULL COLUMNS FROM `yh_admin` [ RunTime:0.002823s ]
[2020-11-26T10:49:09+08:00][sql] SELECT * FROM `yh_admin` WHERE  `id` = 1 LIMIT 1 [ RunTime:0.000811s ]
[2020-11-26T10:49:09+08:00][sql] SHOW FULL COLUMNS FROM `yh_webpz` [ RunTime:0.002611s ]
[2020-11-26T10:49:09+08:00][sql] SELECT * FROM `yh_webpz` WHERE  `id` = 1 LIMIT 1 [ RunTime:0.000948s ]
[2020-11-26T10:49:09+08:00][sql] SHOW FULL COLUMNS FROM `yh_order` [ RunTime:0.002031s ]
[2020-11-26T10:49:09+08:00][sql] DELETE FROM `yh_order` WHERE  `id` = 8.html [ RunTime:0.013547s ]
[2020-11-26T10:49:10+08:00][sql] CONNECT:[ UseTime:0.001096s ] mysql:host=127.0.0.1;port=3306;dbname=jifei_ymcx_shop;charset=utf8
[2020-11-26T10:49:10+08:00][sql] SHOW FULL COLUMNS FROM `yh_admin` [ RunTime:0.002084s ]
[2020-11-26T10:49:10+08:00][sql] SELECT * FROM `yh_admin` WHERE  `id` = 1 LIMIT 1 [ RunTime:0.000923s ]
[2020-11-26T10:49:10+08:00][sql] SHOW FULL COLUMNS FROM `yh_webpz` [ RunTime:0.001856s ]
[2020-11-26T10:49:10+08:00][sql] SELECT * FROM `yh_webpz` WHERE  `id` = 1 LIMIT 1 [ RunTime:0.000606s ]
[2020-11-26T10:49:10+08:00][sql] SHOW FULL COLUMNS FROM `yh_order` [ RunTime:0.001877s ]
[2020-11-26T10:49:10+08:00][sql] SELECT COUNT(*) AS think_count FROM `yh_order` [ RunTime:0.000622s ]
[2020-11-26T10:49:10+08:00][sql] SELECT * FROM `yh_order` ORDER BY `id` DESC LIMIT 0,15 [ RunTime:0.000686s ]
[2020-11-26T10:49:10+08:00][sql] CONNECT:[ UseTime:0.001322s ] mysql:host=127.0.0.1;port=3306;dbname=jifei_ymcx_shop;charset=utf8
[2020-11-26T10:49:10+08:00][sql] SHOW FULL COLUMNS FROM `yh_admin` [ RunTime:0.002073s ]
[2020-11-26T10:49:10+08:00][sql] SELECT * FROM `yh_admin` WHERE  `id` = 1 LIMIT 1 [ RunTime:0.000628s ]
[2020-11-26T10:49:10+08:00][sql] SHOW FULL COLUMNS FROM `yh_webpz` [ RunTime:0.001754s ]
[2020-11-26T10:49:10+08:00][sql] SELECT * FROM `yh_webpz` WHERE  `id` = 1 LIMIT 1 [ RunTime:0.000577s ]
[2020-11-26T10:49:10+08:00][sql] SHOW FULL COLUMNS FROM `yh_order` [ RunTime:0.001905s ]
[2020-11-26T10:49:10+08:00][sql] DELETE FROM `yh_order` WHERE  `id` = 9.html [ RunTime:0.005373s ]
[2020-11-26T10:49:10+08:00][sql] CONNECT:[ UseTime:0.001097s ] mysql:host=127.0.0.1;port=3306;dbname=jifei_ymcx_shop;charset=utf8
[2020-11-26T10:49:10+08:00][sql] SHOW FULL COLUMNS FROM `yh_admin` [ RunTime:0.002459s ]
[2020-11-26T10:49:10+08:00][sql] SELECT * FROM `yh_admin` WHERE  `id` = 1 LIMIT 1 [ RunTime:0.003877s ]
[2020-11-26T10:49:10+08:00][sql] SHOW FULL COLUMNS FROM `yh_webpz` [ RunTime:0.001874s ]
[2020-11-26T10:49:10+08:00][sql] SELECT * FROM `yh_webpz` WHERE  `id` = 1 LIMIT 1 [ RunTime:0.000747s ]
[2020-11-26T10:49:10+08:00][sql] SHOW FULL COLUMNS FROM `yh_order` [ RunTime:0.001625s ]
[2020-11-26T10:49:10+08:00][sql] SELECT COUNT(*) AS think_count FROM `yh_order` [ RunTime:0.000429s ]
[2020-11-26T10:49:10+08:00][sql] SELECT * FROM `yh_order` ORDER BY `id` DESC LIMIT 0,15 [ RunTime:0.000429s ]
[2020-11-26T10:49:11+08:00][sql] CONNECT:[ UseTime:0.001084s ] mysql:host=127.0.0.1;port=3306;dbname=jifei_ymcx_shop;charset=utf8
[2020-11-26T10:49:11+08:00][sql] SHOW FULL COLUMNS FROM `yh_admin` [ RunTime:0.001953s ]
[2020-11-26T10:49:11+08:00][sql] SELECT * FROM `yh_admin` WHERE  `id` = 1 LIMIT 1 [ RunTime:0.000741s ]
[2020-11-26T10:49:11+08:00][sql] SHOW FULL COLUMNS FROM `yh_webpz` [ RunTime:0.001776s ]
[2020-11-26T10:49:11+08:00][sql] SELECT * FROM `yh_webpz` WHERE  `id` = 1 LIMIT 1 [ RunTime:0.000632s ]
[2020-11-26T10:49:11+08:00][sql] SHOW FULL COLUMNS FROM `yh_order` [ RunTime:0.001944s ]
[2020-11-26T10:49:11+08:00][sql] DELETE FROM `yh_order` WHERE  `id` = 10.html [ RunTime:0.003435s ]
[2020-11-26T10:49:11+08:00][sql] CONNECT:[ UseTime:0.001486s ] mysql:host=127.0.0.1;port=3306;dbname=jifei_ymcx_shop;charset=utf8
[2020-11-26T10:49:11+08:00][sql] SHOW FULL COLUMNS FROM `yh_admin` [ RunTime:0.001988s ]
[2020-11-26T10:49:11+08:00][sql] SELECT * FROM `yh_admin` WHERE  `id` = 1 LIMIT 1 [ RunTime:0.000635s ]
[2020-11-26T10:49:11+08:00][sql] SHOW FULL COLUMNS FROM `yh_webpz` [ RunTime:0.001765s ]
[2020-11-26T10:49:11+08:00][sql] SELECT * FROM `yh_webpz` WHERE  `id` = 1 LIMIT 1 [ RunTime:0.000588s ]
[2020-11-26T10:49:11+08:00][sql] SHOW FULL COLUMNS FROM `yh_order` [ RunTime:0.001683s ]
[2020-11-26T10:49:11+08:00][sql] SELECT COUNT(*) AS think_count FROM `yh_order` [ RunTime:0.000994s ]
[2020-11-26T10:49:11+08:00][sql] SELECT * FROM `yh_order` ORDER BY `id` DESC LIMIT 0,15 [ RunTime:0.000620s ]
[2020-11-26T10:49:12+08:00][sql] CONNECT:[ UseTime:0.001875s ] mysql:host=127.0.0.1;port=3306;dbname=jifei_ymcx_shop;charset=utf8
[2020-11-26T10:49:12+08:00][sql] SHOW FULL COLUMNS FROM `yh_admin` [ RunTime:0.002198s ]
[2020-11-26T10:49:12+08:00][sql] SELECT * FROM `yh_admin` WHERE  `id` = 1 LIMIT 1 [ RunTime:0.000766s ]
[2020-11-26T10:49:12+08:00][sql] SHOW FULL COLUMNS FROM `yh_webpz` [ RunTime:0.002169s ]
[2020-11-26T10:49:12+08:00][sql] SELECT * FROM `yh_webpz` WHERE  `id` = 1 LIMIT 1 [ RunTime:0.001507s ]
[2020-11-26T10:49:12+08:00][sql] SHOW FULL COLUMNS FROM `yh_order` [ RunTime:0.003936s ]
[2020-11-26T10:49:12+08:00][sql] DELETE FROM `yh_order` WHERE  `id` = 11.html [ RunTime:0.004480s ]
[2020-11-26T10:49:12+08:00][sql] CONNECT:[ UseTime:0.004017s ] mysql:host=127.0.0.1;port=3306;dbname=jifei_ymcx_shop;charset=utf8
[2020-11-26T10:49:12+08:00][sql] SHOW FULL COLUMNS FROM `yh_admin` [ RunTime:0.004969s ]
[2020-11-26T10:49:12+08:00][sql] SELECT * FROM `yh_admin` WHERE  `id` = 1 LIMIT 1 [ RunTime:0.004777s ]
[2020-11-26T10:49:12+08:00][sql] SHOW FULL COLUMNS FROM `yh_webpz` [ RunTime:0.001420s ]
[2020-11-26T10:49:12+08:00][sql] SELECT * FROM `yh_webpz` WHERE  `id` = 1 LIMIT 1 [ RunTime:0.000459s ]
[2020-11-26T10:49:12+08:00][sql] SHOW FULL COLUMNS FROM `yh_order` [ RunTime:0.001308s ]
[2020-11-26T10:49:12+08:00][sql] SELECT COUNT(*) AS think_count FROM `yh_order` [ RunTime:0.000398s ]
[2020-11-26T10:49:12+08:00][sql] SELECT * FROM `yh_order` ORDER BY `id` DESC LIMIT 0,15 [ RunTime:0.000444s ]
[2020-11-26T10:49:19+08:00][sql] CONNECT:[ UseTime:0.001551s ] mysql:host=127.0.0.1;port=3306;dbname=jifei_ymcx_shop;charset=utf8
[2020-11-26T10:49:19+08:00][sql] SHOW FULL COLUMNS FROM `yh_admin` [ RunTime:0.002147s ]
[2020-11-26T10:49:19+08:00][sql] SELECT * FROM `yh_admin` WHERE  `id` = 1 LIMIT 1 [ RunTime:0.002449s ]
[2020-11-26T10:49:19+08:00][sql] SHOW FULL COLUMNS FROM `yh_webpz` [ RunTime:0.006375s ]
[2020-11-26T10:49:19+08:00][sql] SELECT * FROM `yh_webpz` WHERE  `id` = 1 LIMIT 1 [ RunTime:0.000648s ]
[2020-11-26T10:49:19+08:00][sql] SHOW FULL COLUMNS FROM `yh_order` [ RunTime:0.003636s ]
[2020-11-26T10:49:19+08:00][sql] DELETE FROM `yh_order` WHERE  `id` = 14.html [ RunTime:0.012482s ]
[2020-11-26T10:49:19+08:00][sql] CONNECT:[ UseTime:0.002562s ] mysql:host=127.0.0.1;port=3306;dbname=jifei_ymcx_shop;charset=utf8
[2020-11-26T10:49:19+08:00][sql] SHOW FULL COLUMNS FROM `yh_admin` [ RunTime:0.002191s ]
[2020-11-26T10:49:19+08:00][sql] SELECT * FROM `yh_admin` WHERE  `id` = 1 LIMIT 1 [ RunTime:0.000763s ]
[2020-11-26T10:49:19+08:00][sql] SHOW FULL COLUMNS FROM `yh_webpz` [ RunTime:0.001852s ]
[2020-11-26T10:49:19+08:00][sql] SELECT * FROM `yh_webpz` WHERE  `id` = 1 LIMIT 1 [ RunTime:0.000989s ]
[2020-11-26T10:49:19+08:00][sql] SHOW FULL COLUMNS FROM `yh_order` [ RunTime:0.002025s ]
[2020-11-26T10:49:19+08:00][sql] SELECT COUNT(*) AS think_count FROM `yh_order` [ RunTime:0.000608s ]
[2020-11-26T10:49:19+08:00][sql] SELECT * FROM `yh_order` ORDER BY `id` DESC LIMIT 0,15 [ RunTime:0.000560s ]
[2020-11-26T10:49:20+08:00][sql] CONNECT:[ UseTime:0.002784s ] mysql:host=127.0.0.1;port=3306;dbname=jifei_ymcx_shop;charset=utf8
[2020-11-26T10:49:20+08:00][sql] SHOW FULL COLUMNS FROM `yh_admin` [ RunTime:0.002259s ]
[2020-11-26T10:49:20+08:00][sql] SELECT * FROM `yh_admin` WHERE  `id` = 1 LIMIT 1 [ RunTime:0.000597s ]
[2020-11-26T10:49:20+08:00][sql] SHOW FULL COLUMNS FROM `yh_webpz` [ RunTime:0.002308s ]
[2020-11-26T10:49:20+08:00][sql] SELECT * FROM `yh_webpz` WHERE  `id` = 1 LIMIT 1 [ RunTime:0.000504s ]
[2020-11-26T10:49:20+08:00][sql] SHOW FULL COLUMNS FROM `yh_user` [ RunTime:0.001938s ]
[2020-11-26T10:49:20+08:00][sql] SELECT COUNT(*) AS think_count FROM `yh_user` [ RunTime:0.000560s ]
[2020-11-26T10:49:20+08:00][sql] SHOW FULL COLUMNS FROM `yh_order` [ RunTime:0.001606s ]
[2020-11-26T10:49:20+08:00][sql] SELECT SUM(`payment`) AS think_sum FROM `yh_order` WHERE  `status` = 1 [ RunTime:0.000594s ]
[2020-11-26T10:49:20+08:00][sql] SELECT SUM(`payment`) AS think_sum FROM `yh_order` WHERE  `intime` <= 1604160000  AND `intime` >= 1601481600  AND `status` = 1 [ RunTime:0.000464s ]
[2020-11-26T10:49:20+08:00][sql] SELECT SUM(`payment`) AS think_sum FROM `yh_order` WHERE  `intime` >= 1604160000  AND `status` = 1 [ RunTime:0.000438s ]
[2020-11-26T10:49:20+08:00][sql] SHOW FULL COLUMNS FROM `yh_information` [ RunTime:0.001620s ]
[2020-11-26T10:49:20+08:00][sql] SELECT COUNT(*) AS think_count FROM `yh_information` [ RunTime:0.000409s ]
[2020-11-26T10:49:20+08:00][sql] SHOW FULL COLUMNS FROM `yh_record` [ RunTime:0.001518s ]
[2020-11-26T10:49:20+08:00][sql] SELECT COUNT(*) AS think_count FROM `yh_record` WHERE  `intime` >= 1606320000 [ RunTime:0.002354s ]
[2020-11-26T10:49:20+08:00][sql] SHOW FULL COLUMNS FROM `yh_business` [ RunTime:0.013461s ]
[2020-11-26T10:49:20+08:00][sql] SELECT COUNT(*) AS think_count FROM `yh_business` WHERE  `type` = 1 [ RunTime:0.005245s ]
[2020-11-26T10:49:20+08:00][sql] SELECT COUNT(*) AS think_count FROM `yh_business` WHERE  `type` = 2 [ RunTime:0.001064s ]
[2020-11-26T10:49:20+08:00][sql] CONNECT:[ UseTime:0.003150s ] mysql:host=127.0.0.1;port=3306;dbname=jifei_ymcx_shop;charset=utf8
[2020-11-26T10:49:20+08:00][sql] SHOW FULL COLUMNS FROM `yh_admin` [ RunTime:0.004577s ]
[2020-11-26T10:49:20+08:00][sql] SELECT * FROM `yh_admin` WHERE  `id` = 1 LIMIT 1 [ RunTime:0.000765s ]
[2020-11-26T10:49:20+08:00][sql] SHOW FULL COLUMNS FROM `yh_webpz` [ RunTime:0.001719s ]
[2020-11-26T10:49:20+08:00][sql] SELECT * FROM `yh_webpz` WHERE  `id` = 1 LIMIT 1 [ RunTime:0.000507s ]
[2020-11-26T10:49:20+08:00][sql] SHOW FULL COLUMNS FROM `yh_record` [ RunTime:0.001773s ]
[2020-11-26T10:49:20+08:00][sql] SELECT COUNT(`id`) AS think_count FROM `yh_record` WHERE  `intime` >= 1606323600  AND `intime` <= 1606327200 [ RunTime:0.003965s ]
[2020-11-26T10:49:20+08:00][sql] SELECT COUNT(`id`) AS think_count FROM `yh_record` WHERE  `intime` >= 1606327200  AND `intime` <= 1606330800 [ RunTime:0.002031s ]
[2020-11-26T10:49:20+08:00][sql] SELECT COUNT(`id`) AS think_count FROM `yh_record` WHERE  `intime` >= 1606330800  AND `intime` <= 1606334400 [ RunTime:0.002082s ]
[2020-11-26T10:49:20+08:00][sql] SELECT COUNT(`id`) AS think_count FROM `yh_record` WHERE  `intime` >= 1606334400  AND `intime` <= 1606338000 [ RunTime:0.002905s ]
[2020-11-26T10:49:20+08:00][sql] SELECT COUNT(`id`) AS think_count FROM `yh_record` WHERE  `intime` >= 1606338000  AND `intime` <= 1606341600 [ RunTime:0.002044s ]
[2020-11-26T10:49:20+08:00][sql] SELECT COUNT(`id`) AS think_count FROM `yh_record` WHERE  `intime` >= 1606341600  AND `intime` <= 1606345200 [ RunTime:0.001870s ]
[2020-11-26T10:49:20+08:00][sql] SELECT COUNT(`id`) AS think_count FROM `yh_record` WHERE  `intime` >= 1606345200  AND `intime` <= 1606348800 [ RunTime:0.002062s ]
[2020-11-26T10:49:20+08:00][sql] SELECT COUNT(`id`) AS think_count FROM `yh_record` WHERE  `intime` >= 1606348800  AND `intime` <= 1606352400 [ RunTime:0.001853s ]
[2020-11-26T10:49:20+08:00][sql] SELECT COUNT(`id`) AS think_count FROM `yh_record` WHERE  `intime` >= 1606352400  AND `intime` <= 1606356000 [ RunTime:0.002089s ]
[2020-11-26T10:49:20+08:00][sql] SELECT COUNT(`id`) AS think_count FROM `yh_record` WHERE  `intime` >= 1606356000  AND `intime` <= 1606359600 [ RunTime:0.001832s ]
[2020-11-26T10:49:20+08:00][sql] SELECT COUNT(`id`) AS think_count FROM `yh_record` WHERE  `intime` >= 1606359600  AND `intime` <= 1606363200 [ RunTime:0.001941s ]
[2020-11-26T10:49:20+08:00][sql] SELECT COUNT(`id`) AS think_count FROM `yh_record` WHERE  `intime` >= 1606363200  AND `intime` <= 1606366800 [ RunTime:0.002066s ]
[2020-11-26T10:49:20+08:00][sql] SELECT COUNT(`id`) AS think_count FROM `yh_record` WHERE  `intime` >= 1606237200  AND `intime` <= 1606240800 [ RunTime:0.002054s ]
[2020-11-26T10:49:20+08:00][sql] SELECT COUNT(`id`) AS think_count FROM `yh_record` WHERE  `intime` >= 1606240800  AND `intime` <= 1606244400 [ RunTime:0.001982s ]
[2020-11-26T10:49:20+08:00][sql] SELECT COUNT(`id`) AS think_count FROM `yh_record` WHERE  `intime` >= 1606244400  AND `intime` <= 1606248000 [ RunTime:0.005231s ]
[2020-11-26T10:49:20+08:00][sql] SELECT COUNT(`id`) AS think_count FROM `yh_record` WHERE  `intime` >= 1606248000  AND `intime` <= 1606251600 [ RunTime:0.003498s ]
[2020-11-26T10:49:20+08:00][sql] SELECT COUNT(`id`) AS think_count FROM `yh_record` WHERE  `intime` >= 1606251600  AND `intime` <= 1606255200 [ RunTime:0.003824s ]
[2020-11-26T10:49:20+08:00][sql] SELECT COUNT(`id`) AS think_count FROM `yh_record` WHERE  `intime` >= 1606255200  AND `intime` <= 1606258800 [ RunTime:0.003960s ]
[2020-11-26T10:49:20+08:00][sql] SELECT COUNT(`id`) AS think_count FROM `yh_record` WHERE  `intime` >= 1606258800  AND `intime` <= 1606262400 [ RunTime:0.004651s ]
[2020-11-26T10:49:20+08:00][sql] SELECT COUNT(`id`) AS think_count FROM `yh_record` WHERE  `intime` >= 1606262400  AND `intime` <= 1606266000 [ RunTime:0.003193s ]
[2020-11-26T10:49:20+08:00][sql] SELECT COUNT(`id`) AS think_count FROM `yh_record` WHERE  `intime` >= 1606266000  AND `intime` <= 1606269600 [ RunTime:0.002830s ]
[2020-11-26T10:49:20+08:00][sql] SELECT COUNT(`id`) AS think_count FROM `yh_record` WHERE  `intime` >= 1606269600  AND `intime` <= 1606273200 [ RunTime:0.002332s ]
[2020-11-26T10:49:20+08:00][sql] SELECT COUNT(`id`) AS think_count FROM `yh_record` WHERE  `intime` >= 1606273200  AND `intime` <= 1606276800 [ RunTime:0.002734s ]
[2020-11-26T10:49:20+08:00][sql] SELECT COUNT(`id`) AS think_count FROM `yh_record` WHERE  `intime` >= 1606276800  AND `intime` <= 1606280400 [ RunTime:0.002455s ]
[2020-11-26T10:49:20+08:00][sql] SHOW FULL COLUMNS FROM `yh_business` [ RunTime:0.002388s ]
[2020-11-26T10:49:20+08:00][sql] SELECT COUNT(*) AS think_count FROM `yh_business` WHERE  `type` = 1 [ RunTime:0.000664s ]
[2020-11-26T10:49:20+08:00][sql] SELECT COUNT(*) AS think_count FROM `yh_business` WHERE  `type` = 2 [ RunTime:0.000535s ]
[2020-11-26T10:49:20+08:00][sql] SELECT `user_uid`,`calltoday` FROM `yh_business` ORDER BY `calltoday` DESC LIMIT 5 [ RunTime:0.000730s ]
[2020-11-26T19:54:17+08:00][sql] CONNECT:[ UseTime:0.004017s ] mysql:host=127.0.0.1;port=3306;dbname=jifei_ymcx_shop;charset=utf8
[2020-11-26T19:54:17+08:00][sql] SHOW FULL COLUMNS FROM `yh_webpz` [ RunTime:0.013355s ]
[2020-11-26T19:54:17+08:00][sql] SELECT * FROM `yh_webpz` WHERE  `id` = 1 LIMIT 1 [ RunTime:0.001947s ]
[2020-11-26T19:55:08+08:00][sql] CONNECT:[ UseTime:0.001287s ] mysql:host=127.0.0.1;port=3306;dbname=jifei_ymcx_shop;charset=utf8
[2020-11-26T19:55:08+08:00][sql] SHOW FULL COLUMNS FROM `yh_webpz` [ RunTime:0.002280s ]
[2020-11-26T19:55:08+08:00][sql] SELECT * FROM `yh_webpz` WHERE  `id` = 1 LIMIT 1 [ RunTime:0.000742s ]
[2020-11-26T19:55:08+08:00][sql] SHOW FULL COLUMNS FROM `yh_admin` [ RunTime:0.001524s ]
[2020-11-26T19:55:08+08:00][sql] SELECT `id` FROM `yh_admin` WHERE  `username` = '1178350505'  AND `password` = 'd904a378a018e08869b45ff70a63f770' LIMIT 1 [ RunTime:0.000867s ]
[2020-11-26T19:55:13+08:00][sql] CONNECT:[ UseTime:0.001245s ] mysql:host=127.0.0.1;port=3306;dbname=jifei_ymcx_shop;charset=utf8
[2020-11-26T19:55:13+08:00][sql] SHOW FULL COLUMNS FROM `yh_webpz` [ RunTime:0.002870s ]
[2020-11-26T19:55:13+08:00][sql] SELECT * FROM `yh_webpz` WHERE  `id` = 1 LIMIT 1 [ RunTime:0.000844s ]
[2020-11-26T19:55:13+08:00][sql] SHOW FULL COLUMNS FROM `yh_admin` [ RunTime:0.002581s ]
[2020-11-26T19:55:13+08:00][sql] SELECT `id` FROM `yh_admin` WHERE  `username` = '1178350505'  AND `password` = '565be15b663c3a1c6a54055410cb763a' LIMIT 1 [ RunTime:0.002311s ]
[2020-11-26T19:55:13+08:00][sql] CONNECT:[ UseTime:0.004775s ] mysql:host=127.0.0.1;port=3306;dbname=jifei_ymcx_shop;charset=utf8
[2020-11-26T19:55:13+08:00][sql] SHOW FULL COLUMNS FROM `yh_admin` [ RunTime:0.006677s ]
[2020-11-26T19:55:13+08:00][sql] SELECT * FROM `yh_admin` WHERE  `id` = 1 LIMIT 1 [ RunTime:0.013339s ]
[2020-11-26T19:55:13+08:00][sql] SHOW FULL COLUMNS FROM `yh_webpz` [ RunTime:0.004644s ]
[2020-11-26T19:55:13+08:00][sql] SELECT * FROM `yh_webpz` WHERE  `id` = 1 LIMIT 1 [ RunTime:0.000769s ]
[2020-11-26T19:55:13+08:00][sql] SHOW FULL COLUMNS FROM `yh_user` [ RunTime:0.002571s ]
[2020-11-26T19:55:13+08:00][sql] SELECT COUNT(*) AS think_count FROM `yh_user` [ RunTime:0.001312s ]
[2020-11-26T19:55:13+08:00][sql] SHOW FULL COLUMNS FROM `yh_order` [ RunTime:0.004378s ]
[2020-11-26T19:55:13+08:00][sql] SELECT SUM(`payment`) AS think_sum FROM `yh_order` WHERE  `status` = 1 [ RunTime:0.001128s ]
[2020-11-26T19:55:13+08:00][sql] SELECT SUM(`payment`) AS think_sum FROM `yh_order` WHERE  `intime` <= 1604160000  AND `intime` >= 1601481600  AND `status` = 1 [ RunTime:0.001840s ]
[2020-11-26T19:55:13+08:00][sql] SELECT SUM(`payment`) AS think_sum FROM `yh_order` WHERE  `intime` >= 1604160000  AND `status` = 1 [ RunTime:0.001473s ]
[2020-11-26T19:55:13+08:00][sql] SHOW FULL COLUMNS FROM `yh_information` [ RunTime:0.004009s ]
[2020-11-26T19:55:13+08:00][sql] SELECT COUNT(*) AS think_count FROM `yh_information` [ RunTime:0.000471s ]
[2020-11-26T19:55:13+08:00][sql] SHOW FULL COLUMNS FROM `yh_record` [ RunTime:0.002398s ]
[2020-11-26T19:55:13+08:00][sql] SELECT COUNT(*) AS think_count FROM `yh_record` WHERE  `intime` >= 1606320000 [ RunTime:0.002848s ]
[2020-11-26T19:55:13+08:00][sql] SHOW FULL COLUMNS FROM `yh_business` [ RunTime:0.002286s ]
[2020-11-26T19:55:13+08:00][sql] SELECT COUNT(*) AS think_count FROM `yh_business` WHERE  `type` = 1 [ RunTime:0.000850s ]
[2020-11-26T19:55:13+08:00][sql] SELECT COUNT(*) AS think_count FROM `yh_business` WHERE  `type` = 2 [ RunTime:0.000628s ]
[2020-11-26T19:55:14+08:00][sql] CONNECT:[ UseTime:0.007966s ] mysql:host=127.0.0.1;port=3306;dbname=jifei_ymcx_shop;charset=utf8
[2020-11-26T19:55:14+08:00][sql] SHOW FULL COLUMNS FROM `yh_admin` [ RunTime:0.002859s ]
[2020-11-26T19:55:14+08:00][sql] SELECT * FROM `yh_admin` WHERE  `id` = 1 LIMIT 1 [ RunTime:0.001167s ]
[2020-11-26T19:55:14+08:00][sql] SHOW FULL COLUMNS FROM `yh_webpz` [ RunTime:0.006015s ]
[2020-11-26T19:55:14+08:00][sql] SELECT * FROM `yh_webpz` WHERE  `id` = 1 LIMIT 1 [ RunTime:0.001659s ]
[2020-11-26T19:55:14+08:00][sql] SHOW FULL COLUMNS FROM `yh_record` [ RunTime:0.002232s ]
[2020-11-26T19:55:14+08:00][sql] SELECT COUNT(`id`) AS think_count FROM `yh_record` WHERE  `intime` >= 1606366800  AND `intime` <= 1606370400 [ RunTime:0.002485s ]
[2020-11-26T19:55:14+08:00][sql] SELECT COUNT(`id`) AS think_count FROM `yh_record` WHERE  `intime` >= 1606370400  AND `intime` <= 1606374000 [ RunTime:0.003096s ]
[2020-11-26T19:55:14+08:00][sql] SELECT COUNT(`id`) AS think_count FROM `yh_record` WHERE  `intime` >= 1606374000  AND `intime` <= 1606377600 [ RunTime:0.003792s ]
[2020-11-26T19:55:14+08:00][sql] SELECT COUNT(`id`) AS think_count FROM `yh_record` WHERE  `intime` >= 1606377600  AND `intime` <= 1606381200 [ RunTime:0.002760s ]
[2020-11-26T19:55:14+08:00][sql] SELECT COUNT(`id`) AS think_count FROM `yh_record` WHERE  `intime` >= 1606381200  AND `intime` <= 1606384800 [ RunTime:0.003742s ]
[2020-11-26T19:55:14+08:00][sql] SELECT COUNT(`id`) AS think_count FROM `yh_record` WHERE  `intime` >= 1606384800  AND `intime` <= 1606388400 [ RunTime:0.004021s ]
[2020-11-26T19:55:14+08:00][sql] SELECT COUNT(`id`) AS think_count FROM `yh_record` WHERE  `intime` >= 1606388400  AND `intime` <= 1606392000 [ RunTime:0.002473s ]
[2020-11-26T19:55:14+08:00][sql] SELECT COUNT(`id`) AS think_count FROM `yh_record` WHERE  `intime` >= 1606392000  AND `intime` <= 1606395600 [ RunTime:0.002890s ]
[2020-11-26T19:55:14+08:00][sql] SELECT COUNT(`id`) AS think_count FROM `yh_record` WHERE  `intime` >= 1606395600  AND `intime` <= 1606399200 [ RunTime:0.002701s ]
[2020-11-26T19:55:14+08:00][sql] SELECT COUNT(`id`) AS think_count FROM `yh_record` WHERE  `intime` >= 1606399200  AND `intime` <= 1606402800 [ RunTime:0.004106s ]
[2020-11-26T19:55:14+08:00][sql] SELECT COUNT(`id`) AS think_count FROM `yh_record` WHERE  `intime` >= 1606402800  AND `intime` <= 1606406400 [ RunTime:0.004403s ]
[2020-11-26T19:55:14+08:00][sql] SELECT COUNT(`id`) AS think_count FROM `yh_record` WHERE  `intime` >= 1606406400  AND `intime` <= [ RunTime:0.003933s ]
[2020-11-26T19:55:14+08:00][sql] SELECT COUNT(`id`) AS think_count FROM `yh_record` WHERE  `intime` >= 1606280400  AND `intime` <= 1606284000 [ RunTime:0.002540s ]
[2020-11-26T19:55:14+08:00][sql] SELECT COUNT(`id`) AS think_count FROM `yh_record` WHERE  `intime` >= 1606284000  AND `intime` <= 1606287600 [ RunTime:0.003820s ]
[2020-11-26T19:55:14+08:00][sql] SELECT COUNT(`id`) AS think_count FROM `yh_record` WHERE  `intime` >= 1606287600  AND `intime` <= 1606291200 [ RunTime:0.003350s ]
[2020-11-26T19:55:14+08:00][sql] SELECT COUNT(`id`) AS think_count FROM `yh_record` WHERE  `intime` >= 1606291200  AND `intime` <= 1606294800 [ RunTime:0.003692s ]
[2020-11-26T19:55:14+08:00][sql] SELECT COUNT(`id`) AS think_count FROM `yh_record` WHERE  `intime` >= 1606294800  AND `intime` <= 1606298400 [ RunTime:0.002795s ]
[2020-11-26T19:55:14+08:00][sql] SELECT COUNT(`id`) AS think_count FROM `yh_record` WHERE  `intime` >= 1606298400  AND `intime` <= 1606302000 [ RunTime:0.003363s ]
[2020-11-26T19:55:14+08:00][sql] SELECT COUNT(`id`) AS think_count FROM `yh_record` WHERE  `intime` >= 1606302000  AND `intime` <= 1606305600 [ RunTime:0.002349s ]
[2020-11-26T19:55:14+08:00][sql] SELECT COUNT(`id`) AS think_count FROM `yh_record` WHERE  `intime` >= 1606305600  AND `intime` <= 1606309200 [ RunTime:0.002807s ]
[2020-11-26T19:55:14+08:00][sql] SELECT COUNT(`id`) AS think_count FROM `yh_record` WHERE  `intime` >= 1606309200  AND `intime` <= 1606312800 [ RunTime:0.002400s ]
[2020-11-26T19:55:14+08:00][sql] SELECT COUNT(`id`) AS think_count FROM `yh_record` WHERE  `intime` >= 1606312800  AND `intime` <= 1606316400 [ RunTime:0.002552s ]
[2020-11-26T19:55:14+08:00][sql] SELECT COUNT(`id`) AS think_count FROM `yh_record` WHERE  `intime` >= 1606316400  AND `intime` <= 1606320000 [ RunTime:0.002351s ]
[2020-11-26T19:55:14+08:00][sql] SELECT COUNT(`id`) AS think_count FROM `yh_record` WHERE  `intime` >= 1606320000  AND `intime` <= [ RunTime:0.002353s ]
[2020-11-26T19:55:14+08:00][sql] SHOW FULL COLUMNS FROM `yh_business` [ RunTime:0.008089s ]
[2020-11-26T19:55:14+08:00][sql] SELECT COUNT(*) AS think_count FROM `yh_business` WHERE  `type` = 1 [ RunTime:0.002743s ]
[2020-11-26T19:55:14+08:00][sql] SELECT COUNT(*) AS think_count FROM `yh_business` WHERE  `type` = 2 [ RunTime:0.000783s ]
[2020-11-26T19:55:14+08:00][sql] SELECT `user_uid`,`calltoday` FROM `yh_business` ORDER BY `calltoday` DESC LIMIT 5 [ RunTime:0.000917s ]
[2020-11-26T19:55:19+08:00][sql] CONNECT:[ UseTime:0.001955s ] mysql:host=127.0.0.1;port=3306;dbname=jifei_ymcx_shop;charset=utf8
[2020-11-26T19:55:19+08:00][sql] SHOW FULL COLUMNS FROM `yh_admin` [ RunTime:0.002175s ]
[2020-11-26T19:55:19+08:00][sql] SELECT * FROM `yh_admin` WHERE  `id` = 1 LIMIT 1 [ RunTime:0.000658s ]
[2020-11-26T19:55:19+08:00][sql] SHOW FULL COLUMNS FROM `yh_webpz` [ RunTime:0.001657s ]
[2020-11-26T19:55:19+08:00][sql] SELECT * FROM `yh_webpz` WHERE  `id` = 1 LIMIT 1 [ RunTime:0.000594s ]
[2020-11-26T19:55:19+08:00][sql] SHOW FULL COLUMNS FROM `yh_user` [ RunTime:0.001488s ]
[2020-11-26T19:55:19+08:00][sql] SELECT COUNT(*) AS think_count FROM `yh_user` [ RunTime:0.000613s ]
[2020-11-26T19:55:19+08:00][sql] SELECT * FROM `yh_user` ORDER BY `id` DESC LIMIT 0,15 [ RunTime:0.000455s ]
[2020-11-26T19:55:19+08:00][sql] SHOW FULL COLUMNS FROM `yh_business` [ RunTime:0.001662s ]
[2020-11-26T19:55:19+08:00][sql] SELECT `user_uid` FROM `yh_business` WHERE  `id` = 49 LIMIT 1 [ RunTime:0.000516s ]
[2020-11-26T19:55:19+08:00][sql] SELECT `user_uid` FROM `yh_business` WHERE  `id` = 48 LIMIT 1 [ RunTime:0.000720s ]
[2020-11-26T19:55:19+08:00][sql] SELECT `user_uid` FROM `yh_business` WHERE  `id` = 47 LIMIT 1 [ RunTime:0.000548s ]
[2020-11-26T19:55:19+08:00][sql] SELECT `user_uid` FROM `yh_business` WHERE  `id` = 46 LIMIT 1 [ RunTime:0.000408s ]
[2020-11-26T19:55:19+08:00][sql] SELECT `user_uid` FROM `yh_business` WHERE  `id` = 45 LIMIT 1 [ RunTime:0.000547s ]
[2020-11-26T19:55:19+08:00][sql] SELECT `user_uid` FROM `yh_business` WHERE  `id` = 44 LIMIT 1 [ RunTime:0.000640s ]
[2020-11-26T19:55:19+08:00][sql] SELECT `user_uid` FROM `yh_business` WHERE  `id` = 43 LIMIT 1 [ RunTime:0.000374s ]
[2020-11-26T19:55:19+08:00][sql] SELECT `user_uid` FROM `yh_business` WHERE  `id` = 42 LIMIT 1 [ RunTime:0.000593s ]
[2020-11-26T19:55:19+08:00][sql] SELECT `user_uid` FROM `yh_business` WHERE  `id` = 41 LIMIT 1 [ RunTime:0.000371s ]
[2020-11-26T19:55:19+08:00][sql] SELECT `user_uid` FROM `yh_business` WHERE  `id` = 40 LIMIT 1 [ RunTime:0.000425s ]
[2020-11-26T19:55:19+08:00][sql] SELECT `user_uid` FROM `yh_business` WHERE  `id` = 39 LIMIT 1 [ RunTime:0.000580s ]
[2020-11-26T19:55:19+08:00][sql] SELECT `user_uid` FROM `yh_business` WHERE  `id` = 38 LIMIT 1 [ RunTime:0.000407s ]
[2020-11-26T19:55:19+08:00][sql] SELECT `user_uid` FROM `yh_business` WHERE  `id` = 37 LIMIT 1 [ RunTime:0.000505s ]
[2020-11-26T19:55:19+08:00][sql] SELECT `user_uid` FROM `yh_business` WHERE  `id` = 36 LIMIT 1 [ RunTime:0.000573s ]
[2020-11-26T19:55:19+08:00][sql] SELECT `user_uid` FROM `yh_business` WHERE  `id` = 35 LIMIT 1 [ RunTime:0.000486s ]
[2020-11-26T19:57:14+08:00][sql] CONNECT:[ UseTime:0.002489s ] mysql:host=127.0.0.1;port=3306;dbname=jifei_ymcx_shop;charset=utf8
[2020-11-26T19:57:14+08:00][sql] SHOW FULL COLUMNS FROM `yh_admin` [ RunTime:0.002233s ]
[2020-11-26T19:57:14+08:00][sql] SELECT * FROM `yh_admin` WHERE  `id` = 1 LIMIT 1 [ RunTime:0.003727s ]
[2020-11-26T19:57:14+08:00][sql] SHOW FULL COLUMNS FROM `yh_webpz` [ RunTime:0.007894s ]
[2020-11-26T19:57:14+08:00][sql] SELECT * FROM `yh_webpz` WHERE  `id` = 1 LIMIT 1 [ RunTime:0.004080s ]
[2020-11-26T19:57:17+08:00][sql] CONNECT:[ UseTime:0.000957s ] mysql:host=127.0.0.1;port=3306;dbname=jifei_ymcx_shop;charset=utf8
[2020-11-26T19:57:17+08:00][sql] SHOW FULL COLUMNS FROM `yh_admin` [ RunTime:0.002477s ]
[2020-11-26T19:57:17+08:00][sql] SELECT * FROM `yh_admin` WHERE  `id` = 1 LIMIT 1 [ RunTime:0.000763s ]
[2020-11-26T19:57:17+08:00][sql] SHOW FULL COLUMNS FROM `yh_webpz` [ RunTime:0.002149s ]
[2020-11-26T19:57:17+08:00][sql] SELECT * FROM `yh_webpz` WHERE  `id` = 1 LIMIT 1 [ RunTime:0.000623s ]
[2020-11-26T19:57:17+08:00][sql] SHOW FULL COLUMNS FROM `yh_user` [ RunTime:0.001999s ]
[2020-11-26T19:57:17+08:00][sql] SELECT * FROM `yh_user` WHERE  `username` = '29484688' LIMIT 1 [ RunTime:0.000783s ]
[2020-11-26T19:57:17+08:00][sql] UPDATE `yh_user`  SET `balance` = 18  WHERE  `id` = 49 [ RunTime:0.000821s ]
[2020-11-26T20:50:07+08:00][sql] CONNECT:[ UseTime:0.003859s ] mysql:host=127.0.0.1;port=3306;dbname=jifei_ymcx_shop;charset=utf8
[2020-11-26T20:50:07+08:00][sql] SHOW FULL COLUMNS FROM `yh_webpz` [ RunTime:0.004651s ]
[2020-11-26T20:50:07+08:00][sql] SELECT * FROM `yh_webpz` WHERE  `id` = 1 LIMIT 1 [ RunTime:0.001446s ]
[2020-11-26T20:50:13+08:00][sql] CONNECT:[ UseTime:0.004104s ] mysql:host=127.0.0.1;port=3306;dbname=jifei_ymcx_shop;charset=utf8
[2020-11-26T20:50:13+08:00][sql] SHOW FULL COLUMNS FROM `yh_webpz` [ RunTime:0.005755s ]
[2020-11-26T20:50:13+08:00][sql] SELECT * FROM `yh_webpz` WHERE  `id` = 1 LIMIT 1 [ RunTime:0.003529s ]
[2020-11-26T20:50:13+08:00][sql] SHOW FULL COLUMNS FROM `yh_admin` [ RunTime:0.004594s ]
[2020-11-26T20:50:13+08:00][sql] SELECT `id` FROM `yh_admin` WHERE  `username` = '1178350505'  AND `password` = '565be15b663c3a1c6a54055410cb763a' LIMIT 1 [ RunTime:0.001705s ]
[2020-11-26T20:50:13+08:00][sql] CONNECT:[ UseTime:0.001682s ] mysql:host=127.0.0.1;port=3306;dbname=jifei_ymcx_shop;charset=utf8
[2020-11-26T20:50:13+08:00][sql] SHOW FULL COLUMNS FROM `yh_admin` [ RunTime:0.006724s ]
[2020-11-26T20:50:13+08:00][sql] SELECT * FROM `yh_admin` WHERE  `id` = 1 LIMIT 1 [ RunTime:0.006130s ]
[2020-11-26T20:50:13+08:00][sql] SHOW FULL COLUMNS FROM `yh_webpz` [ RunTime:0.002757s ]
[2020-11-26T20:50:13+08:00][sql] SELECT * FROM `yh_webpz` WHERE  `id` = 1 LIMIT 1 [ RunTime:0.000913s ]
[2020-11-26T20:50:13+08:00][sql] SHOW FULL COLUMNS FROM `yh_user` [ RunTime:0.002559s ]
[2020-11-26T20:50:13+08:00][sql] SELECT COUNT(*) AS think_count FROM `yh_user` [ RunTime:0.004011s ]
[2020-11-26T20:50:13+08:00][sql] SHOW FULL COLUMNS FROM `yh_order` [ RunTime:0.003415s ]
[2020-11-26T20:50:13+08:00][sql] SELECT SUM(`payment`) AS think_sum FROM `yh_order` WHERE  `status` = 1 [ RunTime:0.001017s ]
[2020-11-26T20:50:13+08:00][sql] SELECT SUM(`payment`) AS think_sum FROM `yh_order` WHERE  `intime` <= 1604160000  AND `intime` >= 1601481600  AND `status` = 1 [ RunTime:0.000974s ]
[2020-11-26T20:50:13+08:00][sql] SELECT SUM(`payment`) AS think_sum FROM `yh_order` WHERE  `intime` >= 1604160000  AND `status` = 1 [ RunTime:0.000780s ]
[2020-11-26T20:50:13+08:00][sql] SHOW FULL COLUMNS FROM `yh_information` [ RunTime:0.003819s ]
[2020-11-26T20:50:13+08:00][sql] SELECT COUNT(*) AS think_count FROM `yh_information` [ RunTime:0.001057s ]
[2020-11-26T20:50:13+08:00][sql] SHOW FULL COLUMNS FROM `yh_record` [ RunTime:0.002616s ]
[2020-11-26T20:50:13+08:00][sql] SELECT COUNT(*) AS think_count FROM `yh_record` WHERE  `intime` >= 1606320000 [ RunTime:0.002849s ]
[2020-11-26T20:50:13+08:00][sql] SHOW FULL COLUMNS FROM `yh_business` [ RunTime:0.003629s ]
[2020-11-26T20:50:13+08:00][sql] SELECT COUNT(*) AS think_count FROM `yh_business` WHERE  `type` = 1 [ RunTime:0.001195s ]
[2020-11-26T20:50:13+08:00][sql] SELECT COUNT(*) AS think_count FROM `yh_business` WHERE  `type` = 2 [ RunTime:0.000745s ]
[2020-11-26T20:50:14+08:00][sql] CONNECT:[ UseTime:0.005798s ] mysql:host=127.0.0.1;port=3306;dbname=jifei_ymcx_shop;charset=utf8
[2020-11-26T20:50:14+08:00][sql] SHOW FULL COLUMNS FROM `yh_admin` [ RunTime:0.003894s ]
[2020-11-26T20:50:14+08:00][sql] SELECT * FROM `yh_admin` WHERE  `id` = 1 LIMIT 1 [ RunTime:0.001477s ]
[2020-11-26T20:50:14+08:00][sql] SHOW FULL COLUMNS FROM `yh_webpz` [ RunTime:0.001586s ]
[2020-11-26T20:50:14+08:00][sql] SELECT * FROM `yh_webpz` WHERE  `id` = 1 LIMIT 1 [ RunTime:0.000559s ]
[2020-11-26T20:50:14+08:00][sql] SHOW FULL COLUMNS FROM `yh_record` [ RunTime:0.001376s ]
[2020-11-26T20:50:14+08:00][sql] SELECT COUNT(`id`) AS think_count FROM `yh_record` WHERE  `intime` >= 1606366800  AND `intime` <= 1606370400 [ RunTime:0.001484s ]
[2020-11-26T20:50:14+08:00][sql] SELECT COUNT(`id`) AS think_count FROM `yh_record` WHERE  `intime` >= 1606370400  AND `intime` <= 1606374000 [ RunTime:0.001724s ]
[2020-11-26T20:50:14+08:00][sql] SELECT COUNT(`id`) AS think_count FROM `yh_record` WHERE  `intime` >= 1606374000  AND `intime` <= 1606377600 [ RunTime:0.001430s ]
[2020-11-26T20:50:14+08:00][sql] SELECT COUNT(`id`) AS think_count FROM `yh_record` WHERE  `intime` >= 1606377600  AND `intime` <= 1606381200 [ RunTime:0.001414s ]
[2020-11-26T20:50:14+08:00][sql] SELECT COUNT(`id`) AS think_count FROM `yh_record` WHERE  `intime` >= 1606381200  AND `intime` <= 1606384800 [ RunTime:0.001512s ]
[2020-11-26T20:50:14+08:00][sql] SELECT COUNT(`id`) AS think_count FROM `yh_record` WHERE  `intime` >= 1606384800  AND `intime` <= 1606388400 [ RunTime:0.001437s ]
[2020-11-26T20:50:14+08:00][sql] SELECT COUNT(`id`) AS think_count FROM `yh_record` WHERE  `intime` >= 1606388400  AND `intime` <= 1606392000 [ RunTime:0.001624s ]
[2020-11-26T20:50:14+08:00][sql] SELECT COUNT(`id`) AS think_count FROM `yh_record` WHERE  `intime` >= 1606392000  AND `intime` <= 1606395600 [ RunTime:0.002883s ]
[2020-11-26T20:50:14+08:00][sql] SELECT COUNT(`id`) AS think_count FROM `yh_record` WHERE  `intime` >= 1606395600  AND `intime` <= 1606399200 [ RunTime:0.002320s ]
[2020-11-26T20:50:14+08:00][sql] SELECT COUNT(`id`) AS think_count FROM `yh_record` WHERE  `intime` >= 1606399200  AND `intime` <= 1606402800 [ RunTime:0.002303s ]
[2020-11-26T20:50:14+08:00][sql] SELECT COUNT(`id`) AS think_count FROM `yh_record` WHERE  `intime` >= 1606402800  AND `intime` <= 1606406400 [ RunTime:0.002312s ]
[2020-11-26T20:50:14+08:00][sql] SELECT COUNT(`id`) AS think_count FROM `yh_record` WHERE  `intime` >= 1606406400  AND `intime` <= [ RunTime:0.002292s ]
[2020-11-26T20:50:14+08:00][sql] SELECT COUNT(`id`) AS think_count FROM `yh_record` WHERE  `intime` >= 1606280400  AND `intime` <= 1606284000 [ RunTime:0.002551s ]
[2020-11-26T20:50:14+08:00][sql] SELECT COUNT(`id`) AS think_count FROM `yh_record` WHERE  `intime` >= 1606284000  AND `intime` <= 1606287600 [ RunTime:0.002448s ]
[2020-11-26T20:50:14+08:00][sql] SELECT COUNT(`id`) AS think_count FROM `yh_record` WHERE  `intime` >= 1606287600  AND `intime` <= 1606291200 [ RunTime:0.002354s ]
[2020-11-26T20:50:14+08:00][sql] SELECT COUNT(`id`) AS think_count FROM `yh_record` WHERE  `intime` >= 1606291200  AND `intime` <= 1606294800 [ RunTime:0.002615s ]
[2020-11-26T20:50:14+08:00][sql] SELECT COUNT(`id`) AS think_count FROM `yh_record` WHERE  `intime` >= 1606294800  AND `intime` <= 1606298400 [ RunTime:0.003029s ]
[2020-11-26T20:50:14+08:00][sql] SELECT COUNT(`id`) AS think_count FROM `yh_record` WHERE  `intime` >= 1606298400  AND `intime` <= 1606302000 [ RunTime:0.002514s ]
[2020-11-26T20:50:14+08:00][sql] SELECT COUNT(`id`) AS think_count FROM `yh_record` WHERE  `intime` >= 1606302000  AND `intime` <= 1606305600 [ RunTime:0.002891s ]
[2020-11-26T20:50:14+08:00][sql] SELECT COUNT(`id`) AS think_count FROM `yh_record` WHERE  `intime` >= 1606305600  AND `intime` <= 1606309200 [ RunTime:0.002590s ]
[2020-11-26T20:50:14+08:00][sql] SELECT COUNT(`id`) AS think_count FROM `yh_record` WHERE  `intime` >= 1606309200  AND `intime` <= 1606312800 [ RunTime:0.002374s ]
[2020-11-26T20:50:14+08:00][sql] SELECT COUNT(`id`) AS think_count FROM `yh_record` WHERE  `intime` >= 1606312800  AND `intime` <= 1606316400 [ RunTime:0.003815s ]
[2020-11-26T20:50:14+08:00][sql] SELECT COUNT(`id`) AS think_count FROM `yh_record` WHERE  `intime` >= 1606316400  AND `intime` <= 1606320000 [ RunTime:0.002627s ]
[2020-11-26T20:50:14+08:00][sql] SELECT COUNT(`id`) AS think_count FROM `yh_record` WHERE  `intime` >= 1606320000  AND `intime` <= [ RunTime:0.002396s ]
[2020-11-26T20:50:14+08:00][sql] SHOW FULL COLUMNS FROM `yh_business` [ RunTime:0.002858s ]
[2020-11-26T20:50:14+08:00][sql] SELECT COUNT(*) AS think_count FROM `yh_business` WHERE  `type` = 1 [ RunTime:0.000644s ]
[2020-11-26T20:50:14+08:00][sql] SELECT COUNT(*) AS think_count FROM `yh_business` WHERE  `type` = 2 [ RunTime:0.000476s ]
[2020-11-26T20:50:14+08:00][sql] SELECT `user_uid`,`calltoday` FROM `yh_business` ORDER BY `calltoday` DESC LIMIT 5 [ RunTime:0.000635s ]
[2020-11-26T20:50:15+08:00][sql] CONNECT:[ UseTime:0.001462s ] mysql:host=127.0.0.1;port=3306;dbname=jifei_ymcx_shop;charset=utf8
[2020-11-26T20:50:15+08:00][sql] SHOW FULL COLUMNS FROM `yh_admin` [ RunTime:0.002617s ]
[2020-11-26T20:50:15+08:00][sql] SELECT * FROM `yh_admin` WHERE  `id` = 1 LIMIT 1 [ RunTime:0.000754s ]
[2020-11-26T20:50:15+08:00][sql] SHOW FULL COLUMNS FROM `yh_webpz` [ RunTime:0.002134s ]
[2020-11-26T20:50:15+08:00][sql] SELECT * FROM `yh_webpz` WHERE  `id` = 1 LIMIT 1 [ RunTime:0.000605s ]
[2020-11-26T20:50:16+08:00][sql] CONNECT:[ UseTime:0.001237s ] mysql:host=127.0.0.1;port=3306;dbname=jifei_ymcx_shop;charset=utf8
[2020-11-26T20:50:16+08:00][sql] SHOW FULL COLUMNS FROM `yh_admin` [ RunTime:0.002427s ]
[2020-11-26T20:50:16+08:00][sql] SELECT * FROM `yh_admin` WHERE  `id` = 1 LIMIT 1 [ RunTime:0.000765s ]
[2020-11-26T20:50:16+08:00][sql] SHOW FULL COLUMNS FROM `yh_webpz` [ RunTime:0.001912s ]
[2020-11-26T20:50:16+08:00][sql] SELECT * FROM `yh_webpz` WHERE  `id` = 1 LIMIT 1 [ RunTime:0.000721s ]
[2020-11-26T20:50:16+08:00][sql] SHOW FULL COLUMNS FROM `yh_order` [ RunTime:0.001778s ]
[2020-11-26T20:50:16+08:00][sql] SELECT COUNT(*) AS think_count FROM `yh_order` [ RunTime:0.001297s ]
[2020-11-26T20:50:16+08:00][sql] SELECT * FROM `yh_order` ORDER BY `id` DESC LIMIT 0,15 [ RunTime:0.000622s ]
[2020-11-26T20:50:20+08:00][sql] CONNECT:[ UseTime:0.004011s ] mysql:host=127.0.0.1;port=3306;dbname=jifei_ymcx_shop;charset=utf8
[2020-11-26T20:50:20+08:00][sql] SHOW FULL COLUMNS FROM `yh_admin` [ RunTime:0.007826s ]
[2020-11-26T20:50:20+08:00][sql] SELECT * FROM `yh_admin` WHERE  `id` = 1 LIMIT 1 [ RunTime:0.000797s ]
[2020-11-26T20:50:20+08:00][sql] SHOW FULL COLUMNS FROM `yh_webpz` [ RunTime:0.002196s ]
[2020-11-26T20:50:20+08:00][sql] SELECT * FROM `yh_webpz` WHERE  `id` = 1 LIMIT 1 [ RunTime:0.000712s ]
[2020-11-26T20:50:20+08:00][sql] SHOW FULL COLUMNS FROM `yh_record` [ RunTime:0.002239s ]
[2020-11-26T20:50:20+08:00][sql] SELECT COUNT(*) AS think_count FROM `yh_record` [ RunTime:0.001923s ]
[2020-11-26T20:50:20+08:00][sql] SELECT * FROM `yh_record` ORDER BY `id` DESC LIMIT 0,15 [ RunTime:0.000811s ]
[2020-11-26T20:50:20+08:00][sql] SELECT COUNT(`id`) AS think_count FROM `yh_record` [ RunTime:0.001918s ]
[2020-11-26T20:50:20+08:00][sql] SELECT COUNT(`id`) AS think_count FROM `yh_record` WHERE  `status` = 1 [ RunTime:0.003811s ]
