[2020-10-08T19:48:44+08:00][sql] CONNECT:[ UseTime:0.001426s ] mysql:host=127.0.0.1;port=3306;dbname=jifei;charset=utf8
[2020-10-08T19:48:44+08:00][sql] SHOW FULL COLUMNS FROM `yh_webpz` [ RunTime:0.001383s ]
[2020-10-08T19:48:44+08:00][sql] SELECT * FROM `yh_webpz` WHERE  `id` = 1 LIMIT 1 [ RunTime:0.000321s ]
[2020-10-08T19:48:56+08:00][sql] CONNECT:[ UseTime:0.001355s ] mysql:host=127.0.0.1;port=3306;dbname=jifei;charset=utf8
[2020-10-08T19:48:56+08:00][sql] SHOW FULL COLUMNS FROM `yh_webpz` [ RunTime:0.000863s ]
[2020-10-08T19:48:56+08:00][sql] SELECT * FROM `yh_webpz` WHERE  `id` = 1 LIMIT 1 [ RunTime:0.000287s ]
[2020-10-08T19:48:56+08:00][sql] CONNECT:[ UseTime:0.001486s ] mysql:host=127.0.0.1;port=3306;dbname=jifei;charset=utf8
[2020-10-08T19:48:56+08:00][sql] SHOW FULL COLUMNS FROM `yh_webpz` [ RunTime:0.000898s ]
[2020-10-08T19:48:56+08:00][sql] SELECT * FROM `yh_webpz` WHERE  `id` = 1 LIMIT 1 [ RunTime:0.000263s ]
[2020-10-08T19:49:09+08:00][sql] CONNECT:[ UseTime:0.001398s ] mysql:host=127.0.0.1;port=3306;dbname=jifei;charset=utf8
[2020-10-08T19:49:09+08:00][sql] SHOW FULL COLUMNS FROM `yh_webpz` [ RunTime:0.000924s ]
[2020-10-08T19:49:09+08:00][sql] SELECT * FROM `yh_webpz` WHERE  `id` = 1 LIMIT 1 [ RunTime:0.000260s ]
[2020-10-08T19:49:09+08:00][sql] -- phpMyAdmin SQL Dump
-- version 4.8.5
-- https://www.phpmyadmin.net/
--
-- 主机： localhost
-- 生成日期： 2020-10-08 19:46:54
-- 服务器版本： 5.7.26
-- PHP 版本： 7.3.4

SET SQL_MODE = "NO_AUTO_VALUE_ON_ZERO"; [ RunTime:0.000210s ]
[2020-10-08T19:49:09+08:00][sql] 
SET AUTOCOMMIT = 0; [ RunTime:0.000089s ]
[2020-10-08T19:49:09+08:00][error] [10501]SQLSTATE[HY000]: General error: 2014 Cannot execute queries while other unbuffered queries are active.  Consider using PDOStatement::fetchAll().  Alternatively, if your code is only ever going to run against mysql, you may enable query buffering by setting the PDO::MYSQL_ATTR_USE_BUFFERED_QUERY attribute.[D:\phpstudy_pro\WWW\tp6\vendor\topthink\think-orm\src\db\PDOConnection.php:768]
[2020-10-08T19:49:53+08:00][sql] CONNECT:[ UseTime:0.001563s ] mysql:host=127.0.0.1;port=3306;dbname=jifei;charset=utf8
[2020-10-08T19:49:53+08:00][sql] SHOW FULL COLUMNS FROM `yh_webpz` [ RunTime:0.000942s ]
[2020-10-08T19:49:53+08:00][sql] SELECT * FROM `yh_webpz` WHERE  `id` = 1 LIMIT 1 [ RunTime:0.000248s ]
[2020-10-08T19:50:01+08:00][sql] CONNECT:[ UseTime:0.001449s ] mysql:host=127.0.0.1;port=3306;dbname=jifei;charset=utf8
[2020-10-08T19:50:01+08:00][sql] SHOW FULL COLUMNS FROM `yh_webpz` [ RunTime:0.001015s ]
[2020-10-08T19:50:01+08:00][sql] SELECT * FROM `yh_webpz` WHERE  `id` = 1 LIMIT 1 [ RunTime:0.000253s ]
[2020-10-08T19:50:01+08:00][sql] CONNECT:[ UseTime:0.001278s ] mysql:host=127.0.0.1;port=3306;dbname=jifei;charset=utf8
[2020-10-08T19:50:01+08:00][sql] SHOW FULL COLUMNS FROM `yh_webpz` [ RunTime:0.000928s ]
[2020-10-08T19:50:01+08:00][sql] SELECT * FROM `yh_webpz` WHERE  `id` = 1 LIMIT 1 [ RunTime:0.000279s ]
[2020-10-08T19:50:10+08:00][sql] CONNECT:[ UseTime:0.001330s ] mysql:host=127.0.0.1;port=3306;dbname=jifei;charset=utf8
[2020-10-08T19:50:10+08:00][sql] SHOW FULL COLUMNS FROM `yh_webpz` [ RunTime:0.000868s ]
[2020-10-08T19:50:10+08:00][sql] SELECT * FROM `yh_webpz` WHERE  `id` = 1 LIMIT 1 [ RunTime:0.000424s ]
[2020-10-08T19:50:10+08:00][error] [10501]SQLSTATE[42S01]: Base table or view already exists: 1050 Table 'yh_admin' already exists[D:\phpstudy_pro\WWW\tp6\vendor\topthink\think-orm\src\db\PDOConnection.php:768]
[2020-10-08T19:50:37+08:00][sql] CONNECT:[ UseTime:0.001433s ] mysql:host=127.0.0.1;port=3306;dbname=jifei;charset=utf8
[2020-10-08T19:50:37+08:00][error] [10501]SQLSTATE[42S02]: Base table or view not found: 1146 Table 'jifei.yh_webpz' doesn't exist[D:\phpstudy_pro\WWW\tp6\vendor\topthink\think-orm\src\db\PDOConnection.php:768]
[2020-10-08T19:50:47+08:00][sql] CONNECT:[ UseTime:0.010395s ] mysql:host=127.0.0.1;port=3306;dbname=jifei;charset=utf8
[2020-10-08T19:50:47+08:00][error] [10501]SQLSTATE[42S02]: Base table or view not found: 1146 Table 'jifei.yh_webpz' doesn't exist[D:\phpstudy_pro\WWW\tp6\vendor\topthink\think-orm\src\db\PDOConnection.php:768]
[2020-10-08T19:52:12+08:00][error] [8]Undefined property: app\install\controller\Index::$file[D:\phpstudy_pro\WWW\tp6\app\install\controller\Index.php:26]
[2020-10-08T19:52:18+08:00][error] [8]Undefined property: app\install\controller\Index::$file[D:\phpstudy_pro\WWW\tp6\app\install\controller\Index.php:26]
[2020-10-08T19:52:22+08:00][error] [8]Undefined property: app\install\controller\Index::$file[D:\phpstudy_pro\WWW\tp6\app\install\controller\Index.php:26]
[2020-10-08T19:53:55+08:00][sql] CONNECT:[ UseTime:0.001471s ] mysql:host=127.0.0.1;port=3306;dbname=jifei;charset=utf8
[2020-10-08T19:53:55+08:00][sql] 
--
-- 数据库： `jifei`
--

-- --------------------------------------------------------

--
-- 表的结构 `yh_admin`
--

CREATE TABLE `yh_admin` (
  `id` int(11) NOT NULL COMMENT '账号id',
  `name` char(10) NOT NULL COMMENT '管理员名称',
  `username` char(10) NOT NULL COMMENT '用户名',
  `password` char(32) NOT NULL COMMENT '密码',
  `identity` tinyint(1) NOT NULL COMMENT '身份 1-超级管理员 2-代理'
) ENGINE=InnoDB DEFAULT CHARSET=utf8; [ RunTime:0.040480s ]
[2020-10-08T19:53:55+08:00][sql] 

-- --------------------------------------------------------

--
-- 表的结构 `yh_business`
--

CREATE TABLE `yh_business` (
  `id` int(11) NOT NULL COMMENT '用户id',
  `type` tinyint(4) NOT NULL COMMENT '1-包点 2-包月',
  `surplus` int(11) NOT NULL COMMENT '剩余业务',
  `calltoday` int(11) NOT NULL COMMENT '今日调用',
  `user_uid` int(11) NOT NULL COMMENT 'uid',
  `user_key` varchar(32) NOT NULL COMMENT 'key',
  `limitnum` int(11) NOT NULL COMMENT '限制'
) ENGINE=InnoDB DEFAULT CHARSET=utf8; [ RunTime:0.032513s ]
[2020-10-08T19:53:55+08:00][sql] 

-- --------------------------------------------------------

--
-- 表的结构 `yh_information`
--

CREATE TABLE `yh_information` (
  `id` int(11) NOT NULL COMMENT '管理员id',
  `notice` text COMMENT '公告信息',
  `zfid` char(10) NOT NULL COMMENT '支付id',
  `zfkey` char(50) NOT NULL COMMENT '支付key',
  `give` int(11) NOT NULL DEFAULT '500' COMMENT '赠送点数'
) ENGINE=InnoDB DEFAULT CHARSET=utf8; [ RunTime:0.035928s ]
[2020-10-08T19:53:55+08:00][sql] 

--
-- 转存表中的数据 `yh_information`
--

INSERT INTO `yh_information` (`id`, `notice`, `zfid`, `zfkey`, `give`) VALUES
(1, '\r\n     <p><font color=\"red\">必看：</font>请到解析设置里查看使用教程</p>\r\n      <p>解析售后交流群:xxxxxxxx 有问题可以发群里讨论交流</p>\r\n      ', '1000', 'xxxxxxxxxx', 100); [ RunTime:0.008067s ]
[2020-10-08T19:54:14+08:00][sql] CONNECT:[ UseTime:0.001456s ] mysql:host=127.0.0.1;port=3306;dbname=jifei;charset=utf8
[2020-10-08T19:54:14+08:00][sql] 
--
-- 数据库： `jifei`
--

-- --------------------------------------------------------

--
-- 表的结构 `yh_admin`
--

CREATE TABLE `yh_admin` (
  `id` int(11) NOT NULL COMMENT '账号id',
  `name` char(10) NOT NULL COMMENT '管理员名称',
  `username` char(10) NOT NULL COMMENT '用户名',
  `password` char(32) NOT NULL COMMENT '密码',
  `identity` tinyint(1) NOT NULL COMMENT '身份 1-超级管理员 2-代理'
) ENGINE=InnoDB DEFAULT CHARSET=utf8; [ RunTime:0.032589s ]
[2020-10-08T19:54:14+08:00][sql] 

-- --------------------------------------------------------

--
-- 表的结构 `yh_business`
--

CREATE TABLE `yh_business` (
  `id` int(11) NOT NULL COMMENT '用户id',
  `type` tinyint(4) NOT NULL COMMENT '1-包点 2-包月',
  `surplus` int(11) NOT NULL COMMENT '剩余业务',
  `calltoday` int(11) NOT NULL COMMENT '今日调用',
  `user_uid` int(11) NOT NULL COMMENT 'uid',
  `user_key` varchar(32) NOT NULL COMMENT 'key',
  `limitnum` int(11) NOT NULL COMMENT '限制'
) ENGINE=InnoDB DEFAULT CHARSET=utf8; [ RunTime:0.032584s ]
[2020-10-08T19:54:14+08:00][sql] 

-- --------------------------------------------------------

--
-- 表的结构 `yh_information`
--

CREATE TABLE `yh_information` (
  `id` int(11) NOT NULL COMMENT '管理员id',
  `notice` text COMMENT '公告信息',
  `zfid` char(10) NOT NULL COMMENT '支付id',
  `zfkey` char(50) NOT NULL COMMENT '支付key',
  `give` int(11) NOT NULL DEFAULT '500' COMMENT '赠送点数'
) ENGINE=InnoDB DEFAULT CHARSET=utf8; [ RunTime:0.036325s ]
[2020-10-08T19:54:14+08:00][sql] 

--
-- 转存表中的数据 `yh_information`
--

INSERT INTO `yh_information` (`id`, `notice`, `zfid`, `zfkey`, `give`) VALUES
(1, '\r\n     <p><font color=\"red\">必看：</font>请到解析设置里查看使用教程</p>\r\n      <p>解析售后交流群:xxxxxxxx 有问题可以发群里讨论交流</p>\r\n      ', '1000', 'xxxxxxxxxx', 100); [ RunTime:0.007136s ]
[2020-10-08T19:59:16+08:00][sql] CONNECT:[ UseTime:0.001566s ] mysql:host=127.0.0.1;port=3306;dbname=jifei;charset=utf8
[2020-10-08T19:59:16+08:00][sql] 
--
-- 数据库： `jifei`
--

-- --------------------------------------------------------

--
-- 表的结构 `yh_admin`
--

CREATE TABLE `yh_admin` (
  `id` int(11) NOT NULL COMMENT '账号id',
  `name` char(10) NOT NULL COMMENT '管理员名称',
  `username` char(10) NOT NULL COMMENT '用户名',
  `password` char(32) NOT NULL COMMENT '密码',
  `identity` tinyint(1) NOT NULL COMMENT '身份 1-超级管理员 2-代理'
) ENGINE=InnoDB DEFAULT CHARSET=utf8; [ RunTime:0.036867s ]
[2020-10-08T19:59:16+08:00][sql] 

-- --------------------------------------------------------

--
-- 表的结构 `yh_business`
--

CREATE TABLE `yh_business` (
  `id` int(11) NOT NULL COMMENT '用户id',
  `type` tinyint(4) NOT NULL COMMENT '1-包点 2-包月',
  `surplus` int(11) NOT NULL COMMENT '剩余业务',
  `calltoday` int(11) NOT NULL COMMENT '今日调用',
  `user_uid` int(11) NOT NULL COMMENT 'uid',
  `user_key` varchar(32) NOT NULL COMMENT 'key',
  `limitnum` int(11) NOT NULL COMMENT '限制'
) ENGINE=InnoDB DEFAULT CHARSET=utf8; [ RunTime:0.036874s ]
[2020-10-08T19:59:16+08:00][sql] 

-- --------------------------------------------------------

--
-- 表的结构 `yh_information`
--

CREATE TABLE `yh_information` (
  `id` int(11) NOT NULL COMMENT '管理员id',
  `notice` text COMMENT '公告信息',
  `zfid` char(10) NOT NULL COMMENT '支付id',
  `zfkey` char(50) NOT NULL COMMENT '支付key',
  `give` int(11) NOT NULL DEFAULT '500' COMMENT '赠送点数'
) ENGINE=InnoDB DEFAULT CHARSET=utf8; [ RunTime:0.035594s ]
[2020-10-08T19:59:16+08:00][sql] 

--
-- 转存表中的数据 `yh_information`
--

INSERT INTO `yh_information` (`id`, `notice`, `zfid`, `zfkey`, `give`) VALUES
(1, '<p><font color="red">必看：</font>请到解析设置里查看使用教程</p><p>解析售后交流群:xxxxxxxx 有问题可以发群里讨论交流</p>', '1000', 'xxxxxxxxxx', 100); [ RunTime:0.008115s ]
[2020-10-08T19:59:28+08:00][sql] CONNECT:[ UseTime:0.001335s ] mysql:host=127.0.0.1;port=3306;dbname=jifei;charset=utf8
[2020-10-08T19:59:28+08:00][sql] 
--
-- 数据库： `jifei`
--

-- --------------------------------------------------------

--
-- 表的结构 `yh_admin`
--

CREATE TABLE `yh_admin` (
  `id` int(11) NOT NULL COMMENT '账号id',
  `name` char(10) NOT NULL COMMENT '管理员名称',
  `username` char(10) NOT NULL COMMENT '用户名',
  `password` char(32) NOT NULL COMMENT '密码',
  `identity` tinyint(1) NOT NULL COMMENT '身份 1-超级管理员 2-代理'
) ENGINE=InnoDB DEFAULT CHARSET=utf8; [ RunTime:0.032574s ]
[2020-10-08T19:59:28+08:00][sql] 

-- --------------------------------------------------------

--
-- 表的结构 `yh_business`
--

CREATE TABLE `yh_business` (
  `id` int(11) NOT NULL COMMENT '用户id',
  `type` tinyint(4) NOT NULL COMMENT '1-包点 2-包月',
  `surplus` int(11) NOT NULL COMMENT '剩余业务',
  `calltoday` int(11) NOT NULL COMMENT '今日调用',
  `user_uid` int(11) NOT NULL COMMENT 'uid',
  `user_key` varchar(32) NOT NULL COMMENT 'key',
  `limitnum` int(11) NOT NULL COMMENT '限制'
) ENGINE=InnoDB DEFAULT CHARSET=utf8; [ RunTime:0.036605s ]
[2020-10-08T19:59:28+08:00][sql] 

-- --------------------------------------------------------

--
-- 表的结构 `yh_information`
--

CREATE TABLE `yh_information` (
  `id` int(11) NOT NULL COMMENT '管理员id',
  `notice` text COMMENT '公告信息',
  `zfid` char(10) NOT NULL COMMENT '支付id',
  `zfkey` char(50) NOT NULL COMMENT '支付key',
  `give` int(11) NOT NULL DEFAULT '500' COMMENT '赠送点数'
) ENGINE=InnoDB DEFAULT CHARSET=utf8; [ RunTime:0.036568s ]
[2020-10-08T19:59:28+08:00][sql] 

--
-- 转存表中的数据 `yh_information`
--

INSERT INTO `yh_information` (`id`, `notice`, `zfid`, `zfkey`, `give`) VALUES
(1, '<p><font color="red">必看：</font>请到解析设置里查看使用教程</p><p>解析售后交流群:xxxxxxxx 有问题可以发群里讨论交流</p>', '1000', 'xxxxxxxxxx', 100); [ RunTime:0.007576s ]
