[2021-03-07T20:41:27+08:00][sql] CONNECT:[ UseTime:0.000717s ] mysql:host=127.0.0.1;port=3306;dbname=yunhaijifeixit;charset=utf8
[2021-03-07T20:41:27+08:00][sql] SHOW FULL COLUMNS FROM `yh_webpz` [ RunTime:0.001377s ]
[2021-03-07T20:41:27+08:00][sql] SELECT * FROM `yh_webpz` WHERE  `id` = 1 LIMIT 1 [ RunTime:0.000520s ]
[2021-03-07T20:41:34+08:00][sql] CONNECT:[ UseTime:0.000910s ] mysql:host=127.0.0.1;port=3306;dbname=yunhaijifeixit;charset=utf8
[2021-03-07T20:41:34+08:00][sql] SHOW FULL COLUMNS FROM `yh_webpz` [ RunTime:0.002228s ]
[2021-03-07T20:41:34+08:00][sql] SELECT * FROM `yh_webpz` WHERE  `id` = 1 LIMIT 1 [ RunTime:0.000601s ]
[2021-03-07T20:41:34+08:00][sql] SHOW FULL COLUMNS FROM `yh_user` [ RunTime:0.001022s ]
[2021-03-07T20:41:34+08:00][sql] SELECT * FROM `yh_user` WHERE  `username` = '8232374' LIMIT 1 [ RunTime:0.000440s ]
[2021-03-07T20:41:34+08:00][sql] SELECT * FROM `yh_user` WHERE  `email` = '8232374@qq.com' LIMIT 1 [ RunTime:0.000323s ]
[2021-03-07T20:41:34+08:00][sql] INSERT INTO `yh_user` SET `username` = '8232374' , `password` = '336e30c763bf333904771133c12ab87d' , `email` = '8232374@qq.com' , `qq` = '8232374' , `balance` = 0 , `intime` = 1615120894 , `status` = 1 [ RunTime:0.002080s ]
[2021-03-07T20:41:34+08:00][sql] SHOW FULL COLUMNS FROM `yh_information` [ RunTime:0.000956s ]
[2021-03-07T20:41:34+08:00][sql] SELECT `give` FROM `yh_information` WHERE  `id` = 1 LIMIT 1 [ RunTime:0.000428s ]
[2021-03-07T20:41:34+08:00][sql] SHOW FULL COLUMNS FROM `yh_business` [ RunTime:0.000959s ]
[2021-03-07T20:41:34+08:00][sql] INSERT INTO `yh_business` SET `id` = 1 , `type` = 1 , `surplus` = 100 , `calltoday` = 0 , `limitnum` = 0 , `user_uid` = 14553 , `user_key` = 'ahotuwBDEIJKMNOQR4' [ RunTime:0.002395s ]
[2021-03-07T20:41:34+08:00][sql] CONNECT:[ UseTime:0.000912s ] mysql:host=127.0.0.1;port=3306;dbname=yunhaijifeixit;charset=utf8
[2021-03-07T20:41:34+08:00][sql] SHOW FULL COLUMNS FROM `yh_webpz` [ RunTime:0.001491s ]
[2021-03-07T20:41:34+08:00][sql] SELECT * FROM `yh_webpz` WHERE  `id` = 1 LIMIT 1 [ RunTime:0.000506s ]
[2021-03-07T20:41:38+08:00][sql] CONNECT:[ UseTime:0.000628s ] mysql:host=127.0.0.1;port=3306;dbname=yunhaijifeixit;charset=utf8
[2021-03-07T20:41:38+08:00][sql] SHOW FULL COLUMNS FROM `yh_webpz` [ RunTime:0.001188s ]
[2021-03-07T20:41:38+08:00][sql] SELECT * FROM `yh_webpz` WHERE  `id` = 1 LIMIT 1 [ RunTime:0.000383s ]
[2021-03-07T20:41:38+08:00][sql] SHOW FULL COLUMNS FROM `yh_user` [ RunTime:0.000899s ]
[2021-03-07T20:41:38+08:00][sql] SELECT * FROM `yh_user` WHERE  `username` = '8232374'  AND `password` = '336e30c763bf333904771133c12ab87d' LIMIT 1 [ RunTime:0.000439s ]
[2021-03-07T20:41:39+08:00][sql] CONNECT:[ UseTime:0.000821s ] mysql:host=127.0.0.1;port=3306;dbname=yunhaijifeixit;charset=utf8
[2021-03-07T20:41:39+08:00][sql] SHOW FULL COLUMNS FROM `yh_user` [ RunTime:0.001428s ]
[2021-03-07T20:41:39+08:00][sql] SELECT * FROM `yh_user` WHERE  `id` = 1 LIMIT 1 [ RunTime:0.000453s ]
[2021-03-07T20:41:39+08:00][sql] SHOW FULL COLUMNS FROM `yh_business` [ RunTime:0.000983s ]
[2021-03-07T20:41:39+08:00][sql] SELECT * FROM `yh_business` WHERE  `id` = 1 LIMIT 1 [ RunTime:0.000428s ]
[2021-03-07T20:41:39+08:00][sql] SHOW FULL COLUMNS FROM `yh_webpz` [ RunTime:0.001064s ]
[2021-03-07T20:41:39+08:00][sql] SELECT * FROM `yh_webpz` WHERE  `id` = 1 LIMIT 1 [ RunTime:0.000514s ]
[2021-03-07T20:41:39+08:00][sql] SHOW FULL COLUMNS FROM `yh_record` [ RunTime:0.001948s ]
[2021-03-07T20:41:39+08:00][sql] SELECT COUNT(*) AS think_count FROM `yh_record` WHERE  `uid` = 14553  AND `intime` > 1615046400 [ RunTime:0.000630s ]
[2021-03-07T20:41:39+08:00][sql] SHOW FULL COLUMNS FROM `yh_information` [ RunTime:0.001007s ]
[2021-03-07T20:41:39+08:00][sql] SELECT * FROM `yh_information` WHERE  `id` = 1 LIMIT 1 [ RunTime:0.000404s ]
[2021-03-07T20:42:01+08:00][sql] CONNECT:[ UseTime:0.000629s ] mysql:host=127.0.0.1;port=3306;dbname=yunhaijifeixit;charset=utf8
[2021-03-07T20:42:01+08:00][sql] SHOW FULL COLUMNS FROM `yh_user` [ RunTime:0.001274s ]
[2021-03-07T20:42:01+08:00][sql] SELECT * FROM `yh_user` WHERE  `id` = 1 LIMIT 1 [ RunTime:0.000438s ]
[2021-03-07T20:42:01+08:00][sql] SHOW FULL COLUMNS FROM `yh_business` [ RunTime:0.000828s ]
[2021-03-07T20:42:01+08:00][sql] SELECT * FROM `yh_business` WHERE  `id` = 1 LIMIT 1 [ RunTime:0.000315s ]
[2021-03-07T20:42:01+08:00][sql] SHOW FULL COLUMNS FROM `yh_webpz` [ RunTime:0.000871s ]
[2021-03-07T20:42:01+08:00][sql] SELECT * FROM `yh_webpz` WHERE  `id` = 1 LIMIT 1 [ RunTime:0.000480s ]
[2021-03-07T20:42:02+08:00][sql] CONNECT:[ UseTime:0.000708s ] mysql:host=127.0.0.1;port=3306;dbname=yunhaijifeixit;charset=utf8
[2021-03-07T20:42:02+08:00][sql] SHOW FULL COLUMNS FROM `yh_user` [ RunTime:0.001289s ]
[2021-03-07T20:42:02+08:00][sql] SELECT * FROM `yh_user` WHERE  `id` = 1 LIMIT 1 [ RunTime:0.000483s ]
[2021-03-07T20:42:02+08:00][sql] SHOW FULL COLUMNS FROM `yh_business` [ RunTime:0.000941s ]
[2021-03-07T20:42:02+08:00][sql] SELECT * FROM `yh_business` WHERE  `id` = 1 LIMIT 1 [ RunTime:0.000414s ]
[2021-03-07T20:42:02+08:00][sql] SHOW FULL COLUMNS FROM `yh_webpz` [ RunTime:0.000869s ]
[2021-03-07T20:42:02+08:00][sql] SELECT * FROM `yh_webpz` WHERE  `id` = 1 LIMIT 1 [ RunTime:0.000407s ]
[2021-03-07T20:42:02+08:00][sql] SHOW FULL COLUMNS FROM `yh_meal` [ RunTime:0.000917s ]
[2021-03-07T20:42:02+08:00][sql] SELECT * FROM `yh_meal` WHERE  `status` = 1  AND `type` = 1 ORDER BY `id` DESC [ RunTime:0.000388s ]
[2021-03-07T20:42:03+08:00][sql] CONNECT:[ UseTime:0.000983s ] mysql:host=127.0.0.1;port=3306;dbname=yunhaijifeixit;charset=utf8
[2021-03-07T20:42:03+08:00][sql] SHOW FULL COLUMNS FROM `yh_user` [ RunTime:0.001466s ]
[2021-03-07T20:42:03+08:00][sql] SELECT * FROM `yh_user` WHERE  `id` = 1 LIMIT 1 [ RunTime:0.000423s ]
[2021-03-07T20:42:03+08:00][sql] SHOW FULL COLUMNS FROM `yh_business` [ RunTime:0.000996s ]
[2021-03-07T20:42:03+08:00][sql] SELECT * FROM `yh_business` WHERE  `id` = 1 LIMIT 1 [ RunTime:0.000403s ]
[2021-03-07T20:42:03+08:00][sql] SHOW FULL COLUMNS FROM `yh_webpz` [ RunTime:0.000959s ]
[2021-03-07T20:42:03+08:00][sql] SELECT * FROM `yh_webpz` WHERE  `id` = 1 LIMIT 1 [ RunTime:0.000436s ]
[2021-03-07T20:42:05+08:00][sql] CONNECT:[ UseTime:0.000799s ] mysql:host=127.0.0.1;port=3306;dbname=yunhaijifeixit;charset=utf8
[2021-03-07T20:42:05+08:00][sql] SHOW FULL COLUMNS FROM `yh_user` [ RunTime:0.001307s ]
[2021-03-07T20:42:05+08:00][sql] SELECT * FROM `yh_user` WHERE  `id` = 1 LIMIT 1 [ RunTime:0.000432s ]
[2021-03-07T20:42:05+08:00][sql] SHOW FULL COLUMNS FROM `yh_business` [ RunTime:0.000885s ]
[2021-03-07T20:42:05+08:00][sql] SELECT * FROM `yh_business` WHERE  `id` = 1 LIMIT 1 [ RunTime:0.000333s ]
[2021-03-07T20:42:05+08:00][sql] SHOW FULL COLUMNS FROM `yh_webpz` [ RunTime:0.000902s ]
[2021-03-07T20:42:05+08:00][sql] SELECT * FROM `yh_webpz` WHERE  `id` = 1 LIMIT 1 [ RunTime:0.000344s ]
[2021-03-07T20:43:01+08:00][sql] CONNECT:[ UseTime:0.000666s ] mysql:host=127.0.0.1;port=3306;dbname=yunhaijifeixit;charset=utf8
[2021-03-07T20:43:01+08:00][sql] SHOW FULL COLUMNS FROM `yh_user` [ RunTime:0.001343s ]
[2021-03-07T20:43:01+08:00][sql] SELECT * FROM `yh_user` WHERE  `id` = 1 LIMIT 1 [ RunTime:0.000468s ]
[2021-03-07T20:43:01+08:00][sql] SHOW FULL COLUMNS FROM `yh_business` [ RunTime:0.001003s ]
[2021-03-07T20:43:01+08:00][sql] SELECT * FROM `yh_business` WHERE  `id` = 1 LIMIT 1 [ RunTime:0.000319s ]
[2021-03-07T20:43:01+08:00][sql] SHOW FULL COLUMNS FROM `yh_webpz` [ RunTime:0.000991s ]
[2021-03-07T20:43:01+08:00][sql] SELECT * FROM `yh_webpz` WHERE  `id` = 1 LIMIT 1 [ RunTime:0.000352s ]
[2021-03-07T20:43:06+08:00][sql] CONNECT:[ UseTime:0.000666s ] mysql:host=127.0.0.1;port=3306;dbname=yunhaijifeixit;charset=utf8
[2021-03-07T20:43:06+08:00][sql] SHOW FULL COLUMNS FROM `yh_user` [ RunTime:0.001246s ]
[2021-03-07T20:43:06+08:00][sql] SELECT * FROM `yh_user` WHERE  `id` = 1 LIMIT 1 [ RunTime:0.000392s ]
[2021-03-07T20:43:06+08:00][sql] SHOW FULL COLUMNS FROM `yh_business` [ RunTime:0.000963s ]
[2021-03-07T20:43:06+08:00][sql] SELECT * FROM `yh_business` WHERE  `id` = 1 LIMIT 1 [ RunTime:0.000344s ]
[2021-03-07T20:43:06+08:00][sql] SHOW FULL COLUMNS FROM `yh_webpz` [ RunTime:0.001167s ]
[2021-03-07T20:43:06+08:00][sql] SELECT * FROM `yh_webpz` WHERE  `id` = 1 LIMIT 1 [ RunTime:0.000437s ]
[2021-03-07T20:43:08+08:00][sql] CONNECT:[ UseTime:0.000633s ] mysql:host=127.0.0.1;port=3306;dbname=yunhaijifeixit;charset=utf8
[2021-03-07T20:43:08+08:00][sql] SHOW FULL COLUMNS FROM `yh_user` [ RunTime:0.001432s ]
[2021-03-07T20:43:08+08:00][sql] SELECT * FROM `yh_user` WHERE  `id` = 1 LIMIT 1 [ RunTime:0.000464s ]
[2021-03-07T20:43:08+08:00][sql] SHOW FULL COLUMNS FROM `yh_business` [ RunTime:0.000961s ]
[2021-03-07T20:43:08+08:00][sql] SELECT * FROM `yh_business` WHERE  `id` = 1 LIMIT 1 [ RunTime:0.000402s ]
[2021-03-07T20:43:08+08:00][sql] SHOW FULL COLUMNS FROM `yh_webpz` [ RunTime:0.000985s ]
[2021-03-07T20:43:08+08:00][sql] SELECT * FROM `yh_webpz` WHERE  `id` = 1 LIMIT 1 [ RunTime:0.000438s ]
[2021-03-07T20:43:11+08:00][sql] CONNECT:[ UseTime:0.002769s ] mysql:host=127.0.0.1;port=3306;dbname=yunhaijifeixit;charset=utf8
[2021-03-07T20:43:11+08:00][sql] SHOW FULL COLUMNS FROM `yh_user` [ RunTime:0.001503s ]
[2021-03-07T20:43:11+08:00][sql] SELECT * FROM `yh_user` WHERE  `id` = 1 LIMIT 1 [ RunTime:0.000529s ]
[2021-03-07T20:43:11+08:00][sql] SHOW FULL COLUMNS FROM `yh_business` [ RunTime:0.001088s ]
[2021-03-07T20:43:11+08:00][sql] SELECT * FROM `yh_business` WHERE  `id` = 1 LIMIT 1 [ RunTime:0.000552s ]
[2021-03-07T20:43:11+08:00][sql] SHOW FULL COLUMNS FROM `yh_webpz` [ RunTime:0.001419s ]
[2021-03-07T20:43:11+08:00][sql] SELECT * FROM `yh_webpz` WHERE  `id` = 1 LIMIT 1 [ RunTime:0.000642s ]
[2021-03-07T20:43:13+08:00][sql] CONNECT:[ UseTime:0.000655s ] mysql:host=127.0.0.1;port=3306;dbname=yunhaijifeixit;charset=utf8
[2021-03-07T20:43:13+08:00][sql] SHOW FULL COLUMNS FROM `yh_user` [ RunTime:0.001297s ]
[2021-03-07T20:43:13+08:00][sql] SELECT * FROM `yh_user` WHERE  `id` = 1 LIMIT 1 [ RunTime:0.000542s ]
[2021-03-07T20:43:13+08:00][sql] SHOW FULL COLUMNS FROM `yh_business` [ RunTime:0.001119s ]
[2021-03-07T20:43:13+08:00][sql] SELECT * FROM `yh_business` WHERE  `id` = 1 LIMIT 1 [ RunTime:0.000347s ]
[2021-03-07T20:43:13+08:00][sql] SHOW FULL COLUMNS FROM `yh_webpz` [ RunTime:0.001166s ]
[2021-03-07T20:43:13+08:00][sql] SELECT * FROM `yh_webpz` WHERE  `id` = 1 LIMIT 1 [ RunTime:0.000455s ]
[2021-03-07T20:43:14+08:00][sql] CONNECT:[ UseTime:0.001045s ] mysql:host=127.0.0.1;port=3306;dbname=yunhaijifeixit;charset=utf8
[2021-03-07T20:43:14+08:00][sql] SHOW FULL COLUMNS FROM `yh_user` [ RunTime:0.002032s ]
[2021-03-07T20:43:14+08:00][sql] SELECT * FROM `yh_user` WHERE  `id` = 1 LIMIT 1 [ RunTime:0.000573s ]
[2021-03-07T20:43:14+08:00][sql] SHOW FULL COLUMNS FROM `yh_business` [ RunTime:0.001012s ]
[2021-03-07T20:43:14+08:00][sql] SELECT * FROM `yh_business` WHERE  `id` = 1 LIMIT 1 [ RunTime:0.000406s ]
[2021-03-07T20:43:14+08:00][sql] SHOW FULL COLUMNS FROM `yh_webpz` [ RunTime:0.001094s ]
[2021-03-07T20:43:14+08:00][sql] SELECT * FROM `yh_webpz` WHERE  `id` = 1 LIMIT 1 [ RunTime:0.000464s ]
[2021-03-07T20:43:19+08:00][sql] CONNECT:[ UseTime:0.000735s ] mysql:host=127.0.0.1;port=3306;dbname=yunhaijifeixit;charset=utf8
[2021-03-07T20:43:19+08:00][sql] SHOW FULL COLUMNS FROM `yh_user` [ RunTime:0.001599s ]
[2021-03-07T20:43:19+08:00][sql] SELECT * FROM `yh_user` WHERE  `id` = 1 LIMIT 1 [ RunTime:0.000520s ]
[2021-03-07T20:43:19+08:00][sql] SHOW FULL COLUMNS FROM `yh_business` [ RunTime:0.001235s ]
[2021-03-07T20:43:19+08:00][sql] SELECT * FROM `yh_business` WHERE  `id` = 1 LIMIT 1 [ RunTime:0.000416s ]
[2021-03-07T20:43:19+08:00][sql] SHOW FULL COLUMNS FROM `yh_webpz` [ RunTime:0.001295s ]
[2021-03-07T20:43:19+08:00][sql] SELECT * FROM `yh_webpz` WHERE  `id` = 1 LIMIT 1 [ RunTime:0.000448s ]
[2021-03-07T20:43:19+08:00][sql] SHOW FULL COLUMNS FROM `yh_record` [ RunTime:0.001202s ]
[2021-03-07T20:43:19+08:00][sql] SELECT COUNT(*) AS think_count FROM `yh_record` WHERE  `uid` = 14553  AND `intime` > 1615046400 [ RunTime:0.000379s ]
[2021-03-07T20:43:19+08:00][sql] SHOW FULL COLUMNS FROM `yh_information` [ RunTime:0.001230s ]
[2021-03-07T20:43:19+08:00][sql] SELECT * FROM `yh_information` WHERE  `id` = 1 LIMIT 1 [ RunTime:0.000406s ]
[2021-03-07T20:43:24+08:00][sql] CONNECT:[ UseTime:0.000777s ] mysql:host=127.0.0.1;port=3306;dbname=yunhaijifeixit;charset=utf8
[2021-03-07T20:43:24+08:00][sql] SHOW FULL COLUMNS FROM `yh_user` [ RunTime:0.001692s ]
[2021-03-07T20:43:24+08:00][sql] SELECT * FROM `yh_user` WHERE  `id` = 1 LIMIT 1 [ RunTime:0.001200s ]
[2021-03-07T20:43:24+08:00][sql] SHOW FULL COLUMNS FROM `yh_business` [ RunTime:0.001233s ]
[2021-03-07T20:43:24+08:00][sql] SELECT * FROM `yh_business` WHERE  `id` = 1 LIMIT 1 [ RunTime:0.000485s ]
[2021-03-07T20:43:24+08:00][sql] SHOW FULL COLUMNS FROM `yh_webpz` [ RunTime:0.001159s ]
[2021-03-07T20:43:24+08:00][sql] SELECT * FROM `yh_webpz` WHERE  `id` = 1 LIMIT 1 [ RunTime:0.000470s ]
[2021-03-07T20:43:24+08:00][sql] SHOW FULL COLUMNS FROM `yh_meal` [ RunTime:0.001240s ]
[2021-03-07T20:43:24+08:00][sql] SELECT * FROM `yh_meal` WHERE  `status` = 1  AND `type` = 1 ORDER BY `id` DESC [ RunTime:0.000572s ]
[2021-03-07T20:43:26+08:00][sql] CONNECT:[ UseTime:0.000621s ] mysql:host=127.0.0.1;port=3306;dbname=yunhaijifeixit;charset=utf8
[2021-03-07T20:43:26+08:00][sql] SHOW FULL COLUMNS FROM `yh_user` [ RunTime:0.001409s ]
[2021-03-07T20:43:26+08:00][sql] SELECT * FROM `yh_user` WHERE  `id` = 1 LIMIT 1 [ RunTime:0.000442s ]
[2021-03-07T20:43:26+08:00][sql] SHOW FULL COLUMNS FROM `yh_business` [ RunTime:0.000961s ]
[2021-03-07T20:43:26+08:00][sql] SELECT * FROM `yh_business` WHERE  `id` = 1 LIMIT 1 [ RunTime:0.000350s ]
[2021-03-07T20:43:26+08:00][sql] SHOW FULL COLUMNS FROM `yh_webpz` [ RunTime:0.000988s ]
[2021-03-07T20:43:26+08:00][sql] SELECT * FROM `yh_webpz` WHERE  `id` = 1 LIMIT 1 [ RunTime:0.000398s ]
[2021-03-07T20:43:26+08:00][sql] SHOW FULL COLUMNS FROM `yh_meal` [ RunTime:0.000995s ]
[2021-03-07T20:43:26+08:00][sql] SELECT * FROM `yh_meal` WHERE  `id` = 8 LIMIT 1 [ RunTime:0.000397s ]
[2021-03-07T20:43:26+08:00][sql] UPDATE `yh_user`  SET `balance` = 942  WHERE  `id` = 1 [ RunTime:0.002989s ]
[2021-03-07T20:43:26+08:00][sql] SELECT * FROM `yh_business` WHERE  `id` = 1 LIMIT 1 [ RunTime:0.000413s ]
[2021-03-07T20:43:26+08:00][sql] UPDATE `yh_business`  SET `type` = 1 , `surplus` = 500098 , `limitnum` = 0  WHERE  `id` = 1 [ RunTime:0.001493s ]
[2021-03-07T20:43:26+08:00][sql] CONNECT:[ UseTime:0.000716s ] mysql:host=127.0.0.1;port=3306;dbname=yunhaijifeixit;charset=utf8
[2021-03-07T20:43:26+08:00][sql] SHOW FULL COLUMNS FROM `yh_user` [ RunTime:0.001863s ]
[2021-03-07T20:43:26+08:00][sql] SELECT * FROM `yh_user` WHERE  `id` = 1 LIMIT 1 [ RunTime:0.000499s ]
[2021-03-07T20:43:26+08:00][sql] SHOW FULL COLUMNS FROM `yh_business` [ RunTime:0.001309s ]
[2021-03-07T20:43:26+08:00][sql] SELECT * FROM `yh_business` WHERE  `id` = 1 LIMIT 1 [ RunTime:0.000403s ]
[2021-03-07T20:43:26+08:00][sql] SHOW FULL COLUMNS FROM `yh_webpz` [ RunTime:0.001367s ]
[2021-03-07T20:43:26+08:00][sql] SELECT * FROM `yh_webpz` WHERE  `id` = 1 LIMIT 1 [ RunTime:0.000432s ]
[2021-03-07T20:43:26+08:00][sql] SHOW FULL COLUMNS FROM `yh_meal` [ RunTime:0.001325s ]
[2021-03-07T20:43:26+08:00][sql] SELECT * FROM `yh_meal` WHERE  `status` = 1  AND `type` = 1 ORDER BY `id` DESC [ RunTime:0.000547s ]
[2021-03-07T20:43:28+08:00][sql] CONNECT:[ UseTime:0.000920s ] mysql:host=127.0.0.1;port=3306;dbname=yunhaijifeixit;charset=utf8
[2021-03-07T20:43:28+08:00][sql] SHOW FULL COLUMNS FROM `yh_user` [ RunTime:0.001352s ]
[2021-03-07T20:43:28+08:00][sql] SELECT * FROM `yh_user` WHERE  `id` = 1 LIMIT 1 [ RunTime:0.000420s ]
[2021-03-07T20:43:28+08:00][sql] SHOW FULL COLUMNS FROM `yh_business` [ RunTime:0.000859s ]
[2021-03-07T20:43:28+08:00][sql] SELECT * FROM `yh_business` WHERE  `id` = 1 LIMIT 1 [ RunTime:0.000329s ]
[2021-03-07T20:43:28+08:00][sql] SHOW FULL COLUMNS FROM `yh_webpz` [ RunTime:0.000898s ]
[2021-03-07T20:43:28+08:00][sql] SELECT * FROM `yh_webpz` WHERE  `id` = 1 LIMIT 1 [ RunTime:0.000355s ]
[2021-03-07T20:43:28+08:00][sql] CONNECT:[ UseTime:0.000851s ] mysql:host=127.0.0.1;port=3306;dbname=yunhaijifeixit;charset=utf8
[2021-03-07T20:43:28+08:00][sql] SHOW FULL COLUMNS FROM `yh_user` [ RunTime:0.001495s ]
[2021-03-07T20:43:28+08:00][sql] SELECT * FROM `yh_user` WHERE  `id` = 1 LIMIT 1 [ RunTime:0.000577s ]
[2021-03-07T20:43:28+08:00][sql] SHOW FULL COLUMNS FROM `yh_business` [ RunTime:0.001016s ]
[2021-03-07T20:43:28+08:00][sql] SELECT * FROM `yh_business` WHERE  `id` = 1 LIMIT 1 [ RunTime:0.000326s ]
[2021-03-07T20:43:28+08:00][sql] SHOW FULL COLUMNS FROM `yh_webpz` [ RunTime:0.000875s ]
[2021-03-07T20:43:28+08:00][sql] SELECT * FROM `yh_webpz` WHERE  `id` = 1 LIMIT 1 [ RunTime:0.000386s ]
[2021-03-07T20:43:28+08:00][sql] SHOW FULL COLUMNS FROM `yh_record` [ RunTime:0.001102s ]
[2021-03-07T20:43:28+08:00][sql] SELECT COUNT(*) AS think_count FROM `yh_record` WHERE  `uid` = 14553  AND `intime` > 1615046400 [ RunTime:0.000396s ]
[2021-03-07T20:43:28+08:00][sql] SHOW FULL COLUMNS FROM `yh_information` [ RunTime:0.000881s ]
[2021-03-07T20:43:28+08:00][sql] SELECT * FROM `yh_information` WHERE  `id` = 1 LIMIT 1 [ RunTime:0.000423s ]
[2021-03-07T20:43:30+08:00][sql] CONNECT:[ UseTime:0.000805s ] mysql:host=127.0.0.1;port=3306;dbname=yunhaijifeixit;charset=utf8
[2021-03-07T20:43:30+08:00][sql] SHOW FULL COLUMNS FROM `yh_user` [ RunTime:0.001462s ]
[2021-03-07T20:43:30+08:00][sql] SELECT * FROM `yh_user` WHERE  `id` = 1 LIMIT 1 [ RunTime:0.000457s ]
[2021-03-07T20:43:30+08:00][sql] SHOW FULL COLUMNS FROM `yh_business` [ RunTime:0.001033s ]
[2021-03-07T20:43:30+08:00][sql] SELECT * FROM `yh_business` WHERE  `id` = 1 LIMIT 1 [ RunTime:0.000393s ]
[2021-03-07T20:43:30+08:00][sql] SHOW FULL COLUMNS FROM `yh_webpz` [ RunTime:0.001132s ]
[2021-03-07T20:43:30+08:00][sql] SELECT * FROM `yh_webpz` WHERE  `id` = 1 LIMIT 1 [ RunTime:0.000592s ]
[2021-03-07T20:43:30+08:00][sql] SHOW FULL COLUMNS FROM `yh_meal` [ RunTime:0.001144s ]
[2021-03-07T20:43:30+08:00][sql] SELECT * FROM `yh_meal` WHERE  `status` = 1  AND `type` = 1 ORDER BY `id` DESC [ RunTime:0.000526s ]
[2021-03-07T20:43:32+08:00][sql] CONNECT:[ UseTime:0.000673s ] mysql:host=127.0.0.1;port=3306;dbname=yunhaijifeixit;charset=utf8
[2021-03-07T20:43:32+08:00][sql] SHOW FULL COLUMNS FROM `yh_user` [ RunTime:0.001278s ]
[2021-03-07T20:43:32+08:00][sql] SELECT * FROM `yh_user` WHERE  `id` = 1 LIMIT 1 [ RunTime:0.000558s ]
[2021-03-07T20:43:32+08:00][sql] SHOW FULL COLUMNS FROM `yh_business` [ RunTime:0.001223s ]
[2021-03-07T20:43:32+08:00][sql] SELECT * FROM `yh_business` WHERE  `id` = 1 LIMIT 1 [ RunTime:0.000320s ]
[2021-03-07T20:43:32+08:00][sql] SHOW FULL COLUMNS FROM `yh_webpz` [ RunTime:0.000993s ]
[2021-03-07T20:43:32+08:00][sql] SELECT * FROM `yh_webpz` WHERE  `id` = 1 LIMIT 1 [ RunTime:0.000375s ]
[2021-03-07T20:43:32+08:00][sql] SHOW FULL COLUMNS FROM `yh_meal` [ RunTime:0.000844s ]
[2021-03-07T20:43:32+08:00][sql] SELECT * FROM `yh_meal` WHERE  `status` = 1  AND `type` = 2 ORDER BY `id` DESC [ RunTime:0.000400s ]
[2021-03-07T20:43:34+08:00][sql] CONNECT:[ UseTime:0.000734s ] mysql:host=127.0.0.1;port=3306;dbname=yunhaijifeixit;charset=utf8
[2021-03-07T20:43:34+08:00][sql] SHOW FULL COLUMNS FROM `yh_user` [ RunTime:0.001236s ]
[2021-03-07T20:43:34+08:00][sql] SELECT * FROM `yh_user` WHERE  `id` = 1 LIMIT 1 [ RunTime:0.000454s ]
[2021-03-07T20:43:34+08:00][sql] SHOW FULL COLUMNS FROM `yh_business` [ RunTime:0.000967s ]
[2021-03-07T20:43:34+08:00][sql] SELECT * FROM `yh_business` WHERE  `id` = 1 LIMIT 1 [ RunTime:0.000457s ]
[2021-03-07T20:43:34+08:00][sql] SHOW FULL COLUMNS FROM `yh_webpz` [ RunTime:0.001168s ]
[2021-03-07T20:43:34+08:00][sql] SELECT * FROM `yh_webpz` WHERE  `id` = 1 LIMIT 1 [ RunTime:0.000479s ]
[2021-03-07T20:43:34+08:00][sql] SHOW FULL COLUMNS FROM `yh_meal` [ RunTime:0.001440s ]
[2021-03-07T20:43:34+08:00][sql] SELECT * FROM `yh_meal` WHERE  `id` = 9 LIMIT 1 [ RunTime:0.000426s ]
[2021-03-07T20:43:34+08:00][sql] UPDATE `yh_user`  SET `balance` = 720  WHERE  `id` = 1 [ RunTime:0.001922s ]
[2021-03-07T20:43:34+08:00][sql] SELECT * FROM `yh_business` WHERE  `id` = 1 LIMIT 1 [ RunTime:0.000427s ]
[2021-03-07T20:43:34+08:00][sql] UPDATE `yh_business`  SET `type` = 2 , `surplus` = 1673095414 , `limitnum` = 22  WHERE  `id` = 1 [ RunTime:0.001553s ]
[2021-03-07T20:43:35+08:00][sql] CONNECT:[ UseTime:0.000690s ] mysql:host=127.0.0.1;port=3306;dbname=yunhaijifeixit;charset=utf8
[2021-03-07T20:43:35+08:00][sql] SHOW FULL COLUMNS FROM `yh_user` [ RunTime:0.001260s ]
[2021-03-07T20:43:35+08:00][sql] SELECT * FROM `yh_user` WHERE  `id` = 1 LIMIT 1 [ RunTime:0.000435s ]
[2021-03-07T20:43:35+08:00][sql] SHOW FULL COLUMNS FROM `yh_business` [ RunTime:0.000983s ]
[2021-03-07T20:43:35+08:00][sql] SELECT * FROM `yh_business` WHERE  `id` = 1 LIMIT 1 [ RunTime:0.000405s ]
[2021-03-07T20:43:35+08:00][sql] SHOW FULL COLUMNS FROM `yh_webpz` [ RunTime:0.001008s ]
[2021-03-07T20:43:35+08:00][sql] SELECT * FROM `yh_webpz` WHERE  `id` = 1 LIMIT 1 [ RunTime:0.000525s ]
[2021-03-07T20:43:35+08:00][sql] SHOW FULL COLUMNS FROM `yh_meal` [ RunTime:0.001494s ]
[2021-03-07T20:43:35+08:00][sql] SELECT * FROM `yh_meal` WHERE  `status` = 1  AND `type` = 1 ORDER BY `id` DESC [ RunTime:0.000637s ]
[2021-03-07T20:43:36+08:00][sql] CONNECT:[ UseTime:0.000637s ] mysql:host=127.0.0.1;port=3306;dbname=yunhaijifeixit;charset=utf8
[2021-03-07T20:43:36+08:00][sql] SHOW FULL COLUMNS FROM `yh_user` [ RunTime:0.001159s ]
[2021-03-07T20:43:36+08:00][sql] SELECT * FROM `yh_user` WHERE  `id` = 1 LIMIT 1 [ RunTime:0.000491s ]
[2021-03-07T20:43:36+08:00][sql] SHOW FULL COLUMNS FROM `yh_business` [ RunTime:0.000907s ]
[2021-03-07T20:43:36+08:00][sql] SELECT * FROM `yh_business` WHERE  `id` = 1 LIMIT 1 [ RunTime:0.000405s ]
[2021-03-07T20:43:36+08:00][sql] SHOW FULL COLUMNS FROM `yh_webpz` [ RunTime:0.000928s ]
[2021-03-07T20:43:36+08:00][sql] SELECT * FROM `yh_webpz` WHERE  `id` = 1 LIMIT 1 [ RunTime:0.000391s ]
[2021-03-07T20:43:36+08:00][sql] SHOW FULL COLUMNS FROM `yh_record` [ RunTime:0.001007s ]
[2021-03-07T20:43:36+08:00][sql] SELECT COUNT(*) AS think_count FROM `yh_record` WHERE  `uid` = 14553  AND `intime` > 1615046400 [ RunTime:0.000378s ]
[2021-03-07T20:43:36+08:00][sql] SHOW FULL COLUMNS FROM `yh_information` [ RunTime:0.000900s ]
[2021-03-07T20:43:36+08:00][sql] SELECT * FROM `yh_information` WHERE  `id` = 1 LIMIT 1 [ RunTime:0.000304s ]
[2021-03-07T20:43:37+08:00][sql] CONNECT:[ UseTime:0.000805s ] mysql:host=127.0.0.1;port=3306;dbname=yunhaijifeixit;charset=utf8
[2021-03-07T20:43:37+08:00][sql] SHOW FULL COLUMNS FROM `yh_user` [ RunTime:0.001337s ]
[2021-03-07T20:43:37+08:00][sql] SELECT * FROM `yh_user` WHERE  `id` = 1 LIMIT 1 [ RunTime:0.000483s ]
[2021-03-07T20:43:37+08:00][sql] SHOW FULL COLUMNS FROM `yh_business` [ RunTime:0.001244s ]
[2021-03-07T20:43:37+08:00][sql] SELECT * FROM `yh_business` WHERE  `id` = 1 LIMIT 1 [ RunTime:0.000380s ]
[2021-03-07T20:43:37+08:00][sql] SHOW FULL COLUMNS FROM `yh_webpz` [ RunTime:0.001207s ]
[2021-03-07T20:43:37+08:00][sql] SELECT * FROM `yh_webpz` WHERE  `id` = 1 LIMIT 1 [ RunTime:0.000491s ]
[2021-03-07T20:43:37+08:00][sql] SHOW FULL COLUMNS FROM `yh_record` [ RunTime:0.001026s ]
[2021-03-07T20:43:37+08:00][sql] SELECT COUNT(*) AS think_count FROM `yh_record` WHERE  `uid` = 14553  AND `intime` > 1615046400 [ RunTime:0.000470s ]
[2021-03-07T20:43:37+08:00][sql] SHOW FULL COLUMNS FROM `yh_information` [ RunTime:0.001082s ]
[2021-03-07T20:43:37+08:00][sql] SELECT * FROM `yh_information` WHERE  `id` = 1 LIMIT 1 [ RunTime:0.000529s ]
[2021-03-07T20:43:38+08:00][sql] CONNECT:[ UseTime:0.000743s ] mysql:host=127.0.0.1;port=3306;dbname=yunhaijifeixit;charset=utf8
[2021-03-07T20:43:38+08:00][sql] SHOW FULL COLUMNS FROM `yh_user` [ RunTime:0.001719s ]
[2021-03-07T20:43:38+08:00][sql] SELECT * FROM `yh_user` WHERE  `id` = 1 LIMIT 1 [ RunTime:0.000529s ]
[2021-03-07T20:43:38+08:00][sql] SHOW FULL COLUMNS FROM `yh_business` [ RunTime:0.001153s ]
[2021-03-07T20:43:38+08:00][sql] SELECT * FROM `yh_business` WHERE  `id` = 1 LIMIT 1 [ RunTime:0.000375s ]
[2021-03-07T20:43:38+08:00][sql] SHOW FULL COLUMNS FROM `yh_webpz` [ RunTime:0.001177s ]
[2021-03-07T20:43:38+08:00][sql] SELECT * FROM `yh_webpz` WHERE  `id` = 1 LIMIT 1 [ RunTime:0.000419s ]
[2021-03-07T20:43:38+08:00][sql] SHOW FULL COLUMNS FROM `yh_record` [ RunTime:0.001099s ]
[2021-03-07T20:43:38+08:00][sql] SELECT COUNT(*) AS think_count FROM `yh_record` WHERE  `uid` = 14553  AND `intime` > 1615046400 [ RunTime:0.000412s ]
[2021-03-07T20:43:38+08:00][sql] SHOW FULL COLUMNS FROM `yh_information` [ RunTime:0.001142s ]
[2021-03-07T20:43:38+08:00][sql] SELECT * FROM `yh_information` WHERE  `id` = 1 LIMIT 1 [ RunTime:0.000426s ]
[2021-03-07T20:43:39+08:00][sql] CONNECT:[ UseTime:0.001174s ] mysql:host=127.0.0.1;port=3306;dbname=yunhaijifeixit;charset=utf8
[2021-03-07T20:43:39+08:00][sql] SHOW FULL COLUMNS FROM `yh_user` [ RunTime:0.001555s ]
[2021-03-07T20:43:39+08:00][sql] SELECT * FROM `yh_user` WHERE  `id` = 1 LIMIT 1 [ RunTime:0.000495s ]
[2021-03-07T20:43:39+08:00][sql] SHOW FULL COLUMNS FROM `yh_business` [ RunTime:0.001127s ]
[2021-03-07T20:43:39+08:00][sql] SELECT * FROM `yh_business` WHERE  `id` = 1 LIMIT 1 [ RunTime:0.000517s ]
[2021-03-07T20:43:39+08:00][sql] SHOW FULL COLUMNS FROM `yh_webpz` [ RunTime:0.001514s ]
[2021-03-07T20:43:39+08:00][sql] SELECT * FROM `yh_webpz` WHERE  `id` = 1 LIMIT 1 [ RunTime:0.000724s ]
[2021-03-07T20:43:39+08:00][sql] SHOW FULL COLUMNS FROM `yh_meal` [ RunTime:0.001214s ]
[2021-03-07T20:43:39+08:00][sql] SELECT * FROM `yh_meal` WHERE  `status` = 1  AND `type` = 1 ORDER BY `id` DESC [ RunTime:0.000998s ]
[2021-03-07T20:45:55+08:00][sql] CONNECT:[ UseTime:0.000753s ] mysql:host=127.0.0.1;port=3306;dbname=yunhaijifeixit;charset=utf8
[2021-03-07T20:45:55+08:00][sql] SHOW FULL COLUMNS FROM `yh_user` [ RunTime:0.001331s ]
[2021-03-07T20:45:55+08:00][sql] SELECT * FROM `yh_user` WHERE  `id` = 1 LIMIT 1 [ RunTime:0.000447s ]
[2021-03-07T20:45:55+08:00][sql] SHOW FULL COLUMNS FROM `yh_business` [ RunTime:0.000977s ]
[2021-03-07T20:45:55+08:00][sql] SELECT * FROM `yh_business` WHERE  `id` = 1 LIMIT 1 [ RunTime:0.000400s ]
[2021-03-07T20:45:55+08:00][sql] SHOW FULL COLUMNS FROM `yh_webpz` [ RunTime:0.001013s ]
[2021-03-07T20:45:55+08:00][sql] SELECT * FROM `yh_webpz` WHERE  `id` = 1 LIMIT 1 [ RunTime:0.000403s ]
[2021-03-07T20:45:55+08:00][sql] SHOW FULL COLUMNS FROM `yh_record` [ RunTime:0.000897s ]
[2021-03-07T20:45:55+08:00][sql] SELECT COUNT(*) AS think_count FROM `yh_record` WHERE  `uid` = 14553  AND `intime` > 1615046400 [ RunTime:0.000379s ]
[2021-03-07T20:45:55+08:00][sql] SHOW FULL COLUMNS FROM `yh_information` [ RunTime:0.001010s ]
[2021-03-07T20:45:55+08:00][sql] SELECT * FROM `yh_information` WHERE  `id` = 1 LIMIT 1 [ RunTime:0.000339s ]
[2021-03-07T20:45:58+08:00][sql] CONNECT:[ UseTime:0.000693s ] mysql:host=127.0.0.1;port=3306;dbname=yunhaijifeixit;charset=utf8
[2021-03-07T20:45:58+08:00][sql] SHOW FULL COLUMNS FROM `yh_user` [ RunTime:0.001262s ]
[2021-03-07T20:45:58+08:00][sql] SELECT * FROM `yh_user` WHERE  `id` = 1 LIMIT 1 [ RunTime:0.000435s ]
[2021-03-07T20:45:58+08:00][sql] SHOW FULL COLUMNS FROM `yh_business` [ RunTime:0.000969s ]
[2021-03-07T20:45:58+08:00][sql] SELECT * FROM `yh_business` WHERE  `id` = 1 LIMIT 1 [ RunTime:0.000434s ]
[2021-03-07T20:45:58+08:00][sql] SHOW FULL COLUMNS FROM `yh_webpz` [ RunTime:0.001240s ]
[2021-03-07T20:45:58+08:00][sql] SELECT * FROM `yh_webpz` WHERE  `id` = 1 LIMIT 1 [ RunTime:0.000549s ]
[2021-03-07T20:45:59+08:00][sql] CONNECT:[ UseTime:0.000749s ] mysql:host=127.0.0.1;port=3306;dbname=yunhaijifeixit;charset=utf8
[2021-03-07T20:45:59+08:00][sql] SHOW FULL COLUMNS FROM `yh_user` [ RunTime:0.001249s ]
[2021-03-07T20:45:59+08:00][sql] SELECT * FROM `yh_user` WHERE  `id` = 1 LIMIT 1 [ RunTime:0.000477s ]
[2021-03-07T20:45:59+08:00][sql] SHOW FULL COLUMNS FROM `yh_business` [ RunTime:0.000821s ]
[2021-03-07T20:45:59+08:00][sql] SELECT * FROM `yh_business` WHERE  `id` = 1 LIMIT 1 [ RunTime:0.000367s ]
[2021-03-07T20:45:59+08:00][sql] SHOW FULL COLUMNS FROM `yh_webpz` [ RunTime:0.000913s ]
[2021-03-07T20:45:59+08:00][sql] SELECT * FROM `yh_webpz` WHERE  `id` = 1 LIMIT 1 [ RunTime:0.000408s ]
[2021-03-07T20:46:00+08:00][sql] CONNECT:[ UseTime:0.000809s ] mysql:host=127.0.0.1;port=3306;dbname=yunhaijifeixit;charset=utf8
[2021-03-07T20:46:00+08:00][sql] SHOW FULL COLUMNS FROM `yh_user` [ RunTime:0.001253s ]
[2021-03-07T20:46:00+08:00][sql] SELECT * FROM `yh_user` WHERE  `id` = 1 LIMIT 1 [ RunTime:0.000414s ]
[2021-03-07T20:46:00+08:00][sql] SHOW FULL COLUMNS FROM `yh_business` [ RunTime:0.000817s ]
[2021-03-07T20:46:00+08:00][sql] SELECT * FROM `yh_business` WHERE  `id` = 1 LIMIT 1 [ RunTime:0.000401s ]
[2021-03-07T20:46:00+08:00][sql] SHOW FULL COLUMNS FROM `yh_webpz` [ RunTime:0.001115s ]
[2021-03-07T20:46:00+08:00][sql] SELECT * FROM `yh_webpz` WHERE  `id` = 1 LIMIT 1 [ RunTime:0.000472s ]
[2021-03-07T20:46:01+08:00][sql] CONNECT:[ UseTime:0.000631s ] mysql:host=127.0.0.1;port=3306;dbname=yunhaijifeixit;charset=utf8
[2021-03-07T20:46:01+08:00][sql] SHOW FULL COLUMNS FROM `yh_user` [ RunTime:0.001139s ]
[2021-03-07T20:46:01+08:00][sql] SELECT * FROM `yh_user` WHERE  `id` = 1 LIMIT 1 [ RunTime:0.000450s ]
[2021-03-07T20:46:01+08:00][sql] SHOW FULL COLUMNS FROM `yh_business` [ RunTime:0.000825s ]
[2021-03-07T20:46:01+08:00][sql] SELECT * FROM `yh_business` WHERE  `id` = 1 LIMIT 1 [ RunTime:0.000372s ]
[2021-03-07T20:46:01+08:00][sql] SHOW FULL COLUMNS FROM `yh_webpz` [ RunTime:0.000931s ]
[2021-03-07T20:46:01+08:00][sql] SELECT * FROM `yh_webpz` WHERE  `id` = 1 LIMIT 1 [ RunTime:0.000344s ]
[2021-03-07T20:46:01+08:00][sql] SHOW FULL COLUMNS FROM `yh_record` [ RunTime:0.000791s ]
[2021-03-07T20:46:01+08:00][sql] SELECT COUNT(*) AS think_count FROM `yh_record` WHERE  `uid` = 14553 [ RunTime:0.000313s ]
[2021-03-07T20:46:01+08:00][sql] SELECT * FROM `yh_record` WHERE  `uid` = 14553 ORDER BY `id` DESC LIMIT 0,10 [ RunTime:0.000257s ]
[2021-03-07T20:46:02+08:00][sql] CONNECT:[ UseTime:0.000842s ] mysql:host=127.0.0.1;port=3306;dbname=yunhaijifeixit;charset=utf8
[2021-03-07T20:46:02+08:00][sql] SHOW FULL COLUMNS FROM `yh_user` [ RunTime:0.001269s ]
[2021-03-07T20:46:02+08:00][sql] SELECT * FROM `yh_user` WHERE  `id` = 1 LIMIT 1 [ RunTime:0.000542s ]
[2021-03-07T20:46:02+08:00][sql] SHOW FULL COLUMNS FROM `yh_business` [ RunTime:0.001055s ]
[2021-03-07T20:46:02+08:00][sql] SELECT * FROM `yh_business` WHERE  `id` = 1 LIMIT 1 [ RunTime:0.000461s ]
[2021-03-07T20:46:02+08:00][sql] SHOW FULL COLUMNS FROM `yh_webpz` [ RunTime:0.001060s ]
[2021-03-07T20:46:02+08:00][sql] SELECT * FROM `yh_webpz` WHERE  `id` = 1 LIMIT 1 [ RunTime:0.000446s ]
[2021-03-07T20:46:57+08:00][sql] CONNECT:[ UseTime:0.000832s ] mysql:host=127.0.0.1;port=3306;dbname=yunhaijifeixit;charset=utf8
[2021-03-07T20:46:57+08:00][sql] SHOW FULL COLUMNS FROM `yh_user` [ RunTime:0.001550s ]
[2021-03-07T20:46:57+08:00][sql] SELECT * FROM `yh_user` WHERE  `id` = 1 LIMIT 1 [ RunTime:0.000581s ]
[2021-03-07T20:46:57+08:00][sql] SHOW FULL COLUMNS FROM `yh_business` [ RunTime:0.001277s ]
[2021-03-07T20:46:57+08:00][sql] SELECT * FROM `yh_business` WHERE  `id` = 1 LIMIT 1 [ RunTime:0.000982s ]
[2021-03-07T20:46:57+08:00][sql] SHOW FULL COLUMNS FROM `yh_webpz` [ RunTime:0.001240s ]
[2021-03-07T20:46:57+08:00][sql] SELECT * FROM `yh_webpz` WHERE  `id` = 1 LIMIT 1 [ RunTime:0.000346s ]
[2021-03-07T20:46:57+08:00][sql] SHOW FULL COLUMNS FROM `yh_record` [ RunTime:0.001072s ]
[2021-03-07T20:46:57+08:00][sql] SELECT COUNT(*) AS think_count FROM `yh_record` WHERE  `uid` = 14553  AND `intime` > 1615046400 [ RunTime:0.000475s ]
[2021-03-07T20:46:57+08:00][sql] SHOW FULL COLUMNS FROM `yh_information` [ RunTime:0.001315s ]
[2021-03-07T20:46:57+08:00][sql] SELECT * FROM `yh_information` WHERE  `id` = 1 LIMIT 1 [ RunTime:0.000407s ]
[2021-03-07T20:51:31+08:00][sql] CONNECT:[ UseTime:0.000971s ] mysql:host=127.0.0.1;port=3306;dbname=yunhaijifeixit;charset=utf8
[2021-03-07T20:51:31+08:00][sql] SHOW FULL COLUMNS FROM `yh_user` [ RunTime:0.001137s ]
[2021-03-07T20:51:31+08:00][sql] SELECT * FROM `yh_user` WHERE  `id` = 1 LIMIT 1 [ RunTime:0.000512s ]
[2021-03-07T20:51:31+08:00][sql] SHOW FULL COLUMNS FROM `yh_business` [ RunTime:0.000878s ]
[2021-03-07T20:51:31+08:00][sql] SELECT * FROM `yh_business` WHERE  `id` = 1 LIMIT 1 [ RunTime:0.000384s ]
[2021-03-07T20:51:31+08:00][sql] SHOW FULL COLUMNS FROM `yh_webpz` [ RunTime:0.001121s ]
[2021-03-07T20:51:31+08:00][sql] SELECT * FROM `yh_webpz` WHERE  `id` = 1 LIMIT 1 [ RunTime:0.000365s ]
[2021-03-07T20:51:31+08:00][sql] SHOW FULL COLUMNS FROM `yh_record` [ RunTime:0.000993s ]
[2021-03-07T20:51:31+08:00][sql] SELECT COUNT(*) AS think_count FROM `yh_record` WHERE  `uid` = 14553  AND `intime` > 1615046400 [ RunTime:0.000417s ]
[2021-03-07T20:51:31+08:00][sql] SHOW FULL COLUMNS FROM `yh_information` [ RunTime:0.000886s ]
[2021-03-07T20:51:31+08:00][sql] SELECT * FROM `yh_information` WHERE  `id` = 1 LIMIT 1 [ RunTime:0.000405s ]
