[2021-03-07T00:55:24+08:00][sql] CONNECT:[ UseTime:0.000825s ] mysql:host=127.0.0.1;port=3306;dbname=yunhaijifeixit;charset=utf8
[2021-03-07T00:55:24+08:00][sql] SHOW FULL COLUMNS FROM `yh_webpz` [ RunTime:0.001611s ]
[2021-03-07T00:55:24+08:00][sql] SELECT * FROM `yh_webpz` WHERE  `id` = 1 LIMIT 1 [ RunTime:0.000866s ]
[2021-03-07T00:55:24+08:00][sql] SELECT `tep`,`htjx` FROM `yh_webpz` WHERE  `id` = 1 LIMIT 1 [ RunTime:0.000470s ]
[2021-03-07T20:40:55+08:00][sql] CONNECT:[ UseTime:0.001055s ] mysql:host=127.0.0.1;port=3306;dbname=yunhaijifeixit;charset=utf8
[2021-03-07T20:40:55+08:00][sql] SHOW FULL COLUMNS FROM `yh_webpz` [ RunTime:0.001351s ]
[2021-03-07T20:40:55+08:00][sql] SELECT * FROM `yh_webpz` WHERE  `id` = 1 LIMIT 1 [ RunTime:0.000413s ]
[2021-03-07T20:40:55+08:00][sql] SELECT `tep`,`htjx` FROM `yh_webpz` WHERE  `id` = 1 LIMIT 1 [ RunTime:0.000415s ]
[2021-03-07T20:42:06+08:00][sql] CONNECT:[ UseTime:0.000623s ] mysql:host=127.0.0.1;port=3306;dbname=yunhaijifeixit;charset=utf8
[2021-03-07T20:42:06+08:00][sql] SHOW FULL COLUMNS FROM `yh_business` [ RunTime:0.001278s ]
[2021-03-07T20:42:06+08:00][sql] SELECT * FROM `yh_business` WHERE  `user_uid` = 14553 LIMIT 1 [ RunTime:0.000435s ]
[2021-03-07T20:42:06+08:00][sql] SHOW FULL COLUMNS FROM `yh_webpz` [ RunTime:0.000997s ]
[2021-03-07T20:42:06+08:00][sql] SELECT * FROM `yh_webpz` WHERE  `id` = 1 LIMIT 1 [ RunTime:0.000386s ]
[2021-03-07T20:42:06+08:00][sql] SHOW FULL COLUMNS FROM `yh_replace` [ RunTime:0.001061s ]
[2021-03-07T20:42:06+08:00][sql] SELECT `newurl` FROM `yh_replace` WHERE  `url` LIKE '%mzc00200jcnemid.html%'  AND `status` = 1 LIMIT 1 [ RunTime:0.000334s ]
[2021-03-07T20:42:06+08:00][sql] SELECT * FROM `yh_webpz` WHERE  `id` = 1 LIMIT 1 [ RunTime:0.000620s ]
[2021-03-07T20:42:06+08:00][sql] UPDATE `yh_business`  SET `calltoday` = 1  WHERE  `id` = 1 [ RunTime:0.000510s ]
[2021-03-07T20:42:06+08:00][sql] SHOW FULL COLUMNS FROM `yh_record` [ RunTime:0.001288s ]
[2021-03-07T20:42:06+08:00][sql] INSERT INTO `yh_record` SET `url` = 'https://v.qq.com/x/cover/mzc00200jcnemid.html' , `ip` = '36.157.136.160' , `uid` = 14553 , `status` = 0 , `intime` = 1615120926 [ RunTime:0.000484s ]
[2021-03-07T20:42:53+08:00][sql] CONNECT:[ UseTime:0.000804s ] mysql:host=127.0.0.1;port=3306;dbname=yunhaijifeixit;charset=utf8
[2021-03-07T20:42:53+08:00][sql] SHOW FULL COLUMNS FROM `yh_business` [ RunTime:0.001018s ]
[2021-03-07T20:42:53+08:00][sql] SELECT * FROM `yh_business` WHERE  `user_uid` = 14553 LIMIT 1 [ RunTime:0.000408s ]
[2021-03-07T20:42:53+08:00][sql] SHOW FULL COLUMNS FROM `yh_webpz` [ RunTime:0.001021s ]
[2021-03-07T20:42:53+08:00][sql] SELECT * FROM `yh_webpz` WHERE  `id` = 1 LIMIT 1 [ RunTime:0.000399s ]
[2021-03-07T20:42:53+08:00][sql] SHOW FULL COLUMNS FROM `yh_replace` [ RunTime:0.000860s ]
[2021-03-07T20:42:53+08:00][sql] SELECT `newurl` FROM `yh_replace` WHERE  `url` LIKE '%mzc00200jcnemid.html%'  AND `status` = 1 LIMIT 1 [ RunTime:0.000398s ]
[2021-03-07T20:42:53+08:00][sql] SELECT * FROM `yh_webpz` WHERE  `id` = 1 LIMIT 1 [ RunTime:0.000509s ]
[2021-03-07T20:42:53+08:00][sql] UPDATE `yh_business`  SET `surplus` = 99 , `calltoday` = 2  WHERE  `id` = 1 [ RunTime:0.000563s ]
[2021-03-07T20:42:53+08:00][sql] SHOW FULL COLUMNS FROM `yh_record` [ RunTime:0.001346s ]
[2021-03-07T20:42:53+08:00][sql] INSERT INTO `yh_record` SET `url` = 'https://v.qq.com/x/cover/mzc00200jcnemid.html' , `ip` = '36.157.136.160' , `uid` = 14553 , `status` = 1 , `intime` = 1615120973 [ RunTime:0.000499s ]
[2021-03-07T20:42:57+08:00][sql] CONNECT:[ UseTime:0.000974s ] mysql:host=127.0.0.1;port=3306;dbname=yunhaijifeixit;charset=utf8
[2021-03-07T20:42:57+08:00][sql] SHOW FULL COLUMNS FROM `yh_business` [ RunTime:0.001333s ]
[2021-03-07T20:42:57+08:00][sql] SELECT * FROM `yh_business` WHERE  `user_uid` = 14553 LIMIT 1 [ RunTime:0.000585s ]
[2021-03-07T20:42:57+08:00][sql] SHOW FULL COLUMNS FROM `yh_webpz` [ RunTime:0.001281s ]
[2021-03-07T20:42:57+08:00][sql] SELECT * FROM `yh_webpz` WHERE  `id` = 1 LIMIT 1 [ RunTime:0.000446s ]
[2021-03-07T20:42:57+08:00][sql] SHOW FULL COLUMNS FROM `yh_replace` [ RunTime:0.000985s ]
[2021-03-07T20:42:57+08:00][sql] SELECT `newurl` FROM `yh_replace` WHERE  `url` LIKE '%mzc00200jcnemid.html%'  AND `status` = 1 LIMIT 1 [ RunTime:0.000448s ]
[2021-03-07T20:42:57+08:00][sql] SELECT * FROM `yh_webpz` WHERE  `id` = 1 LIMIT 1 [ RunTime:0.000597s ]
[2021-03-07T20:42:57+08:00][sql] UPDATE `yh_business`  SET `surplus` = 98 , `calltoday` = 3  WHERE  `id` = 1 [ RunTime:0.000544s ]
[2021-03-07T20:42:57+08:00][sql] SHOW FULL COLUMNS FROM `yh_record` [ RunTime:0.001495s ]
[2021-03-07T20:42:57+08:00][sql] INSERT INTO `yh_record` SET `url` = 'https://v.qq.com/x/cover/mzc00200jcnemid.html' , `ip` = '36.157.136.160' , `uid` = 14553 , `status` = 1 , `intime` = 1615120977 [ RunTime:0.000444s ]
[2021-03-07T20:43:02+08:00][sql] CONNECT:[ UseTime:0.000782s ] mysql:host=127.0.0.1;port=3306;dbname=yunhaijifeixit;charset=utf8
[2021-03-07T20:43:02+08:00][sql] SHOW FULL COLUMNS FROM `yh_business` [ RunTime:0.001370s ]
[2021-03-07T20:43:02+08:00][sql] SELECT * FROM `yh_business` WHERE  `user_uid` = 14553 LIMIT 1 [ RunTime:0.000430s ]
[2021-03-07T20:43:02+08:00][sql] SHOW FULL COLUMNS FROM `yh_webpz` [ RunTime:0.001069s ]
[2021-03-07T20:43:02+08:00][sql] SELECT * FROM `yh_webpz` WHERE  `id` = 1 LIMIT 1 [ RunTime:0.000446s ]
[2021-03-07T20:43:02+08:00][sql] SHOW FULL COLUMNS FROM `yh_replace` [ RunTime:0.000981s ]
[2021-03-07T20:43:02+08:00][sql] SELECT `newurl` FROM `yh_replace` WHERE  `url` LIKE '%https://v.douyin.com/Jy2avQm/%'  AND `status` = 1 LIMIT 1 [ RunTime:0.000375s ]
[2021-03-07T20:43:02+08:00][sql] SELECT * FROM `yh_webpz` WHERE  `id` = 1 LIMIT 1 [ RunTime:0.000563s ]
[2021-03-07T20:43:02+08:00][sql] UPDATE `yh_business`  SET `calltoday` = 4  WHERE  `id` = 1 [ RunTime:0.000574s ]
[2021-03-07T20:43:02+08:00][sql] SHOW FULL COLUMNS FROM `yh_record` [ RunTime:0.001418s ]
[2021-03-07T20:43:02+08:00][sql] INSERT INTO `yh_record` SET `url` = 'https://v.douyin.com/Jy2avQm/' , `ip` = '36.157.136.160' , `uid` = 14553 , `status` = 0 , `intime` = 1615120982 [ RunTime:0.000395s ]
