[2021-03-08T13:26:54+08:00][sql] CONNECT:[ UseTime:0.000951s ] mysql:host=127.0.0.1;port=3306;dbname=yunhaijifeixit;charset=utf8
[2021-03-08T13:26:54+08:00][sql] SHOW FULL COLUMNS FROM `yh_webpz` [ RunTime:0.001464s ]
[2021-03-08T13:26:54+08:00][sql] SELECT * FROM `yh_webpz` WHERE  `id` = 1 LIMIT 1 [ RunTime:0.000505s ]
[2021-03-08T13:27:13+08:00][sql] CONNECT:[ UseTime:0.000611s ] mysql:host=127.0.0.1;port=3306;dbname=yunhaijifeixit;charset=utf8
[2021-03-08T13:27:13+08:00][sql] SHOW FULL COLUMNS FROM `yh_webpz` [ RunTime:0.001362s ]
[2021-03-08T13:27:13+08:00][sql] SELECT * FROM `yh_webpz` WHERE  `id` = 1 LIMIT 1 [ RunTime:0.000489s ]
[2021-03-08T13:27:13+08:00][sql] SHOW FULL COLUMNS FROM `yh_admin` [ RunTime:0.000993s ]
[2021-03-08T13:27:13+08:00][sql] SELECT `id` FROM `yh_admin` WHERE  `username` = '1178350505'  AND `password` = 'e10adc3949ba59abbe56e057f20f883e' LIMIT 1 [ RunTime:0.000804s ]
[2021-03-08T13:27:14+08:00][sql] CONNECT:[ UseTime:0.000866s ] mysql:host=127.0.0.1;port=3306;dbname=yunhaijifeixit;charset=utf8
[2021-03-08T13:27:14+08:00][sql] SHOW FULL COLUMNS FROM `yh_admin` [ RunTime:0.001445s ]
[2021-03-08T13:27:14+08:00][sql] SELECT * FROM `yh_admin` WHERE  `id` = 1 LIMIT 1 [ RunTime:0.000571s ]
[2021-03-08T13:27:14+08:00][sql] SHOW FULL COLUMNS FROM `yh_webpz` [ RunTime:0.001026s ]
[2021-03-08T13:27:14+08:00][sql] SELECT * FROM `yh_webpz` WHERE  `id` = 1 LIMIT 1 [ RunTime:0.000443s ]
[2021-03-08T13:27:14+08:00][sql] SHOW FULL COLUMNS FROM `yh_user` [ RunTime:0.001156s ]
[2021-03-08T13:27:14+08:00][sql] SELECT COUNT(*) AS think_count FROM `yh_user` [ RunTime:0.000405s ]
[2021-03-08T13:27:14+08:00][sql] SHOW FULL COLUMNS FROM `yh_order` [ RunTime:0.001025s ]
[2021-03-08T13:27:14+08:00][sql] SELECT SUM(`payment`) AS think_sum FROM `yh_order` WHERE  `status` = 1 [ RunTime:0.000410s ]
[2021-03-08T13:27:14+08:00][sql] SELECT SUM(`payment`) AS think_sum FROM `yh_order` WHERE  `intime` <= 1614528000  AND `intime` >= 1612108800  AND `status` = 1 [ RunTime:0.000426s ]
[2021-03-08T13:27:14+08:00][sql] SELECT SUM(`payment`) AS think_sum FROM `yh_order` WHERE  `intime` >= 1614528000  AND `status` = 1 [ RunTime:0.000251s ]
[2021-03-08T13:27:14+08:00][sql] SHOW FULL COLUMNS FROM `yh_information` [ RunTime:0.001075s ]
[2021-03-08T13:27:14+08:00][sql] SELECT COUNT(*) AS think_count FROM `yh_information` [ RunTime:0.000324s ]
[2021-03-08T13:27:14+08:00][sql] SHOW FULL COLUMNS FROM `yh_record` [ RunTime:0.000974s ]
[2021-03-08T13:27:14+08:00][sql] SELECT COUNT(*) AS think_count FROM `yh_record` WHERE  `intime` >= 1615132800 [ RunTime:0.000400s ]
[2021-03-08T13:27:14+08:00][sql] SHOW FULL COLUMNS FROM `yh_business` [ RunTime:0.000993s ]
[2021-03-08T13:27:14+08:00][sql] SELECT COUNT(*) AS think_count FROM `yh_business` WHERE  `type` = 1 [ RunTime:0.000429s ]
[2021-03-08T13:27:14+08:00][sql] SELECT COUNT(*) AS think_count FROM `yh_business` WHERE  `type` = 2 [ RunTime:0.000293s ]
[2021-03-08T13:27:14+08:00][sql] CONNECT:[ UseTime:0.000601s ] mysql:host=127.0.0.1;port=3306;dbname=yunhaijifeixit;charset=utf8
[2021-03-08T13:27:14+08:00][sql] SHOW FULL COLUMNS FROM `yh_admin` [ RunTime:0.001236s ]
[2021-03-08T13:27:14+08:00][sql] SELECT * FROM `yh_admin` WHERE  `id` = 1 LIMIT 1 [ RunTime:0.000357s ]
[2021-03-08T13:27:14+08:00][sql] SHOW FULL COLUMNS FROM `yh_webpz` [ RunTime:0.000899s ]
[2021-03-08T13:27:14+08:00][sql] SELECT * FROM `yh_webpz` WHERE  `id` = 1 LIMIT 1 [ RunTime:0.000429s ]
[2021-03-08T13:27:14+08:00][sql] SHOW FULL COLUMNS FROM `yh_record` [ RunTime:0.001017s ]
[2021-03-08T13:27:14+08:00][sql] SELECT COUNT(`id`) AS think_count FROM `yh_record` WHERE  `intime` >= 1615179600  AND `intime` <= 1615183200 [ RunTime:0.000313s ]
[2021-03-08T13:27:14+08:00][sql] SELECT COUNT(`id`) AS think_count FROM `yh_record` WHERE  `intime` >= 1615183200  AND `intime` <= 1615186800 [ RunTime:0.000312s ]
[2021-03-08T13:27:14+08:00][sql] SELECT COUNT(`id`) AS think_count FROM `yh_record` WHERE  `intime` >= 1615186800  AND `intime` <= 1615190400 [ RunTime:0.000251s ]
[2021-03-08T13:27:14+08:00][sql] SELECT COUNT(`id`) AS think_count FROM `yh_record` WHERE  `intime` >= 1615190400  AND `intime` <= 1615194000 [ RunTime:0.000275s ]
[2021-03-08T13:27:14+08:00][sql] SELECT COUNT(`id`) AS think_count FROM `yh_record` WHERE  `intime` >= 1615194000  AND `intime` <= 1615197600 [ RunTime:0.000221s ]
[2021-03-08T13:27:14+08:00][sql] SELECT COUNT(`id`) AS think_count FROM `yh_record` WHERE  `intime` >= 1615197600  AND `intime` <= 1615201200 [ RunTime:0.000213s ]
[2021-03-08T13:27:14+08:00][sql] SELECT COUNT(`id`) AS think_count FROM `yh_record` WHERE  `intime` >= 1615201200  AND `intime` <= 1615204800 [ RunTime:0.000235s ]
[2021-03-08T13:27:14+08:00][sql] SELECT COUNT(`id`) AS think_count FROM `yh_record` WHERE  `intime` >= 1615204800  AND `intime` <= 1615208400 [ RunTime:0.000227s ]
[2021-03-08T13:27:14+08:00][sql] SELECT COUNT(`id`) AS think_count FROM `yh_record` WHERE  `intime` >= 1615208400  AND `intime` <= 1615212000 [ RunTime:0.000283s ]
[2021-03-08T13:27:14+08:00][sql] SELECT COUNT(`id`) AS think_count FROM `yh_record` WHERE  `intime` >= 1615212000  AND `intime` <= 1615215600 [ RunTime:0.000268s ]
[2021-03-08T13:27:14+08:00][sql] SELECT COUNT(`id`) AS think_count FROM `yh_record` WHERE  `intime` >= 1615215600  AND `intime` <= 1615219200 [ RunTime:0.000216s ]
[2021-03-08T13:27:14+08:00][sql] SELECT COUNT(`id`) AS think_count FROM `yh_record` WHERE  `intime` >= 1615219200  AND `intime` <= [ RunTime:0.000258s ]
[2021-03-08T13:27:14+08:00][sql] SELECT COUNT(`id`) AS think_count FROM `yh_record` WHERE  `intime` >= 1615093200  AND `intime` <= 1615096800 [ RunTime:0.000235s ]
[2021-03-08T13:27:14+08:00][sql] SELECT COUNT(`id`) AS think_count FROM `yh_record` WHERE  `intime` >= 1615096800  AND `intime` <= 1615100400 [ RunTime:0.000256s ]
[2021-03-08T13:27:14+08:00][sql] SELECT COUNT(`id`) AS think_count FROM `yh_record` WHERE  `intime` >= 1615100400  AND `intime` <= 1615104000 [ RunTime:0.000254s ]
[2021-03-08T13:27:14+08:00][sql] SELECT COUNT(`id`) AS think_count FROM `yh_record` WHERE  `intime` >= 1615104000  AND `intime` <= 1615107600 [ RunTime:0.000225s ]
[2021-03-08T13:27:14+08:00][sql] SELECT COUNT(`id`) AS think_count FROM `yh_record` WHERE  `intime` >= 1615107600  AND `intime` <= 1615111200 [ RunTime:0.000225s ]
[2021-03-08T13:27:14+08:00][sql] SELECT COUNT(`id`) AS think_count FROM `yh_record` WHERE  `intime` >= 1615111200  AND `intime` <= 1615114800 [ RunTime:0.000226s ]
[2021-03-08T13:27:14+08:00][sql] SELECT COUNT(`id`) AS think_count FROM `yh_record` WHERE  `intime` >= 1615114800  AND `intime` <= 1615118400 [ RunTime:0.000243s ]
[2021-03-08T13:27:14+08:00][sql] SELECT COUNT(`id`) AS think_count FROM `yh_record` WHERE  `intime` >= 1615118400  AND `intime` <= 1615122000 [ RunTime:0.000305s ]
[2021-03-08T13:27:14+08:00][sql] SELECT COUNT(`id`) AS think_count FROM `yh_record` WHERE  `intime` >= 1615122000  AND `intime` <= 1615125600 [ RunTime:0.000269s ]
[2021-03-08T13:27:14+08:00][sql] SELECT COUNT(`id`) AS think_count FROM `yh_record` WHERE  `intime` >= 1615125600  AND `intime` <= 1615129200 [ RunTime:0.000233s ]
[2021-03-08T13:27:14+08:00][sql] SELECT COUNT(`id`) AS think_count FROM `yh_record` WHERE  `intime` >= 1615129200  AND `intime` <= 1615132800 [ RunTime:0.000236s ]
[2021-03-08T13:27:14+08:00][sql] SELECT COUNT(`id`) AS think_count FROM `yh_record` WHERE  `intime` >= 1615132800  AND `intime` <= [ RunTime:0.000201s ]
[2021-03-08T13:27:14+08:00][sql] SHOW FULL COLUMNS FROM `yh_business` [ RunTime:0.000965s ]
[2021-03-08T13:27:14+08:00][sql] SELECT COUNT(*) AS think_count FROM `yh_business` WHERE  `type` = 1 [ RunTime:0.000306s ]
[2021-03-08T13:27:14+08:00][sql] SELECT COUNT(*) AS think_count FROM `yh_business` WHERE  `type` = 2 [ RunTime:0.000239s ]
[2021-03-08T13:27:14+08:00][sql] SELECT `user_uid`,`calltoday` FROM `yh_business` ORDER BY `calltoday` DESC LIMIT 5 [ RunTime:0.000338s ]
[2021-03-08T13:28:27+08:00][sql] CONNECT:[ UseTime:0.000686s ] mysql:host=127.0.0.1;port=3306;dbname=yunhaijifeixit;charset=utf8
[2021-03-08T13:28:27+08:00][sql] SHOW FULL COLUMNS FROM `yh_webpz` [ RunTime:0.001755s ]
[2021-03-08T13:28:27+08:00][sql] SELECT * FROM `yh_webpz` WHERE  `id` = 1 LIMIT 1 [ RunTime:0.000499s ]
[2021-03-08T13:28:45+08:00][sql] CONNECT:[ UseTime:0.001028s ] mysql:host=127.0.0.1;port=3306;dbname=yunhaijifeixit;charset=utf8
[2021-03-08T13:28:45+08:00][sql] SHOW FULL COLUMNS FROM `yh_webpz` [ RunTime:0.001353s ]
[2021-03-08T13:28:45+08:00][sql] SELECT * FROM `yh_webpz` WHERE  `id` = 1 LIMIT 1 [ RunTime:0.000423s ]
[2021-03-08T13:28:45+08:00][sql] SHOW FULL COLUMNS FROM `yh_admin` [ RunTime:0.000914s ]
[2021-03-08T13:28:45+08:00][sql] SELECT `id` FROM `yh_admin` WHERE  `username` = '1178350505'  AND `password` = 'e10adc3949ba59abbe56e057f20f883e' LIMIT 1 [ RunTime:0.000564s ]
[2021-03-08T13:28:45+08:00][sql] CONNECT:[ UseTime:0.000854s ] mysql:host=127.0.0.1;port=3306;dbname=yunhaijifeixit;charset=utf8
[2021-03-08T13:28:45+08:00][sql] SHOW FULL COLUMNS FROM `yh_admin` [ RunTime:0.001886s ]
[2021-03-08T13:28:45+08:00][sql] SELECT * FROM `yh_admin` WHERE  `id` = 1 LIMIT 1 [ RunTime:0.000613s ]
[2021-03-08T13:28:45+08:00][sql] SHOW FULL COLUMNS FROM `yh_webpz` [ RunTime:0.001058s ]
[2021-03-08T13:28:45+08:00][sql] SELECT * FROM `yh_webpz` WHERE  `id` = 1 LIMIT 1 [ RunTime:0.000425s ]
[2021-03-08T13:28:45+08:00][sql] SHOW FULL COLUMNS FROM `yh_user` [ RunTime:0.001047s ]
[2021-03-08T13:28:45+08:00][sql] SELECT COUNT(*) AS think_count FROM `yh_user` [ RunTime:0.000290s ]
[2021-03-08T13:28:45+08:00][sql] SHOW FULL COLUMNS FROM `yh_order` [ RunTime:0.000999s ]
[2021-03-08T13:28:45+08:00][sql] SELECT SUM(`payment`) AS think_sum FROM `yh_order` WHERE  `status` = 1 [ RunTime:0.000326s ]
[2021-03-08T13:28:45+08:00][sql] SELECT SUM(`payment`) AS think_sum FROM `yh_order` WHERE  `intime` <= 1614528000  AND `intime` >= 1612108800  AND `status` = 1 [ RunTime:0.000319s ]
[2021-03-08T13:28:45+08:00][sql] SELECT SUM(`payment`) AS think_sum FROM `yh_order` WHERE  `intime` >= 1614528000  AND `status` = 1 [ RunTime:0.000268s ]
[2021-03-08T13:28:45+08:00][sql] SHOW FULL COLUMNS FROM `yh_information` [ RunTime:0.000884s ]
[2021-03-08T13:28:45+08:00][sql] SELECT COUNT(*) AS think_count FROM `yh_information` [ RunTime:0.000321s ]
[2021-03-08T13:28:45+08:00][sql] SHOW FULL COLUMNS FROM `yh_record` [ RunTime:0.000948s ]
[2021-03-08T13:28:45+08:00][sql] SELECT COUNT(*) AS think_count FROM `yh_record` WHERE  `intime` >= 1615132800 [ RunTime:0.000358s ]
[2021-03-08T13:28:45+08:00][sql] SHOW FULL COLUMNS FROM `yh_business` [ RunTime:0.000872s ]
[2021-03-08T13:28:45+08:00][sql] SELECT COUNT(*) AS think_count FROM `yh_business` WHERE  `type` = 1 [ RunTime:0.000303s ]
[2021-03-08T13:28:45+08:00][sql] SELECT COUNT(*) AS think_count FROM `yh_business` WHERE  `type` = 2 [ RunTime:0.000340s ]
[2021-03-08T13:28:46+08:00][sql] CONNECT:[ UseTime:0.000707s ] mysql:host=127.0.0.1;port=3306;dbname=yunhaijifeixit;charset=utf8
[2021-03-08T13:28:46+08:00][sql] SHOW FULL COLUMNS FROM `yh_admin` [ RunTime:0.001171s ]
[2021-03-08T13:28:46+08:00][sql] SELECT * FROM `yh_admin` WHERE  `id` = 1 LIMIT 1 [ RunTime:0.000436s ]
[2021-03-08T13:28:46+08:00][sql] SHOW FULL COLUMNS FROM `yh_webpz` [ RunTime:0.001068s ]
[2021-03-08T13:28:46+08:00][sql] SELECT * FROM `yh_webpz` WHERE  `id` = 1 LIMIT 1 [ RunTime:0.000376s ]
[2021-03-08T13:28:46+08:00][sql] SHOW FULL COLUMNS FROM `yh_record` [ RunTime:0.000890s ]
[2021-03-08T13:28:46+08:00][sql] SELECT COUNT(`id`) AS think_count FROM `yh_record` WHERE  `intime` >= 1615179600  AND `intime` <= 1615183200 [ RunTime:0.000424s ]
[2021-03-08T13:28:46+08:00][sql] SELECT COUNT(`id`) AS think_count FROM `yh_record` WHERE  `intime` >= 1615183200  AND `intime` <= 1615186800 [ RunTime:0.000328s ]
[2021-03-08T13:28:46+08:00][sql] SELECT COUNT(`id`) AS think_count FROM `yh_record` WHERE  `intime` >= 1615186800  AND `intime` <= 1615190400 [ RunTime:0.000322s ]
[2021-03-08T13:28:46+08:00][sql] SELECT COUNT(`id`) AS think_count FROM `yh_record` WHERE  `intime` >= 1615190400  AND `intime` <= 1615194000 [ RunTime:0.000306s ]
[2021-03-08T13:28:46+08:00][sql] SELECT COUNT(`id`) AS think_count FROM `yh_record` WHERE  `intime` >= 1615194000  AND `intime` <= 1615197600 [ RunTime:0.000313s ]
[2021-03-08T13:28:46+08:00][sql] SELECT COUNT(`id`) AS think_count FROM `yh_record` WHERE  `intime` >= 1615197600  AND `intime` <= 1615201200 [ RunTime:0.000334s ]
[2021-03-08T13:28:46+08:00][sql] SELECT COUNT(`id`) AS think_count FROM `yh_record` WHERE  `intime` >= 1615201200  AND `intime` <= 1615204800 [ RunTime:0.000320s ]
[2021-03-08T13:28:46+08:00][sql] SELECT COUNT(`id`) AS think_count FROM `yh_record` WHERE  `intime` >= 1615204800  AND `intime` <= 1615208400 [ RunTime:0.000314s ]
[2021-03-08T13:28:46+08:00][sql] SELECT COUNT(`id`) AS think_count FROM `yh_record` WHERE  `intime` >= 1615208400  AND `intime` <= 1615212000 [ RunTime:0.000319s ]
[2021-03-08T13:28:46+08:00][sql] SELECT COUNT(`id`) AS think_count FROM `yh_record` WHERE  `intime` >= 1615212000  AND `intime` <= 1615215600 [ RunTime:0.000339s ]
[2021-03-08T13:28:46+08:00][sql] SELECT COUNT(`id`) AS think_count FROM `yh_record` WHERE  `intime` >= 1615215600  AND `intime` <= 1615219200 [ RunTime:0.000318s ]
[2021-03-08T13:28:46+08:00][sql] SELECT COUNT(`id`) AS think_count FROM `yh_record` WHERE  `intime` >= 1615219200  AND `intime` <= [ RunTime:0.000329s ]
[2021-03-08T13:28:46+08:00][sql] SELECT COUNT(`id`) AS think_count FROM `yh_record` WHERE  `intime` >= 1615093200  AND `intime` <= 1615096800 [ RunTime:0.000333s ]
[2021-03-08T13:28:46+08:00][sql] SELECT COUNT(`id`) AS think_count FROM `yh_record` WHERE  `intime` >= 1615096800  AND `intime` <= 1615100400 [ RunTime:0.000326s ]
[2021-03-08T13:28:46+08:00][sql] SELECT COUNT(`id`) AS think_count FROM `yh_record` WHERE  `intime` >= 1615100400  AND `intime` <= 1615104000 [ RunTime:0.000346s ]
[2021-03-08T13:28:46+08:00][sql] SELECT COUNT(`id`) AS think_count FROM `yh_record` WHERE  `intime` >= 1615104000  AND `intime` <= 1615107600 [ RunTime:0.000337s ]
[2021-03-08T13:28:46+08:00][sql] SELECT COUNT(`id`) AS think_count FROM `yh_record` WHERE  `intime` >= 1615107600  AND `intime` <= 1615111200 [ RunTime:0.000367s ]
[2021-03-08T13:28:46+08:00][sql] SELECT COUNT(`id`) AS think_count FROM `yh_record` WHERE  `intime` >= 1615111200  AND `intime` <= 1615114800 [ RunTime:0.000331s ]
[2021-03-08T13:28:46+08:00][sql] SELECT COUNT(`id`) AS think_count FROM `yh_record` WHERE  `intime` >= 1615114800  AND `intime` <= 1615118400 [ RunTime:0.000323s ]
[2021-03-08T13:28:46+08:00][sql] SELECT COUNT(`id`) AS think_count FROM `yh_record` WHERE  `intime` >= 1615118400  AND `intime` <= 1615122000 [ RunTime:0.000334s ]
[2021-03-08T13:28:46+08:00][sql] SELECT COUNT(`id`) AS think_count FROM `yh_record` WHERE  `intime` >= 1615122000  AND `intime` <= 1615125600 [ RunTime:0.000393s ]
[2021-03-08T13:28:46+08:00][sql] SELECT COUNT(`id`) AS think_count FROM `yh_record` WHERE  `intime` >= 1615125600  AND `intime` <= 1615129200 [ RunTime:0.000394s ]
[2021-03-08T13:28:46+08:00][sql] SELECT COUNT(`id`) AS think_count FROM `yh_record` WHERE  `intime` >= 1615129200  AND `intime` <= 1615132800 [ RunTime:0.000342s ]
[2021-03-08T13:28:46+08:00][sql] SELECT COUNT(`id`) AS think_count FROM `yh_record` WHERE  `intime` >= 1615132800  AND `intime` <= [ RunTime:0.000271s ]
[2021-03-08T13:28:46+08:00][sql] SHOW FULL COLUMNS FROM `yh_business` [ RunTime:0.000998s ]
[2021-03-08T13:28:46+08:00][sql] SELECT COUNT(*) AS think_count FROM `yh_business` WHERE  `type` = 1 [ RunTime:0.000294s ]
[2021-03-08T13:28:46+08:00][sql] SELECT COUNT(*) AS think_count FROM `yh_business` WHERE  `type` = 2 [ RunTime:0.000386s ]
[2021-03-08T13:28:46+08:00][sql] SELECT `user_uid`,`calltoday` FROM `yh_business` ORDER BY `calltoday` DESC LIMIT 5 [ RunTime:0.000328s ]
[2021-03-08T13:33:04+08:00][sql] CONNECT:[ UseTime:0.000844s ] mysql:host=127.0.0.1;port=3306;dbname=yunhaijifeixit;charset=utf8
[2021-03-08T13:33:04+08:00][sql] SHOW FULL COLUMNS FROM `yh_webpz` [ RunTime:0.001780s ]
[2021-03-08T13:33:04+08:00][sql] SELECT * FROM `yh_webpz` WHERE  `id` = 1 LIMIT 1 [ RunTime:0.000587s ]
[2021-03-08T13:33:05+08:00][sql] CONNECT:[ UseTime:0.000997s ] mysql:host=127.0.0.1;port=3306;dbname=yunhaijifeixit;charset=utf8
[2021-03-08T13:33:05+08:00][sql] SHOW FULL COLUMNS FROM `yh_webpz` [ RunTime:0.001474s ]
[2021-03-08T13:33:05+08:00][sql] SELECT * FROM `yh_webpz` WHERE  `id` = 1 LIMIT 1 [ RunTime:0.000494s ]
[2021-03-08T13:38:43+08:00][sql] CONNECT:[ UseTime:0.000679s ] mysql:host=127.0.0.1;port=3306;dbname=yunhaijifeixit;charset=utf8
[2021-03-08T13:38:43+08:00][sql] SHOW FULL COLUMNS FROM `yh_admin` [ RunTime:0.001298s ]
[2021-03-08T13:38:43+08:00][sql] SELECT * FROM `yh_admin` WHERE  `id` = 1 LIMIT 1 [ RunTime:0.000871s ]
[2021-03-08T13:38:43+08:00][sql] SHOW FULL COLUMNS FROM `yh_webpz` [ RunTime:0.001043s ]
[2021-03-08T13:38:43+08:00][sql] SELECT * FROM `yh_webpz` WHERE  `id` = 1 LIMIT 1 [ RunTime:0.000427s ]
[2021-03-08T13:38:43+08:00][sql] SHOW FULL COLUMNS FROM `yh_replace` [ RunTime:0.001026s ]
[2021-03-08T13:38:43+08:00][sql] SELECT COUNT(*) AS think_count FROM `yh_replace` WHERE  `status` = 0 [ RunTime:0.000378s ]
[2021-03-08T13:38:43+08:00][sql] SELECT * FROM `yh_replace` WHERE  `status` = 0 ORDER BY `id` DESC LIMIT 0,15 [ RunTime:0.000376s ]
[2021-03-08T13:38:47+08:00][sql] CONNECT:[ UseTime:0.000559s ] mysql:host=127.0.0.1;port=3306;dbname=yunhaijifeixit;charset=utf8
[2021-03-08T13:38:47+08:00][sql] SHOW FULL COLUMNS FROM `yh_admin` [ RunTime:0.001293s ]
[2021-03-08T13:38:47+08:00][sql] SELECT * FROM `yh_admin` WHERE  `id` = 1 LIMIT 1 [ RunTime:0.000480s ]
[2021-03-08T13:38:47+08:00][sql] SHOW FULL COLUMNS FROM `yh_webpz` [ RunTime:0.001034s ]
[2021-03-08T13:38:47+08:00][sql] SELECT * FROM `yh_webpz` WHERE  `id` = 1 LIMIT 1 [ RunTime:0.000363s ]
