[2020-10-11T21:28:47+08:00][sql] CONNECT:[ UseTime:0.001621s ] mysql:host=127.0.0.1;port=3306;dbname=jifei;charset=utf8
[2020-10-11T21:28:47+08:00][error] [10501]SQLSTATE[42S02]: Base table or view not found: 1146 Table 'jifei.yh_webpz' doesn't exist[D:\phpstudy_pro\WWW\tp6\vendor\topthink\think-orm\src\db\PDOConnection.php:768]
[2020-10-11T21:29:06+08:00][sql] CONNECT:[ UseTime:0.001307s ] mysql:host=127.0.0.1;port=3306;dbname=jifei;charset=utf8
[2020-10-11T21:29:06+08:00][error] [10501]SQLSTATE[42S02]: Base table or view not found: 1146 Table 'jifei.yh_webpz' doesn't exist[D:\phpstudy_pro\WWW\tp6\vendor\topthink\think-orm\src\db\PDOConnection.php:768]
[2020-10-11T21:32:44+08:00][sql] CONNECT:[ UseTime:0.001408s ] mysql:host=127.0.0.1;port=3306;dbname=jifei;charset=utf8
[2020-10-11T21:32:44+08:00][sql] SHOW FULL COLUMNS FROM `yh_webpz` [ RunTime:0.001694s ]
[2020-10-11T21:32:44+08:00][sql] SELECT * FROM `yh_webpz` WHERE  `id` = 1 LIMIT 1 [ RunTime:0.000552s ]
[2020-10-11T21:33:11+08:00][sql] CONNECT:[ UseTime:0.001311s ] mysql:host=127.0.0.1;port=3306;dbname=jifei;charset=utf8
[2020-10-11T21:33:11+08:00][sql] SHOW FULL COLUMNS FROM `yh_webpz` [ RunTime:0.001316s ]
[2020-10-11T21:33:11+08:00][sql] SELECT * FROM `yh_webpz` WHERE  `id` = 1 LIMIT 1 [ RunTime:0.000328s ]
[2020-10-11T21:33:16+08:00][sql] CONNECT:[ UseTime:0.001563s ] mysql:host=127.0.0.1;port=3306;dbname=jifei;charset=utf8
[2020-10-11T21:33:16+08:00][sql] SHOW FULL COLUMNS FROM `yh_webpz` [ RunTime:0.001310s ]
[2020-10-11T21:33:16+08:00][sql] SELECT * FROM `yh_webpz` WHERE  `id` = 1 LIMIT 1 [ RunTime:0.000316s ]
[2020-10-11T21:33:16+08:00][sql] SHOW FULL COLUMNS FROM `yh_user` [ RunTime:0.007806s ]
[2020-10-11T21:33:16+08:00][sql] SELECT `id` FROM `yh_user` WHERE  `username` = 'admin'  AND `password` = '565be15b663c3a1c6a54055410cb763a' LIMIT 1 [ RunTime:0.000286s ]
[2020-10-11T21:33:16+08:00][sql] CONNECT:[ UseTime:0.001342s ] mysql:host=127.0.0.1;port=3306;dbname=jifei;charset=utf8
[2020-10-11T21:33:16+08:00][sql] SHOW FULL COLUMNS FROM `yh_webpz` [ RunTime:0.001346s ]
[2020-10-11T21:33:16+08:00][sql] SELECT * FROM `yh_webpz` WHERE  `id` = 1 LIMIT 1 [ RunTime:0.000330s ]
[2020-10-11T21:33:27+08:00][sql] CONNECT:[ UseTime:0.001633s ] mysql:host=127.0.0.1;port=3306;dbname=jifei;charset=utf8
[2020-10-11T21:33:27+08:00][sql] SHOW FULL COLUMNS FROM `yh_webpz` [ RunTime:0.001442s ]
[2020-10-11T21:33:27+08:00][sql] SELECT * FROM `yh_webpz` WHERE  `id` = 1 LIMIT 1 [ RunTime:0.000356s ]
[2020-10-11T21:33:27+08:00][sql] SHOW FULL COLUMNS FROM `yh_user` [ RunTime:0.006974s ]
[2020-10-11T21:33:27+08:00][sql] SELECT `id` FROM `yh_user` WHERE  `username` = 'admin'  AND `password` = '565be15b663c3a1c6a54055410cb763a' LIMIT 1 [ RunTime:0.000358s ]
[2020-10-11T21:33:27+08:00][sql] CONNECT:[ UseTime:0.001559s ] mysql:host=127.0.0.1;port=3306;dbname=jifei;charset=utf8
[2020-10-11T21:33:27+08:00][sql] SHOW FULL COLUMNS FROM `yh_webpz` [ RunTime:0.001264s ]
[2020-10-11T21:33:27+08:00][sql] SELECT * FROM `yh_webpz` WHERE  `id` = 1 LIMIT 1 [ RunTime:0.000378s ]
[2020-10-11T21:33:37+08:00][sql] CONNECT:[ UseTime:0.001351s ] mysql:host=127.0.0.1;port=3306;dbname=jifei;charset=utf8
[2020-10-11T21:33:37+08:00][sql] SHOW FULL COLUMNS FROM `yh_webpz` [ RunTime:0.001680s ]
[2020-10-11T21:33:37+08:00][sql] SELECT * FROM `yh_webpz` WHERE  `id` = 1 LIMIT 1 [ RunTime:0.000358s ]
[2020-10-11T21:33:45+08:00][sql] CONNECT:[ UseTime:0.001346s ] mysql:host=127.0.0.1;port=3306;dbname=jifei;charset=utf8
[2020-10-11T21:33:45+08:00][sql] SHOW FULL COLUMNS FROM `yh_webpz` [ RunTime:0.001578s ]
[2020-10-11T21:33:45+08:00][sql] SELECT * FROM `yh_webpz` WHERE  `id` = 1 LIMIT 1 [ RunTime:0.000330s ]
[2020-10-11T21:33:45+08:00][sql] SHOW FULL COLUMNS FROM `yh_user` [ RunTime:0.006966s ]
[2020-10-11T21:33:45+08:00][sql] SELECT * FROM `yh_user` WHERE  `username` = 'admin' LIMIT 1 [ RunTime:0.000317s ]
[2020-10-11T21:33:45+08:00][sql] SELECT * FROM `yh_user` WHERE  `email` = '1178350505@qq.com' LIMIT 1 [ RunTime:0.000204s ]
[2020-10-11T21:33:45+08:00][sql] INSERT INTO `yh_user` SET `username` = 'admin' , `password` = '565be15b663c3a1c6a54055410cb763a' , `email` = '1178350505@qq.com' , `qq` = '1178350505' , `balance` = 0 , `intime` = 1602423225 , `status` = 1 [ RunTime:0.001298s ]
[2020-10-11T21:33:45+08:00][sql] SHOW FULL COLUMNS FROM `yh_information` [ RunTime:0.006652s ]
[2020-10-11T21:33:45+08:00][sql] SELECT `give` FROM `yh_information` WHERE  `id` = 1 LIMIT 1 [ RunTime:0.000277s ]
[2020-10-11T21:33:45+08:00][sql] SHOW FULL COLUMNS FROM `yh_business` [ RunTime:0.006767s ]
[2020-10-11T21:33:45+08:00][sql] INSERT INTO `yh_business` SET `id` = 1 , `type` = 1 , `surplus` = 100 , `calltoday` = 0 , `limitnum` = 0 , `user_uid` = 19663 , `user_key` = 'dejnostxyCDFGV4568' [ RunTime:0.000893s ]
[2020-10-11T21:33:45+08:00][sql] CONNECT:[ UseTime:0.001666s ] mysql:host=127.0.0.1;port=3306;dbname=jifei;charset=utf8
[2020-10-11T21:33:45+08:00][sql] SHOW FULL COLUMNS FROM `yh_webpz` [ RunTime:0.000863s ]
[2020-10-11T21:33:45+08:00][sql] SELECT * FROM `yh_webpz` WHERE  `id` = 1 LIMIT 1 [ RunTime:0.000261s ]
[2020-10-11T21:33:50+08:00][sql] CONNECT:[ UseTime:0.001682s ] mysql:host=127.0.0.1;port=3306;dbname=jifei;charset=utf8
[2020-10-11T21:33:50+08:00][sql] SHOW FULL COLUMNS FROM `yh_webpz` [ RunTime:0.000864s ]
[2020-10-11T21:33:50+08:00][sql] SELECT * FROM `yh_webpz` WHERE  `id` = 1 LIMIT 1 [ RunTime:0.000253s ]
[2020-10-11T21:33:50+08:00][sql] SHOW FULL COLUMNS FROM `yh_user` [ RunTime:0.006744s ]
[2020-10-11T21:33:50+08:00][sql] SELECT `id` FROM `yh_user` WHERE  `username` = 'admin'  AND `password` = '565be15b663c3a1c6a54055410cb763a' LIMIT 1 [ RunTime:0.000357s ]
[2020-10-11T21:33:50+08:00][sql] CONNECT:[ UseTime:0.001475s ] mysql:host=127.0.0.1;port=3306;dbname=jifei;charset=utf8
[2020-10-11T21:33:50+08:00][sql] SHOW FULL COLUMNS FROM `yh_user` [ RunTime:0.007266s ]
[2020-10-11T21:33:50+08:00][sql] SELECT * FROM `yh_user` WHERE  `id` = 1 LIMIT 1 [ RunTime:0.000703s ]
[2020-10-11T21:33:50+08:00][sql] SHOW FULL COLUMNS FROM `yh_business` [ RunTime:0.006281s ]
[2020-10-11T21:33:50+08:00][sql] SELECT * FROM `yh_business` WHERE  `id` = 1 LIMIT 1 [ RunTime:0.000351s ]
[2020-10-11T21:33:50+08:00][sql] SHOW FULL COLUMNS FROM `yh_webpz` [ RunTime:0.000969s ]
[2020-10-11T21:33:50+08:00][sql] SELECT * FROM `yh_webpz` WHERE  `id` = 1 LIMIT 1 [ RunTime:0.000272s ]
[2020-10-11T21:34:53+08:00][sql] CONNECT:[ UseTime:0.011802s ] mysql:host=127.0.0.1;port=3306;dbname=jifei;charset=utf8
[2020-10-11T21:34:53+08:00][sql] SHOW FULL COLUMNS FROM `yh_user` [ RunTime:0.007918s ]
[2020-10-11T21:34:53+08:00][sql] SELECT * FROM `yh_user` WHERE  `id` = 1 LIMIT 1 [ RunTime:0.000291s ]
[2020-10-11T21:34:53+08:00][sql] SHOW FULL COLUMNS FROM `yh_business` [ RunTime:0.006495s ]
[2020-10-11T21:34:53+08:00][sql] SELECT * FROM `yh_business` WHERE  `id` = 1 LIMIT 1 [ RunTime:0.000294s ]
[2020-10-11T21:34:53+08:00][sql] SHOW FULL COLUMNS FROM `yh_webpz` [ RunTime:0.000762s ]
[2020-10-11T21:34:53+08:00][sql] SELECT * FROM `yh_webpz` WHERE  `id` = 1 LIMIT 1 [ RunTime:0.000244s ]
[2020-10-11T21:34:54+08:00][sql] CONNECT:[ UseTime:0.001411s ] mysql:host=127.0.0.1;port=3306;dbname=jifei;charset=utf8
[2020-10-11T21:34:54+08:00][sql] SHOW FULL COLUMNS FROM `yh_user` [ RunTime:0.006399s ]
[2020-10-11T21:34:54+08:00][sql] SELECT * FROM `yh_user` WHERE  `id` = 1 LIMIT 1 [ RunTime:0.000457s ]
[2020-10-11T21:34:54+08:00][sql] SHOW FULL COLUMNS FROM `yh_business` [ RunTime:0.011430s ]
[2020-10-11T21:34:54+08:00][sql] SELECT * FROM `yh_business` WHERE  `id` = 1 LIMIT 1 [ RunTime:0.000343s ]
[2020-10-11T21:34:54+08:00][sql] SHOW FULL COLUMNS FROM `yh_webpz` [ RunTime:0.000892s ]
[2020-10-11T21:34:54+08:00][sql] SELECT * FROM `yh_webpz` WHERE  `id` = 1 LIMIT 1 [ RunTime:0.000277s ]
[2020-10-11T21:34:55+08:00][sql] CONNECT:[ UseTime:0.001524s ] mysql:host=127.0.0.1;port=3306;dbname=jifei;charset=utf8
[2020-10-11T21:34:55+08:00][sql] SHOW FULL COLUMNS FROM `yh_user` [ RunTime:0.006267s ]
[2020-10-11T21:34:55+08:00][sql] SELECT * FROM `yh_user` WHERE  `id` = 1 LIMIT 1 [ RunTime:0.000502s ]
[2020-10-11T21:34:55+08:00][sql] SHOW FULL COLUMNS FROM `yh_business` [ RunTime:0.007323s ]
[2020-10-11T21:34:55+08:00][sql] SELECT * FROM `yh_business` WHERE  `id` = 1 LIMIT 1 [ RunTime:0.000402s ]
[2020-10-11T21:34:55+08:00][sql] SHOW FULL COLUMNS FROM `yh_webpz` [ RunTime:0.000817s ]
[2020-10-11T21:34:55+08:00][sql] SELECT * FROM `yh_webpz` WHERE  `id` = 1 LIMIT 1 [ RunTime:0.000232s ]
[2020-10-11T21:34:55+08:00][sql] SHOW FULL COLUMNS FROM `yh_meal` [ RunTime:0.001527s ]
[2020-10-11T21:34:55+08:00][sql] SELECT * FROM `yh_meal` WHERE  `status` = 1  AND `type` = 1 ORDER BY `id` DESC [ RunTime:0.000449s ]
[2020-10-11T21:34:57+08:00][sql] CONNECT:[ UseTime:0.001561s ] mysql:host=127.0.0.1;port=3306;dbname=jifei;charset=utf8
[2020-10-11T21:34:57+08:00][sql] SHOW FULL COLUMNS FROM `yh_user` [ RunTime:0.000934s ]
[2020-10-11T21:34:57+08:00][sql] SELECT * FROM `yh_user` WHERE  `id` = 1 LIMIT 1 [ RunTime:0.001268s ]
[2020-10-11T21:34:57+08:00][sql] SHOW FULL COLUMNS FROM `yh_business` [ RunTime:0.006467s ]
[2020-10-11T21:34:57+08:00][sql] SELECT * FROM `yh_business` WHERE  `id` = 1 LIMIT 1 [ RunTime:0.000346s ]
[2020-10-11T21:34:57+08:00][sql] SHOW FULL COLUMNS FROM `yh_webpz` [ RunTime:0.000904s ]
[2020-10-11T21:34:57+08:00][sql] SELECT * FROM `yh_webpz` WHERE  `id` = 1 LIMIT 1 [ RunTime:0.000509s ]
[2020-10-11T21:34:57+08:00][sql] SHOW FULL COLUMNS FROM `yh_meal` [ RunTime:0.002143s ]
[2020-10-11T21:34:57+08:00][sql] SELECT * FROM `yh_meal` WHERE  `status` = 1  AND `type` = 2 ORDER BY `id` DESC [ RunTime:0.000439s ]
[2020-10-11T21:34:57+08:00][sql] CONNECT:[ UseTime:0.001291s ] mysql:host=127.0.0.1;port=3306;dbname=jifei;charset=utf8
[2020-10-11T21:34:57+08:00][sql] SHOW FULL COLUMNS FROM `yh_user` [ RunTime:0.006693s ]
[2020-10-11T21:34:57+08:00][sql] SELECT * FROM `yh_user` WHERE  `id` = 1 LIMIT 1 [ RunTime:0.000558s ]
[2020-10-11T21:34:57+08:00][sql] SHOW FULL COLUMNS FROM `yh_business` [ RunTime:0.008982s ]
[2020-10-11T21:34:57+08:00][sql] SELECT * FROM `yh_business` WHERE  `id` = 1 LIMIT 1 [ RunTime:0.000311s ]
[2020-10-11T21:34:57+08:00][sql] SHOW FULL COLUMNS FROM `yh_webpz` [ RunTime:0.000886s ]
[2020-10-11T21:34:57+08:00][sql] SELECT * FROM `yh_webpz` WHERE  `id` = 1 LIMIT 1 [ RunTime:0.000334s ]
[2020-10-11T21:34:57+08:00][sql] SHOW FULL COLUMNS FROM `yh_meal` [ RunTime:0.001190s ]
[2020-10-11T21:34:57+08:00][sql] SELECT * FROM `yh_meal` WHERE  `status` = 1  AND `type` = 2 ORDER BY `id` DESC [ RunTime:0.000302s ]
[2020-10-11T21:34:58+08:00][sql] CONNECT:[ UseTime:0.001405s ] mysql:host=127.0.0.1;port=3306;dbname=jifei;charset=utf8
[2020-10-11T21:34:58+08:00][sql] SHOW FULL COLUMNS FROM `yh_user` [ RunTime:0.000855s ]
[2020-10-11T21:34:58+08:00][sql] SELECT * FROM `yh_user` WHERE  `id` = 1 LIMIT 1 [ RunTime:0.000642s ]
[2020-10-11T21:34:58+08:00][sql] SHOW FULL COLUMNS FROM `yh_business` [ RunTime:0.008027s ]
[2020-10-11T21:34:58+08:00][sql] SELECT * FROM `yh_business` WHERE  `id` = 1 LIMIT 1 [ RunTime:0.000481s ]
[2020-10-11T21:34:58+08:00][sql] SHOW FULL COLUMNS FROM `yh_webpz` [ RunTime:0.000857s ]
[2020-10-11T21:34:58+08:00][sql] SELECT * FROM `yh_webpz` WHERE  `id` = 1 LIMIT 1 [ RunTime:0.000328s ]
[2020-10-11T21:34:59+08:00][sql] CONNECT:[ UseTime:0.001244s ] mysql:host=127.0.0.1;port=3306;dbname=jifei;charset=utf8
[2020-10-11T21:34:59+08:00][sql] SHOW FULL COLUMNS FROM `yh_user` [ RunTime:0.007241s ]
[2020-10-11T21:34:59+08:00][sql] SELECT * FROM `yh_user` WHERE  `id` = 1 LIMIT 1 [ RunTime:0.000449s ]
[2020-10-11T21:34:59+08:00][sql] SHOW FULL COLUMNS FROM `yh_business` [ RunTime:0.007131s ]
[2020-10-11T21:34:59+08:00][sql] SELECT * FROM `yh_business` WHERE  `id` = 1 LIMIT 1 [ RunTime:0.000277s ]
[2020-10-11T21:34:59+08:00][sql] SHOW FULL COLUMNS FROM `yh_webpz` [ RunTime:0.000792s ]
[2020-10-11T21:34:59+08:00][sql] SELECT * FROM `yh_webpz` WHERE  `id` = 1 LIMIT 1 [ RunTime:0.000244s ]
[2020-10-11T21:35:00+08:00][sql] CONNECT:[ UseTime:0.001278s ] mysql:host=127.0.0.1;port=3306;dbname=jifei;charset=utf8
[2020-10-11T21:35:00+08:00][sql] SHOW FULL COLUMNS FROM `yh_user` [ RunTime:0.001897s ]
[2020-10-11T21:35:00+08:00][sql] SELECT * FROM `yh_user` WHERE  `id` = 1 LIMIT 1 [ RunTime:0.000444s ]
[2020-10-11T21:35:00+08:00][sql] SHOW FULL COLUMNS FROM `yh_business` [ RunTime:0.006753s ]
[2020-10-11T21:35:00+08:00][sql] SELECT * FROM `yh_business` WHERE  `id` = 1 LIMIT 1 [ RunTime:0.000294s ]
[2020-10-11T21:35:00+08:00][sql] SHOW FULL COLUMNS FROM `yh_webpz` [ RunTime:0.012067s ]
[2020-10-11T21:35:00+08:00][sql] SELECT * FROM `yh_webpz` WHERE  `id` = 1 LIMIT 1 [ RunTime:0.000282s ]
[2020-10-11T21:35:02+08:00][sql] CONNECT:[ UseTime:0.001301s ] mysql:host=127.0.0.1;port=3306;dbname=jifei;charset=utf8
[2020-10-11T21:35:02+08:00][sql] SHOW FULL COLUMNS FROM `yh_user` [ RunTime:0.007534s ]
[2020-10-11T21:35:02+08:00][sql] SELECT * FROM `yh_user` WHERE  `id` = 1 LIMIT 1 [ RunTime:0.000296s ]
[2020-10-11T21:35:02+08:00][sql] SHOW FULL COLUMNS FROM `yh_business` [ RunTime:0.006479s ]
[2020-10-11T21:35:02+08:00][sql] SELECT * FROM `yh_business` WHERE  `id` = 1 LIMIT 1 [ RunTime:0.000285s ]
[2020-10-11T21:35:02+08:00][sql] SHOW FULL COLUMNS FROM `yh_webpz` [ RunTime:0.001140s ]
[2020-10-11T21:35:02+08:00][sql] SELECT * FROM `yh_webpz` WHERE  `id` = 1 LIMIT 1 [ RunTime:0.000310s ]
[2020-10-11T21:35:04+08:00][sql] CONNECT:[ UseTime:0.001465s ] mysql:host=127.0.0.1;port=3306;dbname=jifei;charset=utf8
[2020-10-11T21:35:04+08:00][sql] SHOW FULL COLUMNS FROM `yh_user` [ RunTime:0.006698s ]
[2020-10-11T21:35:04+08:00][sql] SELECT * FROM `yh_user` WHERE  `id` = 1 LIMIT 1 [ RunTime:0.000505s ]
[2020-10-11T21:35:04+08:00][sql] SHOW FULL COLUMNS FROM `yh_business` [ RunTime:0.006931s ]
[2020-10-11T21:35:04+08:00][sql] SELECT * FROM `yh_business` WHERE  `id` = 1 LIMIT 1 [ RunTime:0.000449s ]
[2020-10-11T21:35:04+08:00][sql] SHOW FULL COLUMNS FROM `yh_webpz` [ RunTime:0.011157s ]
[2020-10-11T21:35:04+08:00][sql] SELECT * FROM `yh_webpz` WHERE  `id` = 1 LIMIT 1 [ RunTime:0.000300s ]
[2020-10-11T21:35:06+08:00][sql] CONNECT:[ UseTime:0.001435s ] mysql:host=127.0.0.1;port=3306;dbname=jifei;charset=utf8
[2020-10-11T21:35:06+08:00][sql] SHOW FULL COLUMNS FROM `yh_user` [ RunTime:0.007252s ]
[2020-10-11T21:35:06+08:00][sql] SELECT * FROM `yh_user` WHERE  `id` = 1 LIMIT 1 [ RunTime:0.001017s ]
[2020-10-11T21:35:06+08:00][sql] SHOW FULL COLUMNS FROM `yh_business` [ RunTime:0.006319s ]
[2020-10-11T21:35:06+08:00][sql] SELECT * FROM `yh_business` WHERE  `id` = 1 LIMIT 1 [ RunTime:0.000300s ]
[2020-10-11T21:35:06+08:00][sql] SHOW FULL COLUMNS FROM `yh_webpz` [ RunTime:0.001149s ]
[2020-10-11T21:35:06+08:00][sql] SELECT * FROM `yh_webpz` WHERE  `id` = 1 LIMIT 1 [ RunTime:0.000275s ]
[2020-10-11T21:35:06+08:00][sql] SHOW FULL COLUMNS FROM `yh_record` [ RunTime:0.008829s ]
[2020-10-11T21:35:06+08:00][sql] SELECT COUNT(*) AS think_count FROM `yh_record` WHERE  `uid` = 19663 [ RunTime:0.000331s ]
[2020-10-11T21:35:06+08:00][sql] SELECT * FROM `yh_record` WHERE  `uid` = 19663 ORDER BY `id` DESC LIMIT 0,10 [ RunTime:0.000256s ]
[2020-10-11T21:35:06+08:00][sql] CONNECT:[ UseTime:0.001262s ] mysql:host=127.0.0.1;port=3306;dbname=jifei;charset=utf8
[2020-10-11T21:35:06+08:00][sql] SHOW FULL COLUMNS FROM `yh_user` [ RunTime:0.007531s ]
[2020-10-11T21:35:06+08:00][sql] SELECT * FROM `yh_user` WHERE  `id` = 1 LIMIT 1 [ RunTime:0.000526s ]
[2020-10-11T21:35:06+08:00][sql] SHOW FULL COLUMNS FROM `yh_business` [ RunTime:0.006762s ]
[2020-10-11T21:35:06+08:00][sql] SELECT * FROM `yh_business` WHERE  `id` = 1 LIMIT 1 [ RunTime:0.000293s ]
[2020-10-11T21:35:06+08:00][sql] SHOW FULL COLUMNS FROM `yh_webpz` [ RunTime:0.000854s ]
[2020-10-11T21:35:06+08:00][sql] SELECT * FROM `yh_webpz` WHERE  `id` = 1 LIMIT 1 [ RunTime:0.000373s ]
[2020-10-11T21:35:08+08:00][sql] CONNECT:[ UseTime:0.001478s ] mysql:host=127.0.0.1;port=3306;dbname=jifei;charset=utf8
[2020-10-11T21:35:08+08:00][sql] SHOW FULL COLUMNS FROM `yh_user` [ RunTime:0.001965s ]
[2020-10-11T21:35:08+08:00][sql] SELECT * FROM `yh_user` WHERE  `id` = 1 LIMIT 1 [ RunTime:0.000500s ]
[2020-10-11T21:35:08+08:00][sql] SHOW FULL COLUMNS FROM `yh_business` [ RunTime:0.001174s ]
[2020-10-11T21:35:08+08:00][sql] SELECT * FROM `yh_business` WHERE  `id` = 1 LIMIT 1 [ RunTime:0.000307s ]
[2020-10-11T21:35:08+08:00][sql] SHOW FULL COLUMNS FROM `yh_webpz` [ RunTime:0.000756s ]
[2020-10-11T21:35:08+08:00][sql] SELECT * FROM `yh_webpz` WHERE  `id` = 1 LIMIT 1 [ RunTime:0.000296s ]
[2020-10-11T21:35:08+08:00][sql] SHOW FULL COLUMNS FROM `yh_record` [ RunTime:0.006719s ]
[2020-10-11T21:35:08+08:00][sql] SELECT COUNT(*) AS think_count FROM `yh_record` WHERE  `uid` = 19663 [ RunTime:0.000403s ]
[2020-10-11T21:35:08+08:00][sql] SELECT * FROM `yh_record` WHERE  `uid` = 19663 ORDER BY `id` DESC LIMIT 0,10 [ RunTime:0.000323s ]
[2020-10-11T21:35:09+08:00][sql] CONNECT:[ UseTime:0.001562s ] mysql:host=127.0.0.1;port=3306;dbname=jifei;charset=utf8
[2020-10-11T21:35:09+08:00][sql] SHOW FULL COLUMNS FROM `yh_user` [ RunTime:0.007552s ]
[2020-10-11T21:35:09+08:00][sql] SELECT * FROM `yh_user` WHERE  `id` = 1 LIMIT 1 [ RunTime:0.000400s ]
[2020-10-11T21:35:09+08:00][sql] SHOW FULL COLUMNS FROM `yh_business` [ RunTime:0.006599s ]
[2020-10-11T21:35:09+08:00][sql] SELECT * FROM `yh_business` WHERE  `id` = 1 LIMIT 1 [ RunTime:0.000352s ]
[2020-10-11T21:35:09+08:00][sql] SHOW FULL COLUMNS FROM `yh_webpz` [ RunTime:0.000983s ]
[2020-10-11T21:35:09+08:00][sql] SELECT * FROM `yh_webpz` WHERE  `id` = 1 LIMIT 1 [ RunTime:0.000363s ]
[2020-10-11T21:35:09+08:00][sql] SHOW FULL COLUMNS FROM `yh_record` [ RunTime:0.007430s ]
[2020-10-11T21:35:09+08:00][sql] SELECT COUNT(*) AS think_count FROM `yh_record` WHERE  `uid` = 19663 [ RunTime:0.000311s ]
[2020-10-11T21:35:09+08:00][sql] SELECT * FROM `yh_record` WHERE  `uid` = 19663 ORDER BY `id` DESC LIMIT 10,10 [ RunTime:0.000293s ]
[2020-10-11T21:35:10+08:00][sql] CONNECT:[ UseTime:0.001435s ] mysql:host=127.0.0.1;port=3306;dbname=jifei;charset=utf8
[2020-10-11T21:35:10+08:00][sql] SHOW FULL COLUMNS FROM `yh_user` [ RunTime:0.001233s ]
[2020-10-11T21:35:10+08:00][sql] SELECT * FROM `yh_user` WHERE  `id` = 1 LIMIT 1 [ RunTime:0.000422s ]
[2020-10-11T21:35:10+08:00][sql] SHOW FULL COLUMNS FROM `yh_business` [ RunTime:0.008198s ]
[2020-10-11T21:35:10+08:00][sql] SELECT * FROM `yh_business` WHERE  `id` = 1 LIMIT 1 [ RunTime:0.000320s ]
[2020-10-11T21:35:10+08:00][sql] SHOW FULL COLUMNS FROM `yh_webpz` [ RunTime:0.001002s ]
[2020-10-11T21:35:10+08:00][sql] SELECT * FROM `yh_webpz` WHERE  `id` = 1 LIMIT 1 [ RunTime:0.000272s ]
[2020-10-11T21:35:10+08:00][sql] SHOW FULL COLUMNS FROM `yh_record` [ RunTime:0.006689s ]
[2020-10-11T21:35:10+08:00][sql] SELECT COUNT(*) AS think_count FROM `yh_record` WHERE  `uid` = 19663 [ RunTime:0.000317s ]
[2020-10-11T21:35:10+08:00][sql] SELECT * FROM `yh_record` WHERE  `uid` = 19663 ORDER BY `id` DESC LIMIT 0,10 [ RunTime:0.000210s ]
[2020-10-11T21:35:11+08:00][sql] CONNECT:[ UseTime:0.001391s ] mysql:host=127.0.0.1;port=3306;dbname=jifei;charset=utf8
[2020-10-11T21:35:11+08:00][sql] SHOW FULL COLUMNS FROM `yh_user` [ RunTime:0.000785s ]
[2020-10-11T21:35:11+08:00][sql] SELECT * FROM `yh_user` WHERE  `id` = 1 LIMIT 1 [ RunTime:0.000256s ]
[2020-10-11T21:35:11+08:00][sql] SHOW FULL COLUMNS FROM `yh_business` [ RunTime:0.000670s ]
[2020-10-11T21:35:11+08:00][sql] SELECT * FROM `yh_business` WHERE  `id` = 1 LIMIT 1 [ RunTime:0.000262s ]
[2020-10-11T21:35:11+08:00][sql] SHOW FULL COLUMNS FROM `yh_webpz` [ RunTime:0.000768s ]
[2020-10-11T21:35:11+08:00][sql] SELECT * FROM `yh_webpz` WHERE  `id` = 1 LIMIT 1 [ RunTime:0.000454s ]
[2020-10-11T21:35:11+08:00][sql] SHOW FULL COLUMNS FROM `yh_record` [ RunTime:0.006768s ]
[2020-10-11T21:35:11+08:00][sql] SELECT COUNT(*) AS think_count FROM `yh_record` WHERE  `uid` = 19663 [ RunTime:0.000353s ]
[2020-10-11T21:35:11+08:00][sql] SELECT * FROM `yh_record` WHERE  `uid` = 19663 ORDER BY `id` DESC LIMIT 0,10 [ RunTime:0.000325s ]
[2020-10-11T21:35:12+08:00][sql] CONNECT:[ UseTime:0.001337s ] mysql:host=127.0.0.1;port=3306;dbname=jifei;charset=utf8
[2020-10-11T21:35:12+08:00][sql] SHOW FULL COLUMNS FROM `yh_user` [ RunTime:0.000914s ]
[2020-10-11T21:35:12+08:00][sql] SELECT * FROM `yh_user` WHERE  `id` = 1 LIMIT 1 [ RunTime:0.000438s ]
[2020-10-11T21:35:12+08:00][sql] SHOW FULL COLUMNS FROM `yh_business` [ RunTime:0.000797s ]
[2020-10-11T21:35:12+08:00][sql] SELECT * FROM `yh_business` WHERE  `id` = 1 LIMIT 1 [ RunTime:0.000309s ]
[2020-10-11T21:35:12+08:00][sql] SHOW FULL COLUMNS FROM `yh_webpz` [ RunTime:0.000938s ]
[2020-10-11T21:35:12+08:00][sql] SELECT * FROM `yh_webpz` WHERE  `id` = 1 LIMIT 1 [ RunTime:0.000519s ]
[2020-10-11T21:35:13+08:00][sql] CONNECT:[ UseTime:0.001323s ] mysql:host=127.0.0.1;port=3306;dbname=jifei;charset=utf8
[2020-10-11T21:35:13+08:00][sql] SHOW FULL COLUMNS FROM `yh_user` [ RunTime:0.001204s ]
[2020-10-11T21:35:13+08:00][sql] SELECT * FROM `yh_user` WHERE  `id` = 1 LIMIT 1 [ RunTime:0.011141s ]
[2020-10-11T21:35:13+08:00][sql] SHOW FULL COLUMNS FROM `yh_business` [ RunTime:0.000821s ]
[2020-10-11T21:35:13+08:00][sql] SELECT * FROM `yh_business` WHERE  `id` = 1 LIMIT 1 [ RunTime:0.000226s ]
[2020-10-11T21:35:13+08:00][sql] SHOW FULL COLUMNS FROM `yh_webpz` [ RunTime:0.000708s ]
[2020-10-11T21:35:13+08:00][sql] SELECT * FROM `yh_webpz` WHERE  `id` = 1 LIMIT 1 [ RunTime:0.000246s ]
[2020-10-11T21:35:21+08:00][sql] CONNECT:[ UseTime:0.001832s ] mysql:host=127.0.0.1;port=3306;dbname=jifei;charset=utf8
[2020-10-11T21:35:21+08:00][sql] SHOW FULL COLUMNS FROM `yh_user` [ RunTime:0.001371s ]
[2020-10-11T21:35:21+08:00][sql] SELECT * FROM `yh_user` WHERE  `id` = 1 LIMIT 1 [ RunTime:0.000310s ]
[2020-10-11T21:35:21+08:00][sql] SHOW FULL COLUMNS FROM `yh_business` [ RunTime:0.000869s ]
[2020-10-11T21:35:21+08:00][sql] SELECT * FROM `yh_business` WHERE  `id` = 1 LIMIT 1 [ RunTime:0.000208s ]
[2020-10-11T21:35:21+08:00][sql] SHOW FULL COLUMNS FROM `yh_webpz` [ RunTime:0.000663s ]
[2020-10-11T21:35:21+08:00][sql] SELECT * FROM `yh_webpz` WHERE  `id` = 1 LIMIT 1 [ RunTime:0.000240s ]
[2020-10-11T21:35:21+08:00][sql] CONNECT:[ UseTime:0.001244s ] mysql:host=127.0.0.1;port=3306;dbname=jifei;charset=utf8
[2020-10-11T21:35:21+08:00][sql] SHOW FULL COLUMNS FROM `yh_user` [ RunTime:0.000826s ]
[2020-10-11T21:35:21+08:00][sql] SELECT * FROM `yh_user` WHERE  `id` = 1 LIMIT 1 [ RunTime:0.000260s ]
[2020-10-11T21:35:21+08:00][sql] SHOW FULL COLUMNS FROM `yh_business` [ RunTime:0.000687s ]
[2020-10-11T21:35:21+08:00][sql] SELECT * FROM `yh_business` WHERE  `id` = 1 LIMIT 1 [ RunTime:0.000248s ]
[2020-10-11T21:35:21+08:00][sql] SHOW FULL COLUMNS FROM `yh_webpz` [ RunTime:0.000881s ]
[2020-10-11T21:35:21+08:00][sql] SELECT * FROM `yh_webpz` WHERE  `id` = 1 LIMIT 1 [ RunTime:0.000577s ]
[2020-10-11T21:39:24+08:00][sql] CONNECT:[ UseTime:0.001404s ] mysql:host=127.0.0.1;port=3306;dbname=jifei;charset=utf8
[2020-10-11T21:39:24+08:00][sql] SHOW FULL COLUMNS FROM `yh_user` [ RunTime:0.001144s ]
[2020-10-11T21:39:24+08:00][sql] SELECT * FROM `yh_user` WHERE  `id` = 1 LIMIT 1 [ RunTime:0.000301s ]
[2020-10-11T21:39:24+08:00][sql] SHOW FULL COLUMNS FROM `yh_business` [ RunTime:0.000996s ]
[2020-10-11T21:39:24+08:00][sql] SELECT * FROM `yh_business` WHERE  `id` = 1 LIMIT 1 [ RunTime:0.000301s ]
[2020-10-11T21:39:24+08:00][sql] SHOW FULL COLUMNS FROM `yh_webpz` [ RunTime:0.001021s ]
[2020-10-11T21:39:24+08:00][sql] SELECT * FROM `yh_webpz` WHERE  `id` = 1 LIMIT 1 [ RunTime:0.000462s ]
[2020-10-11T21:39:25+08:00][sql] CONNECT:[ UseTime:0.001295s ] mysql:host=127.0.0.1;port=3306;dbname=jifei;charset=utf8
[2020-10-11T21:39:25+08:00][sql] SHOW FULL COLUMNS FROM `yh_user` [ RunTime:0.000947s ]
[2020-10-11T21:39:25+08:00][sql] SELECT * FROM `yh_user` WHERE  `id` = 1 LIMIT 1 [ RunTime:0.000242s ]
[2020-10-11T21:39:25+08:00][sql] SHOW FULL COLUMNS FROM `yh_business` [ RunTime:0.000878s ]
[2020-10-11T21:39:25+08:00][sql] SELECT * FROM `yh_business` WHERE  `id` = 1 LIMIT 1 [ RunTime:0.000760s ]
[2020-10-11T21:39:25+08:00][sql] SHOW FULL COLUMNS FROM `yh_webpz` [ RunTime:0.001631s ]
[2020-10-11T21:39:25+08:00][sql] SELECT * FROM `yh_webpz` WHERE  `id` = 1 LIMIT 1 [ RunTime:0.000394s ]
[2020-10-11T21:39:27+08:00][sql] CONNECT:[ UseTime:0.001677s ] mysql:host=127.0.0.1;port=3306;dbname=jifei;charset=utf8
[2020-10-11T21:39:27+08:00][sql] SHOW FULL COLUMNS FROM `yh_user` [ RunTime:0.001667s ]
[2020-10-11T21:39:27+08:00][sql] SELECT * FROM `yh_user` WHERE  `id` = 1 LIMIT 1 [ RunTime:0.000287s ]
[2020-10-11T21:39:27+08:00][sql] SHOW FULL COLUMNS FROM `yh_business` [ RunTime:0.000924s ]
[2020-10-11T21:39:27+08:00][sql] SELECT * FROM `yh_business` WHERE  `id` = 1 LIMIT 1 [ RunTime:0.000331s ]
[2020-10-11T21:39:27+08:00][sql] SHOW FULL COLUMNS FROM `yh_webpz` [ RunTime:0.000874s ]
[2020-10-11T21:39:27+08:00][sql] SELECT * FROM `yh_webpz` WHERE  `id` = 1 LIMIT 1 [ RunTime:0.000294s ]
[2020-10-11T21:39:27+08:00][sql] CONNECT:[ UseTime:0.001614s ] mysql:host=127.0.0.1;port=3306;dbname=jifei;charset=utf8
[2020-10-11T21:39:27+08:00][sql] SHOW FULL COLUMNS FROM `yh_user` [ RunTime:0.001584s ]
[2020-10-11T21:39:27+08:00][sql] SELECT * FROM `yh_user` WHERE  `id` = 1 LIMIT 1 [ RunTime:0.000400s ]
[2020-10-11T21:39:27+08:00][sql] SHOW FULL COLUMNS FROM `yh_business` [ RunTime:0.011552s ]
[2020-10-11T21:39:27+08:00][sql] SELECT * FROM `yh_business` WHERE  `id` = 1 LIMIT 1 [ RunTime:0.000520s ]
[2020-10-11T21:39:27+08:00][sql] SHOW FULL COLUMNS FROM `yh_webpz` [ RunTime:0.001503s ]
[2020-10-11T21:39:27+08:00][sql] SELECT * FROM `yh_webpz` WHERE  `id` = 1 LIMIT 1 [ RunTime:0.000323s ]
[2020-10-11T21:39:31+08:00][sql] CONNECT:[ UseTime:0.001389s ] mysql:host=127.0.0.1;port=3306;dbname=jifei;charset=utf8
[2020-10-11T21:39:31+08:00][sql] SHOW FULL COLUMNS FROM `yh_user` [ RunTime:0.001162s ]
[2020-10-11T21:39:31+08:00][sql] SELECT * FROM `yh_user` WHERE  `id` = 1 LIMIT 1 [ RunTime:0.000267s ]
[2020-10-11T21:39:31+08:00][sql] SHOW FULL COLUMNS FROM `yh_business` [ RunTime:0.000717s ]
[2020-10-11T21:39:31+08:00][sql] SELECT * FROM `yh_business` WHERE  `id` = 1 LIMIT 1 [ RunTime:0.010040s ]
[2020-10-11T21:39:31+08:00][sql] SHOW FULL COLUMNS FROM `yh_webpz` [ RunTime:0.000938s ]
[2020-10-11T21:39:31+08:00][sql] SELECT * FROM `yh_webpz` WHERE  `id` = 1 LIMIT 1 [ RunTime:0.000348s ]
[2020-10-11T21:40:11+08:00][sql] CONNECT:[ UseTime:0.001535s ] mysql:host=127.0.0.1;port=3306;dbname=jifei;charset=utf8
[2020-10-11T21:40:11+08:00][sql] SHOW FULL COLUMNS FROM `yh_user` [ RunTime:0.001052s ]
[2020-10-11T21:40:11+08:00][sql] SELECT * FROM `yh_user` WHERE  `id` = 1 LIMIT 1 [ RunTime:0.000421s ]
[2020-10-11T21:40:11+08:00][sql] SHOW FULL COLUMNS FROM `yh_business` [ RunTime:0.000886s ]
[2020-10-11T21:40:11+08:00][sql] SELECT * FROM `yh_business` WHERE  `id` = 1 LIMIT 1 [ RunTime:0.000297s ]
[2020-10-11T21:40:11+08:00][sql] SHOW FULL COLUMNS FROM `yh_webpz` [ RunTime:0.000925s ]
[2020-10-11T21:40:11+08:00][sql] SELECT * FROM `yh_webpz` WHERE  `id` = 1 LIMIT 1 [ RunTime:0.000302s ]
[2020-10-11T21:40:12+08:00][sql] CONNECT:[ UseTime:0.001287s ] mysql:host=127.0.0.1;port=3306;dbname=jifei;charset=utf8
[2020-10-11T21:40:12+08:00][sql] SHOW FULL COLUMNS FROM `yh_user` [ RunTime:0.000910s ]
[2020-10-11T21:40:12+08:00][sql] SELECT * FROM `yh_user` WHERE  `id` = 1 LIMIT 1 [ RunTime:0.000265s ]
[2020-10-11T21:40:12+08:00][sql] SHOW FULL COLUMNS FROM `yh_business` [ RunTime:0.000822s ]
[2020-10-11T21:40:12+08:00][sql] SELECT * FROM `yh_business` WHERE  `id` = 1 LIMIT 1 [ RunTime:0.000235s ]
[2020-10-11T21:40:12+08:00][sql] SHOW FULL COLUMNS FROM `yh_webpz` [ RunTime:0.000934s ]
[2020-10-11T21:40:12+08:00][sql] SELECT * FROM `yh_webpz` WHERE  `id` = 1 LIMIT 1 [ RunTime:0.000283s ]
[2020-10-11T21:41:48+08:00][sql] CONNECT:[ UseTime:0.001468s ] mysql:host=127.0.0.1;port=3306;dbname=jifei;charset=utf8
[2020-10-11T21:41:48+08:00][sql] SHOW FULL COLUMNS FROM `yh_user` [ RunTime:0.001008s ]
[2020-10-11T21:41:48+08:00][sql] SELECT * FROM `yh_user` WHERE  `id` = 1 LIMIT 1 [ RunTime:0.000285s ]
[2020-10-11T21:41:48+08:00][sql] SHOW FULL COLUMNS FROM `yh_business` [ RunTime:0.001133s ]
[2020-10-11T21:41:48+08:00][sql] SELECT * FROM `yh_business` WHERE  `id` = 1 LIMIT 1 [ RunTime:0.000409s ]
[2020-10-11T21:41:48+08:00][sql] SHOW FULL COLUMNS FROM `yh_webpz` [ RunTime:0.001219s ]
[2020-10-11T21:41:48+08:00][sql] SELECT * FROM `yh_webpz` WHERE  `id` = 1 LIMIT 1 [ RunTime:0.000278s ]
[2020-10-11T21:42:06+08:00][sql] CONNECT:[ UseTime:0.001530s ] mysql:host=127.0.0.1;port=3306;dbname=jifei;charset=utf8
[2020-10-11T21:42:06+08:00][sql] SHOW FULL COLUMNS FROM `yh_user` [ RunTime:0.001055s ]
[2020-10-11T21:42:06+08:00][sql] SELECT * FROM `yh_user` WHERE  `id` = 1 LIMIT 1 [ RunTime:0.000303s ]
[2020-10-11T21:42:06+08:00][sql] SHOW FULL COLUMNS FROM `yh_business` [ RunTime:0.000870s ]
[2020-10-11T21:42:06+08:00][sql] SELECT * FROM `yh_business` WHERE  `id` = 1 LIMIT 1 [ RunTime:0.000709s ]
[2020-10-11T21:42:06+08:00][sql] SHOW FULL COLUMNS FROM `yh_webpz` [ RunTime:0.000832s ]
[2020-10-11T21:42:06+08:00][sql] SELECT * FROM `yh_webpz` WHERE  `id` = 1 LIMIT 1 [ RunTime:0.000243s ]
[2020-10-11T21:42:07+08:00][sql] CONNECT:[ UseTime:0.001545s ] mysql:host=127.0.0.1;port=3306;dbname=jifei;charset=utf8
[2020-10-11T21:42:07+08:00][sql] SHOW FULL COLUMNS FROM `yh_user` [ RunTime:0.000956s ]
[2020-10-11T21:42:07+08:00][sql] SELECT * FROM `yh_user` WHERE  `id` = 1 LIMIT 1 [ RunTime:0.000235s ]
[2020-10-11T21:42:07+08:00][sql] SHOW FULL COLUMNS FROM `yh_business` [ RunTime:0.001007s ]
[2020-10-11T21:42:07+08:00][sql] SELECT * FROM `yh_business` WHERE  `id` = 1 LIMIT 1 [ RunTime:0.000229s ]
[2020-10-11T21:42:07+08:00][sql] SHOW FULL COLUMNS FROM `yh_webpz` [ RunTime:0.000677s ]
[2020-10-11T21:42:07+08:00][sql] SELECT * FROM `yh_webpz` WHERE  `id` = 1 LIMIT 1 [ RunTime:0.000666s ]
[2020-10-11T21:42:23+08:00][sql] CONNECT:[ UseTime:0.001760s ] mysql:host=127.0.0.1;port=3306;dbname=jifei;charset=utf8
[2020-10-11T21:42:23+08:00][sql] SHOW FULL COLUMNS FROM `yh_user` [ RunTime:0.000951s ]
[2020-10-11T21:42:23+08:00][sql] SELECT * FROM `yh_user` WHERE  `id` = 1 LIMIT 1 [ RunTime:0.000285s ]
[2020-10-11T21:42:23+08:00][sql] SHOW FULL COLUMNS FROM `yh_business` [ RunTime:0.000751s ]
[2020-10-11T21:42:23+08:00][sql] SELECT * FROM `yh_business` WHERE  `id` = 1 LIMIT 1 [ RunTime:0.000221s ]
[2020-10-11T21:42:23+08:00][sql] SHOW FULL COLUMNS FROM `yh_webpz` [ RunTime:0.000701s ]
[2020-10-11T21:42:23+08:00][sql] SELECT * FROM `yh_webpz` WHERE  `id` = 1 LIMIT 1 [ RunTime:0.000228s ]
[2020-10-11T21:43:21+08:00][sql] CONNECT:[ UseTime:0.001431s ] mysql:host=127.0.0.1;port=3306;dbname=jifei;charset=utf8
[2020-10-11T21:43:21+08:00][sql] SHOW FULL COLUMNS FROM `yh_user` [ RunTime:0.001044s ]
[2020-10-11T21:43:21+08:00][sql] SELECT * FROM `yh_user` WHERE  `id` = 1 LIMIT 1 [ RunTime:0.000281s ]
[2020-10-11T21:43:21+08:00][sql] SHOW FULL COLUMNS FROM `yh_business` [ RunTime:0.001498s ]
[2020-10-11T21:43:21+08:00][sql] SELECT * FROM `yh_business` WHERE  `id` = 1 LIMIT 1 [ RunTime:0.000433s ]
[2020-10-11T21:43:21+08:00][sql] SHOW FULL COLUMNS FROM `yh_webpz` [ RunTime:0.000789s ]
[2020-10-11T21:43:21+08:00][sql] SELECT * FROM `yh_webpz` WHERE  `id` = 1 LIMIT 1 [ RunTime:0.000279s ]
[2020-10-11T21:43:21+08:00][error] [8]未定义变量: user[D:\phpstudy_pro\WWW\tp6\app\user\controller\Index.php:25]
[2020-10-11T21:43:32+08:00][sql] CONNECT:[ UseTime:0.010430s ] mysql:host=127.0.0.1;port=3306;dbname=jifei;charset=utf8
[2020-10-11T21:43:32+08:00][sql] SHOW FULL COLUMNS FROM `yh_user` [ RunTime:0.001050s ]
[2020-10-11T21:43:32+08:00][sql] SELECT * FROM `yh_user` WHERE  `id` = 1 LIMIT 1 [ RunTime:0.000262s ]
[2020-10-11T21:43:32+08:00][sql] SHOW FULL COLUMNS FROM `yh_business` [ RunTime:0.000775s ]
[2020-10-11T21:43:32+08:00][sql] SELECT * FROM `yh_business` WHERE  `id` = 1 LIMIT 1 [ RunTime:0.000252s ]
[2020-10-11T21:43:32+08:00][sql] SHOW FULL COLUMNS FROM `yh_webpz` [ RunTime:0.000725s ]
[2020-10-11T21:43:32+08:00][sql] SELECT * FROM `yh_webpz` WHERE  `id` = 1 LIMIT 1 [ RunTime:0.000289s ]
[2020-10-11T21:43:38+08:00][sql] CONNECT:[ UseTime:0.001306s ] mysql:host=127.0.0.1;port=3306;dbname=jifei;charset=utf8
[2020-10-11T21:43:38+08:00][sql] SHOW FULL COLUMNS FROM `yh_user` [ RunTime:0.000958s ]
[2020-10-11T21:43:38+08:00][sql] SELECT * FROM `yh_user` WHERE  `id` = 1 LIMIT 1 [ RunTime:0.000265s ]
[2020-10-11T21:43:38+08:00][sql] SHOW FULL COLUMNS FROM `yh_business` [ RunTime:0.000737s ]
[2020-10-11T21:43:38+08:00][sql] SELECT * FROM `yh_business` WHERE  `id` = 1 LIMIT 1 [ RunTime:0.000380s ]
[2020-10-11T21:43:38+08:00][sql] SHOW FULL COLUMNS FROM `yh_webpz` [ RunTime:0.000926s ]
[2020-10-11T21:43:38+08:00][sql] SELECT * FROM `yh_webpz` WHERE  `id` = 1 LIMIT 1 [ RunTime:0.000263s ]
[2020-10-11T21:45:06+08:00][sql] CONNECT:[ UseTime:0.001497s ] mysql:host=127.0.0.1;port=3306;dbname=jifei;charset=utf8
[2020-10-11T21:45:06+08:00][sql] SHOW FULL COLUMNS FROM `yh_user` [ RunTime:0.001631s ]
[2020-10-11T21:45:06+08:00][sql] SELECT * FROM `yh_user` WHERE  `id` = 1 LIMIT 1 [ RunTime:0.000703s ]
[2020-10-11T21:45:06+08:00][sql] SHOW FULL COLUMNS FROM `yh_business` [ RunTime:0.001591s ]
[2020-10-11T21:45:06+08:00][sql] SELECT * FROM `yh_business` WHERE  `id` = 1 LIMIT 1 [ RunTime:0.000530s ]
[2020-10-11T21:45:06+08:00][sql] SHOW FULL COLUMNS FROM `yh_webpz` [ RunTime:0.000828s ]
[2020-10-11T21:45:06+08:00][sql] SELECT * FROM `yh_webpz` WHERE  `id` = 1 LIMIT 1 [ RunTime:0.000257s ]
[2020-10-11T21:46:17+08:00][sql] CONNECT:[ UseTime:0.001764s ] mysql:host=127.0.0.1;port=3306;dbname=jifei;charset=utf8
[2020-10-11T21:46:17+08:00][sql] SHOW FULL COLUMNS FROM `yh_user` [ RunTime:0.001053s ]
[2020-10-11T21:46:17+08:00][sql] SELECT * FROM `yh_user` WHERE  `id` = 1 LIMIT 1 [ RunTime:0.000283s ]
[2020-10-11T21:46:17+08:00][sql] SHOW FULL COLUMNS FROM `yh_business` [ RunTime:0.000779s ]
[2020-10-11T21:46:17+08:00][sql] SELECT * FROM `yh_business` WHERE  `id` = 1 LIMIT 1 [ RunTime:0.000967s ]
[2020-10-11T21:46:17+08:00][sql] SHOW FULL COLUMNS FROM `yh_webpz` [ RunTime:0.000762s ]
[2020-10-11T21:46:17+08:00][sql] SELECT * FROM `yh_webpz` WHERE  `id` = 1 LIMIT 1 [ RunTime:0.000241s ]
[2020-10-11T21:46:38+08:00][sql] CONNECT:[ UseTime:0.001337s ] mysql:host=127.0.0.1;port=3306;dbname=jifei;charset=utf8
[2020-10-11T21:46:38+08:00][sql] SHOW FULL COLUMNS FROM `yh_user` [ RunTime:0.000941s ]
[2020-10-11T21:46:38+08:00][sql] SELECT * FROM `yh_user` WHERE  `id` = 1 LIMIT 1 [ RunTime:0.000231s ]
[2020-10-11T21:46:38+08:00][sql] SHOW FULL COLUMNS FROM `yh_business` [ RunTime:0.000681s ]
[2020-10-11T21:46:38+08:00][sql] SELECT * FROM `yh_business` WHERE  `id` = 1 LIMIT 1 [ RunTime:0.000201s ]
[2020-10-11T21:46:38+08:00][sql] SHOW FULL COLUMNS FROM `yh_webpz` [ RunTime:0.000691s ]
[2020-10-11T21:46:38+08:00][sql] SELECT * FROM `yh_webpz` WHERE  `id` = 1 LIMIT 1 [ RunTime:0.000218s ]
[2020-10-11T21:46:38+08:00][sql] SHOW FULL COLUMNS FROM `yh_record` [ RunTime:0.001096s ]
[2020-10-11T21:46:38+08:00][sql] SELECT COUNT(*) AS think_count FROM `yh_record` WHERE  `uid` = 19663 [ RunTime:0.000661s ]
[2020-10-11T21:46:38+08:00][sql] SELECT * FROM `yh_record` WHERE  `uid` = 19663 ORDER BY `id` DESC LIMIT 0,10 [ RunTime:0.000319s ]
[2020-10-11T21:47:34+08:00][sql] CONNECT:[ UseTime:0.001436s ] mysql:host=127.0.0.1;port=3306;dbname=jifei;charset=utf8
[2020-10-11T21:47:34+08:00][sql] SHOW FULL COLUMNS FROM `yh_user` [ RunTime:0.001710s ]
[2020-10-11T21:47:34+08:00][sql] SELECT * FROM `yh_user` WHERE  `id` = 1 LIMIT 1 [ RunTime:0.000542s ]
[2020-10-11T21:47:34+08:00][sql] SHOW FULL COLUMNS FROM `yh_business` [ RunTime:0.001217s ]
[2020-10-11T21:47:34+08:00][sql] SELECT * FROM `yh_business` WHERE  `id` = 1 LIMIT 1 [ RunTime:0.000369s ]
[2020-10-11T21:47:34+08:00][sql] SHOW FULL COLUMNS FROM `yh_webpz` [ RunTime:0.001234s ]
[2020-10-11T21:47:34+08:00][sql] SELECT * FROM `yh_webpz` WHERE  `id` = 1 LIMIT 1 [ RunTime:0.000461s ]
[2020-10-11T21:47:38+08:00][sql] CONNECT:[ UseTime:0.001343s ] mysql:host=127.0.0.1;port=3306;dbname=jifei;charset=utf8
[2020-10-11T21:47:38+08:00][sql] SHOW FULL COLUMNS FROM `yh_user` [ RunTime:0.000947s ]
[2020-10-11T21:47:38+08:00][sql] SELECT * FROM `yh_user` WHERE  `id` = 1 LIMIT 1 [ RunTime:0.000367s ]
[2020-10-11T21:47:38+08:00][sql] SHOW FULL COLUMNS FROM `yh_business` [ RunTime:0.001536s ]
[2020-10-11T21:47:38+08:00][sql] SELECT * FROM `yh_business` WHERE  `id` = 1 LIMIT 1 [ RunTime:0.000412s ]
[2020-10-11T21:47:38+08:00][sql] SHOW FULL COLUMNS FROM `yh_webpz` [ RunTime:0.001175s ]
[2020-10-11T21:47:38+08:00][sql] SELECT * FROM `yh_webpz` WHERE  `id` = 1 LIMIT 1 [ RunTime:0.000268s ]
[2020-10-11T21:47:49+08:00][sql] CONNECT:[ UseTime:0.010884s ] mysql:host=127.0.0.1;port=3306;dbname=jifei;charset=utf8
[2020-10-11T21:47:49+08:00][sql] SHOW FULL COLUMNS FROM `yh_user` [ RunTime:0.001685s ]
[2020-10-11T21:47:49+08:00][sql] SELECT * FROM `yh_user` WHERE  `id` = 1 LIMIT 1 [ RunTime:0.000590s ]
[2020-10-11T21:47:49+08:00][sql] SHOW FULL COLUMNS FROM `yh_business` [ RunTime:0.001153s ]
[2020-10-11T21:47:49+08:00][sql] SELECT * FROM `yh_business` WHERE  `id` = 1 LIMIT 1 [ RunTime:0.000418s ]
[2020-10-11T21:47:49+08:00][sql] SHOW FULL COLUMNS FROM `yh_webpz` [ RunTime:0.000806s ]
[2020-10-11T21:47:49+08:00][sql] SELECT * FROM `yh_webpz` WHERE  `id` = 1 LIMIT 1 [ RunTime:0.000268s ]
[2020-10-11T21:47:50+08:00][sql] CONNECT:[ UseTime:0.001560s ] mysql:host=127.0.0.1;port=3306;dbname=jifei;charset=utf8
[2020-10-11T21:47:50+08:00][sql] SHOW FULL COLUMNS FROM `yh_user` [ RunTime:0.001748s ]
[2020-10-11T21:47:50+08:00][sql] SELECT * FROM `yh_user` WHERE  `id` = 1 LIMIT 1 [ RunTime:0.000661s ]
[2020-10-11T21:47:50+08:00][sql] SHOW FULL COLUMNS FROM `yh_business` [ RunTime:0.000799s ]
[2020-10-11T21:47:50+08:00][sql] SELECT * FROM `yh_business` WHERE  `id` = 1 LIMIT 1 [ RunTime:0.000249s ]
[2020-10-11T21:47:50+08:00][sql] SHOW FULL COLUMNS FROM `yh_webpz` [ RunTime:0.000774s ]
[2020-10-11T21:47:50+08:00][sql] SELECT * FROM `yh_webpz` WHERE  `id` = 1 LIMIT 1 [ RunTime:0.000275s ]
[2020-10-11T21:47:50+08:00][sql] CONNECT:[ UseTime:0.001988s ] mysql:host=127.0.0.1;port=3306;dbname=jifei;charset=utf8
[2020-10-11T21:47:50+08:00][sql] SHOW FULL COLUMNS FROM `yh_user` [ RunTime:0.001156s ]
[2020-10-11T21:47:50+08:00][sql] SELECT * FROM `yh_user` WHERE  `id` = 1 LIMIT 1 [ RunTime:0.000254s ]
[2020-10-11T21:47:50+08:00][sql] SHOW FULL COLUMNS FROM `yh_business` [ RunTime:0.000740s ]
[2020-10-11T21:47:50+08:00][sql] SELECT * FROM `yh_business` WHERE  `id` = 1 LIMIT 1 [ RunTime:0.010375s ]
[2020-10-11T21:47:50+08:00][sql] SHOW FULL COLUMNS FROM `yh_webpz` [ RunTime:0.001392s ]
[2020-10-11T21:47:50+08:00][sql] SELECT * FROM `yh_webpz` WHERE  `id` = 1 LIMIT 1 [ RunTime:0.000533s ]
[2020-10-11T21:47:51+08:00][sql] CONNECT:[ UseTime:0.001444s ] mysql:host=127.0.0.1;port=3306;dbname=jifei;charset=utf8
[2020-10-11T21:47:51+08:00][sql] SHOW FULL COLUMNS FROM `yh_user` [ RunTime:0.000959s ]
[2020-10-11T21:47:51+08:00][sql] SELECT * FROM `yh_user` WHERE  `id` = 1 LIMIT 1 [ RunTime:0.000278s ]
[2020-10-11T21:47:51+08:00][sql] SHOW FULL COLUMNS FROM `yh_business` [ RunTime:0.001016s ]
[2020-10-11T21:47:51+08:00][sql] SELECT * FROM `yh_business` WHERE  `id` = 1 LIMIT 1 [ RunTime:0.000254s ]
[2020-10-11T21:47:51+08:00][sql] SHOW FULL COLUMNS FROM `yh_webpz` [ RunTime:0.000738s ]
[2020-10-11T21:47:51+08:00][sql] SELECT * FROM `yh_webpz` WHERE  `id` = 1 LIMIT 1 [ RunTime:0.000226s ]
[2020-10-11T21:47:51+08:00][sql] SHOW FULL COLUMNS FROM `yh_meal` [ RunTime:0.001127s ]
[2020-10-11T21:47:51+08:00][sql] SELECT * FROM `yh_meal` WHERE  `status` = 1  AND `type` = 1 ORDER BY `id` DESC [ RunTime:0.000355s ]
[2020-10-11T21:47:52+08:00][sql] CONNECT:[ UseTime:0.001306s ] mysql:host=127.0.0.1;port=3306;dbname=jifei;charset=utf8
[2020-10-11T21:47:52+08:00][sql] SHOW FULL COLUMNS FROM `yh_user` [ RunTime:0.001046s ]
[2020-10-11T21:47:52+08:00][sql] SELECT * FROM `yh_user` WHERE  `id` = 1 LIMIT 1 [ RunTime:0.000321s ]
[2020-10-11T21:47:52+08:00][sql] SHOW FULL COLUMNS FROM `yh_business` [ RunTime:0.000801s ]
[2020-10-11T21:47:52+08:00][sql] SELECT * FROM `yh_business` WHERE  `id` = 1 LIMIT 1 [ RunTime:0.000282s ]
[2020-10-11T21:47:52+08:00][sql] SHOW FULL COLUMNS FROM `yh_webpz` [ RunTime:0.000783s ]
[2020-10-11T21:47:52+08:00][sql] SELECT * FROM `yh_webpz` WHERE  `id` = 1 LIMIT 1 [ RunTime:0.000308s ]
