[2020-10-16T22:51:01+08:00][sql] CONNECT:[ UseTime:0.003083s ] mysql:host=127.0.0.1;port=3306;dbname=jifei;charset=utf8
[2020-10-16T22:51:01+08:00][sql] SHOW FULL COLUMNS FROM `yh_webpz` [ RunTime:0.001513s ]
[2020-10-16T22:51:01+08:00][sql] SELECT * FROM `yh_webpz` WHERE  `id` = 1 LIMIT 1 [ RunTime:0.000299s ]
[2020-10-16T22:52:06+08:00][sql] CONNECT:[ UseTime:0.001320s ] mysql:host=127.0.0.1;port=3306;dbname=jifei;charset=utf8
[2020-10-16T22:52:06+08:00][sql] SHOW FULL COLUMNS FROM `yh_webpz` [ RunTime:0.001269s ]
[2020-10-16T22:52:06+08:00][sql] SELECT * FROM `yh_webpz` WHERE  `id` = 1 LIMIT 1 [ RunTime:0.000318s ]
[2020-10-16T22:52:11+08:00][sql] CONNECT:[ UseTime:0.001573s ] mysql:host=127.0.0.1;port=3306;dbname=jifei;charset=utf8
[2020-10-16T22:52:11+08:00][sql] SHOW FULL COLUMNS FROM `yh_webpz` [ RunTime:0.001499s ]
[2020-10-16T22:52:11+08:00][sql] SELECT * FROM `yh_webpz` WHERE  `id` = 1 LIMIT 1 [ RunTime:0.000320s ]
[2020-10-16T22:52:11+08:00][sql] SHOW FULL COLUMNS FROM `yh_user` [ RunTime:0.017226s ]
[2020-10-16T22:52:11+08:00][sql] SELECT `id` FROM `yh_user` WHERE  `username` = '1178350505'  AND `password` = '565be15b663c3a1c6a54055410cb763a' LIMIT 1 [ RunTime:0.000343s ]
[2020-10-16T22:52:11+08:00][sql] CONNECT:[ UseTime:0.001584s ] mysql:host=127.0.0.1;port=3306;dbname=jifei;charset=utf8
[2020-10-16T22:52:11+08:00][sql] SHOW FULL COLUMNS FROM `yh_webpz` [ RunTime:0.001729s ]
[2020-10-16T22:52:11+08:00][sql] SELECT * FROM `yh_webpz` WHERE  `id` = 1 LIMIT 1 [ RunTime:0.000346s ]
[2020-10-16T22:52:15+08:00][sql] CONNECT:[ UseTime:0.001589s ] mysql:host=127.0.0.1;port=3306;dbname=jifei;charset=utf8
[2020-10-16T22:52:15+08:00][sql] SHOW FULL COLUMNS FROM `yh_webpz` [ RunTime:0.001587s ]
[2020-10-16T22:52:15+08:00][sql] SELECT * FROM `yh_webpz` WHERE  `id` = 1 LIMIT 1 [ RunTime:0.000460s ]
[2020-10-16T22:52:24+08:00][sql] CONNECT:[ UseTime:0.001275s ] mysql:host=127.0.0.1;port=3306;dbname=jifei;charset=utf8
[2020-10-16T22:52:24+08:00][sql] SHOW FULL COLUMNS FROM `yh_webpz` [ RunTime:0.001166s ]
[2020-10-16T22:52:24+08:00][sql] SELECT * FROM `yh_webpz` WHERE  `id` = 1 LIMIT 1 [ RunTime:0.000265s ]
[2020-10-16T22:52:24+08:00][sql] SHOW FULL COLUMNS FROM `yh_user` [ RunTime:0.006914s ]
[2020-10-16T22:52:24+08:00][sql] SELECT * FROM `yh_user` WHERE  `username` = '1178350505' LIMIT 1 [ RunTime:0.000270s ]
[2020-10-16T22:52:24+08:00][sql] SELECT * FROM `yh_user` WHERE  `email` = '1178350505@qq.com' LIMIT 1 [ RunTime:0.000160s ]
[2020-10-16T22:52:24+08:00][sql] CONNECT:[ UseTime:0.001285s ] mysql:host=127.0.0.1;port=3306;dbname=jifei;charset=utf8
[2020-10-16T22:52:24+08:00][sql] SHOW FULL COLUMNS FROM `yh_webpz` [ RunTime:0.001219s ]
[2020-10-16T22:52:24+08:00][sql] SELECT * FROM `yh_webpz` WHERE  `id` = 1 LIMIT 1 [ RunTime:0.000400s ]
[2020-10-16T22:52:34+08:00][sql] CONNECT:[ UseTime:0.001426s ] mysql:host=127.0.0.1;port=3306;dbname=jifei;charset=utf8
[2020-10-16T22:52:34+08:00][sql] SHOW FULL COLUMNS FROM `yh_webpz` [ RunTime:0.000943s ]
[2020-10-16T22:52:34+08:00][sql] SELECT * FROM `yh_webpz` WHERE  `id` = 1 LIMIT 1 [ RunTime:0.000269s ]
[2020-10-16T22:52:34+08:00][sql] SHOW FULL COLUMNS FROM `yh_user` [ RunTime:0.006167s ]
[2020-10-16T22:52:34+08:00][sql] SELECT * FROM `yh_user` WHERE  `username` = 'admin' LIMIT 1 [ RunTime:0.000284s ]
[2020-10-16T22:52:35+08:00][sql] CONNECT:[ UseTime:0.001594s ] mysql:host=127.0.0.1;port=3306;dbname=jifei;charset=utf8
[2020-10-16T22:52:35+08:00][sql] SHOW FULL COLUMNS FROM `yh_webpz` [ RunTime:0.001085s ]
[2020-10-16T22:52:35+08:00][sql] SELECT * FROM `yh_webpz` WHERE  `id` = 1 LIMIT 1 [ RunTime:0.000284s ]
[2020-10-16T22:52:37+08:00][sql] CONNECT:[ UseTime:0.009576s ] mysql:host=127.0.0.1;port=3306;dbname=jifei;charset=utf8
[2020-10-16T22:52:37+08:00][sql] SHOW FULL COLUMNS FROM `yh_webpz` [ RunTime:0.000860s ]
[2020-10-16T22:52:37+08:00][sql] SELECT * FROM `yh_webpz` WHERE  `id` = 1 LIMIT 1 [ RunTime:0.000274s ]
[2020-10-16T22:52:41+08:00][sql] CONNECT:[ UseTime:0.001576s ] mysql:host=127.0.0.1;port=3306;dbname=jifei;charset=utf8
[2020-10-16T22:52:41+08:00][sql] SHOW FULL COLUMNS FROM `yh_webpz` [ RunTime:0.001459s ]
[2020-10-16T22:52:41+08:00][sql] SELECT * FROM `yh_webpz` WHERE  `id` = 1 LIMIT 1 [ RunTime:0.000404s ]
[2020-10-16T22:52:41+08:00][sql] SHOW FULL COLUMNS FROM `yh_user` [ RunTime:0.007185s ]
[2020-10-16T22:52:41+08:00][sql] SELECT `id` FROM `yh_user` WHERE  `username` = 'admin'  AND `password` = 'e10adc3949ba59abbe56e057f20f883e' LIMIT 1 [ RunTime:0.000274s ]
[2020-10-16T22:52:41+08:00][sql] CONNECT:[ UseTime:0.001332s ] mysql:host=127.0.0.1;port=3306;dbname=jifei;charset=utf8
[2020-10-16T22:52:41+08:00][sql] SHOW FULL COLUMNS FROM `yh_webpz` [ RunTime:0.001141s ]
[2020-10-16T22:52:41+08:00][sql] SELECT * FROM `yh_webpz` WHERE  `id` = 1 LIMIT 1 [ RunTime:0.000262s ]
[2020-10-16T22:52:46+08:00][sql] CONNECT:[ UseTime:0.001548s ] mysql:host=127.0.0.1;port=3306;dbname=jifei;charset=utf8
[2020-10-16T22:52:46+08:00][sql] SHOW FULL COLUMNS FROM `yh_webpz` [ RunTime:0.001006s ]
[2020-10-16T22:52:46+08:00][sql] SELECT * FROM `yh_webpz` WHERE  `id` = 1 LIMIT 1 [ RunTime:0.000311s ]
[2020-10-16T22:52:46+08:00][sql] SHOW FULL COLUMNS FROM `yh_user` [ RunTime:0.007646s ]
[2020-10-16T22:52:46+08:00][sql] SELECT `id` FROM `yh_user` WHERE  `username` = 'admin'  AND `password` = '565be15b663c3a1c6a54055410cb763a' LIMIT 1 [ RunTime:0.000330s ]
[2020-10-16T22:52:46+08:00][sql] CONNECT:[ UseTime:0.001553s ] mysql:host=127.0.0.1;port=3306;dbname=jifei;charset=utf8
[2020-10-16T22:52:46+08:00][sql] SHOW FULL COLUMNS FROM `yh_user` [ RunTime:0.007485s ]
[2020-10-16T22:52:46+08:00][sql] SELECT * FROM `yh_user` WHERE  `id` = 1 LIMIT 1 [ RunTime:0.000398s ]
[2020-10-16T22:52:46+08:00][sql] SHOW FULL COLUMNS FROM `yh_business` [ RunTime:0.015212s ]
[2020-10-16T22:52:46+08:00][sql] SELECT * FROM `yh_business` WHERE  `id` = 1 LIMIT 1 [ RunTime:0.001433s ]
[2020-10-16T22:52:46+08:00][sql] SHOW FULL COLUMNS FROM `yh_webpz` [ RunTime:0.000888s ]
[2020-10-16T22:52:46+08:00][sql] SELECT * FROM `yh_webpz` WHERE  `id` = 1 LIMIT 1 [ RunTime:0.000387s ]
[2020-10-16T22:52:53+08:00][sql] CONNECT:[ UseTime:0.001324s ] mysql:host=127.0.0.1;port=3306;dbname=jifei;charset=utf8
[2020-10-16T22:52:53+08:00][sql] SHOW FULL COLUMNS FROM `yh_user` [ RunTime:0.006372s ]
[2020-10-16T22:52:53+08:00][sql] SELECT * FROM `yh_user` WHERE  `id` = 1 LIMIT 1 [ RunTime:0.000345s ]
[2020-10-16T22:52:53+08:00][sql] SHOW FULL COLUMNS FROM `yh_business` [ RunTime:0.006496s ]
[2020-10-16T22:52:53+08:00][sql] SELECT * FROM `yh_business` WHERE  `id` = 1 LIMIT 1 [ RunTime:0.000299s ]
[2020-10-16T22:52:53+08:00][sql] SHOW FULL COLUMNS FROM `yh_webpz` [ RunTime:0.000808s ]
[2020-10-16T22:52:53+08:00][sql] SELECT * FROM `yh_webpz` WHERE  `id` = 1 LIMIT 1 [ RunTime:0.000299s ]
[2020-10-16T22:53:09+08:00][sql] CONNECT:[ UseTime:0.001332s ] mysql:host=127.0.0.1;port=3306;dbname=jifei;charset=utf8
[2020-10-16T22:53:09+08:00][sql] SHOW FULL COLUMNS FROM `yh_user` [ RunTime:0.007133s ]
[2020-10-16T22:53:09+08:00][sql] SELECT * FROM `yh_user` WHERE  `id` = 1 LIMIT 1 [ RunTime:0.000285s ]
[2020-10-16T22:53:09+08:00][sql] SHOW FULL COLUMNS FROM `yh_business` [ RunTime:0.006228s ]
[2020-10-16T22:53:09+08:00][sql] SELECT * FROM `yh_business` WHERE  `id` = 1 LIMIT 1 [ RunTime:0.000297s ]
[2020-10-16T22:53:09+08:00][sql] SHOW FULL COLUMNS FROM `yh_webpz` [ RunTime:0.000745s ]
[2020-10-16T22:53:09+08:00][sql] SELECT * FROM `yh_webpz` WHERE  `id` = 1 LIMIT 1 [ RunTime:0.000466s ]
[2020-10-16T22:53:09+08:00][sql] SHOW FULL COLUMNS FROM `yh_meal` [ RunTime:0.021600s ]
[2020-10-16T22:53:09+08:00][sql] SELECT * FROM `yh_meal` WHERE  `status` = 1  AND `type` = 1 ORDER BY `id` DESC [ RunTime:0.001257s ]
[2020-10-16T22:53:10+08:00][sql] CONNECT:[ UseTime:0.001582s ] mysql:host=127.0.0.1;port=3306;dbname=jifei;charset=utf8
[2020-10-16T22:53:10+08:00][sql] SHOW FULL COLUMNS FROM `yh_user` [ RunTime:0.007825s ]
[2020-10-16T22:53:10+08:00][sql] SELECT * FROM `yh_user` WHERE  `id` = 1 LIMIT 1 [ RunTime:0.000309s ]
[2020-10-16T22:53:10+08:00][sql] SHOW FULL COLUMNS FROM `yh_business` [ RunTime:0.006149s ]
[2020-10-16T22:53:10+08:00][sql] SELECT * FROM `yh_business` WHERE  `id` = 1 LIMIT 1 [ RunTime:0.000287s ]
[2020-10-16T22:53:10+08:00][sql] SHOW FULL COLUMNS FROM `yh_webpz` [ RunTime:0.000796s ]
[2020-10-16T22:53:10+08:00][sql] SELECT * FROM `yh_webpz` WHERE  `id` = 1 LIMIT 1 [ RunTime:0.000382s ]
[2020-10-16T22:53:10+08:00][sql] SHOW FULL COLUMNS FROM `yh_meal` [ RunTime:0.001110s ]
[2020-10-16T22:53:10+08:00][sql] SELECT * FROM `yh_meal` WHERE  `status` = 1  AND `type` = 2 ORDER BY `id` DESC [ RunTime:0.001326s ]
[2020-10-16T22:53:21+08:00][sql] CONNECT:[ UseTime:0.001567s ] mysql:host=127.0.0.1;port=3306;dbname=jifei;charset=utf8
[2020-10-16T22:53:21+08:00][sql] SHOW FULL COLUMNS FROM `yh_user` [ RunTime:0.007163s ]
[2020-10-16T22:53:21+08:00][sql] SELECT * FROM `yh_user` WHERE  `id` = 1 LIMIT 1 [ RunTime:0.000277s ]
[2020-10-16T22:53:21+08:00][sql] SHOW FULL COLUMNS FROM `yh_business` [ RunTime:0.006277s ]
[2020-10-16T22:53:21+08:00][sql] SELECT * FROM `yh_business` WHERE  `id` = 1 LIMIT 1 [ RunTime:0.000347s ]
[2020-10-16T22:53:21+08:00][sql] SHOW FULL COLUMNS FROM `yh_webpz` [ RunTime:0.000740s ]
[2020-10-16T22:53:21+08:00][sql] SELECT * FROM `yh_webpz` WHERE  `id` = 1 LIMIT 1 [ RunTime:0.000246s ]
[2020-10-16T22:53:22+08:00][sql] CONNECT:[ UseTime:0.001304s ] mysql:host=127.0.0.1;port=3306;dbname=jifei;charset=utf8
[2020-10-16T22:53:22+08:00][sql] SHOW FULL COLUMNS FROM `yh_user` [ RunTime:0.001614s ]
[2020-10-16T22:53:22+08:00][sql] SELECT * FROM `yh_user` WHERE  `id` = 1 LIMIT 1 [ RunTime:0.000338s ]
[2020-10-16T22:53:22+08:00][sql] SHOW FULL COLUMNS FROM `yh_business` [ RunTime:0.006227s ]
[2020-10-16T22:53:22+08:00][sql] SELECT * FROM `yh_business` WHERE  `id` = 1 LIMIT 1 [ RunTime:0.000274s ]
[2020-10-16T22:53:22+08:00][sql] SHOW FULL COLUMNS FROM `yh_webpz` [ RunTime:0.000705s ]
[2020-10-16T22:53:22+08:00][sql] SELECT * FROM `yh_webpz` WHERE  `id` = 1 LIMIT 1 [ RunTime:0.000235s ]
[2020-10-16T22:53:23+08:00][sql] CONNECT:[ UseTime:0.001677s ] mysql:host=127.0.0.1;port=3306;dbname=jifei;charset=utf8
[2020-10-16T22:53:23+08:00][sql] SHOW FULL COLUMNS FROM `yh_user` [ RunTime:0.007418s ]
[2020-10-16T22:53:23+08:00][sql] SELECT * FROM `yh_user` WHERE  `id` = 1 LIMIT 1 [ RunTime:0.000306s ]
[2020-10-16T22:53:23+08:00][sql] SHOW FULL COLUMNS FROM `yh_business` [ RunTime:0.006306s ]
[2020-10-16T22:53:23+08:00][sql] SELECT * FROM `yh_business` WHERE  `id` = 1 LIMIT 1 [ RunTime:0.000526s ]
[2020-10-16T22:53:23+08:00][sql] SHOW FULL COLUMNS FROM `yh_webpz` [ RunTime:0.001063s ]
[2020-10-16T22:53:23+08:00][sql] SELECT * FROM `yh_webpz` WHERE  `id` = 1 LIMIT 1 [ RunTime:0.000270s ]
[2020-10-16T22:53:24+08:00][sql] CONNECT:[ UseTime:0.001662s ] mysql:host=127.0.0.1;port=3306;dbname=jifei;charset=utf8
[2020-10-16T22:53:24+08:00][sql] SHOW FULL COLUMNS FROM `yh_user` [ RunTime:0.007167s ]
[2020-10-16T22:53:24+08:00][sql] SELECT * FROM `yh_user` WHERE  `id` = 1 LIMIT 1 [ RunTime:0.000362s ]
[2020-10-16T22:53:24+08:00][sql] SHOW FULL COLUMNS FROM `yh_business` [ RunTime:0.007877s ]
[2020-10-16T22:53:24+08:00][sql] SELECT * FROM `yh_business` WHERE  `id` = 1 LIMIT 1 [ RunTime:0.000541s ]
[2020-10-16T22:53:24+08:00][sql] SHOW FULL COLUMNS FROM `yh_webpz` [ RunTime:0.000850s ]
[2020-10-16T22:53:24+08:00][sql] SELECT * FROM `yh_webpz` WHERE  `id` = 1 LIMIT 1 [ RunTime:0.000284s ]
[2020-10-16T22:53:24+08:00][sql] SHOW FULL COLUMNS FROM `yh_record` [ RunTime:0.024246s ]
[2020-10-16T22:53:24+08:00][sql] SELECT COUNT(*) AS think_count FROM `yh_record` WHERE  `uid` = 19663 [ RunTime:0.002923s ]
[2020-10-16T22:53:24+08:00][sql] SELECT * FROM `yh_record` WHERE  `uid` = 19663 ORDER BY `id` DESC LIMIT 0,10 [ RunTime:0.000284s ]
[2020-10-16T22:53:27+08:00][sql] CONNECT:[ UseTime:0.001982s ] mysql:host=127.0.0.1;port=3306;dbname=jifei;charset=utf8
[2020-10-16T22:53:27+08:00][sql] SHOW FULL COLUMNS FROM `yh_user` [ RunTime:0.001169s ]
[2020-10-16T22:53:27+08:00][sql] SELECT * FROM `yh_user` WHERE  `id` = 1 LIMIT 1 [ RunTime:0.000390s ]
[2020-10-16T22:53:27+08:00][sql] SHOW FULL COLUMNS FROM `yh_business` [ RunTime:0.006449s ]
[2020-10-16T22:53:27+08:00][sql] SELECT * FROM `yh_business` WHERE  `id` = 1 LIMIT 1 [ RunTime:0.000307s ]
[2020-10-16T22:53:27+08:00][sql] SHOW FULL COLUMNS FROM `yh_webpz` [ RunTime:0.000727s ]
[2020-10-16T22:53:27+08:00][sql] SELECT * FROM `yh_webpz` WHERE  `id` = 1 LIMIT 1 [ RunTime:0.000331s ]
[2020-10-16T22:53:28+08:00][sql] CONNECT:[ UseTime:0.010080s ] mysql:host=127.0.0.1;port=3306;dbname=jifei;charset=utf8
[2020-10-16T22:53:28+08:00][sql] SHOW FULL COLUMNS FROM `yh_user` [ RunTime:0.007948s ]
[2020-10-16T22:53:28+08:00][sql] SELECT * FROM `yh_user` WHERE  `id` = 1 LIMIT 1 [ RunTime:0.000309s ]
[2020-10-16T22:53:28+08:00][sql] SHOW FULL COLUMNS FROM `yh_business` [ RunTime:0.006445s ]
[2020-10-16T22:53:28+08:00][sql] SELECT * FROM `yh_business` WHERE  `id` = 1 LIMIT 1 [ RunTime:0.000379s ]
[2020-10-16T22:53:28+08:00][sql] SHOW FULL COLUMNS FROM `yh_webpz` [ RunTime:0.000831s ]
[2020-10-16T22:53:28+08:00][sql] SELECT * FROM `yh_webpz` WHERE  `id` = 1 LIMIT 1 [ RunTime:0.000263s ]
[2020-10-16T22:53:42+08:00][sql] CONNECT:[ UseTime:0.002299s ] mysql:host=127.0.0.1;port=3306;dbname=jifei;charset=utf8
[2020-10-16T22:53:42+08:00][sql] SHOW FULL COLUMNS FROM `yh_user` [ RunTime:0.001347s ]
[2020-10-16T22:53:42+08:00][sql] SELECT * FROM `yh_user` WHERE  `id` = 1 LIMIT 1 [ RunTime:0.000484s ]
[2020-10-16T22:53:42+08:00][sql] SHOW FULL COLUMNS FROM `yh_business` [ RunTime:0.010676s ]
[2020-10-16T22:53:42+08:00][sql] SELECT * FROM `yh_business` WHERE  `id` = 1 LIMIT 1 [ RunTime:0.000498s ]
[2020-10-16T22:53:42+08:00][sql] SHOW FULL COLUMNS FROM `yh_webpz` [ RunTime:0.001236s ]
[2020-10-16T22:53:42+08:00][sql] SELECT * FROM `yh_webpz` WHERE  `id` = 1 LIMIT 1 [ RunTime:0.000517s ]
[2020-10-16T22:53:47+08:00][sql] CONNECT:[ UseTime:0.011691s ] mysql:host=127.0.0.1;port=3306;dbname=jifei;charset=utf8
[2020-10-16T22:53:47+08:00][sql] SHOW FULL COLUMNS FROM `yh_user` [ RunTime:0.010617s ]
[2020-10-16T22:53:47+08:00][sql] SELECT * FROM `yh_user` WHERE  `id` = 1 LIMIT 1 [ RunTime:0.000418s ]
[2020-10-16T22:53:47+08:00][sql] SHOW FULL COLUMNS FROM `yh_business` [ RunTime:0.013126s ]
[2020-10-16T22:53:47+08:00][sql] SELECT * FROM `yh_business` WHERE  `id` = 1 LIMIT 1 [ RunTime:0.000361s ]
[2020-10-16T22:53:47+08:00][sql] SHOW FULL COLUMNS FROM `yh_webpz` [ RunTime:0.000810s ]
[2020-10-16T22:53:47+08:00][sql] SELECT * FROM `yh_webpz` WHERE  `id` = 1 LIMIT 1 [ RunTime:0.000300s ]
[2020-10-16T22:53:47+08:00][sql] UPDATE `yh_user`  SET `id` = 1 , `password` = 'e10adc3949ba59abbe56e057f20f883e'  WHERE  `id` = 1 [ RunTime:0.009621s ]
[2020-10-16T22:53:47+08:00][sql] CONNECT:[ UseTime:0.010505s ] mysql:host=127.0.0.1;port=3306;dbname=jifei;charset=utf8
[2020-10-16T22:53:47+08:00][sql] SHOW FULL COLUMNS FROM `yh_user` [ RunTime:0.013836s ]
[2020-10-16T22:53:47+08:00][sql] SELECT * FROM `yh_user` WHERE  `id` = 1 LIMIT 1 [ RunTime:0.000407s ]
[2020-10-16T22:53:47+08:00][sql] SHOW FULL COLUMNS FROM `yh_business` [ RunTime:0.014311s ]
[2020-10-16T22:53:47+08:00][sql] SELECT * FROM `yh_business` WHERE  `id` = 1 LIMIT 1 [ RunTime:0.000409s ]
[2020-10-16T22:53:47+08:00][sql] SHOW FULL COLUMNS FROM `yh_webpz` [ RunTime:0.001472s ]
[2020-10-16T22:53:47+08:00][sql] SELECT * FROM `yh_webpz` WHERE  `id` = 1 LIMIT 1 [ RunTime:0.000377s ]
[2020-10-16T22:53:56+08:00][sql] CONNECT:[ UseTime:0.001587s ] mysql:host=127.0.0.1;port=3306;dbname=jifei;charset=utf8
[2020-10-16T22:53:56+08:00][sql] SHOW FULL COLUMNS FROM `yh_user` [ RunTime:0.001414s ]
[2020-10-16T22:53:56+08:00][sql] SELECT * FROM `yh_user` WHERE  `id` = 1 LIMIT 1 [ RunTime:0.000351s ]
[2020-10-16T22:53:56+08:00][sql] SHOW FULL COLUMNS FROM `yh_business` [ RunTime:0.007899s ]
[2020-10-16T22:53:56+08:00][sql] SELECT * FROM `yh_business` WHERE  `id` = 1 LIMIT 1 [ RunTime:0.000326s ]
[2020-10-16T22:53:56+08:00][sql] SHOW FULL COLUMNS FROM `yh_webpz` [ RunTime:0.000861s ]
[2020-10-16T22:53:56+08:00][sql] SELECT * FROM `yh_webpz` WHERE  `id` = 1 LIMIT 1 [ RunTime:0.000285s ]
[2020-10-16T22:54:04+08:00][sql] CONNECT:[ UseTime:0.002363s ] mysql:host=127.0.0.1;port=3306;dbname=jifei;charset=utf8
[2020-10-16T22:54:04+08:00][sql] SHOW FULL COLUMNS FROM `yh_webpz` [ RunTime:0.001672s ]
[2020-10-16T22:54:04+08:00][sql] SELECT * FROM `yh_webpz` WHERE  `id` = 1 LIMIT 1 [ RunTime:0.000620s ]
[2020-10-16T22:54:04+08:00][sql] CONNECT:[ UseTime:0.010323s ] mysql:host=127.0.0.1;port=3306;dbname=jifei;charset=utf8
[2020-10-16T22:54:04+08:00][sql] SHOW FULL COLUMNS FROM `yh_webpz` [ RunTime:0.001120s ]
[2020-10-16T22:54:04+08:00][sql] SELECT * FROM `yh_webpz` WHERE  `id` = 1 LIMIT 1 [ RunTime:0.000331s ]
[2020-10-16T22:54:06+08:00][sql] CONNECT:[ UseTime:0.002487s ] mysql:host=127.0.0.1;port=3306;dbname=jifei;charset=utf8
[2020-10-16T22:54:06+08:00][sql] SHOW FULL COLUMNS FROM `yh_webpz` [ RunTime:0.002168s ]
[2020-10-16T22:54:06+08:00][sql] SELECT * FROM `yh_webpz` WHERE  `id` = 1 LIMIT 1 [ RunTime:0.000777s ]
