[2020-10-22T20:15:32+08:00][sql] CONNECT:[ UseTime:0.001518s ] mysql:host=127.0.0.1;port=3306;dbname=jifei;charset=utf8
[2020-10-22T20:15:32+08:00][sql] SHOW FULL COLUMNS FROM `yh_webpz` [ RunTime:0.001182s ]
[2020-10-22T20:15:32+08:00][sql] SELECT * FROM `yh_webpz` WHERE  `id` = 1 LIMIT 1 [ RunTime:0.000384s ]
[2020-10-22T20:15:42+08:00][sql] CONNECT:[ UseTime:0.001403s ] mysql:host=127.0.0.1;port=3306;dbname=jifei;charset=utf8
[2020-10-22T20:15:42+08:00][sql] SHOW FULL COLUMNS FROM `yh_webpz` [ RunTime:0.001001s ]
[2020-10-22T20:15:42+08:00][sql] SELECT * FROM `yh_webpz` WHERE  `id` = 1 LIMIT 1 [ RunTime:0.000349s ]
[2020-10-22T20:15:42+08:00][sql] SHOW FULL COLUMNS FROM `yh_user` [ RunTime:0.019507s ]
[2020-10-22T20:15:42+08:00][sql] SELECT `id` FROM `yh_user` WHERE  `username` = 'admin'  AND `password` = '565be15b663c3a1c6a54055410cb763a' LIMIT 1 [ RunTime:0.000825s ]
[2020-10-22T20:15:42+08:00][sql] CONNECT:[ UseTime:0.001328s ] mysql:host=127.0.0.1;port=3306;dbname=jifei;charset=utf8
[2020-10-22T20:15:42+08:00][sql] SHOW FULL COLUMNS FROM `yh_webpz` [ RunTime:0.001284s ]
[2020-10-22T20:15:42+08:00][sql] SELECT * FROM `yh_webpz` WHERE  `id` = 1 LIMIT 1 [ RunTime:0.000475s ]
[2020-10-22T20:15:47+08:00][sql] CONNECT:[ UseTime:0.001532s ] mysql:host=127.0.0.1;port=3306;dbname=jifei;charset=utf8
[2020-10-22T20:15:47+08:00][sql] SHOW FULL COLUMNS FROM `yh_webpz` [ RunTime:0.001154s ]
[2020-10-22T20:15:47+08:00][sql] SELECT * FROM `yh_webpz` WHERE  `id` = 1 LIMIT 1 [ RunTime:0.000282s ]
[2020-10-22T20:15:47+08:00][sql] SHOW FULL COLUMNS FROM `yh_user` [ RunTime:0.011495s ]
[2020-10-22T20:15:47+08:00][sql] SELECT `id` FROM `yh_user` WHERE  `username` = 'admin'  AND `password` = '615cb9ded963d42c05c558d90956976c' LIMIT 1 [ RunTime:0.000409s ]
[2020-10-22T20:15:47+08:00][sql] CONNECT:[ UseTime:0.001612s ] mysql:host=127.0.0.1;port=3306;dbname=jifei;charset=utf8
[2020-10-22T20:15:47+08:00][sql] SHOW FULL COLUMNS FROM `yh_webpz` [ RunTime:0.001309s ]
[2020-10-22T20:15:47+08:00][sql] SELECT * FROM `yh_webpz` WHERE  `id` = 1 LIMIT 1 [ RunTime:0.000338s ]
[2020-10-22T20:15:53+08:00][sql] CONNECT:[ UseTime:0.001306s ] mysql:host=127.0.0.1;port=3306;dbname=jifei;charset=utf8
[2020-10-22T20:15:53+08:00][sql] SHOW FULL COLUMNS FROM `yh_webpz` [ RunTime:0.000879s ]
[2020-10-22T20:15:53+08:00][sql] SELECT * FROM `yh_webpz` WHERE  `id` = 1 LIMIT 1 [ RunTime:0.000442s ]
[2020-10-22T20:15:53+08:00][sql] SHOW FULL COLUMNS FROM `yh_user` [ RunTime:0.011195s ]
[2020-10-22T20:15:53+08:00][sql] SELECT `id` FROM `yh_user` WHERE  `username` = 'admin'  AND `password` = 'e10adc3949ba59abbe56e057f20f883e' LIMIT 1 [ RunTime:0.000325s ]
[2020-10-22T20:15:53+08:00][sql] CONNECT:[ UseTime:0.001359s ] mysql:host=127.0.0.1;port=3306;dbname=jifei;charset=utf8
[2020-10-22T20:15:53+08:00][sql] SHOW FULL COLUMNS FROM `yh_user` [ RunTime:0.001794s ]
[2020-10-22T20:15:53+08:00][sql] SELECT * FROM `yh_user` WHERE  `id` = 1 LIMIT 1 [ RunTime:0.000398s ]
[2020-10-22T20:15:53+08:00][sql] SHOW FULL COLUMNS FROM `yh_business` [ RunTime:0.000882s ]
[2020-10-22T20:15:53+08:00][sql] SELECT * FROM `yh_business` WHERE  `id` = 1 LIMIT 1 [ RunTime:0.000326s ]
[2020-10-22T20:15:53+08:00][sql] SHOW FULL COLUMNS FROM `yh_webpz` [ RunTime:0.000665s ]
[2020-10-22T20:15:53+08:00][sql] SELECT * FROM `yh_webpz` WHERE  `id` = 1 LIMIT 1 [ RunTime:0.000220s ]
[2020-10-22T20:16:23+08:00][sql] CONNECT:[ UseTime:0.001565s ] mysql:host=127.0.0.1;port=3306;dbname=jifei;charset=utf8
[2020-10-22T20:16:23+08:00][sql] SHOW FULL COLUMNS FROM `yh_user` [ RunTime:0.001284s ]
[2020-10-22T20:16:23+08:00][sql] SELECT * FROM `yh_user` WHERE  `id` = 1 LIMIT 1 [ RunTime:0.000276s ]
[2020-10-22T20:16:23+08:00][sql] SHOW FULL COLUMNS FROM `yh_business` [ RunTime:0.000776s ]
[2020-10-22T20:16:23+08:00][sql] SELECT * FROM `yh_business` WHERE  `id` = 1 LIMIT 1 [ RunTime:0.000244s ]
[2020-10-22T20:16:23+08:00][sql] SHOW FULL COLUMNS FROM `yh_webpz` [ RunTime:0.000803s ]
[2020-10-22T20:16:23+08:00][sql] SELECT * FROM `yh_webpz` WHERE  `id` = 1 LIMIT 1 [ RunTime:0.000224s ]
[2020-10-22T20:16:30+08:00][sql] CONNECT:[ UseTime:0.002585s ] mysql:host=127.0.0.1;port=3306;dbname=jifei;charset=utf8
[2020-10-22T20:16:30+08:00][sql] SHOW FULL COLUMNS FROM `yh_user` [ RunTime:0.000973s ]
[2020-10-22T20:16:30+08:00][sql] SELECT * FROM `yh_user` WHERE  `id` = 1 LIMIT 1 [ RunTime:0.000259s ]
[2020-10-22T20:16:30+08:00][sql] SHOW FULL COLUMNS FROM `yh_business` [ RunTime:0.000770s ]
[2020-10-22T20:16:30+08:00][sql] SELECT * FROM `yh_business` WHERE  `id` = 1 LIMIT 1 [ RunTime:0.000239s ]
[2020-10-22T20:16:30+08:00][sql] SHOW FULL COLUMNS FROM `yh_webpz` [ RunTime:0.000713s ]
[2020-10-22T20:16:30+08:00][sql] SELECT * FROM `yh_webpz` WHERE  `id` = 1 LIMIT 1 [ RunTime:0.000233s ]
[2020-10-22T20:16:38+08:00][sql] CONNECT:[ UseTime:0.001691s ] mysql:host=127.0.0.1;port=3306;dbname=jifei;charset=utf8
[2020-10-22T20:16:38+08:00][sql] SHOW FULL COLUMNS FROM `yh_user` [ RunTime:0.001084s ]
[2020-10-22T20:16:38+08:00][sql] SELECT * FROM `yh_user` WHERE  `id` = 1 LIMIT 1 [ RunTime:0.000770s ]
[2020-10-22T20:16:38+08:00][sql] SHOW FULL COLUMNS FROM `yh_business` [ RunTime:0.000789s ]
[2020-10-22T20:16:38+08:00][sql] SELECT * FROM `yh_business` WHERE  `id` = 1 LIMIT 1 [ RunTime:0.000241s ]
[2020-10-22T20:16:38+08:00][sql] SHOW FULL COLUMNS FROM `yh_webpz` [ RunTime:0.000657s ]
[2020-10-22T20:16:38+08:00][sql] SELECT * FROM `yh_webpz` WHERE  `id` = 1 LIMIT 1 [ RunTime:0.000218s ]
[2020-10-22T20:16:38+08:00][sql] UPDATE `yh_business`  SET `user_key` = 'bemrtxABDHKLMTW259'  WHERE  `id` = 1 [ RunTime:0.003094s ]
[2020-10-22T20:16:38+08:00][sql] CONNECT:[ UseTime:0.001348s ] mysql:host=127.0.0.1;port=3306;dbname=jifei;charset=utf8
[2020-10-22T20:16:38+08:00][sql] SHOW FULL COLUMNS FROM `yh_user` [ RunTime:0.000874s ]
[2020-10-22T20:16:38+08:00][sql] SELECT * FROM `yh_user` WHERE  `id` = 1 LIMIT 1 [ RunTime:0.000285s ]
[2020-10-22T20:16:38+08:00][sql] SHOW FULL COLUMNS FROM `yh_business` [ RunTime:0.000672s ]
[2020-10-22T20:16:38+08:00][sql] SELECT * FROM `yh_business` WHERE  `id` = 1 LIMIT 1 [ RunTime:0.000240s ]
[2020-10-22T20:16:38+08:00][sql] SHOW FULL COLUMNS FROM `yh_webpz` [ RunTime:0.000702s ]
[2020-10-22T20:16:38+08:00][sql] SELECT * FROM `yh_webpz` WHERE  `id` = 1 LIMIT 1 [ RunTime:0.000251s ]
[2020-10-22T20:16:40+08:00][sql] CONNECT:[ UseTime:0.002006s ] mysql:host=127.0.0.1;port=3306;dbname=jifei;charset=utf8
[2020-10-22T20:16:40+08:00][sql] SHOW FULL COLUMNS FROM `yh_user` [ RunTime:0.001325s ]
[2020-10-22T20:16:40+08:00][sql] SELECT * FROM `yh_user` WHERE  `id` = 1 LIMIT 1 [ RunTime:0.000241s ]
[2020-10-22T20:16:40+08:00][sql] SHOW FULL COLUMNS FROM `yh_business` [ RunTime:0.000769s ]
[2020-10-22T20:16:40+08:00][sql] SELECT * FROM `yh_business` WHERE  `id` = 1 LIMIT 1 [ RunTime:0.000227s ]
[2020-10-22T20:16:40+08:00][sql] SHOW FULL COLUMNS FROM `yh_webpz` [ RunTime:0.000672s ]
[2020-10-22T20:16:40+08:00][sql] SELECT * FROM `yh_webpz` WHERE  `id` = 1 LIMIT 1 [ RunTime:0.000224s ]
[2020-10-22T20:16:40+08:00][sql] SHOW FULL COLUMNS FROM `yh_meal` [ RunTime:0.010622s ]
[2020-10-22T20:16:40+08:00][sql] SELECT * FROM `yh_meal` WHERE  `status` = 1  AND `type` = 1 ORDER BY `id` DESC [ RunTime:0.000551s ]
[2020-10-22T20:16:41+08:00][sql] CONNECT:[ UseTime:0.001369s ] mysql:host=127.0.0.1;port=3306;dbname=jifei;charset=utf8
[2020-10-22T20:16:41+08:00][sql] SHOW FULL COLUMNS FROM `yh_user` [ RunTime:0.001032s ]
[2020-10-22T20:16:41+08:00][sql] SELECT * FROM `yh_user` WHERE  `id` = 1 LIMIT 1 [ RunTime:0.000342s ]
[2020-10-22T20:16:41+08:00][sql] SHOW FULL COLUMNS FROM `yh_business` [ RunTime:0.001153s ]
[2020-10-22T20:16:41+08:00][sql] SELECT * FROM `yh_business` WHERE  `id` = 1 LIMIT 1 [ RunTime:0.001290s ]
[2020-10-22T20:16:41+08:00][sql] SHOW FULL COLUMNS FROM `yh_webpz` [ RunTime:0.001182s ]
[2020-10-22T20:16:41+08:00][sql] SELECT * FROM `yh_webpz` WHERE  `id` = 1 LIMIT 1 [ RunTime:0.000583s ]
[2020-10-22T20:16:42+08:00][sql] CONNECT:[ UseTime:0.001519s ] mysql:host=127.0.0.1;port=3306;dbname=jifei;charset=utf8
[2020-10-22T20:16:42+08:00][sql] SHOW FULL COLUMNS FROM `yh_user` [ RunTime:0.001083s ]
[2020-10-22T20:16:42+08:00][sql] SELECT * FROM `yh_user` WHERE  `id` = 1 LIMIT 1 [ RunTime:0.000281s ]
[2020-10-22T20:16:42+08:00][sql] SHOW FULL COLUMNS FROM `yh_business` [ RunTime:0.000691s ]
[2020-10-22T20:16:42+08:00][sql] SELECT * FROM `yh_business` WHERE  `id` = 1 LIMIT 1 [ RunTime:0.000223s ]
[2020-10-22T20:16:42+08:00][sql] SHOW FULL COLUMNS FROM `yh_webpz` [ RunTime:0.000656s ]
[2020-10-22T20:16:42+08:00][sql] SELECT * FROM `yh_webpz` WHERE  `id` = 1 LIMIT 1 [ RunTime:0.000217s ]
[2020-10-22T20:16:42+08:00][sql] SHOW FULL COLUMNS FROM `yh_meal` [ RunTime:0.001251s ]
[2020-10-22T20:16:42+08:00][sql] SELECT * FROM `yh_meal` WHERE  `status` = 1  AND `type` = 1 ORDER BY `id` DESC [ RunTime:0.000328s ]
[2020-10-22T20:16:44+08:00][sql] CONNECT:[ UseTime:0.001437s ] mysql:host=127.0.0.1;port=3306;dbname=jifei;charset=utf8
[2020-10-22T20:16:44+08:00][sql] SHOW FULL COLUMNS FROM `yh_user` [ RunTime:0.000899s ]
[2020-10-22T20:16:44+08:00][sql] SELECT * FROM `yh_user` WHERE  `id` = 1 LIMIT 1 [ RunTime:0.000246s ]
[2020-10-22T20:16:44+08:00][sql] SHOW FULL COLUMNS FROM `yh_business` [ RunTime:0.000692s ]
[2020-10-22T20:16:44+08:00][sql] SELECT * FROM `yh_business` WHERE  `id` = 1 LIMIT 1 [ RunTime:0.000365s ]
[2020-10-22T20:16:44+08:00][sql] SHOW FULL COLUMNS FROM `yh_webpz` [ RunTime:0.001362s ]
[2020-10-22T20:16:44+08:00][sql] SELECT * FROM `yh_webpz` WHERE  `id` = 1 LIMIT 1 [ RunTime:0.000380s ]
[2020-10-22T20:16:46+08:00][sql] CONNECT:[ UseTime:0.001389s ] mysql:host=127.0.0.1;port=3306;dbname=jifei;charset=utf8
[2020-10-22T20:16:46+08:00][sql] SHOW FULL COLUMNS FROM `yh_user` [ RunTime:0.001075s ]
[2020-10-22T20:16:46+08:00][sql] SELECT * FROM `yh_user` WHERE  `id` = 1 LIMIT 1 [ RunTime:0.000321s ]
[2020-10-22T20:16:46+08:00][sql] SHOW FULL COLUMNS FROM `yh_business` [ RunTime:0.000903s ]
[2020-10-22T20:16:46+08:00][sql] SELECT * FROM `yh_business` WHERE  `id` = 1 LIMIT 1 [ RunTime:0.000262s ]
[2020-10-22T20:16:46+08:00][sql] SHOW FULL COLUMNS FROM `yh_webpz` [ RunTime:0.000713s ]
[2020-10-22T20:16:46+08:00][sql] SELECT * FROM `yh_webpz` WHERE  `id` = 1 LIMIT 1 [ RunTime:0.000244s ]
[2020-10-22T20:16:48+08:00][sql] CONNECT:[ UseTime:0.011861s ] mysql:host=127.0.0.1;port=3306;dbname=jifei;charset=utf8
[2020-10-22T20:16:48+08:00][sql] SHOW FULL COLUMNS FROM `yh_user` [ RunTime:0.000979s ]
[2020-10-22T20:16:48+08:00][sql] SELECT * FROM `yh_user` WHERE  `id` = 1 LIMIT 1 [ RunTime:0.000254s ]
[2020-10-22T20:16:48+08:00][sql] SHOW FULL COLUMNS FROM `yh_business` [ RunTime:0.000680s ]
[2020-10-22T20:16:48+08:00][sql] SELECT * FROM `yh_business` WHERE  `id` = 1 LIMIT 1 [ RunTime:0.000220s ]
[2020-10-22T20:16:48+08:00][sql] SHOW FULL COLUMNS FROM `yh_webpz` [ RunTime:0.000706s ]
[2020-10-22T20:16:48+08:00][sql] SELECT * FROM `yh_webpz` WHERE  `id` = 1 LIMIT 1 [ RunTime:0.000238s ]
[2020-10-22T20:16:56+08:00][sql] CONNECT:[ UseTime:0.001473s ] mysql:host=127.0.0.1;port=3306;dbname=jifei;charset=utf8
[2020-10-22T20:16:56+08:00][sql] SHOW FULL COLUMNS FROM `yh_user` [ RunTime:0.001038s ]
[2020-10-22T20:16:56+08:00][sql] SELECT * FROM `yh_user` WHERE  `id` = 1 LIMIT 1 [ RunTime:0.000295s ]
[2020-10-22T20:16:56+08:00][sql] SHOW FULL COLUMNS FROM `yh_business` [ RunTime:0.007078s ]
[2020-10-22T20:16:56+08:00][sql] SELECT * FROM `yh_business` WHERE  `id` = 1 LIMIT 1 [ RunTime:0.000270s ]
[2020-10-22T20:16:56+08:00][sql] SHOW FULL COLUMNS FROM `yh_webpz` [ RunTime:0.000715s ]
[2020-10-22T20:16:56+08:00][sql] SELECT * FROM `yh_webpz` WHERE  `id` = 1 LIMIT 1 [ RunTime:0.000222s ]
[2020-10-22T20:16:57+08:00][sql] CONNECT:[ UseTime:0.001587s ] mysql:host=127.0.0.1;port=3306;dbname=jifei;charset=utf8
[2020-10-22T20:16:57+08:00][sql] SHOW FULL COLUMNS FROM `yh_user` [ RunTime:0.001690s ]
[2020-10-22T20:16:57+08:00][sql] SELECT * FROM `yh_user` WHERE  `id` = 1 LIMIT 1 [ RunTime:0.000504s ]
[2020-10-22T20:16:57+08:00][sql] SHOW FULL COLUMNS FROM `yh_business` [ RunTime:0.006277s ]
[2020-10-22T20:16:57+08:00][sql] SELECT * FROM `yh_business` WHERE  `id` = 1 LIMIT 1 [ RunTime:0.000316s ]
[2020-10-22T20:16:57+08:00][sql] SHOW FULL COLUMNS FROM `yh_webpz` [ RunTime:0.000740s ]
[2020-10-22T20:16:57+08:00][sql] SELECT * FROM `yh_webpz` WHERE  `id` = 1 LIMIT 1 [ RunTime:0.000242s ]
[2020-10-22T20:16:59+08:00][sql] CONNECT:[ UseTime:0.001434s ] mysql:host=127.0.0.1;port=3306;dbname=jifei;charset=utf8
[2020-10-22T20:16:59+08:00][sql] SHOW FULL COLUMNS FROM `yh_user` [ RunTime:0.000886s ]
[2020-10-22T20:16:59+08:00][sql] SELECT * FROM `yh_user` WHERE  `id` = 1 LIMIT 1 [ RunTime:0.000332s ]
[2020-10-22T20:16:59+08:00][sql] SHOW FULL COLUMNS FROM `yh_business` [ RunTime:0.000934s ]
[2020-10-22T20:16:59+08:00][sql] SELECT * FROM `yh_business` WHERE  `id` = 1 LIMIT 1 [ RunTime:0.000304s ]
[2020-10-22T20:16:59+08:00][sql] SHOW FULL COLUMNS FROM `yh_webpz` [ RunTime:0.000785s ]
[2020-10-22T20:16:59+08:00][sql] SELECT * FROM `yh_webpz` WHERE  `id` = 1 LIMIT 1 [ RunTime:0.000237s ]
[2020-10-22T20:16:59+08:00][sql] SHOW FULL COLUMNS FROM `yh_record` [ RunTime:0.006466s ]
[2020-10-22T20:16:59+08:00][sql] SELECT COUNT(*) AS think_count FROM `yh_record` WHERE  `uid` = 19663 [ RunTime:0.000587s ]
[2020-10-22T20:16:59+08:00][sql] SELECT * FROM `yh_record` WHERE  `uid` = 19663 ORDER BY `id` DESC LIMIT 0,10 [ RunTime:0.000246s ]
[2020-10-22T20:17:00+08:00][sql] CONNECT:[ UseTime:0.001617s ] mysql:host=127.0.0.1;port=3306;dbname=jifei;charset=utf8
[2020-10-22T20:17:00+08:00][sql] SHOW FULL COLUMNS FROM `yh_user` [ RunTime:0.010961s ]
[2020-10-22T20:17:00+08:00][sql] SELECT * FROM `yh_user` WHERE  `id` = 1 LIMIT 1 [ RunTime:0.000334s ]
[2020-10-22T20:17:00+08:00][sql] SHOW FULL COLUMNS FROM `yh_business` [ RunTime:0.000720s ]
[2020-10-22T20:17:00+08:00][sql] SELECT * FROM `yh_business` WHERE  `id` = 1 LIMIT 1 [ RunTime:0.000230s ]
[2020-10-22T20:17:00+08:00][sql] SHOW FULL COLUMNS FROM `yh_webpz` [ RunTime:0.000669s ]
[2020-10-22T20:17:00+08:00][sql] SELECT * FROM `yh_webpz` WHERE  `id` = 1 LIMIT 1 [ RunTime:0.000227s ]
[2020-10-22T20:17:00+08:00][sql] SHOW FULL COLUMNS FROM `yh_record` [ RunTime:0.006687s ]
[2020-10-22T20:17:00+08:00][sql] SELECT COUNT(*) AS think_count FROM `yh_record` WHERE  `uid` = 19663 [ RunTime:0.000562s ]
[2020-10-22T20:17:00+08:00][sql] SELECT * FROM `yh_record` WHERE  `uid` = 19663 ORDER BY `id` DESC LIMIT 10,10 [ RunTime:0.000473s ]
[2020-10-22T20:17:01+08:00][sql] CONNECT:[ UseTime:0.011715s ] mysql:host=127.0.0.1;port=3306;dbname=jifei;charset=utf8
[2020-10-22T20:17:01+08:00][sql] SHOW FULL COLUMNS FROM `yh_user` [ RunTime:0.001267s ]
[2020-10-22T20:17:01+08:00][sql] SELECT * FROM `yh_user` WHERE  `id` = 1 LIMIT 1 [ RunTime:0.000350s ]
[2020-10-22T20:17:01+08:00][sql] SHOW FULL COLUMNS FROM `yh_business` [ RunTime:0.000968s ]
[2020-10-22T20:17:01+08:00][sql] SELECT * FROM `yh_business` WHERE  `id` = 1 LIMIT 1 [ RunTime:0.000312s ]
[2020-10-22T20:17:01+08:00][sql] SHOW FULL COLUMNS FROM `yh_webpz` [ RunTime:0.000884s ]
[2020-10-22T20:17:01+08:00][sql] SELECT * FROM `yh_webpz` WHERE  `id` = 1 LIMIT 1 [ RunTime:0.000308s ]
[2020-10-22T20:17:01+08:00][sql] SHOW FULL COLUMNS FROM `yh_record` [ RunTime:0.006665s ]
[2020-10-22T20:17:01+08:00][sql] SELECT COUNT(*) AS think_count FROM `yh_record` WHERE  `uid` = 19663 [ RunTime:0.000496s ]
[2020-10-22T20:17:01+08:00][sql] SELECT * FROM `yh_record` WHERE  `uid` = 19663 ORDER BY `id` DESC LIMIT 0,10 [ RunTime:0.000198s ]
[2020-10-22T20:17:02+08:00][sql] CONNECT:[ UseTime:0.001295s ] mysql:host=127.0.0.1;port=3306;dbname=jifei;charset=utf8
[2020-10-22T20:17:02+08:00][sql] SHOW FULL COLUMNS FROM `yh_user` [ RunTime:0.011154s ]
[2020-10-22T20:17:02+08:00][sql] SELECT * FROM `yh_user` WHERE  `id` = 1 LIMIT 1 [ RunTime:0.000385s ]
[2020-10-22T20:17:02+08:00][sql] SHOW FULL COLUMNS FROM `yh_business` [ RunTime:0.000982s ]
[2020-10-22T20:17:02+08:00][sql] SELECT * FROM `yh_business` WHERE  `id` = 1 LIMIT 1 [ RunTime:0.000279s ]
[2020-10-22T20:17:02+08:00][sql] SHOW FULL COLUMNS FROM `yh_webpz` [ RunTime:0.000955s ]
[2020-10-22T20:17:02+08:00][sql] SELECT * FROM `yh_webpz` WHERE  `id` = 1 LIMIT 1 [ RunTime:0.000272s ]
[2020-10-22T20:17:02+08:00][sql] SHOW FULL COLUMNS FROM `yh_record` [ RunTime:0.006369s ]
[2020-10-22T20:17:02+08:00][sql] SELECT COUNT(*) AS think_count FROM `yh_record` WHERE  `uid` = 19663 [ RunTime:0.000276s ]
[2020-10-22T20:17:02+08:00][sql] SELECT * FROM `yh_record` WHERE  `uid` = 19663 ORDER BY `id` DESC LIMIT 0,10 [ RunTime:0.000197s ]
[2020-10-22T20:17:21+08:00][sql] CONNECT:[ UseTime:0.002766s ] mysql:host=127.0.0.1;port=3306;dbname=jifei;charset=utf8
[2020-10-22T20:17:21+08:00][sql] SHOW FULL COLUMNS FROM `yh_user` [ RunTime:0.001456s ]
[2020-10-22T20:17:21+08:00][sql] SELECT * FROM `yh_user` WHERE  `id` = 1 LIMIT 1 [ RunTime:0.000572s ]
[2020-10-22T20:17:21+08:00][sql] SHOW FULL COLUMNS FROM `yh_business` [ RunTime:0.001617s ]
[2020-10-22T20:17:21+08:00][sql] SELECT * FROM `yh_business` WHERE  `id` = 1 LIMIT 1 [ RunTime:0.000505s ]
[2020-10-22T20:17:21+08:00][sql] SHOW FULL COLUMNS FROM `yh_webpz` [ RunTime:0.001184s ]
[2020-10-22T20:17:21+08:00][sql] SELECT * FROM `yh_webpz` WHERE  `id` = 1 LIMIT 1 [ RunTime:0.000571s ]
[2020-10-22T20:17:22+08:00][sql] CONNECT:[ UseTime:0.001519s ] mysql:host=127.0.0.1;port=3306;dbname=jifei;charset=utf8
[2020-10-22T20:17:22+08:00][sql] SHOW FULL COLUMNS FROM `yh_user` [ RunTime:0.001235s ]
[2020-10-22T20:17:22+08:00][sql] SELECT * FROM `yh_user` WHERE  `id` = 1 LIMIT 1 [ RunTime:0.000361s ]
[2020-10-22T20:17:22+08:00][sql] SHOW FULL COLUMNS FROM `yh_business` [ RunTime:0.000957s ]
[2020-10-22T20:17:22+08:00][sql] SELECT * FROM `yh_business` WHERE  `id` = 1 LIMIT 1 [ RunTime:0.000322s ]
[2020-10-22T20:17:22+08:00][sql] SHOW FULL COLUMNS FROM `yh_webpz` [ RunTime:0.000988s ]
[2020-10-22T20:17:22+08:00][sql] SELECT * FROM `yh_webpz` WHERE  `id` = 1 LIMIT 1 [ RunTime:0.000381s ]
