[2020-10-24T06:55:40+08:00][sql] CONNECT:[ UseTime:0.006377s ] mysql:host=127.0.0.1;port=3306;dbname=jifei;charset=utf8
[2020-10-24T06:55:40+08:00][sql] SHOW FULL COLUMNS FROM `yh_webpz` [ RunTime:0.005226s ]
[2020-10-24T06:55:40+08:00][sql] SELECT * FROM `yh_webpz` WHERE  `id` = 1 LIMIT 1 [ RunTime:0.001287s ]
[2020-10-24T08:56:06+08:00][sql] CONNECT:[ UseTime:0.001238s ] mysql:host=127.0.0.1;port=3306;dbname=jifei;charset=utf8
[2020-10-24T08:56:06+08:00][sql] SHOW FULL COLUMNS FROM `yh_webpz` [ RunTime:0.004592s ]
[2020-10-24T08:56:06+08:00][sql] SELECT * FROM `yh_webpz` WHERE  `id` = 1 LIMIT 1 [ RunTime:0.008025s ]
[2020-10-24T08:56:22+08:00][sql] CONNECT:[ UseTime:0.004031s ] mysql:host=127.0.0.1;port=3306;dbname=jifei;charset=utf8
[2020-10-24T08:56:22+08:00][sql] SHOW FULL COLUMNS FROM `yh_webpz` [ RunTime:0.003209s ]
[2020-10-24T08:56:22+08:00][sql] SELECT * FROM `yh_webpz` WHERE  `id` = 1 LIMIT 1 [ RunTime:0.000966s ]
[2020-10-24T08:56:22+08:00][sql] SHOW FULL COLUMNS FROM `yh_user` [ RunTime:0.002246s ]
[2020-10-24T08:56:22+08:00][sql] SELECT `id` FROM `yh_user` WHERE  `username` = 'admin'  AND `password` = 'e10adc3949ba59abbe56e057f20f883e' LIMIT 1 [ RunTime:0.000809s ]
[2020-10-24T08:56:22+08:00][sql] CONNECT:[ UseTime:0.003705s ] mysql:host=127.0.0.1;port=3306;dbname=jifei;charset=utf8
[2020-10-24T08:56:22+08:00][sql] SHOW FULL COLUMNS FROM `yh_user` [ RunTime:0.003171s ]
[2020-10-24T08:56:22+08:00][sql] SELECT * FROM `yh_user` WHERE  `id` = 1 LIMIT 1 [ RunTime:0.000908s ]
[2020-10-24T08:56:22+08:00][sql] SHOW FULL COLUMNS FROM `yh_business` [ RunTime:0.002322s ]
[2020-10-24T08:56:22+08:00][sql] SELECT * FROM `yh_business` WHERE  `id` = 1 LIMIT 1 [ RunTime:0.000801s ]
[2020-10-24T08:56:22+08:00][sql] SHOW FULL COLUMNS FROM `yh_webpz` [ RunTime:0.002551s ]
[2020-10-24T08:56:22+08:00][sql] SELECT * FROM `yh_webpz` WHERE  `id` = 1 LIMIT 1 [ RunTime:0.002159s ]
[2020-10-24T08:57:06+08:00][sql] CONNECT:[ UseTime:0.001275s ] mysql:host=127.0.0.1;port=3306;dbname=jifei;charset=utf8
[2020-10-24T08:57:06+08:00][sql] SHOW FULL COLUMNS FROM `yh_user` [ RunTime:0.002640s ]
[2020-10-24T08:57:06+08:00][sql] SELECT * FROM `yh_user` WHERE  `id` = 1 LIMIT 1 [ RunTime:0.000841s ]
[2020-10-24T08:57:06+08:00][sql] SHOW FULL COLUMNS FROM `yh_business` [ RunTime:0.003474s ]
[2020-10-24T08:57:06+08:00][sql] SELECT * FROM `yh_business` WHERE  `id` = 1 LIMIT 1 [ RunTime:0.001631s ]
[2020-10-24T08:57:06+08:00][sql] SHOW FULL COLUMNS FROM `yh_webpz` [ RunTime:0.002055s ]
[2020-10-24T08:57:06+08:00][sql] SELECT * FROM `yh_webpz` WHERE  `id` = 1 LIMIT 1 [ RunTime:0.001754s ]
[2020-10-24T08:57:07+08:00][sql] CONNECT:[ UseTime:0.001739s ] mysql:host=127.0.0.1;port=3306;dbname=jifei;charset=utf8
[2020-10-24T08:57:07+08:00][sql] SHOW FULL COLUMNS FROM `yh_user` [ RunTime:0.002810s ]
[2020-10-24T08:57:07+08:00][sql] SELECT * FROM `yh_user` WHERE  `id` = 1 LIMIT 1 [ RunTime:0.000805s ]
[2020-10-24T08:57:07+08:00][sql] SHOW FULL COLUMNS FROM `yh_business` [ RunTime:0.001945s ]
[2020-10-24T08:57:07+08:00][sql] SELECT * FROM `yh_business` WHERE  `id` = 1 LIMIT 1 [ RunTime:0.000755s ]
[2020-10-24T08:57:07+08:00][sql] SHOW FULL COLUMNS FROM `yh_webpz` [ RunTime:0.002110s ]
[2020-10-24T08:57:07+08:00][sql] SELECT * FROM `yh_webpz` WHERE  `id` = 1 LIMIT 1 [ RunTime:0.000804s ]
[2020-10-24T08:57:08+08:00][sql] CONNECT:[ UseTime:0.005932s ] mysql:host=127.0.0.1;port=3306;dbname=jifei;charset=utf8
[2020-10-24T08:57:08+08:00][sql] SHOW FULL COLUMNS FROM `yh_user` [ RunTime:0.005540s ]
[2020-10-24T08:57:08+08:00][sql] SELECT * FROM `yh_user` WHERE  `id` = 1 LIMIT 1 [ RunTime:0.004735s ]
[2020-10-24T08:57:08+08:00][sql] SHOW FULL COLUMNS FROM `yh_business` [ RunTime:0.002022s ]
[2020-10-24T08:57:08+08:00][sql] SELECT * FROM `yh_business` WHERE  `id` = 1 LIMIT 1 [ RunTime:0.000645s ]
[2020-10-24T08:57:08+08:00][sql] SHOW FULL COLUMNS FROM `yh_webpz` [ RunTime:0.002092s ]
[2020-10-24T08:57:08+08:00][sql] SELECT * FROM `yh_webpz` WHERE  `id` = 1 LIMIT 1 [ RunTime:0.000755s ]
[2020-10-24T08:57:15+08:00][sql] CONNECT:[ UseTime:0.001240s ] mysql:host=127.0.0.1;port=3306;dbname=jifei;charset=utf8
[2020-10-24T08:57:15+08:00][sql] SHOW FULL COLUMNS FROM `yh_user` [ RunTime:0.002347s ]
[2020-10-24T08:57:15+08:00][sql] SELECT * FROM `yh_user` WHERE  `id` = 1 LIMIT 1 [ RunTime:0.000579s ]
[2020-10-24T08:57:15+08:00][sql] SHOW FULL COLUMNS FROM `yh_business` [ RunTime:0.001922s ]
[2020-10-24T08:57:15+08:00][sql] SELECT * FROM `yh_business` WHERE  `id` = 1 LIMIT 1 [ RunTime:0.000551s ]
[2020-10-24T08:57:15+08:00][sql] SHOW FULL COLUMNS FROM `yh_webpz` [ RunTime:0.002083s ]
[2020-10-24T08:57:15+08:00][sql] SELECT * FROM `yh_webpz` WHERE  `id` = 1 LIMIT 1 [ RunTime:0.000598s ]
[2020-10-24T08:57:17+08:00][sql] CONNECT:[ UseTime:0.007068s ] mysql:host=127.0.0.1;port=3306;dbname=jifei;charset=utf8
[2020-10-24T08:57:17+08:00][sql] SHOW FULL COLUMNS FROM `yh_user` [ RunTime:0.008228s ]
[2020-10-24T08:57:17+08:00][sql] SELECT * FROM `yh_user` WHERE  `id` = 1 LIMIT 1 [ RunTime:0.000869s ]
[2020-10-24T08:57:17+08:00][sql] SHOW FULL COLUMNS FROM `yh_business` [ RunTime:0.002082s ]
[2020-10-24T08:57:17+08:00][sql] SELECT * FROM `yh_business` WHERE  `id` = 1 LIMIT 1 [ RunTime:0.000533s ]
[2020-10-24T08:57:17+08:00][sql] SHOW FULL COLUMNS FROM `yh_webpz` [ RunTime:0.001972s ]
[2020-10-24T08:57:17+08:00][sql] SELECT * FROM `yh_webpz` WHERE  `id` = 1 LIMIT 1 [ RunTime:0.000627s ]
[2020-10-24T08:57:17+08:00][sql] SHOW FULL COLUMNS FROM `yh_meal` [ RunTime:0.016207s ]
[2020-10-24T08:57:17+08:00][error] [10501]SQLSTATE[42S22]: Column not found: 1054 Unknown column 'status' in 'where clause'[/www/wwwroot/jifei.ymcx.shop/vendor/topthink/think-orm/src/db/PDOConnection.php:768]
[2020-10-24T08:57:33+08:00][sql] CONNECT:[ UseTime:0.001403s ] mysql:host=127.0.0.1;port=3306;dbname=jifei;charset=utf8
[2020-10-24T08:57:33+08:00][sql] SHOW FULL COLUMNS FROM `yh_user` [ RunTime:0.003189s ]
[2020-10-24T08:57:33+08:00][sql] SELECT * FROM `yh_user` WHERE  `id` = 1 LIMIT 1 [ RunTime:0.000816s ]
[2020-10-24T08:57:33+08:00][sql] SHOW FULL COLUMNS FROM `yh_business` [ RunTime:0.001756s ]
[2020-10-24T08:57:33+08:00][sql] SELECT * FROM `yh_business` WHERE  `id` = 1 LIMIT 1 [ RunTime:0.000668s ]
[2020-10-24T08:57:33+08:00][sql] SHOW FULL COLUMNS FROM `yh_webpz` [ RunTime:0.002024s ]
[2020-10-24T08:57:33+08:00][sql] SELECT * FROM `yh_webpz` WHERE  `id` = 1 LIMIT 1 [ RunTime:0.000563s ]
[2020-10-24T08:57:33+08:00][sql] SHOW FULL COLUMNS FROM `yh_meal` [ RunTime:0.001437s ]
[2020-10-24T08:57:33+08:00][error] [10501]SQLSTATE[42S22]: Column not found: 1054 Unknown column 'status' in 'where clause'[/www/wwwroot/jifei.ymcx.shop/vendor/topthink/think-orm/src/db/PDOConnection.php:768]
[2020-10-24T08:57:57+08:00][sql] CONNECT:[ UseTime:0.001190s ] mysql:host=127.0.0.1;port=3306;dbname=jifei;charset=utf8
[2020-10-24T08:57:57+08:00][sql] SHOW FULL COLUMNS FROM `yh_user` [ RunTime:0.002639s ]
[2020-10-24T08:57:57+08:00][sql] SELECT * FROM `yh_user` WHERE  `id` = 1 LIMIT 1 [ RunTime:0.000829s ]
[2020-10-24T08:57:57+08:00][sql] SHOW FULL COLUMNS FROM `yh_business` [ RunTime:0.002078s ]
[2020-10-24T08:57:57+08:00][sql] SELECT * FROM `yh_business` WHERE  `id` = 1 LIMIT 1 [ RunTime:0.000672s ]
[2020-10-24T08:57:57+08:00][sql] SHOW FULL COLUMNS FROM `yh_webpz` [ RunTime:0.002092s ]
[2020-10-24T08:57:57+08:00][sql] SELECT * FROM `yh_webpz` WHERE  `id` = 1 LIMIT 1 [ RunTime:0.000608s ]
[2020-10-24T08:57:58+08:00][sql] CONNECT:[ UseTime:0.002211s ] mysql:host=127.0.0.1;port=3306;dbname=jifei;charset=utf8
[2020-10-24T08:57:58+08:00][sql] SHOW FULL COLUMNS FROM `yh_user` [ RunTime:0.004516s ]
[2020-10-24T08:57:58+08:00][sql] SELECT * FROM `yh_user` WHERE  `id` = 1 LIMIT 1 [ RunTime:0.001113s ]
[2020-10-24T08:57:58+08:00][sql] SHOW FULL COLUMNS FROM `yh_business` [ RunTime:0.002945s ]
[2020-10-24T08:57:58+08:00][sql] SELECT * FROM `yh_business` WHERE  `id` = 1 LIMIT 1 [ RunTime:0.000955s ]
[2020-10-24T08:57:58+08:00][sql] SHOW FULL COLUMNS FROM `yh_webpz` [ RunTime:0.002674s ]
[2020-10-24T08:57:58+08:00][sql] SELECT * FROM `yh_webpz` WHERE  `id` = 1 LIMIT 1 [ RunTime:0.000733s ]
[2020-10-24T08:57:58+08:00][sql] CONNECT:[ UseTime:0.004803s ] mysql:host=127.0.0.1;port=3306;dbname=jifei;charset=utf8
[2020-10-24T08:57:58+08:00][sql] SHOW FULL COLUMNS FROM `yh_user` [ RunTime:0.005715s ]
[2020-10-24T08:57:58+08:00][sql] SELECT * FROM `yh_user` WHERE  `id` = 1 LIMIT 1 [ RunTime:0.000906s ]
[2020-10-24T08:57:58+08:00][sql] SHOW FULL COLUMNS FROM `yh_business` [ RunTime:0.002239s ]
[2020-10-24T08:57:58+08:00][sql] SELECT * FROM `yh_business` WHERE  `id` = 1 LIMIT 1 [ RunTime:0.000702s ]
[2020-10-24T08:57:58+08:00][sql] SHOW FULL COLUMNS FROM `yh_webpz` [ RunTime:0.002202s ]
[2020-10-24T08:57:58+08:00][sql] SELECT * FROM `yh_webpz` WHERE  `id` = 1 LIMIT 1 [ RunTime:0.000840s ]
[2020-10-24T08:57:59+08:00][sql] CONNECT:[ UseTime:0.002927s ] mysql:host=127.0.0.1;port=3306;dbname=jifei;charset=utf8
[2020-10-24T08:57:59+08:00][sql] SHOW FULL COLUMNS FROM `yh_user` [ RunTime:0.002617s ]
[2020-10-24T08:57:59+08:00][sql] SELECT * FROM `yh_user` WHERE  `id` = 1 LIMIT 1 [ RunTime:0.000846s ]
[2020-10-24T08:57:59+08:00][sql] SHOW FULL COLUMNS FROM `yh_business` [ RunTime:0.001970s ]
[2020-10-24T08:57:59+08:00][sql] SELECT * FROM `yh_business` WHERE  `id` = 1 LIMIT 1 [ RunTime:0.000674s ]
[2020-10-24T08:57:59+08:00][sql] SHOW FULL COLUMNS FROM `yh_webpz` [ RunTime:0.002014s ]
[2020-10-24T08:57:59+08:00][sql] SELECT * FROM `yh_webpz` WHERE  `id` = 1 LIMIT 1 [ RunTime:0.000730s ]
[2020-10-24T08:57:59+08:00][sql] SHOW FULL COLUMNS FROM `yh_record` [ RunTime:0.001970s ]
[2020-10-24T08:57:59+08:00][sql] SELECT COUNT(*) AS think_count FROM `yh_record` WHERE  `uid` = 19663 [ RunTime:0.000746s ]
[2020-10-24T08:57:59+08:00][sql] SELECT * FROM `yh_record` WHERE  `uid` = 19663 ORDER BY `id` DESC LIMIT 0,10 [ RunTime:0.000718s ]
[2020-10-24T08:58:08+08:00][sql] CONNECT:[ UseTime:0.001580s ] mysql:host=127.0.0.1;port=3306;dbname=jifei;charset=utf8
[2020-10-24T08:58:08+08:00][sql] SHOW FULL COLUMNS FROM `yh_user` [ RunTime:0.002406s ]
[2020-10-24T08:58:08+08:00][sql] SELECT * FROM `yh_user` WHERE  `id` = 1 LIMIT 1 [ RunTime:0.000863s ]
[2020-10-24T08:58:08+08:00][sql] SHOW FULL COLUMNS FROM `yh_business` [ RunTime:0.001922s ]
[2020-10-24T08:58:08+08:00][sql] SELECT * FROM `yh_business` WHERE  `id` = 1 LIMIT 1 [ RunTime:0.000642s ]
[2020-10-24T08:58:08+08:00][sql] SHOW FULL COLUMNS FROM `yh_webpz` [ RunTime:0.002041s ]
[2020-10-24T08:58:08+08:00][sql] SELECT * FROM `yh_webpz` WHERE  `id` = 1 LIMIT 1 [ RunTime:0.001559s ]
[2020-10-24T08:58:18+08:00][sql] CONNECT:[ UseTime:0.004344s ] mysql:host=127.0.0.1;port=3306;dbname=jifei;charset=utf8
[2020-10-24T08:58:18+08:00][sql] SHOW FULL COLUMNS FROM `yh_user` [ RunTime:0.005847s ]
[2020-10-24T08:58:18+08:00][sql] SELECT * FROM `yh_user` WHERE  `id` = 1 LIMIT 1 [ RunTime:0.000827s ]
[2020-10-24T08:58:18+08:00][sql] SHOW FULL COLUMNS FROM `yh_business` [ RunTime:0.004865s ]
[2020-10-24T08:58:18+08:00][sql] SELECT * FROM `yh_business` WHERE  `id` = 1 LIMIT 1 [ RunTime:0.003628s ]
[2020-10-24T08:58:18+08:00][sql] SHOW FULL COLUMNS FROM `yh_webpz` [ RunTime:0.007093s ]
[2020-10-24T08:58:18+08:00][sql] SELECT * FROM `yh_webpz` WHERE  `id` = 1 LIMIT 1 [ RunTime:0.004813s ]
[2020-10-24T08:58:21+08:00][sql] CONNECT:[ UseTime:0.001018s ] mysql:host=127.0.0.1;port=3306;dbname=jifei;charset=utf8
[2020-10-24T08:58:21+08:00][sql] SHOW FULL COLUMNS FROM `yh_user` [ RunTime:0.004478s ]
[2020-10-24T08:58:21+08:00][sql] SELECT * FROM `yh_user` WHERE  `id` = 1 LIMIT 1 [ RunTime:0.003068s ]
[2020-10-24T08:58:21+08:00][sql] SHOW FULL COLUMNS FROM `yh_business` [ RunTime:0.001968s ]
[2020-10-24T08:58:21+08:00][sql] SELECT * FROM `yh_business` WHERE  `id` = 1 LIMIT 1 [ RunTime:0.000759s ]
[2020-10-24T08:58:21+08:00][sql] SHOW FULL COLUMNS FROM `yh_webpz` [ RunTime:0.004404s ]
[2020-10-24T08:58:21+08:00][sql] SELECT * FROM `yh_webpz` WHERE  `id` = 1 LIMIT 1 [ RunTime:0.000844s ]
[2020-10-24T08:58:22+08:00][sql] CONNECT:[ UseTime:0.001168s ] mysql:host=127.0.0.1;port=3306;dbname=jifei;charset=utf8
[2020-10-24T08:58:22+08:00][sql] SHOW FULL COLUMNS FROM `yh_user` [ RunTime:0.002321s ]
[2020-10-24T08:58:22+08:00][sql] SELECT * FROM `yh_user` WHERE  `id` = 1 LIMIT 1 [ RunTime:0.000678s ]
[2020-10-24T08:58:22+08:00][sql] SHOW FULL COLUMNS FROM `yh_business` [ RunTime:0.001777s ]
[2020-10-24T08:58:22+08:00][sql] SELECT * FROM `yh_business` WHERE  `id` = 1 LIMIT 1 [ RunTime:0.000636s ]
[2020-10-24T08:58:22+08:00][sql] SHOW FULL COLUMNS FROM `yh_webpz` [ RunTime:0.002017s ]
[2020-10-24T08:58:22+08:00][sql] SELECT * FROM `yh_webpz` WHERE  `id` = 1 LIMIT 1 [ RunTime:0.000737s ]
[2020-10-24T08:58:23+08:00][sql] CONNECT:[ UseTime:0.002001s ] mysql:host=127.0.0.1;port=3306;dbname=jifei;charset=utf8
[2020-10-24T08:58:23+08:00][sql] SHOW FULL COLUMNS FROM `yh_user` [ RunTime:0.006014s ]
[2020-10-24T08:58:23+08:00][sql] SELECT * FROM `yh_user` WHERE  `id` = 1 LIMIT 1 [ RunTime:0.000691s ]
[2020-10-24T08:58:23+08:00][sql] SHOW FULL COLUMNS FROM `yh_business` [ RunTime:0.005752s ]
[2020-10-24T08:58:23+08:00][sql] SELECT * FROM `yh_business` WHERE  `id` = 1 LIMIT 1 [ RunTime:0.001058s ]
[2020-10-24T08:58:23+08:00][sql] SHOW FULL COLUMNS FROM `yh_webpz` [ RunTime:0.007414s ]
[2020-10-24T08:58:23+08:00][sql] SELECT * FROM `yh_webpz` WHERE  `id` = 1 LIMIT 1 [ RunTime:0.000866s ]
[2020-10-24T08:58:23+08:00][sql] CONNECT:[ UseTime:0.001053s ] mysql:host=127.0.0.1;port=3306;dbname=jifei;charset=utf8
[2020-10-24T08:58:23+08:00][sql] SHOW FULL COLUMNS FROM `yh_user` [ RunTime:0.002209s ]
[2020-10-24T08:58:23+08:00][sql] SELECT * FROM `yh_user` WHERE  `id` = 1 LIMIT 1 [ RunTime:0.000703s ]
[2020-10-24T08:58:23+08:00][sql] SHOW FULL COLUMNS FROM `yh_business` [ RunTime:0.001695s ]
[2020-10-24T08:58:23+08:00][sql] SELECT * FROM `yh_business` WHERE  `id` = 1 LIMIT 1 [ RunTime:0.000535s ]
[2020-10-24T08:58:23+08:00][sql] SHOW FULL COLUMNS FROM `yh_webpz` [ RunTime:0.001805s ]
[2020-10-24T08:58:23+08:00][sql] SELECT * FROM `yh_webpz` WHERE  `id` = 1 LIMIT 1 [ RunTime:0.000758s ]
[2020-10-24T08:58:24+08:00][sql] CONNECT:[ UseTime:0.009032s ] mysql:host=127.0.0.1;port=3306;dbname=jifei;charset=utf8
[2020-10-24T08:58:24+08:00][sql] SHOW FULL COLUMNS FROM `yh_user` [ RunTime:0.006743s ]
[2020-10-24T08:58:24+08:00][sql] SELECT * FROM `yh_user` WHERE  `id` = 1 LIMIT 1 [ RunTime:0.000754s ]
[2020-10-24T08:58:24+08:00][sql] SHOW FULL COLUMNS FROM `yh_business` [ RunTime:0.001810s ]
[2020-10-24T08:58:24+08:00][sql] SELECT * FROM `yh_business` WHERE  `id` = 1 LIMIT 1 [ RunTime:0.000726s ]
[2020-10-24T08:58:24+08:00][sql] SHOW FULL COLUMNS FROM `yh_webpz` [ RunTime:0.001929s ]
[2020-10-24T08:58:24+08:00][sql] SELECT * FROM `yh_webpz` WHERE  `id` = 1 LIMIT 1 [ RunTime:0.000714s ]
[2020-10-24T08:58:24+08:00][sql] SHOW FULL COLUMNS FROM `yh_record` [ RunTime:0.001616s ]
[2020-10-24T08:58:24+08:00][sql] SELECT COUNT(*) AS think_count FROM `yh_record` WHERE  `uid` = 19663 [ RunTime:0.000629s ]
[2020-10-24T08:58:24+08:00][sql] SELECT * FROM `yh_record` WHERE  `uid` = 19663 ORDER BY `id` DESC LIMIT 0,10 [ RunTime:0.000499s ]
[2020-10-24T08:58:25+08:00][sql] CONNECT:[ UseTime:0.001627s ] mysql:host=127.0.0.1;port=3306;dbname=jifei;charset=utf8
[2020-10-24T08:58:25+08:00][sql] SHOW FULL COLUMNS FROM `yh_user` [ RunTime:0.002426s ]
[2020-10-24T08:58:25+08:00][sql] SELECT * FROM `yh_user` WHERE  `id` = 1 LIMIT 1 [ RunTime:0.000740s ]
[2020-10-24T08:58:25+08:00][sql] SHOW FULL COLUMNS FROM `yh_business` [ RunTime:0.001944s ]
[2020-10-24T08:58:25+08:00][sql] SELECT * FROM `yh_business` WHERE  `id` = 1 LIMIT 1 [ RunTime:0.000806s ]
[2020-10-24T08:58:25+08:00][sql] SHOW FULL COLUMNS FROM `yh_webpz` [ RunTime:0.001919s ]
[2020-10-24T08:58:25+08:00][sql] SELECT * FROM `yh_webpz` WHERE  `id` = 1 LIMIT 1 [ RunTime:0.000640s ]
[2020-10-24T08:58:25+08:00][sql] SHOW FULL COLUMNS FROM `yh_meal` [ RunTime:0.001759s ]
[2020-10-24T08:58:25+08:00][error] [10501]SQLSTATE[42S22]: Column not found: 1054 Unknown column 'status' in 'where clause'[/www/wwwroot/jifei.ymcx.shop/vendor/topthink/think-orm/src/db/PDOConnection.php:768]
[2020-10-24T08:58:34+08:00][sql] CONNECT:[ UseTime:0.001055s ] mysql:host=127.0.0.1;port=3306;dbname=jifei;charset=utf8
[2020-10-24T08:58:34+08:00][sql] SHOW FULL COLUMNS FROM `yh_user` [ RunTime:0.003638s ]
[2020-10-24T08:58:34+08:00][sql] SELECT * FROM `yh_user` WHERE  `id` = 1 LIMIT 1 [ RunTime:0.001808s ]
[2020-10-24T08:58:34+08:00][sql] SHOW FULL COLUMNS FROM `yh_business` [ RunTime:0.001762s ]
[2020-10-24T08:58:34+08:00][sql] SELECT * FROM `yh_business` WHERE  `id` = 1 LIMIT 1 [ RunTime:0.001176s ]
[2020-10-24T08:58:34+08:00][sql] SHOW FULL COLUMNS FROM `yh_webpz` [ RunTime:0.002210s ]
[2020-10-24T08:58:34+08:00][sql] SELECT * FROM `yh_webpz` WHERE  `id` = 1 LIMIT 1 [ RunTime:0.001127s ]
[2020-10-24T08:58:34+08:00][sql] SHOW FULL COLUMNS FROM `yh_meal` [ RunTime:0.002714s ]
[2020-10-24T08:58:34+08:00][error] [10501]SQLSTATE[42S22]: Column not found: 1054 Unknown column 'status' in 'where clause'[/www/wwwroot/jifei.ymcx.shop/vendor/topthink/think-orm/src/db/PDOConnection.php:768]
[2020-10-24T09:00:26+08:00][sql] CONNECT:[ UseTime:0.001715s ] mysql:host=127.0.0.1;port=3306;dbname=jifei;charset=utf8
[2020-10-24T09:00:26+08:00][sql] SHOW FULL COLUMNS FROM `yh_user` [ RunTime:0.003945s ]
[2020-10-24T09:00:26+08:00][sql] SELECT * FROM `yh_user` WHERE  `id` = 1 LIMIT 1 [ RunTime:0.000780s ]
[2020-10-24T09:00:26+08:00][sql] SHOW FULL COLUMNS FROM `yh_business` [ RunTime:0.001594s ]
[2020-10-24T09:00:26+08:00][sql] SELECT * FROM `yh_business` WHERE  `id` = 1 LIMIT 1 [ RunTime:0.000644s ]
[2020-10-24T09:00:26+08:00][sql] SHOW FULL COLUMNS FROM `yh_webpz` [ RunTime:0.001939s ]
[2020-10-24T09:00:26+08:00][sql] SELECT * FROM `yh_webpz` WHERE  `id` = 1 LIMIT 1 [ RunTime:0.000655s ]
[2020-10-24T09:00:35+08:00][sql] CONNECT:[ UseTime:0.002048s ] mysql:host=127.0.0.1;port=3306;dbname=jifei;charset=utf8
[2020-10-24T09:00:35+08:00][sql] SHOW FULL COLUMNS FROM `yh_user` [ RunTime:0.006353s ]
[2020-10-24T09:00:35+08:00][sql] SELECT * FROM `yh_user` WHERE  `id` = 1 LIMIT 1 [ RunTime:0.001560s ]
[2020-10-24T09:00:35+08:00][sql] SHOW FULL COLUMNS FROM `yh_business` [ RunTime:0.002516s ]
[2020-10-24T09:00:35+08:00][sql] SELECT * FROM `yh_business` WHERE  `id` = 1 LIMIT 1 [ RunTime:0.001001s ]
[2020-10-24T09:00:35+08:00][sql] SHOW FULL COLUMNS FROM `yh_webpz` [ RunTime:0.003810s ]
[2020-10-24T09:00:35+08:00][sql] SELECT * FROM `yh_webpz` WHERE  `id` = 1 LIMIT 1 [ RunTime:0.001187s ]
[2020-10-24T09:00:36+08:00][sql] CONNECT:[ UseTime:0.002614s ] mysql:host=127.0.0.1;port=3306;dbname=jifei;charset=utf8
[2020-10-24T09:00:36+08:00][sql] SHOW FULL COLUMNS FROM `yh_user` [ RunTime:0.002180s ]
[2020-10-24T09:00:36+08:00][sql] SELECT * FROM `yh_user` WHERE  `id` = 1 LIMIT 1 [ RunTime:0.000941s ]
[2020-10-24T09:00:36+08:00][sql] SHOW FULL COLUMNS FROM `yh_business` [ RunTime:0.002456s ]
[2020-10-24T09:00:36+08:00][sql] SELECT * FROM `yh_business` WHERE  `id` = 1 LIMIT 1 [ RunTime:0.001194s ]
[2020-10-24T09:00:36+08:00][sql] SHOW FULL COLUMNS FROM `yh_webpz` [ RunTime:0.003351s ]
[2020-10-24T09:00:36+08:00][sql] SELECT * FROM `yh_webpz` WHERE  `id` = 1 LIMIT 1 [ RunTime:0.002075s ]
[2020-10-24T09:00:36+08:00][sql] CONNECT:[ UseTime:0.001542s ] mysql:host=127.0.0.1;port=3306;dbname=jifei;charset=utf8
[2020-10-24T09:00:36+08:00][sql] SHOW FULL COLUMNS FROM `yh_user` [ RunTime:0.002623s ]
[2020-10-24T09:00:36+08:00][sql] SELECT * FROM `yh_user` WHERE  `id` = 1 LIMIT 1 [ RunTime:0.000712s ]
[2020-10-24T09:00:36+08:00][sql] SHOW FULL COLUMNS FROM `yh_business` [ RunTime:0.001862s ]
[2020-10-24T09:00:36+08:00][sql] SELECT * FROM `yh_business` WHERE  `id` = 1 LIMIT 1 [ RunTime:0.000597s ]
[2020-10-24T09:00:36+08:00][sql] SHOW FULL COLUMNS FROM `yh_webpz` [ RunTime:0.002003s ]
[2020-10-24T09:00:36+08:00][sql] SELECT * FROM `yh_webpz` WHERE  `id` = 1 LIMIT 1 [ RunTime:0.000661s ]
[2020-10-24T09:00:37+08:00][sql] CONNECT:[ UseTime:0.001345s ] mysql:host=127.0.0.1;port=3306;dbname=jifei;charset=utf8
[2020-10-24T09:00:37+08:00][sql] SHOW FULL COLUMNS FROM `yh_user` [ RunTime:0.003551s ]
[2020-10-24T09:00:37+08:00][sql] SELECT * FROM `yh_user` WHERE  `id` = 1 LIMIT 1 [ RunTime:0.000716s ]
[2020-10-24T09:00:37+08:00][sql] SHOW FULL COLUMNS FROM `yh_business` [ RunTime:0.001685s ]
[2020-10-24T09:00:37+08:00][sql] SELECT * FROM `yh_business` WHERE  `id` = 1 LIMIT 1 [ RunTime:0.000677s ]
[2020-10-24T09:00:37+08:00][sql] SHOW FULL COLUMNS FROM `yh_webpz` [ RunTime:0.002362s ]
[2020-10-24T09:00:37+08:00][sql] SELECT * FROM `yh_webpz` WHERE  `id` = 1 LIMIT 1 [ RunTime:0.000813s ]
[2020-10-24T09:00:38+08:00][sql] CONNECT:[ UseTime:0.000897s ] mysql:host=127.0.0.1;port=3306;dbname=jifei;charset=utf8
[2020-10-24T09:00:38+08:00][sql] SHOW FULL COLUMNS FROM `yh_user` [ RunTime:0.002025s ]
[2020-10-24T09:00:38+08:00][sql] SELECT * FROM `yh_user` WHERE  `id` = 1 LIMIT 1 [ RunTime:0.000602s ]
[2020-10-24T09:00:38+08:00][sql] SHOW FULL COLUMNS FROM `yh_business` [ RunTime:0.002111s ]
[2020-10-24T09:00:38+08:00][sql] SELECT * FROM `yh_business` WHERE  `id` = 1 LIMIT 1 [ RunTime:0.000907s ]
[2020-10-24T09:00:38+08:00][sql] SHOW FULL COLUMNS FROM `yh_webpz` [ RunTime:0.002098s ]
[2020-10-24T09:00:38+08:00][sql] SELECT * FROM `yh_webpz` WHERE  `id` = 1 LIMIT 1 [ RunTime:0.000882s ]
[2020-10-24T09:01:01+08:00][sql] CONNECT:[ UseTime:0.000909s ] mysql:host=127.0.0.1;port=3306;dbname=jifei;charset=utf8
[2020-10-24T09:01:01+08:00][sql] SHOW FULL COLUMNS FROM `yh_user` [ RunTime:0.002325s ]
[2020-10-24T09:01:01+08:00][sql] SELECT * FROM `yh_user` WHERE  `id` = 1 LIMIT 1 [ RunTime:0.003024s ]
[2020-10-24T09:01:01+08:00][sql] SHOW FULL COLUMNS FROM `yh_business` [ RunTime:0.001831s ]
[2020-10-24T09:01:01+08:00][sql] SELECT * FROM `yh_business` WHERE  `id` = 1 LIMIT 1 [ RunTime:0.001143s ]
[2020-10-24T09:01:01+08:00][sql] SHOW FULL COLUMNS FROM `yh_webpz` [ RunTime:0.002054s ]
[2020-10-24T09:01:01+08:00][sql] SELECT * FROM `yh_webpz` WHERE  `id` = 1 LIMIT 1 [ RunTime:0.000668s ]
[2020-10-24T09:01:02+08:00][sql] CONNECT:[ UseTime:0.004489s ] mysql:host=127.0.0.1;port=3306;dbname=jifei;charset=utf8
[2020-10-24T09:01:02+08:00][sql] SHOW FULL COLUMNS FROM `yh_user` [ RunTime:0.005123s ]
[2020-10-24T09:01:02+08:00][sql] SELECT * FROM `yh_user` WHERE  `id` = 1 LIMIT 1 [ RunTime:0.017516s ]
[2020-10-24T09:01:02+08:00][sql] SHOW FULL COLUMNS FROM `yh_business` [ RunTime:0.003774s ]
[2020-10-24T09:01:02+08:00][sql] SELECT * FROM `yh_business` WHERE  `id` = 1 LIMIT 1 [ RunTime:0.000850s ]
[2020-10-24T09:01:02+08:00][sql] SHOW FULL COLUMNS FROM `yh_webpz` [ RunTime:0.002156s ]
[2020-10-24T09:01:02+08:00][sql] SELECT * FROM `yh_webpz` WHERE  `id` = 1 LIMIT 1 [ RunTime:0.001035s ]
[2020-10-24T09:01:03+08:00][sql] CONNECT:[ UseTime:0.001169s ] mysql:host=127.0.0.1;port=3306;dbname=jifei;charset=utf8
[2020-10-24T09:01:03+08:00][sql] SHOW FULL COLUMNS FROM `yh_user` [ RunTime:0.002480s ]
[2020-10-24T09:01:03+08:00][sql] SELECT * FROM `yh_user` WHERE  `id` = 1 LIMIT 1 [ RunTime:0.000716s ]
[2020-10-24T09:01:03+08:00][sql] SHOW FULL COLUMNS FROM `yh_business` [ RunTime:0.001834s ]
[2020-10-24T09:01:03+08:00][sql] SELECT * FROM `yh_business` WHERE  `id` = 1 LIMIT 1 [ RunTime:0.000657s ]
[2020-10-24T09:01:03+08:00][sql] SHOW FULL COLUMNS FROM `yh_webpz` [ RunTime:0.001853s ]
[2020-10-24T09:01:03+08:00][sql] SELECT * FROM `yh_webpz` WHERE  `id` = 1 LIMIT 1 [ RunTime:0.000603s ]
[2020-10-24T09:01:04+08:00][sql] CONNECT:[ UseTime:0.001414s ] mysql:host=127.0.0.1;port=3306;dbname=jifei;charset=utf8
[2020-10-24T09:01:04+08:00][sql] SHOW FULL COLUMNS FROM `yh_user` [ RunTime:0.002763s ]
[2020-10-24T09:01:04+08:00][sql] SELECT * FROM `yh_user` WHERE  `id` = 1 LIMIT 1 [ RunTime:0.000882s ]
[2020-10-24T09:01:04+08:00][sql] SHOW FULL COLUMNS FROM `yh_business` [ RunTime:0.001993s ]
[2020-10-24T09:01:04+08:00][sql] SELECT * FROM `yh_business` WHERE  `id` = 1 LIMIT 1 [ RunTime:0.000847s ]
[2020-10-24T09:01:04+08:00][sql] SHOW FULL COLUMNS FROM `yh_webpz` [ RunTime:0.001915s ]
[2020-10-24T09:01:04+08:00][sql] SELECT * FROM `yh_webpz` WHERE  `id` = 1 LIMIT 1 [ RunTime:0.000670s ]
[2020-10-24T09:01:05+08:00][sql] CONNECT:[ UseTime:0.001161s ] mysql:host=127.0.0.1;port=3306;dbname=jifei;charset=utf8
[2020-10-24T09:01:05+08:00][sql] SHOW FULL COLUMNS FROM `yh_user` [ RunTime:0.002733s ]
[2020-10-24T09:01:05+08:00][sql] SELECT * FROM `yh_user` WHERE  `id` = 1 LIMIT 1 [ RunTime:0.000837s ]
[2020-10-24T09:01:05+08:00][sql] SHOW FULL COLUMNS FROM `yh_business` [ RunTime:0.001971s ]
[2020-10-24T09:01:05+08:00][sql] SELECT * FROM `yh_business` WHERE  `id` = 1 LIMIT 1 [ RunTime:0.000668s ]
[2020-10-24T09:01:05+08:00][sql] SHOW FULL COLUMNS FROM `yh_webpz` [ RunTime:0.002076s ]
[2020-10-24T09:01:05+08:00][sql] SELECT * FROM `yh_webpz` WHERE  `id` = 1 LIMIT 1 [ RunTime:0.000682s ]
[2020-10-24T09:01:06+08:00][sql] CONNECT:[ UseTime:0.001149s ] mysql:host=127.0.0.1;port=3306;dbname=jifei;charset=utf8
[2020-10-24T09:01:06+08:00][sql] SHOW FULL COLUMNS FROM `yh_user` [ RunTime:0.002391s ]
[2020-10-24T09:01:06+08:00][sql] SELECT * FROM `yh_user` WHERE  `id` = 1 LIMIT 1 [ RunTime:0.000600s ]
[2020-10-24T09:01:06+08:00][sql] SHOW FULL COLUMNS FROM `yh_business` [ RunTime:0.001787s ]
[2020-10-24T09:01:06+08:00][sql] SELECT * FROM `yh_business` WHERE  `id` = 1 LIMIT 1 [ RunTime:0.002826s ]
[2020-10-24T09:01:06+08:00][sql] SHOW FULL COLUMNS FROM `yh_webpz` [ RunTime:0.002160s ]
[2020-10-24T09:01:06+08:00][sql] SELECT * FROM `yh_webpz` WHERE  `id` = 1 LIMIT 1 [ RunTime:0.000564s ]
[2020-10-24T09:01:06+08:00][sql] CONNECT:[ UseTime:0.002567s ] mysql:host=127.0.0.1;port=3306;dbname=jifei;charset=utf8
[2020-10-24T09:01:06+08:00][sql] SHOW FULL COLUMNS FROM `yh_user` [ RunTime:0.002336s ]
[2020-10-24T09:01:06+08:00][sql] SELECT * FROM `yh_user` WHERE  `id` = 1 LIMIT 1 [ RunTime:0.001540s ]
[2020-10-24T09:01:06+08:00][sql] SHOW FULL COLUMNS FROM `yh_business` [ RunTime:0.002171s ]
[2020-10-24T09:01:06+08:00][sql] SELECT * FROM `yh_business` WHERE  `id` = 1 LIMIT 1 [ RunTime:0.000721s ]
[2020-10-24T09:01:06+08:00][sql] SHOW FULL COLUMNS FROM `yh_webpz` [ RunTime:0.002213s ]
[2020-10-24T09:01:06+08:00][sql] SELECT * FROM `yh_webpz` WHERE  `id` = 1 LIMIT 1 [ RunTime:0.000757s ]
[2020-10-24T09:01:07+08:00][sql] CONNECT:[ UseTime:0.000830s ] mysql:host=127.0.0.1;port=3306;dbname=jifei;charset=utf8
[2020-10-24T09:01:07+08:00][sql] SHOW FULL COLUMNS FROM `yh_user` [ RunTime:0.002380s ]
[2020-10-24T09:01:07+08:00][sql] SELECT * FROM `yh_user` WHERE  `id` = 1 LIMIT 1 [ RunTime:0.000649s ]
[2020-10-24T09:01:07+08:00][sql] SHOW FULL COLUMNS FROM `yh_business` [ RunTime:0.001955s ]
[2020-10-24T09:01:07+08:00][sql] SELECT * FROM `yh_business` WHERE  `id` = 1 LIMIT 1 [ RunTime:0.000785s ]
[2020-10-24T09:01:07+08:00][sql] SHOW FULL COLUMNS FROM `yh_webpz` [ RunTime:0.002267s ]
[2020-10-24T09:01:07+08:00][sql] SELECT * FROM `yh_webpz` WHERE  `id` = 1 LIMIT 1 [ RunTime:0.000748s ]
[2020-10-24T09:01:07+08:00][sql] CONNECT:[ UseTime:0.002243s ] mysql:host=127.0.0.1;port=3306;dbname=jifei;charset=utf8
[2020-10-24T09:01:07+08:00][sql] SHOW FULL COLUMNS FROM `yh_user` [ RunTime:0.002369s ]
[2020-10-24T09:01:07+08:00][sql] SELECT * FROM `yh_user` WHERE  `id` = 1 LIMIT 1 [ RunTime:0.000742s ]
[2020-10-24T09:01:07+08:00][sql] SHOW FULL COLUMNS FROM `yh_business` [ RunTime:0.001580s ]
[2020-10-24T09:01:07+08:00][sql] SELECT * FROM `yh_business` WHERE  `id` = 1 LIMIT 1 [ RunTime:0.000710s ]
[2020-10-24T09:01:07+08:00][sql] SHOW FULL COLUMNS FROM `yh_webpz` [ RunTime:0.001771s ]
[2020-10-24T09:01:07+08:00][sql] SELECT * FROM `yh_webpz` WHERE  `id` = 1 LIMIT 1 [ RunTime:0.000555s ]
[2020-10-24T09:01:08+08:00][sql] CONNECT:[ UseTime:0.001139s ] mysql:host=127.0.0.1;port=3306;dbname=jifei;charset=utf8
[2020-10-24T09:01:08+08:00][sql] SHOW FULL COLUMNS FROM `yh_user` [ RunTime:0.002738s ]
[2020-10-24T09:01:08+08:00][sql] SELECT * FROM `yh_user` WHERE  `id` = 1 LIMIT 1 [ RunTime:0.001652s ]
[2020-10-24T09:01:08+08:00][sql] SHOW FULL COLUMNS FROM `yh_business` [ RunTime:0.002074s ]
[2020-10-24T09:01:08+08:00][sql] SELECT * FROM `yh_business` WHERE  `id` = 1 LIMIT 1 [ RunTime:0.000581s ]
[2020-10-24T09:01:08+08:00][sql] SHOW FULL COLUMNS FROM `yh_webpz` [ RunTime:0.003303s ]
[2020-10-24T09:01:08+08:00][sql] SELECT * FROM `yh_webpz` WHERE  `id` = 1 LIMIT 1 [ RunTime:0.000618s ]
[2020-10-24T09:01:08+08:00][sql] CONNECT:[ UseTime:0.001181s ] mysql:host=127.0.0.1;port=3306;dbname=jifei;charset=utf8
[2020-10-24T09:01:08+08:00][sql] SHOW FULL COLUMNS FROM `yh_user` [ RunTime:0.004752s ]
[2020-10-24T09:01:08+08:00][sql] SELECT * FROM `yh_user` WHERE  `id` = 1 LIMIT 1 [ RunTime:0.000713s ]
[2020-10-24T09:01:08+08:00][sql] SHOW FULL COLUMNS FROM `yh_business` [ RunTime:0.002036s ]
[2020-10-24T09:01:08+08:00][sql] SELECT * FROM `yh_business` WHERE  `id` = 1 LIMIT 1 [ RunTime:0.000678s ]
[2020-10-24T09:01:08+08:00][sql] SHOW FULL COLUMNS FROM `yh_webpz` [ RunTime:0.001717s ]
[2020-10-24T09:01:08+08:00][sql] SELECT * FROM `yh_webpz` WHERE  `id` = 1 LIMIT 1 [ RunTime:0.000642s ]
[2020-10-24T09:01:08+08:00][sql] CONNECT:[ UseTime:0.001025s ] mysql:host=127.0.0.1;port=3306;dbname=jifei;charset=utf8
[2020-10-24T09:01:08+08:00][sql] SHOW FULL COLUMNS FROM `yh_user` [ RunTime:0.002398s ]
[2020-10-24T09:01:08+08:00][sql] SELECT * FROM `yh_user` WHERE  `id` = 1 LIMIT 1 [ RunTime:0.000775s ]
[2020-10-24T09:01:08+08:00][sql] SHOW FULL COLUMNS FROM `yh_business` [ RunTime:0.002193s ]
[2020-10-24T09:01:08+08:00][sql] SELECT * FROM `yh_business` WHERE  `id` = 1 LIMIT 1 [ RunTime:0.000606s ]
[2020-10-24T09:01:08+08:00][sql] SHOW FULL COLUMNS FROM `yh_webpz` [ RunTime:0.001983s ]
[2020-10-24T09:01:08+08:00][sql] SELECT * FROM `yh_webpz` WHERE  `id` = 1 LIMIT 1 [ RunTime:0.000608s ]
[2020-10-24T09:01:08+08:00][sql] SHOW FULL COLUMNS FROM `yh_record` [ RunTime:0.001825s ]
[2020-10-24T09:01:08+08:00][sql] SELECT COUNT(*) AS think_count FROM `yh_record` WHERE  `uid` = 19663 [ RunTime:0.000574s ]
[2020-10-24T09:01:08+08:00][sql] SELECT * FROM `yh_record` WHERE  `uid` = 19663 ORDER BY `id` DESC LIMIT 0,10 [ RunTime:0.000547s ]
[2020-10-24T09:01:09+08:00][sql] CONNECT:[ UseTime:0.001012s ] mysql:host=127.0.0.1;port=3306;dbname=jifei;charset=utf8
[2020-10-24T09:01:09+08:00][sql] SHOW FULL COLUMNS FROM `yh_user` [ RunTime:0.005136s ]
[2020-10-24T09:01:09+08:00][sql] SELECT * FROM `yh_user` WHERE  `id` = 1 LIMIT 1 [ RunTime:0.000829s ]
[2020-10-24T09:01:09+08:00][sql] SHOW FULL COLUMNS FROM `yh_business` [ RunTime:0.005921s ]
[2020-10-24T09:01:09+08:00][sql] SELECT * FROM `yh_business` WHERE  `id` = 1 LIMIT 1 [ RunTime:0.000758s ]
[2020-10-24T09:01:09+08:00][sql] SHOW FULL COLUMNS FROM `yh_webpz` [ RunTime:0.003570s ]
[2020-10-24T09:01:09+08:00][sql] SELECT * FROM `yh_webpz` WHERE  `id` = 1 LIMIT 1 [ RunTime:0.000859s ]
[2020-10-24T09:01:11+08:00][sql] CONNECT:[ UseTime:0.004265s ] mysql:host=127.0.0.1;port=3306;dbname=jifei;charset=utf8
[2020-10-24T09:01:11+08:00][sql] SHOW FULL COLUMNS FROM `yh_user` [ RunTime:0.004967s ]
[2020-10-24T09:01:11+08:00][sql] SELECT * FROM `yh_user` WHERE  `id` = 1 LIMIT 1 [ RunTime:0.000761s ]
[2020-10-24T09:01:11+08:00][sql] SHOW FULL COLUMNS FROM `yh_business` [ RunTime:0.003537s ]
[2020-10-24T09:01:11+08:00][sql] SELECT * FROM `yh_business` WHERE  `id` = 1 LIMIT 1 [ RunTime:0.001304s ]
[2020-10-24T09:01:11+08:00][sql] SHOW FULL COLUMNS FROM `yh_webpz` [ RunTime:0.002377s ]
[2020-10-24T09:01:11+08:00][sql] SELECT * FROM `yh_webpz` WHERE  `id` = 1 LIMIT 1 [ RunTime:0.000793s ]
[2020-10-24T09:01:13+08:00][sql] CONNECT:[ UseTime:0.002381s ] mysql:host=127.0.0.1;port=3306;dbname=jifei;charset=utf8
[2020-10-24T09:01:13+08:00][sql] SHOW FULL COLUMNS FROM `yh_user` [ RunTime:0.004127s ]
[2020-10-24T09:01:13+08:00][sql] SELECT * FROM `yh_user` WHERE  `id` = 1 LIMIT 1 [ RunTime:0.000885s ]
[2020-10-24T09:01:13+08:00][sql] SHOW FULL COLUMNS FROM `yh_business` [ RunTime:0.002173s ]
[2020-10-24T09:01:13+08:00][sql] SELECT * FROM `yh_business` WHERE  `id` = 1 LIMIT 1 [ RunTime:0.000715s ]
[2020-10-24T09:01:13+08:00][sql] SHOW FULL COLUMNS FROM `yh_webpz` [ RunTime:0.002320s ]
[2020-10-24T09:01:13+08:00][sql] SELECT * FROM `yh_webpz` WHERE  `id` = 1 LIMIT 1 [ RunTime:0.000627s ]
[2020-10-24T09:01:16+08:00][sql] CONNECT:[ UseTime:0.000939s ] mysql:host=127.0.0.1;port=3306;dbname=jifei;charset=utf8
[2020-10-24T09:01:16+08:00][sql] SHOW FULL COLUMNS FROM `yh_user` [ RunTime:0.002471s ]
[2020-10-24T09:01:16+08:00][sql] SELECT * FROM `yh_user` WHERE  `id` = 1 LIMIT 1 [ RunTime:0.000676s ]
[2020-10-24T09:01:16+08:00][sql] SHOW FULL COLUMNS FROM `yh_business` [ RunTime:0.002815s ]
[2020-10-24T09:01:16+08:00][sql] SELECT * FROM `yh_business` WHERE  `id` = 1 LIMIT 1 [ RunTime:0.000599s ]
[2020-10-24T09:01:16+08:00][sql] SHOW FULL COLUMNS FROM `yh_webpz` [ RunTime:0.002263s ]
[2020-10-24T09:01:16+08:00][sql] SELECT * FROM `yh_webpz` WHERE  `id` = 1 LIMIT 1 [ RunTime:0.000679s ]
[2020-10-24T09:01:17+08:00][sql] CONNECT:[ UseTime:0.005691s ] mysql:host=127.0.0.1;port=3306;dbname=jifei;charset=utf8
[2020-10-24T09:01:17+08:00][sql] SHOW FULL COLUMNS FROM `yh_user` [ RunTime:0.006071s ]
[2020-10-24T09:01:17+08:00][sql] SELECT * FROM `yh_user` WHERE  `id` = 1 LIMIT 1 [ RunTime:0.000835s ]
[2020-10-24T09:01:17+08:00][sql] SHOW FULL COLUMNS FROM `yh_business` [ RunTime:0.001964s ]
[2020-10-24T09:01:17+08:00][sql] SELECT * FROM `yh_business` WHERE  `id` = 1 LIMIT 1 [ RunTime:0.000762s ]
[2020-10-24T09:01:17+08:00][sql] SHOW FULL COLUMNS FROM `yh_webpz` [ RunTime:0.002197s ]
[2020-10-24T09:01:17+08:00][sql] SELECT * FROM `yh_webpz` WHERE  `id` = 1 LIMIT 1 [ RunTime:0.000718s ]
[2020-10-24T09:01:17+08:00][sql] SHOW FULL COLUMNS FROM `yh_record` [ RunTime:0.002086s ]
[2020-10-24T09:01:17+08:00][sql] SELECT COUNT(*) AS think_count FROM `yh_record` WHERE  `uid` = 19663 [ RunTime:0.000693s ]
[2020-10-24T09:01:17+08:00][sql] SELECT * FROM `yh_record` WHERE  `uid` = 19663 ORDER BY `id` DESC LIMIT 0,10 [ RunTime:0.000620s ]
[2020-10-24T09:01:18+08:00][sql] CONNECT:[ UseTime:0.001067s ] mysql:host=127.0.0.1;port=3306;dbname=jifei;charset=utf8
[2020-10-24T09:01:18+08:00][sql] SHOW FULL COLUMNS FROM `yh_user` [ RunTime:0.003185s ]
[2020-10-24T09:01:18+08:00][sql] SELECT * FROM `yh_user` WHERE  `id` = 1 LIMIT 1 [ RunTime:0.000810s ]
[2020-10-24T09:01:18+08:00][sql] SHOW FULL COLUMNS FROM `yh_business` [ RunTime:0.002150s ]
[2020-10-24T09:01:18+08:00][sql] SELECT * FROM `yh_business` WHERE  `id` = 1 LIMIT 1 [ RunTime:0.000737s ]
[2020-10-24T09:01:18+08:00][sql] SHOW FULL COLUMNS FROM `yh_webpz` [ RunTime:0.002297s ]
[2020-10-24T09:01:18+08:00][sql] SELECT * FROM `yh_webpz` WHERE  `id` = 1 LIMIT 1 [ RunTime:0.000770s ]
[2020-10-24T09:15:27+08:00][sql] CONNECT:[ UseTime:0.002425s ] mysql:host=127.0.0.1;port=3306;dbname=jifei;charset=utf8
[2020-10-24T09:15:27+08:00][sql] SHOW FULL COLUMNS FROM `yh_user` [ RunTime:0.003136s ]
[2020-10-24T09:15:27+08:00][sql] SELECT * FROM `yh_user` WHERE  `id` = 1 LIMIT 1 [ RunTime:0.000717s ]
[2020-10-24T09:15:27+08:00][sql] SHOW FULL COLUMNS FROM `yh_business` [ RunTime:0.001912s ]
[2020-10-24T09:15:27+08:00][sql] SELECT * FROM `yh_business` WHERE  `id` = 1 LIMIT 1 [ RunTime:0.001139s ]
[2020-10-24T09:15:27+08:00][sql] SHOW FULL COLUMNS FROM `yh_webpz` [ RunTime:0.002186s ]
[2020-10-24T09:15:27+08:00][sql] SELECT * FROM `yh_webpz` WHERE  `id` = 1 LIMIT 1 [ RunTime:0.001233s ]
[2020-10-24T09:15:29+08:00][sql] CONNECT:[ UseTime:0.000999s ] mysql:host=127.0.0.1;port=3306;dbname=jifei;charset=utf8
[2020-10-24T09:15:29+08:00][sql] SHOW FULL COLUMNS FROM `yh_user` [ RunTime:0.002286s ]
[2020-10-24T09:15:29+08:00][sql] SELECT * FROM `yh_user` WHERE  `id` = 1 LIMIT 1 [ RunTime:0.000775s ]
[2020-10-24T09:15:29+08:00][sql] SHOW FULL COLUMNS FROM `yh_business` [ RunTime:0.001599s ]
[2020-10-24T09:15:29+08:00][sql] SELECT * FROM `yh_business` WHERE  `id` = 1 LIMIT 1 [ RunTime:0.000512s ]
[2020-10-24T09:15:29+08:00][sql] SHOW FULL COLUMNS FROM `yh_webpz` [ RunTime:0.001726s ]
[2020-10-24T09:15:29+08:00][sql] SELECT * FROM `yh_webpz` WHERE  `id` = 1 LIMIT 1 [ RunTime:0.000717s ]
[2020-10-24T09:15:30+08:00][sql] CONNECT:[ UseTime:0.001451s ] mysql:host=127.0.0.1;port=3306;dbname=jifei;charset=utf8
[2020-10-24T09:15:30+08:00][sql] SHOW FULL COLUMNS FROM `yh_user` [ RunTime:0.002468s ]
[2020-10-24T09:15:30+08:00][sql] SELECT * FROM `yh_user` WHERE  `id` = 1 LIMIT 1 [ RunTime:0.000813s ]
[2020-10-24T09:15:30+08:00][sql] SHOW FULL COLUMNS FROM `yh_business` [ RunTime:0.002654s ]
[2020-10-24T09:15:30+08:00][sql] SELECT * FROM `yh_business` WHERE  `id` = 1 LIMIT 1 [ RunTime:0.000613s ]
[2020-10-24T09:15:30+08:00][sql] SHOW FULL COLUMNS FROM `yh_webpz` [ RunTime:0.001976s ]
[2020-10-24T09:15:30+08:00][sql] SELECT * FROM `yh_webpz` WHERE  `id` = 1 LIMIT 1 [ RunTime:0.000653s ]
[2020-10-24T09:15:31+08:00][sql] CONNECT:[ UseTime:0.001079s ] mysql:host=127.0.0.1;port=3306;dbname=jifei;charset=utf8
[2020-10-24T09:15:31+08:00][sql] SHOW FULL COLUMNS FROM `yh_user` [ RunTime:0.002458s ]
[2020-10-24T09:15:31+08:00][sql] SELECT * FROM `yh_user` WHERE  `id` = 1 LIMIT 1 [ RunTime:0.000714s ]
[2020-10-24T09:15:31+08:00][sql] SHOW FULL COLUMNS FROM `yh_business` [ RunTime:0.001678s ]
[2020-10-24T09:15:31+08:00][sql] SELECT * FROM `yh_business` WHERE  `id` = 1 LIMIT 1 [ RunTime:0.000596s ]
[2020-10-24T09:15:31+08:00][sql] SHOW FULL COLUMNS FROM `yh_webpz` [ RunTime:0.003258s ]
[2020-10-24T09:15:31+08:00][sql] SELECT * FROM `yh_webpz` WHERE  `id` = 1 LIMIT 1 [ RunTime:0.000656s ]
[2020-10-24T09:15:32+08:00][sql] CONNECT:[ UseTime:0.005312s ] mysql:host=127.0.0.1;port=3306;dbname=jifei;charset=utf8
[2020-10-24T09:15:32+08:00][sql] SHOW FULL COLUMNS FROM `yh_user` [ RunTime:0.002304s ]
[2020-10-24T09:15:32+08:00][sql] SELECT * FROM `yh_user` WHERE  `id` = 1 LIMIT 1 [ RunTime:0.000668s ]
[2020-10-24T09:15:32+08:00][sql] SHOW FULL COLUMNS FROM `yh_business` [ RunTime:0.001742s ]
[2020-10-24T09:15:32+08:00][sql] SELECT * FROM `yh_business` WHERE  `id` = 1 LIMIT 1 [ RunTime:0.000591s ]
[2020-10-24T09:15:32+08:00][sql] SHOW FULL COLUMNS FROM `yh_webpz` [ RunTime:0.001842s ]
[2020-10-24T09:15:32+08:00][sql] SELECT * FROM `yh_webpz` WHERE  `id` = 1 LIMIT 1 [ RunTime:0.000650s ]
[2020-10-24T09:15:32+08:00][sql] CONNECT:[ UseTime:0.001218s ] mysql:host=127.0.0.1;port=3306;dbname=jifei;charset=utf8
[2020-10-24T09:15:32+08:00][sql] SHOW FULL COLUMNS FROM `yh_user` [ RunTime:0.003913s ]
[2020-10-24T09:15:32+08:00][sql] SELECT * FROM `yh_user` WHERE  `id` = 1 LIMIT 1 [ RunTime:0.000817s ]
[2020-10-24T09:15:32+08:00][sql] SHOW FULL COLUMNS FROM `yh_business` [ RunTime:0.004815s ]
[2020-10-24T09:15:32+08:00][sql] SELECT * FROM `yh_business` WHERE  `id` = 1 LIMIT 1 [ RunTime:0.000783s ]
[2020-10-24T09:15:32+08:00][sql] SHOW FULL COLUMNS FROM `yh_webpz` [ RunTime:0.002551s ]
[2020-10-24T09:15:32+08:00][sql] SELECT * FROM `yh_webpz` WHERE  `id` = 1 LIMIT 1 [ RunTime:0.000740s ]
[2020-10-24T09:15:33+08:00][sql] CONNECT:[ UseTime:0.012728s ] mysql:host=127.0.0.1;port=3306;dbname=jifei;charset=utf8
[2020-10-24T09:15:33+08:00][sql] SHOW FULL COLUMNS FROM `yh_user` [ RunTime:0.002557s ]
[2020-10-24T09:15:33+08:00][sql] SELECT * FROM `yh_user` WHERE  `id` = 1 LIMIT 1 [ RunTime:0.000689s ]
[2020-10-24T09:15:33+08:00][sql] SHOW FULL COLUMNS FROM `yh_business` [ RunTime:0.002521s ]
[2020-10-24T09:15:33+08:00][sql] SELECT * FROM `yh_business` WHERE  `id` = 1 LIMIT 1 [ RunTime:0.000677s ]
[2020-10-24T09:15:33+08:00][sql] SHOW FULL COLUMNS FROM `yh_webpz` [ RunTime:0.004807s ]
[2020-10-24T09:15:33+08:00][sql] SELECT * FROM `yh_webpz` WHERE  `id` = 1 LIMIT 1 [ RunTime:0.000872s ]
[2020-10-24T09:15:36+08:00][sql] CONNECT:[ UseTime:0.004683s ] mysql:host=127.0.0.1;port=3306;dbname=jifei;charset=utf8
[2020-10-24T09:15:36+08:00][sql] SHOW FULL COLUMNS FROM `yh_user` [ RunTime:0.005213s ]
[2020-10-24T09:15:36+08:00][sql] SELECT * FROM `yh_user` WHERE  `id` = 1 LIMIT 1 [ RunTime:0.000659s ]
[2020-10-24T09:15:36+08:00][sql] SHOW FULL COLUMNS FROM `yh_business` [ RunTime:0.001718s ]
[2020-10-24T09:15:36+08:00][sql] SELECT * FROM `yh_business` WHERE  `id` = 1 LIMIT 1 [ RunTime:0.000357s ]
[2020-10-24T09:15:36+08:00][sql] SHOW FULL COLUMNS FROM `yh_webpz` [ RunTime:0.001335s ]
[2020-10-24T09:15:36+08:00][sql] SELECT * FROM `yh_webpz` WHERE  `id` = 1 LIMIT 1 [ RunTime:0.000442s ]
[2020-10-24T09:15:36+08:00][sql] CONNECT:[ UseTime:0.001073s ] mysql:host=127.0.0.1;port=3306;dbname=jifei;charset=utf8
[2020-10-24T09:15:36+08:00][sql] SHOW FULL COLUMNS FROM `yh_user` [ RunTime:0.002397s ]
[2020-10-24T09:15:36+08:00][sql] SELECT * FROM `yh_user` WHERE  `id` = 1 LIMIT 1 [ RunTime:0.000853s ]
[2020-10-24T09:15:36+08:00][sql] SHOW FULL COLUMNS FROM `yh_business` [ RunTime:0.002312s ]
[2020-10-24T09:15:36+08:00][sql] SELECT * FROM `yh_business` WHERE  `id` = 1 LIMIT 1 [ RunTime:0.000655s ]
[2020-10-24T09:15:36+08:00][sql] SHOW FULL COLUMNS FROM `yh_webpz` [ RunTime:0.002200s ]
[2020-10-24T09:15:36+08:00][sql] SELECT * FROM `yh_webpz` WHERE  `id` = 1 LIMIT 1 [ RunTime:0.000704s ]
[2020-10-24T09:15:37+08:00][sql] CONNECT:[ UseTime:0.003134s ] mysql:host=127.0.0.1;port=3306;dbname=jifei;charset=utf8
[2020-10-24T09:15:37+08:00][sql] SHOW FULL COLUMNS FROM `yh_user` [ RunTime:0.002861s ]
[2020-10-24T09:15:37+08:00][sql] SELECT * FROM `yh_user` WHERE  `id` = 1 LIMIT 1 [ RunTime:0.001631s ]
[2020-10-24T09:15:37+08:00][sql] SHOW FULL COLUMNS FROM `yh_business` [ RunTime:0.001942s ]
[2020-10-24T09:15:37+08:00][sql] SELECT * FROM `yh_business` WHERE  `id` = 1 LIMIT 1 [ RunTime:0.008622s ]
[2020-10-24T09:15:37+08:00][sql] SHOW FULL COLUMNS FROM `yh_webpz` [ RunTime:0.002403s ]
[2020-10-24T09:15:37+08:00][sql] SELECT * FROM `yh_webpz` WHERE  `id` = 1 LIMIT 1 [ RunTime:0.007703s ]
[2020-10-24T09:15:38+08:00][sql] CONNECT:[ UseTime:0.001278s ] mysql:host=127.0.0.1;port=3306;dbname=jifei;charset=utf8
[2020-10-24T09:15:38+08:00][sql] SHOW FULL COLUMNS FROM `yh_user` [ RunTime:0.002703s ]
[2020-10-24T09:15:38+08:00][sql] SELECT * FROM `yh_user` WHERE  `id` = 1 LIMIT 1 [ RunTime:0.000916s ]
[2020-10-24T09:15:38+08:00][sql] SHOW FULL COLUMNS FROM `yh_business` [ RunTime:0.002015s ]
[2020-10-24T09:15:38+08:00][sql] SELECT * FROM `yh_business` WHERE  `id` = 1 LIMIT 1 [ RunTime:0.000632s ]
[2020-10-24T09:15:38+08:00][sql] SHOW FULL COLUMNS FROM `yh_webpz` [ RunTime:0.002153s ]
[2020-10-24T09:15:38+08:00][sql] SELECT * FROM `yh_webpz` WHERE  `id` = 1 LIMIT 1 [ RunTime:0.000850s ]
[2020-10-24T09:15:38+08:00][sql] SHOW FULL COLUMNS FROM `yh_record` [ RunTime:0.003845s ]
[2020-10-24T09:15:38+08:00][sql] SELECT COUNT(*) AS think_count FROM `yh_record` WHERE  `uid` = 19663 [ RunTime:0.000898s ]
[2020-10-24T09:15:38+08:00][sql] SELECT * FROM `yh_record` WHERE  `uid` = 19663 ORDER BY `id` DESC LIMIT 0,10 [ RunTime:0.000720s ]
[2020-10-24T09:15:39+08:00][sql] CONNECT:[ UseTime:0.002771s ] mysql:host=127.0.0.1;port=3306;dbname=jifei;charset=utf8
[2020-10-24T09:15:39+08:00][sql] SHOW FULL COLUMNS FROM `yh_user` [ RunTime:0.002906s ]
[2020-10-24T09:15:39+08:00][sql] SELECT * FROM `yh_user` WHERE  `id` = 1 LIMIT 1 [ RunTime:0.000759s ]
[2020-10-24T09:15:39+08:00][sql] SHOW FULL COLUMNS FROM `yh_business` [ RunTime:0.001988s ]
[2020-10-24T09:15:39+08:00][sql] SELECT * FROM `yh_business` WHERE  `id` = 1 LIMIT 1 [ RunTime:0.000579s ]
[2020-10-24T09:15:39+08:00][sql] SHOW FULL COLUMNS FROM `yh_webpz` [ RunTime:0.004605s ]
[2020-10-24T09:15:39+08:00][sql] SELECT * FROM `yh_webpz` WHERE  `id` = 1 LIMIT 1 [ RunTime:0.001323s ]
[2020-10-24T09:15:40+08:00][sql] CONNECT:[ UseTime:0.001337s ] mysql:host=127.0.0.1;port=3306;dbname=jifei;charset=utf8
[2020-10-24T09:15:40+08:00][sql] SHOW FULL COLUMNS FROM `yh_user` [ RunTime:0.002444s ]
[2020-10-24T09:15:40+08:00][sql] SELECT * FROM `yh_user` WHERE  `id` = 1 LIMIT 1 [ RunTime:0.001002s ]
[2020-10-24T09:15:40+08:00][sql] SHOW FULL COLUMNS FROM `yh_business` [ RunTime:0.001714s ]
[2020-10-24T09:15:40+08:00][sql] SELECT * FROM `yh_business` WHERE  `id` = 1 LIMIT 1 [ RunTime:0.000620s ]
[2020-10-24T09:15:40+08:00][sql] SHOW FULL COLUMNS FROM `yh_webpz` [ RunTime:0.002146s ]
[2020-10-24T09:15:40+08:00][sql] SELECT * FROM `yh_webpz` WHERE  `id` = 1 LIMIT 1 [ RunTime:0.000765s ]
[2020-10-24T09:15:47+08:00][sql] CONNECT:[ UseTime:0.002314s ] mysql:host=127.0.0.1;port=3306;dbname=jifei;charset=utf8
[2020-10-24T09:15:47+08:00][sql] SHOW FULL COLUMNS FROM `yh_user` [ RunTime:0.003891s ]
[2020-10-24T09:15:47+08:00][sql] SELECT * FROM `yh_user` WHERE  `id` = 1 LIMIT 1 [ RunTime:0.000710s ]
[2020-10-24T09:15:47+08:00][sql] SHOW FULL COLUMNS FROM `yh_business` [ RunTime:0.001822s ]
[2020-10-24T09:15:47+08:00][sql] SELECT * FROM `yh_business` WHERE  `id` = 1 LIMIT 1 [ RunTime:0.000766s ]
[2020-10-24T09:15:47+08:00][sql] SHOW FULL COLUMNS FROM `yh_webpz` [ RunTime:0.002378s ]
[2020-10-24T09:15:47+08:00][sql] SELECT * FROM `yh_webpz` WHERE  `id` = 1 LIMIT 1 [ RunTime:0.000569s ]
[2020-10-24T09:15:50+08:00][sql] CONNECT:[ UseTime:0.001351s ] mysql:host=127.0.0.1;port=3306;dbname=jifei;charset=utf8
[2020-10-24T09:15:50+08:00][sql] SHOW FULL COLUMNS FROM `yh_webpz` [ RunTime:0.001949s ]
[2020-10-24T09:15:50+08:00][sql] SELECT * FROM `yh_webpz` WHERE  `id` = 1 LIMIT 1 [ RunTime:0.000823s ]
[2020-10-24T09:15:50+08:00][sql] CONNECT:[ UseTime:0.002721s ] mysql:host=127.0.0.1;port=3306;dbname=jifei;charset=utf8
[2020-10-24T09:15:50+08:00][sql] SHOW FULL COLUMNS FROM `yh_webpz` [ RunTime:0.002379s ]
[2020-10-24T09:15:50+08:00][sql] SELECT * FROM `yh_webpz` WHERE  `id` = 1 LIMIT 1 [ RunTime:0.000679s ]
[2020-10-24T09:16:02+08:00][sql] CONNECT:[ UseTime:0.000981s ] mysql:host=127.0.0.1;port=3306;dbname=jifei;charset=utf8
[2020-10-24T09:16:02+08:00][sql] SHOW FULL COLUMNS FROM `yh_webpz` [ RunTime:0.002219s ]
[2020-10-24T09:16:02+08:00][sql] SELECT * FROM `yh_webpz` WHERE  `id` = 1 LIMIT 1 [ RunTime:0.000710s ]
[2020-10-24T09:16:02+08:00][sql] SHOW FULL COLUMNS FROM `yh_user` [ RunTime:0.001855s ]
[2020-10-24T09:16:02+08:00][sql] SELECT `id` FROM `yh_user` WHERE  `username` = '1178350505'  AND `password` = 'e10adc3949ba59abbe56e057f20f883e' LIMIT 1 [ RunTime:0.000556s ]
[2020-10-24T09:16:02+08:00][sql] CONNECT:[ UseTime:0.002887s ] mysql:host=127.0.0.1;port=3306;dbname=jifei;charset=utf8
[2020-10-24T09:16:02+08:00][sql] SHOW FULL COLUMNS FROM `yh_webpz` [ RunTime:0.002093s ]
[2020-10-24T09:16:02+08:00][sql] SELECT * FROM `yh_webpz` WHERE  `id` = 1 LIMIT 1 [ RunTime:0.000789s ]
[2020-10-24T09:16:25+08:00][sql] CONNECT:[ UseTime:0.001122s ] mysql:host=127.0.0.1;port=3306;dbname=jifei;charset=utf8
[2020-10-24T09:16:25+08:00][sql] SHOW FULL COLUMNS FROM `yh_webpz` [ RunTime:0.002377s ]
[2020-10-24T09:16:25+08:00][sql] SELECT * FROM `yh_webpz` WHERE  `id` = 1 LIMIT 1 [ RunTime:0.000799s ]
[2020-10-24T09:16:25+08:00][sql] SHOW FULL COLUMNS FROM `yh_user` [ RunTime:0.001815s ]
[2020-10-24T09:16:25+08:00][sql] SELECT `id` FROM `yh_user` WHERE  `username` = 'admin'  AND `password` = '565be15b663c3a1c6a54055410cb763a' LIMIT 1 [ RunTime:0.000559s ]
[2020-10-24T09:16:25+08:00][sql] CONNECT:[ UseTime:0.001629s ] mysql:host=127.0.0.1;port=3306;dbname=jifei;charset=utf8
[2020-10-24T09:16:25+08:00][sql] SHOW FULL COLUMNS FROM `yh_webpz` [ RunTime:0.003111s ]
[2020-10-24T09:16:25+08:00][sql] SELECT * FROM `yh_webpz` WHERE  `id` = 1 LIMIT 1 [ RunTime:0.000648s ]
[2020-10-24T09:16:29+08:00][sql] CONNECT:[ UseTime:0.004061s ] mysql:host=127.0.0.1;port=3306;dbname=jifei;charset=utf8
[2020-10-24T09:16:29+08:00][sql] SHOW FULL COLUMNS FROM `yh_webpz` [ RunTime:0.005814s ]
[2020-10-24T09:16:29+08:00][sql] SELECT * FROM `yh_webpz` WHERE  `id` = 1 LIMIT 1 [ RunTime:0.002363s ]
[2020-10-24T09:16:29+08:00][sql] SHOW FULL COLUMNS FROM `yh_user` [ RunTime:0.002917s ]
[2020-10-24T09:16:29+08:00][sql] SELECT `id` FROM `yh_user` WHERE  `username` = 'admin'  AND `password` = '615cb9ded963d42c05c558d90956976c' LIMIT 1 [ RunTime:0.000739s ]
[2020-10-24T09:16:29+08:00][sql] CONNECT:[ UseTime:0.003655s ] mysql:host=127.0.0.1;port=3306;dbname=jifei;charset=utf8
[2020-10-24T09:16:29+08:00][sql] SHOW FULL COLUMNS FROM `yh_webpz` [ RunTime:0.005152s ]
[2020-10-24T09:16:29+08:00][sql] SELECT * FROM `yh_webpz` WHERE  `id` = 1 LIMIT 1 [ RunTime:0.000752s ]
[2020-10-24T09:16:33+08:00][sql] CONNECT:[ UseTime:0.001126s ] mysql:host=127.0.0.1;port=3306;dbname=jifei;charset=utf8
[2020-10-24T09:16:33+08:00][sql] SHOW FULL COLUMNS FROM `yh_webpz` [ RunTime:0.002459s ]
[2020-10-24T09:16:33+08:00][sql] SELECT * FROM `yh_webpz` WHERE  `id` = 1 LIMIT 1 [ RunTime:0.000764s ]
[2020-10-24T09:16:33+08:00][sql] SHOW FULL COLUMNS FROM `yh_user` [ RunTime:0.002171s ]
[2020-10-24T09:16:33+08:00][sql] SELECT `id` FROM `yh_user` WHERE  `username` = 'admin'  AND `password` = 'e10adc3949ba59abbe56e057f20f883e' LIMIT 1 [ RunTime:0.000583s ]
[2020-10-24T09:16:33+08:00][sql] CONNECT:[ UseTime:0.006468s ] mysql:host=127.0.0.1;port=3306;dbname=jifei;charset=utf8
[2020-10-24T09:16:33+08:00][sql] SHOW FULL COLUMNS FROM `yh_user` [ RunTime:0.005197s ]
[2020-10-24T09:16:33+08:00][sql] SELECT * FROM `yh_user` WHERE  `id` = 1 LIMIT 1 [ RunTime:0.000728s ]
[2020-10-24T09:16:33+08:00][sql] SHOW FULL COLUMNS FROM `yh_business` [ RunTime:0.001887s ]
[2020-10-24T09:16:33+08:00][sql] SELECT * FROM `yh_business` WHERE  `id` = 1 LIMIT 1 [ RunTime:0.000643s ]
[2020-10-24T09:16:33+08:00][sql] SHOW FULL COLUMNS FROM `yh_webpz` [ RunTime:0.002030s ]
[2020-10-24T09:16:33+08:00][sql] SELECT * FROM `yh_webpz` WHERE  `id` = 1 LIMIT 1 [ RunTime:0.000878s ]
[2020-10-24T09:16:46+08:00][sql] CONNECT:[ UseTime:0.001125s ] mysql:host=127.0.0.1;port=3306;dbname=jifei;charset=utf8
[2020-10-24T09:16:46+08:00][sql] SHOW FULL COLUMNS FROM `yh_user` [ RunTime:0.002782s ]
[2020-10-24T09:16:46+08:00][sql] SELECT * FROM `yh_user` WHERE  `id` = 1 LIMIT 1 [ RunTime:0.001304s ]
[2020-10-24T09:16:46+08:00][sql] SHOW FULL COLUMNS FROM `yh_business` [ RunTime:0.002099s ]
[2020-10-24T09:16:46+08:00][sql] SELECT * FROM `yh_business` WHERE  `id` = 1 LIMIT 1 [ RunTime:0.000631s ]
[2020-10-24T09:16:46+08:00][sql] SHOW FULL COLUMNS FROM `yh_webpz` [ RunTime:0.002095s ]
[2020-10-24T09:16:46+08:00][sql] SELECT * FROM `yh_webpz` WHERE  `id` = 1 LIMIT 1 [ RunTime:0.000630s ]
[2020-10-24T09:16:48+08:00][sql] CONNECT:[ UseTime:0.001461s ] mysql:host=127.0.0.1;port=3306;dbname=jifei;charset=utf8
[2020-10-24T09:16:48+08:00][sql] SHOW FULL COLUMNS FROM `yh_user` [ RunTime:0.002577s ]
[2020-10-24T09:16:48+08:00][sql] SELECT * FROM `yh_user` WHERE  `id` = 1 LIMIT 1 [ RunTime:0.000840s ]
[2020-10-24T09:16:48+08:00][sql] SHOW FULL COLUMNS FROM `yh_business` [ RunTime:0.001859s ]
[2020-10-24T09:16:48+08:00][sql] SELECT * FROM `yh_business` WHERE  `id` = 1 LIMIT 1 [ RunTime:0.000624s ]
[2020-10-24T09:16:48+08:00][sql] SHOW FULL COLUMNS FROM `yh_webpz` [ RunTime:0.002073s ]
[2020-10-24T09:16:48+08:00][sql] SELECT * FROM `yh_webpz` WHERE  `id` = 1 LIMIT 1 [ RunTime:0.000824s ]
[2020-10-24T09:17:22+08:00][sql] CONNECT:[ UseTime:0.002314s ] mysql:host=127.0.0.1;port=3306;dbname=jifei;charset=utf8
[2020-10-24T09:17:22+08:00][sql] SHOW FULL COLUMNS FROM `yh_user` [ RunTime:0.002294s ]
[2020-10-24T09:17:22+08:00][sql] SELECT * FROM `yh_user` WHERE  `id` = 1 LIMIT 1 [ RunTime:0.000632s ]
[2020-10-24T09:17:22+08:00][sql] SHOW FULL COLUMNS FROM `yh_business` [ RunTime:0.001862s ]
[2020-10-24T09:17:22+08:00][sql] SELECT * FROM `yh_business` WHERE  `id` = 1 LIMIT 1 [ RunTime:0.000559s ]
[2020-10-24T09:17:22+08:00][sql] SHOW FULL COLUMNS FROM `yh_webpz` [ RunTime:0.001910s ]
[2020-10-24T09:17:22+08:00][sql] SELECT * FROM `yh_webpz` WHERE  `id` = 1 LIMIT 1 [ RunTime:0.000629s ]
[2020-10-24T09:17:22+08:00][sql] CONNECT:[ UseTime:0.003930s ] mysql:host=127.0.0.1;port=3306;dbname=jifei;charset=utf8
[2020-10-24T09:17:22+08:00][sql] SHOW FULL COLUMNS FROM `yh_user` [ RunTime:0.005660s ]
[2020-10-24T09:17:22+08:00][sql] SELECT * FROM `yh_user` WHERE  `id` = 1 LIMIT 1 [ RunTime:0.001521s ]
[2020-10-24T09:17:22+08:00][sql] SHOW FULL COLUMNS FROM `yh_business` [ RunTime:0.003212s ]
[2020-10-24T09:17:22+08:00][sql] SELECT * FROM `yh_business` WHERE  `id` = 1 LIMIT 1 [ RunTime:0.000727s ]
[2020-10-24T09:17:22+08:00][sql] SHOW FULL COLUMNS FROM `yh_webpz` [ RunTime:0.003860s ]
[2020-10-24T09:17:22+08:00][sql] SELECT * FROM `yh_webpz` WHERE  `id` = 1 LIMIT 1 [ RunTime:0.000761s ]
[2020-10-24T11:02:02+08:00][sql] CONNECT:[ UseTime:0.004073s ] mysql:host=127.0.0.1;port=3306;dbname=jifei;charset=utf8
[2020-10-24T11:02:02+08:00][sql] SHOW FULL COLUMNS FROM `yh_webpz` [ RunTime:0.004848s ]
[2020-10-24T11:02:02+08:00][sql] SELECT * FROM `yh_webpz` WHERE  `id` = 1 LIMIT 1 [ RunTime:0.000827s ]
[2020-10-24T11:02:08+08:00][sql] CONNECT:[ UseTime:0.001052s ] mysql:host=127.0.0.1;port=3306;dbname=jifei;charset=utf8
[2020-10-24T11:02:08+08:00][sql] SHOW FULL COLUMNS FROM `yh_webpz` [ RunTime:0.002425s ]
[2020-10-24T11:02:08+08:00][sql] SELECT * FROM `yh_webpz` WHERE  `id` = 1 LIMIT 1 [ RunTime:0.000707s ]
[2020-10-24T11:02:29+08:00][sql] CONNECT:[ UseTime:0.004706s ] mysql:host=127.0.0.1;port=3306;dbname=jifei;charset=utf8
[2020-10-24T11:02:29+08:00][sql] SHOW FULL COLUMNS FROM `yh_webpz` [ RunTime:0.008104s ]
[2020-10-24T11:02:29+08:00][sql] SELECT * FROM `yh_webpz` WHERE  `id` = 1 LIMIT 1 [ RunTime:0.003494s ]
[2020-10-24T12:27:16+08:00][sql] CONNECT:[ UseTime:0.002637s ] mysql:host=127.0.0.1;port=3306;dbname=jifei;charset=utf8
[2020-10-24T12:27:16+08:00][sql] SHOW FULL COLUMNS FROM `yh_webpz` [ RunTime:0.009075s ]
[2020-10-24T12:27:16+08:00][sql] SELECT * FROM `yh_webpz` WHERE  `id` = 1 LIMIT 1 [ RunTime:0.000891s ]
[2020-10-24T12:27:51+08:00][sql] CONNECT:[ UseTime:0.007808s ] mysql:host=127.0.0.1;port=3306;dbname=jifei;charset=utf8
[2020-10-24T12:27:51+08:00][sql] SHOW FULL COLUMNS FROM `yh_webpz` [ RunTime:0.002343s ]
[2020-10-24T12:27:51+08:00][sql] SELECT * FROM `yh_webpz` WHERE  `id` = 1 LIMIT 1 [ RunTime:0.000846s ]
[2020-10-24T12:27:51+08:00][sql] SHOW FULL COLUMNS FROM `yh_user` [ RunTime:0.002519s ]
[2020-10-24T12:27:51+08:00][sql] SELECT `id` FROM `yh_user` WHERE  `username` = 'admin'  AND `password` = 'e10adc3949ba59abbe56e057f20f883e' LIMIT 1 [ RunTime:0.000670s ]
[2020-10-24T12:27:51+08:00][sql] CONNECT:[ UseTime:0.001613s ] mysql:host=127.0.0.1;port=3306;dbname=jifei;charset=utf8
[2020-10-24T12:27:51+08:00][sql] SHOW FULL COLUMNS FROM `yh_user` [ RunTime:0.002127s ]
[2020-10-24T12:27:51+08:00][sql] SELECT * FROM `yh_user` WHERE  `id` = 1 LIMIT 1 [ RunTime:0.001037s ]
[2020-10-24T12:27:51+08:00][sql] SHOW FULL COLUMNS FROM `yh_business` [ RunTime:0.002765s ]
[2020-10-24T12:27:51+08:00][sql] SELECT * FROM `yh_business` WHERE  `id` = 1 LIMIT 1 [ RunTime:0.000848s ]
[2020-10-24T12:27:51+08:00][sql] SHOW FULL COLUMNS FROM `yh_webpz` [ RunTime:0.001736s ]
[2020-10-24T12:27:51+08:00][sql] SELECT * FROM `yh_webpz` WHERE  `id` = 1 LIMIT 1 [ RunTime:0.000807s ]
[2020-10-24T12:27:53+08:00][sql] CONNECT:[ UseTime:0.003640s ] mysql:host=127.0.0.1;port=3306;dbname=jifei;charset=utf8
[2020-10-24T12:27:53+08:00][sql] SHOW FULL COLUMNS FROM `yh_user` [ RunTime:0.006189s ]
[2020-10-24T12:27:53+08:00][sql] SELECT * FROM `yh_user` WHERE  `id` = 1 LIMIT 1 [ RunTime:0.002900s ]
[2020-10-24T12:27:53+08:00][sql] SHOW FULL COLUMNS FROM `yh_business` [ RunTime:0.002261s ]
[2020-10-24T12:27:53+08:00][sql] SELECT * FROM `yh_business` WHERE  `id` = 1 LIMIT 1 [ RunTime:0.001743s ]
[2020-10-24T12:27:53+08:00][sql] SHOW FULL COLUMNS FROM `yh_webpz` [ RunTime:0.002244s ]
[2020-10-24T12:27:53+08:00][sql] SELECT * FROM `yh_webpz` WHERE  `id` = 1 LIMIT 1 [ RunTime:0.000895s ]
[2020-10-24T12:27:55+08:00][sql] CONNECT:[ UseTime:0.004128s ] mysql:host=127.0.0.1;port=3306;dbname=jifei;charset=utf8
[2020-10-24T12:27:55+08:00][sql] SHOW FULL COLUMNS FROM `yh_user` [ RunTime:0.005227s ]
[2020-10-24T12:27:55+08:00][sql] SELECT * FROM `yh_user` WHERE  `id` = 1 LIMIT 1 [ RunTime:0.002645s ]
[2020-10-24T12:27:55+08:00][sql] SHOW FULL COLUMNS FROM `yh_business` [ RunTime:0.001872s ]
[2020-10-24T12:27:55+08:00][sql] SELECT * FROM `yh_business` WHERE  `id` = 1 LIMIT 1 [ RunTime:0.000744s ]
[2020-10-24T12:27:55+08:00][sql] SHOW FULL COLUMNS FROM `yh_webpz` [ RunTime:0.001915s ]
[2020-10-24T12:27:55+08:00][sql] SELECT * FROM `yh_webpz` WHERE  `id` = 1 LIMIT 1 [ RunTime:0.000758s ]
[2020-10-24T12:27:57+08:00][sql] CONNECT:[ UseTime:0.001124s ] mysql:host=127.0.0.1;port=3306;dbname=jifei;charset=utf8
[2020-10-24T12:27:57+08:00][sql] SHOW FULL COLUMNS FROM `yh_user` [ RunTime:0.002634s ]
[2020-10-24T12:27:57+08:00][sql] SELECT * FROM `yh_user` WHERE  `id` = 1 LIMIT 1 [ RunTime:0.009439s ]
[2020-10-24T12:27:57+08:00][sql] SHOW FULL COLUMNS FROM `yh_business` [ RunTime:0.004177s ]
[2020-10-24T12:27:57+08:00][sql] SELECT * FROM `yh_business` WHERE  `id` = 1 LIMIT 1 [ RunTime:0.003193s ]
[2020-10-24T12:27:57+08:00][sql] SHOW FULL COLUMNS FROM `yh_webpz` [ RunTime:0.001780s ]
[2020-10-24T12:27:57+08:00][sql] SELECT * FROM `yh_webpz` WHERE  `id` = 1 LIMIT 1 [ RunTime:0.001162s ]
[2020-10-24T12:28:36+08:00][sql] CONNECT:[ UseTime:0.004346s ] mysql:host=127.0.0.1;port=3306;dbname=jifei;charset=utf8
[2020-10-24T12:28:36+08:00][sql] SHOW FULL COLUMNS FROM `yh_user` [ RunTime:0.002926s ]
[2020-10-24T12:28:36+08:00][sql] SELECT * FROM `yh_user` WHERE  `id` = 1 LIMIT 1 [ RunTime:0.000846s ]
[2020-10-24T12:28:36+08:00][sql] SHOW FULL COLUMNS FROM `yh_business` [ RunTime:0.001977s ]
[2020-10-24T12:28:36+08:00][sql] SELECT * FROM `yh_business` WHERE  `id` = 1 LIMIT 1 [ RunTime:0.000704s ]
[2020-10-24T12:28:36+08:00][sql] SHOW FULL COLUMNS FROM `yh_webpz` [ RunTime:0.002345s ]
[2020-10-24T12:28:36+08:00][sql] SELECT * FROM `yh_webpz` WHERE  `id` = 1 LIMIT 1 [ RunTime:0.000955s ]
