[2020-10-26T07:05:48+08:00][sql] CONNECT:[ UseTime:0.001758s ] mysql:host=127.0.0.1;port=3306;dbname=jifei;charset=utf8
[2020-10-26T07:05:48+08:00][sql] SHOW FULL COLUMNS FROM `yh_webpz` [ RunTime:0.003938s ]
[2020-10-26T07:05:48+08:00][sql] SELECT * FROM `yh_webpz` WHERE  `id` = 1 LIMIT 1 [ RunTime:0.000828s ]
[2020-10-26T07:11:04+08:00][sql] CONNECT:[ UseTime:0.004717s ] mysql:host=127.0.0.1;port=3306;dbname=jifei;charset=utf8
[2020-10-26T07:11:04+08:00][sql] SHOW FULL COLUMNS FROM `yh_webpz` [ RunTime:0.002983s ]
[2020-10-26T07:11:04+08:00][sql] SELECT * FROM `yh_webpz` WHERE  `id` = 1 LIMIT 1 [ RunTime:0.000871s ]
[2020-10-26T07:25:18+08:00][sql] CONNECT:[ UseTime:0.005196s ] mysql:host=127.0.0.1;port=3306;dbname=jifei;charset=utf8
[2020-10-26T07:25:18+08:00][sql] SHOW FULL COLUMNS FROM `yh_webpz` [ RunTime:0.004481s ]
[2020-10-26T07:25:18+08:00][sql] SELECT * FROM `yh_webpz` WHERE  `id` = 1 LIMIT 1 [ RunTime:0.001142s ]
[2020-10-26T07:25:28+08:00][sql] CONNECT:[ UseTime:0.007618s ] mysql:host=127.0.0.1;port=3306;dbname=jifei;charset=utf8
[2020-10-26T07:25:28+08:00][sql] SHOW FULL COLUMNS FROM `yh_webpz` [ RunTime:0.006654s ]
[2020-10-26T07:25:28+08:00][sql] SELECT * FROM `yh_webpz` WHERE  `id` = 1 LIMIT 1 [ RunTime:0.000832s ]
[2020-10-26T07:25:28+08:00][sql] SHOW FULL COLUMNS FROM `yh_user` [ RunTime:0.003900s ]
[2020-10-26T07:25:28+08:00][sql] SELECT * FROM `yh_user` WHERE  `username` = '1178350505'  AND `password` = 'e10adc3949ba59abbe56e057f20f883e' LIMIT 1 [ RunTime:0.002374s ]
[2020-10-26T07:25:28+08:00][sql] CONNECT:[ UseTime:0.002652s ] mysql:host=127.0.0.1;port=3306;dbname=jifei;charset=utf8
[2020-10-26T07:25:28+08:00][sql] SHOW FULL COLUMNS FROM `yh_user` [ RunTime:0.002560s ]
[2020-10-26T07:25:28+08:00][sql] SELECT * FROM `yh_user` WHERE  `id` = 3 LIMIT 1 [ RunTime:0.000747s ]
[2020-10-26T07:25:28+08:00][sql] SHOW FULL COLUMNS FROM `yh_business` [ RunTime:0.002012s ]
[2020-10-26T07:25:28+08:00][sql] SELECT * FROM `yh_business` WHERE  `id` = 3 LIMIT 1 [ RunTime:0.000781s ]
[2020-10-26T07:25:28+08:00][sql] SHOW FULL COLUMNS FROM `yh_webpz` [ RunTime:0.002007s ]
[2020-10-26T07:25:28+08:00][sql] SELECT * FROM `yh_webpz` WHERE  `id` = 1 LIMIT 1 [ RunTime:0.000664s ]
[2020-10-26T07:25:45+08:00][sql] CONNECT:[ UseTime:0.002926s ] mysql:host=127.0.0.1;port=3306;dbname=jifei;charset=utf8
[2020-10-26T07:25:45+08:00][sql] SHOW FULL COLUMNS FROM `yh_user` [ RunTime:0.002829s ]
[2020-10-26T07:25:45+08:00][sql] SELECT * FROM `yh_user` WHERE  `id` = 3 LIMIT 1 [ RunTime:0.000764s ]
[2020-10-26T07:25:45+08:00][sql] SHOW FULL COLUMNS FROM `yh_business` [ RunTime:0.001899s ]
[2020-10-26T07:25:45+08:00][sql] SELECT * FROM `yh_business` WHERE  `id` = 3 LIMIT 1 [ RunTime:0.000828s ]
[2020-10-26T07:25:45+08:00][sql] SHOW FULL COLUMNS FROM `yh_webpz` [ RunTime:0.002405s ]
[2020-10-26T07:25:45+08:00][sql] SELECT * FROM `yh_webpz` WHERE  `id` = 1 LIMIT 1 [ RunTime:0.000724s ]
[2020-10-26T07:25:48+08:00][sql] CONNECT:[ UseTime:0.013011s ] mysql:host=127.0.0.1;port=3306;dbname=jifei;charset=utf8
[2020-10-26T07:25:48+08:00][sql] SHOW FULL COLUMNS FROM `yh_user` [ RunTime:0.005865s ]
[2020-10-26T07:25:48+08:00][sql] SELECT * FROM `yh_user` WHERE  `id` = 3 LIMIT 1 [ RunTime:0.003143s ]
[2020-10-26T07:25:48+08:00][sql] SHOW FULL COLUMNS FROM `yh_business` [ RunTime:0.002069s ]
[2020-10-26T07:25:48+08:00][sql] SELECT * FROM `yh_business` WHERE  `id` = 3 LIMIT 1 [ RunTime:0.000727s ]
[2020-10-26T07:25:48+08:00][sql] SHOW FULL COLUMNS FROM `yh_webpz` [ RunTime:0.002179s ]
[2020-10-26T07:25:48+08:00][sql] SELECT * FROM `yh_webpz` WHERE  `id` = 1 LIMIT 1 [ RunTime:0.000664s ]
[2020-10-26T07:25:50+08:00][sql] CONNECT:[ UseTime:0.001759s ] mysql:host=127.0.0.1;port=3306;dbname=jifei;charset=utf8
[2020-10-26T07:25:50+08:00][sql] SHOW FULL COLUMNS FROM `yh_user` [ RunTime:0.003763s ]
[2020-10-26T07:25:50+08:00][sql] SELECT * FROM `yh_user` WHERE  `id` = 3 LIMIT 1 [ RunTime:0.000812s ]
[2020-10-26T07:25:50+08:00][sql] SHOW FULL COLUMNS FROM `yh_business` [ RunTime:0.001969s ]
[2020-10-26T07:25:50+08:00][sql] SELECT * FROM `yh_business` WHERE  `id` = 3 LIMIT 1 [ RunTime:0.000759s ]
[2020-10-26T07:25:50+08:00][sql] SHOW FULL COLUMNS FROM `yh_webpz` [ RunTime:0.004919s ]
[2020-10-26T07:25:50+08:00][sql] SELECT * FROM `yh_webpz` WHERE  `id` = 1 LIMIT 1 [ RunTime:0.000759s ]
[2020-10-26T07:25:50+08:00][sql] SHOW FULL COLUMNS FROM `yh_meal` [ RunTime:0.002354s ]
[2020-10-26T07:25:50+08:00][sql] SELECT * FROM `yh_meal` WHERE  `status` = 1  AND `type` = 1 ORDER BY `id` DESC [ RunTime:0.000894s ]
[2020-10-26T07:25:52+08:00][sql] CONNECT:[ UseTime:0.001365s ] mysql:host=127.0.0.1;port=3306;dbname=jifei;charset=utf8
[2020-10-26T07:25:52+08:00][sql] SHOW FULL COLUMNS FROM `yh_user` [ RunTime:0.003060s ]
[2020-10-26T07:25:52+08:00][sql] SELECT * FROM `yh_user` WHERE  `id` = 3 LIMIT 1 [ RunTime:0.000711s ]
[2020-10-26T07:25:52+08:00][sql] SHOW FULL COLUMNS FROM `yh_business` [ RunTime:0.002143s ]
[2020-10-26T07:25:52+08:00][sql] SELECT * FROM `yh_business` WHERE  `id` = 3 LIMIT 1 [ RunTime:0.005154s ]
[2020-10-26T07:25:52+08:00][sql] SHOW FULL COLUMNS FROM `yh_webpz` [ RunTime:0.004440s ]
[2020-10-26T07:25:52+08:00][sql] SELECT * FROM `yh_webpz` WHERE  `id` = 1 LIMIT 1 [ RunTime:0.000851s ]
[2020-10-26T07:25:52+08:00][sql] SHOW FULL COLUMNS FROM `yh_meal` [ RunTime:0.002164s ]
[2020-10-26T07:25:52+08:00][sql] SELECT * FROM `yh_meal` WHERE  `status` = 1  AND `type` = 2 ORDER BY `id` DESC [ RunTime:0.000761s ]
[2020-10-26T07:25:53+08:00][sql] CONNECT:[ UseTime:0.004045s ] mysql:host=127.0.0.1;port=3306;dbname=jifei;charset=utf8
[2020-10-26T07:25:53+08:00][sql] SHOW FULL COLUMNS FROM `yh_user` [ RunTime:0.005844s ]
[2020-10-26T07:25:53+08:00][sql] SELECT * FROM `yh_user` WHERE  `id` = 3 LIMIT 1 [ RunTime:0.001901s ]
[2020-10-26T07:25:53+08:00][sql] SHOW FULL COLUMNS FROM `yh_business` [ RunTime:0.002266s ]
[2020-10-26T07:25:53+08:00][sql] SELECT * FROM `yh_business` WHERE  `id` = 3 LIMIT 1 [ RunTime:0.000723s ]
[2020-10-26T07:25:53+08:00][sql] SHOW FULL COLUMNS FROM `yh_webpz` [ RunTime:0.002250s ]
[2020-10-26T07:25:53+08:00][sql] SELECT * FROM `yh_webpz` WHERE  `id` = 1 LIMIT 1 [ RunTime:0.000785s ]
[2020-10-26T07:25:53+08:00][sql] SHOW FULL COLUMNS FROM `yh_meal` [ RunTime:0.002105s ]
[2020-10-26T07:25:53+08:00][sql] SELECT * FROM `yh_meal` WHERE  `status` = 1  AND `type` = 1 ORDER BY `id` DESC [ RunTime:0.000784s ]
[2020-10-26T07:25:54+08:00][sql] CONNECT:[ UseTime:0.002741s ] mysql:host=127.0.0.1;port=3306;dbname=jifei;charset=utf8
[2020-10-26T07:25:54+08:00][sql] SHOW FULL COLUMNS FROM `yh_user` [ RunTime:0.002463s ]
[2020-10-26T07:25:54+08:00][sql] SELECT * FROM `yh_user` WHERE  `id` = 3 LIMIT 1 [ RunTime:0.000680s ]
[2020-10-26T07:25:54+08:00][sql] SHOW FULL COLUMNS FROM `yh_business` [ RunTime:0.002045s ]
[2020-10-26T07:25:54+08:00][sql] SELECT * FROM `yh_business` WHERE  `id` = 3 LIMIT 1 [ RunTime:0.000641s ]
[2020-10-26T07:25:54+08:00][sql] SHOW FULL COLUMNS FROM `yh_webpz` [ RunTime:0.002009s ]
[2020-10-26T07:25:54+08:00][sql] SELECT * FROM `yh_webpz` WHERE  `id` = 1 LIMIT 1 [ RunTime:0.000640s ]
[2020-10-26T07:25:54+08:00][sql] SHOW FULL COLUMNS FROM `yh_meal` [ RunTime:0.001894s ]
[2020-10-26T07:25:54+08:00][sql] SELECT * FROM `yh_meal` WHERE  `status` = 1  AND `type` = 2 ORDER BY `id` DESC [ RunTime:0.000693s ]
[2020-10-26T07:25:55+08:00][sql] CONNECT:[ UseTime:0.001629s ] mysql:host=127.0.0.1;port=3306;dbname=jifei;charset=utf8
[2020-10-26T07:25:55+08:00][sql] SHOW FULL COLUMNS FROM `yh_user` [ RunTime:0.002518s ]
[2020-10-26T07:25:55+08:00][sql] SELECT * FROM `yh_user` WHERE  `id` = 3 LIMIT 1 [ RunTime:0.000719s ]
[2020-10-26T07:25:55+08:00][sql] SHOW FULL COLUMNS FROM `yh_business` [ RunTime:0.001892s ]
[2020-10-26T07:25:55+08:00][sql] SELECT * FROM `yh_business` WHERE  `id` = 3 LIMIT 1 [ RunTime:0.000619s ]
[2020-10-26T07:25:55+08:00][sql] SHOW FULL COLUMNS FROM `yh_webpz` [ RunTime:0.001942s ]
[2020-10-26T07:25:55+08:00][sql] SELECT * FROM `yh_webpz` WHERE  `id` = 1 LIMIT 1 [ RunTime:0.000580s ]
[2020-10-26T07:25:55+08:00][sql] SHOW FULL COLUMNS FROM `yh_meal` [ RunTime:0.001552s ]
[2020-10-26T07:25:55+08:00][sql] SELECT * FROM `yh_meal` WHERE  `status` = 1  AND `type` = 1 ORDER BY `id` DESC [ RunTime:0.000596s ]
[2020-10-26T07:25:56+08:00][sql] CONNECT:[ UseTime:0.001317s ] mysql:host=127.0.0.1;port=3306;dbname=jifei;charset=utf8
[2020-10-26T07:25:56+08:00][sql] SHOW FULL COLUMNS FROM `yh_user` [ RunTime:0.002783s ]
[2020-10-26T07:25:56+08:00][sql] SELECT * FROM `yh_user` WHERE  `id` = 3 LIMIT 1 [ RunTime:0.000816s ]
[2020-10-26T07:25:56+08:00][sql] SHOW FULL COLUMNS FROM `yh_business` [ RunTime:0.004809s ]
[2020-10-26T07:25:56+08:00][sql] SELECT * FROM `yh_business` WHERE  `id` = 3 LIMIT 1 [ RunTime:0.000737s ]
[2020-10-26T07:25:56+08:00][sql] SHOW FULL COLUMNS FROM `yh_webpz` [ RunTime:0.003480s ]
[2020-10-26T07:25:56+08:00][sql] SELECT * FROM `yh_webpz` WHERE  `id` = 1 LIMIT 1 [ RunTime:0.000875s ]
[2020-10-26T07:25:56+08:00][sql] SHOW FULL COLUMNS FROM `yh_meal` [ RunTime:0.002993s ]
[2020-10-26T07:25:56+08:00][sql] SELECT * FROM `yh_meal` WHERE  `status` = 1  AND `type` = 1 ORDER BY `id` DESC [ RunTime:0.000801s ]
[2020-10-26T07:25:58+08:00][sql] CONNECT:[ UseTime:0.001504s ] mysql:host=127.0.0.1;port=3306;dbname=jifei;charset=utf8
[2020-10-26T07:25:58+08:00][sql] SHOW FULL COLUMNS FROM `yh_user` [ RunTime:0.002980s ]
[2020-10-26T07:25:58+08:00][sql] SELECT * FROM `yh_user` WHERE  `id` = 3 LIMIT 1 [ RunTime:0.000733s ]
[2020-10-26T07:25:58+08:00][sql] SHOW FULL COLUMNS FROM `yh_business` [ RunTime:0.002218s ]
[2020-10-26T07:25:58+08:00][sql] SELECT * FROM `yh_business` WHERE  `id` = 3 LIMIT 1 [ RunTime:0.000537s ]
[2020-10-26T07:25:58+08:00][sql] SHOW FULL COLUMNS FROM `yh_webpz` [ RunTime:0.002072s ]
[2020-10-26T07:25:58+08:00][sql] SELECT * FROM `yh_webpz` WHERE  `id` = 1 LIMIT 1 [ RunTime:0.000638s ]
[2020-10-26T07:25:58+08:00][sql] SHOW FULL COLUMNS FROM `yh_meal` [ RunTime:0.002127s ]
[2020-10-26T07:25:58+08:00][sql] SELECT * FROM `yh_meal` WHERE  `status` = 1  AND `type` = 2 ORDER BY `id` DESC [ RunTime:0.000853s ]
[2020-10-26T07:25:59+08:00][sql] CONNECT:[ UseTime:0.001723s ] mysql:host=127.0.0.1;port=3306;dbname=jifei;charset=utf8
[2020-10-26T07:25:59+08:00][sql] SHOW FULL COLUMNS FROM `yh_user` [ RunTime:0.002750s ]
[2020-10-26T07:25:59+08:00][sql] SELECT * FROM `yh_user` WHERE  `id` = 3 LIMIT 1 [ RunTime:0.000855s ]
[2020-10-26T07:25:59+08:00][sql] SHOW FULL COLUMNS FROM `yh_business` [ RunTime:0.001904s ]
[2020-10-26T07:25:59+08:00][sql] SELECT * FROM `yh_business` WHERE  `id` = 3 LIMIT 1 [ RunTime:0.000810s ]
[2020-10-26T07:25:59+08:00][sql] SHOW FULL COLUMNS FROM `yh_webpz` [ RunTime:0.001879s ]
[2020-10-26T07:25:59+08:00][sql] SELECT * FROM `yh_webpz` WHERE  `id` = 1 LIMIT 1 [ RunTime:0.000627s ]
[2020-10-26T07:25:59+08:00][sql] SHOW FULL COLUMNS FROM `yh_meal` [ RunTime:0.001813s ]
[2020-10-26T07:25:59+08:00][sql] SELECT * FROM `yh_meal` WHERE  `id` = 1 LIMIT 1 [ RunTime:0.000670s ]
[2020-10-26T07:26:00+08:00][sql] CONNECT:[ UseTime:0.012053s ] mysql:host=127.0.0.1;port=3306;dbname=jifei;charset=utf8
[2020-10-26T07:26:00+08:00][sql] SHOW FULL COLUMNS FROM `yh_user` [ RunTime:0.002932s ]
[2020-10-26T07:26:00+08:00][sql] SELECT * FROM `yh_user` WHERE  `id` = 3 LIMIT 1 [ RunTime:0.000790s ]
[2020-10-26T07:26:00+08:00][sql] SHOW FULL COLUMNS FROM `yh_business` [ RunTime:0.002663s ]
[2020-10-26T07:26:00+08:00][sql] SELECT * FROM `yh_business` WHERE  `id` = 3 LIMIT 1 [ RunTime:0.000640s ]
[2020-10-26T07:26:00+08:00][sql] SHOW FULL COLUMNS FROM `yh_webpz` [ RunTime:0.004108s ]
[2020-10-26T07:26:00+08:00][sql] SELECT * FROM `yh_webpz` WHERE  `id` = 1 LIMIT 1 [ RunTime:0.004973s ]
[2020-10-26T07:26:00+08:00][sql] SHOW FULL COLUMNS FROM `yh_meal` [ RunTime:0.005608s ]
[2020-10-26T07:26:00+08:00][sql] SELECT * FROM `yh_meal` WHERE  `status` = 1  AND `type` = 1 ORDER BY `id` DESC [ RunTime:0.002555s ]
[2020-10-26T07:26:04+08:00][sql] CONNECT:[ UseTime:0.012186s ] mysql:host=127.0.0.1;port=3306;dbname=jifei;charset=utf8
[2020-10-26T07:26:04+08:00][sql] SHOW FULL COLUMNS FROM `yh_user` [ RunTime:0.005318s ]
[2020-10-26T07:26:04+08:00][sql] SELECT * FROM `yh_user` WHERE  `id` = 3 LIMIT 1 [ RunTime:0.000800s ]
[2020-10-26T07:26:04+08:00][sql] SHOW FULL COLUMNS FROM `yh_business` [ RunTime:0.001802s ]
[2020-10-26T07:26:04+08:00][sql] SELECT * FROM `yh_business` WHERE  `id` = 3 LIMIT 1 [ RunTime:0.000512s ]
[2020-10-26T07:26:04+08:00][sql] SHOW FULL COLUMNS FROM `yh_webpz` [ RunTime:0.005137s ]
[2020-10-26T07:26:04+08:00][sql] SELECT * FROM `yh_webpz` WHERE  `id` = 1 LIMIT 1 [ RunTime:0.001882s ]
[2020-10-26T07:26:04+08:00][sql] SHOW FULL COLUMNS FROM `yh_meal` [ RunTime:0.001724s ]
[2020-10-26T07:26:04+08:00][sql] SELECT * FROM `yh_meal` WHERE  `status` = 1  AND `type` = 2 ORDER BY `id` DESC [ RunTime:0.000566s ]
[2020-10-26T07:26:06+08:00][sql] CONNECT:[ UseTime:0.001184s ] mysql:host=127.0.0.1;port=3306;dbname=jifei;charset=utf8
[2020-10-26T07:26:06+08:00][sql] SHOW FULL COLUMNS FROM `yh_user` [ RunTime:0.002779s ]
[2020-10-26T07:26:06+08:00][sql] SELECT * FROM `yh_user` WHERE  `id` = 3 LIMIT 1 [ RunTime:0.000699s ]
[2020-10-26T07:26:06+08:00][sql] SHOW FULL COLUMNS FROM `yh_business` [ RunTime:0.002041s ]
[2020-10-26T07:26:06+08:00][sql] SELECT * FROM `yh_business` WHERE  `id` = 3 LIMIT 1 [ RunTime:0.000561s ]
[2020-10-26T07:26:06+08:00][sql] SHOW FULL COLUMNS FROM `yh_webpz` [ RunTime:0.002041s ]
[2020-10-26T07:26:06+08:00][sql] SELECT * FROM `yh_webpz` WHERE  `id` = 1 LIMIT 1 [ RunTime:0.000695s ]
[2020-10-26T07:26:06+08:00][sql] SHOW FULL COLUMNS FROM `yh_meal` [ RunTime:0.001957s ]
[2020-10-26T07:26:06+08:00][sql] SELECT * FROM `yh_meal` WHERE  `status` = 1  AND `type` = 1 ORDER BY `id` DESC [ RunTime:0.000639s ]
[2020-10-26T07:26:07+08:00][sql] CONNECT:[ UseTime:0.001460s ] mysql:host=127.0.0.1;port=3306;dbname=jifei;charset=utf8
[2020-10-26T07:26:07+08:00][sql] SHOW FULL COLUMNS FROM `yh_user` [ RunTime:0.002200s ]
[2020-10-26T07:26:07+08:00][sql] SELECT * FROM `yh_user` WHERE  `id` = 3 LIMIT 1 [ RunTime:0.001009s ]
[2020-10-26T07:26:07+08:00][sql] SHOW FULL COLUMNS FROM `yh_business` [ RunTime:0.001856s ]
[2020-10-26T07:26:07+08:00][sql] SELECT * FROM `yh_business` WHERE  `id` = 3 LIMIT 1 [ RunTime:0.000802s ]
[2020-10-26T07:26:07+08:00][sql] SHOW FULL COLUMNS FROM `yh_webpz` [ RunTime:0.002275s ]
[2020-10-26T07:26:07+08:00][sql] SELECT * FROM `yh_webpz` WHERE  `id` = 1 LIMIT 1 [ RunTime:0.000708s ]
[2020-10-26T07:26:07+08:00][sql] SHOW FULL COLUMNS FROM `yh_meal` [ RunTime:0.001976s ]
[2020-10-26T07:26:07+08:00][sql] SELECT * FROM `yh_meal` WHERE  `id` = 2 LIMIT 1 [ RunTime:0.000565s ]
[2020-10-26T07:26:07+08:00][sql] UPDATE `yh_user`  SET `balance` = 8  WHERE  `id` = 3 [ RunTime:0.003254s ]
[2020-10-26T07:26:07+08:00][sql] SELECT * FROM `yh_business` WHERE  `id` = 3 LIMIT 1 [ RunTime:0.000671s ]
[2020-10-26T07:26:07+08:00][sql] UPDATE `yh_business`  SET `type` = 1 , `surplus` = 110000  WHERE  `id` = 3 [ RunTime:0.002378s ]
[2020-10-26T07:26:08+08:00][sql] CONNECT:[ UseTime:0.001239s ] mysql:host=127.0.0.1;port=3306;dbname=jifei;charset=utf8
[2020-10-26T07:26:08+08:00][sql] SHOW FULL COLUMNS FROM `yh_user` [ RunTime:0.002636s ]
[2020-10-26T07:26:08+08:00][sql] SELECT * FROM `yh_user` WHERE  `id` = 3 LIMIT 1 [ RunTime:0.000765s ]
[2020-10-26T07:26:08+08:00][sql] SHOW FULL COLUMNS FROM `yh_business` [ RunTime:0.001891s ]
[2020-10-26T07:26:08+08:00][sql] SELECT * FROM `yh_business` WHERE  `id` = 3 LIMIT 1 [ RunTime:0.000511s ]
[2020-10-26T07:26:08+08:00][sql] SHOW FULL COLUMNS FROM `yh_webpz` [ RunTime:0.001980s ]
[2020-10-26T07:26:08+08:00][sql] SELECT * FROM `yh_webpz` WHERE  `id` = 1 LIMIT 1 [ RunTime:0.000622s ]
[2020-10-26T07:26:08+08:00][sql] SHOW FULL COLUMNS FROM `yh_meal` [ RunTime:0.001655s ]
[2020-10-26T07:26:08+08:00][sql] SELECT * FROM `yh_meal` WHERE  `status` = 1  AND `type` = 1 ORDER BY `id` DESC [ RunTime:0.000546s ]
[2020-10-26T07:26:10+08:00][sql] CONNECT:[ UseTime:0.001312s ] mysql:host=127.0.0.1;port=3306;dbname=jifei;charset=utf8
[2020-10-26T07:26:10+08:00][sql] SHOW FULL COLUMNS FROM `yh_user` [ RunTime:0.003135s ]
[2020-10-26T07:26:10+08:00][sql] SELECT * FROM `yh_user` WHERE  `id` = 3 LIMIT 1 [ RunTime:0.000857s ]
[2020-10-26T07:26:10+08:00][sql] SHOW FULL COLUMNS FROM `yh_business` [ RunTime:0.002174s ]
[2020-10-26T07:26:10+08:00][sql] SELECT * FROM `yh_business` WHERE  `id` = 3 LIMIT 1 [ RunTime:0.000741s ]
[2020-10-26T07:26:10+08:00][sql] SHOW FULL COLUMNS FROM `yh_webpz` [ RunTime:0.003856s ]
[2020-10-26T07:26:10+08:00][sql] SELECT * FROM `yh_webpz` WHERE  `id` = 1 LIMIT 1 [ RunTime:0.000856s ]
[2020-10-26T08:57:07+08:00][sql] CONNECT:[ UseTime:0.001135s ] mysql:host=127.0.0.1;port=3306;dbname=jifei;charset=utf8
[2020-10-26T08:57:07+08:00][sql] SHOW FULL COLUMNS FROM `yh_webpz` [ RunTime:0.003972s ]
[2020-10-26T08:57:07+08:00][sql] SELECT * FROM `yh_webpz` WHERE  `id` = 1 LIMIT 1 [ RunTime:0.000848s ]
[2020-10-26T08:57:12+08:00][sql] CONNECT:[ UseTime:0.001239s ] mysql:host=127.0.0.1;port=3306;dbname=jifei;charset=utf8
[2020-10-26T08:57:12+08:00][sql] SHOW FULL COLUMNS FROM `yh_webpz` [ RunTime:0.002489s ]
[2020-10-26T08:57:12+08:00][sql] SELECT * FROM `yh_webpz` WHERE  `id` = 1 LIMIT 1 [ RunTime:0.000774s ]
[2020-10-26T08:57:12+08:00][sql] SHOW FULL COLUMNS FROM `yh_user` [ RunTime:0.001682s ]
[2020-10-26T08:57:12+08:00][sql] SELECT * FROM `yh_user` WHERE  `username` = 'admin'  AND `password` = 'e10adc3949ba59abbe56e057f20f883e' LIMIT 1 [ RunTime:0.000692s ]
[2020-10-26T08:57:12+08:00][sql] CONNECT:[ UseTime:0.001784s ] mysql:host=127.0.0.1;port=3306;dbname=jifei;charset=utf8
[2020-10-26T08:57:12+08:00][sql] SHOW FULL COLUMNS FROM `yh_user` [ RunTime:0.002782s ]
[2020-10-26T08:57:12+08:00][sql] SELECT * FROM `yh_user` WHERE  `id` = 1 LIMIT 1 [ RunTime:0.000801s ]
[2020-10-26T08:57:12+08:00][sql] SHOW FULL COLUMNS FROM `yh_business` [ RunTime:0.001851s ]
[2020-10-26T08:57:12+08:00][sql] SELECT * FROM `yh_business` WHERE  `id` = 1 LIMIT 1 [ RunTime:0.000742s ]
[2020-10-26T08:57:12+08:00][sql] SHOW FULL COLUMNS FROM `yh_webpz` [ RunTime:0.001924s ]
[2020-10-26T08:57:12+08:00][sql] SELECT * FROM `yh_webpz` WHERE  `id` = 1 LIMIT 1 [ RunTime:0.000691s ]
[2020-10-26T08:57:14+08:00][sql] CONNECT:[ UseTime:0.001777s ] mysql:host=127.0.0.1;port=3306;dbname=jifei;charset=utf8
[2020-10-26T08:57:14+08:00][sql] SHOW FULL COLUMNS FROM `yh_user` [ RunTime:0.004195s ]
[2020-10-26T08:57:14+08:00][sql] SELECT * FROM `yh_user` WHERE  `id` = 1 LIMIT 1 [ RunTime:0.000851s ]
[2020-10-26T08:57:14+08:00][sql] SHOW FULL COLUMNS FROM `yh_business` [ RunTime:0.007346s ]
[2020-10-26T08:57:14+08:00][sql] SELECT * FROM `yh_business` WHERE  `id` = 1 LIMIT 1 [ RunTime:0.000759s ]
[2020-10-26T08:57:14+08:00][sql] SHOW FULL COLUMNS FROM `yh_webpz` [ RunTime:0.003625s ]
[2020-10-26T08:57:14+08:00][sql] SELECT * FROM `yh_webpz` WHERE  `id` = 1 LIMIT 1 [ RunTime:0.000772s ]
[2020-10-26T08:57:14+08:00][sql] CONNECT:[ UseTime:0.005189s ] mysql:host=127.0.0.1;port=3306;dbname=jifei;charset=utf8
[2020-10-26T08:57:14+08:00][sql] SHOW FULL COLUMNS FROM `yh_user` [ RunTime:0.006059s ]
[2020-10-26T08:57:14+08:00][sql] SELECT * FROM `yh_user` WHERE  `id` = 1 LIMIT 1 [ RunTime:0.002503s ]
[2020-10-26T08:57:14+08:00][sql] SHOW FULL COLUMNS FROM `yh_business` [ RunTime:0.002167s ]
[2020-10-26T08:57:14+08:00][sql] SELECT * FROM `yh_business` WHERE  `id` = 1 LIMIT 1 [ RunTime:0.000588s ]
[2020-10-26T08:57:14+08:00][sql] SHOW FULL COLUMNS FROM `yh_webpz` [ RunTime:0.008066s ]
[2020-10-26T08:57:14+08:00][sql] SELECT * FROM `yh_webpz` WHERE  `id` = 1 LIMIT 1 [ RunTime:0.000944s ]
[2020-10-26T08:58:02+08:00][sql] CONNECT:[ UseTime:0.004151s ] mysql:host=127.0.0.1;port=3306;dbname=jifei;charset=utf8
[2020-10-26T08:58:02+08:00][sql] SHOW FULL COLUMNS FROM `yh_user` [ RunTime:0.002779s ]
[2020-10-26T08:58:02+08:00][sql] SELECT * FROM `yh_user` WHERE  `id` = 1 LIMIT 1 [ RunTime:0.000734s ]
[2020-10-26T08:58:02+08:00][sql] SHOW FULL COLUMNS FROM `yh_business` [ RunTime:0.004075s ]
[2020-10-26T08:58:02+08:00][sql] SELECT * FROM `yh_business` WHERE  `id` = 1 LIMIT 1 [ RunTime:0.000644s ]
[2020-10-26T08:58:02+08:00][sql] SHOW FULL COLUMNS FROM `yh_webpz` [ RunTime:0.002409s ]
[2020-10-26T08:58:02+08:00][sql] SELECT * FROM `yh_webpz` WHERE  `id` = 1 LIMIT 1 [ RunTime:0.000679s ]
[2020-10-26T08:58:02+08:00][sql] SHOW FULL COLUMNS FROM `yh_order` [ RunTime:0.002065s ]
[2020-10-26T08:58:02+08:00][sql] INSERT INTO `yh_order` SET `user_id` = 1 , `method` = 1 , `payment` = 1 , `ordernum` = '20201026085714' , `status` = 0 , `intime` = 1603673882 [ RunTime:0.004685s ]
[2020-10-26T08:58:02+08:00][sql] SHOW FULL COLUMNS FROM `yh_information` [ RunTime:0.005001s ]
[2020-10-26T08:58:02+08:00][sql] SELECT * FROM `yh_information` WHERE  `id` = 1 LIMIT 1 [ RunTime:0.000856s ]
[2020-10-26T08:58:50+08:00][sql] CONNECT:[ UseTime:0.001581s ] mysql:host=127.0.0.1;port=3306;dbname=jifei;charset=utf8
[2020-10-26T08:58:50+08:00][sql] SHOW FULL COLUMNS FROM `yh_user` [ RunTime:0.003699s ]
[2020-10-26T08:58:50+08:00][sql] SELECT * FROM `yh_user` WHERE  `id` = 1 LIMIT 1 [ RunTime:0.000661s ]
[2020-10-26T08:58:50+08:00][sql] SHOW FULL COLUMNS FROM `yh_business` [ RunTime:0.002047s ]
[2020-10-26T08:58:50+08:00][sql] SELECT * FROM `yh_business` WHERE  `id` = 1 LIMIT 1 [ RunTime:0.000493s ]
[2020-10-26T08:58:50+08:00][sql] SHOW FULL COLUMNS FROM `yh_webpz` [ RunTime:0.001444s ]
[2020-10-26T08:58:50+08:00][sql] SELECT * FROM `yh_webpz` WHERE  `id` = 1 LIMIT 1 [ RunTime:0.000686s ]
[2020-10-26T08:58:51+08:00][sql] CONNECT:[ UseTime:0.000977s ] mysql:host=127.0.0.1;port=3306;dbname=jifei;charset=utf8
[2020-10-26T08:58:51+08:00][sql] SHOW FULL COLUMNS FROM `yh_user` [ RunTime:0.002372s ]
[2020-10-26T08:58:51+08:00][sql] SELECT * FROM `yh_user` WHERE  `id` = 1 LIMIT 1 [ RunTime:0.000799s ]
[2020-10-26T08:58:51+08:00][sql] SHOW FULL COLUMNS FROM `yh_business` [ RunTime:0.001835s ]
[2020-10-26T08:58:51+08:00][sql] SELECT * FROM `yh_business` WHERE  `id` = 1 LIMIT 1 [ RunTime:0.000680s ]
[2020-10-26T08:58:51+08:00][sql] SHOW FULL COLUMNS FROM `yh_webpz` [ RunTime:0.001924s ]
[2020-10-26T08:58:51+08:00][sql] SELECT * FROM `yh_webpz` WHERE  `id` = 1 LIMIT 1 [ RunTime:0.000764s ]
[2020-10-26T08:58:51+08:00][sql] CONNECT:[ UseTime:0.001252s ] mysql:host=127.0.0.1;port=3306;dbname=jifei;charset=utf8
[2020-10-26T08:58:51+08:00][sql] SHOW FULL COLUMNS FROM `yh_user` [ RunTime:0.002349s ]
[2020-10-26T08:58:51+08:00][sql] SELECT * FROM `yh_user` WHERE  `id` = 1 LIMIT 1 [ RunTime:0.000857s ]
[2020-10-26T08:58:51+08:00][sql] SHOW FULL COLUMNS FROM `yh_business` [ RunTime:0.001999s ]
[2020-10-26T08:58:51+08:00][sql] SELECT * FROM `yh_business` WHERE  `id` = 1 LIMIT 1 [ RunTime:0.000740s ]
[2020-10-26T08:58:51+08:00][sql] SHOW FULL COLUMNS FROM `yh_webpz` [ RunTime:0.001996s ]
[2020-10-26T08:58:51+08:00][sql] SELECT * FROM `yh_webpz` WHERE  `id` = 1 LIMIT 1 [ RunTime:0.000715s ]
[2020-10-26T08:58:53+08:00][sql] CONNECT:[ UseTime:0.004780s ] mysql:host=127.0.0.1;port=3306;dbname=jifei;charset=utf8
[2020-10-26T08:58:53+08:00][sql] SHOW FULL COLUMNS FROM `yh_user` [ RunTime:0.004518s ]
[2020-10-26T08:58:53+08:00][sql] SELECT * FROM `yh_user` WHERE  `id` = 1 LIMIT 1 [ RunTime:0.000922s ]
[2020-10-26T08:58:53+08:00][sql] SHOW FULL COLUMNS FROM `yh_business` [ RunTime:0.002227s ]
[2020-10-26T08:58:53+08:00][sql] SELECT * FROM `yh_business` WHERE  `id` = 1 LIMIT 1 [ RunTime:0.000691s ]
[2020-10-26T08:58:53+08:00][sql] SHOW FULL COLUMNS FROM `yh_webpz` [ RunTime:0.002320s ]
[2020-10-26T08:58:53+08:00][sql] SELECT * FROM `yh_webpz` WHERE  `id` = 1 LIMIT 1 [ RunTime:0.000951s ]
[2020-10-26T08:58:53+08:00][sql] CONNECT:[ UseTime:0.003881s ] mysql:host=127.0.0.1;port=3306;dbname=jifei;charset=utf8
[2020-10-26T08:58:53+08:00][sql] SHOW FULL COLUMNS FROM `yh_user` [ RunTime:0.006452s ]
[2020-10-26T08:58:53+08:00][sql] SELECT * FROM `yh_user` WHERE  `id` = 1 LIMIT 1 [ RunTime:0.000655s ]
[2020-10-26T08:58:53+08:00][sql] SHOW FULL COLUMNS FROM `yh_business` [ RunTime:0.002652s ]
[2020-10-26T08:58:53+08:00][sql] SELECT * FROM `yh_business` WHERE  `id` = 1 LIMIT 1 [ RunTime:0.000575s ]
[2020-10-26T08:58:53+08:00][sql] SHOW FULL COLUMNS FROM `yh_webpz` [ RunTime:0.006429s ]
[2020-10-26T08:58:53+08:00][sql] SELECT * FROM `yh_webpz` WHERE  `id` = 1 LIMIT 1 [ RunTime:0.000739s ]
[2020-10-26T08:58:54+08:00][sql] CONNECT:[ UseTime:0.002124s ] mysql:host=127.0.0.1;port=3306;dbname=jifei;charset=utf8
[2020-10-26T08:58:54+08:00][sql] SHOW FULL COLUMNS FROM `yh_user` [ RunTime:0.002150s ]
[2020-10-26T08:58:54+08:00][sql] SELECT * FROM `yh_user` WHERE  `id` = 1 LIMIT 1 [ RunTime:0.000914s ]
[2020-10-26T08:58:54+08:00][sql] SHOW FULL COLUMNS FROM `yh_business` [ RunTime:0.001526s ]
[2020-10-26T08:58:54+08:00][sql] SELECT * FROM `yh_business` WHERE  `id` = 1 LIMIT 1 [ RunTime:0.000667s ]
[2020-10-26T08:58:54+08:00][sql] SHOW FULL COLUMNS FROM `yh_webpz` [ RunTime:0.001748s ]
[2020-10-26T08:58:54+08:00][sql] SELECT * FROM `yh_webpz` WHERE  `id` = 1 LIMIT 1 [ RunTime:0.000737s ]
[2020-10-26T08:58:54+08:00][sql] SHOW FULL COLUMNS FROM `yh_meal` [ RunTime:0.002250s ]
[2020-10-26T08:58:54+08:00][sql] SELECT * FROM `yh_meal` WHERE  `status` = 1  AND `type` = 1 ORDER BY `id` DESC [ RunTime:0.000745s ]
[2020-10-26T08:58:55+08:00][sql] CONNECT:[ UseTime:0.000918s ] mysql:host=127.0.0.1;port=3306;dbname=jifei;charset=utf8
[2020-10-26T08:58:55+08:00][sql] SHOW FULL COLUMNS FROM `yh_user` [ RunTime:0.002933s ]
[2020-10-26T08:58:55+08:00][sql] SELECT * FROM `yh_user` WHERE  `id` = 1 LIMIT 1 [ RunTime:0.003813s ]
[2020-10-26T08:58:55+08:00][sql] SHOW FULL COLUMNS FROM `yh_business` [ RunTime:0.005526s ]
[2020-10-26T08:58:55+08:00][sql] SELECT * FROM `yh_business` WHERE  `id` = 1 LIMIT 1 [ RunTime:0.004115s ]
[2020-10-26T08:58:55+08:00][sql] SHOW FULL COLUMNS FROM `yh_webpz` [ RunTime:0.002524s ]
[2020-10-26T08:58:55+08:00][sql] SELECT * FROM `yh_webpz` WHERE  `id` = 1 LIMIT 1 [ RunTime:0.000849s ]
[2020-10-26T08:58:55+08:00][sql] SHOW FULL COLUMNS FROM `yh_meal` [ RunTime:0.002176s ]
[2020-10-26T08:58:55+08:00][sql] SELECT * FROM `yh_meal` WHERE  `status` = 1  AND `type` = 2 ORDER BY `id` DESC [ RunTime:0.000815s ]
[2020-10-26T08:58:56+08:00][sql] CONNECT:[ UseTime:0.001370s ] mysql:host=127.0.0.1;port=3306;dbname=jifei;charset=utf8
[2020-10-26T08:58:56+08:00][sql] SHOW FULL COLUMNS FROM `yh_user` [ RunTime:0.002586s ]
[2020-10-26T08:58:56+08:00][sql] SELECT * FROM `yh_user` WHERE  `id` = 1 LIMIT 1 [ RunTime:0.000744s ]
[2020-10-26T08:58:56+08:00][sql] SHOW FULL COLUMNS FROM `yh_business` [ RunTime:0.001799s ]
[2020-10-26T08:58:56+08:00][sql] SELECT * FROM `yh_business` WHERE  `id` = 1 LIMIT 1 [ RunTime:0.000611s ]
[2020-10-26T08:58:56+08:00][sql] SHOW FULL COLUMNS FROM `yh_webpz` [ RunTime:0.002290s ]
[2020-10-26T08:58:56+08:00][sql] SELECT * FROM `yh_webpz` WHERE  `id` = 1 LIMIT 1 [ RunTime:0.000772s ]
[2020-10-26T08:58:56+08:00][sql] SHOW FULL COLUMNS FROM `yh_meal` [ RunTime:0.002192s ]
[2020-10-26T08:58:56+08:00][sql] SELECT * FROM `yh_meal` WHERE  `id` = 1 LIMIT 1 [ RunTime:0.000789s ]
[2020-10-26T08:58:56+08:00][sql] CONNECT:[ UseTime:0.001071s ] mysql:host=127.0.0.1;port=3306;dbname=jifei;charset=utf8
[2020-10-26T08:58:56+08:00][sql] SHOW FULL COLUMNS FROM `yh_user` [ RunTime:0.002591s ]
[2020-10-26T08:58:56+08:00][sql] SELECT * FROM `yh_user` WHERE  `id` = 1 LIMIT 1 [ RunTime:0.003692s ]
[2020-10-26T08:58:56+08:00][sql] SHOW FULL COLUMNS FROM `yh_business` [ RunTime:0.003890s ]
[2020-10-26T08:58:56+08:00][sql] SELECT * FROM `yh_business` WHERE  `id` = 1 LIMIT 1 [ RunTime:0.001302s ]
[2020-10-26T08:58:56+08:00][sql] SHOW FULL COLUMNS FROM `yh_webpz` [ RunTime:0.002148s ]
[2020-10-26T08:58:56+08:00][sql] SELECT * FROM `yh_webpz` WHERE  `id` = 1 LIMIT 1 [ RunTime:0.000994s ]
[2020-10-26T08:58:56+08:00][sql] SHOW FULL COLUMNS FROM `yh_meal` [ RunTime:0.002254s ]
[2020-10-26T08:58:56+08:00][sql] SELECT * FROM `yh_meal` WHERE  `status` = 1  AND `type` = 1 ORDER BY `id` DESC [ RunTime:0.000881s ]
[2020-10-26T08:58:58+08:00][sql] CONNECT:[ UseTime:0.001001s ] mysql:host=127.0.0.1;port=3306;dbname=jifei;charset=utf8
[2020-10-26T08:58:58+08:00][sql] SHOW FULL COLUMNS FROM `yh_user` [ RunTime:0.002431s ]
[2020-10-26T08:58:58+08:00][sql] SELECT * FROM `yh_user` WHERE  `id` = 1 LIMIT 1 [ RunTime:0.000627s ]
[2020-10-26T08:58:58+08:00][sql] SHOW FULL COLUMNS FROM `yh_business` [ RunTime:0.001816s ]
[2020-10-26T08:58:58+08:00][sql] SELECT * FROM `yh_business` WHERE  `id` = 1 LIMIT 1 [ RunTime:0.000569s ]
[2020-10-26T08:58:58+08:00][sql] SHOW FULL COLUMNS FROM `yh_webpz` [ RunTime:0.002929s ]
[2020-10-26T08:58:58+08:00][sql] SELECT * FROM `yh_webpz` WHERE  `id` = 1 LIMIT 1 [ RunTime:0.000611s ]
[2020-10-26T08:58:58+08:00][sql] SHOW FULL COLUMNS FROM `yh_meal` [ RunTime:0.001849s ]
[2020-10-26T08:58:58+08:00][sql] SELECT * FROM `yh_meal` WHERE  `id` = 2 LIMIT 1 [ RunTime:0.000509s ]
[2020-10-26T08:58:58+08:00][sql] CONNECT:[ UseTime:0.001120s ] mysql:host=127.0.0.1;port=3306;dbname=jifei;charset=utf8
[2020-10-26T08:58:58+08:00][sql] SHOW FULL COLUMNS FROM `yh_user` [ RunTime:0.004044s ]
[2020-10-26T08:58:58+08:00][sql] SELECT * FROM `yh_user` WHERE  `id` = 1 LIMIT 1 [ RunTime:0.003835s ]
[2020-10-26T08:58:58+08:00][sql] SHOW FULL COLUMNS FROM `yh_business` [ RunTime:0.017773s ]
[2020-10-26T08:58:58+08:00][sql] SELECT * FROM `yh_business` WHERE  `id` = 1 LIMIT 1 [ RunTime:0.000772s ]
[2020-10-26T08:58:58+08:00][sql] SHOW FULL COLUMNS FROM `yh_webpz` [ RunTime:0.002536s ]
[2020-10-26T08:58:58+08:00][sql] SELECT * FROM `yh_webpz` WHERE  `id` = 1 LIMIT 1 [ RunTime:0.002530s ]
[2020-10-26T08:58:58+08:00][sql] SHOW FULL COLUMNS FROM `yh_meal` [ RunTime:0.003438s ]
[2020-10-26T08:58:58+08:00][sql] SELECT * FROM `yh_meal` WHERE  `status` = 1  AND `type` = 1 ORDER BY `id` DESC [ RunTime:0.001333s ]
[2020-10-26T08:58:59+08:00][sql] CONNECT:[ UseTime:0.001154s ] mysql:host=127.0.0.1;port=3306;dbname=jifei;charset=utf8
[2020-10-26T08:58:59+08:00][sql] SHOW FULL COLUMNS FROM `yh_user` [ RunTime:0.002935s ]
[2020-10-26T08:58:59+08:00][sql] SELECT * FROM `yh_user` WHERE  `id` = 1 LIMIT 1 [ RunTime:0.000722s ]
[2020-10-26T08:58:59+08:00][sql] SHOW FULL COLUMNS FROM `yh_business` [ RunTime:0.001902s ]
[2020-10-26T08:58:59+08:00][sql] SELECT * FROM `yh_business` WHERE  `id` = 1 LIMIT 1 [ RunTime:0.000827s ]
[2020-10-26T08:58:59+08:00][sql] SHOW FULL COLUMNS FROM `yh_webpz` [ RunTime:0.002669s ]
[2020-10-26T08:58:59+08:00][sql] SELECT * FROM `yh_webpz` WHERE  `id` = 1 LIMIT 1 [ RunTime:0.000780s ]
[2020-10-26T08:58:59+08:00][sql] SHOW FULL COLUMNS FROM `yh_meal` [ RunTime:0.002059s ]
[2020-10-26T08:58:59+08:00][sql] SELECT * FROM `yh_meal` WHERE  `status` = 1  AND `type` = 2 ORDER BY `id` DESC [ RunTime:0.000736s ]
[2020-10-26T08:59:00+08:00][sql] CONNECT:[ UseTime:0.001038s ] mysql:host=127.0.0.1;port=3306;dbname=jifei;charset=utf8
[2020-10-26T08:59:00+08:00][sql] SHOW FULL COLUMNS FROM `yh_user` [ RunTime:0.003012s ]
[2020-10-26T08:59:00+08:00][sql] SELECT * FROM `yh_user` WHERE  `id` = 1 LIMIT 1 [ RunTime:0.000705s ]
[2020-10-26T08:59:00+08:00][sql] SHOW FULL COLUMNS FROM `yh_business` [ RunTime:0.001568s ]
[2020-10-26T08:59:00+08:00][sql] SELECT * FROM `yh_business` WHERE  `id` = 1 LIMIT 1 [ RunTime:0.001713s ]
[2020-10-26T08:59:00+08:00][sql] SHOW FULL COLUMNS FROM `yh_webpz` [ RunTime:0.002079s ]
[2020-10-26T08:59:00+08:00][sql] SELECT * FROM `yh_webpz` WHERE  `id` = 1 LIMIT 1 [ RunTime:0.000576s ]
[2020-10-26T08:59:00+08:00][sql] SHOW FULL COLUMNS FROM `yh_meal` [ RunTime:0.002000s ]
[2020-10-26T08:59:00+08:00][sql] SELECT * FROM `yh_meal` WHERE  `id` = 1 LIMIT 1 [ RunTime:0.000603s ]
[2020-10-26T08:59:00+08:00][sql] CONNECT:[ UseTime:0.000936s ] mysql:host=127.0.0.1;port=3306;dbname=jifei;charset=utf8
[2020-10-26T08:59:00+08:00][sql] SHOW FULL COLUMNS FROM `yh_user` [ RunTime:0.002866s ]
[2020-10-26T08:59:00+08:00][sql] SELECT * FROM `yh_user` WHERE  `id` = 1 LIMIT 1 [ RunTime:0.000717s ]
[2020-10-26T08:59:00+08:00][sql] SHOW FULL COLUMNS FROM `yh_business` [ RunTime:0.001885s ]
[2020-10-26T08:59:00+08:00][sql] SELECT * FROM `yh_business` WHERE  `id` = 1 LIMIT 1 [ RunTime:0.000553s ]
[2020-10-26T08:59:00+08:00][sql] SHOW FULL COLUMNS FROM `yh_webpz` [ RunTime:0.002351s ]
[2020-10-26T08:59:00+08:00][sql] SELECT * FROM `yh_webpz` WHERE  `id` = 1 LIMIT 1 [ RunTime:0.000618s ]
[2020-10-26T08:59:00+08:00][sql] SHOW FULL COLUMNS FROM `yh_meal` [ RunTime:0.001935s ]
[2020-10-26T08:59:00+08:00][sql] SELECT * FROM `yh_meal` WHERE  `status` = 1  AND `type` = 1 ORDER BY `id` DESC [ RunTime:0.000634s ]
[2020-10-26T08:59:01+08:00][sql] CONNECT:[ UseTime:0.006372s ] mysql:host=127.0.0.1;port=3306;dbname=jifei;charset=utf8
[2020-10-26T08:59:01+08:00][sql] SHOW FULL COLUMNS FROM `yh_user` [ RunTime:0.002910s ]
[2020-10-26T08:59:01+08:00][sql] SELECT * FROM `yh_user` WHERE  `id` = 1 LIMIT 1 [ RunTime:0.000768s ]
[2020-10-26T08:59:01+08:00][sql] SHOW FULL COLUMNS FROM `yh_business` [ RunTime:0.001760s ]
[2020-10-26T08:59:01+08:00][sql] SELECT * FROM `yh_business` WHERE  `id` = 1 LIMIT 1 [ RunTime:0.000586s ]
[2020-10-26T08:59:01+08:00][sql] SHOW FULL COLUMNS FROM `yh_webpz` [ RunTime:0.002572s ]
[2020-10-26T08:59:01+08:00][sql] SELECT * FROM `yh_webpz` WHERE  `id` = 1 LIMIT 1 [ RunTime:0.000814s ]
[2020-10-26T08:59:01+08:00][sql] SHOW FULL COLUMNS FROM `yh_meal` [ RunTime:0.001907s ]
[2020-10-26T08:59:01+08:00][sql] SELECT * FROM `yh_meal` WHERE  `status` = 1  AND `type` = 2 ORDER BY `id` DESC [ RunTime:0.000676s ]
[2020-10-26T08:59:02+08:00][sql] CONNECT:[ UseTime:0.001681s ] mysql:host=127.0.0.1;port=3306;dbname=jifei;charset=utf8
[2020-10-26T08:59:02+08:00][sql] SHOW FULL COLUMNS FROM `yh_user` [ RunTime:0.002358s ]
[2020-10-26T08:59:02+08:00][sql] SELECT * FROM `yh_user` WHERE  `id` = 1 LIMIT 1 [ RunTime:0.000606s ]
[2020-10-26T08:59:02+08:00][sql] SHOW FULL COLUMNS FROM `yh_business` [ RunTime:0.001753s ]
[2020-10-26T08:59:02+08:00][sql] SELECT * FROM `yh_business` WHERE  `id` = 1 LIMIT 1 [ RunTime:0.000481s ]
[2020-10-26T08:59:02+08:00][sql] SHOW FULL COLUMNS FROM `yh_webpz` [ RunTime:0.003524s ]
[2020-10-26T08:59:02+08:00][sql] SELECT * FROM `yh_webpz` WHERE  `id` = 1 LIMIT 1 [ RunTime:0.001016s ]
[2020-10-26T08:59:02+08:00][sql] SHOW FULL COLUMNS FROM `yh_meal` [ RunTime:0.001851s ]
[2020-10-26T08:59:02+08:00][sql] SELECT * FROM `yh_meal` WHERE  `status` = 1  AND `type` = 1 ORDER BY `id` DESC [ RunTime:0.000590s ]
[2020-10-26T08:59:02+08:00][sql] CONNECT:[ UseTime:0.001560s ] mysql:host=127.0.0.1;port=3306;dbname=jifei;charset=utf8
[2020-10-26T08:59:02+08:00][sql] SHOW FULL COLUMNS FROM `yh_user` [ RunTime:0.002278s ]
[2020-10-26T08:59:02+08:00][sql] SELECT * FROM `yh_user` WHERE  `id` = 1 LIMIT 1 [ RunTime:0.000707s ]
[2020-10-26T08:59:02+08:00][sql] SHOW FULL COLUMNS FROM `yh_business` [ RunTime:0.001759s ]
[2020-10-26T08:59:02+08:00][sql] SELECT * FROM `yh_business` WHERE  `id` = 1 LIMIT 1 [ RunTime:0.000566s ]
[2020-10-26T08:59:02+08:00][sql] SHOW FULL COLUMNS FROM `yh_webpz` [ RunTime:0.001877s ]
[2020-10-26T08:59:02+08:00][sql] SELECT * FROM `yh_webpz` WHERE  `id` = 1 LIMIT 1 [ RunTime:0.000583s ]
[2020-10-26T08:59:03+08:00][sql] CONNECT:[ UseTime:0.001057s ] mysql:host=127.0.0.1;port=3306;dbname=jifei;charset=utf8
[2020-10-26T08:59:03+08:00][sql] SHOW FULL COLUMNS FROM `yh_user` [ RunTime:0.002114s ]
[2020-10-26T08:59:03+08:00][sql] SELECT * FROM `yh_user` WHERE  `id` = 1 LIMIT 1 [ RunTime:0.000713s ]
[2020-10-26T08:59:03+08:00][sql] SHOW FULL COLUMNS FROM `yh_business` [ RunTime:0.001693s ]
[2020-10-26T08:59:03+08:00][sql] SELECT * FROM `yh_business` WHERE  `id` = 1 LIMIT 1 [ RunTime:0.000569s ]
[2020-10-26T08:59:03+08:00][sql] SHOW FULL COLUMNS FROM `yh_webpz` [ RunTime:0.010668s ]
[2020-10-26T08:59:03+08:00][sql] SELECT * FROM `yh_webpz` WHERE  `id` = 1 LIMIT 1 [ RunTime:0.003881s ]
[2020-10-26T08:59:04+08:00][sql] CONNECT:[ UseTime:0.015124s ] mysql:host=127.0.0.1;port=3306;dbname=jifei;charset=utf8
[2020-10-26T08:59:04+08:00][sql] SHOW FULL COLUMNS FROM `yh_user` [ RunTime:0.002590s ]
[2020-10-26T08:59:04+08:00][sql] SELECT * FROM `yh_user` WHERE  `id` = 1 LIMIT 1 [ RunTime:0.000673s ]
[2020-10-26T08:59:04+08:00][sql] SHOW FULL COLUMNS FROM `yh_business` [ RunTime:0.002110s ]
[2020-10-26T08:59:04+08:00][sql] SELECT * FROM `yh_business` WHERE  `id` = 1 LIMIT 1 [ RunTime:0.000579s ]
[2020-10-26T08:59:04+08:00][sql] SHOW FULL COLUMNS FROM `yh_webpz` [ RunTime:0.002166s ]
[2020-10-26T08:59:04+08:00][sql] SELECT * FROM `yh_webpz` WHERE  `id` = 1 LIMIT 1 [ RunTime:0.000602s ]
[2020-10-26T08:59:05+08:00][sql] CONNECT:[ UseTime:0.001148s ] mysql:host=127.0.0.1;port=3306;dbname=jifei;charset=utf8
[2020-10-26T08:59:05+08:00][sql] SHOW FULL COLUMNS FROM `yh_user` [ RunTime:0.002781s ]
[2020-10-26T08:59:05+08:00][sql] SELECT * FROM `yh_user` WHERE  `id` = 1 LIMIT 1 [ RunTime:0.000665s ]
[2020-10-26T08:59:05+08:00][sql] SHOW FULL COLUMNS FROM `yh_business` [ RunTime:0.001940s ]
[2020-10-26T08:59:05+08:00][sql] SELECT * FROM `yh_business` WHERE  `id` = 1 LIMIT 1 [ RunTime:0.000642s ]
[2020-10-26T08:59:05+08:00][sql] SHOW FULL COLUMNS FROM `yh_webpz` [ RunTime:0.002192s ]
[2020-10-26T08:59:05+08:00][sql] SELECT * FROM `yh_webpz` WHERE  `id` = 1 LIMIT 1 [ RunTime:0.000804s ]
[2020-10-26T08:59:05+08:00][sql] CONNECT:[ UseTime:0.001121s ] mysql:host=127.0.0.1;port=3306;dbname=jifei;charset=utf8
[2020-10-26T08:59:05+08:00][sql] SHOW FULL COLUMNS FROM `yh_user` [ RunTime:0.004015s ]
[2020-10-26T08:59:05+08:00][sql] SELECT * FROM `yh_user` WHERE  `id` = 1 LIMIT 1 [ RunTime:0.000680s ]
[2020-10-26T08:59:05+08:00][sql] SHOW FULL COLUMNS FROM `yh_business` [ RunTime:0.002732s ]
[2020-10-26T08:59:05+08:00][sql] SELECT * FROM `yh_business` WHERE  `id` = 1 LIMIT 1 [ RunTime:0.000690s ]
[2020-10-26T08:59:05+08:00][sql] SHOW FULL COLUMNS FROM `yh_webpz` [ RunTime:0.002113s ]
[2020-10-26T08:59:05+08:00][sql] SELECT * FROM `yh_webpz` WHERE  `id` = 1 LIMIT 1 [ RunTime:0.001359s ]
[2020-10-26T08:59:06+08:00][sql] CONNECT:[ UseTime:0.001001s ] mysql:host=127.0.0.1;port=3306;dbname=jifei;charset=utf8
[2020-10-26T08:59:06+08:00][sql] SHOW FULL COLUMNS FROM `yh_user` [ RunTime:0.002553s ]
[2020-10-26T08:59:06+08:00][sql] SELECT * FROM `yh_user` WHERE  `id` = 1 LIMIT 1 [ RunTime:0.000574s ]
[2020-10-26T08:59:06+08:00][sql] SHOW FULL COLUMNS FROM `yh_business` [ RunTime:0.006778s ]
[2020-10-26T08:59:06+08:00][sql] SELECT * FROM `yh_business` WHERE  `id` = 1 LIMIT 1 [ RunTime:0.000871s ]
[2020-10-26T08:59:06+08:00][sql] SHOW FULL COLUMNS FROM `yh_webpz` [ RunTime:0.002619s ]
[2020-10-26T08:59:06+08:00][sql] SELECT * FROM `yh_webpz` WHERE  `id` = 1 LIMIT 1 [ RunTime:0.000864s ]
[2020-10-26T08:59:06+08:00][sql] SHOW FULL COLUMNS FROM `yh_meal` [ RunTime:0.002226s ]
[2020-10-26T08:59:06+08:00][sql] SELECT * FROM `yh_meal` WHERE  `status` = 1  AND `type` = 1 ORDER BY `id` DESC [ RunTime:0.000842s ]
[2020-10-26T08:59:06+08:00][sql] CONNECT:[ UseTime:0.001114s ] mysql:host=127.0.0.1;port=3306;dbname=jifei;charset=utf8
[2020-10-26T08:59:06+08:00][sql] SHOW FULL COLUMNS FROM `yh_user` [ RunTime:0.003438s ]
[2020-10-26T08:59:06+08:00][sql] SELECT * FROM `yh_user` WHERE  `id` = 1 LIMIT 1 [ RunTime:0.000821s ]
[2020-10-26T08:59:06+08:00][sql] SHOW FULL COLUMNS FROM `yh_business` [ RunTime:0.002791s ]
[2020-10-26T08:59:06+08:00][sql] SELECT * FROM `yh_business` WHERE  `id` = 1 LIMIT 1 [ RunTime:0.000859s ]
[2020-10-26T08:59:06+08:00][sql] SHOW FULL COLUMNS FROM `yh_webpz` [ RunTime:0.002357s ]
[2020-10-26T08:59:06+08:00][sql] SELECT * FROM `yh_webpz` WHERE  `id` = 1 LIMIT 1 [ RunTime:0.000914s ]
[2020-10-26T08:59:07+08:00][sql] CONNECT:[ UseTime:0.001165s ] mysql:host=127.0.0.1;port=3306;dbname=jifei;charset=utf8
[2020-10-26T08:59:07+08:00][sql] SHOW FULL COLUMNS FROM `yh_user` [ RunTime:0.002546s ]
[2020-10-26T08:59:07+08:00][sql] SELECT * FROM `yh_user` WHERE  `id` = 1 LIMIT 1 [ RunTime:0.000662s ]
[2020-10-26T08:59:07+08:00][sql] SHOW FULL COLUMNS FROM `yh_business` [ RunTime:0.002031s ]
[2020-10-26T08:59:07+08:00][sql] SELECT * FROM `yh_business` WHERE  `id` = 1 LIMIT 1 [ RunTime:0.001346s ]
[2020-10-26T08:59:07+08:00][sql] SHOW FULL COLUMNS FROM `yh_webpz` [ RunTime:0.002001s ]
[2020-10-26T08:59:07+08:00][sql] SELECT * FROM `yh_webpz` WHERE  `id` = 1 LIMIT 1 [ RunTime:0.000602s ]
[2020-10-26T08:59:08+08:00][sql] CONNECT:[ UseTime:0.004162s ] mysql:host=127.0.0.1;port=3306;dbname=jifei;charset=utf8
[2020-10-26T08:59:08+08:00][sql] SHOW FULL COLUMNS FROM `yh_user` [ RunTime:0.005529s ]
[2020-10-26T08:59:08+08:00][sql] SELECT * FROM `yh_user` WHERE  `id` = 1 LIMIT 1 [ RunTime:0.002185s ]
[2020-10-26T08:59:08+08:00][sql] SHOW FULL COLUMNS FROM `yh_business` [ RunTime:0.002112s ]
[2020-10-26T08:59:08+08:00][sql] SELECT * FROM `yh_business` WHERE  `id` = 1 LIMIT 1 [ RunTime:0.000721s ]
[2020-10-26T08:59:08+08:00][sql] SHOW FULL COLUMNS FROM `yh_webpz` [ RunTime:0.001849s ]
[2020-10-26T08:59:08+08:00][sql] SELECT * FROM `yh_webpz` WHERE  `id` = 1 LIMIT 1 [ RunTime:0.000618s ]
[2020-10-26T10:33:03+08:00][sql] CONNECT:[ UseTime:0.001388s ] mysql:host=127.0.0.1;port=3306;dbname=jifei;charset=utf8
[2020-10-26T10:33:03+08:00][sql] SHOW FULL COLUMNS FROM `yh_webpz` [ RunTime:0.002612s ]
[2020-10-26T10:33:03+08:00][sql] SELECT * FROM `yh_webpz` WHERE  `id` = 1 LIMIT 1 [ RunTime:0.000902s ]
[2020-10-26T10:33:41+08:00][sql] CONNECT:[ UseTime:0.002347s ] mysql:host=127.0.0.1;port=3306;dbname=jifei;charset=utf8
[2020-10-26T10:33:41+08:00][sql] SHOW FULL COLUMNS FROM `yh_webpz` [ RunTime:0.002776s ]
[2020-10-26T10:33:41+08:00][sql] SELECT * FROM `yh_webpz` WHERE  `id` = 1 LIMIT 1 [ RunTime:0.000950s ]
[2020-10-26T10:35:30+08:00][sql] CONNECT:[ UseTime:0.003352s ] mysql:host=127.0.0.1;port=3306;dbname=jifei;charset=utf8
[2020-10-26T10:35:30+08:00][sql] SHOW FULL COLUMNS FROM `yh_webpz` [ RunTime:0.006782s ]
[2020-10-26T10:35:30+08:00][sql] SELECT * FROM `yh_webpz` WHERE  `id` = 1 LIMIT 1 [ RunTime:0.001731s ]
[2020-10-26T10:35:36+08:00][sql] CONNECT:[ UseTime:0.001467s ] mysql:host=127.0.0.1;port=3306;dbname=jifei;charset=utf8
[2020-10-26T10:35:36+08:00][sql] SHOW FULL COLUMNS FROM `yh_webpz` [ RunTime:0.004678s ]
[2020-10-26T10:35:36+08:00][sql] SELECT * FROM `yh_webpz` WHERE  `id` = 1 LIMIT 1 [ RunTime:0.001596s ]
[2020-10-26T10:35:36+08:00][sql] SHOW FULL COLUMNS FROM `yh_user` [ RunTime:0.004412s ]
[2020-10-26T10:35:36+08:00][sql] SELECT * FROM `yh_user` WHERE  `username` = 'admin'  AND `password` = 'e10adc3949ba59abbe56e057f20f883e' LIMIT 1 [ RunTime:0.001113s ]
[2020-10-26T10:35:36+08:00][sql] CONNECT:[ UseTime:0.001922s ] mysql:host=127.0.0.1;port=3306;dbname=jifei;charset=utf8
[2020-10-26T10:35:36+08:00][sql] SHOW FULL COLUMNS FROM `yh_user` [ RunTime:0.003579s ]
[2020-10-26T10:35:36+08:00][sql] SELECT * FROM `yh_user` WHERE  `id` = 1 LIMIT 1 [ RunTime:0.000989s ]
[2020-10-26T10:35:36+08:00][sql] SHOW FULL COLUMNS FROM `yh_business` [ RunTime:0.002124s ]
[2020-10-26T10:35:36+08:00][sql] SELECT * FROM `yh_business` WHERE  `id` = 1 LIMIT 1 [ RunTime:0.000676s ]
[2020-10-26T10:35:36+08:00][sql] SHOW FULL COLUMNS FROM `yh_webpz` [ RunTime:0.001821s ]
[2020-10-26T10:35:36+08:00][sql] SELECT * FROM `yh_webpz` WHERE  `id` = 1 LIMIT 1 [ RunTime:0.000884s ]
[2020-10-26T10:35:43+08:00][sql] CONNECT:[ UseTime:0.004112s ] mysql:host=127.0.0.1;port=3306;dbname=jifei;charset=utf8
[2020-10-26T10:35:43+08:00][sql] SHOW FULL COLUMNS FROM `yh_user` [ RunTime:0.003527s ]
[2020-10-26T10:35:43+08:00][sql] SELECT * FROM `yh_user` WHERE  `id` = 1 LIMIT 1 [ RunTime:0.000828s ]
[2020-10-26T10:35:43+08:00][sql] SHOW FULL COLUMNS FROM `yh_business` [ RunTime:0.002850s ]
[2020-10-26T10:35:43+08:00][sql] SELECT * FROM `yh_business` WHERE  `id` = 1 LIMIT 1 [ RunTime:0.000671s ]
[2020-10-26T10:35:43+08:00][sql] SHOW FULL COLUMNS FROM `yh_webpz` [ RunTime:0.002813s ]
[2020-10-26T10:35:43+08:00][sql] SELECT * FROM `yh_webpz` WHERE  `id` = 1 LIMIT 1 [ RunTime:0.000977s ]
[2020-10-26T10:35:51+08:00][sql] CONNECT:[ UseTime:0.000945s ] mysql:host=127.0.0.1;port=3306;dbname=jifei;charset=utf8
[2020-10-26T10:35:51+08:00][sql] SHOW FULL COLUMNS FROM `yh_user` [ RunTime:0.001974s ]
[2020-10-26T10:35:51+08:00][sql] SELECT * FROM `yh_user` WHERE  `id` = 1 LIMIT 1 [ RunTime:0.000522s ]
[2020-10-26T10:35:51+08:00][sql] SHOW FULL COLUMNS FROM `yh_business` [ RunTime:0.002130s ]
[2020-10-26T10:35:51+08:00][sql] SELECT * FROM `yh_business` WHERE  `id` = 1 LIMIT 1 [ RunTime:0.000735s ]
[2020-10-26T10:35:51+08:00][sql] SHOW FULL COLUMNS FROM `yh_webpz` [ RunTime:0.001943s ]
[2020-10-26T10:35:51+08:00][sql] SELECT * FROM `yh_webpz` WHERE  `id` = 1 LIMIT 1 [ RunTime:0.000772s ]
[2020-10-26T10:35:52+08:00][sql] CONNECT:[ UseTime:0.001325s ] mysql:host=127.0.0.1;port=3306;dbname=jifei;charset=utf8
[2020-10-26T10:35:52+08:00][sql] SHOW FULL COLUMNS FROM `yh_user` [ RunTime:0.003387s ]
[2020-10-26T10:35:52+08:00][sql] SELECT * FROM `yh_user` WHERE  `id` = 1 LIMIT 1 [ RunTime:0.005642s ]
[2020-10-26T10:35:52+08:00][sql] SHOW FULL COLUMNS FROM `yh_business` [ RunTime:0.002410s ]
[2020-10-26T10:35:52+08:00][sql] SELECT * FROM `yh_business` WHERE  `id` = 1 LIMIT 1 [ RunTime:0.000685s ]
[2020-10-26T10:35:52+08:00][sql] SHOW FULL COLUMNS FROM `yh_webpz` [ RunTime:0.002330s ]
[2020-10-26T10:35:52+08:00][sql] SELECT * FROM `yh_webpz` WHERE  `id` = 1 LIMIT 1 [ RunTime:0.000763s ]
[2020-10-26T10:35:52+08:00][sql] SHOW FULL COLUMNS FROM `yh_meal` [ RunTime:0.001986s ]
[2020-10-26T10:35:52+08:00][sql] SELECT * FROM `yh_meal` WHERE  `status` = 1  AND `type` = 1 ORDER BY `id` DESC [ RunTime:0.000913s ]
[2020-10-26T10:35:53+08:00][sql] CONNECT:[ UseTime:0.007913s ] mysql:host=127.0.0.1;port=3306;dbname=jifei;charset=utf8
[2020-10-26T10:35:53+08:00][sql] SHOW FULL COLUMNS FROM `yh_user` [ RunTime:0.006147s ]
[2020-10-26T10:35:53+08:00][sql] SELECT * FROM `yh_user` WHERE  `id` = 1 LIMIT 1 [ RunTime:0.003191s ]
[2020-10-26T10:35:53+08:00][sql] SHOW FULL COLUMNS FROM `yh_business` [ RunTime:0.004164s ]
[2020-10-26T10:35:53+08:00][sql] SELECT * FROM `yh_business` WHERE  `id` = 1 LIMIT 1 [ RunTime:0.000748s ]
[2020-10-26T10:35:53+08:00][sql] SHOW FULL COLUMNS FROM `yh_webpz` [ RunTime:0.004641s ]
[2020-10-26T10:35:53+08:00][sql] SELECT * FROM `yh_webpz` WHERE  `id` = 1 LIMIT 1 [ RunTime:0.000859s ]
[2020-10-26T10:35:53+08:00][sql] SHOW FULL COLUMNS FROM `yh_meal` [ RunTime:0.002979s ]
[2020-10-26T10:35:53+08:00][sql] SELECT * FROM `yh_meal` WHERE  `status` = 1  AND `type` = 2 ORDER BY `id` DESC [ RunTime:0.001098s ]
[2020-10-26T10:35:54+08:00][sql] CONNECT:[ UseTime:0.001850s ] mysql:host=127.0.0.1;port=3306;dbname=jifei;charset=utf8
[2020-10-26T10:35:54+08:00][sql] SHOW FULL COLUMNS FROM `yh_user` [ RunTime:0.002610s ]
[2020-10-26T10:35:54+08:00][sql] SELECT * FROM `yh_user` WHERE  `id` = 1 LIMIT 1 [ RunTime:0.000811s ]
[2020-10-26T10:35:54+08:00][sql] SHOW FULL COLUMNS FROM `yh_business` [ RunTime:0.003016s ]
[2020-10-26T10:35:54+08:00][sql] SELECT * FROM `yh_business` WHERE  `id` = 1 LIMIT 1 [ RunTime:0.001066s ]
[2020-10-26T10:35:54+08:00][sql] SHOW FULL COLUMNS FROM `yh_webpz` [ RunTime:0.002455s ]
[2020-10-26T10:35:54+08:00][sql] SELECT * FROM `yh_webpz` WHERE  `id` = 1 LIMIT 1 [ RunTime:0.000779s ]
[2020-10-26T10:35:54+08:00][sql] SHOW FULL COLUMNS FROM `yh_meal` [ RunTime:0.001949s ]
[2020-10-26T10:35:54+08:00][sql] SELECT * FROM `yh_meal` WHERE  `status` = 1  AND `type` = 1 ORDER BY `id` DESC [ RunTime:0.001332s ]
[2020-10-26T10:35:57+08:00][sql] CONNECT:[ UseTime:0.001832s ] mysql:host=127.0.0.1;port=3306;dbname=jifei;charset=utf8
[2020-10-26T10:35:57+08:00][sql] SHOW FULL COLUMNS FROM `yh_user` [ RunTime:0.003089s ]
[2020-10-26T10:35:57+08:00][sql] SELECT * FROM `yh_user` WHERE  `id` = 1 LIMIT 1 [ RunTime:0.000735s ]
[2020-10-26T10:35:57+08:00][sql] SHOW FULL COLUMNS FROM `yh_business` [ RunTime:0.002256s ]
[2020-10-26T10:35:57+08:00][sql] SELECT * FROM `yh_business` WHERE  `id` = 1 LIMIT 1 [ RunTime:0.001884s ]
[2020-10-26T10:35:57+08:00][sql] SHOW FULL COLUMNS FROM `yh_webpz` [ RunTime:0.003583s ]
[2020-10-26T10:35:57+08:00][sql] SELECT * FROM `yh_webpz` WHERE  `id` = 1 LIMIT 1 [ RunTime:0.000876s ]
[2020-10-26T10:35:59+08:00][sql] CONNECT:[ UseTime:0.001529s ] mysql:host=127.0.0.1;port=3306;dbname=jifei;charset=utf8
[2020-10-26T10:35:59+08:00][sql] SHOW FULL COLUMNS FROM `yh_user` [ RunTime:0.002465s ]
[2020-10-26T10:35:59+08:00][sql] SELECT * FROM `yh_user` WHERE  `id` = 1 LIMIT 1 [ RunTime:0.000994s ]
[2020-10-26T10:35:59+08:00][sql] SHOW FULL COLUMNS FROM `yh_business` [ RunTime:0.006078s ]
[2020-10-26T10:35:59+08:00][sql] SELECT * FROM `yh_business` WHERE  `id` = 1 LIMIT 1 [ RunTime:0.001042s ]
[2020-10-26T10:35:59+08:00][sql] SHOW FULL COLUMNS FROM `yh_webpz` [ RunTime:0.005200s ]
[2020-10-26T10:35:59+08:00][sql] SELECT * FROM `yh_webpz` WHERE  `id` = 1 LIMIT 1 [ RunTime:0.001258s ]
[2020-10-26T10:35:59+08:00][sql] SHOW FULL COLUMNS FROM `yh_record` [ RunTime:0.004686s ]
[2020-10-26T10:35:59+08:00][sql] SELECT COUNT(*) AS think_count FROM `yh_record` WHERE  `uid` = 17043 [ RunTime:0.001081s ]
[2020-10-26T10:35:59+08:00][sql] SELECT * FROM `yh_record` WHERE  `uid` = 17043 ORDER BY `id` DESC LIMIT 0,10 [ RunTime:0.000930s ]
[2020-10-26T10:36:00+08:00][sql] CONNECT:[ UseTime:0.001068s ] mysql:host=127.0.0.1;port=3306;dbname=jifei;charset=utf8
[2020-10-26T10:36:00+08:00][sql] SHOW FULL COLUMNS FROM `yh_user` [ RunTime:0.004001s ]
[2020-10-26T10:36:00+08:00][sql] SELECT * FROM `yh_user` WHERE  `id` = 1 LIMIT 1 [ RunTime:0.000565s ]
[2020-10-26T10:36:00+08:00][sql] SHOW FULL COLUMNS FROM `yh_business` [ RunTime:0.001854s ]
[2020-10-26T10:36:00+08:00][sql] SELECT * FROM `yh_business` WHERE  `id` = 1 LIMIT 1 [ RunTime:0.000464s ]
[2020-10-26T10:36:00+08:00][sql] SHOW FULL COLUMNS FROM `yh_webpz` [ RunTime:0.001790s ]
[2020-10-26T10:36:00+08:00][sql] SELECT * FROM `yh_webpz` WHERE  `id` = 1 LIMIT 1 [ RunTime:0.000543s ]
[2020-10-26T10:36:01+08:00][sql] CONNECT:[ UseTime:0.001536s ] mysql:host=127.0.0.1;port=3306;dbname=jifei;charset=utf8
[2020-10-26T10:36:01+08:00][sql] SHOW FULL COLUMNS FROM `yh_user` [ RunTime:0.002508s ]
[2020-10-26T10:36:01+08:00][sql] SELECT * FROM `yh_user` WHERE  `id` = 1 LIMIT 1 [ RunTime:0.000940s ]
[2020-10-26T10:36:01+08:00][sql] SHOW FULL COLUMNS FROM `yh_business` [ RunTime:0.001619s ]
[2020-10-26T10:36:01+08:00][sql] SELECT * FROM `yh_business` WHERE  `id` = 1 LIMIT 1 [ RunTime:0.000671s ]
[2020-10-26T10:36:01+08:00][sql] SHOW FULL COLUMNS FROM `yh_webpz` [ RunTime:0.002818s ]
[2020-10-26T10:36:01+08:00][sql] SELECT * FROM `yh_webpz` WHERE  `id` = 1 LIMIT 1 [ RunTime:0.000883s ]
[2020-10-26T10:36:08+08:00][sql] CONNECT:[ UseTime:0.002626s ] mysql:host=127.0.0.1;port=3306;dbname=jifei;charset=utf8
[2020-10-26T10:36:08+08:00][sql] SHOW FULL COLUMNS FROM `yh_user` [ RunTime:0.005939s ]
[2020-10-26T10:36:08+08:00][sql] SELECT * FROM `yh_user` WHERE  `id` = 1 LIMIT 1 [ RunTime:0.001430s ]
[2020-10-26T10:36:08+08:00][sql] SHOW FULL COLUMNS FROM `yh_business` [ RunTime:0.002227s ]
[2020-10-26T10:36:08+08:00][sql] SELECT * FROM `yh_business` WHERE  `id` = 1 LIMIT 1 [ RunTime:0.000753s ]
[2020-10-26T10:36:08+08:00][sql] SHOW FULL COLUMNS FROM `yh_webpz` [ RunTime:0.002130s ]
[2020-10-26T10:36:08+08:00][sql] SELECT * FROM `yh_webpz` WHERE  `id` = 1 LIMIT 1 [ RunTime:0.000738s ]
[2020-10-26T10:36:18+08:00][sql] CONNECT:[ UseTime:0.001118s ] mysql:host=127.0.0.1;port=3306;dbname=jifei;charset=utf8
[2020-10-26T10:36:18+08:00][sql] SHOW FULL COLUMNS FROM `yh_user` [ RunTime:0.002586s ]
[2020-10-26T10:36:18+08:00][sql] SELECT * FROM `yh_user` WHERE  `id` = 1 LIMIT 1 [ RunTime:0.000825s ]
[2020-10-26T10:36:18+08:00][sql] SHOW FULL COLUMNS FROM `yh_business` [ RunTime:0.003206s ]
[2020-10-26T10:36:18+08:00][sql] SELECT * FROM `yh_business` WHERE  `id` = 1 LIMIT 1 [ RunTime:0.000641s ]
[2020-10-26T10:36:18+08:00][sql] SHOW FULL COLUMNS FROM `yh_webpz` [ RunTime:0.002240s ]
[2020-10-26T10:36:18+08:00][sql] SELECT * FROM `yh_webpz` WHERE  `id` = 1 LIMIT 1 [ RunTime:0.000686s ]
[2020-10-26T10:36:19+08:00][sql] CONNECT:[ UseTime:0.001029s ] mysql:host=127.0.0.1;port=3306;dbname=jifei;charset=utf8
[2020-10-26T10:36:19+08:00][sql] SHOW FULL COLUMNS FROM `yh_user` [ RunTime:0.002412s ]
[2020-10-26T10:36:19+08:00][sql] SELECT * FROM `yh_user` WHERE  `id` = 1 LIMIT 1 [ RunTime:0.000989s ]
[2020-10-26T10:36:19+08:00][sql] SHOW FULL COLUMNS FROM `yh_business` [ RunTime:0.002180s ]
[2020-10-26T10:36:19+08:00][sql] SELECT * FROM `yh_business` WHERE  `id` = 1 LIMIT 1 [ RunTime:0.000573s ]
[2020-10-26T10:36:19+08:00][sql] SHOW FULL COLUMNS FROM `yh_webpz` [ RunTime:0.001968s ]
[2020-10-26T10:36:19+08:00][sql] SELECT * FROM `yh_webpz` WHERE  `id` = 1 LIMIT 1 [ RunTime:0.007317s ]
[2020-10-26T10:36:42+08:00][sql] CONNECT:[ UseTime:0.001270s ] mysql:host=127.0.0.1;port=3306;dbname=jifei;charset=utf8
[2020-10-26T10:36:42+08:00][sql] SHOW FULL COLUMNS FROM `yh_user` [ RunTime:0.002796s ]
[2020-10-26T10:36:42+08:00][sql] SELECT * FROM `yh_user` WHERE  `id` = 1 LIMIT 1 [ RunTime:0.001157s ]
[2020-10-26T10:36:42+08:00][sql] SHOW FULL COLUMNS FROM `yh_business` [ RunTime:0.004653s ]
[2020-10-26T10:36:42+08:00][sql] SELECT * FROM `yh_business` WHERE  `id` = 1 LIMIT 1 [ RunTime:0.000758s ]
[2020-10-26T10:36:42+08:00][sql] SHOW FULL COLUMNS FROM `yh_webpz` [ RunTime:0.004445s ]
[2020-10-26T10:36:42+08:00][sql] SELECT * FROM `yh_webpz` WHERE  `id` = 1 LIMIT 1 [ RunTime:0.000596s ]
[2020-10-26T10:36:44+08:00][sql] CONNECT:[ UseTime:0.001137s ] mysql:host=127.0.0.1;port=3306;dbname=jifei;charset=utf8
[2020-10-26T10:36:44+08:00][sql] SHOW FULL COLUMNS FROM `yh_user` [ RunTime:0.002573s ]
[2020-10-26T10:36:44+08:00][sql] SELECT * FROM `yh_user` WHERE  `id` = 1 LIMIT 1 [ RunTime:0.000728s ]
[2020-10-26T10:36:44+08:00][sql] SHOW FULL COLUMNS FROM `yh_business` [ RunTime:0.001899s ]
[2020-10-26T10:36:44+08:00][sql] SELECT * FROM `yh_business` WHERE  `id` = 1 LIMIT 1 [ RunTime:0.000563s ]
[2020-10-26T10:36:44+08:00][sql] SHOW FULL COLUMNS FROM `yh_webpz` [ RunTime:0.001966s ]
[2020-10-26T10:36:44+08:00][sql] SELECT * FROM `yh_webpz` WHERE  `id` = 1 LIMIT 1 [ RunTime:0.000592s ]
[2020-10-26T10:36:45+08:00][sql] CONNECT:[ UseTime:0.004133s ] mysql:host=127.0.0.1;port=3306;dbname=jifei;charset=utf8
[2020-10-26T10:36:45+08:00][sql] SHOW FULL COLUMNS FROM `yh_user` [ RunTime:0.006250s ]
[2020-10-26T10:36:45+08:00][sql] SELECT * FROM `yh_user` WHERE  `id` = 1 LIMIT 1 [ RunTime:0.013172s ]
[2020-10-26T10:36:45+08:00][sql] SHOW FULL COLUMNS FROM `yh_business` [ RunTime:0.002265s ]
[2020-10-26T10:36:45+08:00][sql] SELECT * FROM `yh_business` WHERE  `id` = 1 LIMIT 1 [ RunTime:0.000556s ]
[2020-10-26T10:36:45+08:00][sql] SHOW FULL COLUMNS FROM `yh_webpz` [ RunTime:0.002132s ]
[2020-10-26T10:36:45+08:00][sql] SELECT * FROM `yh_webpz` WHERE  `id` = 1 LIMIT 1 [ RunTime:0.000658s ]
[2020-10-26T10:36:46+08:00][sql] CONNECT:[ UseTime:0.001101s ] mysql:host=127.0.0.1;port=3306;dbname=jifei;charset=utf8
[2020-10-26T10:36:46+08:00][sql] SHOW FULL COLUMNS FROM `yh_user` [ RunTime:0.002820s ]
[2020-10-26T10:36:46+08:00][sql] SELECT * FROM `yh_user` WHERE  `id` = 1 LIMIT 1 [ RunTime:0.000749s ]
[2020-10-26T10:36:46+08:00][sql] SHOW FULL COLUMNS FROM `yh_business` [ RunTime:0.001680s ]
[2020-10-26T10:36:46+08:00][sql] SELECT * FROM `yh_business` WHERE  `id` = 1 LIMIT 1 [ RunTime:0.012062s ]
[2020-10-26T10:36:46+08:00][sql] SHOW FULL COLUMNS FROM `yh_webpz` [ RunTime:0.002262s ]
[2020-10-26T10:36:46+08:00][sql] SELECT * FROM `yh_webpz` WHERE  `id` = 1 LIMIT 1 [ RunTime:0.000590s ]
[2020-10-26T10:36:46+08:00][sql] CONNECT:[ UseTime:0.001161s ] mysql:host=127.0.0.1;port=3306;dbname=jifei;charset=utf8
[2020-10-26T10:36:46+08:00][sql] SHOW FULL COLUMNS FROM `yh_user` [ RunTime:0.002296s ]
[2020-10-26T10:36:46+08:00][sql] SELECT * FROM `yh_user` WHERE  `id` = 1 LIMIT 1 [ RunTime:0.000770s ]
[2020-10-26T10:36:46+08:00][sql] SHOW FULL COLUMNS FROM `yh_business` [ RunTime:0.002591s ]
[2020-10-26T10:36:46+08:00][sql] SELECT * FROM `yh_business` WHERE  `id` = 1 LIMIT 1 [ RunTime:0.000591s ]
[2020-10-26T10:36:46+08:00][sql] SHOW FULL COLUMNS FROM `yh_webpz` [ RunTime:0.001638s ]
[2020-10-26T10:36:46+08:00][sql] SELECT * FROM `yh_webpz` WHERE  `id` = 1 LIMIT 1 [ RunTime:0.000637s ]
[2020-10-26T10:36:46+08:00][sql] SHOW FULL COLUMNS FROM `yh_record` [ RunTime:0.001543s ]
[2020-10-26T10:36:46+08:00][sql] SELECT COUNT(*) AS think_count FROM `yh_record` WHERE  `uid` = 17043 [ RunTime:0.000569s ]
[2020-10-26T10:36:46+08:00][sql] SELECT * FROM `yh_record` WHERE  `uid` = 17043 ORDER BY `id` DESC LIMIT 0,10 [ RunTime:0.000682s ]
[2020-10-26T10:36:47+08:00][sql] CONNECT:[ UseTime:0.001262s ] mysql:host=127.0.0.1;port=3306;dbname=jifei;charset=utf8
[2020-10-26T10:36:47+08:00][sql] SHOW FULL COLUMNS FROM `yh_user` [ RunTime:0.002976s ]
[2020-10-26T10:36:47+08:00][sql] SELECT * FROM `yh_user` WHERE  `id` = 1 LIMIT 1 [ RunTime:0.000856s ]
[2020-10-26T10:36:47+08:00][sql] SHOW FULL COLUMNS FROM `yh_business` [ RunTime:0.002263s ]
[2020-10-26T10:36:47+08:00][sql] SELECT * FROM `yh_business` WHERE  `id` = 1 LIMIT 1 [ RunTime:0.000702s ]
[2020-10-26T10:36:47+08:00][sql] SHOW FULL COLUMNS FROM `yh_webpz` [ RunTime:0.002275s ]
[2020-10-26T10:36:47+08:00][sql] SELECT * FROM `yh_webpz` WHERE  `id` = 1 LIMIT 1 [ RunTime:0.000745s ]
[2020-10-26T10:36:47+08:00][sql] SHOW FULL COLUMNS FROM `yh_meal` [ RunTime:0.002147s ]
[2020-10-26T10:36:47+08:00][sql] SELECT * FROM `yh_meal` WHERE  `status` = 1  AND `type` = 1 ORDER BY `id` DESC [ RunTime:0.001274s ]
[2020-10-26T10:38:14+08:00][sql] CONNECT:[ UseTime:0.004364s ] mysql:host=127.0.0.1;port=3306;dbname=jifei;charset=utf8
[2020-10-26T10:38:14+08:00][sql] SHOW FULL COLUMNS FROM `yh_user` [ RunTime:0.002481s ]
[2020-10-26T10:38:14+08:00][sql] SELECT * FROM `yh_user` WHERE  `id` = 1 LIMIT 1 [ RunTime:0.001220s ]
[2020-10-26T10:38:14+08:00][sql] SHOW FULL COLUMNS FROM `yh_business` [ RunTime:0.001932s ]
[2020-10-26T10:38:14+08:00][sql] SELECT * FROM `yh_business` WHERE  `id` = 1 LIMIT 1 [ RunTime:0.000798s ]
[2020-10-26T10:38:14+08:00][sql] SHOW FULL COLUMNS FROM `yh_webpz` [ RunTime:0.002159s ]
[2020-10-26T10:38:14+08:00][sql] SELECT * FROM `yh_webpz` WHERE  `id` = 1 LIMIT 1 [ RunTime:0.000967s ]
[2020-10-26T10:38:14+08:00][sql] SHOW FULL COLUMNS FROM `yh_meal` [ RunTime:0.001798s ]
[2020-10-26T10:38:14+08:00][sql] SELECT * FROM `yh_meal` WHERE  `status` = 1  AND `type` = 2 ORDER BY `id` DESC [ RunTime:0.000829s ]
[2020-10-26T10:38:14+08:00][sql] CONNECT:[ UseTime:0.001182s ] mysql:host=127.0.0.1;port=3306;dbname=jifei;charset=utf8
[2020-10-26T10:38:14+08:00][sql] SHOW FULL COLUMNS FROM `yh_user` [ RunTime:0.002891s ]
[2020-10-26T10:38:14+08:00][sql] SELECT * FROM `yh_user` WHERE  `id` = 1 LIMIT 1 [ RunTime:0.000808s ]
[2020-10-26T10:38:14+08:00][sql] SHOW FULL COLUMNS FROM `yh_business` [ RunTime:0.002211s ]
[2020-10-26T10:38:14+08:00][sql] SELECT * FROM `yh_business` WHERE  `id` = 1 LIMIT 1 [ RunTime:0.000581s ]
[2020-10-26T10:38:14+08:00][sql] SHOW FULL COLUMNS FROM `yh_webpz` [ RunTime:0.002121s ]
[2020-10-26T10:38:14+08:00][sql] SELECT * FROM `yh_webpz` WHERE  `id` = 1 LIMIT 1 [ RunTime:0.000628s ]
[2020-10-26T10:38:14+08:00][sql] SHOW FULL COLUMNS FROM `yh_meal` [ RunTime:0.002180s ]
[2020-10-26T10:38:14+08:00][sql] SELECT * FROM `yh_meal` WHERE  `status` = 1  AND `type` = 1 ORDER BY `id` DESC [ RunTime:0.000763s ]
[2020-10-26T10:38:17+08:00][sql] CONNECT:[ UseTime:0.001854s ] mysql:host=127.0.0.1;port=3306;dbname=jifei;charset=utf8
[2020-10-26T10:38:17+08:00][sql] SHOW FULL COLUMNS FROM `yh_user` [ RunTime:0.003095s ]
[2020-10-26T10:38:17+08:00][sql] SELECT * FROM `yh_user` WHERE  `id` = 1 LIMIT 1 [ RunTime:0.000933s ]
[2020-10-26T10:38:17+08:00][sql] SHOW FULL COLUMNS FROM `yh_business` [ RunTime:0.002647s ]
[2020-10-26T10:38:17+08:00][sql] SELECT * FROM `yh_business` WHERE  `id` = 1 LIMIT 1 [ RunTime:0.000763s ]
[2020-10-26T10:38:17+08:00][sql] SHOW FULL COLUMNS FROM `yh_webpz` [ RunTime:0.002348s ]
[2020-10-26T10:38:17+08:00][sql] SELECT * FROM `yh_webpz` WHERE  `id` = 1 LIMIT 1 [ RunTime:0.000735s ]
[2020-10-26T10:38:18+08:00][sql] CONNECT:[ UseTime:0.002648s ] mysql:host=127.0.0.1;port=3306;dbname=jifei;charset=utf8
[2020-10-26T10:38:18+08:00][sql] SHOW FULL COLUMNS FROM `yh_user` [ RunTime:0.014388s ]
[2020-10-26T10:38:18+08:00][sql] SELECT * FROM `yh_user` WHERE  `id` = 1 LIMIT 1 [ RunTime:0.000682s ]
[2020-10-26T10:38:18+08:00][sql] SHOW FULL COLUMNS FROM `yh_business` [ RunTime:0.002402s ]
[2020-10-26T10:38:18+08:00][sql] SELECT * FROM `yh_business` WHERE  `id` = 1 LIMIT 1 [ RunTime:0.000482s ]
[2020-10-26T10:38:18+08:00][sql] SHOW FULL COLUMNS FROM `yh_webpz` [ RunTime:0.003784s ]
[2020-10-26T10:38:18+08:00][sql] SELECT * FROM `yh_webpz` WHERE  `id` = 1 LIMIT 1 [ RunTime:0.001339s ]
[2020-10-26T10:38:18+08:00][sql] CONNECT:[ UseTime:0.001038s ] mysql:host=127.0.0.1;port=3306;dbname=jifei;charset=utf8
[2020-10-26T10:38:18+08:00][sql] SHOW FULL COLUMNS FROM `yh_user` [ RunTime:0.006137s ]
[2020-10-26T10:38:18+08:00][sql] SELECT * FROM `yh_user` WHERE  `id` = 1 LIMIT 1 [ RunTime:0.004310s ]
[2020-10-26T10:38:18+08:00][sql] SHOW FULL COLUMNS FROM `yh_business` [ RunTime:0.004839s ]
[2020-10-26T10:38:18+08:00][sql] SELECT * FROM `yh_business` WHERE  `id` = 1 LIMIT 1 [ RunTime:0.003334s ]
[2020-10-26T10:38:18+08:00][sql] SHOW FULL COLUMNS FROM `yh_webpz` [ RunTime:0.005726s ]
[2020-10-26T10:38:18+08:00][sql] SELECT * FROM `yh_webpz` WHERE  `id` = 1 LIMIT 1 [ RunTime:0.001202s ]
[2020-10-26T10:38:19+08:00][sql] CONNECT:[ UseTime:0.004487s ] mysql:host=127.0.0.1;port=3306;dbname=jifei;charset=utf8
[2020-10-26T10:38:19+08:00][sql] SHOW FULL COLUMNS FROM `yh_user` [ RunTime:0.005875s ]
[2020-10-26T10:38:19+08:00][sql] SELECT * FROM `yh_user` WHERE  `id` = 1 LIMIT 1 [ RunTime:0.000957s ]
[2020-10-26T10:38:19+08:00][sql] SHOW FULL COLUMNS FROM `yh_business` [ RunTime:0.009382s ]
[2020-10-26T10:38:19+08:00][sql] SELECT * FROM `yh_business` WHERE  `id` = 1 LIMIT 1 [ RunTime:0.000784s ]
[2020-10-26T10:38:19+08:00][sql] SHOW FULL COLUMNS FROM `yh_webpz` [ RunTime:0.003172s ]
[2020-10-26T10:38:19+08:00][sql] SELECT * FROM `yh_webpz` WHERE  `id` = 1 LIMIT 1 [ RunTime:0.000895s ]
[2020-10-26T10:38:19+08:00][sql] SHOW FULL COLUMNS FROM `yh_record` [ RunTime:0.002818s ]
[2020-10-26T10:38:19+08:00][sql] SELECT COUNT(*) AS think_count FROM `yh_record` WHERE  `uid` = 17043 [ RunTime:0.000813s ]
[2020-10-26T10:38:19+08:00][sql] SELECT * FROM `yh_record` WHERE  `uid` = 17043 ORDER BY `id` DESC LIMIT 0,10 [ RunTime:0.006682s ]
[2020-10-26T10:38:20+08:00][sql] CONNECT:[ UseTime:0.004463s ] mysql:host=127.0.0.1;port=3306;dbname=jifei;charset=utf8
[2020-10-26T10:38:20+08:00][sql] SHOW FULL COLUMNS FROM `yh_user` [ RunTime:0.007254s ]
[2020-10-26T10:38:20+08:00][sql] SELECT * FROM `yh_user` WHERE  `id` = 1 LIMIT 1 [ RunTime:0.004144s ]
[2020-10-26T10:38:20+08:00][sql] SHOW FULL COLUMNS FROM `yh_business` [ RunTime:0.014956s ]
[2020-10-26T10:38:20+08:00][sql] SELECT * FROM `yh_business` WHERE  `id` = 1 LIMIT 1 [ RunTime:0.000826s ]
[2020-10-26T10:38:20+08:00][sql] SHOW FULL COLUMNS FROM `yh_webpz` [ RunTime:0.002382s ]
[2020-10-26T10:38:20+08:00][sql] SELECT * FROM `yh_webpz` WHERE  `id` = 1 LIMIT 1 [ RunTime:0.000641s ]
[2020-10-26T10:38:21+08:00][sql] CONNECT:[ UseTime:0.002518s ] mysql:host=127.0.0.1;port=3306;dbname=jifei;charset=utf8
[2020-10-26T10:38:21+08:00][sql] SHOW FULL COLUMNS FROM `yh_user` [ RunTime:0.002577s ]
[2020-10-26T10:38:21+08:00][sql] SELECT * FROM `yh_user` WHERE  `id` = 1 LIMIT 1 [ RunTime:0.000736s ]
[2020-10-26T10:38:21+08:00][sql] SHOW FULL COLUMNS FROM `yh_business` [ RunTime:0.002006s ]
[2020-10-26T10:38:21+08:00][sql] SELECT * FROM `yh_business` WHERE  `id` = 1 LIMIT 1 [ RunTime:0.012428s ]
[2020-10-26T10:38:21+08:00][sql] SHOW FULL COLUMNS FROM `yh_webpz` [ RunTime:0.002704s ]
[2020-10-26T10:38:21+08:00][sql] SELECT * FROM `yh_webpz` WHERE  `id` = 1 LIMIT 1 [ RunTime:0.003999s ]
[2020-10-26T10:38:22+08:00][sql] CONNECT:[ UseTime:0.002922s ] mysql:host=127.0.0.1;port=3306;dbname=jifei;charset=utf8
[2020-10-26T10:38:22+08:00][sql] SHOW FULL COLUMNS FROM `yh_user` [ RunTime:0.002979s ]
[2020-10-26T10:38:22+08:00][sql] SELECT * FROM `yh_user` WHERE  `id` = 1 LIMIT 1 [ RunTime:0.000877s ]
[2020-10-26T10:38:22+08:00][sql] SHOW FULL COLUMNS FROM `yh_business` [ RunTime:0.003119s ]
[2020-10-26T10:38:22+08:00][sql] SELECT * FROM `yh_business` WHERE  `id` = 1 LIMIT 1 [ RunTime:0.000981s ]
[2020-10-26T10:38:22+08:00][sql] SHOW FULL COLUMNS FROM `yh_webpz` [ RunTime:0.003417s ]
[2020-10-26T10:38:22+08:00][sql] SELECT * FROM `yh_webpz` WHERE  `id` = 1 LIMIT 1 [ RunTime:0.000866s ]
[2020-10-26T10:38:25+08:00][sql] CONNECT:[ UseTime:0.001803s ] mysql:host=127.0.0.1;port=3306;dbname=jifei;charset=utf8
[2020-10-26T10:38:25+08:00][sql] SHOW FULL COLUMNS FROM `yh_user` [ RunTime:0.002841s ]
[2020-10-26T10:38:25+08:00][sql] SELECT * FROM `yh_user` WHERE  `id` = 1 LIMIT 1 [ RunTime:0.000925s ]
[2020-10-26T10:38:25+08:00][sql] SHOW FULL COLUMNS FROM `yh_business` [ RunTime:0.002333s ]
[2020-10-26T10:38:25+08:00][sql] SELECT * FROM `yh_business` WHERE  `id` = 1 LIMIT 1 [ RunTime:0.000821s ]
[2020-10-26T10:38:25+08:00][sql] SHOW FULL COLUMNS FROM `yh_webpz` [ RunTime:0.002329s ]
[2020-10-26T10:38:25+08:00][sql] SELECT * FROM `yh_webpz` WHERE  `id` = 1 LIMIT 1 [ RunTime:0.000767s ]
[2020-10-26T10:38:27+08:00][sql] CONNECT:[ UseTime:0.011161s ] mysql:host=127.0.0.1;port=3306;dbname=jifei;charset=utf8
[2020-10-26T10:38:27+08:00][sql] SHOW FULL COLUMNS FROM `yh_user` [ RunTime:0.010760s ]
[2020-10-26T10:38:27+08:00][sql] SELECT * FROM `yh_user` WHERE  `id` = 1 LIMIT 1 [ RunTime:0.010054s ]
[2020-10-26T10:38:27+08:00][sql] SHOW FULL COLUMNS FROM `yh_business` [ RunTime:0.002638s ]
[2020-10-26T10:38:27+08:00][sql] SELECT * FROM `yh_business` WHERE  `id` = 1 LIMIT 1 [ RunTime:0.000673s ]
[2020-10-26T10:38:27+08:00][sql] SHOW FULL COLUMNS FROM `yh_webpz` [ RunTime:0.002016s ]
[2020-10-26T10:38:27+08:00][sql] SELECT * FROM `yh_webpz` WHERE  `id` = 1 LIMIT 1 [ RunTime:0.001342s ]
[2020-10-26T10:38:48+08:00][sql] CONNECT:[ UseTime:0.001534s ] mysql:host=127.0.0.1;port=3306;dbname=jifei;charset=utf8
[2020-10-26T10:38:48+08:00][sql] SHOW FULL COLUMNS FROM `yh_user` [ RunTime:0.002027s ]
[2020-10-26T10:38:48+08:00][sql] SELECT * FROM `yh_user` WHERE  `id` = 1 LIMIT 1 [ RunTime:0.000748s ]
[2020-10-26T10:38:48+08:00][sql] SHOW FULL COLUMNS FROM `yh_business` [ RunTime:0.001555s ]
[2020-10-26T10:38:48+08:00][sql] SELECT * FROM `yh_business` WHERE  `id` = 1 LIMIT 1 [ RunTime:0.013652s ]
[2020-10-26T10:38:48+08:00][sql] SHOW FULL COLUMNS FROM `yh_webpz` [ RunTime:0.004197s ]
[2020-10-26T10:38:48+08:00][sql] SELECT * FROM `yh_webpz` WHERE  `id` = 1 LIMIT 1 [ RunTime:0.001201s ]
[2020-10-26T10:38:48+08:00][sql] CONNECT:[ UseTime:0.001268s ] mysql:host=127.0.0.1;port=3306;dbname=jifei;charset=utf8
[2020-10-26T10:38:48+08:00][sql] SHOW FULL COLUMNS FROM `yh_user` [ RunTime:0.002696s ]
[2020-10-26T10:38:48+08:00][sql] SELECT * FROM `yh_user` WHERE  `id` = 1 LIMIT 1 [ RunTime:0.000699s ]
[2020-10-26T10:38:48+08:00][sql] SHOW FULL COLUMNS FROM `yh_business` [ RunTime:0.002313s ]
[2020-10-26T10:38:48+08:00][sql] SELECT * FROM `yh_business` WHERE  `id` = 1 LIMIT 1 [ RunTime:0.000773s ]
[2020-10-26T10:38:48+08:00][sql] SHOW FULL COLUMNS FROM `yh_webpz` [ RunTime:0.002797s ]
[2020-10-26T10:38:48+08:00][sql] SELECT * FROM `yh_webpz` WHERE  `id` = 1 LIMIT 1 [ RunTime:0.000792s ]
[2020-10-26T10:38:49+08:00][sql] CONNECT:[ UseTime:0.001596s ] mysql:host=127.0.0.1;port=3306;dbname=jifei;charset=utf8
[2020-10-26T10:38:49+08:00][sql] SHOW FULL COLUMNS FROM `yh_user` [ RunTime:0.002290s ]
[2020-10-26T10:38:49+08:00][sql] SELECT * FROM `yh_user` WHERE  `id` = 1 LIMIT 1 [ RunTime:0.000974s ]
[2020-10-26T10:38:49+08:00][sql] SHOW FULL COLUMNS FROM `yh_business` [ RunTime:0.005151s ]
[2020-10-26T10:38:49+08:00][sql] SELECT * FROM `yh_business` WHERE  `id` = 1 LIMIT 1 [ RunTime:0.003933s ]
[2020-10-26T10:38:49+08:00][sql] SHOW FULL COLUMNS FROM `yh_webpz` [ RunTime:0.005189s ]
[2020-10-26T10:38:49+08:00][sql] SELECT * FROM `yh_webpz` WHERE  `id` = 1 LIMIT 1 [ RunTime:0.002753s ]
[2020-10-26T10:38:49+08:00][sql] SHOW FULL COLUMNS FROM `yh_meal` [ RunTime:0.003517s ]
[2020-10-26T10:38:49+08:00][sql] SELECT * FROM `yh_meal` WHERE  `status` = 1  AND `type` = 1 ORDER BY `id` DESC [ RunTime:0.000847s ]
[2020-10-26T10:38:49+08:00][sql] CONNECT:[ UseTime:0.004164s ] mysql:host=127.0.0.1;port=3306;dbname=jifei;charset=utf8
[2020-10-26T10:38:49+08:00][sql] SHOW FULL COLUMNS FROM `yh_user` [ RunTime:0.005754s ]
[2020-10-26T10:38:49+08:00][sql] SELECT * FROM `yh_user` WHERE  `id` = 1 LIMIT 1 [ RunTime:0.003463s ]
[2020-10-26T10:38:49+08:00][sql] SHOW FULL COLUMNS FROM `yh_business` [ RunTime:0.003657s ]
[2020-10-26T10:38:49+08:00][sql] SELECT * FROM `yh_business` WHERE  `id` = 1 LIMIT 1 [ RunTime:0.000759s ]
[2020-10-26T10:38:49+08:00][sql] SHOW FULL COLUMNS FROM `yh_webpz` [ RunTime:0.006624s ]
[2020-10-26T10:38:49+08:00][sql] SELECT * FROM `yh_webpz` WHERE  `id` = 1 LIMIT 1 [ RunTime:0.000761s ]
[2020-10-26T10:38:52+08:00][sql] CONNECT:[ UseTime:0.001190s ] mysql:host=127.0.0.1;port=3306;dbname=jifei;charset=utf8
[2020-10-26T10:38:52+08:00][sql] SHOW FULL COLUMNS FROM `yh_user` [ RunTime:0.002992s ]
[2020-10-26T10:38:52+08:00][sql] SELECT * FROM `yh_user` WHERE  `id` = 1 LIMIT 1 [ RunTime:0.001047s ]
[2020-10-26T10:38:52+08:00][sql] SHOW FULL COLUMNS FROM `yh_business` [ RunTime:0.002571s ]
[2020-10-26T10:38:52+08:00][sql] SELECT * FROM `yh_business` WHERE  `id` = 1 LIMIT 1 [ RunTime:0.000771s ]
[2020-10-26T10:38:52+08:00][sql] SHOW FULL COLUMNS FROM `yh_webpz` [ RunTime:0.002606s ]
[2020-10-26T10:38:52+08:00][sql] SELECT * FROM `yh_webpz` WHERE  `id` = 1 LIMIT 1 [ RunTime:0.002893s ]
[2020-10-26T10:38:52+08:00][sql] SHOW FULL COLUMNS FROM `yh_record` [ RunTime:0.006337s ]
[2020-10-26T10:38:52+08:00][sql] SELECT COUNT(*) AS think_count FROM `yh_record` WHERE  `uid` = 17043 [ RunTime:0.003308s ]
[2020-10-26T10:38:52+08:00][sql] SELECT * FROM `yh_record` WHERE  `uid` = 17043 ORDER BY `id` DESC LIMIT 0,10 [ RunTime:0.000674s ]
[2020-10-26T10:38:53+08:00][sql] CONNECT:[ UseTime:0.004385s ] mysql:host=127.0.0.1;port=3306;dbname=jifei;charset=utf8
[2020-10-26T10:38:53+08:00][sql] SHOW FULL COLUMNS FROM `yh_user` [ RunTime:0.003459s ]
[2020-10-26T10:38:53+08:00][sql] SELECT * FROM `yh_user` WHERE  `id` = 1 LIMIT 1 [ RunTime:0.000818s ]
[2020-10-26T10:38:53+08:00][sql] SHOW FULL COLUMNS FROM `yh_business` [ RunTime:0.002299s ]
[2020-10-26T10:38:53+08:00][sql] SELECT * FROM `yh_business` WHERE  `id` = 1 LIMIT 1 [ RunTime:0.000801s ]
[2020-10-26T10:38:53+08:00][sql] SHOW FULL COLUMNS FROM `yh_webpz` [ RunTime:0.002259s ]
[2020-10-26T10:38:53+08:00][sql] SELECT * FROM `yh_webpz` WHERE  `id` = 1 LIMIT 1 [ RunTime:0.000803s ]
[2020-10-26T10:38:56+08:00][sql] CONNECT:[ UseTime:0.001768s ] mysql:host=127.0.0.1;port=3306;dbname=jifei;charset=utf8
[2020-10-26T10:38:56+08:00][sql] SHOW FULL COLUMNS FROM `yh_user` [ RunTime:0.002593s ]
[2020-10-26T10:38:56+08:00][sql] SELECT * FROM `yh_user` WHERE  `id` = 1 LIMIT 1 [ RunTime:0.000703s ]
[2020-10-26T10:38:56+08:00][sql] SHOW FULL COLUMNS FROM `yh_business` [ RunTime:0.002008s ]
[2020-10-26T10:38:56+08:00][sql] SELECT * FROM `yh_business` WHERE  `id` = 1 LIMIT 1 [ RunTime:0.000587s ]
[2020-10-26T10:38:56+08:00][sql] SHOW FULL COLUMNS FROM `yh_webpz` [ RunTime:0.002129s ]
[2020-10-26T10:38:56+08:00][sql] SELECT * FROM `yh_webpz` WHERE  `id` = 1 LIMIT 1 [ RunTime:0.000828s ]
[2020-10-26T11:21:34+08:00][sql] CONNECT:[ UseTime:0.002010s ] mysql:host=127.0.0.1;port=3306;dbname=jifei;charset=utf8
[2020-10-26T11:21:34+08:00][sql] SHOW FULL COLUMNS FROM `yh_webpz` [ RunTime:0.004799s ]
[2020-10-26T11:21:34+08:00][sql] SELECT * FROM `yh_webpz` WHERE  `id` = 1 LIMIT 1 [ RunTime:0.000861s ]
[2020-10-26T18:30:53+08:00][sql] CONNECT:[ UseTime:0.003908s ] mysql:host=127.0.0.1;port=3306;dbname=jifei;charset=utf8
[2020-10-26T18:30:53+08:00][sql] SHOW FULL COLUMNS FROM `yh_webpz` [ RunTime:0.003191s ]
[2020-10-26T18:30:53+08:00][sql] SELECT * FROM `yh_webpz` WHERE  `id` = 1 LIMIT 1 [ RunTime:0.001064s ]
[2020-10-26T20:04:05+08:00][sql] CONNECT:[ UseTime:0.001737s ] mysql:host=127.0.0.1;port=3306;dbname=jifei;charset=utf8
[2020-10-26T20:04:05+08:00][sql] SHOW FULL COLUMNS FROM `yh_webpz` [ RunTime:0.003484s ]
[2020-10-26T20:04:05+08:00][sql] SELECT * FROM `yh_webpz` WHERE  `id` = 1 LIMIT 1 [ RunTime:0.000861s ]
