[2020-10-27T11:57:48+08:00][sql] CONNECT:[ UseTime:0.003977s ] mysql:host=127.0.0.1;port=3306;dbname=jifei;charset=utf8
[2020-10-27T11:57:48+08:00][sql] SHOW FULL COLUMNS FROM `yh_webpz` [ RunTime:0.010331s ]
[2020-10-27T11:57:48+08:00][sql] SELECT * FROM `yh_webpz` WHERE  `id` = 1 LIMIT 1 [ RunTime:0.000735s ]
[2020-10-27T11:57:52+08:00][sql] CONNECT:[ UseTime:0.004188s ] mysql:host=127.0.0.1;port=3306;dbname=jifei;charset=utf8
[2020-10-27T11:57:52+08:00][sql] SHOW FULL COLUMNS FROM `yh_webpz` [ RunTime:0.005998s ]
[2020-10-27T11:57:52+08:00][sql] SELECT * FROM `yh_webpz` WHERE  `id` = 1 LIMIT 1 [ RunTime:0.001237s ]
[2020-10-27T11:57:52+08:00][sql] SHOW FULL COLUMNS FROM `yh_user` [ RunTime:0.002869s ]
[2020-10-27T11:57:52+08:00][sql] SELECT * FROM `yh_user` WHERE  `username` = '1178350505'  AND `password` = 'e10adc3949ba59abbe56e057f20f883e' LIMIT 1 [ RunTime:0.007351s ]
[2020-10-27T11:57:53+08:00][sql] CONNECT:[ UseTime:0.002538s ] mysql:host=127.0.0.1;port=3306;dbname=jifei;charset=utf8
[2020-10-27T11:57:53+08:00][sql] SHOW FULL COLUMNS FROM `yh_user` [ RunTime:0.002560s ]
[2020-10-27T11:57:53+08:00][sql] SELECT * FROM `yh_user` WHERE  `id` = 3 LIMIT 1 [ RunTime:0.000763s ]
[2020-10-27T11:57:53+08:00][sql] SHOW FULL COLUMNS FROM `yh_business` [ RunTime:0.001969s ]
[2020-10-27T11:57:53+08:00][sql] SELECT * FROM `yh_business` WHERE  `id` = 3 LIMIT 1 [ RunTime:0.000620s ]
[2020-10-27T11:57:53+08:00][sql] SHOW FULL COLUMNS FROM `yh_webpz` [ RunTime:0.002012s ]
[2020-10-27T11:57:53+08:00][sql] SELECT * FROM `yh_webpz` WHERE  `id` = 1 LIMIT 1 [ RunTime:0.000767s ]
[2020-10-27T11:57:55+08:00][sql] CONNECT:[ UseTime:0.001157s ] mysql:host=127.0.0.1;port=3306;dbname=jifei;charset=utf8
[2020-10-27T11:57:55+08:00][sql] SHOW FULL COLUMNS FROM `yh_user` [ RunTime:0.002521s ]
[2020-10-27T11:57:55+08:00][sql] SELECT * FROM `yh_user` WHERE  `id` = 3 LIMIT 1 [ RunTime:0.001019s ]
[2020-10-27T11:57:55+08:00][sql] SHOW FULL COLUMNS FROM `yh_business` [ RunTime:0.002395s ]
[2020-10-27T11:57:55+08:00][sql] SELECT * FROM `yh_business` WHERE  `id` = 3 LIMIT 1 [ RunTime:0.001258s ]
[2020-10-27T11:57:55+08:00][sql] SHOW FULL COLUMNS FROM `yh_webpz` [ RunTime:0.002125s ]
[2020-10-27T11:57:55+08:00][sql] SELECT * FROM `yh_webpz` WHERE  `id` = 1 LIMIT 1 [ RunTime:0.000712s ]
[2020-10-27T11:57:56+08:00][sql] CONNECT:[ UseTime:0.001006s ] mysql:host=127.0.0.1;port=3306;dbname=jifei;charset=utf8
[2020-10-27T11:57:56+08:00][sql] SHOW FULL COLUMNS FROM `yh_user` [ RunTime:0.002511s ]
[2020-10-27T11:57:56+08:00][sql] SELECT * FROM `yh_user` WHERE  `id` = 3 LIMIT 1 [ RunTime:0.000780s ]
[2020-10-27T11:57:56+08:00][sql] SHOW FULL COLUMNS FROM `yh_business` [ RunTime:0.001991s ]
[2020-10-27T11:57:56+08:00][sql] SELECT * FROM `yh_business` WHERE  `id` = 3 LIMIT 1 [ RunTime:0.000655s ]
[2020-10-27T11:57:56+08:00][sql] SHOW FULL COLUMNS FROM `yh_webpz` [ RunTime:0.002152s ]
[2020-10-27T11:57:56+08:00][sql] SELECT * FROM `yh_webpz` WHERE  `id` = 1 LIMIT 1 [ RunTime:0.000833s ]
[2020-10-27T11:57:58+08:00][sql] CONNECT:[ UseTime:0.001154s ] mysql:host=127.0.0.1;port=3306;dbname=jifei;charset=utf8
[2020-10-27T11:57:58+08:00][sql] SHOW FULL COLUMNS FROM `yh_user` [ RunTime:0.004562s ]
[2020-10-27T11:57:58+08:00][sql] SELECT * FROM `yh_user` WHERE  `id` = 3 LIMIT 1 [ RunTime:0.001034s ]
[2020-10-27T11:57:58+08:00][sql] SHOW FULL COLUMNS FROM `yh_business` [ RunTime:0.002047s ]
[2020-10-27T11:57:58+08:00][sql] SELECT * FROM `yh_business` WHERE  `id` = 3 LIMIT 1 [ RunTime:0.000577s ]
[2020-10-27T11:57:58+08:00][sql] SHOW FULL COLUMNS FROM `yh_webpz` [ RunTime:0.002101s ]
[2020-10-27T11:57:58+08:00][sql] SELECT * FROM `yh_webpz` WHERE  `id` = 1 LIMIT 1 [ RunTime:0.000873s ]
[2020-10-27T11:57:58+08:00][sql] CONNECT:[ UseTime:0.001589s ] mysql:host=127.0.0.1;port=3306;dbname=jifei;charset=utf8
[2020-10-27T11:57:58+08:00][sql] SHOW FULL COLUMNS FROM `yh_user` [ RunTime:0.002655s ]
[2020-10-27T11:57:58+08:00][sql] SELECT * FROM `yh_user` WHERE  `id` = 3 LIMIT 1 [ RunTime:0.008358s ]
[2020-10-27T11:57:58+08:00][sql] SHOW FULL COLUMNS FROM `yh_business` [ RunTime:0.002149s ]
[2020-10-27T11:57:58+08:00][sql] SELECT * FROM `yh_business` WHERE  `id` = 3 LIMIT 1 [ RunTime:0.000920s ]
[2020-10-27T11:57:58+08:00][sql] SHOW FULL COLUMNS FROM `yh_webpz` [ RunTime:0.002179s ]
[2020-10-27T11:57:58+08:00][sql] SELECT * FROM `yh_webpz` WHERE  `id` = 1 LIMIT 1 [ RunTime:0.001944s ]
[2020-10-27T11:57:59+08:00][sql] CONNECT:[ UseTime:0.002298s ] mysql:host=127.0.0.1;port=3306;dbname=jifei;charset=utf8
[2020-10-27T11:57:59+08:00][sql] SHOW FULL COLUMNS FROM `yh_user` [ RunTime:0.002723s ]
[2020-10-27T11:57:59+08:00][sql] SELECT * FROM `yh_user` WHERE  `id` = 3 LIMIT 1 [ RunTime:0.000838s ]
[2020-10-27T11:57:59+08:00][sql] SHOW FULL COLUMNS FROM `yh_business` [ RunTime:0.002174s ]
[2020-10-27T11:57:59+08:00][sql] SELECT * FROM `yh_business` WHERE  `id` = 3 LIMIT 1 [ RunTime:0.002079s ]
[2020-10-27T11:57:59+08:00][sql] SHOW FULL COLUMNS FROM `yh_webpz` [ RunTime:0.002193s ]
[2020-10-27T11:57:59+08:00][sql] SELECT * FROM `yh_webpz` WHERE  `id` = 1 LIMIT 1 [ RunTime:0.000650s ]
[2020-10-27T11:57:59+08:00][sql] CONNECT:[ UseTime:0.003981s ] mysql:host=127.0.0.1;port=3306;dbname=jifei;charset=utf8
[2020-10-27T11:57:59+08:00][sql] SHOW FULL COLUMNS FROM `yh_user` [ RunTime:0.004999s ]
[2020-10-27T11:57:59+08:00][sql] SELECT * FROM `yh_user` WHERE  `id` = 3 LIMIT 1 [ RunTime:0.000863s ]
[2020-10-27T11:57:59+08:00][sql] SHOW FULL COLUMNS FROM `yh_business` [ RunTime:0.003179s ]
[2020-10-27T11:57:59+08:00][sql] SELECT * FROM `yh_business` WHERE  `id` = 3 LIMIT 1 [ RunTime:0.000837s ]
[2020-10-27T11:57:59+08:00][sql] SHOW FULL COLUMNS FROM `yh_webpz` [ RunTime:0.002304s ]
[2020-10-27T11:57:59+08:00][sql] SELECT * FROM `yh_webpz` WHERE  `id` = 1 LIMIT 1 [ RunTime:0.000890s ]
[2020-10-27T11:57:59+08:00][sql] CONNECT:[ UseTime:0.000833s ] mysql:host=127.0.0.1;port=3306;dbname=jifei;charset=utf8
[2020-10-27T11:57:59+08:00][sql] SHOW FULL COLUMNS FROM `yh_user` [ RunTime:0.002544s ]
[2020-10-27T11:57:59+08:00][sql] SELECT * FROM `yh_user` WHERE  `id` = 3 LIMIT 1 [ RunTime:0.000556s ]
[2020-10-27T11:57:59+08:00][sql] SHOW FULL COLUMNS FROM `yh_business` [ RunTime:0.012479s ]
[2020-10-27T11:57:59+08:00][sql] SELECT * FROM `yh_business` WHERE  `id` = 3 LIMIT 1 [ RunTime:0.000681s ]
[2020-10-27T11:57:59+08:00][sql] SHOW FULL COLUMNS FROM `yh_webpz` [ RunTime:0.002135s ]
[2020-10-27T11:57:59+08:00][sql] SELECT * FROM `yh_webpz` WHERE  `id` = 1 LIMIT 1 [ RunTime:0.000817s ]
[2020-10-27T11:58:39+08:00][sql] CONNECT:[ UseTime:0.013852s ] mysql:host=127.0.0.1;port=3306;dbname=jifei;charset=utf8
[2020-10-27T11:58:39+08:00][sql] SHOW FULL COLUMNS FROM `yh_user` [ RunTime:0.002597s ]
[2020-10-27T11:58:39+08:00][sql] SELECT * FROM `yh_user` WHERE  `id` = 3 LIMIT 1 [ RunTime:0.003755s ]
[2020-10-27T11:58:39+08:00][sql] SHOW FULL COLUMNS FROM `yh_business` [ RunTime:0.003720s ]
[2020-10-27T11:58:39+08:00][sql] SELECT * FROM `yh_business` WHERE  `id` = 3 LIMIT 1 [ RunTime:0.000496s ]
[2020-10-27T11:58:39+08:00][sql] SHOW FULL COLUMNS FROM `yh_webpz` [ RunTime:0.003507s ]
[2020-10-27T11:58:39+08:00][sql] SELECT * FROM `yh_webpz` WHERE  `id` = 1 LIMIT 1 [ RunTime:0.001050s ]
[2020-10-27T11:59:57+08:00][sql] CONNECT:[ UseTime:0.004175s ] mysql:host=127.0.0.1;port=3306;dbname=jifei;charset=utf8
[2020-10-27T11:59:57+08:00][sql] SHOW FULL COLUMNS FROM `yh_user` [ RunTime:0.006272s ]
[2020-10-27T11:59:57+08:00][sql] SELECT * FROM `yh_user` WHERE  `id` = 3 LIMIT 1 [ RunTime:0.000995s ]
[2020-10-27T11:59:57+08:00][sql] SHOW FULL COLUMNS FROM `yh_business` [ RunTime:0.007935s ]
[2020-10-27T11:59:57+08:00][sql] SELECT * FROM `yh_business` WHERE  `id` = 3 LIMIT 1 [ RunTime:0.001062s ]
[2020-10-27T11:59:57+08:00][sql] SHOW FULL COLUMNS FROM `yh_webpz` [ RunTime:0.002751s ]
[2020-10-27T11:59:57+08:00][sql] SELECT * FROM `yh_webpz` WHERE  `id` = 1 LIMIT 1 [ RunTime:0.000960s ]
[2020-10-27T12:00:49+08:00][sql] CONNECT:[ UseTime:0.001717s ] mysql:host=127.0.0.1;port=3306;dbname=jifei;charset=utf8
[2020-10-27T12:00:49+08:00][sql] SHOW FULL COLUMNS FROM `yh_user` [ RunTime:0.002614s ]
[2020-10-27T12:00:49+08:00][sql] SELECT * FROM `yh_user` WHERE  `id` = 3 LIMIT 1 [ RunTime:0.000698s ]
[2020-10-27T12:00:49+08:00][sql] SHOW FULL COLUMNS FROM `yh_business` [ RunTime:0.001942s ]
[2020-10-27T12:00:49+08:00][sql] SELECT * FROM `yh_business` WHERE  `id` = 3 LIMIT 1 [ RunTime:0.000665s ]
[2020-10-27T12:00:49+08:00][sql] SHOW FULL COLUMNS FROM `yh_webpz` [ RunTime:0.001990s ]
[2020-10-27T12:00:49+08:00][sql] SELECT * FROM `yh_webpz` WHERE  `id` = 1 LIMIT 1 [ RunTime:0.000695s ]
[2020-10-27T12:04:01+08:00][sql] CONNECT:[ UseTime:0.001254s ] mysql:host=127.0.0.1;port=3306;dbname=jifei;charset=utf8
[2020-10-27T12:04:01+08:00][sql] SHOW FULL COLUMNS FROM `yh_user` [ RunTime:0.002635s ]
[2020-10-27T12:04:01+08:00][sql] SELECT * FROM `yh_user` WHERE  `id` = 3 LIMIT 1 [ RunTime:0.005980s ]
[2020-10-27T12:04:01+08:00][sql] SHOW FULL COLUMNS FROM `yh_business` [ RunTime:0.002290s ]
[2020-10-27T12:04:01+08:00][sql] SELECT * FROM `yh_business` WHERE  `id` = 3 LIMIT 1 [ RunTime:0.000768s ]
[2020-10-27T12:04:01+08:00][sql] SHOW FULL COLUMNS FROM `yh_webpz` [ RunTime:0.002344s ]
[2020-10-27T12:04:01+08:00][sql] SELECT * FROM `yh_webpz` WHERE  `id` = 1 LIMIT 1 [ RunTime:0.000799s ]
[2020-10-27T12:04:58+08:00][sql] CONNECT:[ UseTime:0.006322s ] mysql:host=127.0.0.1;port=3306;dbname=jifei;charset=utf8
[2020-10-27T12:04:58+08:00][sql] SHOW FULL COLUMNS FROM `yh_user` [ RunTime:0.007193s ]
[2020-10-27T12:04:58+08:00][sql] SELECT * FROM `yh_user` WHERE  `id` = 3 LIMIT 1 [ RunTime:0.002725s ]
[2020-10-27T12:04:58+08:00][sql] SHOW FULL COLUMNS FROM `yh_business` [ RunTime:0.002362s ]
[2020-10-27T12:04:58+08:00][sql] SELECT * FROM `yh_business` WHERE  `id` = 3 LIMIT 1 [ RunTime:0.000676s ]
[2020-10-27T12:04:58+08:00][sql] SHOW FULL COLUMNS FROM `yh_webpz` [ RunTime:0.002044s ]
[2020-10-27T12:04:58+08:00][sql] SELECT * FROM `yh_webpz` WHERE  `id` = 1 LIMIT 1 [ RunTime:0.000880s ]
[2020-10-27T12:05:39+08:00][sql] CONNECT:[ UseTime:0.002356s ] mysql:host=127.0.0.1;port=3306;dbname=jifei;charset=utf8
[2020-10-27T12:05:39+08:00][sql] SHOW FULL COLUMNS FROM `yh_user` [ RunTime:0.002945s ]
[2020-10-27T12:05:39+08:00][sql] SELECT * FROM `yh_user` WHERE  `id` = 3 LIMIT 1 [ RunTime:0.000889s ]
[2020-10-27T12:05:39+08:00][sql] SHOW FULL COLUMNS FROM `yh_business` [ RunTime:0.002258s ]
[2020-10-27T12:05:39+08:00][sql] SELECT * FROM `yh_business` WHERE  `id` = 3 LIMIT 1 [ RunTime:0.000710s ]
[2020-10-27T12:05:39+08:00][sql] SHOW FULL COLUMNS FROM `yh_webpz` [ RunTime:0.002317s ]
[2020-10-27T12:05:39+08:00][sql] SELECT * FROM `yh_webpz` WHERE  `id` = 1 LIMIT 1 [ RunTime:0.000933s ]
[2020-10-27T12:05:45+08:00][sql] CONNECT:[ UseTime:0.002015s ] mysql:host=127.0.0.1;port=3306;dbname=jifei;charset=utf8
[2020-10-27T12:05:45+08:00][sql] SHOW FULL COLUMNS FROM `yh_user` [ RunTime:0.002540s ]
[2020-10-27T12:05:45+08:00][sql] SELECT * FROM `yh_user` WHERE  `id` = 3 LIMIT 1 [ RunTime:0.000824s ]
[2020-10-27T12:05:45+08:00][sql] SHOW FULL COLUMNS FROM `yh_business` [ RunTime:0.001946s ]
[2020-10-27T12:05:45+08:00][sql] SELECT * FROM `yh_business` WHERE  `id` = 3 LIMIT 1 [ RunTime:0.000984s ]
[2020-10-27T12:05:45+08:00][sql] SHOW FULL COLUMNS FROM `yh_webpz` [ RunTime:0.002201s ]
[2020-10-27T12:05:45+08:00][sql] SELECT * FROM `yh_webpz` WHERE  `id` = 1 LIMIT 1 [ RunTime:0.000798s ]
[2020-10-27T13:31:50+08:00][sql] CONNECT:[ UseTime:0.002238s ] mysql:host=127.0.0.1;port=3306;dbname=jifei;charset=utf8
[2020-10-27T13:31:50+08:00][sql] SHOW FULL COLUMNS FROM `yh_webpz` [ RunTime:0.002941s ]
[2020-10-27T13:31:50+08:00][sql] SELECT * FROM `yh_webpz` WHERE  `id` = 1 LIMIT 1 [ RunTime:0.000708s ]
[2020-10-27T13:31:54+08:00][sql] CONNECT:[ UseTime:0.004066s ] mysql:host=127.0.0.1;port=3306;dbname=jifei;charset=utf8
[2020-10-27T13:31:54+08:00][sql] SHOW FULL COLUMNS FROM `yh_webpz` [ RunTime:0.006212s ]
[2020-10-27T13:31:54+08:00][sql] SELECT * FROM `yh_webpz` WHERE  `id` = 1 LIMIT 1 [ RunTime:0.018649s ]
[2020-10-27T13:31:54+08:00][sql] SHOW FULL COLUMNS FROM `yh_user` [ RunTime:0.002424s ]
[2020-10-27T13:31:54+08:00][sql] SELECT * FROM `yh_user` WHERE  `username` = '1178350505'  AND `password` = 'e10adc3949ba59abbe56e057f20f883e' LIMIT 1 [ RunTime:0.000665s ]
[2020-10-27T13:31:54+08:00][sql] CONNECT:[ UseTime:0.003247s ] mysql:host=127.0.0.1;port=3306;dbname=jifei;charset=utf8
[2020-10-27T13:31:54+08:00][sql] SHOW FULL COLUMNS FROM `yh_user` [ RunTime:0.002557s ]
[2020-10-27T13:31:54+08:00][sql] SELECT * FROM `yh_user` WHERE  `id` = 3 LIMIT 1 [ RunTime:0.000717s ]
[2020-10-27T13:31:54+08:00][sql] SHOW FULL COLUMNS FROM `yh_business` [ RunTime:0.001911s ]
[2020-10-27T13:31:54+08:00][sql] SELECT * FROM `yh_business` WHERE  `id` = 3 LIMIT 1 [ RunTime:0.000625s ]
[2020-10-27T13:31:54+08:00][sql] SHOW FULL COLUMNS FROM `yh_webpz` [ RunTime:0.002503s ]
[2020-10-27T13:31:54+08:00][sql] SELECT * FROM `yh_webpz` WHERE  `id` = 1 LIMIT 1 [ RunTime:0.000782s ]
[2020-10-27T13:31:58+08:00][sql] CONNECT:[ UseTime:0.001001s ] mysql:host=127.0.0.1;port=3306;dbname=jifei;charset=utf8
[2020-10-27T13:31:58+08:00][sql] SHOW FULL COLUMNS FROM `yh_user` [ RunTime:0.002592s ]
[2020-10-27T13:31:58+08:00][sql] SELECT * FROM `yh_user` WHERE  `id` = 3 LIMIT 1 [ RunTime:0.000690s ]
[2020-10-27T13:31:58+08:00][sql] SHOW FULL COLUMNS FROM `yh_business` [ RunTime:0.001891s ]
[2020-10-27T13:31:58+08:00][sql] SELECT * FROM `yh_business` WHERE  `id` = 3 LIMIT 1 [ RunTime:0.000568s ]
[2020-10-27T13:31:58+08:00][sql] SHOW FULL COLUMNS FROM `yh_webpz` [ RunTime:0.001686s ]
[2020-10-27T13:31:58+08:00][sql] SELECT * FROM `yh_webpz` WHERE  `id` = 1 LIMIT 1 [ RunTime:0.000704s ]
[2020-10-27T13:31:58+08:00][sql] CONNECT:[ UseTime:0.000806s ] mysql:host=127.0.0.1;port=3306;dbname=jifei;charset=utf8
[2020-10-27T13:31:58+08:00][sql] SHOW FULL COLUMNS FROM `yh_user` [ RunTime:0.002469s ]
[2020-10-27T13:31:58+08:00][sql] SELECT * FROM `yh_user` WHERE  `id` = 3 LIMIT 1 [ RunTime:0.000601s ]
[2020-10-27T13:31:58+08:00][sql] SHOW FULL COLUMNS FROM `yh_business` [ RunTime:0.002179s ]
[2020-10-27T13:31:58+08:00][sql] SELECT * FROM `yh_business` WHERE  `id` = 3 LIMIT 1 [ RunTime:0.000519s ]
[2020-10-27T13:31:58+08:00][sql] SHOW FULL COLUMNS FROM `yh_webpz` [ RunTime:0.001971s ]
[2020-10-27T13:31:58+08:00][sql] SELECT * FROM `yh_webpz` WHERE  `id` = 1 LIMIT 1 [ RunTime:0.000555s ]
[2020-10-27T13:31:58+08:00][sql] CONNECT:[ UseTime:0.002543s ] mysql:host=127.0.0.1;port=3306;dbname=jifei;charset=utf8
[2020-10-27T13:31:58+08:00][sql] SHOW FULL COLUMNS FROM `yh_user` [ RunTime:0.002518s ]
[2020-10-27T13:31:58+08:00][sql] SELECT * FROM `yh_user` WHERE  `id` = 3 LIMIT 1 [ RunTime:0.000806s ]
[2020-10-27T13:31:58+08:00][sql] SHOW FULL COLUMNS FROM `yh_business` [ RunTime:0.001907s ]
[2020-10-27T13:31:58+08:00][sql] SELECT * FROM `yh_business` WHERE  `id` = 3 LIMIT 1 [ RunTime:0.000623s ]
[2020-10-27T13:31:58+08:00][sql] SHOW FULL COLUMNS FROM `yh_webpz` [ RunTime:0.003078s ]
[2020-10-27T13:31:58+08:00][sql] SELECT * FROM `yh_webpz` WHERE  `id` = 1 LIMIT 1 [ RunTime:0.000775s ]
[2020-10-27T13:31:58+08:00][sql] CONNECT:[ UseTime:0.000871s ] mysql:host=127.0.0.1;port=3306;dbname=jifei;charset=utf8
[2020-10-27T13:31:58+08:00][sql] SHOW FULL COLUMNS FROM `yh_user` [ RunTime:0.006629s ]
[2020-10-27T13:31:58+08:00][sql] SELECT * FROM `yh_user` WHERE  `id` = 3 LIMIT 1 [ RunTime:0.000953s ]
[2020-10-27T13:31:58+08:00][sql] SHOW FULL COLUMNS FROM `yh_business` [ RunTime:0.004889s ]
[2020-10-27T13:31:58+08:00][sql] SELECT * FROM `yh_business` WHERE  `id` = 3 LIMIT 1 [ RunTime:0.000605s ]
[2020-10-27T13:31:58+08:00][sql] SHOW FULL COLUMNS FROM `yh_webpz` [ RunTime:0.002230s ]
[2020-10-27T13:31:58+08:00][sql] SELECT * FROM `yh_webpz` WHERE  `id` = 1 LIMIT 1 [ RunTime:0.000644s ]
[2020-10-27T13:32:32+08:00][sql] CONNECT:[ UseTime:0.001841s ] mysql:host=127.0.0.1;port=3306;dbname=jifei;charset=utf8
[2020-10-27T13:32:32+08:00][sql] SHOW FULL COLUMNS FROM `yh_user` [ RunTime:0.002104s ]
[2020-10-27T13:32:32+08:00][sql] SELECT * FROM `yh_user` WHERE  `id` = 3 LIMIT 1 [ RunTime:0.000572s ]
[2020-10-27T13:32:32+08:00][sql] SHOW FULL COLUMNS FROM `yh_business` [ RunTime:0.002031s ]
[2020-10-27T13:32:32+08:00][sql] SELECT * FROM `yh_business` WHERE  `id` = 3 LIMIT 1 [ RunTime:0.001168s ]
[2020-10-27T13:32:32+08:00][sql] SHOW FULL COLUMNS FROM `yh_webpz` [ RunTime:0.002157s ]
[2020-10-27T13:32:32+08:00][sql] SELECT * FROM `yh_webpz` WHERE  `id` = 1 LIMIT 1 [ RunTime:0.000696s ]
[2020-10-27T13:32:40+08:00][sql] CONNECT:[ UseTime:0.000901s ] mysql:host=127.0.0.1;port=3306;dbname=jifei;charset=utf8
[2020-10-27T13:32:40+08:00][sql] SHOW FULL COLUMNS FROM `yh_user` [ RunTime:0.002886s ]
[2020-10-27T13:32:40+08:00][sql] SELECT * FROM `yh_user` WHERE  `id` = 3 LIMIT 1 [ RunTime:0.000901s ]
[2020-10-27T13:32:40+08:00][sql] SHOW FULL COLUMNS FROM `yh_business` [ RunTime:0.002389s ]
[2020-10-27T13:32:40+08:00][sql] SELECT * FROM `yh_business` WHERE  `id` = 3 LIMIT 1 [ RunTime:0.000730s ]
[2020-10-27T13:32:40+08:00][sql] SHOW FULL COLUMNS FROM `yh_webpz` [ RunTime:0.002338s ]
[2020-10-27T13:32:40+08:00][sql] SELECT * FROM `yh_webpz` WHERE  `id` = 1 LIMIT 1 [ RunTime:0.000766s ]
[2020-10-27T13:32:40+08:00][sql] CONNECT:[ UseTime:0.001602s ] mysql:host=127.0.0.1;port=3306;dbname=jifei;charset=utf8
[2020-10-27T13:32:40+08:00][sql] SHOW FULL COLUMNS FROM `yh_user` [ RunTime:0.002830s ]
[2020-10-27T13:32:40+08:00][sql] SELECT * FROM `yh_user` WHERE  `id` = 3 LIMIT 1 [ RunTime:0.000875s ]
[2020-10-27T13:32:40+08:00][sql] SHOW FULL COLUMNS FROM `yh_business` [ RunTime:0.002202s ]
[2020-10-27T13:32:40+08:00][sql] SELECT * FROM `yh_business` WHERE  `id` = 3 LIMIT 1 [ RunTime:0.000722s ]
[2020-10-27T13:32:40+08:00][sql] SHOW FULL COLUMNS FROM `yh_webpz` [ RunTime:0.002348s ]
[2020-10-27T13:32:40+08:00][sql] SELECT * FROM `yh_webpz` WHERE  `id` = 1 LIMIT 1 [ RunTime:0.000812s ]
[2020-10-27T13:32:41+08:00][sql] CONNECT:[ UseTime:0.003421s ] mysql:host=127.0.0.1;port=3306;dbname=jifei;charset=utf8
[2020-10-27T13:32:41+08:00][sql] SHOW FULL COLUMNS FROM `yh_user` [ RunTime:0.004497s ]
[2020-10-27T13:32:41+08:00][sql] SELECT * FROM `yh_user` WHERE  `id` = 3 LIMIT 1 [ RunTime:0.002320s ]
[2020-10-27T13:32:41+08:00][sql] SHOW FULL COLUMNS FROM `yh_business` [ RunTime:0.002232s ]
[2020-10-27T13:32:41+08:00][sql] SELECT * FROM `yh_business` WHERE  `id` = 3 LIMIT 1 [ RunTime:0.000550s ]
[2020-10-27T13:32:41+08:00][sql] SHOW FULL COLUMNS FROM `yh_webpz` [ RunTime:0.001842s ]
[2020-10-27T13:32:41+08:00][sql] SELECT * FROM `yh_webpz` WHERE  `id` = 1 LIMIT 1 [ RunTime:0.000528s ]
[2020-10-27T13:32:41+08:00][sql] SHOW FULL COLUMNS FROM `yh_meal` [ RunTime:0.009435s ]
[2020-10-27T13:32:41+08:00][sql] SELECT * FROM `yh_meal` WHERE  `status` = 1  AND `type` = 1 ORDER BY `id` DESC [ RunTime:0.000809s ]
[2020-10-27T13:32:43+08:00][sql] CONNECT:[ UseTime:0.001061s ] mysql:host=127.0.0.1;port=3306;dbname=jifei;charset=utf8
[2020-10-27T13:32:43+08:00][sql] SHOW FULL COLUMNS FROM `yh_user` [ RunTime:0.004044s ]
[2020-10-27T13:32:43+08:00][sql] SELECT * FROM `yh_user` WHERE  `id` = 3 LIMIT 1 [ RunTime:0.000888s ]
[2020-10-27T13:32:43+08:00][sql] SHOW FULL COLUMNS FROM `yh_business` [ RunTime:0.003653s ]
[2020-10-27T13:32:43+08:00][sql] SELECT * FROM `yh_business` WHERE  `id` = 3 LIMIT 1 [ RunTime:0.000700s ]
[2020-10-27T13:32:43+08:00][sql] SHOW FULL COLUMNS FROM `yh_webpz` [ RunTime:0.006390s ]
[2020-10-27T13:32:43+08:00][sql] SELECT * FROM `yh_webpz` WHERE  `id` = 1 LIMIT 1 [ RunTime:0.000801s ]
[2020-10-27T13:32:43+08:00][sql] CONNECT:[ UseTime:0.001130s ] mysql:host=127.0.0.1;port=3306;dbname=jifei;charset=utf8
[2020-10-27T13:32:43+08:00][sql] SHOW FULL COLUMNS FROM `yh_user` [ RunTime:0.002402s ]
[2020-10-27T13:32:43+08:00][sql] SELECT * FROM `yh_user` WHERE  `id` = 3 LIMIT 1 [ RunTime:0.000684s ]
[2020-10-27T13:32:43+08:00][sql] SHOW FULL COLUMNS FROM `yh_business` [ RunTime:0.001849s ]
[2020-10-27T13:32:43+08:00][sql] SELECT * FROM `yh_business` WHERE  `id` = 3 LIMIT 1 [ RunTime:0.002609s ]
[2020-10-27T13:32:43+08:00][sql] SHOW FULL COLUMNS FROM `yh_webpz` [ RunTime:0.001874s ]
[2020-10-27T13:32:43+08:00][sql] SELECT * FROM `yh_webpz` WHERE  `id` = 1 LIMIT 1 [ RunTime:0.000602s ]
[2020-10-27T13:32:44+08:00][sql] CONNECT:[ UseTime:0.001129s ] mysql:host=127.0.0.1;port=3306;dbname=jifei;charset=utf8
[2020-10-27T13:32:44+08:00][sql] SHOW FULL COLUMNS FROM `yh_user` [ RunTime:0.002544s ]
[2020-10-27T13:32:44+08:00][sql] SELECT * FROM `yh_user` WHERE  `id` = 3 LIMIT 1 [ RunTime:0.000905s ]
[2020-10-27T13:32:44+08:00][sql] SHOW FULL COLUMNS FROM `yh_business` [ RunTime:0.001962s ]
[2020-10-27T13:32:44+08:00][sql] SELECT * FROM `yh_business` WHERE  `id` = 3 LIMIT 1 [ RunTime:0.000836s ]
[2020-10-27T13:32:44+08:00][sql] SHOW FULL COLUMNS FROM `yh_webpz` [ RunTime:0.001794s ]
[2020-10-27T13:32:44+08:00][sql] SELECT * FROM `yh_webpz` WHERE  `id` = 1 LIMIT 1 [ RunTime:0.000599s ]
[2020-10-27T13:32:44+08:00][sql] CONNECT:[ UseTime:0.002398s ] mysql:host=127.0.0.1;port=3306;dbname=jifei;charset=utf8
[2020-10-27T13:32:44+08:00][sql] SHOW FULL COLUMNS FROM `yh_user` [ RunTime:0.002505s ]
[2020-10-27T13:32:44+08:00][sql] SELECT * FROM `yh_user` WHERE  `id` = 3 LIMIT 1 [ RunTime:0.000637s ]
[2020-10-27T13:32:44+08:00][sql] SHOW FULL COLUMNS FROM `yh_business` [ RunTime:0.001783s ]
[2020-10-27T13:32:44+08:00][sql] SELECT * FROM `yh_business` WHERE  `id` = 3 LIMIT 1 [ RunTime:0.000533s ]
[2020-10-27T13:32:44+08:00][sql] SHOW FULL COLUMNS FROM `yh_webpz` [ RunTime:0.002361s ]
[2020-10-27T13:32:44+08:00][sql] SELECT * FROM `yh_webpz` WHERE  `id` = 1 LIMIT 1 [ RunTime:0.000664s ]
[2020-10-27T13:32:45+08:00][sql] CONNECT:[ UseTime:0.004456s ] mysql:host=127.0.0.1;port=3306;dbname=jifei;charset=utf8
[2020-10-27T13:32:45+08:00][sql] SHOW FULL COLUMNS FROM `yh_user` [ RunTime:0.003766s ]
[2020-10-27T13:32:45+08:00][sql] SELECT * FROM `yh_user` WHERE  `id` = 3 LIMIT 1 [ RunTime:0.000595s ]
[2020-10-27T13:32:45+08:00][sql] SHOW FULL COLUMNS FROM `yh_business` [ RunTime:0.001841s ]
[2020-10-27T13:32:45+08:00][sql] SELECT * FROM `yh_business` WHERE  `id` = 3 LIMIT 1 [ RunTime:0.000478s ]
[2020-10-27T13:32:45+08:00][sql] SHOW FULL COLUMNS FROM `yh_webpz` [ RunTime:0.001842s ]
[2020-10-27T13:32:45+08:00][sql] SELECT * FROM `yh_webpz` WHERE  `id` = 1 LIMIT 1 [ RunTime:0.000715s ]
[2020-10-27T13:32:45+08:00][sql] SHOW FULL COLUMNS FROM `yh_record` [ RunTime:0.001904s ]
[2020-10-27T13:32:45+08:00][sql] SELECT COUNT(*) AS think_count FROM `yh_record` WHERE  `uid` = 37409 [ RunTime:0.000629s ]
[2020-10-27T13:32:45+08:00][sql] SELECT * FROM `yh_record` WHERE  `uid` = 37409 ORDER BY `id` DESC LIMIT 0,10 [ RunTime:0.000507s ]
[2020-10-27T13:32:45+08:00][sql] CONNECT:[ UseTime:0.000908s ] mysql:host=127.0.0.1;port=3306;dbname=jifei;charset=utf8
[2020-10-27T13:32:45+08:00][sql] SHOW FULL COLUMNS FROM `yh_user` [ RunTime:0.001986s ]
[2020-10-27T13:32:45+08:00][sql] SELECT * FROM `yh_user` WHERE  `id` = 3 LIMIT 1 [ RunTime:0.000564s ]
[2020-10-27T13:32:45+08:00][sql] SHOW FULL COLUMNS FROM `yh_business` [ RunTime:0.010751s ]
[2020-10-27T13:32:45+08:00][sql] SELECT * FROM `yh_business` WHERE  `id` = 3 LIMIT 1 [ RunTime:0.000615s ]
[2020-10-27T13:32:45+08:00][sql] SHOW FULL COLUMNS FROM `yh_webpz` [ RunTime:0.002928s ]
[2020-10-27T13:32:45+08:00][sql] SELECT * FROM `yh_webpz` WHERE  `id` = 1 LIMIT 1 [ RunTime:0.002629s ]
[2020-10-27T13:32:47+08:00][sql] CONNECT:[ UseTime:0.002861s ] mysql:host=127.0.0.1;port=3306;dbname=jifei;charset=utf8
[2020-10-27T13:32:47+08:00][sql] SHOW FULL COLUMNS FROM `yh_user` [ RunTime:0.002772s ]
[2020-10-27T13:32:47+08:00][sql] SELECT * FROM `yh_user` WHERE  `id` = 3 LIMIT 1 [ RunTime:0.001384s ]
[2020-10-27T13:32:47+08:00][sql] SHOW FULL COLUMNS FROM `yh_business` [ RunTime:0.002040s ]
[2020-10-27T13:32:47+08:00][sql] SELECT * FROM `yh_business` WHERE  `id` = 3 LIMIT 1 [ RunTime:0.010881s ]
[2020-10-27T13:32:47+08:00][sql] SHOW FULL COLUMNS FROM `yh_webpz` [ RunTime:0.002098s ]
[2020-10-27T13:32:47+08:00][sql] SELECT * FROM `yh_webpz` WHERE  `id` = 1 LIMIT 1 [ RunTime:0.000714s ]
[2020-10-27T16:51:31+08:00][sql] CONNECT:[ UseTime:0.001013s ] mysql:host=127.0.0.1;port=3306;dbname=jifei;charset=utf8
[2020-10-27T16:51:31+08:00][sql] SHOW FULL COLUMNS FROM `yh_webpz` [ RunTime:0.002858s ]
[2020-10-27T16:51:31+08:00][sql] SELECT * FROM `yh_webpz` WHERE  `id` = 1 LIMIT 1 [ RunTime:0.000709s ]
[2020-10-27T16:51:36+08:00][sql] CONNECT:[ UseTime:0.001026s ] mysql:host=127.0.0.1;port=3306;dbname=jifei;charset=utf8
[2020-10-27T16:51:36+08:00][sql] SHOW FULL COLUMNS FROM `yh_webpz` [ RunTime:0.004228s ]
[2020-10-27T16:51:36+08:00][sql] SELECT * FROM `yh_webpz` WHERE  `id` = 1 LIMIT 1 [ RunTime:0.003879s ]
[2020-10-27T16:51:36+08:00][sql] SHOW FULL COLUMNS FROM `yh_user` [ RunTime:0.010159s ]
[2020-10-27T16:51:36+08:00][sql] SELECT * FROM `yh_user` WHERE  `username` = '1178350505'  AND `password` = 'e10adc3949ba59abbe56e057f20f883e' LIMIT 1 [ RunTime:0.000988s ]
[2020-10-27T16:51:36+08:00][sql] CONNECT:[ UseTime:0.001074s ] mysql:host=127.0.0.1;port=3306;dbname=jifei;charset=utf8
[2020-10-27T16:51:36+08:00][sql] SHOW FULL COLUMNS FROM `yh_user` [ RunTime:0.002048s ]
[2020-10-27T16:51:36+08:00][sql] SELECT * FROM `yh_user` WHERE  `id` = 3 LIMIT 1 [ RunTime:0.000521s ]
[2020-10-27T16:51:36+08:00][sql] SHOW FULL COLUMNS FROM `yh_business` [ RunTime:0.001692s ]
[2020-10-27T16:51:36+08:00][sql] SELECT * FROM `yh_business` WHERE  `id` = 3 LIMIT 1 [ RunTime:0.001621s ]
[2020-10-27T16:51:36+08:00][sql] SHOW FULL COLUMNS FROM `yh_webpz` [ RunTime:0.002468s ]
[2020-10-27T16:51:36+08:00][sql] SELECT * FROM `yh_webpz` WHERE  `id` = 1 LIMIT 1 [ RunTime:0.000796s ]
[2020-10-27T16:51:39+08:00][sql] CONNECT:[ UseTime:0.004590s ] mysql:host=127.0.0.1;port=3306;dbname=jifei;charset=utf8
[2020-10-27T16:51:39+08:00][sql] SHOW FULL COLUMNS FROM `yh_user` [ RunTime:0.004456s ]
[2020-10-27T16:51:39+08:00][sql] SELECT * FROM `yh_user` WHERE  `id` = 3 LIMIT 1 [ RunTime:0.000883s ]
[2020-10-27T16:51:39+08:00][sql] SHOW FULL COLUMNS FROM `yh_business` [ RunTime:0.008293s ]
[2020-10-27T16:51:39+08:00][sql] SELECT * FROM `yh_business` WHERE  `id` = 3 LIMIT 1 [ RunTime:0.001167s ]
[2020-10-27T16:51:39+08:00][sql] SHOW FULL COLUMNS FROM `yh_webpz` [ RunTime:0.002746s ]
[2020-10-27T16:51:39+08:00][sql] SELECT * FROM `yh_webpz` WHERE  `id` = 1 LIMIT 1 [ RunTime:0.000801s ]
[2020-10-27T16:51:40+08:00][sql] CONNECT:[ UseTime:0.005244s ] mysql:host=127.0.0.1;port=3306;dbname=jifei;charset=utf8
[2020-10-27T16:51:40+08:00][sql] SHOW FULL COLUMNS FROM `yh_user` [ RunTime:0.002719s ]
[2020-10-27T16:51:40+08:00][sql] SELECT * FROM `yh_user` WHERE  `id` = 3 LIMIT 1 [ RunTime:0.000753s ]
[2020-10-27T16:51:40+08:00][sql] SHOW FULL COLUMNS FROM `yh_business` [ RunTime:0.001908s ]
[2020-10-27T16:51:40+08:00][sql] SELECT * FROM `yh_business` WHERE  `id` = 3 LIMIT 1 [ RunTime:0.001088s ]
[2020-10-27T16:51:40+08:00][sql] SHOW FULL COLUMNS FROM `yh_webpz` [ RunTime:0.002110s ]
[2020-10-27T16:51:40+08:00][sql] SELECT * FROM `yh_webpz` WHERE  `id` = 1 LIMIT 1 [ RunTime:0.000678s ]
[2020-10-27T16:51:40+08:00][sql] UPDATE `yh_user`  SET `qq` = '1178350505'  WHERE  `id` = 3 [ RunTime:0.003411s ]
[2020-10-27T16:51:40+08:00][sql] CONNECT:[ UseTime:0.002968s ] mysql:host=127.0.0.1;port=3306;dbname=jifei;charset=utf8
[2020-10-27T16:51:40+08:00][sql] SHOW FULL COLUMNS FROM `yh_user` [ RunTime:0.002376s ]
[2020-10-27T16:51:40+08:00][sql] SELECT * FROM `yh_user` WHERE  `id` = 3 LIMIT 1 [ RunTime:0.000684s ]
[2020-10-27T16:51:40+08:00][sql] SHOW FULL COLUMNS FROM `yh_business` [ RunTime:0.001654s ]
[2020-10-27T16:51:40+08:00][sql] SELECT * FROM `yh_business` WHERE  `id` = 3 LIMIT 1 [ RunTime:0.000710s ]
[2020-10-27T16:51:40+08:00][sql] SHOW FULL COLUMNS FROM `yh_webpz` [ RunTime:0.002233s ]
[2020-10-27T16:51:40+08:00][sql] SELECT * FROM `yh_webpz` WHERE  `id` = 1 LIMIT 1 [ RunTime:0.001614s ]
[2020-10-27T16:51:42+08:00][sql] CONNECT:[ UseTime:0.001112s ] mysql:host=127.0.0.1;port=3306;dbname=jifei;charset=utf8
[2020-10-27T16:51:42+08:00][sql] SHOW FULL COLUMNS FROM `yh_user` [ RunTime:0.002731s ]
[2020-10-27T16:51:42+08:00][sql] SELECT * FROM `yh_user` WHERE  `id` = 3 LIMIT 1 [ RunTime:0.000708s ]
[2020-10-27T16:51:42+08:00][sql] SHOW FULL COLUMNS FROM `yh_business` [ RunTime:0.001990s ]
[2020-10-27T16:51:42+08:00][sql] SELECT * FROM `yh_business` WHERE  `id` = 3 LIMIT 1 [ RunTime:0.000552s ]
[2020-10-27T16:51:42+08:00][sql] SHOW FULL COLUMNS FROM `yh_webpz` [ RunTime:0.009508s ]
[2020-10-27T16:51:42+08:00][sql] SELECT * FROM `yh_webpz` WHERE  `id` = 1 LIMIT 1 [ RunTime:0.002928s ]
[2020-10-27T16:51:42+08:00][sql] UPDATE `yh_user`  SET `qq` = '1178350505'  WHERE  `id` = 3 [ RunTime:0.010537s ]
[2020-10-27T16:51:42+08:00][sql] CONNECT:[ UseTime:0.002338s ] mysql:host=127.0.0.1;port=3306;dbname=jifei;charset=utf8
[2020-10-27T16:51:42+08:00][sql] SHOW FULL COLUMNS FROM `yh_user` [ RunTime:0.004429s ]
[2020-10-27T16:51:42+08:00][sql] SELECT * FROM `yh_user` WHERE  `id` = 3 LIMIT 1 [ RunTime:0.008113s ]
[2020-10-27T16:51:42+08:00][sql] SHOW FULL COLUMNS FROM `yh_business` [ RunTime:0.004697s ]
[2020-10-27T16:51:42+08:00][sql] SELECT * FROM `yh_business` WHERE  `id` = 3 LIMIT 1 [ RunTime:0.000823s ]
[2020-10-27T16:51:42+08:00][sql] SHOW FULL COLUMNS FROM `yh_webpz` [ RunTime:0.010282s ]
[2020-10-27T16:51:42+08:00][sql] SELECT * FROM `yh_webpz` WHERE  `id` = 1 LIMIT 1 [ RunTime:0.001202s ]
[2020-10-27T16:51:46+08:00][sql] CONNECT:[ UseTime:0.001368s ] mysql:host=127.0.0.1;port=3306;dbname=jifei;charset=utf8
[2020-10-27T16:51:46+08:00][sql] SHOW FULL COLUMNS FROM `yh_user` [ RunTime:0.002624s ]
[2020-10-27T16:51:46+08:00][sql] SELECT * FROM `yh_user` WHERE  `id` = 3 LIMIT 1 [ RunTime:0.001593s ]
[2020-10-27T16:51:46+08:00][sql] SHOW FULL COLUMNS FROM `yh_business` [ RunTime:0.001890s ]
[2020-10-27T16:51:46+08:00][sql] SELECT * FROM `yh_business` WHERE  `id` = 3 LIMIT 1 [ RunTime:0.000610s ]
[2020-10-27T16:51:46+08:00][sql] SHOW FULL COLUMNS FROM `yh_webpz` [ RunTime:0.001968s ]
[2020-10-27T16:51:46+08:00][sql] SELECT * FROM `yh_webpz` WHERE  `id` = 1 LIMIT 1 [ RunTime:0.000614s ]
[2020-10-27T16:51:46+08:00][sql] UPDATE `yh_user`  SET `qq` = '1178350505'  WHERE  `id` = 3 [ RunTime:0.003205s ]
[2020-10-27T16:51:46+08:00][sql] CONNECT:[ UseTime:0.001301s ] mysql:host=127.0.0.1;port=3306;dbname=jifei;charset=utf8
[2020-10-27T16:51:46+08:00][sql] SHOW FULL COLUMNS FROM `yh_user` [ RunTime:0.002752s ]
[2020-10-27T16:51:46+08:00][sql] SELECT * FROM `yh_user` WHERE  `id` = 3 LIMIT 1 [ RunTime:0.000991s ]
[2020-10-27T16:51:46+08:00][sql] SHOW FULL COLUMNS FROM `yh_business` [ RunTime:0.002067s ]
[2020-10-27T16:51:46+08:00][sql] SELECT * FROM `yh_business` WHERE  `id` = 3 LIMIT 1 [ RunTime:0.000623s ]
[2020-10-27T16:51:46+08:00][sql] SHOW FULL COLUMNS FROM `yh_webpz` [ RunTime:0.002049s ]
[2020-10-27T16:51:46+08:00][sql] SELECT * FROM `yh_webpz` WHERE  `id` = 1 LIMIT 1 [ RunTime:0.000956s ]
[2020-10-27T16:52:06+08:00][sql] CONNECT:[ UseTime:0.001459s ] mysql:host=127.0.0.1;port=3306;dbname=jifei;charset=utf8
[2020-10-27T16:52:06+08:00][sql] SHOW FULL COLUMNS FROM `yh_user` [ RunTime:0.004562s ]
[2020-10-27T16:52:06+08:00][sql] SELECT * FROM `yh_user` WHERE  `id` = 3 LIMIT 1 [ RunTime:0.000863s ]
[2020-10-27T16:52:06+08:00][sql] SHOW FULL COLUMNS FROM `yh_business` [ RunTime:0.002046s ]
[2020-10-27T16:52:06+08:00][sql] SELECT * FROM `yh_business` WHERE  `id` = 3 LIMIT 1 [ RunTime:0.000554s ]
[2020-10-27T16:52:06+08:00][sql] SHOW FULL COLUMNS FROM `yh_webpz` [ RunTime:0.002202s ]
[2020-10-27T16:52:06+08:00][sql] SELECT * FROM `yh_webpz` WHERE  `id` = 1 LIMIT 1 [ RunTime:0.000636s ]
[2020-10-27T16:52:06+08:00][sql] UPDATE `yh_business`  SET `user_key` = 'fikmswzCIJOQSV0359'  WHERE  `id` = 3 [ RunTime:0.006192s ]
[2020-10-27T16:52:06+08:00][sql] CONNECT:[ UseTime:0.002038s ] mysql:host=127.0.0.1;port=3306;dbname=jifei;charset=utf8
[2020-10-27T16:52:06+08:00][sql] SHOW FULL COLUMNS FROM `yh_user` [ RunTime:0.002683s ]
[2020-10-27T16:52:06+08:00][sql] SELECT * FROM `yh_user` WHERE  `id` = 3 LIMIT 1 [ RunTime:0.000830s ]
[2020-10-27T16:52:06+08:00][sql] SHOW FULL COLUMNS FROM `yh_business` [ RunTime:0.001890s ]
[2020-10-27T16:52:06+08:00][sql] SELECT * FROM `yh_business` WHERE  `id` = 3 LIMIT 1 [ RunTime:0.000713s ]
[2020-10-27T16:52:06+08:00][sql] SHOW FULL COLUMNS FROM `yh_webpz` [ RunTime:0.002558s ]
[2020-10-27T16:52:06+08:00][sql] SELECT * FROM `yh_webpz` WHERE  `id` = 1 LIMIT 1 [ RunTime:0.000687s ]
[2020-10-27T16:52:07+08:00][sql] CONNECT:[ UseTime:0.001398s ] mysql:host=127.0.0.1;port=3306;dbname=jifei;charset=utf8
[2020-10-27T16:52:07+08:00][sql] SHOW FULL COLUMNS FROM `yh_user` [ RunTime:0.002656s ]
[2020-10-27T16:52:07+08:00][sql] SELECT * FROM `yh_user` WHERE  `id` = 3 LIMIT 1 [ RunTime:0.000936s ]
[2020-10-27T16:52:07+08:00][sql] SHOW FULL COLUMNS FROM `yh_business` [ RunTime:0.002080s ]
[2020-10-27T16:52:07+08:00][sql] SELECT * FROM `yh_business` WHERE  `id` = 3 LIMIT 1 [ RunTime:0.001177s ]
[2020-10-27T16:52:07+08:00][sql] SHOW FULL COLUMNS FROM `yh_webpz` [ RunTime:0.002167s ]
[2020-10-27T16:52:07+08:00][sql] SELECT * FROM `yh_webpz` WHERE  `id` = 1 LIMIT 1 [ RunTime:0.000736s ]
[2020-10-27T16:52:07+08:00][sql] UPDATE `yh_business`  SET `user_key` = 'fuzBDFILPTUVWX0346'  WHERE  `id` = 3 [ RunTime:0.003801s ]
[2020-10-27T16:52:07+08:00][sql] CONNECT:[ UseTime:0.001240s ] mysql:host=127.0.0.1;port=3306;dbname=jifei;charset=utf8
[2020-10-27T16:52:07+08:00][sql] SHOW FULL COLUMNS FROM `yh_user` [ RunTime:0.002557s ]
[2020-10-27T16:52:07+08:00][sql] SELECT * FROM `yh_user` WHERE  `id` = 3 LIMIT 1 [ RunTime:0.000740s ]
[2020-10-27T16:52:07+08:00][sql] SHOW FULL COLUMNS FROM `yh_business` [ RunTime:0.001854s ]
[2020-10-27T16:52:07+08:00][sql] SELECT * FROM `yh_business` WHERE  `id` = 3 LIMIT 1 [ RunTime:0.000703s ]
[2020-10-27T16:52:07+08:00][sql] SHOW FULL COLUMNS FROM `yh_webpz` [ RunTime:0.005303s ]
[2020-10-27T16:52:07+08:00][sql] SELECT * FROM `yh_webpz` WHERE  `id` = 1 LIMIT 1 [ RunTime:0.000774s ]
[2020-10-27T16:52:08+08:00][sql] CONNECT:[ UseTime:0.001234s ] mysql:host=127.0.0.1;port=3306;dbname=jifei;charset=utf8
[2020-10-27T16:52:08+08:00][sql] SHOW FULL COLUMNS FROM `yh_user` [ RunTime:0.002811s ]
[2020-10-27T16:52:08+08:00][sql] SELECT * FROM `yh_user` WHERE  `id` = 3 LIMIT 1 [ RunTime:0.003903s ]
[2020-10-27T16:52:08+08:00][sql] SHOW FULL COLUMNS FROM `yh_business` [ RunTime:0.005666s ]
[2020-10-27T16:52:08+08:00][sql] SELECT * FROM `yh_business` WHERE  `id` = 3 LIMIT 1 [ RunTime:0.000648s ]
[2020-10-27T16:52:08+08:00][sql] SHOW FULL COLUMNS FROM `yh_webpz` [ RunTime:0.002014s ]
[2020-10-27T16:52:08+08:00][sql] SELECT * FROM `yh_webpz` WHERE  `id` = 1 LIMIT 1 [ RunTime:0.000721s ]
[2020-10-27T16:52:08+08:00][sql] UPDATE `yh_business`  SET `user_key` = 'bcfkmzAHKPQRVWZ078'  WHERE  `id` = 3 [ RunTime:0.003179s ]
[2020-10-27T16:52:09+08:00][sql] CONNECT:[ UseTime:0.001330s ] mysql:host=127.0.0.1;port=3306;dbname=jifei;charset=utf8
[2020-10-27T16:52:09+08:00][sql] SHOW FULL COLUMNS FROM `yh_user` [ RunTime:0.005567s ]
[2020-10-27T16:52:09+08:00][sql] SELECT * FROM `yh_user` WHERE  `id` = 3 LIMIT 1 [ RunTime:0.001212s ]
[2020-10-27T16:52:09+08:00][sql] SHOW FULL COLUMNS FROM `yh_business` [ RunTime:0.006936s ]
[2020-10-27T16:52:09+08:00][sql] SELECT * FROM `yh_business` WHERE  `id` = 3 LIMIT 1 [ RunTime:0.000787s ]
[2020-10-27T16:52:09+08:00][sql] SHOW FULL COLUMNS FROM `yh_webpz` [ RunTime:0.005163s ]
[2020-10-27T16:52:09+08:00][sql] SELECT * FROM `yh_webpz` WHERE  `id` = 1 LIMIT 1 [ RunTime:0.001753s ]
[2020-10-27T16:52:09+08:00][sql] CONNECT:[ UseTime:0.001345s ] mysql:host=127.0.0.1;port=3306;dbname=jifei;charset=utf8
[2020-10-27T16:52:09+08:00][sql] SHOW FULL COLUMNS FROM `yh_user` [ RunTime:0.002216s ]
[2020-10-27T16:52:09+08:00][sql] SELECT * FROM `yh_user` WHERE  `id` = 3 LIMIT 1 [ RunTime:0.000630s ]
[2020-10-27T16:52:09+08:00][sql] SHOW FULL COLUMNS FROM `yh_business` [ RunTime:0.001664s ]
[2020-10-27T16:52:09+08:00][sql] SELECT * FROM `yh_business` WHERE  `id` = 3 LIMIT 1 [ RunTime:0.000559s ]
[2020-10-27T16:52:09+08:00][sql] SHOW FULL COLUMNS FROM `yh_webpz` [ RunTime:0.001828s ]
[2020-10-27T16:52:09+08:00][sql] SELECT * FROM `yh_webpz` WHERE  `id` = 1 LIMIT 1 [ RunTime:0.000626s ]
[2020-10-27T16:52:09+08:00][sql] UPDATE `yh_business`  SET `user_key` = 'admnpqrwACEKSV1569'  WHERE  `id` = 3 [ RunTime:0.003209s ]
[2020-10-27T16:52:09+08:00][sql] CONNECT:[ UseTime:0.001179s ] mysql:host=127.0.0.1;port=3306;dbname=jifei;charset=utf8
[2020-10-27T16:52:09+08:00][sql] SHOW FULL COLUMNS FROM `yh_user` [ RunTime:0.002654s ]
[2020-10-27T16:52:09+08:00][sql] SELECT * FROM `yh_user` WHERE  `id` = 3 LIMIT 1 [ RunTime:0.000684s ]
[2020-10-27T16:52:09+08:00][sql] SHOW FULL COLUMNS FROM `yh_business` [ RunTime:0.001908s ]
[2020-10-27T16:52:09+08:00][sql] SELECT * FROM `yh_business` WHERE  `id` = 3 LIMIT 1 [ RunTime:0.000589s ]
[2020-10-27T16:52:09+08:00][sql] SHOW FULL COLUMNS FROM `yh_webpz` [ RunTime:0.001987s ]
[2020-10-27T16:52:09+08:00][sql] SELECT * FROM `yh_webpz` WHERE  `id` = 1 LIMIT 1 [ RunTime:0.000620s ]
[2020-10-27T16:52:12+08:00][sql] CONNECT:[ UseTime:0.001762s ] mysql:host=127.0.0.1;port=3306;dbname=jifei;charset=utf8
[2020-10-27T16:52:12+08:00][sql] SHOW FULL COLUMNS FROM `yh_user` [ RunTime:0.002649s ]
[2020-10-27T16:52:12+08:00][sql] SELECT * FROM `yh_user` WHERE  `id` = 3 LIMIT 1 [ RunTime:0.000705s ]
[2020-10-27T16:52:12+08:00][sql] SHOW FULL COLUMNS FROM `yh_business` [ RunTime:0.001923s ]
[2020-10-27T16:52:12+08:00][sql] SELECT * FROM `yh_business` WHERE  `id` = 3 LIMIT 1 [ RunTime:0.000570s ]
[2020-10-27T16:52:12+08:00][sql] SHOW FULL COLUMNS FROM `yh_webpz` [ RunTime:0.002018s ]
[2020-10-27T16:52:12+08:00][sql] SELECT * FROM `yh_webpz` WHERE  `id` = 1 LIMIT 1 [ RunTime:0.000641s ]
[2020-10-27T16:52:12+08:00][sql] UPDATE `yh_business`  SET `user_key` = 'aiprswyGIJKPTY0169'  WHERE  `id` = 3 [ RunTime:0.003294s ]
[2020-10-27T16:52:12+08:00][sql] CONNECT:[ UseTime:0.001545s ] mysql:host=127.0.0.1;port=3306;dbname=jifei;charset=utf8
[2020-10-27T16:52:12+08:00][sql] SHOW FULL COLUMNS FROM `yh_user` [ RunTime:0.002741s ]
[2020-10-27T16:52:12+08:00][sql] SELECT * FROM `yh_user` WHERE  `id` = 3 LIMIT 1 [ RunTime:0.000804s ]
[2020-10-27T16:52:12+08:00][sql] SHOW FULL COLUMNS FROM `yh_business` [ RunTime:0.002735s ]
[2020-10-27T16:52:12+08:00][sql] SELECT * FROM `yh_business` WHERE  `id` = 3 LIMIT 1 [ RunTime:0.000872s ]
[2020-10-27T16:52:12+08:00][sql] SHOW FULL COLUMNS FROM `yh_webpz` [ RunTime:0.001950s ]
[2020-10-27T16:52:12+08:00][sql] SELECT * FROM `yh_webpz` WHERE  `id` = 1 LIMIT 1 [ RunTime:0.001799s ]
[2020-10-27T16:52:15+08:00][sql] CONNECT:[ UseTime:0.001512s ] mysql:host=127.0.0.1;port=3306;dbname=jifei;charset=utf8
[2020-10-27T16:52:15+08:00][sql] SHOW FULL COLUMNS FROM `yh_user` [ RunTime:0.003223s ]
[2020-10-27T16:52:15+08:00][sql] SELECT * FROM `yh_user` WHERE  `id` = 3 LIMIT 1 [ RunTime:0.000782s ]
[2020-10-27T16:52:15+08:00][sql] SHOW FULL COLUMNS FROM `yh_business` [ RunTime:0.001910s ]
[2020-10-27T16:52:15+08:00][sql] SELECT * FROM `yh_business` WHERE  `id` = 3 LIMIT 1 [ RunTime:0.000620s ]
[2020-10-27T16:52:15+08:00][sql] SHOW FULL COLUMNS FROM `yh_webpz` [ RunTime:0.002884s ]
[2020-10-27T16:52:15+08:00][sql] SELECT * FROM `yh_webpz` WHERE  `id` = 1 LIMIT 1 [ RunTime:0.000829s ]
[2020-10-27T16:52:19+08:00][sql] CONNECT:[ UseTime:0.001337s ] mysql:host=127.0.0.1;port=3306;dbname=jifei;charset=utf8
[2020-10-27T16:52:19+08:00][sql] SHOW FULL COLUMNS FROM `yh_user` [ RunTime:0.002746s ]
[2020-10-27T16:52:19+08:00][sql] SELECT * FROM `yh_user` WHERE  `id` = 3 LIMIT 1 [ RunTime:0.000836s ]
[2020-10-27T16:52:19+08:00][sql] SHOW FULL COLUMNS FROM `yh_business` [ RunTime:0.003431s ]
[2020-10-27T16:52:19+08:00][sql] SELECT * FROM `yh_business` WHERE  `id` = 3 LIMIT 1 [ RunTime:0.003554s ]
[2020-10-27T16:52:19+08:00][sql] SHOW FULL COLUMNS FROM `yh_webpz` [ RunTime:0.006074s ]
[2020-10-27T16:52:19+08:00][sql] SELECT * FROM `yh_webpz` WHERE  `id` = 1 LIMIT 1 [ RunTime:0.000795s ]
[2020-10-27T16:52:22+08:00][sql] CONNECT:[ UseTime:0.001243s ] mysql:host=127.0.0.1;port=3306;dbname=jifei;charset=utf8
[2020-10-27T16:52:22+08:00][sql] SHOW FULL COLUMNS FROM `yh_user` [ RunTime:0.002369s ]
[2020-10-27T16:52:22+08:00][sql] SELECT * FROM `yh_user` WHERE  `id` = 3 LIMIT 1 [ RunTime:0.000711s ]
[2020-10-27T16:52:22+08:00][sql] SHOW FULL COLUMNS FROM `yh_business` [ RunTime:0.001884s ]
[2020-10-27T16:52:22+08:00][sql] SELECT * FROM `yh_business` WHERE  `id` = 3 LIMIT 1 [ RunTime:0.000569s ]
[2020-10-27T16:52:22+08:00][sql] SHOW FULL COLUMNS FROM `yh_webpz` [ RunTime:0.001850s ]
[2020-10-27T16:52:22+08:00][sql] SELECT * FROM `yh_webpz` WHERE  `id` = 1 LIMIT 1 [ RunTime:0.000637s ]
[2020-10-27T16:52:22+08:00][sql] SHOW FULL COLUMNS FROM `yh_meal` [ RunTime:0.001894s ]
[2020-10-27T16:52:22+08:00][sql] SELECT * FROM `yh_meal` WHERE  `status` = 1  AND `type` = 1 ORDER BY `id` DESC [ RunTime:0.000652s ]
[2020-10-27T16:52:23+08:00][sql] CONNECT:[ UseTime:0.001150s ] mysql:host=127.0.0.1;port=3306;dbname=jifei;charset=utf8
[2020-10-27T16:52:23+08:00][sql] SHOW FULL COLUMNS FROM `yh_user` [ RunTime:0.002540s ]
[2020-10-27T16:52:23+08:00][sql] SELECT * FROM `yh_user` WHERE  `id` = 3 LIMIT 1 [ RunTime:0.003054s ]
[2020-10-27T16:52:23+08:00][sql] SHOW FULL COLUMNS FROM `yh_business` [ RunTime:0.001953s ]
[2020-10-27T16:52:23+08:00][sql] SELECT * FROM `yh_business` WHERE  `id` = 3 LIMIT 1 [ RunTime:0.000927s ]
[2020-10-27T16:52:23+08:00][sql] SHOW FULL COLUMNS FROM `yh_webpz` [ RunTime:0.001773s ]
[2020-10-27T16:52:23+08:00][sql] SELECT * FROM `yh_webpz` WHERE  `id` = 1 LIMIT 1 [ RunTime:0.000531s ]
[2020-10-27T16:52:23+08:00][sql] SHOW FULL COLUMNS FROM `yh_meal` [ RunTime:0.001429s ]
[2020-10-27T16:52:23+08:00][sql] SELECT * FROM `yh_meal` WHERE  `status` = 1  AND `type` = 1 ORDER BY `id` DESC [ RunTime:0.000589s ]
[2020-10-27T16:52:24+08:00][sql] CONNECT:[ UseTime:0.004336s ] mysql:host=127.0.0.1;port=3306;dbname=jifei;charset=utf8
[2020-10-27T16:52:24+08:00][sql] SHOW FULL COLUMNS FROM `yh_user` [ RunTime:0.006289s ]
[2020-10-27T16:52:24+08:00][sql] SELECT * FROM `yh_user` WHERE  `id` = 3 LIMIT 1 [ RunTime:0.001063s ]
[2020-10-27T16:52:24+08:00][sql] SHOW FULL COLUMNS FROM `yh_business` [ RunTime:0.003575s ]
[2020-10-27T16:52:24+08:00][sql] SELECT * FROM `yh_business` WHERE  `id` = 3 LIMIT 1 [ RunTime:0.000609s ]
[2020-10-27T16:52:24+08:00][sql] SHOW FULL COLUMNS FROM `yh_webpz` [ RunTime:0.003619s ]
[2020-10-27T16:52:24+08:00][sql] SELECT * FROM `yh_webpz` WHERE  `id` = 1 LIMIT 1 [ RunTime:0.000679s ]
[2020-10-27T16:52:26+08:00][sql] CONNECT:[ UseTime:0.001728s ] mysql:host=127.0.0.1;port=3306;dbname=jifei;charset=utf8
[2020-10-27T16:52:26+08:00][sql] SHOW FULL COLUMNS FROM `yh_user` [ RunTime:0.003484s ]
[2020-10-27T16:52:26+08:00][sql] SELECT * FROM `yh_user` WHERE  `id` = 3 LIMIT 1 [ RunTime:0.000927s ]
[2020-10-27T16:52:26+08:00][sql] SHOW FULL COLUMNS FROM `yh_business` [ RunTime:0.002845s ]
[2020-10-27T16:52:26+08:00][sql] SELECT * FROM `yh_business` WHERE  `id` = 3 LIMIT 1 [ RunTime:0.000648s ]
[2020-10-27T16:52:26+08:00][sql] SHOW FULL COLUMNS FROM `yh_webpz` [ RunTime:0.002217s ]
[2020-10-27T16:52:26+08:00][sql] SELECT * FROM `yh_webpz` WHERE  `id` = 1 LIMIT 1 [ RunTime:0.000727s ]
[2020-10-27T16:52:26+08:00][sql] CONNECT:[ UseTime:0.001800s ] mysql:host=127.0.0.1;port=3306;dbname=jifei;charset=utf8
[2020-10-27T16:52:26+08:00][sql] SHOW FULL COLUMNS FROM `yh_user` [ RunTime:0.002638s ]
[2020-10-27T16:52:26+08:00][sql] SELECT * FROM `yh_user` WHERE  `id` = 3 LIMIT 1 [ RunTime:0.000743s ]
[2020-10-27T16:52:26+08:00][sql] SHOW FULL COLUMNS FROM `yh_business` [ RunTime:0.001877s ]
[2020-10-27T16:52:26+08:00][sql] SELECT * FROM `yh_business` WHERE  `id` = 3 LIMIT 1 [ RunTime:0.000583s ]
[2020-10-27T16:52:26+08:00][sql] SHOW FULL COLUMNS FROM `yh_webpz` [ RunTime:0.002063s ]
[2020-10-27T16:52:26+08:00][sql] SELECT * FROM `yh_webpz` WHERE  `id` = 1 LIMIT 1 [ RunTime:0.000685s ]
[2020-10-27T16:52:26+08:00][sql] SHOW FULL COLUMNS FROM `yh_meal` [ RunTime:0.002006s ]
[2020-10-27T16:52:26+08:00][sql] SELECT * FROM `yh_meal` WHERE  `status` = 1  AND `type` = 1 ORDER BY `id` DESC [ RunTime:0.000714s ]
[2020-10-27T16:52:27+08:00][sql] CONNECT:[ UseTime:0.004791s ] mysql:host=127.0.0.1;port=3306;dbname=jifei;charset=utf8
[2020-10-27T16:52:27+08:00][sql] SHOW FULL COLUMNS FROM `yh_user` [ RunTime:0.009653s ]
[2020-10-27T16:52:27+08:00][sql] SELECT * FROM `yh_user` WHERE  `id` = 3 LIMIT 1 [ RunTime:0.000926s ]
[2020-10-27T16:52:27+08:00][sql] SHOW FULL COLUMNS FROM `yh_business` [ RunTime:0.002000s ]
[2020-10-27T16:52:27+08:00][sql] SELECT * FROM `yh_business` WHERE  `id` = 3 LIMIT 1 [ RunTime:0.000545s ]
[2020-10-27T16:52:27+08:00][sql] SHOW FULL COLUMNS FROM `yh_webpz` [ RunTime:0.002084s ]
[2020-10-27T16:52:27+08:00][sql] SELECT * FROM `yh_webpz` WHERE  `id` = 1 LIMIT 1 [ RunTime:0.001446s ]
[2020-10-27T16:52:27+08:00][sql] SHOW FULL COLUMNS FROM `yh_meal` [ RunTime:0.003155s ]
[2020-10-27T16:52:27+08:00][sql] SELECT * FROM `yh_meal` WHERE  `status` = 1  AND `type` = 1 ORDER BY `id` DESC [ RunTime:0.000852s ]
[2020-10-27T16:52:28+08:00][sql] CONNECT:[ UseTime:0.001082s ] mysql:host=127.0.0.1;port=3306;dbname=jifei;charset=utf8
[2020-10-27T16:52:28+08:00][sql] SHOW FULL COLUMNS FROM `yh_user` [ RunTime:0.002588s ]
[2020-10-27T16:52:28+08:00][sql] SELECT * FROM `yh_user` WHERE  `id` = 3 LIMIT 1 [ RunTime:0.000611s ]
[2020-10-27T16:52:28+08:00][sql] SHOW FULL COLUMNS FROM `yh_business` [ RunTime:0.001871s ]
[2020-10-27T16:52:28+08:00][sql] SELECT * FROM `yh_business` WHERE  `id` = 3 LIMIT 1 [ RunTime:0.000414s ]
[2020-10-27T16:52:28+08:00][sql] SHOW FULL COLUMNS FROM `yh_webpz` [ RunTime:0.002592s ]
[2020-10-27T16:52:28+08:00][sql] SELECT * FROM `yh_webpz` WHERE  `id` = 1 LIMIT 1 [ RunTime:0.000717s ]
[2020-10-27T16:52:28+08:00][sql] SHOW FULL COLUMNS FROM `yh_meal` [ RunTime:0.002060s ]
[2020-10-27T16:52:28+08:00][sql] SELECT * FROM `yh_meal` WHERE  `status` = 1  AND `type` = 2 ORDER BY `id` DESC [ RunTime:0.000749s ]
[2020-10-27T16:52:29+08:00][sql] CONNECT:[ UseTime:0.002831s ] mysql:host=127.0.0.1;port=3306;dbname=jifei;charset=utf8
[2020-10-27T16:52:29+08:00][sql] SHOW FULL COLUMNS FROM `yh_user` [ RunTime:0.006933s ]
[2020-10-27T16:52:29+08:00][sql] SELECT * FROM `yh_user` WHERE  `id` = 3 LIMIT 1 [ RunTime:0.001347s ]
[2020-10-27T16:52:29+08:00][sql] SHOW FULL COLUMNS FROM `yh_business` [ RunTime:0.001896s ]
[2020-10-27T16:52:29+08:00][sql] SELECT * FROM `yh_business` WHERE  `id` = 3 LIMIT 1 [ RunTime:0.000509s ]
[2020-10-27T16:52:29+08:00][sql] SHOW FULL COLUMNS FROM `yh_webpz` [ RunTime:0.001726s ]
[2020-10-27T16:52:29+08:00][sql] SELECT * FROM `yh_webpz` WHERE  `id` = 1 LIMIT 1 [ RunTime:0.000509s ]
[2020-10-27T16:52:29+08:00][sql] SHOW FULL COLUMNS FROM `yh_meal` [ RunTime:0.002253s ]
[2020-10-27T16:52:29+08:00][sql] SELECT * FROM `yh_meal` WHERE  `status` = 1  AND `type` = 1 ORDER BY `id` DESC [ RunTime:0.004243s ]
[2020-10-27T16:52:31+08:00][sql] CONNECT:[ UseTime:0.001245s ] mysql:host=127.0.0.1;port=3306;dbname=jifei;charset=utf8
[2020-10-27T16:52:31+08:00][sql] SHOW FULL COLUMNS FROM `yh_user` [ RunTime:0.002675s ]
[2020-10-27T16:52:31+08:00][sql] SELECT * FROM `yh_user` WHERE  `id` = 3 LIMIT 1 [ RunTime:0.000682s ]
[2020-10-27T16:52:31+08:00][sql] SHOW FULL COLUMNS FROM `yh_business` [ RunTime:0.001987s ]
[2020-10-27T16:52:31+08:00][sql] SELECT * FROM `yh_business` WHERE  `id` = 3 LIMIT 1 [ RunTime:0.000547s ]
[2020-10-27T16:52:31+08:00][sql] SHOW FULL COLUMNS FROM `yh_webpz` [ RunTime:0.002108s ]
[2020-10-27T16:52:31+08:00][sql] SELECT * FROM `yh_webpz` WHERE  `id` = 1 LIMIT 1 [ RunTime:0.014607s ]
[2020-10-27T16:52:31+08:00][sql] SHOW FULL COLUMNS FROM `yh_meal` [ RunTime:0.005581s ]
[2020-10-27T16:52:31+08:00][sql] SELECT * FROM `yh_meal` WHERE  `status` = 1  AND `type` = 2 ORDER BY `id` DESC [ RunTime:0.001803s ]
[2020-10-27T16:52:32+08:00][sql] CONNECT:[ UseTime:0.002055s ] mysql:host=127.0.0.1;port=3306;dbname=jifei;charset=utf8
[2020-10-27T16:52:32+08:00][sql] SHOW FULL COLUMNS FROM `yh_user` [ RunTime:0.004671s ]
[2020-10-27T16:52:32+08:00][sql] SELECT * FROM `yh_user` WHERE  `id` = 3 LIMIT 1 [ RunTime:0.000711s ]
[2020-10-27T16:52:32+08:00][sql] SHOW FULL COLUMNS FROM `yh_business` [ RunTime:0.001920s ]
[2020-10-27T16:52:32+08:00][sql] SELECT * FROM `yh_business` WHERE  `id` = 3 LIMIT 1 [ RunTime:0.000554s ]
[2020-10-27T16:52:32+08:00][sql] SHOW FULL COLUMNS FROM `yh_webpz` [ RunTime:0.002184s ]
[2020-10-27T16:52:32+08:00][sql] SELECT * FROM `yh_webpz` WHERE  `id` = 1 LIMIT 1 [ RunTime:0.005326s ]
[2020-10-27T16:52:32+08:00][sql] SHOW FULL COLUMNS FROM `yh_meal` [ RunTime:0.005834s ]
[2020-10-27T16:52:32+08:00][sql] SELECT * FROM `yh_meal` WHERE  `status` = 1  AND `type` = 1 ORDER BY `id` DESC [ RunTime:0.000895s ]
[2020-10-27T16:52:33+08:00][sql] CONNECT:[ UseTime:0.002942s ] mysql:host=127.0.0.1;port=3306;dbname=jifei;charset=utf8
[2020-10-27T16:52:33+08:00][sql] SHOW FULL COLUMNS FROM `yh_user` [ RunTime:0.002464s ]
[2020-10-27T16:52:33+08:00][sql] SELECT * FROM `yh_user` WHERE  `id` = 3 LIMIT 1 [ RunTime:0.000646s ]
[2020-10-27T16:52:33+08:00][sql] SHOW FULL COLUMNS FROM `yh_business` [ RunTime:0.001842s ]
[2020-10-27T16:52:33+08:00][sql] SELECT * FROM `yh_business` WHERE  `id` = 3 LIMIT 1 [ RunTime:0.000541s ]
[2020-10-27T16:52:33+08:00][sql] SHOW FULL COLUMNS FROM `yh_webpz` [ RunTime:0.002042s ]
[2020-10-27T16:52:33+08:00][sql] SELECT * FROM `yh_webpz` WHERE  `id` = 1 LIMIT 1 [ RunTime:0.000559s ]
[2020-10-27T16:52:33+08:00][sql] SHOW FULL COLUMNS FROM `yh_meal` [ RunTime:0.001812s ]
[2020-10-27T16:52:33+08:00][sql] SELECT * FROM `yh_meal` WHERE  `status` = 1  AND `type` = 2 ORDER BY `id` DESC [ RunTime:0.000627s ]
[2020-10-27T16:52:33+08:00][sql] CONNECT:[ UseTime:0.001412s ] mysql:host=127.0.0.1;port=3306;dbname=jifei;charset=utf8
[2020-10-27T16:52:33+08:00][sql] SHOW FULL COLUMNS FROM `yh_user` [ RunTime:0.003084s ]
[2020-10-27T16:52:33+08:00][sql] SELECT * FROM `yh_user` WHERE  `id` = 3 LIMIT 1 [ RunTime:0.001125s ]
[2020-10-27T16:52:33+08:00][sql] SHOW FULL COLUMNS FROM `yh_business` [ RunTime:0.002306s ]
[2020-10-27T16:52:33+08:00][sql] SELECT * FROM `yh_business` WHERE  `id` = 3 LIMIT 1 [ RunTime:0.000639s ]
[2020-10-27T16:52:33+08:00][sql] SHOW FULL COLUMNS FROM `yh_webpz` [ RunTime:0.002129s ]
[2020-10-27T16:52:33+08:00][sql] SELECT * FROM `yh_webpz` WHERE  `id` = 1 LIMIT 1 [ RunTime:0.003811s ]
[2020-10-27T16:52:33+08:00][sql] SHOW FULL COLUMNS FROM `yh_meal` [ RunTime:0.005087s ]
[2020-10-27T16:52:33+08:00][sql] SELECT * FROM `yh_meal` WHERE  `id` = 1 LIMIT 1 [ RunTime:0.003182s ]
[2020-10-27T16:52:33+08:00][sql] CONNECT:[ UseTime:0.001909s ] mysql:host=127.0.0.1;port=3306;dbname=jifei;charset=utf8
[2020-10-27T16:52:33+08:00][sql] SHOW FULL COLUMNS FROM `yh_user` [ RunTime:0.002196s ]
[2020-10-27T16:52:33+08:00][sql] SELECT * FROM `yh_user` WHERE  `id` = 3 LIMIT 1 [ RunTime:0.000808s ]
[2020-10-27T16:52:33+08:00][sql] SHOW FULL COLUMNS FROM `yh_business` [ RunTime:0.002485s ]
[2020-10-27T16:52:33+08:00][sql] SELECT * FROM `yh_business` WHERE  `id` = 3 LIMIT 1 [ RunTime:0.001764s ]
[2020-10-27T16:52:33+08:00][sql] SHOW FULL COLUMNS FROM `yh_webpz` [ RunTime:0.002453s ]
[2020-10-27T16:52:33+08:00][sql] SELECT * FROM `yh_webpz` WHERE  `id` = 1 LIMIT 1 [ RunTime:0.000806s ]
[2020-10-27T16:52:33+08:00][sql] SHOW FULL COLUMNS FROM `yh_meal` [ RunTime:0.002386s ]
[2020-10-27T16:52:33+08:00][sql] SELECT * FROM `yh_meal` WHERE  `status` = 1  AND `type` = 1 ORDER BY `id` DESC [ RunTime:0.000946s ]
[2020-10-27T16:52:35+08:00][sql] CONNECT:[ UseTime:0.004735s ] mysql:host=127.0.0.1;port=3306;dbname=jifei;charset=utf8
[2020-10-27T16:52:35+08:00][sql] SHOW FULL COLUMNS FROM `yh_user` [ RunTime:0.009399s ]
[2020-10-27T16:52:35+08:00][sql] SELECT * FROM `yh_user` WHERE  `id` = 3 LIMIT 1 [ RunTime:0.001907s ]
[2020-10-27T16:52:35+08:00][sql] SHOW FULL COLUMNS FROM `yh_business` [ RunTime:0.005607s ]
[2020-10-27T16:52:35+08:00][sql] SELECT * FROM `yh_business` WHERE  `id` = 3 LIMIT 1 [ RunTime:0.001124s ]
[2020-10-27T16:52:35+08:00][sql] SHOW FULL COLUMNS FROM `yh_webpz` [ RunTime:0.006368s ]
[2020-10-27T16:52:35+08:00][sql] SELECT * FROM `yh_webpz` WHERE  `id` = 1 LIMIT 1 [ RunTime:0.001815s ]
[2020-10-27T16:52:35+08:00][sql] SHOW FULL COLUMNS FROM `yh_meal` [ RunTime:0.008279s ]
[2020-10-27T16:52:35+08:00][sql] SELECT * FROM `yh_meal` WHERE  `id` = 2 LIMIT 1 [ RunTime:0.001481s ]
[2020-10-27T16:52:36+08:00][sql] CONNECT:[ UseTime:0.002917s ] mysql:host=127.0.0.1;port=3306;dbname=jifei;charset=utf8
[2020-10-27T16:52:36+08:00][sql] SHOW FULL COLUMNS FROM `yh_user` [ RunTime:0.004488s ]
[2020-10-27T16:52:36+08:00][sql] SELECT * FROM `yh_user` WHERE  `id` = 3 LIMIT 1 [ RunTime:0.000681s ]
[2020-10-27T16:52:36+08:00][sql] SHOW FULL COLUMNS FROM `yh_business` [ RunTime:0.002165s ]
[2020-10-27T16:52:36+08:00][sql] SELECT * FROM `yh_business` WHERE  `id` = 3 LIMIT 1 [ RunTime:0.007993s ]
[2020-10-27T16:52:36+08:00][sql] SHOW FULL COLUMNS FROM `yh_webpz` [ RunTime:0.003508s ]
[2020-10-27T16:52:36+08:00][sql] SELECT * FROM `yh_webpz` WHERE  `id` = 1 LIMIT 1 [ RunTime:0.000700s ]
[2020-10-27T16:52:36+08:00][sql] SHOW FULL COLUMNS FROM `yh_meal` [ RunTime:0.002056s ]
[2020-10-27T16:52:36+08:00][sql] SELECT * FROM `yh_meal` WHERE  `status` = 1  AND `type` = 1 ORDER BY `id` DESC [ RunTime:0.000635s ]
[2020-10-27T16:52:37+08:00][sql] CONNECT:[ UseTime:0.002563s ] mysql:host=127.0.0.1;port=3306;dbname=jifei;charset=utf8
[2020-10-27T16:52:37+08:00][sql] SHOW FULL COLUMNS FROM `yh_user` [ RunTime:0.002281s ]
[2020-10-27T16:52:37+08:00][sql] SELECT * FROM `yh_user` WHERE  `id` = 3 LIMIT 1 [ RunTime:0.000702s ]
[2020-10-27T16:52:37+08:00][sql] SHOW FULL COLUMNS FROM `yh_business` [ RunTime:0.001988s ]
[2020-10-27T16:52:37+08:00][sql] SELECT * FROM `yh_business` WHERE  `id` = 3 LIMIT 1 [ RunTime:0.000443s ]
[2020-10-27T16:52:37+08:00][sql] SHOW FULL COLUMNS FROM `yh_webpz` [ RunTime:0.004279s ]
[2020-10-27T16:52:37+08:00][sql] SELECT * FROM `yh_webpz` WHERE  `id` = 1 LIMIT 1 [ RunTime:0.003781s ]
[2020-10-27T16:52:38+08:00][sql] CONNECT:[ UseTime:0.002370s ] mysql:host=127.0.0.1;port=3306;dbname=jifei;charset=utf8
[2020-10-27T16:52:38+08:00][sql] SHOW FULL COLUMNS FROM `yh_user` [ RunTime:0.011202s ]
[2020-10-27T16:52:38+08:00][sql] SELECT * FROM `yh_user` WHERE  `id` = 3 LIMIT 1 [ RunTime:0.003798s ]
[2020-10-27T16:52:38+08:00][sql] SHOW FULL COLUMNS FROM `yh_business` [ RunTime:0.006172s ]
[2020-10-27T16:52:38+08:00][sql] SELECT * FROM `yh_business` WHERE  `id` = 3 LIMIT 1 [ RunTime:0.000827s ]
[2020-10-27T16:52:38+08:00][sql] SHOW FULL COLUMNS FROM `yh_webpz` [ RunTime:0.005737s ]
[2020-10-27T16:52:38+08:00][sql] SELECT * FROM `yh_webpz` WHERE  `id` = 1 LIMIT 1 [ RunTime:0.000922s ]
[2020-10-27T16:52:39+08:00][sql] CONNECT:[ UseTime:0.001912s ] mysql:host=127.0.0.1;port=3306;dbname=jifei;charset=utf8
[2020-10-27T16:52:39+08:00][sql] SHOW FULL COLUMNS FROM `yh_user` [ RunTime:0.002683s ]
[2020-10-27T16:52:39+08:00][sql] SELECT * FROM `yh_user` WHERE  `id` = 3 LIMIT 1 [ RunTime:0.000727s ]
[2020-10-27T16:52:39+08:00][sql] SHOW FULL COLUMNS FROM `yh_business` [ RunTime:0.001854s ]
[2020-10-27T16:52:39+08:00][sql] SELECT * FROM `yh_business` WHERE  `id` = 3 LIMIT 1 [ RunTime:0.000576s ]
[2020-10-27T16:52:39+08:00][sql] SHOW FULL COLUMNS FROM `yh_webpz` [ RunTime:0.002100s ]
[2020-10-27T16:52:39+08:00][sql] SELECT * FROM `yh_webpz` WHERE  `id` = 1 LIMIT 1 [ RunTime:0.000910s ]
[2020-10-27T16:52:39+08:00][sql] SHOW FULL COLUMNS FROM `yh_record` [ RunTime:0.001721s ]
[2020-10-27T16:52:39+08:00][sql] SELECT COUNT(*) AS think_count FROM `yh_record` WHERE  `uid` = 37409 [ RunTime:0.000624s ]
[2020-10-27T16:52:39+08:00][sql] SELECT * FROM `yh_record` WHERE  `uid` = 37409 ORDER BY `id` DESC LIMIT 0,10 [ RunTime:0.000557s ]
[2020-10-27T16:52:39+08:00][sql] CONNECT:[ UseTime:0.001337s ] mysql:host=127.0.0.1;port=3306;dbname=jifei;charset=utf8
[2020-10-27T16:52:39+08:00][sql] SHOW FULL COLUMNS FROM `yh_user` [ RunTime:0.002564s ]
[2020-10-27T16:52:39+08:00][sql] SELECT * FROM `yh_user` WHERE  `id` = 3 LIMIT 1 [ RunTime:0.000721s ]
[2020-10-27T16:52:39+08:00][sql] SHOW FULL COLUMNS FROM `yh_business` [ RunTime:0.002194s ]
[2020-10-27T16:52:39+08:00][sql] SELECT * FROM `yh_business` WHERE  `id` = 3 LIMIT 1 [ RunTime:0.000687s ]
[2020-10-27T16:52:39+08:00][sql] SHOW FULL COLUMNS FROM `yh_webpz` [ RunTime:0.003737s ]
[2020-10-27T16:52:39+08:00][sql] SELECT * FROM `yh_webpz` WHERE  `id` = 1 LIMIT 1 [ RunTime:0.000857s ]
[2020-10-27T16:52:44+08:00][sql] CONNECT:[ UseTime:0.001517s ] mysql:host=127.0.0.1;port=3306;dbname=jifei;charset=utf8
[2020-10-27T16:52:44+08:00][sql] SHOW FULL COLUMNS FROM `yh_user` [ RunTime:0.002844s ]
[2020-10-27T16:52:44+08:00][sql] SELECT * FROM `yh_user` WHERE  `id` = 3 LIMIT 1 [ RunTime:0.000771s ]
[2020-10-27T16:52:44+08:00][sql] SHOW FULL COLUMNS FROM `yh_business` [ RunTime:0.002129s ]
[2020-10-27T16:52:44+08:00][sql] SELECT * FROM `yh_business` WHERE  `id` = 3 LIMIT 1 [ RunTime:0.000843s ]
[2020-10-27T16:52:44+08:00][sql] SHOW FULL COLUMNS FROM `yh_webpz` [ RunTime:0.002076s ]
[2020-10-27T16:52:44+08:00][sql] SELECT * FROM `yh_webpz` WHERE  `id` = 1 LIMIT 1 [ RunTime:0.000910s ]
[2020-10-27T16:52:48+08:00][sql] CONNECT:[ UseTime:0.001298s ] mysql:host=127.0.0.1;port=3306;dbname=jifei;charset=utf8
[2020-10-27T16:52:48+08:00][sql] SHOW FULL COLUMNS FROM `yh_user` [ RunTime:0.002538s ]
[2020-10-27T16:52:48+08:00][sql] SELECT * FROM `yh_user` WHERE  `id` = 3 LIMIT 1 [ RunTime:0.000672s ]
[2020-10-27T16:52:48+08:00][sql] SHOW FULL COLUMNS FROM `yh_business` [ RunTime:0.002147s ]
[2020-10-27T16:52:48+08:00][sql] SELECT * FROM `yh_business` WHERE  `id` = 3 LIMIT 1 [ RunTime:0.000647s ]
[2020-10-27T16:52:48+08:00][sql] SHOW FULL COLUMNS FROM `yh_webpz` [ RunTime:0.002066s ]
[2020-10-27T16:52:48+08:00][sql] SELECT * FROM `yh_webpz` WHERE  `id` = 1 LIMIT 1 [ RunTime:0.001317s ]
[2020-10-27T16:52:49+08:00][sql] CONNECT:[ UseTime:0.005006s ] mysql:host=127.0.0.1;port=3306;dbname=jifei;charset=utf8
[2020-10-27T16:52:49+08:00][sql] SHOW FULL COLUMNS FROM `yh_user` [ RunTime:0.006538s ]
[2020-10-27T16:52:49+08:00][sql] SELECT * FROM `yh_user` WHERE  `id` = 3 LIMIT 1 [ RunTime:0.000916s ]
[2020-10-27T16:52:49+08:00][sql] SHOW FULL COLUMNS FROM `yh_business` [ RunTime:0.003786s ]
[2020-10-27T16:52:49+08:00][sql] SELECT * FROM `yh_business` WHERE  `id` = 3 LIMIT 1 [ RunTime:0.000582s ]
[2020-10-27T16:52:49+08:00][sql] SHOW FULL COLUMNS FROM `yh_webpz` [ RunTime:0.003094s ]
[2020-10-27T16:52:49+08:00][sql] SELECT * FROM `yh_webpz` WHERE  `id` = 1 LIMIT 1 [ RunTime:0.000814s ]
[2020-10-27T16:53:00+08:00][sql] CONNECT:[ UseTime:0.002041s ] mysql:host=127.0.0.1;port=3306;dbname=jifei;charset=utf8
[2020-10-27T16:53:00+08:00][sql] SHOW FULL COLUMNS FROM `yh_webpz` [ RunTime:0.002821s ]
[2020-10-27T16:53:00+08:00][sql] SELECT * FROM `yh_webpz` WHERE  `id` = 1 LIMIT 1 [ RunTime:0.000802s ]
[2020-10-27T16:53:00+08:00][sql] CONNECT:[ UseTime:0.004279s ] mysql:host=127.0.0.1;port=3306;dbname=jifei;charset=utf8
[2020-10-27T16:53:00+08:00][sql] SHOW FULL COLUMNS FROM `yh_webpz` [ RunTime:0.002725s ]
[2020-10-27T16:53:00+08:00][sql] SELECT * FROM `yh_webpz` WHERE  `id` = 1 LIMIT 1 [ RunTime:0.000732s ]
[2020-10-27T18:24:44+08:00][sql] CONNECT:[ UseTime:0.001420s ] mysql:host=127.0.0.1;port=3306;dbname=jifei;charset=utf8
[2020-10-27T18:24:44+08:00][sql] SHOW FULL COLUMNS FROM `yh_webpz` [ RunTime:0.002709s ]
[2020-10-27T18:24:44+08:00][sql] SELECT * FROM `yh_webpz` WHERE  `id` = 1 LIMIT 1 [ RunTime:0.000928s ]
[2020-10-27T18:24:54+08:00][sql] CONNECT:[ UseTime:0.012496s ] mysql:host=127.0.0.1;port=3306;dbname=jifei;charset=utf8
[2020-10-27T18:24:54+08:00][sql] SHOW FULL COLUMNS FROM `yh_webpz` [ RunTime:0.005030s ]
[2020-10-27T18:24:54+08:00][sql] SELECT * FROM `yh_webpz` WHERE  `id` = 1 LIMIT 1 [ RunTime:0.000706s ]
[2020-10-27T18:24:54+08:00][sql] SHOW FULL COLUMNS FROM `yh_user` [ RunTime:0.002016s ]
[2020-10-27T18:24:54+08:00][sql] SELECT * FROM `yh_user` WHERE  `username` = '1178350505'  AND `password` = '565be15b663c3a1c6a54055410cb763a' LIMIT 1 [ RunTime:0.000816s ]
[2020-10-27T18:24:54+08:00][sql] CONNECT:[ UseTime:0.004742s ] mysql:host=127.0.0.1;port=3306;dbname=jifei;charset=utf8
[2020-10-27T18:24:54+08:00][sql] SHOW FULL COLUMNS FROM `yh_webpz` [ RunTime:0.002296s ]
[2020-10-27T18:24:54+08:00][sql] SELECT * FROM `yh_webpz` WHERE  `id` = 1 LIMIT 1 [ RunTime:0.015164s ]
[2020-10-27T18:25:01+08:00][sql] CONNECT:[ UseTime:0.002530s ] mysql:host=127.0.0.1;port=3306;dbname=jifei;charset=utf8
[2020-10-27T18:25:01+08:00][sql] SHOW FULL COLUMNS FROM `yh_webpz` [ RunTime:0.005883s ]
[2020-10-27T18:25:01+08:00][sql] SELECT * FROM `yh_webpz` WHERE  `id` = 1 LIMIT 1 [ RunTime:0.001411s ]
[2020-10-27T18:25:01+08:00][sql] SHOW FULL COLUMNS FROM `yh_user` [ RunTime:0.002154s ]
[2020-10-27T18:25:01+08:00][sql] SELECT * FROM `yh_user` WHERE  `username` = '1178350505'  AND `password` = 'e10adc3949ba59abbe56e057f20f883e' LIMIT 1 [ RunTime:0.000590s ]
[2020-10-27T18:25:01+08:00][sql] CONNECT:[ UseTime:0.001150s ] mysql:host=127.0.0.1;port=3306;dbname=jifei;charset=utf8
[2020-10-27T18:25:01+08:00][sql] SHOW FULL COLUMNS FROM `yh_user` [ RunTime:0.002300s ]
[2020-10-27T18:25:01+08:00][sql] SELECT * FROM `yh_user` WHERE  `id` = 3 LIMIT 1 [ RunTime:0.002049s ]
[2020-10-27T18:25:01+08:00][sql] SHOW FULL COLUMNS FROM `yh_business` [ RunTime:0.003173s ]
[2020-10-27T18:25:01+08:00][sql] SELECT * FROM `yh_business` WHERE  `id` = 3 LIMIT 1 [ RunTime:0.000610s ]
[2020-10-27T18:25:01+08:00][sql] SHOW FULL COLUMNS FROM `yh_webpz` [ RunTime:0.002463s ]
[2020-10-27T18:25:01+08:00][sql] SELECT * FROM `yh_webpz` WHERE  `id` = 1 LIMIT 1 [ RunTime:0.000869s ]
[2020-10-27T18:25:21+08:00][sql] CONNECT:[ UseTime:0.001101s ] mysql:host=127.0.0.1;port=3306;dbname=jifei;charset=utf8
[2020-10-27T18:25:21+08:00][sql] SHOW FULL COLUMNS FROM `yh_user` [ RunTime:0.002451s ]
[2020-10-27T18:25:21+08:00][sql] SELECT * FROM `yh_user` WHERE  `id` = 3 LIMIT 1 [ RunTime:0.000808s ]
[2020-10-27T18:25:21+08:00][sql] SHOW FULL COLUMNS FROM `yh_business` [ RunTime:0.002177s ]
[2020-10-27T18:25:21+08:00][sql] SELECT * FROM `yh_business` WHERE  `id` = 3 LIMIT 1 [ RunTime:0.000710s ]
[2020-10-27T18:25:21+08:00][sql] SHOW FULL COLUMNS FROM `yh_webpz` [ RunTime:0.002166s ]
[2020-10-27T18:25:21+08:00][sql] SELECT * FROM `yh_webpz` WHERE  `id` = 1 LIMIT 1 [ RunTime:0.000792s ]
[2020-10-27T18:25:23+08:00][sql] CONNECT:[ UseTime:0.001536s ] mysql:host=127.0.0.1;port=3306;dbname=jifei;charset=utf8
[2020-10-27T18:25:23+08:00][sql] SHOW FULL COLUMNS FROM `yh_user` [ RunTime:0.002749s ]
[2020-10-27T18:25:23+08:00][sql] SELECT * FROM `yh_user` WHERE  `id` = 3 LIMIT 1 [ RunTime:0.000890s ]
[2020-10-27T18:25:23+08:00][sql] SHOW FULL COLUMNS FROM `yh_business` [ RunTime:0.002167s ]
[2020-10-27T18:25:23+08:00][sql] SELECT * FROM `yh_business` WHERE  `id` = 3 LIMIT 1 [ RunTime:0.000923s ]
[2020-10-27T18:25:23+08:00][sql] SHOW FULL COLUMNS FROM `yh_webpz` [ RunTime:0.002213s ]
[2020-10-27T18:25:23+08:00][sql] SELECT * FROM `yh_webpz` WHERE  `id` = 1 LIMIT 1 [ RunTime:0.000922s ]
[2020-10-27T18:25:24+08:00][sql] CONNECT:[ UseTime:0.006915s ] mysql:host=127.0.0.1;port=3306;dbname=jifei;charset=utf8
[2020-10-27T18:25:24+08:00][sql] SHOW FULL COLUMNS FROM `yh_user` [ RunTime:0.002573s ]
[2020-10-27T18:25:24+08:00][sql] SELECT * FROM `yh_user` WHERE  `id` = 3 LIMIT 1 [ RunTime:0.000799s ]
[2020-10-27T18:25:24+08:00][sql] SHOW FULL COLUMNS FROM `yh_business` [ RunTime:0.002060s ]
[2020-10-27T18:25:24+08:00][sql] SELECT * FROM `yh_business` WHERE  `id` = 3 LIMIT 1 [ RunTime:0.000556s ]
[2020-10-27T18:25:24+08:00][sql] SHOW FULL COLUMNS FROM `yh_webpz` [ RunTime:0.002366s ]
[2020-10-27T18:25:24+08:00][sql] SELECT * FROM `yh_webpz` WHERE  `id` = 1 LIMIT 1 [ RunTime:0.000671s ]
[2020-10-27T18:25:24+08:00][sql] SHOW FULL COLUMNS FROM `yh_meal` [ RunTime:0.002333s ]
[2020-10-27T18:25:24+08:00][sql] SELECT * FROM `yh_meal` WHERE  `status` = 1  AND `type` = 1 ORDER BY `id` DESC [ RunTime:0.000798s ]
[2020-10-27T18:25:28+08:00][sql] CONNECT:[ UseTime:0.001161s ] mysql:host=127.0.0.1;port=3306;dbname=jifei;charset=utf8
[2020-10-27T18:25:28+08:00][sql] SHOW FULL COLUMNS FROM `yh_user` [ RunTime:0.002642s ]
[2020-10-27T18:25:28+08:00][sql] SELECT * FROM `yh_user` WHERE  `id` = 3 LIMIT 1 [ RunTime:0.000748s ]
[2020-10-27T18:25:28+08:00][sql] SHOW FULL COLUMNS FROM `yh_business` [ RunTime:0.001993s ]
[2020-10-27T18:25:28+08:00][sql] SELECT * FROM `yh_business` WHERE  `id` = 3 LIMIT 1 [ RunTime:0.000657s ]
[2020-10-27T18:25:28+08:00][sql] SHOW FULL COLUMNS FROM `yh_webpz` [ RunTime:0.002187s ]
[2020-10-27T18:25:28+08:00][sql] SELECT * FROM `yh_webpz` WHERE  `id` = 1 LIMIT 1 [ RunTime:0.000877s ]
[2020-10-27T18:25:28+08:00][sql] SHOW FULL COLUMNS FROM `yh_meal` [ RunTime:0.001999s ]
[2020-10-27T18:25:28+08:00][sql] SELECT * FROM `yh_meal` WHERE  `id` = 2 LIMIT 1 [ RunTime:0.000707s ]
[2020-10-27T18:25:28+08:00][sql] CONNECT:[ UseTime:0.001308s ] mysql:host=127.0.0.1;port=3306;dbname=jifei;charset=utf8
[2020-10-27T18:25:28+08:00][sql] SHOW FULL COLUMNS FROM `yh_user` [ RunTime:0.002529s ]
[2020-10-27T18:25:28+08:00][sql] SELECT * FROM `yh_user` WHERE  `id` = 3 LIMIT 1 [ RunTime:0.001829s ]
[2020-10-27T18:25:28+08:00][sql] SHOW FULL COLUMNS FROM `yh_business` [ RunTime:0.001940s ]
[2020-10-27T18:25:28+08:00][sql] SELECT * FROM `yh_business` WHERE  `id` = 3 LIMIT 1 [ RunTime:0.000649s ]
[2020-10-27T18:25:28+08:00][sql] SHOW FULL COLUMNS FROM `yh_webpz` [ RunTime:0.002009s ]
[2020-10-27T18:25:28+08:00][sql] SELECT * FROM `yh_webpz` WHERE  `id` = 1 LIMIT 1 [ RunTime:0.000692s ]
[2020-10-27T18:25:28+08:00][sql] SHOW FULL COLUMNS FROM `yh_meal` [ RunTime:0.002078s ]
[2020-10-27T18:25:28+08:00][sql] SELECT * FROM `yh_meal` WHERE  `status` = 1  AND `type` = 1 ORDER BY `id` DESC [ RunTime:0.000657s ]
[2020-10-27T18:25:30+08:00][sql] CONNECT:[ UseTime:0.004135s ] mysql:host=127.0.0.1;port=3306;dbname=jifei;charset=utf8
[2020-10-27T18:25:30+08:00][sql] SHOW FULL COLUMNS FROM `yh_user` [ RunTime:0.003911s ]
[2020-10-27T18:25:30+08:00][sql] SELECT * FROM `yh_user` WHERE  `id` = 3 LIMIT 1 [ RunTime:0.000622s ]
[2020-10-27T18:25:30+08:00][sql] SHOW FULL COLUMNS FROM `yh_business` [ RunTime:0.002043s ]
[2020-10-27T18:25:30+08:00][sql] SELECT * FROM `yh_business` WHERE  `id` = 3 LIMIT 1 [ RunTime:0.006118s ]
[2020-10-27T18:25:30+08:00][sql] SHOW FULL COLUMNS FROM `yh_webpz` [ RunTime:0.002523s ]
[2020-10-27T18:25:30+08:00][sql] SELECT * FROM `yh_webpz` WHERE  `id` = 1 LIMIT 1 [ RunTime:0.000844s ]
[2020-10-27T18:25:30+08:00][sql] SHOW FULL COLUMNS FROM `yh_meal` [ RunTime:0.002048s ]
[2020-10-27T18:25:30+08:00][sql] SELECT * FROM `yh_meal` WHERE  `status` = 1  AND `type` = 2 ORDER BY `id` DESC [ RunTime:0.000723s ]
[2020-10-27T18:25:35+08:00][sql] CONNECT:[ UseTime:0.004451s ] mysql:host=127.0.0.1;port=3306;dbname=jifei;charset=utf8
[2020-10-27T18:25:35+08:00][sql] SHOW FULL COLUMNS FROM `yh_user` [ RunTime:0.002910s ]
[2020-10-27T18:25:35+08:00][sql] SELECT * FROM `yh_user` WHERE  `id` = 3 LIMIT 1 [ RunTime:0.000716s ]
[2020-10-27T18:25:35+08:00][sql] SHOW FULL COLUMNS FROM `yh_business` [ RunTime:0.002154s ]
[2020-10-27T18:25:35+08:00][sql] SELECT * FROM `yh_business` WHERE  `id` = 3 LIMIT 1 [ RunTime:0.000650s ]
[2020-10-27T18:25:35+08:00][sql] SHOW FULL COLUMNS FROM `yh_webpz` [ RunTime:0.004672s ]
[2020-10-27T18:25:35+08:00][sql] SELECT * FROM `yh_webpz` WHERE  `id` = 1 LIMIT 1 [ RunTime:0.000987s ]
[2020-10-27T18:25:36+08:00][sql] CONNECT:[ UseTime:0.001423s ] mysql:host=127.0.0.1;port=3306;dbname=jifei;charset=utf8
[2020-10-27T18:25:36+08:00][sql] SHOW FULL COLUMNS FROM `yh_user` [ RunTime:0.002283s ]
[2020-10-27T18:25:36+08:00][sql] SELECT * FROM `yh_user` WHERE  `id` = 3 LIMIT 1 [ RunTime:0.000669s ]
[2020-10-27T18:25:36+08:00][sql] SHOW FULL COLUMNS FROM `yh_business` [ RunTime:0.001732s ]
[2020-10-27T18:25:36+08:00][sql] SELECT * FROM `yh_business` WHERE  `id` = 3 LIMIT 1 [ RunTime:0.000570s ]
[2020-10-27T18:25:36+08:00][sql] SHOW FULL COLUMNS FROM `yh_webpz` [ RunTime:0.002143s ]
[2020-10-27T18:25:36+08:00][sql] SELECT * FROM `yh_webpz` WHERE  `id` = 1 LIMIT 1 [ RunTime:0.000766s ]
[2020-10-27T18:25:36+08:00][sql] SHOW FULL COLUMNS FROM `yh_meal` [ RunTime:0.001895s ]
[2020-10-27T18:25:36+08:00][sql] SELECT * FROM `yh_meal` WHERE  `status` = 1  AND `type` = 1 ORDER BY `id` DESC [ RunTime:0.000654s ]
[2020-10-27T18:25:43+08:00][sql] CONNECT:[ UseTime:0.001137s ] mysql:host=127.0.0.1;port=3306;dbname=jifei;charset=utf8
[2020-10-27T18:25:43+08:00][sql] SHOW FULL COLUMNS FROM `yh_user` [ RunTime:0.002470s ]
[2020-10-27T18:25:43+08:00][sql] SELECT * FROM `yh_user` WHERE  `id` = 3 LIMIT 1 [ RunTime:0.000780s ]
[2020-10-27T18:25:43+08:00][sql] SHOW FULL COLUMNS FROM `yh_business` [ RunTime:0.002046s ]
[2020-10-27T18:25:43+08:00][sql] SELECT * FROM `yh_business` WHERE  `id` = 3 LIMIT 1 [ RunTime:0.000647s ]
[2020-10-27T18:25:43+08:00][sql] SHOW FULL COLUMNS FROM `yh_webpz` [ RunTime:0.017095s ]
[2020-10-27T18:25:43+08:00][sql] SELECT * FROM `yh_webpz` WHERE  `id` = 1 LIMIT 1 [ RunTime:0.000857s ]
[2020-10-27T18:25:45+08:00][sql] CONNECT:[ UseTime:0.002062s ] mysql:host=127.0.0.1;port=3306;dbname=jifei;charset=utf8
[2020-10-27T18:25:45+08:00][sql] SHOW FULL COLUMNS FROM `yh_user` [ RunTime:0.002172s ]
[2020-10-27T18:25:45+08:00][sql] SELECT * FROM `yh_user` WHERE  `id` = 3 LIMIT 1 [ RunTime:0.000851s ]
[2020-10-27T18:25:45+08:00][sql] SHOW FULL COLUMNS FROM `yh_business` [ RunTime:0.002018s ]
[2020-10-27T18:25:45+08:00][sql] SELECT * FROM `yh_business` WHERE  `id` = 3 LIMIT 1 [ RunTime:0.001012s ]
[2020-10-27T18:25:45+08:00][sql] SHOW FULL COLUMNS FROM `yh_webpz` [ RunTime:0.002195s ]
[2020-10-27T18:25:45+08:00][sql] SELECT * FROM `yh_webpz` WHERE  `id` = 1 LIMIT 1 [ RunTime:0.001538s ]
[2020-10-27T18:25:45+08:00][sql] SHOW FULL COLUMNS FROM `yh_meal` [ RunTime:0.001862s ]
[2020-10-27T18:25:45+08:00][sql] SELECT * FROM `yh_meal` WHERE  `status` = 1  AND `type` = 1 ORDER BY `id` DESC [ RunTime:0.001254s ]
[2020-10-27T20:26:50+08:00][sql] CONNECT:[ UseTime:0.004017s ] mysql:host=127.0.0.1;port=3306;dbname=jifei;charset=utf8
[2020-10-27T20:26:50+08:00][sql] SHOW FULL COLUMNS FROM `yh_webpz` [ RunTime:0.002634s ]
[2020-10-27T20:26:50+08:00][sql] SELECT * FROM `yh_webpz` WHERE  `id` = 1 LIMIT 1 [ RunTime:0.000749s ]
[2020-10-27T20:26:55+08:00][sql] CONNECT:[ UseTime:0.001983s ] mysql:host=127.0.0.1;port=3306;dbname=jifei;charset=utf8
[2020-10-27T20:26:55+08:00][sql] SHOW FULL COLUMNS FROM `yh_webpz` [ RunTime:0.002517s ]
[2020-10-27T20:26:55+08:00][sql] SELECT * FROM `yh_webpz` WHERE  `id` = 1 LIMIT 1 [ RunTime:0.001181s ]
[2020-10-27T20:26:55+08:00][sql] SHOW FULL COLUMNS FROM `yh_user` [ RunTime:0.001958s ]
[2020-10-27T20:26:55+08:00][sql] SELECT * FROM `yh_user` WHERE  `username` = '1178350505'  AND `password` = 'e10adc3949ba59abbe56e057f20f883e' LIMIT 1 [ RunTime:0.000839s ]
[2020-10-27T20:26:55+08:00][sql] CONNECT:[ UseTime:0.001681s ] mysql:host=127.0.0.1;port=3306;dbname=jifei;charset=utf8
[2020-10-27T20:26:55+08:00][sql] SHOW FULL COLUMNS FROM `yh_user` [ RunTime:0.002552s ]
[2020-10-27T20:26:55+08:00][sql] SELECT * FROM `yh_user` WHERE  `id` = 3 LIMIT 1 [ RunTime:0.000921s ]
[2020-10-27T20:26:55+08:00][sql] SHOW FULL COLUMNS FROM `yh_business` [ RunTime:0.001965s ]
[2020-10-27T20:26:55+08:00][sql] SELECT * FROM `yh_business` WHERE  `id` = 3 LIMIT 1 [ RunTime:0.000680s ]
[2020-10-27T20:26:55+08:00][sql] SHOW FULL COLUMNS FROM `yh_webpz` [ RunTime:0.002020s ]
[2020-10-27T20:26:55+08:00][sql] SELECT * FROM `yh_webpz` WHERE  `id` = 1 LIMIT 1 [ RunTime:0.000692s ]
[2020-10-27T20:26:57+08:00][sql] CONNECT:[ UseTime:0.001030s ] mysql:host=127.0.0.1;port=3306;dbname=jifei;charset=utf8
[2020-10-27T20:26:57+08:00][sql] SHOW FULL COLUMNS FROM `yh_user` [ RunTime:0.002397s ]
[2020-10-27T20:26:57+08:00][sql] SELECT * FROM `yh_user` WHERE  `id` = 3 LIMIT 1 [ RunTime:0.000676s ]
[2020-10-27T20:26:57+08:00][sql] SHOW FULL COLUMNS FROM `yh_business` [ RunTime:0.001870s ]
[2020-10-27T20:26:57+08:00][sql] SELECT * FROM `yh_business` WHERE  `id` = 3 LIMIT 1 [ RunTime:0.000606s ]
[2020-10-27T20:26:57+08:00][sql] SHOW FULL COLUMNS FROM `yh_webpz` [ RunTime:0.001986s ]
[2020-10-27T20:26:57+08:00][sql] SELECT * FROM `yh_webpz` WHERE  `id` = 1 LIMIT 1 [ RunTime:0.000526s ]
[2020-10-27T20:26:57+08:00][sql] SHOW FULL COLUMNS FROM `yh_meal` [ RunTime:0.001747s ]
[2020-10-27T20:26:57+08:00][sql] SELECT * FROM `yh_meal` WHERE  `status` = 1  AND `type` = 1 ORDER BY `id` DESC [ RunTime:0.001222s ]
[2020-10-27T20:26:58+08:00][sql] CONNECT:[ UseTime:0.001103s ] mysql:host=127.0.0.1;port=3306;dbname=jifei;charset=utf8
[2020-10-27T20:26:58+08:00][sql] SHOW FULL COLUMNS FROM `yh_user` [ RunTime:0.002762s ]
[2020-10-27T20:26:58+08:00][sql] SELECT * FROM `yh_user` WHERE  `id` = 3 LIMIT 1 [ RunTime:0.000883s ]
[2020-10-27T20:26:58+08:00][sql] SHOW FULL COLUMNS FROM `yh_business` [ RunTime:0.003270s ]
[2020-10-27T20:26:58+08:00][sql] SELECT * FROM `yh_business` WHERE  `id` = 3 LIMIT 1 [ RunTime:0.000943s ]
[2020-10-27T20:26:58+08:00][sql] SHOW FULL COLUMNS FROM `yh_webpz` [ RunTime:0.002126s ]
[2020-10-27T20:26:58+08:00][sql] SELECT * FROM `yh_webpz` WHERE  `id` = 1 LIMIT 1 [ RunTime:0.003337s ]
[2020-10-27T20:27:01+08:00][sql] CONNECT:[ UseTime:0.000893s ] mysql:host=127.0.0.1;port=3306;dbname=jifei;charset=utf8
[2020-10-27T20:27:01+08:00][sql] SHOW FULL COLUMNS FROM `yh_user` [ RunTime:0.002577s ]
[2020-10-27T20:27:01+08:00][sql] SELECT * FROM `yh_user` WHERE  `id` = 3 LIMIT 1 [ RunTime:0.001042s ]
[2020-10-27T20:27:01+08:00][sql] SHOW FULL COLUMNS FROM `yh_business` [ RunTime:0.001884s ]
[2020-10-27T20:27:01+08:00][sql] SELECT * FROM `yh_business` WHERE  `id` = 3 LIMIT 1 [ RunTime:0.000864s ]
[2020-10-27T20:27:01+08:00][sql] SHOW FULL COLUMNS FROM `yh_webpz` [ RunTime:0.004406s ]
[2020-10-27T20:27:01+08:00][sql] SELECT * FROM `yh_webpz` WHERE  `id` = 1 LIMIT 1 [ RunTime:0.001205s ]
[2020-10-27T20:27:01+08:00][sql] SHOW FULL COLUMNS FROM `yh_order` [ RunTime:0.005579s ]
[2020-10-27T20:27:01+08:00][sql] INSERT INTO `yh_order` SET `user_id` = 3 , `method` = 1 , `payment` = 2 , `ordernum` = '20201027082658' , `status` = 0 , `intime` = 1603801621 [ RunTime:0.000907s ]
[2020-10-27T20:27:01+08:00][sql] SHOW FULL COLUMNS FROM `yh_information` [ RunTime:0.004141s ]
[2020-10-27T20:27:01+08:00][sql] SELECT * FROM `yh_information` WHERE  `id` = 1 LIMIT 1 [ RunTime:0.000806s ]
[2020-10-27T20:28:13+08:00][sql] CONNECT:[ UseTime:0.000979s ] mysql:host=127.0.0.1;port=3306;dbname=jifei;charset=utf8
[2020-10-27T20:28:13+08:00][sql] SHOW FULL COLUMNS FROM `yh_user` [ RunTime:0.002627s ]
[2020-10-27T20:28:13+08:00][sql] SELECT * FROM `yh_user` WHERE  `id` = 3 LIMIT 1 [ RunTime:0.000880s ]
[2020-10-27T20:28:13+08:00][sql] SHOW FULL COLUMNS FROM `yh_business` [ RunTime:0.001985s ]
[2020-10-27T20:28:13+08:00][sql] SELECT * FROM `yh_business` WHERE  `id` = 3 LIMIT 1 [ RunTime:0.000871s ]
[2020-10-27T20:28:13+08:00][sql] SHOW FULL COLUMNS FROM `yh_webpz` [ RunTime:0.001997s ]
[2020-10-27T20:28:13+08:00][sql] SELECT * FROM `yh_webpz` WHERE  `id` = 1 LIMIT 1 [ RunTime:0.000779s ]
[2020-10-27T20:28:14+08:00][sql] CONNECT:[ UseTime:0.002556s ] mysql:host=127.0.0.1;port=3306;dbname=jifei;charset=utf8
[2020-10-27T20:28:14+08:00][sql] SHOW FULL COLUMNS FROM `yh_user` [ RunTime:0.005418s ]
[2020-10-27T20:28:14+08:00][sql] SELECT * FROM `yh_user` WHERE  `id` = 3 LIMIT 1 [ RunTime:0.000662s ]
[2020-10-27T20:28:14+08:00][sql] SHOW FULL COLUMNS FROM `yh_business` [ RunTime:0.007536s ]
[2020-10-27T20:28:14+08:00][sql] SELECT * FROM `yh_business` WHERE  `id` = 3 LIMIT 1 [ RunTime:0.001088s ]
[2020-10-27T20:28:14+08:00][sql] SHOW FULL COLUMNS FROM `yh_webpz` [ RunTime:0.002553s ]
[2020-10-27T20:28:14+08:00][sql] SELECT * FROM `yh_webpz` WHERE  `id` = 1 LIMIT 1 [ RunTime:0.000784s ]
[2020-10-27T20:28:17+08:00][sql] CONNECT:[ UseTime:0.003992s ] mysql:host=127.0.0.1;port=3306;dbname=jifei;charset=utf8
[2020-10-27T20:28:17+08:00][sql] SHOW FULL COLUMNS FROM `yh_user` [ RunTime:0.002873s ]
[2020-10-27T20:28:17+08:00][sql] SELECT * FROM `yh_user` WHERE  `id` = 3 LIMIT 1 [ RunTime:0.000649s ]
[2020-10-27T20:28:17+08:00][sql] SHOW FULL COLUMNS FROM `yh_business` [ RunTime:0.001904s ]
[2020-10-27T20:28:17+08:00][sql] SELECT * FROM `yh_business` WHERE  `id` = 3 LIMIT 1 [ RunTime:0.000542s ]
[2020-10-27T20:28:17+08:00][sql] SHOW FULL COLUMNS FROM `yh_webpz` [ RunTime:0.003351s ]
[2020-10-27T20:28:17+08:00][sql] SELECT * FROM `yh_webpz` WHERE  `id` = 1 LIMIT 1 [ RunTime:0.000767s ]
[2020-10-27T20:28:17+08:00][sql] SHOW FULL COLUMNS FROM `yh_meal` [ RunTime:0.003571s ]
[2020-10-27T20:28:17+08:00][sql] SELECT * FROM `yh_meal` WHERE  `status` = 1  AND `type` = 1 ORDER BY `id` DESC [ RunTime:0.000851s ]
[2020-10-27T20:28:20+08:00][sql] CONNECT:[ UseTime:0.002217s ] mysql:host=127.0.0.1;port=3306;dbname=jifei;charset=utf8
[2020-10-27T20:28:20+08:00][sql] SHOW FULL COLUMNS FROM `yh_user` [ RunTime:0.003474s ]
[2020-10-27T20:28:20+08:00][sql] SELECT * FROM `yh_user` WHERE  `id` = 3 LIMIT 1 [ RunTime:0.000982s ]
[2020-10-27T20:28:20+08:00][sql] SHOW FULL COLUMNS FROM `yh_business` [ RunTime:0.002276s ]
[2020-10-27T20:28:20+08:00][sql] SELECT * FROM `yh_business` WHERE  `id` = 3 LIMIT 1 [ RunTime:0.000705s ]
[2020-10-27T20:28:20+08:00][sql] SHOW FULL COLUMNS FROM `yh_webpz` [ RunTime:0.002395s ]
[2020-10-27T20:28:20+08:00][sql] SELECT * FROM `yh_webpz` WHERE  `id` = 1 LIMIT 1 [ RunTime:0.000812s ]
[2020-10-27T20:28:26+08:00][sql] CONNECT:[ UseTime:0.001447s ] mysql:host=127.0.0.1;port=3306;dbname=jifei;charset=utf8
[2020-10-27T20:28:26+08:00][sql] SHOW FULL COLUMNS FROM `yh_user` [ RunTime:0.002405s ]
[2020-10-27T20:28:26+08:00][sql] SELECT * FROM `yh_user` WHERE  `id` = 3 LIMIT 1 [ RunTime:0.000634s ]
[2020-10-27T20:28:26+08:00][sql] SHOW FULL COLUMNS FROM `yh_business` [ RunTime:0.001808s ]
[2020-10-27T20:28:26+08:00][sql] SELECT * FROM `yh_business` WHERE  `id` = 3 LIMIT 1 [ RunTime:0.000582s ]
[2020-10-27T20:28:26+08:00][sql] SHOW FULL COLUMNS FROM `yh_webpz` [ RunTime:0.002026s ]
[2020-10-27T20:28:26+08:00][sql] SELECT * FROM `yh_webpz` WHERE  `id` = 1 LIMIT 1 [ RunTime:0.001409s ]
[2020-10-27T20:28:26+08:00][sql] SHOW FULL COLUMNS FROM `yh_order` [ RunTime:0.001786s ]
[2020-10-27T20:28:26+08:00][sql] INSERT INTO `yh_order` SET `user_id` = 3 , `method` = 1 , `payment` = 10 , `ordernum` = '20201027082820' , `status` = 0 , `intime` = 1603801706 [ RunTime:0.000613s ]
[2020-10-27T20:28:26+08:00][sql] SHOW FULL COLUMNS FROM `yh_information` [ RunTime:0.001450s ]
[2020-10-27T20:28:26+08:00][sql] SELECT * FROM `yh_information` WHERE  `id` = 1 LIMIT 1 [ RunTime:0.000555s ]
[2020-10-27T20:28:30+08:00][sql] CONNECT:[ UseTime:0.001031s ] mysql:host=127.0.0.1;port=3306;dbname=jifei;charset=utf8
[2020-10-27T20:28:30+08:00][sql] SHOW FULL COLUMNS FROM `yh_user` [ RunTime:0.003020s ]
[2020-10-27T20:28:30+08:00][sql] SELECT * FROM `yh_user` WHERE  `id` = 3 LIMIT 1 [ RunTime:0.000757s ]
[2020-10-27T20:28:30+08:00][sql] SHOW FULL COLUMNS FROM `yh_business` [ RunTime:0.002173s ]
[2020-10-27T20:28:30+08:00][sql] SELECT * FROM `yh_business` WHERE  `id` = 3 LIMIT 1 [ RunTime:0.000789s ]
[2020-10-27T20:28:30+08:00][sql] SHOW FULL COLUMNS FROM `yh_webpz` [ RunTime:0.002805s ]
[2020-10-27T20:28:30+08:00][sql] SELECT * FROM `yh_webpz` WHERE  `id` = 1 LIMIT 1 [ RunTime:0.000681s ]
[2020-10-27T20:29:11+08:00][sql] CONNECT:[ UseTime:0.000892s ] mysql:host=127.0.0.1;port=3306;dbname=jifei;charset=utf8
[2020-10-27T20:29:11+08:00][sql] SHOW FULL COLUMNS FROM `yh_user` [ RunTime:0.002303s ]
[2020-10-27T20:29:11+08:00][sql] SELECT * FROM `yh_user` WHERE  `id` = 3 LIMIT 1 [ RunTime:0.000635s ]
[2020-10-27T20:29:11+08:00][sql] SHOW FULL COLUMNS FROM `yh_business` [ RunTime:0.001878s ]
[2020-10-27T20:29:11+08:00][sql] SELECT * FROM `yh_business` WHERE  `id` = 3 LIMIT 1 [ RunTime:0.002807s ]
[2020-10-27T20:29:11+08:00][sql] SHOW FULL COLUMNS FROM `yh_webpz` [ RunTime:0.003069s ]
[2020-10-27T20:29:11+08:00][sql] SELECT * FROM `yh_webpz` WHERE  `id` = 1 LIMIT 1 [ RunTime:0.000632s ]
