[2020-10-28T09:31:56+08:00][sql] CONNECT:[ UseTime:0.001158s ] mysql:host=127.0.0.1;port=3306;dbname=jifei;charset=utf8
[2020-10-28T09:31:56+08:00][sql] SHOW FULL COLUMNS FROM `yh_webpz` [ RunTime:0.002540s ]
[2020-10-28T09:31:56+08:00][sql] SELECT * FROM `yh_webpz` WHERE  `id` = 1 LIMIT 1 [ RunTime:0.000853s ]
[2020-10-28T09:31:58+08:00][sql] CONNECT:[ UseTime:0.002025s ] mysql:host=127.0.0.1;port=3306;dbname=jifei;charset=utf8
[2020-10-28T09:31:58+08:00][sql] SHOW FULL COLUMNS FROM `yh_webpz` [ RunTime:0.002836s ]
[2020-10-28T09:31:58+08:00][sql] SELECT * FROM `yh_webpz` WHERE  `id` = 1 LIMIT 1 [ RunTime:0.001026s ]
[2020-10-28T09:32:02+08:00][sql] CONNECT:[ UseTime:0.001131s ] mysql:host=127.0.0.1;port=3306;dbname=jifei;charset=utf8
[2020-10-28T09:32:02+08:00][sql] SHOW FULL COLUMNS FROM `yh_webpz` [ RunTime:0.002267s ]
[2020-10-28T09:32:02+08:00][sql] SELECT * FROM `yh_webpz` WHERE  `id` = 1 LIMIT 1 [ RunTime:0.000856s ]
[2020-10-28T09:32:02+08:00][sql] SHOW FULL COLUMNS FROM `yh_user` [ RunTime:0.001709s ]
[2020-10-28T09:32:02+08:00][sql] SELECT * FROM `yh_user` WHERE  `username` = '1178350505' LIMIT 1 [ RunTime:0.000584s ]
[2020-10-28T09:32:02+08:00][sql] CONNECT:[ UseTime:0.001290s ] mysql:host=127.0.0.1;port=3306;dbname=jifei;charset=utf8
[2020-10-28T09:32:02+08:00][sql] SHOW FULL COLUMNS FROM `yh_webpz` [ RunTime:0.002617s ]
[2020-10-28T09:32:02+08:00][sql] SELECT * FROM `yh_webpz` WHERE  `id` = 1 LIMIT 1 [ RunTime:0.000778s ]
[2020-10-28T09:32:56+08:00][sql] CONNECT:[ UseTime:0.001908s ] mysql:host=127.0.0.1;port=3306;dbname=jifei;charset=utf8
[2020-10-28T09:32:56+08:00][sql] SHOW FULL COLUMNS FROM `yh_webpz` [ RunTime:0.002226s ]
[2020-10-28T09:32:56+08:00][sql] SELECT * FROM `yh_webpz` WHERE  `id` = 1 LIMIT 1 [ RunTime:0.003534s ]
[2020-10-28T09:32:56+08:00][sql] SHOW FULL COLUMNS FROM `yh_user` [ RunTime:0.002061s ]
[2020-10-28T09:32:56+08:00][sql] SELECT * FROM `yh_user` WHERE  `username` = 'ceshi' LIMIT 1 [ RunTime:0.000605s ]
[2020-10-28T09:32:56+08:00][sql] SELECT * FROM `yh_user` WHERE  `email` = '1178350505@qq.com' LIMIT 1 [ RunTime:0.000570s ]
[2020-10-28T09:32:56+08:00][sql] SHOW FULL COLUMNS FROM `yh_verification` [ RunTime:0.001912s ]
[2020-10-28T09:32:56+08:00][sql] SELECT `id` FROM `yh_verification` WHERE  `email` IS NULL LIMIT 1 [ RunTime:0.000451s ]
[2020-10-28T09:32:56+08:00][sql] INSERT INTO `yh_verification` SET `code` = 'lrvABDKMQUW24689' , `email` = '1178350505@qq.com' , `intime` = 1603849075 [ RunTime:0.000944s ]
[2020-10-28T09:32:56+08:00][sql] SELECT * FROM `yh_webpz` WHERE  `id` = 1 LIMIT 1 [ RunTime:0.000779s ]
[2020-10-28T09:32:57+08:00][sql] CONNECT:[ UseTime:0.004159s ] mysql:host=127.0.0.1;port=3306;dbname=jifei;charset=utf8
[2020-10-28T09:32:57+08:00][sql] SHOW FULL COLUMNS FROM `yh_webpz` [ RunTime:0.005778s ]
[2020-10-28T09:32:57+08:00][sql] SELECT * FROM `yh_webpz` WHERE  `id` = 1 LIMIT 1 [ RunTime:0.002484s ]
[2020-10-28T09:33:15+08:00][sql] CONNECT:[ UseTime:0.001370s ] mysql:host=127.0.0.1;port=3306;dbname=jifei;charset=utf8
[2020-10-28T09:33:15+08:00][sql] SHOW FULL COLUMNS FROM `yh_webpz` [ RunTime:0.003054s ]
[2020-10-28T09:33:15+08:00][sql] SELECT * FROM `yh_webpz` WHERE  `id` = 1 LIMIT 1 [ RunTime:0.000888s ]
[2020-10-28T09:33:15+08:00][sql] SHOW FULL COLUMNS FROM `yh_verification` [ RunTime:0.002050s ]
[2020-10-28T09:33:15+08:00][sql] SELECT * FROM `yh_verification` WHERE  `code` = 'lrvABDKMQUW24689' LIMIT 1 [ RunTime:0.000667s ]
[2020-10-28T09:33:15+08:00][error] [0]Argument 1 passed to think\db\BaseQuery::insertGetId() must be of the type array, null given, called in /www/wwwroot/jifei.ymcx.shop/app/user/controller/Login.php on line 125[/www/wwwroot/jifei.ymcx.shop/vendor/topthink/think-orm/src/db/BaseQuery.php:969]
[2020-10-28T09:33:31+08:00][sql] CONNECT:[ UseTime:0.003577s ] mysql:host=127.0.0.1;port=3306;dbname=jifei;charset=utf8
[2020-10-28T09:33:31+08:00][sql] SHOW FULL COLUMNS FROM `yh_webpz` [ RunTime:0.002486s ]
[2020-10-28T09:33:31+08:00][sql] SELECT * FROM `yh_webpz` WHERE  `id` = 1 LIMIT 1 [ RunTime:0.000782s ]
[2020-10-28T09:33:31+08:00][sql] SHOW FULL COLUMNS FROM `yh_verification` [ RunTime:0.001775s ]
[2020-10-28T09:33:31+08:00][sql] SELECT * FROM `yh_verification` WHERE  `code` = 'lrvABDKMQUW24689' LIMIT 1 [ RunTime:0.000526s ]
[2020-10-28T09:33:31+08:00][error] [0]Argument 1 passed to think\db\BaseQuery::insertGetId() must be of the type array, null given, called in /www/wwwroot/jifei.ymcx.shop/app/user/controller/Login.php on line 125[/www/wwwroot/jifei.ymcx.shop/vendor/topthink/think-orm/src/db/BaseQuery.php:969]
[2020-10-28T09:36:07+08:00][sql] CONNECT:[ UseTime:0.001526s ] mysql:host=127.0.0.1;port=3306;dbname=jifei;charset=utf8
[2020-10-28T09:36:07+08:00][sql] SHOW FULL COLUMNS FROM `yh_webpz` [ RunTime:0.004144s ]
[2020-10-28T09:36:07+08:00][sql] SELECT * FROM `yh_webpz` WHERE  `id` = 1 LIMIT 1 [ RunTime:0.001011s ]
[2020-10-28T09:36:07+08:00][sql] SHOW FULL COLUMNS FROM `yh_verification` [ RunTime:0.001957s ]
[2020-10-28T09:36:07+08:00][sql] SELECT * FROM `yh_verification` WHERE  `code` = 'lrvABDKMQUW24689' LIMIT 1 [ RunTime:0.001272s ]
[2020-10-28T09:36:26+08:00][sql] CONNECT:[ UseTime:0.001059s ] mysql:host=127.0.0.1;port=3306;dbname=jifei;charset=utf8
[2020-10-28T09:36:26+08:00][sql] SHOW FULL COLUMNS FROM `yh_webpz` [ RunTime:0.002955s ]
[2020-10-28T09:36:26+08:00][sql] SELECT * FROM `yh_webpz` WHERE  `id` = 1 LIMIT 1 [ RunTime:0.000712s ]
[2020-10-28T09:36:26+08:00][sql] SHOW FULL COLUMNS FROM `yh_verification` [ RunTime:0.002135s ]
[2020-10-28T09:36:26+08:00][sql] SELECT * FROM `yh_verification` WHERE  `code` = 'lrvABDKMQUW24689' LIMIT 1 [ RunTime:0.000857s ]
[2020-10-28T09:36:28+08:00][sql] CONNECT:[ UseTime:0.000901s ] mysql:host=127.0.0.1;port=3306;dbname=jifei;charset=utf8
[2020-10-28T09:36:28+08:00][sql] SHOW FULL COLUMNS FROM `yh_webpz` [ RunTime:0.014726s ]
[2020-10-28T09:36:28+08:00][sql] SELECT * FROM `yh_webpz` WHERE  `id` = 1 LIMIT 1 [ RunTime:0.000841s ]
[2020-10-28T09:36:28+08:00][sql] SHOW FULL COLUMNS FROM `yh_verification` [ RunTime:0.001964s ]
[2020-10-28T09:36:28+08:00][sql] SELECT * FROM `yh_verification` WHERE  `code` = 'lrvABDKMQUW24689' LIMIT 1 [ RunTime:0.000568s ]
[2020-10-28T09:37:27+08:00][sql] CONNECT:[ UseTime:0.004911s ] mysql:host=127.0.0.1;port=3306;dbname=jifei;charset=utf8
[2020-10-28T09:37:27+08:00][sql] SHOW FULL COLUMNS FROM `yh_webpz` [ RunTime:0.002947s ]
[2020-10-28T09:37:27+08:00][sql] SELECT * FROM `yh_webpz` WHERE  `id` = 1 LIMIT 1 [ RunTime:0.000873s ]
[2020-10-28T09:37:27+08:00][sql] SHOW FULL COLUMNS FROM `yh_verification` [ RunTime:0.002824s ]
[2020-10-28T09:37:27+08:00][sql] SELECT * FROM `yh_verification` WHERE  `code` = 'lrvABDKMQUW24689' LIMIT 1 [ RunTime:0.000595s ]
[2020-10-28T09:37:27+08:00][sql] SHOW FULL COLUMNS FROM `yh_user` [ RunTime:0.003042s ]
[2020-10-28T09:37:27+08:00][sql] INSERT INTO `yh_user` SET `username` = 'ceshi' , `password` = '615cb9ded963d42c05c558d90956976c' , `email` = '1178350505@qq.com' , `qq` = '1178350505' , `balance` = 0 , `intime` = 1603848775 , `status` = 1 [ RunTime:0.003093s ]
[2020-10-28T09:37:27+08:00][sql] SHOW FULL COLUMNS FROM `yh_information` [ RunTime:0.001710s ]
[2020-10-28T09:37:27+08:00][sql] SELECT `give` FROM `yh_information` WHERE  `id` = 1 LIMIT 1 [ RunTime:0.000654s ]
[2020-10-28T09:37:27+08:00][sql] SHOW FULL COLUMNS FROM `yh_business` [ RunTime:0.001584s ]
[2020-10-28T09:37:27+08:00][sql] INSERT INTO `yh_business` SET `id` = 4 , `type` = 1 , `surplus` = 100 , `calltoday` = 0 , `limitnum` = 0 , `user_uid` = 499212 , `user_key` = 'admnoptuwLMNPVZ367' [ RunTime:0.002455s ]
[2020-10-28T09:37:27+08:00][sql] CONNECT:[ UseTime:0.001312s ] mysql:host=127.0.0.1;port=3306;dbname=jifei;charset=utf8
[2020-10-28T09:37:27+08:00][sql] SHOW FULL COLUMNS FROM `yh_webpz` [ RunTime:0.003023s ]
[2020-10-28T09:37:27+08:00][sql] SELECT * FROM `yh_webpz` WHERE  `id` = 1 LIMIT 1 [ RunTime:0.000843s ]
[2020-10-28T09:37:33+08:00][sql] CONNECT:[ UseTime:0.001817s ] mysql:host=127.0.0.1;port=3306;dbname=jifei;charset=utf8
[2020-10-28T09:37:33+08:00][sql] SHOW FULL COLUMNS FROM `yh_webpz` [ RunTime:0.004571s ]
[2020-10-28T09:37:33+08:00][sql] SELECT * FROM `yh_webpz` WHERE  `id` = 1 LIMIT 1 [ RunTime:0.003933s ]
[2020-10-28T09:37:33+08:00][sql] SHOW FULL COLUMNS FROM `yh_user` [ RunTime:0.005102s ]
[2020-10-28T09:37:33+08:00][sql] SELECT * FROM `yh_user` WHERE  `username` = 'ceshi'  AND `password` = 'e10adc3949ba59abbe56e057f20f883e' LIMIT 1 [ RunTime:0.001378s ]
[2020-10-28T09:37:33+08:00][sql] CONNECT:[ UseTime:0.005522s ] mysql:host=127.0.0.1;port=3306;dbname=jifei;charset=utf8
[2020-10-28T09:37:33+08:00][sql] SHOW FULL COLUMNS FROM `yh_webpz` [ RunTime:0.004433s ]
[2020-10-28T09:37:33+08:00][sql] SELECT * FROM `yh_webpz` WHERE  `id` = 1 LIMIT 1 [ RunTime:0.000940s ]
[2020-10-28T09:37:37+08:00][sql] CONNECT:[ UseTime:0.004954s ] mysql:host=127.0.0.1;port=3306;dbname=jifei;charset=utf8
[2020-10-28T09:37:37+08:00][sql] SHOW FULL COLUMNS FROM `yh_webpz` [ RunTime:0.005229s ]
[2020-10-28T09:37:37+08:00][sql] SELECT * FROM `yh_webpz` WHERE  `id` = 1 LIMIT 1 [ RunTime:0.000762s ]
[2020-10-28T09:37:37+08:00][sql] SHOW FULL COLUMNS FROM `yh_user` [ RunTime:0.003841s ]
[2020-10-28T09:37:37+08:00][sql] SELECT * FROM `yh_user` WHERE  `username` = 'ceshi'  AND `password` = '615cb9ded963d42c05c558d90956976c' LIMIT 1 [ RunTime:0.003612s ]
[2020-10-28T09:37:37+08:00][sql] CONNECT:[ UseTime:0.002442s ] mysql:host=127.0.0.1;port=3306;dbname=jifei;charset=utf8
[2020-10-28T09:37:37+08:00][sql] SHOW FULL COLUMNS FROM `yh_user` [ RunTime:0.002624s ]
[2020-10-28T09:37:37+08:00][sql] SELECT * FROM `yh_user` WHERE  `id` = 4 LIMIT 1 [ RunTime:0.000978s ]
[2020-10-28T09:37:37+08:00][sql] SHOW FULL COLUMNS FROM `yh_business` [ RunTime:0.002045s ]
[2020-10-28T09:37:37+08:00][sql] SELECT * FROM `yh_business` WHERE  `id` = 4 LIMIT 1 [ RunTime:0.000861s ]
[2020-10-28T09:37:37+08:00][sql] SHOW FULL COLUMNS FROM `yh_webpz` [ RunTime:0.002305s ]
[2020-10-28T09:37:37+08:00][sql] SELECT * FROM `yh_webpz` WHERE  `id` = 1 LIMIT 1 [ RunTime:0.000992s ]
[2020-10-28T09:37:43+08:00][sql] CONNECT:[ UseTime:0.002952s ] mysql:host=127.0.0.1;port=3306;dbname=jifei;charset=utf8
[2020-10-28T09:37:43+08:00][sql] SHOW FULL COLUMNS FROM `yh_webpz` [ RunTime:0.005641s ]
[2020-10-28T09:37:43+08:00][sql] SELECT * FROM `yh_webpz` WHERE  `id` = 1 LIMIT 1 [ RunTime:0.000947s ]
[2020-10-28T09:37:43+08:00][sql] CONNECT:[ UseTime:0.001649s ] mysql:host=127.0.0.1;port=3306;dbname=jifei;charset=utf8
[2020-10-28T09:37:43+08:00][sql] SHOW FULL COLUMNS FROM `yh_webpz` [ RunTime:0.002675s ]
[2020-10-28T09:37:43+08:00][sql] SELECT * FROM `yh_webpz` WHERE  `id` = 1 LIMIT 1 [ RunTime:0.000957s ]
[2020-10-28T09:40:14+08:00][sql] CONNECT:[ UseTime:0.001103s ] mysql:host=127.0.0.1;port=3306;dbname=jifei;charset=utf8
[2020-10-28T09:40:14+08:00][sql] SHOW FULL COLUMNS FROM `yh_webpz` [ RunTime:0.003190s ]
[2020-10-28T09:40:14+08:00][sql] SELECT * FROM `yh_webpz` WHERE  `id` = 1 LIMIT 1 [ RunTime:0.000921s ]
[2020-10-28T09:40:17+08:00][sql] CONNECT:[ UseTime:0.002872s ] mysql:host=127.0.0.1;port=3306;dbname=jifei;charset=utf8
[2020-10-28T09:40:17+08:00][sql] SHOW FULL COLUMNS FROM `yh_webpz` [ RunTime:0.004361s ]
[2020-10-28T09:40:17+08:00][sql] SELECT * FROM `yh_webpz` WHERE  `id` = 1 LIMIT 1 [ RunTime:0.001389s ]
[2020-10-28T09:40:17+08:00][sql] SHOW FULL COLUMNS FROM `yh_user` [ RunTime:0.004739s ]
[2020-10-28T09:40:17+08:00][sql] SELECT `email` FROM `yh_user` WHERE  `username` = 'ceshi' LIMIT 1 [ RunTime:0.001455s ]
[2020-10-28T09:40:17+08:00][sql] SHOW FULL COLUMNS FROM `yh_verification` [ RunTime:0.002679s ]
[2020-10-28T09:40:17+08:00][sql] SELECT `id` FROM `yh_verification` WHERE  `email` = '1178350505@qq.com' LIMIT 1 [ RunTime:0.001025s ]
[2020-10-28T09:40:17+08:00][sql] UPDATE `yh_verification`  SET `code` = 'gnptvzEFIKLMW049' , `email` = '1178350505@qq.com' , `intime` = 1603849516  WHERE  `id` = 1 [ RunTime:0.001445s ]
[2020-10-28T09:40:17+08:00][sql] SELECT * FROM `yh_webpz` WHERE  `id` = 1 LIMIT 1 [ RunTime:0.000803s ]
[2020-10-28T09:40:17+08:00][sql] CONNECT:[ UseTime:0.003559s ] mysql:host=127.0.0.1;port=3306;dbname=jifei;charset=utf8
[2020-10-28T09:40:17+08:00][sql] SHOW FULL COLUMNS FROM `yh_webpz` [ RunTime:0.003961s ]
[2020-10-28T09:40:17+08:00][sql] SELECT * FROM `yh_webpz` WHERE  `id` = 1 LIMIT 1 [ RunTime:0.000512s ]
[2020-10-28T09:41:32+08:00][sql] CONNECT:[ UseTime:0.000975s ] mysql:host=127.0.0.1;port=3306;dbname=jifei;charset=utf8
[2020-10-28T09:41:32+08:00][sql] SHOW FULL COLUMNS FROM `yh_webpz` [ RunTime:0.003360s ]
[2020-10-28T09:41:32+08:00][sql] SELECT * FROM `yh_webpz` WHERE  `id` = 1 LIMIT 1 [ RunTime:0.000765s ]
[2020-10-28T09:42:21+08:00][sql] CONNECT:[ UseTime:0.001289s ] mysql:host=127.0.0.1;port=3306;dbname=jifei;charset=utf8
[2020-10-28T09:42:21+08:00][sql] SHOW FULL COLUMNS FROM `yh_webpz` [ RunTime:0.003174s ]
[2020-10-28T09:42:21+08:00][sql] SELECT * FROM `yh_webpz` WHERE  `id` = 1 LIMIT 1 [ RunTime:0.000898s ]
[2020-10-28T09:42:21+08:00][sql] SHOW FULL COLUMNS FROM `yh_user` [ RunTime:0.001905s ]
[2020-10-28T09:42:21+08:00][sql] SELECT * FROM `yh_user` WHERE  `username` = 'text' LIMIT 1 [ RunTime:0.000598s ]
[2020-10-28T09:42:21+08:00][sql] SELECT * FROM `yh_user` WHERE  `email` = '1178350505@qq.com' LIMIT 1 [ RunTime:0.000601s ]
[2020-10-28T09:42:21+08:00][sql] CONNECT:[ UseTime:0.001553s ] mysql:host=127.0.0.1;port=3306;dbname=jifei;charset=utf8
[2020-10-28T09:42:21+08:00][sql] SHOW FULL COLUMNS FROM `yh_webpz` [ RunTime:0.004115s ]
[2020-10-28T09:42:21+08:00][sql] SELECT * FROM `yh_webpz` WHERE  `id` = 1 LIMIT 1 [ RunTime:0.000830s ]
[2020-10-28T09:42:42+08:00][sql] CONNECT:[ UseTime:0.004684s ] mysql:host=127.0.0.1;port=3306;dbname=jifei;charset=utf8
[2020-10-28T09:42:42+08:00][sql] SHOW FULL COLUMNS FROM `yh_webpz` [ RunTime:0.002536s ]
[2020-10-28T09:42:42+08:00][sql] SELECT * FROM `yh_webpz` WHERE  `id` = 1 LIMIT 1 [ RunTime:0.000896s ]
[2020-10-28T09:42:42+08:00][sql] SHOW FULL COLUMNS FROM `yh_user` [ RunTime:0.002040s ]
[2020-10-28T09:42:42+08:00][sql] SELECT * FROM `yh_user` WHERE  `username` = 'text' LIMIT 1 [ RunTime:0.000683s ]
[2020-10-28T09:42:42+08:00][sql] SELECT * FROM `yh_user` WHERE  `email` = '1178350505@qq.com' LIMIT 1 [ RunTime:0.000682s ]
[2020-10-28T09:42:42+08:00][sql] SHOW FULL COLUMNS FROM `yh_verification` [ RunTime:0.002134s ]
[2020-10-28T09:42:42+08:00][sql] SELECT `id` FROM `yh_verification` WHERE  `email` = '1178350505@qq.com' LIMIT 1 [ RunTime:0.000894s ]
[2020-10-28T09:42:42+08:00][sql] UPDATE `yh_verification`  SET `code` = 'cdfiknsuGKMT0235' , `email` = '1178350505@qq.com' , `intime` = 1603849661  WHERE  `id` = 1 [ RunTime:0.000824s ]
[2020-10-28T09:42:42+08:00][sql] SELECT * FROM `yh_webpz` WHERE  `id` = 1 LIMIT 1 [ RunTime:0.000989s ]
[2020-10-28T09:42:43+08:00][sql] CONNECT:[ UseTime:0.000975s ] mysql:host=127.0.0.1;port=3306;dbname=jifei;charset=utf8
[2020-10-28T09:42:43+08:00][sql] SHOW FULL COLUMNS FROM `yh_webpz` [ RunTime:0.002760s ]
[2020-10-28T09:42:43+08:00][sql] SELECT * FROM `yh_webpz` WHERE  `id` = 1 LIMIT 1 [ RunTime:0.000727s ]
[2020-10-28T09:43:11+08:00][sql] CONNECT:[ UseTime:0.005804s ] mysql:host=127.0.0.1;port=3306;dbname=jifei;charset=utf8
[2020-10-28T09:43:11+08:00][sql] SHOW FULL COLUMNS FROM `yh_webpz` [ RunTime:0.009407s ]
[2020-10-28T09:43:11+08:00][sql] SELECT * FROM `yh_webpz` WHERE  `id` = 1 LIMIT 1 [ RunTime:0.002069s ]
[2020-10-28T09:43:24+08:00][sql] CONNECT:[ UseTime:0.001206s ] mysql:host=127.0.0.1;port=3306;dbname=jifei;charset=utf8
[2020-10-28T09:43:24+08:00][sql] SHOW FULL COLUMNS FROM `yh_webpz` [ RunTime:0.003099s ]
[2020-10-28T09:43:24+08:00][sql] SELECT * FROM `yh_webpz` WHERE  `id` = 1 LIMIT 1 [ RunTime:0.000878s ]
[2020-10-28T09:43:24+08:00][sql] SHOW FULL COLUMNS FROM `yh_user` [ RunTime:0.002031s ]
[2020-10-28T09:43:24+08:00][sql] SELECT * FROM `yh_user` WHERE  `username` = 'ceshi2' LIMIT 1 [ RunTime:0.000622s ]
[2020-10-28T09:43:24+08:00][sql] SELECT * FROM `yh_user` WHERE  `email` = '1178350505@qq.com' LIMIT 1 [ RunTime:0.000505s ]
[2020-10-28T09:43:24+08:00][sql] SHOW FULL COLUMNS FROM `yh_verification` [ RunTime:0.001813s ]
[2020-10-28T09:43:24+08:00][sql] SELECT `id` FROM `yh_verification` WHERE  `email` = '1178350505@qq.com' LIMIT 1 [ RunTime:0.000518s ]
[2020-10-28T09:43:24+08:00][sql] UPDATE `yh_verification`  SET `code` = 'cfnAEFRVYZ012678' , `email` = '1178350505@qq.com' , `intime` = 1603849703  WHERE  `id` = 1 [ RunTime:0.000819s ]
[2020-10-28T09:43:24+08:00][sql] SELECT * FROM `yh_webpz` WHERE  `id` = 1 LIMIT 1 [ RunTime:0.005209s ]
[2020-10-28T09:43:24+08:00][sql] CONNECT:[ UseTime:0.000983s ] mysql:host=127.0.0.1;port=3306;dbname=jifei;charset=utf8
[2020-10-28T09:43:24+08:00][sql] SHOW FULL COLUMNS FROM `yh_webpz` [ RunTime:0.003148s ]
[2020-10-28T09:43:24+08:00][sql] SELECT * FROM `yh_webpz` WHERE  `id` = 1 LIMIT 1 [ RunTime:0.001356s ]
[2020-10-28T10:22:10+08:00][sql] CONNECT:[ UseTime:0.001031s ] mysql:host=127.0.0.1;port=3306;dbname=jifei;charset=utf8
[2020-10-28T10:22:10+08:00][sql] SHOW FULL COLUMNS FROM `yh_webpz` [ RunTime:0.002593s ]
[2020-10-28T10:22:10+08:00][sql] SELECT * FROM `yh_webpz` WHERE  `id` = 1 LIMIT 1 [ RunTime:0.000770s ]
[2020-10-28T10:22:16+08:00][sql] CONNECT:[ UseTime:0.001052s ] mysql:host=127.0.0.1;port=3306;dbname=jifei;charset=utf8
[2020-10-28T10:22:16+08:00][sql] SHOW FULL COLUMNS FROM `yh_webpz` [ RunTime:0.003703s ]
[2020-10-28T10:22:16+08:00][sql] SELECT * FROM `yh_webpz` WHERE  `id` = 1 LIMIT 1 [ RunTime:0.001142s ]
[2020-10-28T10:22:23+08:00][sql] CONNECT:[ UseTime:0.002353s ] mysql:host=127.0.0.1;port=3306;dbname=jifei;charset=utf8
[2020-10-28T10:22:23+08:00][sql] SHOW FULL COLUMNS FROM `yh_webpz` [ RunTime:0.002457s ]
[2020-10-28T10:22:23+08:00][sql] SELECT * FROM `yh_webpz` WHERE  `id` = 1 LIMIT 1 [ RunTime:0.000658s ]
[2020-10-28T10:22:23+08:00][sql] SHOW FULL COLUMNS FROM `yh_user` [ RunTime:0.001963s ]
[2020-10-28T10:22:23+08:00][sql] SELECT * FROM `yh_user` WHERE  `username` = '1178350505'  AND `password` = 'e10adc3949ba59abbe56e057f20f883e' LIMIT 1 [ RunTime:0.000594s ]
[2020-10-28T10:22:23+08:00][sql] CONNECT:[ UseTime:0.003842s ] mysql:host=127.0.0.1;port=3306;dbname=jifei;charset=utf8
[2020-10-28T10:22:23+08:00][sql] SHOW FULL COLUMNS FROM `yh_user` [ RunTime:0.019553s ]
[2020-10-28T10:22:23+08:00][sql] SELECT * FROM `yh_user` WHERE  `id` = 3 LIMIT 1 [ RunTime:0.000805s ]
[2020-10-28T10:22:23+08:00][sql] SHOW FULL COLUMNS FROM `yh_business` [ RunTime:0.002218s ]
[2020-10-28T10:22:23+08:00][sql] SELECT * FROM `yh_business` WHERE  `id` = 3 LIMIT 1 [ RunTime:0.000572s ]
[2020-10-28T10:22:23+08:00][sql] SHOW FULL COLUMNS FROM `yh_webpz` [ RunTime:0.002216s ]
[2020-10-28T10:22:23+08:00][sql] SELECT * FROM `yh_webpz` WHERE  `id` = 1 LIMIT 1 [ RunTime:0.006192s ]
[2020-10-28T10:22:25+08:00][sql] CONNECT:[ UseTime:0.000912s ] mysql:host=127.0.0.1;port=3306;dbname=jifei;charset=utf8
[2020-10-28T10:22:25+08:00][sql] SHOW FULL COLUMNS FROM `yh_user` [ RunTime:0.002410s ]
[2020-10-28T10:22:25+08:00][sql] SELECT * FROM `yh_user` WHERE  `id` = 3 LIMIT 1 [ RunTime:0.000627s ]
[2020-10-28T10:22:25+08:00][sql] SHOW FULL COLUMNS FROM `yh_business` [ RunTime:0.001832s ]
[2020-10-28T10:22:25+08:00][sql] SELECT * FROM `yh_business` WHERE  `id` = 3 LIMIT 1 [ RunTime:0.003630s ]
[2020-10-28T10:22:25+08:00][sql] SHOW FULL COLUMNS FROM `yh_webpz` [ RunTime:0.007977s ]
[2020-10-28T10:22:25+08:00][sql] SELECT * FROM `yh_webpz` WHERE  `id` = 1 LIMIT 1 [ RunTime:0.003378s ]
[2020-10-28T10:22:29+08:00][sql] CONNECT:[ UseTime:0.002399s ] mysql:host=127.0.0.1;port=3306;dbname=jifei;charset=utf8
[2020-10-28T10:22:29+08:00][sql] SHOW FULL COLUMNS FROM `yh_user` [ RunTime:0.002302s ]
[2020-10-28T10:22:29+08:00][sql] SELECT * FROM `yh_user` WHERE  `id` = 3 LIMIT 1 [ RunTime:0.000692s ]
[2020-10-28T10:22:29+08:00][sql] SHOW FULL COLUMNS FROM `yh_business` [ RunTime:0.001961s ]
[2020-10-28T10:22:29+08:00][sql] SELECT * FROM `yh_business` WHERE  `id` = 3 LIMIT 1 [ RunTime:0.000668s ]
[2020-10-28T10:22:29+08:00][sql] SHOW FULL COLUMNS FROM `yh_webpz` [ RunTime:0.002072s ]
[2020-10-28T10:22:29+08:00][sql] SELECT * FROM `yh_webpz` WHERE  `id` = 1 LIMIT 1 [ RunTime:0.000659s ]
[2020-10-28T10:22:29+08:00][sql] SHOW FULL COLUMNS FROM `yh_order` [ RunTime:0.001891s ]
[2020-10-28T10:22:29+08:00][sql] INSERT INTO `yh_order` SET `user_id` = 3 , `method` = 1 , `payment` = 1 , `ordernum` = '20201028102225' , `status` = 0 , `intime` = 1603851749 [ RunTime:0.000791s ]
[2020-10-28T10:22:29+08:00][sql] SHOW FULL COLUMNS FROM `yh_information` [ RunTime:0.002233s ]
[2020-10-28T10:22:29+08:00][sql] SELECT * FROM `yh_information` WHERE  `id` = 1 LIMIT 1 [ RunTime:0.000587s ]
[2020-10-28T10:22:30+08:00][sql] CONNECT:[ UseTime:0.004026s ] mysql:host=127.0.0.1;port=3306;dbname=jifei;charset=utf8
[2020-10-28T10:22:30+08:00][sql] SHOW FULL COLUMNS FROM `yh_user` [ RunTime:0.002996s ]
[2020-10-28T10:22:30+08:00][sql] SELECT * FROM `yh_user` WHERE  `id` = 3 LIMIT 1 [ RunTime:0.000541s ]
[2020-10-28T10:22:30+08:00][sql] SHOW FULL COLUMNS FROM `yh_business` [ RunTime:0.001776s ]
[2020-10-28T10:22:30+08:00][sql] SELECT * FROM `yh_business` WHERE  `id` = 3 LIMIT 1 [ RunTime:0.000482s ]
[2020-10-28T10:22:30+08:00][sql] SHOW FULL COLUMNS FROM `yh_webpz` [ RunTime:0.001817s ]
[2020-10-28T10:22:30+08:00][sql] SELECT * FROM `yh_webpz` WHERE  `id` = 1 LIMIT 1 [ RunTime:0.000534s ]
[2020-10-28T10:30:57+08:00][sql] CONNECT:[ UseTime:0.002200s ] mysql:host=127.0.0.1;port=3306;dbname=jifei;charset=utf8
[2020-10-28T10:30:57+08:00][sql] SHOW FULL COLUMNS FROM `yh_user` [ RunTime:0.002637s ]
[2020-10-28T10:30:57+08:00][sql] SELECT * FROM `yh_user` WHERE  `id` = 3 LIMIT 1 [ RunTime:0.001258s ]
[2020-10-28T10:30:57+08:00][sql] SHOW FULL COLUMNS FROM `yh_business` [ RunTime:0.001920s ]
[2020-10-28T10:30:57+08:00][sql] SELECT * FROM `yh_business` WHERE  `id` = 3 LIMIT 1 [ RunTime:0.001280s ]
[2020-10-28T10:30:57+08:00][sql] SHOW FULL COLUMNS FROM `yh_webpz` [ RunTime:0.003037s ]
[2020-10-28T10:30:57+08:00][sql] SELECT * FROM `yh_webpz` WHERE  `id` = 1 LIMIT 1 [ RunTime:0.000655s ]
[2020-10-28T10:30:57+08:00][sql] SHOW FULL COLUMNS FROM `yh_information` [ RunTime:0.001832s ]
[2020-10-28T10:30:57+08:00][sql] SELECT * FROM `yh_information` WHERE  `id` = 1 LIMIT 1 [ RunTime:0.000914s ]
[2020-10-28T10:30:59+08:00][sql] CONNECT:[ UseTime:0.000872s ] mysql:host=127.0.0.1;port=3306;dbname=jifei;charset=utf8
[2020-10-28T10:30:59+08:00][sql] SHOW FULL COLUMNS FROM `yh_user` [ RunTime:0.002405s ]
[2020-10-28T10:30:59+08:00][sql] SELECT * FROM `yh_user` WHERE  `id` = 3 LIMIT 1 [ RunTime:0.000686s ]
[2020-10-28T10:30:59+08:00][sql] SHOW FULL COLUMNS FROM `yh_business` [ RunTime:0.001956s ]
[2020-10-28T10:30:59+08:00][sql] SELECT * FROM `yh_business` WHERE  `id` = 3 LIMIT 1 [ RunTime:0.000566s ]
[2020-10-28T10:30:59+08:00][sql] SHOW FULL COLUMNS FROM `yh_webpz` [ RunTime:0.002096s ]
[2020-10-28T10:30:59+08:00][sql] SELECT * FROM `yh_webpz` WHERE  `id` = 1 LIMIT 1 [ RunTime:0.000683s ]
[2020-10-28T10:30:59+08:00][sql] SHOW FULL COLUMNS FROM `yh_information` [ RunTime:0.002459s ]
[2020-10-28T10:30:59+08:00][sql] SELECT * FROM `yh_information` WHERE  `id` = 1 LIMIT 1 [ RunTime:0.000672s ]
[2020-10-28T10:31:05+08:00][sql] CONNECT:[ UseTime:0.000866s ] mysql:host=127.0.0.1;port=3306;dbname=jifei;charset=utf8
[2020-10-28T10:31:05+08:00][sql] SHOW FULL COLUMNS FROM `yh_user` [ RunTime:0.002361s ]
[2020-10-28T10:31:05+08:00][sql] SELECT * FROM `yh_user` WHERE  `id` = 3 LIMIT 1 [ RunTime:0.000634s ]
[2020-10-28T10:31:05+08:00][sql] SHOW FULL COLUMNS FROM `yh_business` [ RunTime:0.001800s ]
[2020-10-28T10:31:05+08:00][sql] SELECT * FROM `yh_business` WHERE  `id` = 3 LIMIT 1 [ RunTime:0.000511s ]
[2020-10-28T10:31:05+08:00][sql] SHOW FULL COLUMNS FROM `yh_webpz` [ RunTime:0.002011s ]
[2020-10-28T10:31:05+08:00][sql] SELECT * FROM `yh_webpz` WHERE  `id` = 1 LIMIT 1 [ RunTime:0.000577s ]
[2020-10-28T10:31:05+08:00][sql] SHOW FULL COLUMNS FROM `yh_information` [ RunTime:0.001936s ]
[2020-10-28T10:31:05+08:00][sql] SELECT * FROM `yh_information` WHERE  `id` = 1 LIMIT 1 [ RunTime:0.000580s ]
[2020-10-28T10:31:10+08:00][sql] CONNECT:[ UseTime:0.001073s ] mysql:host=127.0.0.1;port=3306;dbname=jifei;charset=utf8
[2020-10-28T10:31:10+08:00][sql] SHOW FULL COLUMNS FROM `yh_user` [ RunTime:0.002811s ]
[2020-10-28T10:31:10+08:00][sql] SELECT * FROM `yh_user` WHERE  `id` = 3 LIMIT 1 [ RunTime:0.000840s ]
[2020-10-28T10:31:10+08:00][sql] SHOW FULL COLUMNS FROM `yh_business` [ RunTime:0.002264s ]
[2020-10-28T10:31:10+08:00][sql] SELECT * FROM `yh_business` WHERE  `id` = 3 LIMIT 1 [ RunTime:0.001225s ]
[2020-10-28T10:31:10+08:00][sql] SHOW FULL COLUMNS FROM `yh_webpz` [ RunTime:0.002234s ]
[2020-10-28T10:31:10+08:00][sql] SELECT * FROM `yh_webpz` WHERE  `id` = 1 LIMIT 1 [ RunTime:0.000653s ]
[2020-10-28T10:31:10+08:00][sql] SHOW FULL COLUMNS FROM `yh_information` [ RunTime:0.002018s ]
[2020-10-28T10:31:10+08:00][sql] SELECT * FROM `yh_information` WHERE  `id` = 1 LIMIT 1 [ RunTime:0.000638s ]
[2020-10-28T10:31:11+08:00][sql] CONNECT:[ UseTime:0.006363s ] mysql:host=127.0.0.1;port=3306;dbname=jifei;charset=utf8
[2020-10-28T10:31:11+08:00][sql] SHOW FULL COLUMNS FROM `yh_user` [ RunTime:0.002071s ]
[2020-10-28T10:31:11+08:00][sql] SELECT * FROM `yh_user` WHERE  `id` = 3 LIMIT 1 [ RunTime:0.000509s ]
[2020-10-28T10:31:11+08:00][sql] SHOW FULL COLUMNS FROM `yh_business` [ RunTime:0.001423s ]
[2020-10-28T10:31:11+08:00][sql] SELECT * FROM `yh_business` WHERE  `id` = 3 LIMIT 1 [ RunTime:0.000424s ]
[2020-10-28T10:31:11+08:00][sql] SHOW FULL COLUMNS FROM `yh_webpz` [ RunTime:0.002202s ]
[2020-10-28T10:31:11+08:00][sql] SELECT * FROM `yh_webpz` WHERE  `id` = 1 LIMIT 1 [ RunTime:0.002664s ]
[2020-10-28T10:31:11+08:00][sql] SHOW FULL COLUMNS FROM `yh_information` [ RunTime:0.003140s ]
[2020-10-28T10:31:11+08:00][sql] SELECT * FROM `yh_information` WHERE  `id` = 1 LIMIT 1 [ RunTime:0.000576s ]
