[2020-10-29T16:54:22+08:00][sql] CONNECT:[ UseTime:0.001185s ] mysql:host=127.0.0.1;port=3306;dbname=jifei;charset=utf8
[2020-10-29T16:54:22+08:00][sql] SHOW FULL COLUMNS FROM `yh_webpz` [ RunTime:0.002489s ]
[2020-10-29T16:54:22+08:00][sql] SELECT * FROM `yh_webpz` WHERE  `id` = 1 LIMIT 1 [ RunTime:0.000761s ]
[2020-10-29T16:54:26+08:00][sql] CONNECT:[ UseTime:0.001134s ] mysql:host=127.0.0.1;port=3306;dbname=jifei;charset=utf8
[2020-10-29T16:54:26+08:00][sql] SHOW FULL COLUMNS FROM `yh_webpz` [ RunTime:0.003416s ]
[2020-10-29T16:54:26+08:00][sql] SELECT * FROM `yh_webpz` WHERE  `id` = 1 LIMIT 1 [ RunTime:0.000725s ]
[2020-10-29T16:54:26+08:00][sql] SHOW FULL COLUMNS FROM `yh_user` [ RunTime:0.001933s ]
[2020-10-29T16:54:26+08:00][sql] SELECT * FROM `yh_user` WHERE  `username` = '1178350505'  AND `password` = 'e10adc3949ba59abbe56e057f20f883e' LIMIT 1 [ RunTime:0.000661s ]
[2020-10-29T16:54:26+08:00][sql] CONNECT:[ UseTime:0.002500s ] mysql:host=127.0.0.1;port=3306;dbname=jifei;charset=utf8
[2020-10-29T16:54:26+08:00][sql] SHOW FULL COLUMNS FROM `yh_user` [ RunTime:0.002567s ]
[2020-10-29T16:54:26+08:00][sql] SELECT * FROM `yh_user` WHERE  `id` = 3 LIMIT 1 [ RunTime:0.000969s ]
[2020-10-29T16:54:26+08:00][sql] SHOW FULL COLUMNS FROM `yh_business` [ RunTime:0.002190s ]
[2020-10-29T16:54:26+08:00][sql] SELECT * FROM `yh_business` WHERE  `id` = 3 LIMIT 1 [ RunTime:0.000756s ]
[2020-10-29T16:54:26+08:00][sql] SHOW FULL COLUMNS FROM `yh_webpz` [ RunTime:0.002088s ]
[2020-10-29T16:54:26+08:00][sql] SELECT * FROM `yh_webpz` WHERE  `id` = 1 LIMIT 1 [ RunTime:0.000646s ]
[2020-10-29T16:54:26+08:00][sql] SHOW FULL COLUMNS FROM `yh_information` [ RunTime:0.002279s ]
[2020-10-29T16:54:26+08:00][sql] SELECT * FROM `yh_information` WHERE  `id` = 1 LIMIT 1 [ RunTime:0.001335s ]
[2020-10-29T16:54:41+08:00][sql] CONNECT:[ UseTime:0.003720s ] mysql:host=127.0.0.1;port=3306;dbname=jifei;charset=utf8
[2020-10-29T16:54:41+08:00][sql] SHOW FULL COLUMNS FROM `yh_user` [ RunTime:0.002832s ]
[2020-10-29T16:54:41+08:00][sql] SELECT * FROM `yh_user` WHERE  `id` = 3 LIMIT 1 [ RunTime:0.000864s ]
[2020-10-29T16:54:41+08:00][sql] SHOW FULL COLUMNS FROM `yh_business` [ RunTime:0.002161s ]
[2020-10-29T16:54:41+08:00][sql] SELECT * FROM `yh_business` WHERE  `id` = 3 LIMIT 1 [ RunTime:0.000699s ]
[2020-10-29T16:54:41+08:00][sql] SHOW FULL COLUMNS FROM `yh_webpz` [ RunTime:0.002332s ]
[2020-10-29T16:54:41+08:00][sql] SELECT * FROM `yh_webpz` WHERE  `id` = 1 LIMIT 1 [ RunTime:0.000787s ]
[2020-10-29T16:54:41+08:00][sql] SHOW FULL COLUMNS FROM `yh_information` [ RunTime:0.001880s ]
[2020-10-29T16:54:41+08:00][sql] SELECT * FROM `yh_information` WHERE  `id` = 1 LIMIT 1 [ RunTime:0.000650s ]
[2020-10-29T16:54:53+08:00][sql] CONNECT:[ UseTime:0.001448s ] mysql:host=127.0.0.1;port=3306;dbname=jifei;charset=utf8
[2020-10-29T16:54:53+08:00][sql] SHOW FULL COLUMNS FROM `yh_user` [ RunTime:0.002736s ]
[2020-10-29T16:54:53+08:00][sql] SELECT * FROM `yh_user` WHERE  `id` = 3 LIMIT 1 [ RunTime:0.000743s ]
[2020-10-29T16:54:53+08:00][sql] SHOW FULL COLUMNS FROM `yh_business` [ RunTime:0.001902s ]
[2020-10-29T16:54:53+08:00][sql] SELECT * FROM `yh_business` WHERE  `id` = 3 LIMIT 1 [ RunTime:0.000576s ]
[2020-10-29T16:54:53+08:00][sql] SHOW FULL COLUMNS FROM `yh_webpz` [ RunTime:0.002315s ]
[2020-10-29T16:54:53+08:00][sql] SELECT * FROM `yh_webpz` WHERE  `id` = 1 LIMIT 1 [ RunTime:0.000968s ]
[2020-10-29T16:54:53+08:00][sql] SHOW FULL COLUMNS FROM `yh_information` [ RunTime:0.003384s ]
[2020-10-29T16:54:53+08:00][sql] SELECT * FROM `yh_information` WHERE  `id` = 1 LIMIT 1 [ RunTime:0.003686s ]
[2020-10-29T16:55:54+08:00][sql] CONNECT:[ UseTime:0.004676s ] mysql:host=127.0.0.1;port=3306;dbname=jifei;charset=utf8
[2020-10-29T16:55:54+08:00][sql] SHOW FULL COLUMNS FROM `yh_user` [ RunTime:0.004701s ]
[2020-10-29T16:55:54+08:00][sql] SELECT * FROM `yh_user` WHERE  `id` = 3 LIMIT 1 [ RunTime:0.000758s ]
[2020-10-29T16:55:54+08:00][sql] SHOW FULL COLUMNS FROM `yh_business` [ RunTime:0.002432s ]
[2020-10-29T16:55:54+08:00][sql] SELECT * FROM `yh_business` WHERE  `id` = 3 LIMIT 1 [ RunTime:0.000680s ]
[2020-10-29T16:55:54+08:00][sql] SHOW FULL COLUMNS FROM `yh_webpz` [ RunTime:0.002238s ]
[2020-10-29T16:55:54+08:00][sql] SELECT * FROM `yh_webpz` WHERE  `id` = 1 LIMIT 1 [ RunTime:0.000786s ]
[2020-10-29T16:55:54+08:00][sql] SHOW FULL COLUMNS FROM `yh_information` [ RunTime:0.001988s ]
[2020-10-29T16:55:54+08:00][sql] SELECT * FROM `yh_information` WHERE  `id` = 1 LIMIT 1 [ RunTime:0.000648s ]
[2020-10-29T16:55:56+08:00][sql] CONNECT:[ UseTime:0.003736s ] mysql:host=127.0.0.1;port=3306;dbname=jifei;charset=utf8
[2020-10-29T16:55:56+08:00][sql] SHOW FULL COLUMNS FROM `yh_user` [ RunTime:0.002212s ]
[2020-10-29T16:55:56+08:00][sql] SELECT * FROM `yh_user` WHERE  `id` = 3 LIMIT 1 [ RunTime:0.000905s ]
[2020-10-29T16:55:56+08:00][sql] SHOW FULL COLUMNS FROM `yh_business` [ RunTime:0.002736s ]
[2020-10-29T16:55:56+08:00][sql] SELECT * FROM `yh_business` WHERE  `id` = 3 LIMIT 1 [ RunTime:0.000664s ]
[2020-10-29T16:55:56+08:00][sql] SHOW FULL COLUMNS FROM `yh_webpz` [ RunTime:0.001789s ]
[2020-10-29T16:55:56+08:00][sql] SELECT * FROM `yh_webpz` WHERE  `id` = 1 LIMIT 1 [ RunTime:0.001684s ]
[2020-10-29T16:55:57+08:00][sql] CONNECT:[ UseTime:0.001254s ] mysql:host=127.0.0.1;port=3306;dbname=jifei;charset=utf8
[2020-10-29T16:55:57+08:00][sql] SHOW FULL COLUMNS FROM `yh_user` [ RunTime:0.002185s ]
[2020-10-29T16:55:57+08:00][sql] SELECT * FROM `yh_user` WHERE  `id` = 3 LIMIT 1 [ RunTime:0.000767s ]
[2020-10-29T16:55:57+08:00][sql] SHOW FULL COLUMNS FROM `yh_business` [ RunTime:0.001594s ]
[2020-10-29T16:55:57+08:00][sql] SELECT * FROM `yh_business` WHERE  `id` = 3 LIMIT 1 [ RunTime:0.000669s ]
[2020-10-29T16:55:57+08:00][sql] SHOW FULL COLUMNS FROM `yh_webpz` [ RunTime:0.001808s ]
[2020-10-29T16:55:57+08:00][sql] SELECT * FROM `yh_webpz` WHERE  `id` = 1 LIMIT 1 [ RunTime:0.000762s ]
[2020-10-29T16:55:58+08:00][sql] CONNECT:[ UseTime:0.011681s ] mysql:host=127.0.0.1;port=3306;dbname=jifei;charset=utf8
[2020-10-29T16:55:58+08:00][sql] SHOW FULL COLUMNS FROM `yh_user` [ RunTime:0.002721s ]
[2020-10-29T16:55:58+08:00][sql] SELECT * FROM `yh_user` WHERE  `id` = 3 LIMIT 1 [ RunTime:0.000739s ]
[2020-10-29T16:55:58+08:00][sql] SHOW FULL COLUMNS FROM `yh_business` [ RunTime:0.001983s ]
[2020-10-29T16:55:58+08:00][sql] SELECT * FROM `yh_business` WHERE  `id` = 3 LIMIT 1 [ RunTime:0.000615s ]
[2020-10-29T16:55:58+08:00][sql] SHOW FULL COLUMNS FROM `yh_webpz` [ RunTime:0.002076s ]
[2020-10-29T16:55:58+08:00][sql] SELECT * FROM `yh_webpz` WHERE  `id` = 1 LIMIT 1 [ RunTime:0.000702s ]
[2020-10-29T16:55:59+08:00][sql] CONNECT:[ UseTime:0.001262s ] mysql:host=127.0.0.1;port=3306;dbname=jifei;charset=utf8
[2020-10-29T16:55:59+08:00][sql] SHOW FULL COLUMNS FROM `yh_user` [ RunTime:0.002685s ]
[2020-10-29T16:55:59+08:00][sql] SELECT * FROM `yh_user` WHERE  `id` = 3 LIMIT 1 [ RunTime:0.000945s ]
[2020-10-29T16:55:59+08:00][sql] SHOW FULL COLUMNS FROM `yh_business` [ RunTime:0.002068s ]
[2020-10-29T16:55:59+08:00][sql] SELECT * FROM `yh_business` WHERE  `id` = 3 LIMIT 1 [ RunTime:0.000936s ]
[2020-10-29T16:55:59+08:00][sql] SHOW FULL COLUMNS FROM `yh_webpz` [ RunTime:0.003039s ]
[2020-10-29T16:55:59+08:00][sql] SELECT * FROM `yh_webpz` WHERE  `id` = 1 LIMIT 1 [ RunTime:0.000938s ]
[2020-10-29T16:56:00+08:00][sql] CONNECT:[ UseTime:0.004463s ] mysql:host=127.0.0.1;port=3306;dbname=jifei;charset=utf8
[2020-10-29T16:56:00+08:00][sql] SHOW FULL COLUMNS FROM `yh_user` [ RunTime:0.004123s ]
[2020-10-29T16:56:00+08:00][sql] SELECT * FROM `yh_user` WHERE  `id` = 3 LIMIT 1 [ RunTime:0.003736s ]
[2020-10-29T16:56:00+08:00][sql] SHOW FULL COLUMNS FROM `yh_business` [ RunTime:0.003260s ]
[2020-10-29T16:56:00+08:00][sql] SELECT * FROM `yh_business` WHERE  `id` = 3 LIMIT 1 [ RunTime:0.000927s ]
[2020-10-29T16:56:00+08:00][sql] SHOW FULL COLUMNS FROM `yh_webpz` [ RunTime:0.003473s ]
[2020-10-29T16:56:00+08:00][sql] SELECT * FROM `yh_webpz` WHERE  `id` = 1 LIMIT 1 [ RunTime:0.000649s ]
[2020-10-29T16:56:00+08:00][sql] CONNECT:[ UseTime:0.001120s ] mysql:host=127.0.0.1;port=3306;dbname=jifei;charset=utf8
[2020-10-29T16:56:00+08:00][sql] SHOW FULL COLUMNS FROM `yh_user` [ RunTime:0.002163s ]
[2020-10-29T16:56:00+08:00][sql] SELECT * FROM `yh_user` WHERE  `id` = 3 LIMIT 1 [ RunTime:0.000533s ]
[2020-10-29T16:56:00+08:00][sql] SHOW FULL COLUMNS FROM `yh_business` [ RunTime:0.002089s ]
[2020-10-29T16:56:00+08:00][sql] SELECT * FROM `yh_business` WHERE  `id` = 3 LIMIT 1 [ RunTime:0.000553s ]
[2020-10-29T16:56:00+08:00][sql] SHOW FULL COLUMNS FROM `yh_webpz` [ RunTime:0.001908s ]
[2020-10-29T16:56:00+08:00][sql] SELECT * FROM `yh_webpz` WHERE  `id` = 1 LIMIT 1 [ RunTime:0.000587s ]
[2020-10-29T16:56:02+08:00][sql] CONNECT:[ UseTime:0.004297s ] mysql:host=127.0.0.1;port=3306;dbname=jifei;charset=utf8
[2020-10-29T16:56:02+08:00][sql] SHOW FULL COLUMNS FROM `yh_user` [ RunTime:0.004344s ]
[2020-10-29T16:56:02+08:00][sql] SELECT * FROM `yh_user` WHERE  `id` = 3 LIMIT 1 [ RunTime:0.000626s ]
[2020-10-29T16:56:02+08:00][sql] SHOW FULL COLUMNS FROM `yh_business` [ RunTime:0.001759s ]
[2020-10-29T16:56:02+08:00][sql] SELECT * FROM `yh_business` WHERE  `id` = 3 LIMIT 1 [ RunTime:0.000509s ]
[2020-10-29T16:56:02+08:00][sql] SHOW FULL COLUMNS FROM `yh_webpz` [ RunTime:0.001838s ]
[2020-10-29T16:56:02+08:00][sql] SELECT * FROM `yh_webpz` WHERE  `id` = 1 LIMIT 1 [ RunTime:0.000540s ]
[2020-10-29T16:56:02+08:00][sql] CONNECT:[ UseTime:0.004045s ] mysql:host=127.0.0.1;port=3306;dbname=jifei;charset=utf8
[2020-10-29T16:56:02+08:00][sql] SHOW FULL COLUMNS FROM `yh_user` [ RunTime:0.003445s ]
[2020-10-29T16:56:02+08:00][sql] SELECT * FROM `yh_user` WHERE  `id` = 3 LIMIT 1 [ RunTime:0.000659s ]
[2020-10-29T16:56:02+08:00][sql] SHOW FULL COLUMNS FROM `yh_business` [ RunTime:0.002021s ]
[2020-10-29T16:56:02+08:00][sql] SELECT * FROM `yh_business` WHERE  `id` = 3 LIMIT 1 [ RunTime:0.000549s ]
[2020-10-29T16:56:02+08:00][sql] SHOW FULL COLUMNS FROM `yh_webpz` [ RunTime:0.002102s ]
[2020-10-29T16:56:02+08:00][sql] SELECT * FROM `yh_webpz` WHERE  `id` = 1 LIMIT 1 [ RunTime:0.000656s ]
[2020-10-29T16:56:02+08:00][sql] SHOW FULL COLUMNS FROM `yh_meal` [ RunTime:0.007256s ]
[2020-10-29T16:56:02+08:00][sql] SELECT * FROM `yh_meal` WHERE  `status` = 1  AND `type` = 1 ORDER BY `id` DESC [ RunTime:0.003224s ]
[2020-10-29T16:56:03+08:00][sql] CONNECT:[ UseTime:0.004384s ] mysql:host=127.0.0.1;port=3306;dbname=jifei;charset=utf8
[2020-10-29T16:56:03+08:00][sql] SHOW FULL COLUMNS FROM `yh_user` [ RunTime:0.005302s ]
[2020-10-29T16:56:03+08:00][sql] SELECT * FROM `yh_user` WHERE  `id` = 3 LIMIT 1 [ RunTime:0.000838s ]
[2020-10-29T16:56:03+08:00][sql] SHOW FULL COLUMNS FROM `yh_business` [ RunTime:0.002296s ]
[2020-10-29T16:56:03+08:00][sql] SELECT * FROM `yh_business` WHERE  `id` = 3 LIMIT 1 [ RunTime:0.000714s ]
[2020-10-29T16:56:03+08:00][sql] SHOW FULL COLUMNS FROM `yh_webpz` [ RunTime:0.003435s ]
[2020-10-29T16:56:03+08:00][sql] SELECT * FROM `yh_webpz` WHERE  `id` = 1 LIMIT 1 [ RunTime:0.000828s ]
[2020-10-29T16:56:03+08:00][sql] SHOW FULL COLUMNS FROM `yh_meal` [ RunTime:0.002267s ]
[2020-10-29T16:56:03+08:00][sql] SELECT * FROM `yh_meal` WHERE  `status` = 1  AND `type` = 2 ORDER BY `id` DESC [ RunTime:0.000822s ]
[2020-10-29T16:56:04+08:00][sql] CONNECT:[ UseTime:0.001175s ] mysql:host=127.0.0.1;port=3306;dbname=jifei;charset=utf8
[2020-10-29T16:56:04+08:00][sql] SHOW FULL COLUMNS FROM `yh_user` [ RunTime:0.002063s ]
[2020-10-29T16:56:04+08:00][sql] SELECT * FROM `yh_user` WHERE  `id` = 3 LIMIT 1 [ RunTime:0.000717s ]
[2020-10-29T16:56:04+08:00][sql] SHOW FULL COLUMNS FROM `yh_business` [ RunTime:0.001742s ]
[2020-10-29T16:56:04+08:00][sql] SELECT * FROM `yh_business` WHERE  `id` = 3 LIMIT 1 [ RunTime:0.000603s ]
[2020-10-29T16:56:04+08:00][sql] SHOW FULL COLUMNS FROM `yh_webpz` [ RunTime:0.001863s ]
[2020-10-29T16:56:04+08:00][sql] SELECT * FROM `yh_webpz` WHERE  `id` = 1 LIMIT 1 [ RunTime:0.000643s ]
[2020-10-29T16:56:04+08:00][sql] SHOW FULL COLUMNS FROM `yh_meal` [ RunTime:0.001783s ]
[2020-10-29T16:56:04+08:00][sql] SELECT * FROM `yh_meal` WHERE  `status` = 1  AND `type` = 1 ORDER BY `id` DESC [ RunTime:0.000746s ]
[2020-10-29T16:56:04+08:00][sql] CONNECT:[ UseTime:0.004062s ] mysql:host=127.0.0.1;port=3306;dbname=jifei;charset=utf8
[2020-10-29T16:56:04+08:00][sql] SHOW FULL COLUMNS FROM `yh_user` [ RunTime:0.007152s ]
[2020-10-29T16:56:04+08:00][sql] SELECT * FROM `yh_user` WHERE  `id` = 3 LIMIT 1 [ RunTime:0.000776s ]
[2020-10-29T16:56:04+08:00][sql] SHOW FULL COLUMNS FROM `yh_business` [ RunTime:0.002073s ]
[2020-10-29T16:56:04+08:00][sql] SELECT * FROM `yh_business` WHERE  `id` = 3 LIMIT 1 [ RunTime:0.000596s ]
[2020-10-29T16:56:04+08:00][sql] SHOW FULL COLUMNS FROM `yh_webpz` [ RunTime:0.003009s ]
[2020-10-29T16:56:04+08:00][sql] SELECT * FROM `yh_webpz` WHERE  `id` = 1 LIMIT 1 [ RunTime:0.000764s ]
[2020-10-29T16:56:04+08:00][sql] SHOW FULL COLUMNS FROM `yh_meal` [ RunTime:0.004164s ]
[2020-10-29T16:56:04+08:00][sql] SELECT * FROM `yh_meal` WHERE  `status` = 1  AND `type` = 2 ORDER BY `id` DESC [ RunTime:0.001972s ]
[2020-10-29T16:56:04+08:00][sql] CONNECT:[ UseTime:0.001267s ] mysql:host=127.0.0.1;port=3306;dbname=jifei;charset=utf8
[2020-10-29T16:56:04+08:00][sql] SHOW FULL COLUMNS FROM `yh_user` [ RunTime:0.002646s ]
[2020-10-29T16:56:04+08:00][sql] SELECT * FROM `yh_user` WHERE  `id` = 3 LIMIT 1 [ RunTime:0.000698s ]
[2020-10-29T16:56:04+08:00][sql] SHOW FULL COLUMNS FROM `yh_business` [ RunTime:0.001885s ]
[2020-10-29T16:56:04+08:00][sql] SELECT * FROM `yh_business` WHERE  `id` = 3 LIMIT 1 [ RunTime:0.000656s ]
[2020-10-29T16:56:04+08:00][sql] SHOW FULL COLUMNS FROM `yh_webpz` [ RunTime:0.001760s ]
[2020-10-29T16:56:04+08:00][sql] SELECT * FROM `yh_webpz` WHERE  `id` = 1 LIMIT 1 [ RunTime:0.000626s ]
[2020-10-29T16:56:04+08:00][sql] SHOW FULL COLUMNS FROM `yh_meal` [ RunTime:0.001559s ]
[2020-10-29T16:56:04+08:00][sql] SELECT * FROM `yh_meal` WHERE  `status` = 1  AND `type` = 1 ORDER BY `id` DESC [ RunTime:0.000650s ]
[2020-10-29T16:56:05+08:00][sql] CONNECT:[ UseTime:0.021958s ] mysql:host=127.0.0.1;port=3306;dbname=jifei;charset=utf8
[2020-10-29T16:56:05+08:00][sql] SHOW FULL COLUMNS FROM `yh_user` [ RunTime:0.007470s ]
[2020-10-29T16:56:05+08:00][sql] SELECT * FROM `yh_user` WHERE  `id` = 3 LIMIT 1 [ RunTime:0.001943s ]
[2020-10-29T16:56:05+08:00][sql] SHOW FULL COLUMNS FROM `yh_business` [ RunTime:0.003147s ]
[2020-10-29T16:56:05+08:00][sql] SELECT * FROM `yh_business` WHERE  `id` = 3 LIMIT 1 [ RunTime:0.001196s ]
[2020-10-29T16:56:05+08:00][sql] SHOW FULL COLUMNS FROM `yh_webpz` [ RunTime:0.003155s ]
[2020-10-29T16:56:05+08:00][sql] SELECT * FROM `yh_webpz` WHERE  `id` = 1 LIMIT 1 [ RunTime:0.001884s ]
[2020-10-29T16:56:05+08:00][sql] SHOW FULL COLUMNS FROM `yh_meal` [ RunTime:0.002701s ]
[2020-10-29T16:56:05+08:00][sql] SELECT * FROM `yh_meal` WHERE  `status` = 1  AND `type` = 2 ORDER BY `id` DESC [ RunTime:0.000875s ]
[2020-10-29T16:56:06+08:00][sql] CONNECT:[ UseTime:0.001065s ] mysql:host=127.0.0.1;port=3306;dbname=jifei;charset=utf8
[2020-10-29T16:56:06+08:00][sql] SHOW FULL COLUMNS FROM `yh_user` [ RunTime:0.002900s ]
[2020-10-29T16:56:06+08:00][sql] SELECT * FROM `yh_user` WHERE  `id` = 3 LIMIT 1 [ RunTime:0.000614s ]
[2020-10-29T16:56:06+08:00][sql] SHOW FULL COLUMNS FROM `yh_business` [ RunTime:0.001963s ]
[2020-10-29T16:56:06+08:00][sql] SELECT * FROM `yh_business` WHERE  `id` = 3 LIMIT 1 [ RunTime:0.000485s ]
[2020-10-29T16:56:06+08:00][sql] SHOW FULL COLUMNS FROM `yh_webpz` [ RunTime:0.001710s ]
[2020-10-29T16:56:06+08:00][sql] SELECT * FROM `yh_webpz` WHERE  `id` = 1 LIMIT 1 [ RunTime:0.000586s ]
[2020-10-29T16:56:06+08:00][sql] CONNECT:[ UseTime:0.002972s ] mysql:host=127.0.0.1;port=3306;dbname=jifei;charset=utf8
[2020-10-29T16:56:06+08:00][sql] SHOW FULL COLUMNS FROM `yh_user` [ RunTime:0.002801s ]
[2020-10-29T16:56:06+08:00][sql] SELECT * FROM `yh_user` WHERE  `id` = 3 LIMIT 1 [ RunTime:0.000740s ]
[2020-10-29T16:56:06+08:00][sql] SHOW FULL COLUMNS FROM `yh_business` [ RunTime:0.001854s ]
[2020-10-29T16:56:06+08:00][sql] SELECT * FROM `yh_business` WHERE  `id` = 3 LIMIT 1 [ RunTime:0.000567s ]
[2020-10-29T16:56:06+08:00][sql] SHOW FULL COLUMNS FROM `yh_webpz` [ RunTime:0.002091s ]
[2020-10-29T16:56:06+08:00][sql] SELECT * FROM `yh_webpz` WHERE  `id` = 1 LIMIT 1 [ RunTime:0.000837s ]
[2020-10-29T16:56:07+08:00][sql] CONNECT:[ UseTime:0.001343s ] mysql:host=127.0.0.1;port=3306;dbname=jifei;charset=utf8
[2020-10-29T16:56:07+08:00][sql] SHOW FULL COLUMNS FROM `yh_user` [ RunTime:0.002630s ]
[2020-10-29T16:56:07+08:00][sql] SELECT * FROM `yh_user` WHERE  `id` = 3 LIMIT 1 [ RunTime:0.000770s ]
[2020-10-29T16:56:07+08:00][sql] SHOW FULL COLUMNS FROM `yh_business` [ RunTime:0.001771s ]
[2020-10-29T16:56:07+08:00][sql] SELECT * FROM `yh_business` WHERE  `id` = 3 LIMIT 1 [ RunTime:0.000597s ]
[2020-10-29T16:56:07+08:00][sql] SHOW FULL COLUMNS FROM `yh_webpz` [ RunTime:0.002085s ]
[2020-10-29T16:56:07+08:00][sql] SELECT * FROM `yh_webpz` WHERE  `id` = 1 LIMIT 1 [ RunTime:0.002171s ]
[2020-10-29T16:56:08+08:00][sql] CONNECT:[ UseTime:0.001394s ] mysql:host=127.0.0.1;port=3306;dbname=jifei;charset=utf8
[2020-10-29T16:56:08+08:00][sql] SHOW FULL COLUMNS FROM `yh_user` [ RunTime:0.002902s ]
[2020-10-29T16:56:08+08:00][sql] SELECT * FROM `yh_user` WHERE  `id` = 3 LIMIT 1 [ RunTime:0.000709s ]
[2020-10-29T16:56:08+08:00][sql] SHOW FULL COLUMNS FROM `yh_business` [ RunTime:0.003646s ]
[2020-10-29T16:56:08+08:00][sql] SELECT * FROM `yh_business` WHERE  `id` = 3 LIMIT 1 [ RunTime:0.003071s ]
[2020-10-29T16:56:08+08:00][sql] SHOW FULL COLUMNS FROM `yh_webpz` [ RunTime:0.004535s ]
[2020-10-29T16:56:08+08:00][sql] SELECT * FROM `yh_webpz` WHERE  `id` = 1 LIMIT 1 [ RunTime:0.000784s ]
[2020-10-29T16:56:08+08:00][sql] SHOW FULL COLUMNS FROM `yh_record` [ RunTime:0.002046s ]
[2020-10-29T16:56:08+08:00][sql] SELECT COUNT(*) AS think_count FROM `yh_record` WHERE  `uid` = 37409 [ RunTime:0.000537s ]
[2020-10-29T16:56:08+08:00][sql] SELECT * FROM `yh_record` WHERE  `uid` = 37409 ORDER BY `id` DESC LIMIT 0,10 [ RunTime:0.000534s ]
[2020-10-29T16:56:09+08:00][sql] CONNECT:[ UseTime:0.001158s ] mysql:host=127.0.0.1;port=3306;dbname=jifei;charset=utf8
[2020-10-29T16:56:09+08:00][sql] SHOW FULL COLUMNS FROM `yh_user` [ RunTime:0.005816s ]
[2020-10-29T16:56:09+08:00][sql] SELECT * FROM `yh_user` WHERE  `id` = 3 LIMIT 1 [ RunTime:0.000634s ]
[2020-10-29T16:56:09+08:00][sql] SHOW FULL COLUMNS FROM `yh_business` [ RunTime:0.002294s ]
[2020-10-29T16:56:09+08:00][sql] SELECT * FROM `yh_business` WHERE  `id` = 3 LIMIT 1 [ RunTime:0.000600s ]
[2020-10-29T16:56:09+08:00][sql] SHOW FULL COLUMNS FROM `yh_webpz` [ RunTime:0.002022s ]
[2020-10-29T16:56:09+08:00][sql] SELECT * FROM `yh_webpz` WHERE  `id` = 1 LIMIT 1 [ RunTime:0.000613s ]
[2020-10-29T16:56:11+08:00][sql] CONNECT:[ UseTime:0.001329s ] mysql:host=127.0.0.1;port=3306;dbname=jifei;charset=utf8
[2020-10-29T16:56:11+08:00][sql] SHOW FULL COLUMNS FROM `yh_user` [ RunTime:0.005994s ]
[2020-10-29T16:56:11+08:00][sql] SELECT * FROM `yh_user` WHERE  `id` = 3 LIMIT 1 [ RunTime:0.001883s ]
[2020-10-29T16:56:11+08:00][sql] SHOW FULL COLUMNS FROM `yh_business` [ RunTime:0.002221s ]
[2020-10-29T16:56:11+08:00][sql] SELECT * FROM `yh_business` WHERE  `id` = 3 LIMIT 1 [ RunTime:0.000733s ]
[2020-10-29T16:56:11+08:00][sql] SHOW FULL COLUMNS FROM `yh_webpz` [ RunTime:0.002243s ]
[2020-10-29T16:56:11+08:00][sql] SELECT * FROM `yh_webpz` WHERE  `id` = 1 LIMIT 1 [ RunTime:0.000792s ]
[2020-10-29T16:56:23+08:00][sql] CONNECT:[ UseTime:0.001345s ] mysql:host=127.0.0.1;port=3306;dbname=jifei;charset=utf8
[2020-10-29T16:56:23+08:00][sql] SHOW FULL COLUMNS FROM `yh_user` [ RunTime:0.002855s ]
[2020-10-29T16:56:23+08:00][sql] SELECT * FROM `yh_user` WHERE  `id` = 3 LIMIT 1 [ RunTime:0.000560s ]
[2020-10-29T16:56:23+08:00][sql] SHOW FULL COLUMNS FROM `yh_business` [ RunTime:0.001617s ]
[2020-10-29T16:56:23+08:00][sql] SELECT * FROM `yh_business` WHERE  `id` = 3 LIMIT 1 [ RunTime:0.000431s ]
[2020-10-29T16:56:23+08:00][sql] SHOW FULL COLUMNS FROM `yh_webpz` [ RunTime:0.001509s ]
[2020-10-29T16:56:23+08:00][sql] SELECT * FROM `yh_webpz` WHERE  `id` = 1 LIMIT 1 [ RunTime:0.000445s ]
[2020-10-29T16:56:29+08:00][sql] CONNECT:[ UseTime:0.001180s ] mysql:host=127.0.0.1;port=3306;dbname=jifei;charset=utf8
[2020-10-29T16:56:29+08:00][sql] SHOW FULL COLUMNS FROM `yh_webpz` [ RunTime:0.002302s ]
[2020-10-29T16:56:29+08:00][sql] SELECT * FROM `yh_webpz` WHERE  `id` = 1 LIMIT 1 [ RunTime:0.000800s ]
[2020-10-29T16:56:29+08:00][sql] CONNECT:[ UseTime:0.001841s ] mysql:host=127.0.0.1;port=3306;dbname=jifei;charset=utf8
[2020-10-29T16:56:29+08:00][sql] SHOW FULL COLUMNS FROM `yh_webpz` [ RunTime:0.002680s ]
[2020-10-29T16:56:29+08:00][sql] SELECT * FROM `yh_webpz` WHERE  `id` = 1 LIMIT 1 [ RunTime:0.001038s ]
[2020-10-29T16:56:31+08:00][sql] CONNECT:[ UseTime:0.000916s ] mysql:host=127.0.0.1;port=3306;dbname=jifei;charset=utf8
[2020-10-29T16:56:31+08:00][sql] SHOW FULL COLUMNS FROM `yh_webpz` [ RunTime:0.002054s ]
[2020-10-29T16:56:31+08:00][sql] SELECT * FROM `yh_webpz` WHERE  `id` = 1 LIMIT 1 [ RunTime:0.000604s ]
[2020-10-29T16:56:37+08:00][sql] CONNECT:[ UseTime:0.001382s ] mysql:host=127.0.0.1;port=3306;dbname=jifei;charset=utf8
[2020-10-29T16:56:37+08:00][sql] SHOW FULL COLUMNS FROM `yh_webpz` [ RunTime:0.003568s ]
[2020-10-29T16:56:37+08:00][sql] SELECT * FROM `yh_webpz` WHERE  `id` = 1 LIMIT 1 [ RunTime:0.000688s ]
[2020-10-29T16:56:37+08:00][sql] SHOW FULL COLUMNS FROM `yh_user` [ RunTime:0.001921s ]
[2020-10-29T16:56:37+08:00][sql] SELECT `email` FROM `yh_user` WHERE  `username` = '1178350505' LIMIT 1 [ RunTime:0.000658s ]
[2020-10-29T16:56:37+08:00][sql] SHOW FULL COLUMNS FROM `yh_verification` [ RunTime:0.001839s ]
[2020-10-29T16:56:37+08:00][sql] SELECT `id` FROM `yh_verification` WHERE  `email` = '11783505015@qq.com' LIMIT 1 [ RunTime:0.000653s ]
[2020-10-29T16:56:37+08:00][sql] INSERT INTO `yh_verification` SET `code` = 'fhnprsxzGIPQWX35' , `email` = '11783505015@qq.com' , `intime` = 1603962096 [ RunTime:0.000789s ]
[2020-10-29T16:56:37+08:00][sql] SELECT * FROM `yh_webpz` WHERE  `id` = 1 LIMIT 1 [ RunTime:0.000638s ]
[2020-10-29T16:56:37+08:00][sql] CONNECT:[ UseTime:0.001258s ] mysql:host=127.0.0.1;port=3306;dbname=jifei;charset=utf8
[2020-10-29T16:56:37+08:00][sql] SHOW FULL COLUMNS FROM `yh_webpz` [ RunTime:0.002209s ]
[2020-10-29T16:56:37+08:00][sql] SELECT * FROM `yh_webpz` WHERE  `id` = 1 LIMIT 1 [ RunTime:0.000694s ]
[2020-10-29T16:56:47+08:00][sql] CONNECT:[ UseTime:0.000888s ] mysql:host=127.0.0.1;port=3306;dbname=jifei;charset=utf8
[2020-10-29T16:56:47+08:00][sql] SHOW FULL COLUMNS FROM `yh_webpz` [ RunTime:0.014652s ]
[2020-10-29T16:56:47+08:00][sql] SELECT * FROM `yh_webpz` WHERE  `id` = 1 LIMIT 1 [ RunTime:0.000686s ]
[2020-10-29T16:56:50+08:00][sql] CONNECT:[ UseTime:0.001120s ] mysql:host=127.0.0.1;port=3306;dbname=jifei;charset=utf8
[2020-10-29T16:56:50+08:00][sql] SHOW FULL COLUMNS FROM `yh_webpz` [ RunTime:0.002537s ]
[2020-10-29T16:56:50+08:00][sql] SELECT * FROM `yh_webpz` WHERE  `id` = 1 LIMIT 1 [ RunTime:0.000844s ]
[2020-10-29T16:56:50+08:00][sql] SHOW FULL COLUMNS FROM `yh_user` [ RunTime:0.001414s ]
[2020-10-29T16:56:50+08:00][sql] SELECT `email` FROM `yh_user` WHERE  `username` = '1178350505' LIMIT 1 [ RunTime:0.000950s ]
[2020-10-29T16:56:50+08:00][sql] SHOW FULL COLUMNS FROM `yh_verification` [ RunTime:0.004107s ]
[2020-10-29T16:56:50+08:00][sql] SELECT `id` FROM `yh_verification` WHERE  `email` = '11783505015@qq.com' LIMIT 1 [ RunTime:0.001312s ]
[2020-10-29T16:56:50+08:00][sql] UPDATE `yh_verification`  SET `code` = 'hilnpwxDGIVXZ258' , `email` = '11783505015@qq.com' , `intime` = 1603962109  WHERE  `id` = 9 [ RunTime:0.001849s ]
[2020-10-29T16:56:50+08:00][sql] SELECT * FROM `yh_webpz` WHERE  `id` = 1 LIMIT 1 [ RunTime:0.000816s ]
[2020-10-29T16:56:50+08:00][sql] CONNECT:[ UseTime:0.004615s ] mysql:host=127.0.0.1;port=3306;dbname=jifei;charset=utf8
[2020-10-29T16:56:50+08:00][sql] SHOW FULL COLUMNS FROM `yh_webpz` [ RunTime:0.008131s ]
[2020-10-29T16:56:50+08:00][sql] SELECT * FROM `yh_webpz` WHERE  `id` = 1 LIMIT 1 [ RunTime:0.004872s ]
[2020-10-29T16:56:53+08:00][sql] CONNECT:[ UseTime:0.005907s ] mysql:host=127.0.0.1;port=3306;dbname=jifei;charset=utf8
[2020-10-29T16:56:53+08:00][sql] SHOW FULL COLUMNS FROM `yh_webpz` [ RunTime:0.002096s ]
[2020-10-29T16:56:53+08:00][sql] SELECT * FROM `yh_webpz` WHERE  `id` = 1 LIMIT 1 [ RunTime:0.000683s ]
[2020-10-29T16:56:53+08:00][sql] SHOW FULL COLUMNS FROM `yh_user` [ RunTime:0.002116s ]
[2020-10-29T16:56:53+08:00][sql] SELECT `email` FROM `yh_user` WHERE  `username` = '1178350505' LIMIT 1 [ RunTime:0.000687s ]
[2020-10-29T16:56:53+08:00][sql] SHOW FULL COLUMNS FROM `yh_verification` [ RunTime:0.002160s ]
[2020-10-29T16:56:53+08:00][sql] SELECT `id` FROM `yh_verification` WHERE  `email` = '11783505015@qq.com' LIMIT 1 [ RunTime:0.000577s ]
[2020-10-29T16:56:53+08:00][sql] UPDATE `yh_verification`  SET `code` = 'bfhlmntuxyATZ019' , `email` = '11783505015@qq.com' , `intime` = 1603962112  WHERE  `id` = 9 [ RunTime:0.000630s ]
[2020-10-29T16:56:53+08:00][sql] SELECT * FROM `yh_webpz` WHERE  `id` = 1 LIMIT 1 [ RunTime:0.000591s ]
[2020-10-29T16:56:53+08:00][sql] CONNECT:[ UseTime:0.002082s ] mysql:host=127.0.0.1;port=3306;dbname=jifei;charset=utf8
[2020-10-29T16:56:53+08:00][sql] SHOW FULL COLUMNS FROM `yh_webpz` [ RunTime:0.003407s ]
[2020-10-29T16:56:53+08:00][sql] SELECT * FROM `yh_webpz` WHERE  `id` = 1 LIMIT 1 [ RunTime:0.000743s ]
[2020-10-29T16:58:48+08:00][sql] CONNECT:[ UseTime:0.001386s ] mysql:host=127.0.0.1;port=3306;dbname=jifei;charset=utf8
[2020-10-29T16:58:48+08:00][sql] SHOW FULL COLUMNS FROM `yh_webpz` [ RunTime:0.002369s ]
[2020-10-29T16:58:48+08:00][sql] SELECT * FROM `yh_webpz` WHERE  `id` = 1 LIMIT 1 [ RunTime:0.000789s ]
[2020-10-29T16:58:50+08:00][sql] CONNECT:[ UseTime:0.006178s ] mysql:host=127.0.0.1;port=3306;dbname=jifei;charset=utf8
[2020-10-29T16:58:50+08:00][sql] SHOW FULL COLUMNS FROM `yh_webpz` [ RunTime:0.006805s ]
[2020-10-29T16:58:50+08:00][sql] SELECT * FROM `yh_webpz` WHERE  `id` = 1 LIMIT 1 [ RunTime:0.003728s ]
[2020-10-29T16:58:53+08:00][sql] CONNECT:[ UseTime:0.001055s ] mysql:host=127.0.0.1;port=3306;dbname=jifei;charset=utf8
[2020-10-29T16:58:53+08:00][sql] SHOW FULL COLUMNS FROM `yh_webpz` [ RunTime:0.002175s ]
[2020-10-29T16:58:53+08:00][sql] SELECT * FROM `yh_webpz` WHERE  `id` = 1 LIMIT 1 [ RunTime:0.000620s ]
[2020-10-29T16:58:53+08:00][sql] SHOW FULL COLUMNS FROM `yh_user` [ RunTime:0.001662s ]
[2020-10-29T16:58:53+08:00][sql] SELECT `email` FROM `yh_user` WHERE  `username` = '1178350505' LIMIT 1 [ RunTime:0.005104s ]
[2020-10-29T16:58:53+08:00][sql] SHOW FULL COLUMNS FROM `yh_verification` [ RunTime:0.004865s ]
[2020-10-29T16:58:53+08:00][sql] SELECT `id` FROM `yh_verification` WHERE  `email` = '11783505015@qq.com' LIMIT 1 [ RunTime:0.000639s ]
[2020-10-29T16:58:53+08:00][sql] UPDATE `yh_verification`  SET `code` = 'cgovBEIKMNRTUXZ3' , `email` = '11783505015@qq.com' , `intime` = 1603962232  WHERE  `id` = 9 [ RunTime:0.000751s ]
[2020-10-29T16:58:53+08:00][sql] SELECT * FROM `yh_webpz` WHERE  `id` = 1 LIMIT 1 [ RunTime:0.001254s ]
[2020-10-29T16:58:53+08:00][sql] CONNECT:[ UseTime:0.004553s ] mysql:host=127.0.0.1;port=3306;dbname=jifei;charset=utf8
[2020-10-29T16:58:53+08:00][sql] SHOW FULL COLUMNS FROM `yh_webpz` [ RunTime:0.006353s ]
[2020-10-29T16:58:53+08:00][sql] SELECT * FROM `yh_webpz` WHERE  `id` = 1 LIMIT 1 [ RunTime:0.000733s ]
[2020-10-29T16:59:22+08:00][sql] CONNECT:[ UseTime:0.001389s ] mysql:host=127.0.0.1;port=3306;dbname=jifei;charset=utf8
[2020-10-29T16:59:22+08:00][sql] SHOW FULL COLUMNS FROM `yh_webpz` [ RunTime:0.003031s ]
[2020-10-29T16:59:22+08:00][sql] SELECT * FROM `yh_webpz` WHERE  `id` = 1 LIMIT 1 [ RunTime:0.000746s ]
[2020-10-29T16:59:22+08:00][sql] SHOW FULL COLUMNS FROM `yh_user` [ RunTime:0.002284s ]
[2020-10-29T16:59:22+08:00][sql] SELECT `email` FROM `yh_user` WHERE  `username` = 'admin' LIMIT 1 [ RunTime:0.000827s ]
[2020-10-29T16:59:22+08:00][sql] SHOW FULL COLUMNS FROM `yh_verification` [ RunTime:0.002153s ]
[2020-10-29T16:59:22+08:00][sql] SELECT `id` FROM `yh_verification` WHERE  `email` = '1276900636@qq.com' LIMIT 1 [ RunTime:0.000556s ]
[2020-10-29T16:59:22+08:00][sql] INSERT INTO `yh_verification` SET `code` = 'chinsxBEHKUY0147' , `email` = '1276900636@qq.com' , `intime` = 1603962261 [ RunTime:0.000635s ]
[2020-10-29T16:59:22+08:00][sql] SELECT * FROM `yh_webpz` WHERE  `id` = 1 LIMIT 1 [ RunTime:0.000650s ]
[2020-10-29T16:59:22+08:00][sql] CONNECT:[ UseTime:0.001091s ] mysql:host=127.0.0.1;port=3306;dbname=jifei;charset=utf8
[2020-10-29T16:59:22+08:00][sql] SHOW FULL COLUMNS FROM `yh_webpz` [ RunTime:0.002642s ]
[2020-10-29T16:59:22+08:00][sql] SELECT * FROM `yh_webpz` WHERE  `id` = 1 LIMIT 1 [ RunTime:0.000691s ]
[2020-10-29T17:00:11+08:00][sql] CONNECT:[ UseTime:0.003687s ] mysql:host=127.0.0.1;port=3306;dbname=jifei;charset=utf8
[2020-10-29T17:00:11+08:00][sql] SHOW FULL COLUMNS FROM `yh_webpz` [ RunTime:0.002645s ]
[2020-10-29T17:00:11+08:00][sql] SELECT * FROM `yh_webpz` WHERE  `id` = 1 LIMIT 1 [ RunTime:0.000752s ]
[2020-10-29T17:00:11+08:00][sql] SHOW FULL COLUMNS FROM `yh_verification` [ RunTime:0.001861s ]
[2020-10-29T17:00:11+08:00][sql] SELECT * FROM `yh_verification` WHERE  `code` = 'chinsxBEHKUY0147' LIMIT 1 [ RunTime:0.000595s ]
[2020-10-29T17:00:40+08:00][sql] CONNECT:[ UseTime:0.004219s ] mysql:host=127.0.0.1;port=3306;dbname=jifei;charset=utf8
[2020-10-29T17:00:40+08:00][sql] SHOW FULL COLUMNS FROM `yh_webpz` [ RunTime:0.002572s ]
[2020-10-29T17:00:40+08:00][sql] SELECT * FROM `yh_webpz` WHERE  `id` = 1 LIMIT 1 [ RunTime:0.001090s ]
[2020-10-29T17:00:40+08:00][sql] SHOW FULL COLUMNS FROM `yh_verification` [ RunTime:0.002656s ]
[2020-10-29T17:00:40+08:00][sql] SELECT * FROM `yh_verification` WHERE  `code` = 'chinsxBEHKUY0147' LIMIT 1 [ RunTime:0.000536s ]
[2020-10-29T17:12:14+08:00][sql] CONNECT:[ UseTime:0.004568s ] mysql:host=127.0.0.1;port=3306;dbname=jifei;charset=utf8
[2020-10-29T17:12:14+08:00][sql] SHOW FULL COLUMNS FROM `yh_webpz` [ RunTime:0.004733s ]
[2020-10-29T17:12:14+08:00][sql] SELECT * FROM `yh_webpz` WHERE  `id` = 1 LIMIT 1 [ RunTime:0.002281s ]
[2020-10-29T17:12:14+08:00][sql] SHOW FULL COLUMNS FROM `yh_verification` [ RunTime:0.002688s ]
[2020-10-29T17:12:14+08:00][sql] SELECT * FROM `yh_verification` WHERE  `code` = 'chinsxBEHKUY0147' LIMIT 1 [ RunTime:0.000623s ]
[2020-10-29T17:26:16+08:00][sql] CONNECT:[ UseTime:0.001509s ] mysql:host=127.0.0.1;port=3306;dbname=jifei;charset=utf8
[2020-10-29T17:26:16+08:00][sql] SHOW FULL COLUMNS FROM `yh_webpz` [ RunTime:0.002840s ]
[2020-10-29T17:26:16+08:00][sql] SELECT * FROM `yh_webpz` WHERE  `id` = 1 LIMIT 1 [ RunTime:0.004287s ]
