[2020-10-30T14:05:19+08:00][sql] CONNECT:[ UseTime:0.001845s ] mysql:host=127.0.0.1;port=3306;dbname=jifei;charset=utf8
[2020-10-30T14:05:19+08:00][sql] SHOW FULL COLUMNS FROM `yh_webpz` [ RunTime:0.004392s ]
[2020-10-30T14:05:19+08:00][sql] SELECT * FROM `yh_webpz` WHERE  `id` = 1 LIMIT 1 [ RunTime:0.001048s ]
[2020-10-30T14:05:25+08:00][sql] CONNECT:[ UseTime:0.001791s ] mysql:host=127.0.0.1;port=3306;dbname=jifei;charset=utf8
[2020-10-30T14:05:25+08:00][sql] SHOW FULL COLUMNS FROM `yh_webpz` [ RunTime:0.003188s ]
[2020-10-30T14:05:25+08:00][sql] SELECT * FROM `yh_webpz` WHERE  `id` = 1 LIMIT 1 [ RunTime:0.001101s ]
[2020-10-30T14:05:25+08:00][sql] SHOW FULL COLUMNS FROM `yh_user` [ RunTime:0.001719s ]
[2020-10-30T14:05:25+08:00][sql] SELECT * FROM `yh_user` WHERE  `username` = '1178350505'  AND `password` = 'e10adc3949ba59abbe56e057f20f883e' LIMIT 1 [ RunTime:0.000734s ]
[2020-10-30T14:05:25+08:00][sql] CONNECT:[ UseTime:0.006201s ] mysql:host=127.0.0.1;port=3306;dbname=jifei;charset=utf8
[2020-10-30T14:05:25+08:00][sql] SHOW FULL COLUMNS FROM `yh_user` [ RunTime:0.002706s ]
[2020-10-30T14:05:25+08:00][sql] SELECT * FROM `yh_user` WHERE  `id` = 3 LIMIT 1 [ RunTime:0.000977s ]
[2020-10-30T14:05:25+08:00][sql] SHOW FULL COLUMNS FROM `yh_business` [ RunTime:0.002207s ]
[2020-10-30T14:05:25+08:00][sql] SELECT * FROM `yh_business` WHERE  `id` = 3 LIMIT 1 [ RunTime:0.001637s ]
[2020-10-30T14:05:25+08:00][sql] SHOW FULL COLUMNS FROM `yh_webpz` [ RunTime:0.001941s ]
[2020-10-30T14:05:25+08:00][sql] SELECT * FROM `yh_webpz` WHERE  `id` = 1 LIMIT 1 [ RunTime:0.000726s ]
[2020-10-30T14:05:25+08:00][sql] SHOW FULL COLUMNS FROM `yh_information` [ RunTime:0.001643s ]
[2020-10-30T14:05:25+08:00][sql] SELECT * FROM `yh_information` WHERE  `id` = 1 LIMIT 1 [ RunTime:0.000658s ]
[2020-10-30T14:05:27+08:00][sql] CONNECT:[ UseTime:0.001267s ] mysql:host=127.0.0.1;port=3306;dbname=jifei;charset=utf8
[2020-10-30T14:05:27+08:00][sql] SHOW FULL COLUMNS FROM `yh_user` [ RunTime:0.002635s ]
[2020-10-30T14:05:27+08:00][sql] SELECT * FROM `yh_user` WHERE  `id` = 3 LIMIT 1 [ RunTime:0.000778s ]
[2020-10-30T14:05:27+08:00][sql] SHOW FULL COLUMNS FROM `yh_business` [ RunTime:0.001950s ]
[2020-10-30T14:05:27+08:00][sql] SELECT * FROM `yh_business` WHERE  `id` = 3 LIMIT 1 [ RunTime:0.000609s ]
[2020-10-30T14:05:27+08:00][sql] SHOW FULL COLUMNS FROM `yh_webpz` [ RunTime:0.001926s ]
[2020-10-30T14:05:27+08:00][sql] SELECT * FROM `yh_webpz` WHERE  `id` = 1 LIMIT 1 [ RunTime:0.000728s ]
[2020-10-30T14:05:29+08:00][sql] CONNECT:[ UseTime:0.002059s ] mysql:host=127.0.0.1;port=3306;dbname=jifei;charset=utf8
[2020-10-30T14:05:29+08:00][sql] SHOW FULL COLUMNS FROM `yh_user` [ RunTime:0.002401s ]
[2020-10-30T14:05:29+08:00][sql] SELECT * FROM `yh_user` WHERE  `id` = 3 LIMIT 1 [ RunTime:0.000650s ]
[2020-10-30T14:05:29+08:00][sql] SHOW FULL COLUMNS FROM `yh_business` [ RunTime:0.001671s ]
[2020-10-30T14:05:29+08:00][sql] SELECT * FROM `yh_business` WHERE  `id` = 3 LIMIT 1 [ RunTime:0.000818s ]
[2020-10-30T14:05:29+08:00][sql] SHOW FULL COLUMNS FROM `yh_webpz` [ RunTime:0.001632s ]
[2020-10-30T14:05:29+08:00][sql] SELECT * FROM `yh_webpz` WHERE  `id` = 1 LIMIT 1 [ RunTime:0.000717s ]
[2020-10-30T14:05:29+08:00][sql] SHOW FULL COLUMNS FROM `yh_information` [ RunTime:0.001658s ]
[2020-10-30T14:05:29+08:00][sql] SELECT * FROM `yh_information` WHERE  `id` = 1 LIMIT 1 [ RunTime:0.000477s ]
[2020-10-30T14:05:33+08:00][sql] CONNECT:[ UseTime:0.001894s ] mysql:host=127.0.0.1;port=3306;dbname=jifei;charset=utf8
[2020-10-30T14:05:33+08:00][sql] SHOW FULL COLUMNS FROM `yh_user` [ RunTime:0.002514s ]
[2020-10-30T14:05:33+08:00][sql] SELECT * FROM `yh_user` WHERE  `id` = 3 LIMIT 1 [ RunTime:0.000694s ]
[2020-10-30T14:05:33+08:00][sql] SHOW FULL COLUMNS FROM `yh_business` [ RunTime:0.001611s ]
[2020-10-30T14:05:33+08:00][sql] SELECT * FROM `yh_business` WHERE  `id` = 3 LIMIT 1 [ RunTime:0.000592s ]
[2020-10-30T14:05:33+08:00][sql] SHOW FULL COLUMNS FROM `yh_webpz` [ RunTime:0.001723s ]
[2020-10-30T14:05:33+08:00][sql] SELECT * FROM `yh_webpz` WHERE  `id` = 1 LIMIT 1 [ RunTime:0.000691s ]
[2020-10-30T14:05:34+08:00][sql] CONNECT:[ UseTime:0.001284s ] mysql:host=127.0.0.1;port=3306;dbname=jifei;charset=utf8
[2020-10-30T14:05:34+08:00][sql] SHOW FULL COLUMNS FROM `yh_user` [ RunTime:0.002421s ]
[2020-10-30T14:05:34+08:00][sql] SELECT * FROM `yh_user` WHERE  `id` = 3 LIMIT 1 [ RunTime:0.003814s ]
[2020-10-30T14:05:34+08:00][sql] SHOW FULL COLUMNS FROM `yh_business` [ RunTime:0.002028s ]
[2020-10-30T14:05:34+08:00][sql] SELECT * FROM `yh_business` WHERE  `id` = 3 LIMIT 1 [ RunTime:0.001191s ]
[2020-10-30T14:05:34+08:00][sql] SHOW FULL COLUMNS FROM `yh_webpz` [ RunTime:0.002004s ]
[2020-10-30T14:05:34+08:00][sql] SELECT * FROM `yh_webpz` WHERE  `id` = 1 LIMIT 1 [ RunTime:0.000849s ]
[2020-10-30T14:05:35+08:00][sql] CONNECT:[ UseTime:0.001421s ] mysql:host=127.0.0.1;port=3306;dbname=jifei;charset=utf8
[2020-10-30T14:05:35+08:00][sql] SHOW FULL COLUMNS FROM `yh_user` [ RunTime:0.002885s ]
[2020-10-30T14:05:35+08:00][sql] SELECT * FROM `yh_user` WHERE  `id` = 3 LIMIT 1 [ RunTime:0.000758s ]
[2020-10-30T14:05:35+08:00][sql] SHOW FULL COLUMNS FROM `yh_business` [ RunTime:0.002954s ]
[2020-10-30T14:05:35+08:00][sql] SELECT * FROM `yh_business` WHERE  `id` = 3 LIMIT 1 [ RunTime:0.000493s ]
[2020-10-30T14:05:35+08:00][sql] SHOW FULL COLUMNS FROM `yh_webpz` [ RunTime:0.001744s ]
[2020-10-30T14:05:35+08:00][sql] SELECT * FROM `yh_webpz` WHERE  `id` = 1 LIMIT 1 [ RunTime:0.001013s ]
[2020-10-30T14:05:36+08:00][sql] CONNECT:[ UseTime:0.005085s ] mysql:host=127.0.0.1;port=3306;dbname=jifei;charset=utf8
[2020-10-30T14:05:36+08:00][sql] SHOW FULL COLUMNS FROM `yh_user` [ RunTime:0.003261s ]
[2020-10-30T14:05:36+08:00][sql] SELECT * FROM `yh_user` WHERE  `id` = 3 LIMIT 1 [ RunTime:0.001692s ]
[2020-10-30T14:05:36+08:00][sql] SHOW FULL COLUMNS FROM `yh_business` [ RunTime:0.002175s ]
[2020-10-30T14:05:36+08:00][sql] SELECT * FROM `yh_business` WHERE  `id` = 3 LIMIT 1 [ RunTime:0.001357s ]
[2020-10-30T14:05:36+08:00][sql] SHOW FULL COLUMNS FROM `yh_webpz` [ RunTime:0.001887s ]
[2020-10-30T14:05:36+08:00][sql] SELECT * FROM `yh_webpz` WHERE  `id` = 1 LIMIT 1 [ RunTime:0.001552s ]
[2020-10-30T14:05:37+08:00][sql] CONNECT:[ UseTime:0.001149s ] mysql:host=127.0.0.1;port=3306;dbname=jifei;charset=utf8
[2020-10-30T14:05:37+08:00][sql] SHOW FULL COLUMNS FROM `yh_user` [ RunTime:0.002486s ]
[2020-10-30T14:05:37+08:00][sql] SELECT * FROM `yh_user` WHERE  `id` = 3 LIMIT 1 [ RunTime:0.000918s ]
[2020-10-30T14:05:37+08:00][sql] SHOW FULL COLUMNS FROM `yh_business` [ RunTime:0.002082s ]
[2020-10-30T14:05:37+08:00][sql] SELECT * FROM `yh_business` WHERE  `id` = 3 LIMIT 1 [ RunTime:0.000555s ]
[2020-10-30T14:05:37+08:00][sql] SHOW FULL COLUMNS FROM `yh_webpz` [ RunTime:0.002201s ]
[2020-10-30T14:05:37+08:00][sql] SELECT * FROM `yh_webpz` WHERE  `id` = 1 LIMIT 1 [ RunTime:0.000659s ]
[2020-10-30T14:05:37+08:00][sql] SHOW FULL COLUMNS FROM `yh_information` [ RunTime:0.001853s ]
[2020-10-30T14:05:37+08:00][sql] SELECT * FROM `yh_information` WHERE  `id` = 1 LIMIT 1 [ RunTime:0.000546s ]
[2020-10-30T18:49:24+08:00][sql] CONNECT:[ UseTime:0.001959s ] mysql:host=127.0.0.1;port=3306;dbname=jifei;charset=utf8
[2020-10-30T18:49:24+08:00][sql] SHOW FULL COLUMNS FROM `yh_webpz` [ RunTime:0.004211s ]
[2020-10-30T18:49:24+08:00][sql] SELECT * FROM `yh_webpz` WHERE  `id` = 1 LIMIT 1 [ RunTime:0.005237s ]
[2020-10-30T18:49:31+08:00][sql] CONNECT:[ UseTime:0.001344s ] mysql:host=127.0.0.1;port=3306;dbname=jifei;charset=utf8
[2020-10-30T18:49:31+08:00][sql] SHOW FULL COLUMNS FROM `yh_webpz` [ RunTime:0.002921s ]
[2020-10-30T18:49:31+08:00][sql] SELECT * FROM `yh_webpz` WHERE  `id` = 1 LIMIT 1 [ RunTime:0.000862s ]
[2020-10-30T18:49:31+08:00][sql] SHOW FULL COLUMNS FROM `yh_user` [ RunTime:0.002762s ]
[2020-10-30T18:49:31+08:00][sql] SELECT * FROM `yh_user` WHERE  `username` = 'admin'  AND `password` = 'e10adc3949ba59abbe56e057f20f883e' LIMIT 1 [ RunTime:0.000791s ]
[2020-10-30T18:49:31+08:00][sql] CONNECT:[ UseTime:0.002012s ] mysql:host=127.0.0.1;port=3306;dbname=jifei;charset=utf8
[2020-10-30T18:49:31+08:00][sql] SHOW FULL COLUMNS FROM `yh_user` [ RunTime:0.002141s ]
[2020-10-30T18:49:31+08:00][sql] SELECT * FROM `yh_user` WHERE  `id` = 1 LIMIT 1 [ RunTime:0.000750s ]
[2020-10-30T18:49:31+08:00][sql] SHOW FULL COLUMNS FROM `yh_business` [ RunTime:0.001431s ]
[2020-10-30T18:49:31+08:00][sql] SELECT * FROM `yh_business` WHERE  `id` = 1 LIMIT 1 [ RunTime:0.000626s ]
[2020-10-30T18:49:31+08:00][sql] SHOW FULL COLUMNS FROM `yh_webpz` [ RunTime:0.001623s ]
[2020-10-30T18:49:31+08:00][sql] SELECT * FROM `yh_webpz` WHERE  `id` = 1 LIMIT 1 [ RunTime:0.000685s ]
[2020-10-30T18:49:31+08:00][sql] SHOW FULL COLUMNS FROM `yh_information` [ RunTime:0.001584s ]
[2020-10-30T18:49:31+08:00][sql] SELECT * FROM `yh_information` WHERE  `id` = 1 LIMIT 1 [ RunTime:0.000565s ]
[2020-10-30T18:49:39+08:00][sql] CONNECT:[ UseTime:0.002614s ] mysql:host=127.0.0.1;port=3306;dbname=jifei;charset=utf8
[2020-10-30T18:49:39+08:00][sql] SHOW FULL COLUMNS FROM `yh_user` [ RunTime:0.004858s ]
[2020-10-30T18:49:39+08:00][sql] SELECT * FROM `yh_user` WHERE  `id` = 1 LIMIT 1 [ RunTime:0.000702s ]
[2020-10-30T18:49:39+08:00][sql] SHOW FULL COLUMNS FROM `yh_business` [ RunTime:0.001611s ]
[2020-10-30T18:49:39+08:00][sql] SELECT * FROM `yh_business` WHERE  `id` = 1 LIMIT 1 [ RunTime:0.000583s ]
[2020-10-30T18:49:39+08:00][sql] SHOW FULL COLUMNS FROM `yh_webpz` [ RunTime:0.001488s ]
[2020-10-30T18:49:39+08:00][sql] SELECT * FROM `yh_webpz` WHERE  `id` = 1 LIMIT 1 [ RunTime:0.000630s ]
[2020-10-30T18:49:39+08:00][sql] SHOW FULL COLUMNS FROM `yh_information` [ RunTime:0.001587s ]
[2020-10-30T18:49:39+08:00][sql] SELECT * FROM `yh_information` WHERE  `id` = 1 LIMIT 1 [ RunTime:0.000437s ]
[2020-10-30T18:49:43+08:00][sql] CONNECT:[ UseTime:0.001393s ] mysql:host=127.0.0.1;port=3306;dbname=jifei;charset=utf8
[2020-10-30T18:49:43+08:00][sql] SHOW FULL COLUMNS FROM `yh_webpz` [ RunTime:0.003188s ]
[2020-10-30T18:49:43+08:00][sql] SELECT * FROM `yh_webpz` WHERE  `id` = 1 LIMIT 1 [ RunTime:0.000933s ]
[2020-10-30T18:49:43+08:00][sql] CONNECT:[ UseTime:0.001266s ] mysql:host=127.0.0.1;port=3306;dbname=jifei;charset=utf8
[2020-10-30T18:49:43+08:00][sql] SHOW FULL COLUMNS FROM `yh_webpz` [ RunTime:0.002614s ]
[2020-10-30T18:49:43+08:00][sql] SELECT * FROM `yh_webpz` WHERE  `id` = 1 LIMIT 1 [ RunTime:0.000798s ]
[2020-10-30T20:39:20+08:00][sql] CONNECT:[ UseTime:0.003516s ] mysql:host=127.0.0.1;port=3306;dbname=jifei;charset=utf8
[2020-10-30T20:39:20+08:00][sql] SHOW FULL COLUMNS FROM `yh_webpz` [ RunTime:0.007065s ]
[2020-10-30T20:39:20+08:00][sql] SELECT * FROM `yh_webpz` WHERE  `id` = 1 LIMIT 1 [ RunTime:0.001001s ]
