[2020-10-31T10:18:49+08:00][sql] CONNECT:[ UseTime:0.001391s ] mysql:host=127.0.0.1;port=3306;dbname=jifei;charset=utf8
[2020-10-31T10:18:49+08:00][sql] SHOW FULL COLUMNS FROM `yh_webpz` [ RunTime:0.002507s ]
[2020-10-31T10:18:49+08:00][sql] SELECT * FROM `yh_webpz` WHERE  `id` = 1 LIMIT 1 [ RunTime:0.000672s ]
[2020-10-31T10:18:53+08:00][sql] CONNECT:[ UseTime:0.001369s ] mysql:host=127.0.0.1;port=3306;dbname=jifei;charset=utf8
[2020-10-31T10:18:53+08:00][sql] SHOW FULL COLUMNS FROM `yh_webpz` [ RunTime:0.002879s ]
[2020-10-31T10:18:53+08:00][sql] SELECT * FROM `yh_webpz` WHERE  `id` = 1 LIMIT 1 [ RunTime:0.000985s ]
[2020-10-31T10:18:53+08:00][sql] SHOW FULL COLUMNS FROM `yh_user` [ RunTime:0.001904s ]
[2020-10-31T10:18:53+08:00][sql] SELECT * FROM `yh_user` WHERE  `username` = '1178350505'  AND `password` = 'e10adc3949ba59abbe56e057f20f883e' LIMIT 1 [ RunTime:0.000805s ]
[2020-10-31T10:18:53+08:00][sql] CONNECT:[ UseTime:0.003994s ] mysql:host=127.0.0.1;port=3306;dbname=jifei;charset=utf8
[2020-10-31T10:18:53+08:00][sql] SHOW FULL COLUMNS FROM `yh_user` [ RunTime:0.003433s ]
[2020-10-31T10:18:53+08:00][sql] SELECT * FROM `yh_user` WHERE  `id` = 3 LIMIT 1 [ RunTime:0.000678s ]
[2020-10-31T10:18:53+08:00][sql] SHOW FULL COLUMNS FROM `yh_business` [ RunTime:0.001931s ]
[2020-10-31T10:18:53+08:00][sql] SELECT * FROM `yh_business` WHERE  `id` = 3 LIMIT 1 [ RunTime:0.000591s ]
[2020-10-31T10:18:53+08:00][sql] SHOW FULL COLUMNS FROM `yh_webpz` [ RunTime:0.002005s ]
[2020-10-31T10:18:53+08:00][sql] SELECT * FROM `yh_webpz` WHERE  `id` = 1 LIMIT 1 [ RunTime:0.000647s ]
[2020-10-31T10:18:53+08:00][sql] SHOW FULL COLUMNS FROM `yh_information` [ RunTime:0.001585s ]
[2020-10-31T10:18:53+08:00][sql] SELECT * FROM `yh_information` WHERE  `id` = 1 LIMIT 1 [ RunTime:0.000507s ]
[2020-10-31T10:18:55+08:00][sql] CONNECT:[ UseTime:0.001035s ] mysql:host=127.0.0.1;port=3306;dbname=jifei;charset=utf8
[2020-10-31T10:18:55+08:00][sql] SHOW FULL COLUMNS FROM `yh_user` [ RunTime:0.003331s ]
[2020-10-31T10:18:55+08:00][sql] SELECT * FROM `yh_user` WHERE  `id` = 3 LIMIT 1 [ RunTime:0.002256s ]
[2020-10-31T10:18:55+08:00][sql] SHOW FULL COLUMNS FROM `yh_business` [ RunTime:0.003720s ]
[2020-10-31T10:18:55+08:00][sql] SELECT * FROM `yh_business` WHERE  `id` = 3 LIMIT 1 [ RunTime:0.000858s ]
[2020-10-31T10:18:55+08:00][sql] SHOW FULL COLUMNS FROM `yh_webpz` [ RunTime:0.001873s ]
[2020-10-31T10:18:55+08:00][sql] SELECT * FROM `yh_webpz` WHERE  `id` = 1 LIMIT 1 [ RunTime:0.000939s ]
[2020-10-31T10:18:56+08:00][sql] CONNECT:[ UseTime:0.001240s ] mysql:host=127.0.0.1;port=3306;dbname=jifei;charset=utf8
[2020-10-31T10:18:56+08:00][sql] SHOW FULL COLUMNS FROM `yh_user` [ RunTime:0.002947s ]
[2020-10-31T10:18:56+08:00][sql] SELECT * FROM `yh_user` WHERE  `id` = 3 LIMIT 1 [ RunTime:0.000640s ]
[2020-10-31T10:18:56+08:00][sql] SHOW FULL COLUMNS FROM `yh_business` [ RunTime:0.001906s ]
[2020-10-31T10:18:56+08:00][sql] SELECT * FROM `yh_business` WHERE  `id` = 3 LIMIT 1 [ RunTime:0.000502s ]
[2020-10-31T10:18:56+08:00][sql] SHOW FULL COLUMNS FROM `yh_webpz` [ RunTime:0.006830s ]
[2020-10-31T10:18:56+08:00][sql] SELECT * FROM `yh_webpz` WHERE  `id` = 1 LIMIT 1 [ RunTime:0.000877s ]
[2020-10-31T10:18:56+08:00][sql] SHOW FULL COLUMNS FROM `yh_meal` [ RunTime:0.002159s ]
[2020-10-31T10:18:56+08:00][sql] SELECT * FROM `yh_meal` WHERE  `status` = 1  AND `type` = 1 ORDER BY `id` DESC [ RunTime:0.000763s ]
[2020-10-31T10:18:58+08:00][sql] CONNECT:[ UseTime:0.001127s ] mysql:host=127.0.0.1;port=3306;dbname=jifei;charset=utf8
[2020-10-31T10:18:58+08:00][sql] SHOW FULL COLUMNS FROM `yh_user` [ RunTime:0.002660s ]
[2020-10-31T10:18:58+08:00][sql] SELECT * FROM `yh_user` WHERE  `id` = 3 LIMIT 1 [ RunTime:0.000674s ]
[2020-10-31T10:18:58+08:00][sql] SHOW FULL COLUMNS FROM `yh_business` [ RunTime:0.001873s ]
[2020-10-31T10:18:58+08:00][sql] SELECT * FROM `yh_business` WHERE  `id` = 3 LIMIT 1 [ RunTime:0.000556s ]
[2020-10-31T10:18:58+08:00][sql] SHOW FULL COLUMNS FROM `yh_webpz` [ RunTime:0.002146s ]
[2020-10-31T10:18:58+08:00][sql] SELECT * FROM `yh_webpz` WHERE  `id` = 1 LIMIT 1 [ RunTime:0.000674s ]
[2020-10-31T10:18:58+08:00][sql] SHOW FULL COLUMNS FROM `yh_meal` [ RunTime:0.001885s ]
[2020-10-31T10:18:58+08:00][sql] SELECT * FROM `yh_meal` WHERE  `status` = 1  AND `type` = 2 ORDER BY `id` DESC [ RunTime:0.000711s ]
[2020-10-31T10:18:58+08:00][sql] CONNECT:[ UseTime:0.001355s ] mysql:host=127.0.0.1;port=3306;dbname=jifei;charset=utf8
[2020-10-31T10:18:58+08:00][sql] SHOW FULL COLUMNS FROM `yh_user` [ RunTime:0.002941s ]
[2020-10-31T10:18:58+08:00][sql] SELECT * FROM `yh_user` WHERE  `id` = 3 LIMIT 1 [ RunTime:0.000827s ]
[2020-10-31T10:18:58+08:00][sql] SHOW FULL COLUMNS FROM `yh_business` [ RunTime:0.002043s ]
[2020-10-31T10:18:58+08:00][sql] SELECT * FROM `yh_business` WHERE  `id` = 3 LIMIT 1 [ RunTime:0.000570s ]
[2020-10-31T10:18:58+08:00][sql] SHOW FULL COLUMNS FROM `yh_webpz` [ RunTime:0.002028s ]
[2020-10-31T10:18:58+08:00][sql] SELECT * FROM `yh_webpz` WHERE  `id` = 1 LIMIT 1 [ RunTime:0.000745s ]
[2020-10-31T10:18:58+08:00][sql] SHOW FULL COLUMNS FROM `yh_meal` [ RunTime:0.002372s ]
[2020-10-31T10:18:58+08:00][sql] SELECT * FROM `yh_meal` WHERE  `status` = 1  AND `type` = 1 ORDER BY `id` DESC [ RunTime:0.000853s ]
[2020-10-31T10:18:59+08:00][sql] CONNECT:[ UseTime:0.001395s ] mysql:host=127.0.0.1;port=3306;dbname=jifei;charset=utf8
[2020-10-31T10:18:59+08:00][sql] SHOW FULL COLUMNS FROM `yh_user` [ RunTime:0.002364s ]
[2020-10-31T10:18:59+08:00][sql] SELECT * FROM `yh_user` WHERE  `id` = 3 LIMIT 1 [ RunTime:0.000667s ]
[2020-10-31T10:18:59+08:00][sql] SHOW FULL COLUMNS FROM `yh_business` [ RunTime:0.001944s ]
[2020-10-31T10:18:59+08:00][sql] SELECT * FROM `yh_business` WHERE  `id` = 3 LIMIT 1 [ RunTime:0.000707s ]
[2020-10-31T10:18:59+08:00][sql] SHOW FULL COLUMNS FROM `yh_webpz` [ RunTime:0.002714s ]
[2020-10-31T10:18:59+08:00][sql] SELECT * FROM `yh_webpz` WHERE  `id` = 1 LIMIT 1 [ RunTime:0.000784s ]
[2020-10-31T10:18:59+08:00][sql] SHOW FULL COLUMNS FROM `yh_meal` [ RunTime:0.001987s ]
[2020-10-31T10:18:59+08:00][sql] SELECT * FROM `yh_meal` WHERE  `status` = 1  AND `type` = 2 ORDER BY `id` DESC [ RunTime:0.000650s ]
[2020-10-31T10:19:00+08:00][sql] CONNECT:[ UseTime:0.001123s ] mysql:host=127.0.0.1;port=3306;dbname=jifei;charset=utf8
[2020-10-31T10:19:00+08:00][sql] SHOW FULL COLUMNS FROM `yh_user` [ RunTime:0.002375s ]
[2020-10-31T10:19:00+08:00][sql] SELECT * FROM `yh_user` WHERE  `id` = 3 LIMIT 1 [ RunTime:0.000735s ]
[2020-10-31T10:19:00+08:00][sql] SHOW FULL COLUMNS FROM `yh_business` [ RunTime:0.001890s ]
[2020-10-31T10:19:00+08:00][sql] SELECT * FROM `yh_business` WHERE  `id` = 3 LIMIT 1 [ RunTime:0.000604s ]
[2020-10-31T10:19:00+08:00][sql] SHOW FULL COLUMNS FROM `yh_webpz` [ RunTime:0.002074s ]
[2020-10-31T10:19:00+08:00][sql] SELECT * FROM `yh_webpz` WHERE  `id` = 1 LIMIT 1 [ RunTime:0.000944s ]
[2020-10-31T10:19:00+08:00][sql] SHOW FULL COLUMNS FROM `yh_meal` [ RunTime:0.001866s ]
[2020-10-31T10:19:00+08:00][sql] SELECT * FROM `yh_meal` WHERE  `status` = 1  AND `type` = 1 ORDER BY `id` DESC [ RunTime:0.002072s ]
[2020-10-31T10:22:42+08:00][sql] CONNECT:[ UseTime:0.002426s ] mysql:host=127.0.0.1;port=3306;dbname=jifei;charset=utf8
[2020-10-31T10:22:42+08:00][sql] SHOW FULL COLUMNS FROM `yh_user` [ RunTime:0.003204s ]
[2020-10-31T10:22:42+08:00][sql] SELECT * FROM `yh_user` WHERE  `id` = 3 LIMIT 1 [ RunTime:0.001399s ]
[2020-10-31T10:22:42+08:00][sql] SHOW FULL COLUMNS FROM `yh_business` [ RunTime:0.002844s ]
[2020-10-31T10:22:42+08:00][sql] SELECT * FROM `yh_business` WHERE  `id` = 3 LIMIT 1 [ RunTime:0.000834s ]
[2020-10-31T10:22:42+08:00][sql] SHOW FULL COLUMNS FROM `yh_webpz` [ RunTime:0.002053s ]
[2020-10-31T10:22:42+08:00][sql] SELECT * FROM `yh_webpz` WHERE  `id` = 1 LIMIT 1 [ RunTime:0.000934s ]
[2020-10-31T10:22:42+08:00][sql] SHOW FULL COLUMNS FROM `yh_meal` [ RunTime:0.001765s ]
[2020-10-31T10:22:42+08:00][sql] SELECT * FROM `yh_meal` WHERE  `status` = 1  AND `type` = 1 ORDER BY `id` DESC [ RunTime:0.000746s ]
[2020-10-31T10:22:44+08:00][sql] CONNECT:[ UseTime:0.001533s ] mysql:host=127.0.0.1;port=3306;dbname=jifei;charset=utf8
[2020-10-31T10:22:44+08:00][sql] SHOW FULL COLUMNS FROM `yh_user` [ RunTime:0.003261s ]
[2020-10-31T10:22:44+08:00][sql] SELECT * FROM `yh_user` WHERE  `id` = 3 LIMIT 1 [ RunTime:0.000888s ]
[2020-10-31T10:22:44+08:00][sql] SHOW FULL COLUMNS FROM `yh_business` [ RunTime:0.003240s ]
[2020-10-31T10:22:44+08:00][sql] SELECT * FROM `yh_business` WHERE  `id` = 3 LIMIT 1 [ RunTime:0.000827s ]
[2020-10-31T10:22:44+08:00][sql] SHOW FULL COLUMNS FROM `yh_webpz` [ RunTime:0.003965s ]
[2020-10-31T10:22:44+08:00][sql] SELECT * FROM `yh_webpz` WHERE  `id` = 1 LIMIT 1 [ RunTime:0.000882s ]
[2020-10-31T10:22:44+08:00][sql] SHOW FULL COLUMNS FROM `yh_meal` [ RunTime:0.003714s ]
[2020-10-31T10:22:44+08:00][sql] SELECT * FROM `yh_meal` WHERE  `status` = 1  AND `type` = 2 ORDER BY `id` DESC [ RunTime:0.000714s ]
[2020-10-31T10:22:44+08:00][sql] CONNECT:[ UseTime:0.001329s ] mysql:host=127.0.0.1;port=3306;dbname=jifei;charset=utf8
[2020-10-31T10:22:44+08:00][sql] SHOW FULL COLUMNS FROM `yh_user` [ RunTime:0.002749s ]
[2020-10-31T10:22:44+08:00][sql] SELECT * FROM `yh_user` WHERE  `id` = 3 LIMIT 1 [ RunTime:0.000686s ]
[2020-10-31T10:22:44+08:00][sql] SHOW FULL COLUMNS FROM `yh_business` [ RunTime:0.001978s ]
[2020-10-31T10:22:44+08:00][sql] SELECT * FROM `yh_business` WHERE  `id` = 3 LIMIT 1 [ RunTime:0.000436s ]
[2020-10-31T10:22:44+08:00][sql] SHOW FULL COLUMNS FROM `yh_webpz` [ RunTime:0.001584s ]
[2020-10-31T10:22:44+08:00][sql] SELECT * FROM `yh_webpz` WHERE  `id` = 1 LIMIT 1 [ RunTime:0.010271s ]
[2020-10-31T10:22:44+08:00][sql] SHOW FULL COLUMNS FROM `yh_meal` [ RunTime:0.002890s ]
[2020-10-31T10:22:44+08:00][sql] SELECT * FROM `yh_meal` WHERE  `status` = 1  AND `type` = 1 ORDER BY `id` DESC [ RunTime:0.000718s ]
[2020-10-31T10:22:45+08:00][sql] CONNECT:[ UseTime:0.023155s ] mysql:host=127.0.0.1;port=3306;dbname=jifei;charset=utf8
[2020-10-31T10:22:45+08:00][sql] SHOW FULL COLUMNS FROM `yh_user` [ RunTime:0.003687s ]
[2020-10-31T10:22:45+08:00][sql] SELECT * FROM `yh_user` WHERE  `id` = 3 LIMIT 1 [ RunTime:0.000923s ]
[2020-10-31T10:22:45+08:00][sql] SHOW FULL COLUMNS FROM `yh_business` [ RunTime:0.002916s ]
[2020-10-31T10:22:45+08:00][sql] SELECT * FROM `yh_business` WHERE  `id` = 3 LIMIT 1 [ RunTime:0.000650s ]
[2020-10-31T10:22:45+08:00][sql] SHOW FULL COLUMNS FROM `yh_webpz` [ RunTime:0.003220s ]
[2020-10-31T10:22:45+08:00][sql] SELECT * FROM `yh_webpz` WHERE  `id` = 1 LIMIT 1 [ RunTime:0.000598s ]
[2020-10-31T10:22:45+08:00][sql] SHOW FULL COLUMNS FROM `yh_meal` [ RunTime:0.001735s ]
[2020-10-31T10:22:45+08:00][sql] SELECT * FROM `yh_meal` WHERE  `status` = 1  AND `type` = 1 ORDER BY `id` DESC [ RunTime:0.002174s ]
[2020-10-31T10:22:46+08:00][sql] CONNECT:[ UseTime:0.001284s ] mysql:host=127.0.0.1;port=3306;dbname=jifei;charset=utf8
[2020-10-31T10:22:46+08:00][sql] SHOW FULL COLUMNS FROM `yh_user` [ RunTime:0.002360s ]
[2020-10-31T10:22:46+08:00][sql] SELECT * FROM `yh_user` WHERE  `id` = 3 LIMIT 1 [ RunTime:0.000710s ]
[2020-10-31T10:22:46+08:00][sql] SHOW FULL COLUMNS FROM `yh_business` [ RunTime:0.001835s ]
[2020-10-31T10:22:46+08:00][sql] SELECT * FROM `yh_business` WHERE  `id` = 3 LIMIT 1 [ RunTime:0.001186s ]
[2020-10-31T10:22:46+08:00][sql] SHOW FULL COLUMNS FROM `yh_webpz` [ RunTime:0.006505s ]
[2020-10-31T10:22:46+08:00][sql] SELECT * FROM `yh_webpz` WHERE  `id` = 1 LIMIT 1 [ RunTime:0.000837s ]
[2020-10-31T10:22:46+08:00][sql] SHOW FULL COLUMNS FROM `yh_meal` [ RunTime:0.013486s ]
[2020-10-31T10:22:46+08:00][sql] SELECT * FROM `yh_meal` WHERE  `status` = 1  AND `type` = 1 ORDER BY `id` DESC [ RunTime:0.000910s ]
[2020-10-31T10:23:52+08:00][sql] CONNECT:[ UseTime:0.001040s ] mysql:host=127.0.0.1;port=3306;dbname=jifei;charset=utf8
[2020-10-31T10:23:52+08:00][sql] SHOW FULL COLUMNS FROM `yh_user` [ RunTime:0.006792s ]
[2020-10-31T10:23:52+08:00][sql] SELECT * FROM `yh_user` WHERE  `id` = 3 LIMIT 1 [ RunTime:0.001529s ]
[2020-10-31T10:23:52+08:00][sql] SHOW FULL COLUMNS FROM `yh_business` [ RunTime:0.002761s ]
[2020-10-31T10:23:52+08:00][sql] SELECT * FROM `yh_business` WHERE  `id` = 3 LIMIT 1 [ RunTime:0.000822s ]
[2020-10-31T10:23:52+08:00][sql] SHOW FULL COLUMNS FROM `yh_webpz` [ RunTime:0.003020s ]
[2020-10-31T10:23:52+08:00][sql] SELECT * FROM `yh_webpz` WHERE  `id` = 1 LIMIT 1 [ RunTime:0.001247s ]
[2020-10-31T10:23:52+08:00][sql] SHOW FULL COLUMNS FROM `yh_meal` [ RunTime:0.002528s ]
[2020-10-31T10:23:52+08:00][sql] SELECT * FROM `yh_meal` WHERE  `status` = 1  AND `type` = 1 ORDER BY `id` DESC [ RunTime:0.003972s ]
[2020-10-31T10:23:53+08:00][sql] CONNECT:[ UseTime:0.001173s ] mysql:host=127.0.0.1;port=3306;dbname=jifei;charset=utf8
[2020-10-31T10:23:53+08:00][sql] SHOW FULL COLUMNS FROM `yh_user` [ RunTime:0.002694s ]
[2020-10-31T10:23:53+08:00][sql] SELECT * FROM `yh_user` WHERE  `id` = 3 LIMIT 1 [ RunTime:0.000825s ]
[2020-10-31T10:23:53+08:00][sql] SHOW FULL COLUMNS FROM `yh_business` [ RunTime:0.002053s ]
[2020-10-31T10:23:53+08:00][sql] SELECT * FROM `yh_business` WHERE  `id` = 3 LIMIT 1 [ RunTime:0.000677s ]
[2020-10-31T10:23:53+08:00][sql] SHOW FULL COLUMNS FROM `yh_webpz` [ RunTime:0.002177s ]
[2020-10-31T10:23:53+08:00][sql] SELECT * FROM `yh_webpz` WHERE  `id` = 1 LIMIT 1 [ RunTime:0.000592s ]
[2020-10-31T10:23:53+08:00][sql] SHOW FULL COLUMNS FROM `yh_meal` [ RunTime:0.003166s ]
[2020-10-31T10:23:53+08:00][sql] SELECT * FROM `yh_meal` WHERE  `status` = 1  AND `type` = 2 ORDER BY `id` DESC [ RunTime:0.000833s ]
[2020-10-31T10:23:57+08:00][sql] CONNECT:[ UseTime:0.001706s ] mysql:host=127.0.0.1;port=3306;dbname=jifei;charset=utf8
[2020-10-31T10:23:57+08:00][sql] SHOW FULL COLUMNS FROM `yh_user` [ RunTime:0.002862s ]
[2020-10-31T10:23:57+08:00][sql] SELECT * FROM `yh_user` WHERE  `id` = 3 LIMIT 1 [ RunTime:0.000745s ]
[2020-10-31T10:23:57+08:00][sql] SHOW FULL COLUMNS FROM `yh_business` [ RunTime:0.002144s ]
[2020-10-31T10:23:57+08:00][sql] SELECT * FROM `yh_business` WHERE  `id` = 3 LIMIT 1 [ RunTime:0.000596s ]
[2020-10-31T10:23:57+08:00][sql] SHOW FULL COLUMNS FROM `yh_webpz` [ RunTime:0.002400s ]
[2020-10-31T10:23:57+08:00][sql] SELECT * FROM `yh_webpz` WHERE  `id` = 1 LIMIT 1 [ RunTime:0.000735s ]
[2020-10-31T10:23:57+08:00][sql] SHOW FULL COLUMNS FROM `yh_meal` [ RunTime:0.001980s ]
[2020-10-31T10:23:57+08:00][sql] SELECT * FROM `yh_meal` WHERE  `status` = 1  AND `type` = 2 ORDER BY `id` DESC [ RunTime:0.000676s ]
[2020-10-31T10:23:58+08:00][sql] CONNECT:[ UseTime:0.001022s ] mysql:host=127.0.0.1;port=3306;dbname=jifei;charset=utf8
[2020-10-31T10:23:58+08:00][sql] SHOW FULL COLUMNS FROM `yh_user` [ RunTime:0.002515s ]
[2020-10-31T10:23:58+08:00][sql] SELECT * FROM `yh_user` WHERE  `id` = 3 LIMIT 1 [ RunTime:0.000811s ]
[2020-10-31T10:23:58+08:00][sql] SHOW FULL COLUMNS FROM `yh_business` [ RunTime:0.002026s ]
[2020-10-31T10:23:58+08:00][sql] SELECT * FROM `yh_business` WHERE  `id` = 3 LIMIT 1 [ RunTime:0.000617s ]
[2020-10-31T10:23:58+08:00][sql] SHOW FULL COLUMNS FROM `yh_webpz` [ RunTime:0.002219s ]
[2020-10-31T10:23:58+08:00][sql] SELECT * FROM `yh_webpz` WHERE  `id` = 1 LIMIT 1 [ RunTime:0.000968s ]
[2020-10-31T10:23:58+08:00][sql] SHOW FULL COLUMNS FROM `yh_meal` [ RunTime:0.003418s ]
[2020-10-31T10:23:58+08:00][sql] SELECT * FROM `yh_meal` WHERE  `status` = 1  AND `type` = 1 ORDER BY `id` DESC [ RunTime:0.000715s ]
[2020-10-31T10:23:58+08:00][sql] CONNECT:[ UseTime:0.003948s ] mysql:host=127.0.0.1;port=3306;dbname=jifei;charset=utf8
[2020-10-31T10:23:58+08:00][sql] SHOW FULL COLUMNS FROM `yh_user` [ RunTime:0.002792s ]
[2020-10-31T10:23:58+08:00][sql] SELECT * FROM `yh_user` WHERE  `id` = 3 LIMIT 1 [ RunTime:0.000760s ]
[2020-10-31T10:23:58+08:00][sql] SHOW FULL COLUMNS FROM `yh_business` [ RunTime:0.002043s ]
[2020-10-31T10:23:58+08:00][sql] SELECT * FROM `yh_business` WHERE  `id` = 3 LIMIT 1 [ RunTime:0.000626s ]
[2020-10-31T10:23:58+08:00][sql] SHOW FULL COLUMNS FROM `yh_webpz` [ RunTime:0.002183s ]
[2020-10-31T10:23:58+08:00][sql] SELECT * FROM `yh_webpz` WHERE  `id` = 1 LIMIT 1 [ RunTime:0.000722s ]
[2020-10-31T10:23:58+08:00][sql] SHOW FULL COLUMNS FROM `yh_meal` [ RunTime:0.002284s ]
[2020-10-31T10:23:58+08:00][sql] SELECT * FROM `yh_meal` WHERE  `status` = 1  AND `type` = 2 ORDER BY `id` DESC [ RunTime:0.000719s ]
