[2020-11-01T11:57:35+08:00][sql] CONNECT:[ UseTime:0.001850s ] mysql:host=127.0.0.1;port=3306;dbname=jifei;charset=utf8
[2020-11-01T11:57:35+08:00][sql] SHOW FULL COLUMNS FROM `yh_webpz` [ RunTime:0.002776s ]
[2020-11-01T11:57:35+08:00][sql] SELECT * FROM `yh_webpz` WHERE  `id` = 1 LIMIT 1 [ RunTime:0.000777s ]
[2020-11-01T11:57:38+08:00][sql] CONNECT:[ UseTime:0.001381s ] mysql:host=127.0.0.1;port=3306;dbname=jifei;charset=utf8
[2020-11-01T11:57:38+08:00][sql] SHOW FULL COLUMNS FROM `yh_webpz` [ RunTime:0.002306s ]
[2020-11-01T11:57:38+08:00][sql] SELECT * FROM `yh_webpz` WHERE  `id` = 1 LIMIT 1 [ RunTime:0.001531s ]
[2020-11-01T11:57:38+08:00][sql] SHOW FULL COLUMNS FROM `yh_user` [ RunTime:0.001990s ]
[2020-11-01T11:57:38+08:00][sql] SELECT * FROM `yh_user` WHERE  `username` = '1178350505'  AND `password` = 'e10adc3949ba59abbe56e057f20f883e' LIMIT 1 [ RunTime:0.000603s ]
[2020-11-01T11:57:38+08:00][sql] CONNECT:[ UseTime:0.000848s ] mysql:host=127.0.0.1;port=3306;dbname=jifei;charset=utf8
[2020-11-01T11:57:38+08:00][sql] SHOW FULL COLUMNS FROM `yh_user` [ RunTime:0.001994s ]
[2020-11-01T11:57:38+08:00][sql] SELECT * FROM `yh_user` WHERE  `id` = 3 LIMIT 1 [ RunTime:0.000611s ]
[2020-11-01T11:57:38+08:00][sql] SHOW FULL COLUMNS FROM `yh_business` [ RunTime:0.001446s ]
[2020-11-01T11:57:38+08:00][sql] SELECT * FROM `yh_business` WHERE  `id` = 3 LIMIT 1 [ RunTime:0.000579s ]
[2020-11-01T11:57:38+08:00][sql] SHOW FULL COLUMNS FROM `yh_webpz` [ RunTime:0.006509s ]
[2020-11-01T11:57:38+08:00][sql] SELECT * FROM `yh_webpz` WHERE  `id` = 1 LIMIT 1 [ RunTime:0.003843s ]
[2020-11-01T11:57:38+08:00][sql] SHOW FULL COLUMNS FROM `yh_information` [ RunTime:0.003580s ]
[2020-11-01T11:57:38+08:00][sql] SELECT * FROM `yh_information` WHERE  `id` = 1 LIMIT 1 [ RunTime:0.000579s ]
[2020-11-01T11:57:40+08:00][sql] CONNECT:[ UseTime:0.001420s ] mysql:host=127.0.0.1;port=3306;dbname=jifei;charset=utf8
[2020-11-01T11:57:40+08:00][sql] SHOW FULL COLUMNS FROM `yh_user` [ RunTime:0.002923s ]
[2020-11-01T11:57:40+08:00][sql] SELECT * FROM `yh_user` WHERE  `id` = 3 LIMIT 1 [ RunTime:0.004275s ]
[2020-11-01T11:57:40+08:00][sql] SHOW FULL COLUMNS FROM `yh_business` [ RunTime:0.002386s ]
[2020-11-01T11:57:40+08:00][sql] SELECT * FROM `yh_business` WHERE  `id` = 3 LIMIT 1 [ RunTime:0.000699s ]
[2020-11-01T11:57:40+08:00][sql] SHOW FULL COLUMNS FROM `yh_webpz` [ RunTime:0.006282s ]
[2020-11-01T11:57:40+08:00][sql] SELECT * FROM `yh_webpz` WHERE  `id` = 1 LIMIT 1 [ RunTime:0.000853s ]
[2020-11-01T13:17:19+08:00][sql] CONNECT:[ UseTime:0.003836s ] mysql:host=127.0.0.1;port=3306;dbname=jifei;charset=utf8
[2020-11-01T13:17:19+08:00][sql] SHOW FULL COLUMNS FROM `yh_webpz` [ RunTime:0.002422s ]
[2020-11-01T13:17:19+08:00][sql] SELECT * FROM `yh_webpz` WHERE  `id` = 1 LIMIT 1 [ RunTime:0.002437s ]
[2020-11-01T13:17:23+08:00][sql] CONNECT:[ UseTime:0.002006s ] mysql:host=127.0.0.1;port=3306;dbname=jifei;charset=utf8
[2020-11-01T13:17:23+08:00][sql] SHOW FULL COLUMNS FROM `yh_webpz` [ RunTime:0.003290s ]
[2020-11-01T13:17:23+08:00][sql] SELECT * FROM `yh_webpz` WHERE  `id` = 1 LIMIT 1 [ RunTime:0.000859s ]
[2020-11-01T13:17:23+08:00][sql] SHOW FULL COLUMNS FROM `yh_user` [ RunTime:0.002029s ]
[2020-11-01T13:17:23+08:00][sql] SELECT * FROM `yh_user` WHERE  `username` = '1178350505'  AND `password` = 'e10adc3949ba59abbe56e057f20f883e' LIMIT 1 [ RunTime:0.000708s ]
[2020-11-01T13:17:23+08:00][sql] CONNECT:[ UseTime:0.002161s ] mysql:host=127.0.0.1;port=3306;dbname=jifei;charset=utf8
[2020-11-01T13:17:23+08:00][sql] SHOW FULL COLUMNS FROM `yh_user` [ RunTime:0.002746s ]
[2020-11-01T13:17:23+08:00][sql] SELECT * FROM `yh_user` WHERE  `id` = 3 LIMIT 1 [ RunTime:0.000883s ]
[2020-11-01T13:17:23+08:00][sql] SHOW FULL COLUMNS FROM `yh_business` [ RunTime:0.002164s ]
[2020-11-01T13:17:23+08:00][sql] SELECT * FROM `yh_business` WHERE  `id` = 3 LIMIT 1 [ RunTime:0.000715s ]
[2020-11-01T13:17:23+08:00][sql] SHOW FULL COLUMNS FROM `yh_webpz` [ RunTime:0.001671s ]
[2020-11-01T13:17:23+08:00][sql] SELECT * FROM `yh_webpz` WHERE  `id` = 1 LIMIT 1 [ RunTime:0.001186s ]
[2020-11-01T13:17:23+08:00][sql] SHOW FULL COLUMNS FROM `yh_information` [ RunTime:0.001614s ]
[2020-11-01T13:17:23+08:00][sql] SELECT * FROM `yh_information` WHERE  `id` = 1 LIMIT 1 [ RunTime:0.000564s ]
[2020-11-01T13:17:24+08:00][sql] CONNECT:[ UseTime:0.007868s ] mysql:host=127.0.0.1;port=3306;dbname=jifei;charset=utf8
[2020-11-01T13:17:24+08:00][sql] SHOW FULL COLUMNS FROM `yh_user` [ RunTime:0.006924s ]
[2020-11-01T13:17:24+08:00][sql] SELECT * FROM `yh_user` WHERE  `id` = 3 LIMIT 1 [ RunTime:0.000939s ]
[2020-11-01T13:17:24+08:00][sql] SHOW FULL COLUMNS FROM `yh_business` [ RunTime:0.002365s ]
[2020-11-01T13:17:24+08:00][sql] SELECT * FROM `yh_business` WHERE  `id` = 3 LIMIT 1 [ RunTime:0.000758s ]
[2020-11-01T13:17:24+08:00][sql] SHOW FULL COLUMNS FROM `yh_webpz` [ RunTime:0.002319s ]
[2020-11-01T13:17:24+08:00][sql] SELECT * FROM `yh_webpz` WHERE  `id` = 1 LIMIT 1 [ RunTime:0.001980s ]
[2020-11-01T13:17:24+08:00][sql] SHOW FULL COLUMNS FROM `yh_information` [ RunTime:0.002376s ]
[2020-11-01T13:17:24+08:00][sql] SELECT * FROM `yh_information` WHERE  `id` = 1 LIMIT 1 [ RunTime:0.000582s ]
[2020-11-01T13:17:34+08:00][sql] CONNECT:[ UseTime:0.003128s ] mysql:host=127.0.0.1;port=3306;dbname=jifei;charset=utf8
[2020-11-01T13:17:34+08:00][sql] SHOW FULL COLUMNS FROM `yh_user` [ RunTime:0.003371s ]
[2020-11-01T13:17:34+08:00][sql] SELECT * FROM `yh_user` WHERE  `id` = 3 LIMIT 1 [ RunTime:0.001092s ]
[2020-11-01T13:17:34+08:00][sql] SHOW FULL COLUMNS FROM `yh_business` [ RunTime:0.006469s ]
[2020-11-01T13:17:34+08:00][sql] SELECT * FROM `yh_business` WHERE  `id` = 3 LIMIT 1 [ RunTime:0.004245s ]
[2020-11-01T13:17:34+08:00][sql] SHOW FULL COLUMNS FROM `yh_webpz` [ RunTime:0.008401s ]
[2020-11-01T13:17:34+08:00][sql] SELECT * FROM `yh_webpz` WHERE  `id` = 1 LIMIT 1 [ RunTime:0.001332s ]
[2020-11-01T13:17:34+08:00][sql] CONNECT:[ UseTime:0.001451s ] mysql:host=127.0.0.1;port=3306;dbname=jifei;charset=utf8
[2020-11-01T13:17:34+08:00][sql] SHOW FULL COLUMNS FROM `yh_user` [ RunTime:0.003321s ]
[2020-11-01T13:17:34+08:00][sql] SELECT * FROM `yh_user` WHERE  `id` = 3 LIMIT 1 [ RunTime:0.000800s ]
[2020-11-01T13:17:34+08:00][sql] SHOW FULL COLUMNS FROM `yh_business` [ RunTime:0.002811s ]
[2020-11-01T13:17:34+08:00][sql] SELECT * FROM `yh_business` WHERE  `id` = 3 LIMIT 1 [ RunTime:0.000693s ]
[2020-11-01T13:17:34+08:00][sql] SHOW FULL COLUMNS FROM `yh_webpz` [ RunTime:0.003511s ]
[2020-11-01T13:17:34+08:00][sql] SELECT * FROM `yh_webpz` WHERE  `id` = 1 LIMIT 1 [ RunTime:0.000925s ]
[2020-11-01T13:21:17+08:00][sql] CONNECT:[ UseTime:0.000805s ] mysql:host=127.0.0.1;port=3306;dbname=jifei;charset=utf8
[2020-11-01T13:21:17+08:00][sql] SHOW FULL COLUMNS FROM `yh_user` [ RunTime:0.002038s ]
[2020-11-01T13:21:17+08:00][sql] SELECT * FROM `yh_user` WHERE  `id` = 3 LIMIT 1 [ RunTime:0.001986s ]
[2020-11-01T13:21:17+08:00][sql] SHOW FULL COLUMNS FROM `yh_business` [ RunTime:0.003208s ]
[2020-11-01T13:21:17+08:00][sql] SELECT * FROM `yh_business` WHERE  `id` = 3 LIMIT 1 [ RunTime:0.005267s ]
[2020-11-01T13:21:17+08:00][sql] SHOW FULL COLUMNS FROM `yh_webpz` [ RunTime:0.002455s ]
[2020-11-01T13:21:17+08:00][sql] SELECT * FROM `yh_webpz` WHERE  `id` = 1 LIMIT 1 [ RunTime:0.000892s ]
[2020-11-01T13:21:17+08:00][sql] SHOW FULL COLUMNS FROM `yh_information` [ RunTime:0.010447s ]
[2020-11-01T13:21:17+08:00][sql] SELECT * FROM `yh_information` WHERE  `id` = 1 LIMIT 1 [ RunTime:0.000793s ]
[2020-11-01T13:21:18+08:00][sql] CONNECT:[ UseTime:0.001027s ] mysql:host=127.0.0.1;port=3306;dbname=jifei;charset=utf8
[2020-11-01T13:21:18+08:00][sql] SHOW FULL COLUMNS FROM `yh_user` [ RunTime:0.004375s ]
[2020-11-01T13:21:18+08:00][sql] SELECT * FROM `yh_user` WHERE  `id` = 3 LIMIT 1 [ RunTime:0.000916s ]
[2020-11-01T13:21:18+08:00][sql] SHOW FULL COLUMNS FROM `yh_business` [ RunTime:0.003046s ]
[2020-11-01T13:21:18+08:00][sql] SELECT * FROM `yh_business` WHERE  `id` = 3 LIMIT 1 [ RunTime:0.000710s ]
[2020-11-01T13:21:18+08:00][sql] SHOW FULL COLUMNS FROM `yh_webpz` [ RunTime:0.002601s ]
[2020-11-01T13:21:18+08:00][sql] SELECT * FROM `yh_webpz` WHERE  `id` = 1 LIMIT 1 [ RunTime:0.000759s ]
[2020-11-01T13:21:18+08:00][sql] SHOW FULL COLUMNS FROM `yh_information` [ RunTime:0.002036s ]
[2020-11-01T13:21:18+08:00][sql] SELECT * FROM `yh_information` WHERE  `id` = 1 LIMIT 1 [ RunTime:0.000582s ]
[2020-11-01T13:28:25+08:00][sql] CONNECT:[ UseTime:0.018781s ] mysql:host=127.0.0.1;port=3306;dbname=jifei;charset=utf8
[2020-11-01T13:28:25+08:00][sql] SHOW FULL COLUMNS FROM `yh_user` [ RunTime:0.002650s ]
[2020-11-01T13:28:25+08:00][sql] SELECT * FROM `yh_user` WHERE  `id` = 3 LIMIT 1 [ RunTime:0.000701s ]
[2020-11-01T13:28:25+08:00][sql] SHOW FULL COLUMNS FROM `yh_business` [ RunTime:0.002369s ]
[2020-11-01T13:28:25+08:00][sql] SELECT * FROM `yh_business` WHERE  `id` = 3 LIMIT 1 [ RunTime:0.004999s ]
[2020-11-01T13:28:25+08:00][sql] SHOW FULL COLUMNS FROM `yh_webpz` [ RunTime:0.002285s ]
[2020-11-01T13:28:25+08:00][sql] SELECT * FROM `yh_webpz` WHERE  `id` = 1 LIMIT 1 [ RunTime:0.001079s ]
[2020-11-01T13:28:25+08:00][sql] SHOW FULL COLUMNS FROM `yh_information` [ RunTime:0.002912s ]
[2020-11-01T13:28:25+08:00][sql] SELECT * FROM `yh_information` WHERE  `id` = 1 LIMIT 1 [ RunTime:0.000795s ]
[2020-11-01T13:28:27+08:00][sql] CONNECT:[ UseTime:0.001702s ] mysql:host=127.0.0.1;port=3306;dbname=jifei;charset=utf8
[2020-11-01T13:28:27+08:00][sql] SHOW FULL COLUMNS FROM `yh_user` [ RunTime:0.002600s ]
[2020-11-01T13:28:27+08:00][sql] SELECT * FROM `yh_user` WHERE  `id` = 3 LIMIT 1 [ RunTime:0.001151s ]
[2020-11-01T13:28:27+08:00][sql] SHOW FULL COLUMNS FROM `yh_business` [ RunTime:0.011177s ]
[2020-11-01T13:28:27+08:00][sql] SELECT * FROM `yh_business` WHERE  `id` = 3 LIMIT 1 [ RunTime:0.001434s ]
[2020-11-01T13:28:27+08:00][sql] SHOW FULL COLUMNS FROM `yh_webpz` [ RunTime:0.002440s ]
[2020-11-01T13:28:27+08:00][sql] SELECT * FROM `yh_webpz` WHERE  `id` = 1 LIMIT 1 [ RunTime:0.000743s ]
[2020-11-01T13:28:27+08:00][sql] SHOW FULL COLUMNS FROM `yh_information` [ RunTime:0.001884s ]
[2020-11-01T13:28:27+08:00][sql] SELECT * FROM `yh_information` WHERE  `id` = 1 LIMIT 1 [ RunTime:0.001011s ]
[2020-11-01T13:28:33+08:00][sql] CONNECT:[ UseTime:0.001029s ] mysql:host=127.0.0.1;port=3306;dbname=jifei;charset=utf8
[2020-11-01T13:28:33+08:00][sql] SHOW FULL COLUMNS FROM `yh_user` [ RunTime:0.002508s ]
[2020-11-01T13:28:33+08:00][sql] SELECT * FROM `yh_user` WHERE  `id` = 3 LIMIT 1 [ RunTime:0.000838s ]
[2020-11-01T13:28:33+08:00][sql] SHOW FULL COLUMNS FROM `yh_business` [ RunTime:0.001930s ]
[2020-11-01T13:28:33+08:00][sql] SELECT * FROM `yh_business` WHERE  `id` = 3 LIMIT 1 [ RunTime:0.000657s ]
[2020-11-01T13:28:33+08:00][sql] SHOW FULL COLUMNS FROM `yh_webpz` [ RunTime:0.003474s ]
[2020-11-01T13:28:33+08:00][sql] SELECT * FROM `yh_webpz` WHERE  `id` = 1 LIMIT 1 [ RunTime:0.000884s ]
[2020-11-01T13:28:33+08:00][sql] SHOW FULL COLUMNS FROM `yh_information` [ RunTime:0.002103s ]
[2020-11-01T13:28:33+08:00][sql] SELECT * FROM `yh_information` WHERE  `id` = 1 LIMIT 1 [ RunTime:0.001485s ]
[2020-11-01T13:28:34+08:00][sql] CONNECT:[ UseTime:0.001133s ] mysql:host=127.0.0.1;port=3306;dbname=jifei;charset=utf8
[2020-11-01T13:28:34+08:00][sql] SHOW FULL COLUMNS FROM `yh_user` [ RunTime:0.002484s ]
[2020-11-01T13:28:34+08:00][sql] SELECT * FROM `yh_user` WHERE  `id` = 3 LIMIT 1 [ RunTime:0.000746s ]
[2020-11-01T13:28:34+08:00][sql] SHOW FULL COLUMNS FROM `yh_business` [ RunTime:0.001889s ]
[2020-11-01T13:28:34+08:00][sql] SELECT * FROM `yh_business` WHERE  `id` = 3 LIMIT 1 [ RunTime:0.000608s ]
[2020-11-01T13:28:34+08:00][sql] SHOW FULL COLUMNS FROM `yh_webpz` [ RunTime:0.001996s ]
[2020-11-01T13:28:34+08:00][sql] SELECT * FROM `yh_webpz` WHERE  `id` = 1 LIMIT 1 [ RunTime:0.000837s ]
[2020-11-01T13:28:34+08:00][sql] SHOW FULL COLUMNS FROM `yh_information` [ RunTime:0.001991s ]
[2020-11-01T13:28:34+08:00][sql] SELECT * FROM `yh_information` WHERE  `id` = 1 LIMIT 1 [ RunTime:0.000592s ]
[2020-11-01T13:28:41+08:00][sql] CONNECT:[ UseTime:0.003368s ] mysql:host=127.0.0.1;port=3306;dbname=jifei;charset=utf8
[2020-11-01T13:28:41+08:00][sql] SHOW FULL COLUMNS FROM `yh_user` [ RunTime:0.015258s ]
[2020-11-01T13:28:41+08:00][sql] SELECT * FROM `yh_user` WHERE  `id` = 3 LIMIT 1 [ RunTime:0.001340s ]
[2020-11-01T13:28:41+08:00][sql] SHOW FULL COLUMNS FROM `yh_business` [ RunTime:0.003931s ]
[2020-11-01T13:28:41+08:00][sql] SELECT * FROM `yh_business` WHERE  `id` = 3 LIMIT 1 [ RunTime:0.001276s ]
[2020-11-01T13:28:41+08:00][sql] SHOW FULL COLUMNS FROM `yh_webpz` [ RunTime:0.005680s ]
[2020-11-01T13:28:41+08:00][sql] SELECT * FROM `yh_webpz` WHERE  `id` = 1 LIMIT 1 [ RunTime:0.001646s ]
[2020-11-01T13:28:41+08:00][sql] SHOW FULL COLUMNS FROM `yh_record` [ RunTime:0.003906s ]
[2020-11-01T13:28:41+08:00][sql] SELECT COUNT(*) AS think_count FROM `yh_record` WHERE  `uid` = 37409 [ RunTime:0.000851s ]
[2020-11-01T13:28:41+08:00][sql] SELECT * FROM `yh_record` WHERE  `uid` = 37409 ORDER BY `id` DESC LIMIT 0,10 [ RunTime:0.000726s ]
[2020-11-01T13:28:53+08:00][sql] CONNECT:[ UseTime:0.001067s ] mysql:host=127.0.0.1;port=3306;dbname=jifei;charset=utf8
[2020-11-01T13:28:53+08:00][sql] SHOW FULL COLUMNS FROM `yh_user` [ RunTime:0.002507s ]
[2020-11-01T13:28:53+08:00][sql] SELECT * FROM `yh_user` WHERE  `id` = 3 LIMIT 1 [ RunTime:0.000749s ]
[2020-11-01T13:28:53+08:00][sql] SHOW FULL COLUMNS FROM `yh_business` [ RunTime:0.007032s ]
[2020-11-01T13:28:53+08:00][sql] SELECT * FROM `yh_business` WHERE  `id` = 3 LIMIT 1 [ RunTime:0.000817s ]
[2020-11-01T13:28:53+08:00][sql] SHOW FULL COLUMNS FROM `yh_webpz` [ RunTime:0.006250s ]
[2020-11-01T13:28:53+08:00][sql] SELECT * FROM `yh_webpz` WHERE  `id` = 1 LIMIT 1 [ RunTime:0.002482s ]
[2020-11-01T13:28:53+08:00][sql] SHOW FULL COLUMNS FROM `yh_record` [ RunTime:0.004136s ]
[2020-11-01T13:28:53+08:00][sql] SELECT COUNT(*) AS think_count FROM `yh_record` WHERE  `uid` = 37409 [ RunTime:0.000558s ]
[2020-11-01T13:28:53+08:00][sql] SELECT * FROM `yh_record` WHERE  `uid` = 37409 ORDER BY `id` DESC LIMIT 10,10 [ RunTime:0.000481s ]
[2020-11-01T13:28:54+08:00][sql] CONNECT:[ UseTime:0.001139s ] mysql:host=127.0.0.1;port=3306;dbname=jifei;charset=utf8
[2020-11-01T13:28:54+08:00][sql] SHOW FULL COLUMNS FROM `yh_user` [ RunTime:0.002711s ]
[2020-11-01T13:28:54+08:00][sql] SELECT * FROM `yh_user` WHERE  `id` = 3 LIMIT 1 [ RunTime:0.000706s ]
[2020-11-01T13:28:54+08:00][sql] SHOW FULL COLUMNS FROM `yh_business` [ RunTime:0.002004s ]
[2020-11-01T13:28:54+08:00][sql] SELECT * FROM `yh_business` WHERE  `id` = 3 LIMIT 1 [ RunTime:0.000774s ]
[2020-11-01T13:28:54+08:00][sql] SHOW FULL COLUMNS FROM `yh_webpz` [ RunTime:0.002509s ]
[2020-11-01T13:28:54+08:00][sql] SELECT * FROM `yh_webpz` WHERE  `id` = 1 LIMIT 1 [ RunTime:0.000608s ]
[2020-11-01T13:28:54+08:00][sql] SHOW FULL COLUMNS FROM `yh_record` [ RunTime:0.001917s ]
[2020-11-01T13:28:54+08:00][sql] SELECT COUNT(*) AS think_count FROM `yh_record` WHERE  `uid` = 37409 [ RunTime:0.000768s ]
[2020-11-01T13:28:54+08:00][sql] SELECT * FROM `yh_record` WHERE  `uid` = 37409 ORDER BY `id` DESC LIMIT 0,10 [ RunTime:0.000578s ]
[2020-11-01T13:28:55+08:00][sql] CONNECT:[ UseTime:0.002284s ] mysql:host=127.0.0.1;port=3306;dbname=jifei;charset=utf8
[2020-11-01T13:28:55+08:00][sql] SHOW FULL COLUMNS FROM `yh_user` [ RunTime:0.003116s ]
[2020-11-01T13:28:55+08:00][sql] SELECT * FROM `yh_user` WHERE  `id` = 3 LIMIT 1 [ RunTime:0.001447s ]
[2020-11-01T13:28:55+08:00][sql] SHOW FULL COLUMNS FROM `yh_business` [ RunTime:0.002702s ]
[2020-11-01T13:28:55+08:00][sql] SELECT * FROM `yh_business` WHERE  `id` = 3 LIMIT 1 [ RunTime:0.000548s ]
[2020-11-01T13:28:55+08:00][sql] SHOW FULL COLUMNS FROM `yh_webpz` [ RunTime:0.002683s ]
[2020-11-01T13:28:55+08:00][sql] SELECT * FROM `yh_webpz` WHERE  `id` = 1 LIMIT 1 [ RunTime:0.000551s ]
[2020-11-01T13:28:55+08:00][sql] SHOW FULL COLUMNS FROM `yh_record` [ RunTime:0.001526s ]
[2020-11-01T13:28:55+08:00][sql] SELECT COUNT(*) AS think_count FROM `yh_record` WHERE  `uid` = 37409 [ RunTime:0.000478s ]
[2020-11-01T13:28:55+08:00][sql] SELECT * FROM `yh_record` WHERE  `uid` = 37409 ORDER BY `id` DESC LIMIT 0,10 [ RunTime:0.000448s ]
[2020-11-01T13:28:56+08:00][sql] CONNECT:[ UseTime:0.001929s ] mysql:host=127.0.0.1;port=3306;dbname=jifei;charset=utf8
[2020-11-01T13:28:56+08:00][sql] SHOW FULL COLUMNS FROM `yh_user` [ RunTime:0.002759s ]
[2020-11-01T13:28:56+08:00][sql] SELECT * FROM `yh_user` WHERE  `id` = 3 LIMIT 1 [ RunTime:0.000782s ]
[2020-11-01T13:28:56+08:00][sql] SHOW FULL COLUMNS FROM `yh_business` [ RunTime:0.001932s ]
[2020-11-01T13:28:56+08:00][sql] SELECT * FROM `yh_business` WHERE  `id` = 3 LIMIT 1 [ RunTime:0.000756s ]
[2020-11-01T13:28:56+08:00][sql] SHOW FULL COLUMNS FROM `yh_webpz` [ RunTime:0.002228s ]
[2020-11-01T13:28:56+08:00][sql] SELECT * FROM `yh_webpz` WHERE  `id` = 1 LIMIT 1 [ RunTime:0.000761s ]
[2020-11-01T13:28:56+08:00][sql] SHOW FULL COLUMNS FROM `yh_record` [ RunTime:0.001968s ]
[2020-11-01T13:28:56+08:00][sql] SELECT COUNT(*) AS think_count FROM `yh_record` WHERE  `uid` = 37409 [ RunTime:0.000554s ]
[2020-11-01T13:28:56+08:00][sql] SELECT * FROM `yh_record` WHERE  `uid` = 37409 ORDER BY `id` DESC LIMIT 10,10 [ RunTime:0.000606s ]
[2020-11-01T13:28:57+08:00][sql] CONNECT:[ UseTime:0.001236s ] mysql:host=127.0.0.1;port=3306;dbname=jifei;charset=utf8
[2020-11-01T13:28:57+08:00][sql] SHOW FULL COLUMNS FROM `yh_user` [ RunTime:0.003048s ]
[2020-11-01T13:28:57+08:00][sql] SELECT * FROM `yh_user` WHERE  `id` = 3 LIMIT 1 [ RunTime:0.000933s ]
[2020-11-01T13:28:57+08:00][sql] SHOW FULL COLUMNS FROM `yh_business` [ RunTime:0.002098s ]
[2020-11-01T13:28:57+08:00][sql] SELECT * FROM `yh_business` WHERE  `id` = 3 LIMIT 1 [ RunTime:0.000719s ]
[2020-11-01T13:28:57+08:00][sql] SHOW FULL COLUMNS FROM `yh_webpz` [ RunTime:0.002356s ]
[2020-11-01T13:28:57+08:00][sql] SELECT * FROM `yh_webpz` WHERE  `id` = 1 LIMIT 1 [ RunTime:0.001024s ]
[2020-11-01T13:28:57+08:00][sql] SHOW FULL COLUMNS FROM `yh_record` [ RunTime:0.004620s ]
[2020-11-01T13:28:57+08:00][sql] SELECT COUNT(*) AS think_count FROM `yh_record` WHERE  `uid` = 37409 [ RunTime:0.000784s ]
[2020-11-01T13:28:57+08:00][sql] SELECT * FROM `yh_record` WHERE  `uid` = 37409 ORDER BY `id` DESC LIMIT 0,10 [ RunTime:0.000578s ]
[2020-11-01T13:28:57+08:00][sql] CONNECT:[ UseTime:0.006413s ] mysql:host=127.0.0.1;port=3306;dbname=jifei;charset=utf8
[2020-11-01T13:28:57+08:00][sql] SHOW FULL COLUMNS FROM `yh_user` [ RunTime:0.011267s ]
[2020-11-01T13:28:57+08:00][sql] SELECT * FROM `yh_user` WHERE  `id` = 3 LIMIT 1 [ RunTime:0.006983s ]
[2020-11-01T13:28:57+08:00][sql] SHOW FULL COLUMNS FROM `yh_business` [ RunTime:0.012714s ]
[2020-11-01T13:28:57+08:00][sql] SELECT * FROM `yh_business` WHERE  `id` = 3 LIMIT 1 [ RunTime:0.006118s ]
[2020-11-01T13:28:57+08:00][sql] SHOW FULL COLUMNS FROM `yh_webpz` [ RunTime:0.006771s ]
[2020-11-01T13:28:57+08:00][sql] SELECT * FROM `yh_webpz` WHERE  `id` = 1 LIMIT 1 [ RunTime:0.001434s ]
[2020-11-01T13:28:57+08:00][sql] SHOW FULL COLUMNS FROM `yh_record` [ RunTime:0.016857s ]
[2020-11-01T13:28:57+08:00][sql] SELECT COUNT(*) AS think_count FROM `yh_record` WHERE  `uid` = 37409 [ RunTime:0.000710s ]
[2020-11-01T13:28:57+08:00][sql] SELECT * FROM `yh_record` WHERE  `uid` = 37409 ORDER BY `id` DESC LIMIT 10,10 [ RunTime:0.000528s ]
[2020-11-01T13:28:58+08:00][sql] CONNECT:[ UseTime:0.004816s ] mysql:host=127.0.0.1;port=3306;dbname=jifei;charset=utf8
[2020-11-01T13:28:58+08:00][sql] SHOW FULL COLUMNS FROM `yh_user` [ RunTime:0.003076s ]
[2020-11-01T13:28:58+08:00][sql] SELECT * FROM `yh_user` WHERE  `id` = 3 LIMIT 1 [ RunTime:0.000898s ]
[2020-11-01T13:28:58+08:00][sql] SHOW FULL COLUMNS FROM `yh_business` [ RunTime:0.002419s ]
[2020-11-01T13:28:58+08:00][sql] SELECT * FROM `yh_business` WHERE  `id` = 3 LIMIT 1 [ RunTime:0.000755s ]
[2020-11-01T13:28:58+08:00][sql] SHOW FULL COLUMNS FROM `yh_webpz` [ RunTime:0.002907s ]
[2020-11-01T13:28:58+08:00][sql] SELECT * FROM `yh_webpz` WHERE  `id` = 1 LIMIT 1 [ RunTime:0.000958s ]
[2020-11-01T13:28:58+08:00][sql] SHOW FULL COLUMNS FROM `yh_record` [ RunTime:0.006015s ]
[2020-11-01T13:28:58+08:00][sql] SELECT COUNT(*) AS think_count FROM `yh_record` WHERE  `uid` = 37409 [ RunTime:0.000919s ]
[2020-11-01T13:28:58+08:00][sql] SELECT * FROM `yh_record` WHERE  `uid` = 37409 ORDER BY `id` DESC LIMIT 0,10 [ RunTime:0.000728s ]
[2020-11-01T13:30:02+08:00][sql] CONNECT:[ UseTime:0.001594s ] mysql:host=127.0.0.1;port=3306;dbname=jifei;charset=utf8
[2020-11-01T13:30:02+08:00][sql] SHOW FULL COLUMNS FROM `yh_user` [ RunTime:0.003726s ]
[2020-11-01T13:30:02+08:00][sql] SELECT * FROM `yh_user` WHERE  `id` = 3 LIMIT 1 [ RunTime:0.000809s ]
[2020-11-01T13:30:02+08:00][sql] SHOW FULL COLUMNS FROM `yh_business` [ RunTime:0.002010s ]
[2020-11-01T13:30:02+08:00][sql] SELECT * FROM `yh_business` WHERE  `id` = 3 LIMIT 1 [ RunTime:0.000574s ]
[2020-11-01T13:30:02+08:00][sql] SHOW FULL COLUMNS FROM `yh_webpz` [ RunTime:0.002003s ]
[2020-11-01T13:30:02+08:00][sql] SELECT * FROM `yh_webpz` WHERE  `id` = 1 LIMIT 1 [ RunTime:0.000557s ]
[2020-11-01T13:30:02+08:00][sql] SHOW FULL COLUMNS FROM `yh_record` [ RunTime:0.001650s ]
[2020-11-01T13:30:02+08:00][sql] SELECT COUNT(*) AS think_count FROM `yh_record` WHERE  `uid` = 37409 [ RunTime:0.000919s ]
[2020-11-01T13:30:02+08:00][sql] SELECT * FROM `yh_record` WHERE  `uid` = 37409 ORDER BY `id` DESC LIMIT 0,10 [ RunTime:0.000522s ]
[2020-11-01T13:30:09+08:00][sql] CONNECT:[ UseTime:0.001240s ] mysql:host=127.0.0.1;port=3306;dbname=jifei;charset=utf8
[2020-11-01T13:30:09+08:00][sql] SHOW FULL COLUMNS FROM `yh_user` [ RunTime:0.002319s ]
[2020-11-01T13:30:09+08:00][sql] SELECT * FROM `yh_user` WHERE  `id` = 3 LIMIT 1 [ RunTime:0.000740s ]
[2020-11-01T13:30:09+08:00][sql] SHOW FULL COLUMNS FROM `yh_business` [ RunTime:0.001815s ]
[2020-11-01T13:30:09+08:00][sql] SELECT * FROM `yh_business` WHERE  `id` = 3 LIMIT 1 [ RunTime:0.000658s ]
[2020-11-01T13:30:09+08:00][sql] SHOW FULL COLUMNS FROM `yh_webpz` [ RunTime:0.001938s ]
[2020-11-01T13:30:09+08:00][sql] SELECT * FROM `yh_webpz` WHERE  `id` = 1 LIMIT 1 [ RunTime:0.001022s ]
[2020-11-01T13:30:09+08:00][sql] SHOW FULL COLUMNS FROM `yh_information` [ RunTime:0.002007s ]
[2020-11-01T13:30:09+08:00][sql] SELECT * FROM `yh_information` WHERE  `id` = 1 LIMIT 1 [ RunTime:0.000666s ]
[2020-11-01T13:32:31+08:00][sql] CONNECT:[ UseTime:0.003157s ] mysql:host=127.0.0.1;port=3306;dbname=jifei;charset=utf8
[2020-11-01T13:32:31+08:00][sql] SHOW FULL COLUMNS FROM `yh_user` [ RunTime:0.002544s ]
[2020-11-01T13:32:31+08:00][sql] SELECT * FROM `yh_user` WHERE  `id` = 3 LIMIT 1 [ RunTime:0.003704s ]
[2020-11-01T13:32:31+08:00][sql] SHOW FULL COLUMNS FROM `yh_business` [ RunTime:0.008713s ]
[2020-11-01T13:32:31+08:00][sql] SELECT * FROM `yh_business` WHERE  `id` = 3 LIMIT 1 [ RunTime:0.006880s ]
[2020-11-01T13:32:31+08:00][sql] SHOW FULL COLUMNS FROM `yh_webpz` [ RunTime:0.004234s ]
[2020-11-01T13:32:31+08:00][sql] SELECT * FROM `yh_webpz` WHERE  `id` = 1 LIMIT 1 [ RunTime:0.000667s ]
[2020-11-01T13:32:31+08:00][sql] SHOW FULL COLUMNS FROM `yh_information` [ RunTime:0.002018s ]
[2020-11-01T13:32:31+08:00][sql] SELECT * FROM `yh_information` WHERE  `id` = 1 LIMIT 1 [ RunTime:0.003647s ]
[2020-11-01T13:32:34+08:00][sql] CONNECT:[ UseTime:0.001063s ] mysql:host=127.0.0.1;port=3306;dbname=jifei;charset=utf8
[2020-11-01T13:32:34+08:00][sql] SHOW FULL COLUMNS FROM `yh_user` [ RunTime:0.002568s ]
[2020-11-01T13:32:34+08:00][sql] SELECT * FROM `yh_user` WHERE  `id` = 3 LIMIT 1 [ RunTime:0.000748s ]
[2020-11-01T13:32:34+08:00][sql] SHOW FULL COLUMNS FROM `yh_business` [ RunTime:0.002033s ]
[2020-11-01T13:32:34+08:00][sql] SELECT * FROM `yh_business` WHERE  `id` = 3 LIMIT 1 [ RunTime:0.000675s ]
[2020-11-01T13:32:34+08:00][sql] SHOW FULL COLUMNS FROM `yh_webpz` [ RunTime:0.002017s ]
[2020-11-01T13:32:34+08:00][sql] SELECT * FROM `yh_webpz` WHERE  `id` = 1 LIMIT 1 [ RunTime:0.000709s ]
[2020-11-01T13:32:34+08:00][sql] SHOW FULL COLUMNS FROM `yh_information` [ RunTime:0.001958s ]
[2020-11-01T13:32:34+08:00][sql] SELECT * FROM `yh_information` WHERE  `id` = 1 LIMIT 1 [ RunTime:0.000615s ]
[2020-11-01T13:32:35+08:00][sql] CONNECT:[ UseTime:0.004365s ] mysql:host=127.0.0.1;port=3306;dbname=jifei;charset=utf8
[2020-11-01T13:32:35+08:00][sql] SHOW FULL COLUMNS FROM `yh_user` [ RunTime:0.008983s ]
[2020-11-01T13:32:35+08:00][sql] SELECT * FROM `yh_user` WHERE  `id` = 3 LIMIT 1 [ RunTime:0.000730s ]
[2020-11-01T13:32:35+08:00][sql] SHOW FULL COLUMNS FROM `yh_business` [ RunTime:0.002133s ]
[2020-11-01T13:32:35+08:00][sql] SELECT * FROM `yh_business` WHERE  `id` = 3 LIMIT 1 [ RunTime:0.000600s ]
[2020-11-01T13:32:35+08:00][sql] SHOW FULL COLUMNS FROM `yh_webpz` [ RunTime:0.002172s ]
[2020-11-01T13:32:35+08:00][sql] SELECT * FROM `yh_webpz` WHERE  `id` = 1 LIMIT 1 [ RunTime:0.000653s ]
[2020-11-01T13:32:38+08:00][sql] CONNECT:[ UseTime:0.000992s ] mysql:host=127.0.0.1;port=3306;dbname=jifei;charset=utf8
[2020-11-01T13:32:38+08:00][sql] SHOW FULL COLUMNS FROM `yh_user` [ RunTime:0.004268s ]
[2020-11-01T13:32:38+08:00][sql] SELECT * FROM `yh_user` WHERE  `id` = 3 LIMIT 1 [ RunTime:0.001110s ]
[2020-11-01T13:32:38+08:00][sql] SHOW FULL COLUMNS FROM `yh_business` [ RunTime:0.002252s ]
[2020-11-01T13:32:38+08:00][sql] SELECT * FROM `yh_business` WHERE  `id` = 3 LIMIT 1 [ RunTime:0.000631s ]
[2020-11-01T13:32:38+08:00][sql] SHOW FULL COLUMNS FROM `yh_webpz` [ RunTime:0.003065s ]
[2020-11-01T13:32:38+08:00][sql] SELECT * FROM `yh_webpz` WHERE  `id` = 1 LIMIT 1 [ RunTime:0.001677s ]
[2020-11-01T13:32:38+08:00][sql] SHOW FULL COLUMNS FROM `yh_record` [ RunTime:0.003293s ]
[2020-11-01T13:32:38+08:00][sql] SELECT COUNT(*) AS think_count FROM `yh_record` WHERE  `uid` = 37409 [ RunTime:0.000658s ]
[2020-11-01T13:32:38+08:00][sql] SELECT * FROM `yh_record` WHERE  `uid` = 37409 ORDER BY `id` DESC LIMIT 0,10 [ RunTime:0.000618s ]
[2020-11-01T13:32:41+08:00][sql] CONNECT:[ UseTime:0.002311s ] mysql:host=127.0.0.1;port=3306;dbname=jifei;charset=utf8
[2020-11-01T13:32:41+08:00][sql] SHOW FULL COLUMNS FROM `yh_user` [ RunTime:0.002805s ]
[2020-11-01T13:32:41+08:00][sql] SELECT * FROM `yh_user` WHERE  `id` = 3 LIMIT 1 [ RunTime:0.005076s ]
[2020-11-01T13:32:41+08:00][sql] SHOW FULL COLUMNS FROM `yh_business` [ RunTime:0.001875s ]
[2020-11-01T13:32:41+08:00][sql] SELECT * FROM `yh_business` WHERE  `id` = 3 LIMIT 1 [ RunTime:0.000803s ]
[2020-11-01T13:32:41+08:00][sql] SHOW FULL COLUMNS FROM `yh_webpz` [ RunTime:0.002184s ]
[2020-11-01T13:32:41+08:00][sql] SELECT * FROM `yh_webpz` WHERE  `id` = 1 LIMIT 1 [ RunTime:0.000749s ]
[2020-11-01T13:32:41+08:00][sql] SHOW FULL COLUMNS FROM `yh_record` [ RunTime:0.001859s ]
[2020-11-01T13:32:41+08:00][sql] SELECT COUNT(*) AS think_count FROM `yh_record` WHERE  `uid` = 37409 [ RunTime:0.000633s ]
[2020-11-01T13:32:41+08:00][sql] SELECT * FROM `yh_record` WHERE  `uid` = 37409 ORDER BY `id` DESC LIMIT 10,10 [ RunTime:0.000599s ]
[2020-11-01T13:32:45+08:00][sql] CONNECT:[ UseTime:0.002321s ] mysql:host=127.0.0.1;port=3306;dbname=jifei;charset=utf8
[2020-11-01T13:32:45+08:00][sql] SHOW FULL COLUMNS FROM `yh_user` [ RunTime:0.002870s ]
[2020-11-01T13:32:45+08:00][sql] SELECT * FROM `yh_user` WHERE  `id` = 3 LIMIT 1 [ RunTime:0.000767s ]
[2020-11-01T13:32:45+08:00][sql] SHOW FULL COLUMNS FROM `yh_business` [ RunTime:0.001983s ]
[2020-11-01T13:32:45+08:00][sql] SELECT * FROM `yh_business` WHERE  `id` = 3 LIMIT 1 [ RunTime:0.000902s ]
[2020-11-01T13:32:45+08:00][sql] SHOW FULL COLUMNS FROM `yh_webpz` [ RunTime:0.002284s ]
[2020-11-01T13:32:45+08:00][sql] SELECT * FROM `yh_webpz` WHERE  `id` = 1 LIMIT 1 [ RunTime:0.000645s ]
[2020-11-01T13:32:45+08:00][sql] SHOW FULL COLUMNS FROM `yh_record` [ RunTime:0.001779s ]
[2020-11-01T13:32:45+08:00][sql] SELECT COUNT(*) AS think_count FROM `yh_record` WHERE  `uid` = 37409 [ RunTime:0.000926s ]
[2020-11-01T13:32:45+08:00][sql] SELECT * FROM `yh_record` WHERE  `uid` = 37409 ORDER BY `id` DESC LIMIT 0,10 [ RunTime:0.000630s ]
[2020-11-01T13:32:57+08:00][sql] CONNECT:[ UseTime:0.002714s ] mysql:host=127.0.0.1;port=3306;dbname=jifei;charset=utf8
[2020-11-01T13:32:57+08:00][sql] SHOW FULL COLUMNS FROM `yh_user` [ RunTime:0.002484s ]
[2020-11-01T13:32:57+08:00][sql] SELECT * FROM `yh_user` WHERE  `id` = 3 LIMIT 1 [ RunTime:0.003741s ]
[2020-11-01T13:32:57+08:00][sql] SHOW FULL COLUMNS FROM `yh_business` [ RunTime:0.006794s ]
[2020-11-01T13:32:57+08:00][sql] SELECT * FROM `yh_business` WHERE  `id` = 3 LIMIT 1 [ RunTime:0.003967s ]
[2020-11-01T13:32:57+08:00][sql] SHOW FULL COLUMNS FROM `yh_webpz` [ RunTime:0.016639s ]
[2020-11-01T13:32:57+08:00][sql] SELECT * FROM `yh_webpz` WHERE  `id` = 1 LIMIT 1 [ RunTime:0.000987s ]
[2020-11-01T13:32:57+08:00][sql] SHOW FULL COLUMNS FROM `yh_record` [ RunTime:0.002544s ]
[2020-11-01T13:32:57+08:00][sql] SELECT COUNT(*) AS think_count FROM `yh_record` WHERE  `uid` = 37409 [ RunTime:0.000746s ]
[2020-11-01T13:32:57+08:00][sql] SELECT * FROM `yh_record` WHERE  `uid` = 37409 ORDER BY `id` DESC LIMIT 10,10 [ RunTime:0.001289s ]
[2020-11-01T13:32:58+08:00][sql] CONNECT:[ UseTime:0.001161s ] mysql:host=127.0.0.1;port=3306;dbname=jifei;charset=utf8
[2020-11-01T13:32:58+08:00][sql] SHOW FULL COLUMNS FROM `yh_user` [ RunTime:0.004175s ]
[2020-11-01T13:32:58+08:00][sql] SELECT * FROM `yh_user` WHERE  `id` = 3 LIMIT 1 [ RunTime:0.000756s ]
[2020-11-01T13:32:58+08:00][sql] SHOW FULL COLUMNS FROM `yh_business` [ RunTime:0.003055s ]
[2020-11-01T13:32:58+08:00][sql] SELECT * FROM `yh_business` WHERE  `id` = 3 LIMIT 1 [ RunTime:0.000876s ]
[2020-11-01T13:32:58+08:00][sql] SHOW FULL COLUMNS FROM `yh_webpz` [ RunTime:0.004643s ]
[2020-11-01T13:32:58+08:00][sql] SELECT * FROM `yh_webpz` WHERE  `id` = 1 LIMIT 1 [ RunTime:0.001017s ]
[2020-11-01T13:32:58+08:00][sql] SHOW FULL COLUMNS FROM `yh_record` [ RunTime:0.003396s ]
[2020-11-01T13:32:58+08:00][sql] SELECT COUNT(*) AS think_count FROM `yh_record` WHERE  `uid` = 37409 [ RunTime:0.000826s ]
[2020-11-01T13:32:58+08:00][sql] SELECT * FROM `yh_record` WHERE  `uid` = 37409 ORDER BY `id` DESC LIMIT 20,10 [ RunTime:0.000759s ]
[2020-11-01T13:32:59+08:00][sql] CONNECT:[ UseTime:0.000979s ] mysql:host=127.0.0.1;port=3306;dbname=jifei;charset=utf8
[2020-11-01T13:32:59+08:00][sql] SHOW FULL COLUMNS FROM `yh_user` [ RunTime:0.002545s ]
[2020-11-01T13:32:59+08:00][sql] SELECT * FROM `yh_user` WHERE  `id` = 3 LIMIT 1 [ RunTime:0.000641s ]
[2020-11-01T13:32:59+08:00][sql] SHOW FULL COLUMNS FROM `yh_business` [ RunTime:0.002000s ]
[2020-11-01T13:32:59+08:00][sql] SELECT * FROM `yh_business` WHERE  `id` = 3 LIMIT 1 [ RunTime:0.000569s ]
[2020-11-01T13:32:59+08:00][sql] SHOW FULL COLUMNS FROM `yh_webpz` [ RunTime:0.002281s ]
[2020-11-01T13:32:59+08:00][sql] SELECT * FROM `yh_webpz` WHERE  `id` = 1 LIMIT 1 [ RunTime:0.000674s ]
[2020-11-01T13:32:59+08:00][sql] SHOW FULL COLUMNS FROM `yh_record` [ RunTime:0.001789s ]
[2020-11-01T13:32:59+08:00][sql] SELECT COUNT(*) AS think_count FROM `yh_record` WHERE  `uid` = 37409 [ RunTime:0.000669s ]
[2020-11-01T13:32:59+08:00][sql] SELECT * FROM `yh_record` WHERE  `uid` = 37409 ORDER BY `id` DESC LIMIT 10,10 [ RunTime:0.001156s ]
[2020-11-01T13:32:59+08:00][sql] CONNECT:[ UseTime:0.001602s ] mysql:host=127.0.0.1;port=3306;dbname=jifei;charset=utf8
[2020-11-01T13:32:59+08:00][sql] SHOW FULL COLUMNS FROM `yh_user` [ RunTime:0.002673s ]
[2020-11-01T13:32:59+08:00][sql] SELECT * FROM `yh_user` WHERE  `id` = 3 LIMIT 1 [ RunTime:0.000808s ]
[2020-11-01T13:32:59+08:00][sql] SHOW FULL COLUMNS FROM `yh_business` [ RunTime:0.003991s ]
[2020-11-01T13:32:59+08:00][sql] SELECT * FROM `yh_business` WHERE  `id` = 3 LIMIT 1 [ RunTime:0.000706s ]
[2020-11-01T13:32:59+08:00][sql] SHOW FULL COLUMNS FROM `yh_webpz` [ RunTime:0.002186s ]
[2020-11-01T13:32:59+08:00][sql] SELECT * FROM `yh_webpz` WHERE  `id` = 1 LIMIT 1 [ RunTime:0.000604s ]
[2020-11-01T13:32:59+08:00][sql] SHOW FULL COLUMNS FROM `yh_record` [ RunTime:0.001750s ]
[2020-11-01T13:32:59+08:00][sql] SELECT COUNT(*) AS think_count FROM `yh_record` WHERE  `uid` = 37409 [ RunTime:0.001668s ]
[2020-11-01T13:32:59+08:00][sql] SELECT * FROM `yh_record` WHERE  `uid` = 37409 ORDER BY `id` DESC LIMIT 0,10 [ RunTime:0.000822s ]
[2020-11-01T13:33:08+08:00][sql] CONNECT:[ UseTime:0.004253s ] mysql:host=127.0.0.1;port=3306;dbname=jifei;charset=utf8
[2020-11-01T13:33:08+08:00][sql] SHOW FULL COLUMNS FROM `yh_user` [ RunTime:0.004414s ]
[2020-11-01T13:33:08+08:00][sql] SELECT * FROM `yh_user` WHERE  `id` = 3 LIMIT 1 [ RunTime:0.005732s ]
[2020-11-01T13:33:08+08:00][sql] SHOW FULL COLUMNS FROM `yh_business` [ RunTime:0.002399s ]
[2020-11-01T13:33:08+08:00][sql] SELECT * FROM `yh_business` WHERE  `id` = 3 LIMIT 1 [ RunTime:0.000798s ]
[2020-11-01T13:33:08+08:00][sql] SHOW FULL COLUMNS FROM `yh_webpz` [ RunTime:0.002628s ]
[2020-11-01T13:33:08+08:00][sql] SELECT * FROM `yh_webpz` WHERE  `id` = 1 LIMIT 1 [ RunTime:0.000800s ]
[2020-11-01T13:33:08+08:00][sql] SHOW FULL COLUMNS FROM `yh_information` [ RunTime:0.002687s ]
[2020-11-01T13:33:08+08:00][sql] SELECT * FROM `yh_information` WHERE  `id` = 1 LIMIT 1 [ RunTime:0.000801s ]
[2020-11-01T13:33:29+08:00][sql] CONNECT:[ UseTime:0.003955s ] mysql:host=127.0.0.1;port=3306;dbname=jifei;charset=utf8
[2020-11-01T13:33:29+08:00][sql] SHOW FULL COLUMNS FROM `yh_user` [ RunTime:0.005850s ]
[2020-11-01T13:33:29+08:00][sql] SELECT * FROM `yh_user` WHERE  `id` = 3 LIMIT 1 [ RunTime:0.003735s ]
[2020-11-01T13:33:29+08:00][sql] SHOW FULL COLUMNS FROM `yh_business` [ RunTime:0.004360s ]
[2020-11-01T13:33:29+08:00][sql] SELECT * FROM `yh_business` WHERE  `id` = 3 LIMIT 1 [ RunTime:0.005913s ]
[2020-11-01T13:33:29+08:00][sql] SHOW FULL COLUMNS FROM `yh_webpz` [ RunTime:0.003839s ]
[2020-11-01T13:33:29+08:00][sql] SELECT * FROM `yh_webpz` WHERE  `id` = 1 LIMIT 1 [ RunTime:0.000799s ]
[2020-11-01T13:33:29+08:00][sql] SHOW FULL COLUMNS FROM `yh_information` [ RunTime:0.002092s ]
[2020-11-01T13:33:29+08:00][sql] SELECT * FROM `yh_information` WHERE  `id` = 1 LIMIT 1 [ RunTime:0.001025s ]
[2020-11-01T13:33:30+08:00][sql] CONNECT:[ UseTime:0.000993s ] mysql:host=127.0.0.1;port=3306;dbname=jifei;charset=utf8
[2020-11-01T13:33:30+08:00][sql] SHOW FULL COLUMNS FROM `yh_user` [ RunTime:0.002548s ]
[2020-11-01T13:33:30+08:00][sql] SELECT * FROM `yh_user` WHERE  `id` = 3 LIMIT 1 [ RunTime:0.000777s ]
[2020-11-01T13:33:30+08:00][sql] SHOW FULL COLUMNS FROM `yh_business` [ RunTime:0.001858s ]
[2020-11-01T13:33:30+08:00][sql] SELECT * FROM `yh_business` WHERE  `id` = 3 LIMIT 1 [ RunTime:0.000626s ]
[2020-11-01T13:33:30+08:00][sql] SHOW FULL COLUMNS FROM `yh_webpz` [ RunTime:0.001984s ]
[2020-11-01T13:33:30+08:00][sql] SELECT * FROM `yh_webpz` WHERE  `id` = 1 LIMIT 1 [ RunTime:0.000889s ]
[2020-11-01T13:33:30+08:00][sql] SHOW FULL COLUMNS FROM `yh_information` [ RunTime:0.001847s ]
[2020-11-01T13:33:30+08:00][sql] SELECT * FROM `yh_information` WHERE  `id` = 1 LIMIT 1 [ RunTime:0.001732s ]
[2020-11-01T13:33:32+08:00][sql] CONNECT:[ UseTime:0.003157s ] mysql:host=127.0.0.1;port=3306;dbname=jifei;charset=utf8
[2020-11-01T13:33:32+08:00][sql] SHOW FULL COLUMNS FROM `yh_user` [ RunTime:0.003518s ]
[2020-11-01T13:33:32+08:00][sql] SELECT * FROM `yh_user` WHERE  `id` = 3 LIMIT 1 [ RunTime:0.001407s ]
[2020-11-01T13:33:32+08:00][sql] SHOW FULL COLUMNS FROM `yh_business` [ RunTime:0.002461s ]
[2020-11-01T13:33:32+08:00][sql] SELECT * FROM `yh_business` WHERE  `id` = 3 LIMIT 1 [ RunTime:0.001253s ]
[2020-11-01T13:33:32+08:00][sql] SHOW FULL COLUMNS FROM `yh_webpz` [ RunTime:0.003084s ]
[2020-11-01T13:33:32+08:00][sql] SELECT * FROM `yh_webpz` WHERE  `id` = 1 LIMIT 1 [ RunTime:0.001169s ]
[2020-11-01T13:33:34+08:00][sql] CONNECT:[ UseTime:0.003194s ] mysql:host=127.0.0.1;port=3306;dbname=jifei;charset=utf8
[2020-11-01T13:33:34+08:00][sql] SHOW FULL COLUMNS FROM `yh_user` [ RunTime:0.005784s ]
[2020-11-01T13:33:34+08:00][sql] SELECT * FROM `yh_user` WHERE  `id` = 3 LIMIT 1 [ RunTime:0.001596s ]
[2020-11-01T13:33:34+08:00][sql] SHOW FULL COLUMNS FROM `yh_business` [ RunTime:0.002263s ]
[2020-11-01T13:33:34+08:00][sql] SELECT * FROM `yh_business` WHERE  `id` = 3 LIMIT 1 [ RunTime:0.006383s ]
[2020-11-01T13:33:34+08:00][sql] SHOW FULL COLUMNS FROM `yh_webpz` [ RunTime:0.006168s ]
[2020-11-01T13:33:34+08:00][sql] SELECT * FROM `yh_webpz` WHERE  `id` = 1 LIMIT 1 [ RunTime:0.000808s ]
[2020-11-01T13:33:34+08:00][sql] SHOW FULL COLUMNS FROM `yh_record` [ RunTime:0.006928s ]
[2020-11-01T13:33:34+08:00][sql] SELECT COUNT(*) AS think_count FROM `yh_record` WHERE  `uid` = 37409 [ RunTime:0.001105s ]
[2020-11-01T13:33:34+08:00][sql] SELECT * FROM `yh_record` WHERE  `uid` = 37409 ORDER BY `id` DESC LIMIT 0,10 [ RunTime:0.000819s ]
[2020-11-01T13:40:13+08:00][sql] CONNECT:[ UseTime:0.001437s ] mysql:host=127.0.0.1;port=3306;dbname=jifei;charset=utf8
[2020-11-01T13:40:13+08:00][sql] SHOW FULL COLUMNS FROM `yh_user` [ RunTime:0.003255s ]
[2020-11-01T13:40:13+08:00][sql] SELECT * FROM `yh_user` WHERE  `id` = 3 LIMIT 1 [ RunTime:0.001668s ]
[2020-11-01T13:40:13+08:00][sql] SHOW FULL COLUMNS FROM `yh_business` [ RunTime:0.002201s ]
[2020-11-01T13:40:13+08:00][sql] SELECT * FROM `yh_business` WHERE  `id` = 3 LIMIT 1 [ RunTime:0.001281s ]
[2020-11-01T13:40:13+08:00][sql] SHOW FULL COLUMNS FROM `yh_webpz` [ RunTime:0.002326s ]
[2020-11-01T13:40:13+08:00][sql] SELECT * FROM `yh_webpz` WHERE  `id` = 1 LIMIT 1 [ RunTime:0.001160s ]
[2020-11-01T13:40:13+08:00][sql] SHOW FULL COLUMNS FROM `yh_information` [ RunTime:0.003172s ]
[2020-11-01T13:40:13+08:00][sql] SELECT * FROM `yh_information` WHERE  `id` = 1 LIMIT 1 [ RunTime:0.001528s ]
[2020-11-01T13:40:15+08:00][sql] CONNECT:[ UseTime:0.003357s ] mysql:host=127.0.0.1;port=3306;dbname=jifei;charset=utf8
[2020-11-01T13:40:15+08:00][sql] SHOW FULL COLUMNS FROM `yh_user` [ RunTime:0.005338s ]
[2020-11-01T13:40:15+08:00][sql] SELECT * FROM `yh_user` WHERE  `id` = 3 LIMIT 1 [ RunTime:0.006311s ]
[2020-11-01T13:40:15+08:00][sql] SHOW FULL COLUMNS FROM `yh_business` [ RunTime:0.008980s ]
[2020-11-01T13:40:15+08:00][sql] SELECT * FROM `yh_business` WHERE  `id` = 3 LIMIT 1 [ RunTime:0.000937s ]
[2020-11-01T13:40:15+08:00][sql] SHOW FULL COLUMNS FROM `yh_webpz` [ RunTime:0.002509s ]
[2020-11-01T13:40:15+08:00][sql] SELECT * FROM `yh_webpz` WHERE  `id` = 1 LIMIT 1 [ RunTime:0.000848s ]
[2020-11-01T13:40:15+08:00][sql] SHOW FULL COLUMNS FROM `yh_information` [ RunTime:0.002384s ]
[2020-11-01T13:40:15+08:00][sql] SELECT * FROM `yh_information` WHERE  `id` = 1 LIMIT 1 [ RunTime:0.000892s ]
[2020-11-01T13:40:17+08:00][sql] CONNECT:[ UseTime:0.001072s ] mysql:host=127.0.0.1;port=3306;dbname=jifei;charset=utf8
[2020-11-01T13:40:17+08:00][sql] SHOW FULL COLUMNS FROM `yh_user` [ RunTime:0.002700s ]
[2020-11-01T13:40:17+08:00][sql] SELECT * FROM `yh_user` WHERE  `id` = 3 LIMIT 1 [ RunTime:0.001119s ]
[2020-11-01T13:40:17+08:00][sql] SHOW FULL COLUMNS FROM `yh_business` [ RunTime:0.002002s ]
[2020-11-01T13:40:17+08:00][sql] SELECT * FROM `yh_business` WHERE  `id` = 3 LIMIT 1 [ RunTime:0.000671s ]
[2020-11-01T13:40:17+08:00][sql] SHOW FULL COLUMNS FROM `yh_webpz` [ RunTime:0.002448s ]
[2020-11-01T13:40:17+08:00][sql] SELECT * FROM `yh_webpz` WHERE  `id` = 1 LIMIT 1 [ RunTime:0.000802s ]
[2020-11-01T13:40:17+08:00][sql] SHOW FULL COLUMNS FROM `yh_record` [ RunTime:0.003429s ]
[2020-11-01T13:40:17+08:00][sql] SELECT COUNT(*) AS think_count FROM `yh_record` WHERE  `uid` = 37409 [ RunTime:0.000751s ]
[2020-11-01T13:40:17+08:00][sql] SELECT * FROM `yh_record` WHERE  `uid` = 37409 ORDER BY `id` DESC LIMIT 0,10 [ RunTime:0.000652s ]
[2020-11-01T13:40:24+08:00][sql] CONNECT:[ UseTime:0.001458s ] mysql:host=127.0.0.1;port=3306;dbname=jifei;charset=utf8
[2020-11-01T13:40:24+08:00][sql] SHOW FULL COLUMNS FROM `yh_user` [ RunTime:0.002603s ]
[2020-11-01T13:40:24+08:00][sql] SELECT * FROM `yh_user` WHERE  `id` = 3 LIMIT 1 [ RunTime:0.000830s ]
[2020-11-01T13:40:24+08:00][sql] SHOW FULL COLUMNS FROM `yh_business` [ RunTime:0.002055s ]
[2020-11-01T13:40:24+08:00][sql] SELECT * FROM `yh_business` WHERE  `id` = 3 LIMIT 1 [ RunTime:0.000754s ]
[2020-11-01T13:40:24+08:00][sql] SHOW FULL COLUMNS FROM `yh_webpz` [ RunTime:0.002058s ]
[2020-11-01T13:40:24+08:00][sql] SELECT * FROM `yh_webpz` WHERE  `id` = 1 LIMIT 1 [ RunTime:0.000854s ]
[2020-11-01T13:40:24+08:00][sql] SHOW FULL COLUMNS FROM `yh_information` [ RunTime:0.002031s ]
[2020-11-01T13:40:24+08:00][sql] SELECT * FROM `yh_information` WHERE  `id` = 1 LIMIT 1 [ RunTime:0.000867s ]
[2020-11-01T13:40:34+08:00][sql] CONNECT:[ UseTime:0.000930s ] mysql:host=127.0.0.1;port=3306;dbname=jifei;charset=utf8
[2020-11-01T13:40:34+08:00][sql] SHOW FULL COLUMNS FROM `yh_user` [ RunTime:0.002121s ]
[2020-11-01T13:40:34+08:00][sql] SELECT * FROM `yh_user` WHERE  `id` = 3 LIMIT 1 [ RunTime:0.000693s ]
[2020-11-01T13:40:34+08:00][sql] SHOW FULL COLUMNS FROM `yh_business` [ RunTime:0.001908s ]
[2020-11-01T13:40:34+08:00][sql] SELECT * FROM `yh_business` WHERE  `id` = 3 LIMIT 1 [ RunTime:0.000712s ]
[2020-11-01T13:40:34+08:00][sql] SHOW FULL COLUMNS FROM `yh_webpz` [ RunTime:0.002501s ]
[2020-11-01T13:40:34+08:00][sql] SELECT * FROM `yh_webpz` WHERE  `id` = 1 LIMIT 1 [ RunTime:0.000748s ]
[2020-11-01T13:40:34+08:00][sql] SHOW FULL COLUMNS FROM `yh_information` [ RunTime:0.001907s ]
[2020-11-01T13:40:34+08:00][sql] SELECT * FROM `yh_information` WHERE  `id` = 1 LIMIT 1 [ RunTime:0.000618s ]
[2020-11-01T13:42:12+08:00][sql] CONNECT:[ UseTime:0.003865s ] mysql:host=127.0.0.1;port=3306;dbname=jifei;charset=utf8
[2020-11-01T13:42:12+08:00][sql] SHOW FULL COLUMNS FROM `yh_user` [ RunTime:0.004542s ]
[2020-11-01T13:42:12+08:00][sql] SELECT * FROM `yh_user` WHERE  `id` = 3 LIMIT 1 [ RunTime:0.000810s ]
[2020-11-01T13:42:12+08:00][sql] SHOW FULL COLUMNS FROM `yh_business` [ RunTime:0.002182s ]
[2020-11-01T13:42:12+08:00][sql] SELECT * FROM `yh_business` WHERE  `id` = 3 LIMIT 1 [ RunTime:0.002618s ]
[2020-11-01T13:42:12+08:00][sql] SHOW FULL COLUMNS FROM `yh_webpz` [ RunTime:0.004486s ]
[2020-11-01T13:42:12+08:00][sql] SELECT * FROM `yh_webpz` WHERE  `id` = 1 LIMIT 1 [ RunTime:0.000909s ]
[2020-11-01T13:42:12+08:00][sql] SHOW FULL COLUMNS FROM `yh_information` [ RunTime:0.003198s ]
[2020-11-01T13:42:12+08:00][sql] SELECT * FROM `yh_information` WHERE  `id` = 1 LIMIT 1 [ RunTime:0.000601s ]
[2020-11-01T14:23:35+08:00][sql] CONNECT:[ UseTime:0.003130s ] mysql:host=127.0.0.1;port=3306;dbname=jifei;charset=utf8
[2020-11-01T14:23:35+08:00][sql] SHOW FULL COLUMNS FROM `yh_webpz` [ RunTime:0.004807s ]
[2020-11-01T14:23:35+08:00][sql] SELECT * FROM `yh_webpz` WHERE  `id` = 1 LIMIT 1 [ RunTime:0.000877s ]
[2020-11-01T14:23:39+08:00][sql] CONNECT:[ UseTime:0.002978s ] mysql:host=127.0.0.1;port=3306;dbname=jifei;charset=utf8
[2020-11-01T14:23:39+08:00][sql] SHOW FULL COLUMNS FROM `yh_webpz` [ RunTime:0.005868s ]
[2020-11-01T14:23:39+08:00][sql] SELECT * FROM `yh_webpz` WHERE  `id` = 1 LIMIT 1 [ RunTime:0.003780s ]
[2020-11-01T14:23:39+08:00][sql] SHOW FULL COLUMNS FROM `yh_user` [ RunTime:0.004110s ]
[2020-11-01T14:23:39+08:00][sql] SELECT * FROM `yh_user` WHERE  `username` = '1178350505'  AND `password` = 'e10adc3949ba59abbe56e057f20f883e' LIMIT 1 [ RunTime:0.000843s ]
[2020-11-01T14:23:39+08:00][sql] CONNECT:[ UseTime:0.001482s ] mysql:host=127.0.0.1;port=3306;dbname=jifei;charset=utf8
[2020-11-01T14:23:39+08:00][sql] SHOW FULL COLUMNS FROM `yh_user` [ RunTime:0.002802s ]
[2020-11-01T14:23:39+08:00][sql] SELECT * FROM `yh_user` WHERE  `id` = 3 LIMIT 1 [ RunTime:0.001145s ]
[2020-11-01T14:23:39+08:00][sql] SHOW FULL COLUMNS FROM `yh_business` [ RunTime:0.001810s ]
[2020-11-01T14:23:39+08:00][sql] SELECT * FROM `yh_business` WHERE  `id` = 3 LIMIT 1 [ RunTime:0.000770s ]
[2020-11-01T14:23:39+08:00][sql] SHOW FULL COLUMNS FROM `yh_webpz` [ RunTime:0.002084s ]
[2020-11-01T14:23:39+08:00][sql] SELECT * FROM `yh_webpz` WHERE  `id` = 1 LIMIT 1 [ RunTime:0.000795s ]
[2020-11-01T14:23:39+08:00][sql] SHOW FULL COLUMNS FROM `yh_information` [ RunTime:0.002133s ]
[2020-11-01T14:23:39+08:00][sql] SELECT * FROM `yh_information` WHERE  `id` = 1 LIMIT 1 [ RunTime:0.000569s ]
[2020-11-01T14:23:41+08:00][sql] CONNECT:[ UseTime:0.001764s ] mysql:host=127.0.0.1;port=3306;dbname=jifei;charset=utf8
[2020-11-01T14:23:41+08:00][sql] SHOW FULL COLUMNS FROM `yh_user` [ RunTime:0.003839s ]
[2020-11-01T14:23:41+08:00][sql] SELECT * FROM `yh_user` WHERE  `id` = 3 LIMIT 1 [ RunTime:0.002922s ]
[2020-11-01T14:23:41+08:00][sql] SHOW FULL COLUMNS FROM `yh_business` [ RunTime:0.004272s ]
[2020-11-01T14:23:41+08:00][sql] SELECT * FROM `yh_business` WHERE  `id` = 3 LIMIT 1 [ RunTime:0.000733s ]
[2020-11-01T14:23:41+08:00][sql] SHOW FULL COLUMNS FROM `yh_webpz` [ RunTime:0.002153s ]
[2020-11-01T14:23:41+08:00][sql] SELECT * FROM `yh_webpz` WHERE  `id` = 1 LIMIT 1 [ RunTime:0.002011s ]
[2020-11-01T14:23:44+08:00][sql] CONNECT:[ UseTime:0.014090s ] mysql:host=127.0.0.1;port=3306;dbname=jifei;charset=utf8
[2020-11-01T14:23:44+08:00][sql] SHOW FULL COLUMNS FROM `yh_user` [ RunTime:0.003156s ]
[2020-11-01T14:23:44+08:00][sql] SELECT * FROM `yh_user` WHERE  `id` = 3 LIMIT 1 [ RunTime:0.001489s ]
[2020-11-01T14:23:44+08:00][sql] SHOW FULL COLUMNS FROM `yh_business` [ RunTime:0.004518s ]
[2020-11-01T14:23:44+08:00][sql] SELECT * FROM `yh_business` WHERE  `id` = 3 LIMIT 1 [ RunTime:0.001269s ]
[2020-11-01T14:23:44+08:00][sql] SHOW FULL COLUMNS FROM `yh_webpz` [ RunTime:0.002934s ]
[2020-11-01T14:23:44+08:00][sql] SELECT * FROM `yh_webpz` WHERE  `id` = 1 LIMIT 1 [ RunTime:0.001366s ]
[2020-11-01T14:23:44+08:00][sql] SHOW FULL COLUMNS FROM `yh_order` [ RunTime:0.002675s ]
[2020-11-01T14:23:44+08:00][sql] INSERT INTO `yh_order` SET `user_id` = 3 , `method` = 1 , `payment` = 1 , `ordernum` = '20201101022341' , `status` = 0 , `intime` = 1604211824 [ RunTime:0.000928s ]
[2020-11-01T14:23:44+08:00][sql] SHOW FULL COLUMNS FROM `yh_information` [ RunTime:0.002361s ]
[2020-11-01T14:23:44+08:00][sql] SELECT * FROM `yh_information` WHERE  `id` = 1 LIMIT 1 [ RunTime:0.000676s ]
[2020-11-01T14:24:04+08:00][sql] CONNECT:[ UseTime:0.001525s ] mysql:host=127.0.0.1;port=3306;dbname=jifei;charset=utf8
[2020-11-01T14:24:04+08:00][sql] SHOW FULL COLUMNS FROM `yh_user` [ RunTime:0.001824s ]
[2020-11-01T14:24:04+08:00][sql] SELECT * FROM `yh_user` WHERE  `id` = 3 LIMIT 1 [ RunTime:0.000730s ]
[2020-11-01T14:24:04+08:00][sql] SHOW FULL COLUMNS FROM `yh_business` [ RunTime:0.001650s ]
[2020-11-01T14:24:04+08:00][sql] SELECT * FROM `yh_business` WHERE  `id` = 3 LIMIT 1 [ RunTime:0.000597s ]
[2020-11-01T14:24:04+08:00][sql] SHOW FULL COLUMNS FROM `yh_webpz` [ RunTime:0.001671s ]
[2020-11-01T14:24:04+08:00][sql] SELECT * FROM `yh_webpz` WHERE  `id` = 1 LIMIT 1 [ RunTime:0.000875s ]
[2020-11-01T14:24:04+08:00][sql] SHOW FULL COLUMNS FROM `yh_information` [ RunTime:0.002440s ]
[2020-11-01T14:24:04+08:00][sql] SELECT * FROM `yh_information` WHERE  `id` = 1 LIMIT 1 [ RunTime:0.000530s ]
[2020-11-01T14:24:09+08:00][sql] CONNECT:[ UseTime:0.001023s ] mysql:host=127.0.0.1;port=3306;dbname=jifei;charset=utf8
[2020-11-01T14:24:09+08:00][sql] SHOW FULL COLUMNS FROM `yh_user` [ RunTime:0.002754s ]
[2020-11-01T14:24:09+08:00][sql] SELECT * FROM `yh_user` WHERE  `id` = 3 LIMIT 1 [ RunTime:0.000922s ]
[2020-11-01T14:24:09+08:00][sql] SHOW FULL COLUMNS FROM `yh_business` [ RunTime:0.002390s ]
[2020-11-01T14:24:09+08:00][sql] SELECT * FROM `yh_business` WHERE  `id` = 3 LIMIT 1 [ RunTime:0.001281s ]
[2020-11-01T14:24:09+08:00][sql] SHOW FULL COLUMNS FROM `yh_webpz` [ RunTime:0.008833s ]
[2020-11-01T14:24:09+08:00][sql] SELECT * FROM `yh_webpz` WHERE  `id` = 1 LIMIT 1 [ RunTime:0.001107s ]
[2020-11-01T14:24:09+08:00][sql] SHOW FULL COLUMNS FROM `yh_information` [ RunTime:0.002227s ]
[2020-11-01T14:24:09+08:00][sql] SELECT * FROM `yh_information` WHERE  `id` = 1 LIMIT 1 [ RunTime:0.001341s ]
[2020-11-01T14:24:11+08:00][sql] CONNECT:[ UseTime:0.000872s ] mysql:host=127.0.0.1;port=3306;dbname=jifei;charset=utf8
[2020-11-01T14:24:11+08:00][sql] SHOW FULL COLUMNS FROM `yh_user` [ RunTime:0.006977s ]
[2020-11-01T14:24:11+08:00][sql] SELECT * FROM `yh_user` WHERE  `id` = 3 LIMIT 1 [ RunTime:0.000926s ]
[2020-11-01T14:24:11+08:00][sql] SHOW FULL COLUMNS FROM `yh_business` [ RunTime:0.002307s ]
[2020-11-01T14:24:11+08:00][sql] SELECT * FROM `yh_business` WHERE  `id` = 3 LIMIT 1 [ RunTime:0.000607s ]
[2020-11-01T14:24:11+08:00][sql] SHOW FULL COLUMNS FROM `yh_webpz` [ RunTime:0.004675s ]
[2020-11-01T14:24:11+08:00][sql] SELECT * FROM `yh_webpz` WHERE  `id` = 1 LIMIT 1 [ RunTime:0.000650s ]
[2020-11-01T14:24:12+08:00][sql] CONNECT:[ UseTime:0.001073s ] mysql:host=127.0.0.1;port=3306;dbname=jifei;charset=utf8
[2020-11-01T14:24:12+08:00][sql] SHOW FULL COLUMNS FROM `yh_user` [ RunTime:0.002509s ]
[2020-11-01T14:24:12+08:00][sql] SELECT * FROM `yh_user` WHERE  `id` = 3 LIMIT 1 [ RunTime:0.000679s ]
[2020-11-01T14:24:12+08:00][sql] SHOW FULL COLUMNS FROM `yh_business` [ RunTime:0.001885s ]
[2020-11-01T14:24:12+08:00][sql] SELECT * FROM `yh_business` WHERE  `id` = 3 LIMIT 1 [ RunTime:0.000766s ]
[2020-11-01T14:24:12+08:00][sql] SHOW FULL COLUMNS FROM `yh_webpz` [ RunTime:0.008071s ]
[2020-11-01T14:24:12+08:00][sql] SELECT * FROM `yh_webpz` WHERE  `id` = 1 LIMIT 1 [ RunTime:0.002675s ]
[2020-11-01T14:24:12+08:00][sql] SHOW FULL COLUMNS FROM `yh_information` [ RunTime:0.002115s ]
[2020-11-01T14:24:12+08:00][sql] SELECT * FROM `yh_information` WHERE  `id` = 1 LIMIT 1 [ RunTime:0.005370s ]
[2020-11-01T14:24:19+08:00][sql] CONNECT:[ UseTime:0.002491s ] mysql:host=127.0.0.1;port=3306;dbname=jifei;charset=utf8
[2020-11-01T14:24:19+08:00][sql] SHOW FULL COLUMNS FROM `yh_user` [ RunTime:0.004468s ]
[2020-11-01T14:24:19+08:00][sql] SELECT * FROM `yh_user` WHERE  `id` = 3 LIMIT 1 [ RunTime:0.001369s ]
[2020-11-01T14:24:19+08:00][sql] SHOW FULL COLUMNS FROM `yh_business` [ RunTime:0.002396s ]
[2020-11-01T14:24:19+08:00][sql] SELECT * FROM `yh_business` WHERE  `id` = 3 LIMIT 1 [ RunTime:0.000840s ]
[2020-11-01T14:24:19+08:00][sql] SHOW FULL COLUMNS FROM `yh_webpz` [ RunTime:0.002215s ]
[2020-11-01T14:24:19+08:00][sql] SELECT * FROM `yh_webpz` WHERE  `id` = 1 LIMIT 1 [ RunTime:0.000745s ]
[2020-11-01T14:24:19+08:00][sql] CONNECT:[ UseTime:0.002714s ] mysql:host=127.0.0.1;port=3306;dbname=jifei;charset=utf8
[2020-11-01T14:24:19+08:00][sql] SHOW FULL COLUMNS FROM `yh_user` [ RunTime:0.003622s ]
[2020-11-01T14:24:19+08:00][sql] SELECT * FROM `yh_user` WHERE  `id` = 3 LIMIT 1 [ RunTime:0.000790s ]
[2020-11-01T14:24:19+08:00][sql] SHOW FULL COLUMNS FROM `yh_business` [ RunTime:0.002163s ]
[2020-11-01T14:24:19+08:00][sql] SELECT * FROM `yh_business` WHERE  `id` = 3 LIMIT 1 [ RunTime:0.000710s ]
[2020-11-01T14:24:19+08:00][sql] SHOW FULL COLUMNS FROM `yh_webpz` [ RunTime:0.002183s ]
[2020-11-01T14:24:19+08:00][sql] SELECT * FROM `yh_webpz` WHERE  `id` = 1 LIMIT 1 [ RunTime:0.000684s ]
[2020-11-01T14:24:19+08:00][sql] SHOW FULL COLUMNS FROM `yh_information` [ RunTime:0.002886s ]
[2020-11-01T14:24:19+08:00][sql] SELECT * FROM `yh_information` WHERE  `id` = 1 LIMIT 1 [ RunTime:0.000775s ]
[2020-11-01T14:24:20+08:00][sql] CONNECT:[ UseTime:0.001792s ] mysql:host=127.0.0.1;port=3306;dbname=jifei;charset=utf8
[2020-11-01T14:24:20+08:00][sql] SHOW FULL COLUMNS FROM `yh_user` [ RunTime:0.002855s ]
[2020-11-01T14:24:20+08:00][sql] SELECT * FROM `yh_user` WHERE  `id` = 3 LIMIT 1 [ RunTime:0.000661s ]
[2020-11-01T14:24:20+08:00][sql] SHOW FULL COLUMNS FROM `yh_business` [ RunTime:0.002167s ]
[2020-11-01T14:24:20+08:00][sql] SELECT * FROM `yh_business` WHERE  `id` = 3 LIMIT 1 [ RunTime:0.001177s ]
[2020-11-01T14:24:20+08:00][sql] SHOW FULL COLUMNS FROM `yh_webpz` [ RunTime:0.002301s ]
[2020-11-01T14:24:20+08:00][sql] SELECT * FROM `yh_webpz` WHERE  `id` = 1 LIMIT 1 [ RunTime:0.000961s ]
[2020-11-01T14:24:21+08:00][sql] CONNECT:[ UseTime:0.001197s ] mysql:host=127.0.0.1;port=3306;dbname=jifei;charset=utf8
[2020-11-01T14:24:21+08:00][sql] SHOW FULL COLUMNS FROM `yh_user` [ RunTime:0.002861s ]
[2020-11-01T14:24:21+08:00][sql] SELECT * FROM `yh_user` WHERE  `id` = 3 LIMIT 1 [ RunTime:0.000770s ]
[2020-11-01T14:24:21+08:00][sql] SHOW FULL COLUMNS FROM `yh_business` [ RunTime:0.002308s ]
[2020-11-01T14:24:21+08:00][sql] SELECT * FROM `yh_business` WHERE  `id` = 3 LIMIT 1 [ RunTime:0.000778s ]
[2020-11-01T14:24:21+08:00][sql] SHOW FULL COLUMNS FROM `yh_webpz` [ RunTime:0.003238s ]
[2020-11-01T14:24:21+08:00][sql] SELECT * FROM `yh_webpz` WHERE  `id` = 1 LIMIT 1 [ RunTime:0.000813s ]
[2020-11-01T14:24:21+08:00][sql] SHOW FULL COLUMNS FROM `yh_meal` [ RunTime:0.011023s ]
[2020-11-01T14:24:21+08:00][sql] SELECT * FROM `yh_meal` WHERE  `status` = 1  AND `type` = 1 ORDER BY `id` DESC [ RunTime:0.000745s ]
[2020-11-01T14:24:21+08:00][sql] CONNECT:[ UseTime:0.001008s ] mysql:host=127.0.0.1;port=3306;dbname=jifei;charset=utf8
[2020-11-01T14:24:21+08:00][sql] SHOW FULL COLUMNS FROM `yh_user` [ RunTime:0.002383s ]
[2020-11-01T14:24:21+08:00][sql] SELECT * FROM `yh_user` WHERE  `id` = 3 LIMIT 1 [ RunTime:0.000624s ]
[2020-11-01T14:24:21+08:00][sql] SHOW FULL COLUMNS FROM `yh_business` [ RunTime:0.002344s ]
[2020-11-01T14:24:21+08:00][sql] SELECT * FROM `yh_business` WHERE  `id` = 3 LIMIT 1 [ RunTime:0.000764s ]
[2020-11-01T14:24:21+08:00][sql] SHOW FULL COLUMNS FROM `yh_webpz` [ RunTime:0.002335s ]
[2020-11-01T14:24:21+08:00][sql] SELECT * FROM `yh_webpz` WHERE  `id` = 1 LIMIT 1 [ RunTime:0.002115s ]
[2020-11-01T14:24:22+08:00][sql] CONNECT:[ UseTime:0.001051s ] mysql:host=127.0.0.1;port=3306;dbname=jifei;charset=utf8
[2020-11-01T14:24:22+08:00][sql] SHOW FULL COLUMNS FROM `yh_user` [ RunTime:0.002974s ]
[2020-11-01T14:24:22+08:00][sql] SELECT * FROM `yh_user` WHERE  `id` = 3 LIMIT 1 [ RunTime:0.000691s ]
[2020-11-01T14:24:22+08:00][sql] SHOW FULL COLUMNS FROM `yh_business` [ RunTime:0.001568s ]
[2020-11-01T14:24:22+08:00][sql] SELECT * FROM `yh_business` WHERE  `id` = 3 LIMIT 1 [ RunTime:0.000568s ]
[2020-11-01T14:24:22+08:00][sql] SHOW FULL COLUMNS FROM `yh_webpz` [ RunTime:0.001885s ]
[2020-11-01T14:24:22+08:00][sql] SELECT * FROM `yh_webpz` WHERE  `id` = 1 LIMIT 1 [ RunTime:0.000848s ]
[2020-11-01T14:24:22+08:00][sql] SHOW FULL COLUMNS FROM `yh_meal` [ RunTime:0.001610s ]
[2020-11-01T14:24:22+08:00][sql] SELECT * FROM `yh_meal` WHERE  `status` = 1  AND `type` = 1 ORDER BY `id` DESC [ RunTime:0.000562s ]
[2020-11-01T14:24:23+08:00][sql] CONNECT:[ UseTime:0.000920s ] mysql:host=127.0.0.1;port=3306;dbname=jifei;charset=utf8
[2020-11-01T14:24:23+08:00][sql] SHOW FULL COLUMNS FROM `yh_user` [ RunTime:0.002218s ]
[2020-11-01T14:24:23+08:00][sql] SELECT * FROM `yh_user` WHERE  `id` = 3 LIMIT 1 [ RunTime:0.000604s ]
[2020-11-01T14:24:23+08:00][sql] SHOW FULL COLUMNS FROM `yh_business` [ RunTime:0.005754s ]
[2020-11-01T14:24:23+08:00][sql] SELECT * FROM `yh_business` WHERE  `id` = 3 LIMIT 1 [ RunTime:0.000600s ]
[2020-11-01T14:24:23+08:00][sql] SHOW FULL COLUMNS FROM `yh_webpz` [ RunTime:0.001751s ]
[2020-11-01T14:24:23+08:00][sql] SELECT * FROM `yh_webpz` WHERE  `id` = 1 LIMIT 1 [ RunTime:0.000522s ]
[2020-11-01T14:24:23+08:00][sql] SHOW FULL COLUMNS FROM `yh_information` [ RunTime:0.001749s ]
[2020-11-01T14:24:23+08:00][sql] SELECT * FROM `yh_information` WHERE  `id` = 1 LIMIT 1 [ RunTime:0.000528s ]
[2020-11-01T14:24:24+08:00][sql] CONNECT:[ UseTime:0.001071s ] mysql:host=127.0.0.1;port=3306;dbname=jifei;charset=utf8
[2020-11-01T14:24:24+08:00][sql] SHOW FULL COLUMNS FROM `yh_user` [ RunTime:0.002181s ]
[2020-11-01T14:24:24+08:00][sql] SELECT * FROM `yh_user` WHERE  `id` = 3 LIMIT 1 [ RunTime:0.000761s ]
[2020-11-01T14:24:24+08:00][sql] SHOW FULL COLUMNS FROM `yh_business` [ RunTime:0.001622s ]
[2020-11-01T14:24:24+08:00][sql] SELECT * FROM `yh_business` WHERE  `id` = 3 LIMIT 1 [ RunTime:0.000600s ]
[2020-11-01T14:24:24+08:00][sql] SHOW FULL COLUMNS FROM `yh_webpz` [ RunTime:0.001963s ]
[2020-11-01T14:24:24+08:00][sql] SELECT * FROM `yh_webpz` WHERE  `id` = 1 LIMIT 1 [ RunTime:0.000645s ]
[2020-11-01T14:24:25+08:00][sql] CONNECT:[ UseTime:0.002705s ] mysql:host=127.0.0.1;port=3306;dbname=jifei;charset=utf8
[2020-11-01T14:24:25+08:00][sql] SHOW FULL COLUMNS FROM `yh_user` [ RunTime:0.002672s ]
[2020-11-01T14:24:25+08:00][sql] SELECT * FROM `yh_user` WHERE  `id` = 3 LIMIT 1 [ RunTime:0.000731s ]
[2020-11-01T14:24:25+08:00][sql] SHOW FULL COLUMNS FROM `yh_business` [ RunTime:0.001988s ]
[2020-11-01T14:24:25+08:00][sql] SELECT * FROM `yh_business` WHERE  `id` = 3 LIMIT 1 [ RunTime:0.000601s ]
[2020-11-01T14:24:25+08:00][sql] SHOW FULL COLUMNS FROM `yh_webpz` [ RunTime:0.001972s ]
[2020-11-01T14:24:25+08:00][sql] SELECT * FROM `yh_webpz` WHERE  `id` = 1 LIMIT 1 [ RunTime:0.000702s ]
[2020-11-01T14:24:29+08:00][sql] CONNECT:[ UseTime:0.001139s ] mysql:host=127.0.0.1;port=3306;dbname=jifei;charset=utf8
[2020-11-01T14:24:29+08:00][sql] SHOW FULL COLUMNS FROM `yh_user` [ RunTime:0.002925s ]
[2020-11-01T14:24:29+08:00][sql] SELECT * FROM `yh_user` WHERE  `id` = 3 LIMIT 1 [ RunTime:0.000630s ]
[2020-11-01T14:24:29+08:00][sql] SHOW FULL COLUMNS FROM `yh_business` [ RunTime:0.002019s ]
[2020-11-01T14:24:29+08:00][sql] SELECT * FROM `yh_business` WHERE  `id` = 3 LIMIT 1 [ RunTime:0.000584s ]
[2020-11-01T14:24:29+08:00][sql] SHOW FULL COLUMNS FROM `yh_webpz` [ RunTime:0.002130s ]
[2020-11-01T14:24:29+08:00][sql] SELECT * FROM `yh_webpz` WHERE  `id` = 1 LIMIT 1 [ RunTime:0.000679s ]
[2020-11-01T14:24:29+08:00][sql] SHOW FULL COLUMNS FROM `yh_information` [ RunTime:0.001590s ]
[2020-11-01T14:24:29+08:00][sql] SELECT * FROM `yh_information` WHERE  `id` = 1 LIMIT 1 [ RunTime:0.000590s ]
[2020-11-01T14:24:31+08:00][sql] CONNECT:[ UseTime:0.001246s ] mysql:host=127.0.0.1;port=3306;dbname=jifei;charset=utf8
[2020-11-01T14:24:31+08:00][sql] SHOW FULL COLUMNS FROM `yh_user` [ RunTime:0.002836s ]
[2020-11-01T14:24:31+08:00][sql] SELECT * FROM `yh_user` WHERE  `id` = 3 LIMIT 1 [ RunTime:0.000739s ]
[2020-11-01T14:24:31+08:00][sql] SHOW FULL COLUMNS FROM `yh_business` [ RunTime:0.013479s ]
[2020-11-01T14:24:31+08:00][sql] SELECT * FROM `yh_business` WHERE  `id` = 3 LIMIT 1 [ RunTime:0.000955s ]
[2020-11-01T14:24:31+08:00][sql] SHOW FULL COLUMNS FROM `yh_webpz` [ RunTime:0.002455s ]
[2020-11-01T14:24:31+08:00][sql] SELECT * FROM `yh_webpz` WHERE  `id` = 1 LIMIT 1 [ RunTime:0.000811s ]
[2020-11-01T14:24:32+08:00][sql] CONNECT:[ UseTime:0.001163s ] mysql:host=127.0.0.1;port=3306;dbname=jifei;charset=utf8
[2020-11-01T14:24:32+08:00][sql] SHOW FULL COLUMNS FROM `yh_user` [ RunTime:0.002506s ]
[2020-11-01T14:24:32+08:00][sql] SELECT * FROM `yh_user` WHERE  `id` = 3 LIMIT 1 [ RunTime:0.000712s ]
[2020-11-01T14:24:32+08:00][sql] SHOW FULL COLUMNS FROM `yh_business` [ RunTime:0.001689s ]
[2020-11-01T14:24:32+08:00][sql] SELECT * FROM `yh_business` WHERE  `id` = 3 LIMIT 1 [ RunTime:0.000583s ]
[2020-11-01T14:24:32+08:00][sql] SHOW FULL COLUMNS FROM `yh_webpz` [ RunTime:0.002793s ]
[2020-11-01T14:24:32+08:00][sql] SELECT * FROM `yh_webpz` WHERE  `id` = 1 LIMIT 1 [ RunTime:0.000852s ]
[2020-11-01T14:24:33+08:00][sql] CONNECT:[ UseTime:0.002759s ] mysql:host=127.0.0.1;port=3306;dbname=jifei;charset=utf8
[2020-11-01T14:24:33+08:00][sql] SHOW FULL COLUMNS FROM `yh_user` [ RunTime:0.002388s ]
[2020-11-01T14:24:33+08:00][sql] SELECT * FROM `yh_user` WHERE  `id` = 3 LIMIT 1 [ RunTime:0.000626s ]
[2020-11-01T14:24:33+08:00][sql] SHOW FULL COLUMNS FROM `yh_business` [ RunTime:0.001612s ]
[2020-11-01T14:24:33+08:00][sql] SELECT * FROM `yh_business` WHERE  `id` = 3 LIMIT 1 [ RunTime:0.000436s ]
[2020-11-01T14:24:33+08:00][sql] SHOW FULL COLUMNS FROM `yh_webpz` [ RunTime:0.001577s ]
[2020-11-01T14:24:33+08:00][sql] SELECT * FROM `yh_webpz` WHERE  `id` = 1 LIMIT 1 [ RunTime:0.000489s ]
[2020-11-01T14:24:35+08:00][sql] CONNECT:[ UseTime:0.001216s ] mysql:host=127.0.0.1;port=3306;dbname=jifei;charset=utf8
[2020-11-01T14:24:35+08:00][sql] SHOW FULL COLUMNS FROM `yh_user` [ RunTime:0.002332s ]
[2020-11-01T14:24:35+08:00][sql] SELECT * FROM `yh_user` WHERE  `id` = 3 LIMIT 1 [ RunTime:0.001033s ]
[2020-11-01T14:24:35+08:00][sql] SHOW FULL COLUMNS FROM `yh_business` [ RunTime:0.001988s ]
[2020-11-01T14:24:35+08:00][sql] SELECT * FROM `yh_business` WHERE  `id` = 3 LIMIT 1 [ RunTime:0.000714s ]
[2020-11-01T14:24:35+08:00][sql] SHOW FULL COLUMNS FROM `yh_webpz` [ RunTime:0.002057s ]
[2020-11-01T14:24:35+08:00][sql] SELECT * FROM `yh_webpz` WHERE  `id` = 1 LIMIT 1 [ RunTime:0.000696s ]
[2020-11-01T14:24:35+08:00][sql] SHOW FULL COLUMNS FROM `yh_information` [ RunTime:0.001936s ]
[2020-11-01T14:24:35+08:00][sql] SELECT * FROM `yh_information` WHERE  `id` = 1 LIMIT 1 [ RunTime:0.000599s ]
[2020-11-01T14:24:44+08:00][sql] CONNECT:[ UseTime:0.023340s ] mysql:host=127.0.0.1;port=3306;dbname=jifei;charset=utf8
[2020-11-01T14:24:44+08:00][sql] SHOW FULL COLUMNS FROM `yh_user` [ RunTime:0.002526s ]
[2020-11-01T14:24:44+08:00][sql] SELECT * FROM `yh_user` WHERE  `id` = 3 LIMIT 1 [ RunTime:0.000711s ]
[2020-11-01T14:24:44+08:00][sql] SHOW FULL COLUMNS FROM `yh_business` [ RunTime:0.001791s ]
[2020-11-01T14:24:44+08:00][sql] SELECT * FROM `yh_business` WHERE  `id` = 3 LIMIT 1 [ RunTime:0.005262s ]
[2020-11-01T14:24:44+08:00][sql] SHOW FULL COLUMNS FROM `yh_webpz` [ RunTime:0.002381s ]
[2020-11-01T14:24:44+08:00][sql] SELECT * FROM `yh_webpz` WHERE  `id` = 1 LIMIT 1 [ RunTime:0.000809s ]
[2020-11-01T14:24:44+08:00][sql] SHOW FULL COLUMNS FROM `yh_information` [ RunTime:0.001832s ]
[2020-11-01T14:24:44+08:00][sql] SELECT * FROM `yh_information` WHERE  `id` = 1 LIMIT 1 [ RunTime:0.001635s ]
[2020-11-01T14:25:31+08:00][sql] CONNECT:[ UseTime:0.000820s ] mysql:host=127.0.0.1;port=3306;dbname=jifei;charset=utf8
[2020-11-01T14:25:31+08:00][sql] SHOW FULL COLUMNS FROM `yh_user` [ RunTime:0.002268s ]
[2020-11-01T14:25:31+08:00][sql] SELECT * FROM `yh_user` WHERE  `id` = 3 LIMIT 1 [ RunTime:0.000587s ]
[2020-11-01T14:25:31+08:00][sql] SHOW FULL COLUMNS FROM `yh_business` [ RunTime:0.001657s ]
[2020-11-01T14:25:31+08:00][sql] SELECT * FROM `yh_business` WHERE  `id` = 3 LIMIT 1 [ RunTime:0.000532s ]
[2020-11-01T14:25:31+08:00][sql] SHOW FULL COLUMNS FROM `yh_webpz` [ RunTime:0.009371s ]
[2020-11-01T14:25:31+08:00][sql] SELECT * FROM `yh_webpz` WHERE  `id` = 1 LIMIT 1 [ RunTime:0.000947s ]
[2020-11-01T14:25:31+08:00][sql] SHOW FULL COLUMNS FROM `yh_information` [ RunTime:0.002603s ]
[2020-11-01T14:25:31+08:00][sql] SELECT * FROM `yh_information` WHERE  `id` = 1 LIMIT 1 [ RunTime:0.000761s ]
[2020-11-01T14:26:44+08:00][sql] CONNECT:[ UseTime:0.001095s ] mysql:host=127.0.0.1;port=3306;dbname=jifei;charset=utf8
[2020-11-01T14:26:44+08:00][sql] SHOW FULL COLUMNS FROM `yh_user` [ RunTime:0.002407s ]
[2020-11-01T14:26:44+08:00][sql] SELECT * FROM `yh_user` WHERE  `id` = 3 LIMIT 1 [ RunTime:0.001106s ]
[2020-11-01T14:26:44+08:00][sql] SHOW FULL COLUMNS FROM `yh_business` [ RunTime:0.003512s ]
[2020-11-01T14:26:44+08:00][sql] SELECT * FROM `yh_business` WHERE  `id` = 3 LIMIT 1 [ RunTime:0.001154s ]
[2020-11-01T14:26:44+08:00][sql] SHOW FULL COLUMNS FROM `yh_webpz` [ RunTime:0.002199s ]
[2020-11-01T14:26:44+08:00][sql] SELECT * FROM `yh_webpz` WHERE  `id` = 1 LIMIT 1 [ RunTime:0.000849s ]
[2020-11-01T14:26:44+08:00][sql] SHOW FULL COLUMNS FROM `yh_meal` [ RunTime:0.001960s ]
[2020-11-01T14:26:44+08:00][sql] SELECT * FROM `yh_meal` WHERE  `status` = 1  AND `type` = 1 ORDER BY `id` DESC [ RunTime:0.001054s ]
[2020-11-01T14:26:46+08:00][sql] CONNECT:[ UseTime:0.000934s ] mysql:host=127.0.0.1;port=3306;dbname=jifei;charset=utf8
[2020-11-01T14:26:46+08:00][sql] SHOW FULL COLUMNS FROM `yh_user` [ RunTime:0.002543s ]
[2020-11-01T14:26:46+08:00][sql] SELECT * FROM `yh_user` WHERE  `id` = 3 LIMIT 1 [ RunTime:0.001060s ]
[2020-11-01T14:26:46+08:00][sql] SHOW FULL COLUMNS FROM `yh_business` [ RunTime:0.002203s ]
[2020-11-01T14:26:46+08:00][sql] SELECT * FROM `yh_business` WHERE  `id` = 3 LIMIT 1 [ RunTime:0.000681s ]
[2020-11-01T14:26:46+08:00][sql] SHOW FULL COLUMNS FROM `yh_webpz` [ RunTime:0.001942s ]
[2020-11-01T14:26:46+08:00][sql] SELECT * FROM `yh_webpz` WHERE  `id` = 1 LIMIT 1 [ RunTime:0.000669s ]
[2020-11-01T14:26:46+08:00][sql] SHOW FULL COLUMNS FROM `yh_meal` [ RunTime:0.001762s ]
[2020-11-01T14:26:46+08:00][sql] SELECT * FROM `yh_meal` WHERE  `status` = 1  AND `type` = 2 ORDER BY `id` DESC [ RunTime:0.000651s ]
[2020-11-01T14:26:47+08:00][sql] CONNECT:[ UseTime:0.001184s ] mysql:host=127.0.0.1;port=3306;dbname=jifei;charset=utf8
[2020-11-01T14:26:47+08:00][sql] SHOW FULL COLUMNS FROM `yh_user` [ RunTime:0.002996s ]
[2020-11-01T14:26:47+08:00][sql] SELECT * FROM `yh_user` WHERE  `id` = 3 LIMIT 1 [ RunTime:0.001020s ]
[2020-11-01T14:26:47+08:00][sql] SHOW FULL COLUMNS FROM `yh_business` [ RunTime:0.001766s ]
[2020-11-01T14:26:47+08:00][sql] SELECT * FROM `yh_business` WHERE  `id` = 3 LIMIT 1 [ RunTime:0.000543s ]
[2020-11-01T14:26:47+08:00][sql] SHOW FULL COLUMNS FROM `yh_webpz` [ RunTime:0.001896s ]
[2020-11-01T14:26:47+08:00][sql] SELECT * FROM `yh_webpz` WHERE  `id` = 1 LIMIT 1 [ RunTime:0.000671s ]
[2020-11-01T14:26:47+08:00][sql] SHOW FULL COLUMNS FROM `yh_meal` [ RunTime:0.001975s ]
[2020-11-01T14:26:47+08:00][sql] SELECT * FROM `yh_meal` WHERE  `id` = 1 LIMIT 1 [ RunTime:0.000731s ]
[2020-11-01T14:26:47+08:00][sql] UPDATE `yh_user`  SET `balance` = 179  WHERE  `id` = 3 [ RunTime:0.004169s ]
[2020-11-01T14:26:47+08:00][sql] SELECT * FROM `yh_business` WHERE  `id` = 3 LIMIT 1 [ RunTime:0.000750s ]
[2020-11-01T14:26:47+08:00][sql] UPDATE `yh_business`  SET `type` = 2 , `surplus` = 1606804007  WHERE  `id` = 3 [ RunTime:0.003001s ]
[2020-11-01T14:26:47+08:00][sql] CONNECT:[ UseTime:0.001721s ] mysql:host=127.0.0.1;port=3306;dbname=jifei;charset=utf8
[2020-11-01T14:26:47+08:00][sql] SHOW FULL COLUMNS FROM `yh_user` [ RunTime:0.002477s ]
[2020-11-01T14:26:47+08:00][sql] SELECT * FROM `yh_user` WHERE  `id` = 3 LIMIT 1 [ RunTime:0.000758s ]
[2020-11-01T14:26:47+08:00][sql] SHOW FULL COLUMNS FROM `yh_business` [ RunTime:0.002075s ]
[2020-11-01T14:26:47+08:00][sql] SELECT * FROM `yh_business` WHERE  `id` = 3 LIMIT 1 [ RunTime:0.001153s ]
[2020-11-01T14:26:47+08:00][sql] SHOW FULL COLUMNS FROM `yh_webpz` [ RunTime:0.002252s ]
[2020-11-01T14:26:47+08:00][sql] SELECT * FROM `yh_webpz` WHERE  `id` = 1 LIMIT 1 [ RunTime:0.001029s ]
[2020-11-01T14:26:47+08:00][sql] SHOW FULL COLUMNS FROM `yh_meal` [ RunTime:0.002089s ]
[2020-11-01T14:26:47+08:00][sql] SELECT * FROM `yh_meal` WHERE  `status` = 1  AND `type` = 1 ORDER BY `id` DESC [ RunTime:0.000713s ]
[2020-11-01T14:26:48+08:00][sql] CONNECT:[ UseTime:0.001091s ] mysql:host=127.0.0.1;port=3306;dbname=jifei;charset=utf8
[2020-11-01T14:26:48+08:00][sql] SHOW FULL COLUMNS FROM `yh_user` [ RunTime:0.002599s ]
[2020-11-01T14:26:48+08:00][sql] SELECT * FROM `yh_user` WHERE  `id` = 3 LIMIT 1 [ RunTime:0.000704s ]
[2020-11-01T14:26:48+08:00][sql] SHOW FULL COLUMNS FROM `yh_business` [ RunTime:0.002030s ]
[2020-11-01T14:26:48+08:00][sql] SELECT * FROM `yh_business` WHERE  `id` = 3 LIMIT 1 [ RunTime:0.000613s ]
[2020-11-01T14:26:48+08:00][sql] SHOW FULL COLUMNS FROM `yh_webpz` [ RunTime:0.003525s ]
[2020-11-01T14:26:48+08:00][sql] SELECT * FROM `yh_webpz` WHERE  `id` = 1 LIMIT 1 [ RunTime:0.000694s ]
[2020-11-01T14:26:48+08:00][sql] SHOW FULL COLUMNS FROM `yh_information` [ RunTime:0.002083s ]
[2020-11-01T14:26:48+08:00][sql] SELECT * FROM `yh_information` WHERE  `id` = 1 LIMIT 1 [ RunTime:0.000609s ]
[2020-11-01T14:26:50+08:00][sql] CONNECT:[ UseTime:0.006863s ] mysql:host=127.0.0.1;port=3306;dbname=jifei;charset=utf8
[2020-11-01T14:26:50+08:00][sql] SHOW FULL COLUMNS FROM `yh_user` [ RunTime:0.002559s ]
[2020-11-01T14:26:50+08:00][sql] SELECT * FROM `yh_user` WHERE  `id` = 3 LIMIT 1 [ RunTime:0.001967s ]
[2020-11-01T14:26:50+08:00][sql] SHOW FULL COLUMNS FROM `yh_business` [ RunTime:0.002023s ]
[2020-11-01T14:26:50+08:00][sql] SELECT * FROM `yh_business` WHERE  `id` = 3 LIMIT 1 [ RunTime:0.001227s ]
[2020-11-01T14:26:50+08:00][sql] SHOW FULL COLUMNS FROM `yh_webpz` [ RunTime:0.002078s ]
[2020-11-01T14:26:50+08:00][sql] SELECT * FROM `yh_webpz` WHERE  `id` = 1 LIMIT 1 [ RunTime:0.001504s ]
[2020-11-01T14:26:50+08:00][sql] SHOW FULL COLUMNS FROM `yh_information` [ RunTime:0.001876s ]
[2020-11-01T14:26:50+08:00][sql] SELECT * FROM `yh_information` WHERE  `id` = 1 LIMIT 1 [ RunTime:0.000860s ]
[2020-11-01T14:26:51+08:00][sql] CONNECT:[ UseTime:0.000957s ] mysql:host=127.0.0.1;port=3306;dbname=jifei;charset=utf8
[2020-11-01T14:26:51+08:00][sql] SHOW FULL COLUMNS FROM `yh_user` [ RunTime:0.002458s ]
[2020-11-01T14:26:51+08:00][sql] SELECT * FROM `yh_user` WHERE  `id` = 3 LIMIT 1 [ RunTime:0.000629s ]
[2020-11-01T14:26:51+08:00][sql] SHOW FULL COLUMNS FROM `yh_business` [ RunTime:0.001936s ]
[2020-11-01T14:26:51+08:00][sql] SELECT * FROM `yh_business` WHERE  `id` = 3 LIMIT 1 [ RunTime:0.000539s ]
[2020-11-01T14:26:51+08:00][sql] SHOW FULL COLUMNS FROM `yh_webpz` [ RunTime:0.002182s ]
[2020-11-01T14:26:51+08:00][sql] SELECT * FROM `yh_webpz` WHERE  `id` = 1 LIMIT 1 [ RunTime:0.000675s ]
[2020-11-01T14:26:51+08:00][sql] SHOW FULL COLUMNS FROM `yh_information` [ RunTime:0.001967s ]
[2020-11-01T14:26:51+08:00][sql] SELECT * FROM `yh_information` WHERE  `id` = 1 LIMIT 1 [ RunTime:0.000621s ]
[2020-11-01T14:28:16+08:00][sql] CONNECT:[ UseTime:0.000858s ] mysql:host=127.0.0.1;port=3306;dbname=jifei;charset=utf8
[2020-11-01T14:28:16+08:00][sql] SHOW FULL COLUMNS FROM `yh_user` [ RunTime:0.002414s ]
[2020-11-01T14:28:16+08:00][sql] SELECT * FROM `yh_user` WHERE  `id` = 3 LIMIT 1 [ RunTime:0.003811s ]
[2020-11-01T14:28:16+08:00][sql] SHOW FULL COLUMNS FROM `yh_business` [ RunTime:0.001609s ]
[2020-11-01T14:28:16+08:00][sql] SELECT * FROM `yh_business` WHERE  `id` = 3 LIMIT 1 [ RunTime:0.000422s ]
[2020-11-01T14:28:16+08:00][sql] SHOW FULL COLUMNS FROM `yh_webpz` [ RunTime:0.001709s ]
[2020-11-01T14:28:16+08:00][sql] SELECT * FROM `yh_webpz` WHERE  `id` = 1 LIMIT 1 [ RunTime:0.000477s ]
[2020-11-01T14:28:16+08:00][sql] SHOW FULL COLUMNS FROM `yh_information` [ RunTime:0.005644s ]
[2020-11-01T14:28:16+08:00][sql] SELECT * FROM `yh_information` WHERE  `id` = 1 LIMIT 1 [ RunTime:0.000797s ]
[2020-11-01T14:29:17+08:00][sql] CONNECT:[ UseTime:0.001650s ] mysql:host=127.0.0.1;port=3306;dbname=jifei;charset=utf8
[2020-11-01T14:29:17+08:00][sql] SHOW FULL COLUMNS FROM `yh_user` [ RunTime:0.003260s ]
[2020-11-01T14:29:17+08:00][sql] SELECT * FROM `yh_user` WHERE  `id` = 3 LIMIT 1 [ RunTime:0.000767s ]
[2020-11-01T14:29:17+08:00][sql] SHOW FULL COLUMNS FROM `yh_business` [ RunTime:0.002627s ]
[2020-11-01T14:29:17+08:00][sql] SELECT * FROM `yh_business` WHERE  `id` = 3 LIMIT 1 [ RunTime:0.000673s ]
[2020-11-01T14:29:17+08:00][sql] SHOW FULL COLUMNS FROM `yh_webpz` [ RunTime:0.001925s ]
[2020-11-01T14:29:17+08:00][sql] SELECT * FROM `yh_webpz` WHERE  `id` = 1 LIMIT 1 [ RunTime:0.000725s ]
[2020-11-01T14:29:17+08:00][sql] SHOW FULL COLUMNS FROM `yh_information` [ RunTime:0.001979s ]
[2020-11-01T14:29:17+08:00][sql] SELECT * FROM `yh_information` WHERE  `id` = 1 LIMIT 1 [ RunTime:0.000685s ]
[2020-11-01T18:15:31+08:00][sql] CONNECT:[ UseTime:0.001618s ] mysql:host=127.0.0.1;port=3306;dbname=jifei;charset=utf8
[2020-11-01T18:15:31+08:00][sql] SHOW FULL COLUMNS FROM `yh_webpz` [ RunTime:0.002601s ]
[2020-11-01T18:15:31+08:00][sql] SELECT * FROM `yh_webpz` WHERE  `id` = 1 LIMIT 1 [ RunTime:0.000766s ]
[2020-11-01T18:15:35+08:00][sql] CONNECT:[ UseTime:0.017728s ] mysql:host=127.0.0.1;port=3306;dbname=jifei;charset=utf8
[2020-11-01T18:15:35+08:00][sql] SHOW FULL COLUMNS FROM `yh_webpz` [ RunTime:0.002961s ]
[2020-11-01T18:15:35+08:00][sql] SELECT * FROM `yh_webpz` WHERE  `id` = 1 LIMIT 1 [ RunTime:0.004452s ]
[2020-11-01T18:15:35+08:00][sql] SHOW FULL COLUMNS FROM `yh_user` [ RunTime:0.005312s ]
[2020-11-01T18:15:35+08:00][sql] SELECT * FROM `yh_user` WHERE  `username` = '1178350505'  AND `password` = 'e10adc3949ba59abbe56e057f20f883e' LIMIT 1 [ RunTime:0.000860s ]
[2020-11-01T18:15:35+08:00][sql] CONNECT:[ UseTime:0.001085s ] mysql:host=127.0.0.1;port=3306;dbname=jifei;charset=utf8
[2020-11-01T18:15:35+08:00][sql] SHOW FULL COLUMNS FROM `yh_user` [ RunTime:0.002753s ]
[2020-11-01T18:15:35+08:00][sql] SELECT * FROM `yh_user` WHERE  `id` = 3 LIMIT 1 [ RunTime:0.000688s ]
[2020-11-01T18:15:35+08:00][sql] SHOW FULL COLUMNS FROM `yh_business` [ RunTime:0.002613s ]
[2020-11-01T18:15:35+08:00][sql] SELECT * FROM `yh_business` WHERE  `id` = 3 LIMIT 1 [ RunTime:0.000659s ]
[2020-11-01T18:15:35+08:00][sql] SHOW FULL COLUMNS FROM `yh_webpz` [ RunTime:0.002170s ]
[2020-11-01T18:15:35+08:00][sql] SELECT * FROM `yh_webpz` WHERE  `id` = 1 LIMIT 1 [ RunTime:0.000690s ]
[2020-11-01T18:15:35+08:00][sql] SHOW FULL COLUMNS FROM `yh_information` [ RunTime:0.002482s ]
[2020-11-01T18:15:35+08:00][sql] SELECT * FROM `yh_information` WHERE  `id` = 1 LIMIT 1 [ RunTime:0.008013s ]
[2020-11-01T20:04:55+08:00][sql] CONNECT:[ UseTime:0.002135s ] mysql:host=127.0.0.1;port=3306;dbname=jifei;charset=utf8
[2020-11-01T20:04:55+08:00][sql] SHOW FULL COLUMNS FROM `yh_webpz` [ RunTime:0.002914s ]
[2020-11-01T20:04:55+08:00][sql] SELECT * FROM `yh_webpz` WHERE  `id` = 1 LIMIT 1 [ RunTime:0.000998s ]
[2020-11-01T20:04:59+08:00][sql] CONNECT:[ UseTime:0.000963s ] mysql:host=127.0.0.1;port=3306;dbname=jifei;charset=utf8
[2020-11-01T20:04:59+08:00][sql] SHOW FULL COLUMNS FROM `yh_webpz` [ RunTime:0.002496s ]
[2020-11-01T20:04:59+08:00][sql] SELECT * FROM `yh_webpz` WHERE  `id` = 1 LIMIT 1 [ RunTime:0.001015s ]
[2020-11-01T20:04:59+08:00][sql] SHOW FULL COLUMNS FROM `yh_user` [ RunTime:0.002089s ]
[2020-11-01T20:04:59+08:00][sql] SELECT * FROM `yh_user` WHERE  `username` = '1178350505'  AND `password` = 'e10adc3949ba59abbe56e057f20f883e' LIMIT 1 [ RunTime:0.000644s ]
[2020-11-01T20:04:59+08:00][sql] CONNECT:[ UseTime:0.001011s ] mysql:host=127.0.0.1;port=3306;dbname=jifei;charset=utf8
[2020-11-01T20:04:59+08:00][sql] SHOW FULL COLUMNS FROM `yh_user` [ RunTime:0.002459s ]
[2020-11-01T20:04:59+08:00][sql] SELECT * FROM `yh_user` WHERE  `id` = 3 LIMIT 1 [ RunTime:0.000687s ]
[2020-11-01T20:04:59+08:00][sql] SHOW FULL COLUMNS FROM `yh_business` [ RunTime:0.001888s ]
[2020-11-01T20:04:59+08:00][sql] SELECT * FROM `yh_business` WHERE  `id` = 3 LIMIT 1 [ RunTime:0.000550s ]
[2020-11-01T20:04:59+08:00][sql] SHOW FULL COLUMNS FROM `yh_webpz` [ RunTime:0.002280s ]
[2020-11-01T20:04:59+08:00][sql] SELECT * FROM `yh_webpz` WHERE  `id` = 1 LIMIT 1 [ RunTime:0.000736s ]
[2020-11-01T20:04:59+08:00][sql] SHOW FULL COLUMNS FROM `yh_information` [ RunTime:0.001894s ]
[2020-11-01T20:04:59+08:00][sql] SELECT * FROM `yh_information` WHERE  `id` = 1 LIMIT 1 [ RunTime:0.000602s ]
[2020-11-01T20:05:02+08:00][sql] CONNECT:[ UseTime:0.001113s ] mysql:host=127.0.0.1;port=3306;dbname=jifei;charset=utf8
[2020-11-01T20:05:02+08:00][sql] SHOW FULL COLUMNS FROM `yh_user` [ RunTime:0.002762s ]
[2020-11-01T20:05:02+08:00][sql] SELECT * FROM `yh_user` WHERE  `id` = 3 LIMIT 1 [ RunTime:0.000733s ]
[2020-11-01T20:05:02+08:00][sql] SHOW FULL COLUMNS FROM `yh_business` [ RunTime:0.002036s ]
[2020-11-01T20:05:02+08:00][sql] SELECT * FROM `yh_business` WHERE  `id` = 3 LIMIT 1 [ RunTime:0.000578s ]
[2020-11-01T20:05:02+08:00][sql] SHOW FULL COLUMNS FROM `yh_webpz` [ RunTime:0.002038s ]
[2020-11-01T20:05:02+08:00][sql] SELECT * FROM `yh_webpz` WHERE  `id` = 1 LIMIT 1 [ RunTime:0.000660s ]
[2020-11-01T20:05:03+08:00][sql] CONNECT:[ UseTime:0.002804s ] mysql:host=127.0.0.1;port=3306;dbname=jifei;charset=utf8
[2020-11-01T20:05:03+08:00][sql] SHOW FULL COLUMNS FROM `yh_user` [ RunTime:0.003244s ]
[2020-11-01T20:05:03+08:00][sql] SELECT * FROM `yh_user` WHERE  `id` = 3 LIMIT 1 [ RunTime:0.000914s ]
[2020-11-01T20:05:03+08:00][sql] SHOW FULL COLUMNS FROM `yh_business` [ RunTime:0.004104s ]
[2020-11-01T20:05:03+08:00][sql] SELECT * FROM `yh_business` WHERE  `id` = 3 LIMIT 1 [ RunTime:0.000775s ]
[2020-11-01T20:05:03+08:00][sql] SHOW FULL COLUMNS FROM `yh_webpz` [ RunTime:0.002245s ]
[2020-11-01T20:05:03+08:00][sql] SELECT * FROM `yh_webpz` WHERE  `id` = 1 LIMIT 1 [ RunTime:0.000640s ]
[2020-11-01T20:05:03+08:00][sql] CONNECT:[ UseTime:0.004841s ] mysql:host=127.0.0.1;port=3306;dbname=jifei;charset=utf8
[2020-11-01T20:05:03+08:00][sql] SHOW FULL COLUMNS FROM `yh_user` [ RunTime:0.003745s ]
[2020-11-01T20:05:03+08:00][sql] SELECT * FROM `yh_user` WHERE  `id` = 3 LIMIT 1 [ RunTime:0.000973s ]
[2020-11-01T20:05:03+08:00][sql] SHOW FULL COLUMNS FROM `yh_business` [ RunTime:0.002415s ]
[2020-11-01T20:05:03+08:00][sql] SELECT * FROM `yh_business` WHERE  `id` = 3 LIMIT 1 [ RunTime:0.000726s ]
[2020-11-01T20:05:03+08:00][sql] SHOW FULL COLUMNS FROM `yh_webpz` [ RunTime:0.003192s ]
[2020-11-01T20:05:03+08:00][sql] SELECT * FROM `yh_webpz` WHERE  `id` = 1 LIMIT 1 [ RunTime:0.000839s ]
[2020-11-01T20:05:03+08:00][sql] SHOW FULL COLUMNS FROM `yh_meal` [ RunTime:0.002275s ]
[2020-11-01T20:05:03+08:00][sql] SELECT * FROM `yh_meal` WHERE  `status` = 1  AND `type` = 1 ORDER BY `id` DESC [ RunTime:0.001436s ]
[2020-11-01T20:05:05+08:00][sql] CONNECT:[ UseTime:0.003739s ] mysql:host=127.0.0.1;port=3306;dbname=jifei;charset=utf8
[2020-11-01T20:05:05+08:00][sql] SHOW FULL COLUMNS FROM `yh_user` [ RunTime:0.027252s ]
[2020-11-01T20:05:05+08:00][sql] SELECT * FROM `yh_user` WHERE  `id` = 3 LIMIT 1 [ RunTime:0.000834s ]
[2020-11-01T20:05:05+08:00][sql] SHOW FULL COLUMNS FROM `yh_business` [ RunTime:0.008506s ]
[2020-11-01T20:05:05+08:00][sql] SELECT * FROM `yh_business` WHERE  `id` = 3 LIMIT 1 [ RunTime:0.000763s ]
[2020-11-01T20:05:05+08:00][sql] SHOW FULL COLUMNS FROM `yh_webpz` [ RunTime:0.003719s ]
[2020-11-01T20:05:05+08:00][sql] SELECT * FROM `yh_webpz` WHERE  `id` = 1 LIMIT 1 [ RunTime:0.002154s ]
[2020-11-01T20:05:05+08:00][sql] SHOW FULL COLUMNS FROM `yh_meal` [ RunTime:0.004225s ]
[2020-11-01T20:05:05+08:00][sql] SELECT * FROM `yh_meal` WHERE  `status` = 1  AND `type` = 2 ORDER BY `id` DESC [ RunTime:0.000849s ]
[2020-11-01T20:05:30+08:00][sql] CONNECT:[ UseTime:0.004714s ] mysql:host=127.0.0.1;port=3306;dbname=jifei;charset=utf8
[2020-11-01T20:05:30+08:00][sql] SHOW FULL COLUMNS FROM `yh_user` [ RunTime:0.003802s ]
[2020-11-01T20:05:30+08:00][sql] SELECT * FROM `yh_user` WHERE  `id` = 3 LIMIT 1 [ RunTime:0.000992s ]
[2020-11-01T20:05:30+08:00][sql] SHOW FULL COLUMNS FROM `yh_business` [ RunTime:0.003201s ]
[2020-11-01T20:05:30+08:00][sql] SELECT * FROM `yh_business` WHERE  `id` = 3 LIMIT 1 [ RunTime:0.001239s ]
[2020-11-01T20:05:30+08:00][sql] SHOW FULL COLUMNS FROM `yh_webpz` [ RunTime:0.004022s ]
[2020-11-01T20:05:30+08:00][sql] SELECT * FROM `yh_webpz` WHERE  `id` = 1 LIMIT 1 [ RunTime:0.000957s ]
[2020-11-01T20:05:30+08:00][sql] SHOW FULL COLUMNS FROM `yh_information` [ RunTime:0.002328s ]
[2020-11-01T20:05:30+08:00][sql] SELECT * FROM `yh_information` WHERE  `id` = 1 LIMIT 1 [ RunTime:0.000763s ]
