[2020-11-04T09:09:04+08:00][sql] CONNECT:[ UseTime:0.002976s ] mysql:host=127.0.0.1;port=3306;dbname=jifei;charset=utf8
[2020-11-04T09:09:04+08:00][sql] SHOW FULL COLUMNS FROM `yh_webpz` [ RunTime:0.005840s ]
[2020-11-04T09:09:04+08:00][sql] SELECT * FROM `yh_webpz` WHERE  `id` = 1 LIMIT 1 [ RunTime:0.002017s ]
[2020-11-04T09:09:14+08:00][sql] CONNECT:[ UseTime:0.000826s ] mysql:host=127.0.0.1;port=3306;dbname=jifei;charset=utf8
[2020-11-04T09:09:14+08:00][sql] SHOW FULL COLUMNS FROM `yh_webpz` [ RunTime:0.002517s ]
[2020-11-04T09:09:14+08:00][sql] SELECT * FROM `yh_webpz` WHERE  `id` = 1 LIMIT 1 [ RunTime:0.000527s ]
[2020-11-04T09:09:14+08:00][sql] SHOW FULL COLUMNS FROM `yh_user` [ RunTime:0.001840s ]
[2020-11-04T09:09:14+08:00][sql] SELECT * FROM `yh_user` WHERE  `username` = '1178350505'  AND `password` = 'e10adc3949ba59abbe56e057f20f883e' LIMIT 1 [ RunTime:0.000703s ]
[2020-11-04T09:09:14+08:00][sql] CONNECT:[ UseTime:0.004415s ] mysql:host=127.0.0.1;port=3306;dbname=jifei;charset=utf8
[2020-11-04T09:09:14+08:00][sql] SHOW FULL COLUMNS FROM `yh_user` [ RunTime:0.010404s ]
[2020-11-04T09:09:14+08:00][sql] SELECT * FROM `yh_user` WHERE  `id` = 3 LIMIT 1 [ RunTime:0.004085s ]
[2020-11-04T09:09:14+08:00][sql] SHOW FULL COLUMNS FROM `yh_business` [ RunTime:0.004230s ]
[2020-11-04T09:09:14+08:00][sql] SELECT * FROM `yh_business` WHERE  `id` = 3 LIMIT 1 [ RunTime:0.000981s ]
[2020-11-04T09:09:14+08:00][sql] SHOW FULL COLUMNS FROM `yh_webpz` [ RunTime:0.003318s ]
[2020-11-04T09:09:14+08:00][sql] SELECT * FROM `yh_webpz` WHERE  `id` = 1 LIMIT 1 [ RunTime:0.000946s ]
[2020-11-04T09:09:14+08:00][sql] SHOW FULL COLUMNS FROM `yh_information` [ RunTime:0.002481s ]
[2020-11-04T09:09:14+08:00][sql] SELECT * FROM `yh_information` WHERE  `id` = 1 LIMIT 1 [ RunTime:0.000847s ]
[2020-11-04T09:09:19+08:00][sql] CONNECT:[ UseTime:0.003021s ] mysql:host=127.0.0.1;port=3306;dbname=jifei;charset=utf8
[2020-11-04T09:09:19+08:00][sql] SHOW FULL COLUMNS FROM `yh_user` [ RunTime:0.005157s ]
[2020-11-04T09:09:19+08:00][sql] SELECT * FROM `yh_user` WHERE  `id` = 3 LIMIT 1 [ RunTime:0.000815s ]
[2020-11-04T09:09:19+08:00][sql] SHOW FULL COLUMNS FROM `yh_business` [ RunTime:0.001871s ]
[2020-11-04T09:09:19+08:00][sql] SELECT * FROM `yh_business` WHERE  `id` = 3 LIMIT 1 [ RunTime:0.000677s ]
[2020-11-04T09:09:19+08:00][sql] SHOW FULL COLUMNS FROM `yh_webpz` [ RunTime:0.002104s ]
[2020-11-04T09:09:19+08:00][sql] SELECT * FROM `yh_webpz` WHERE  `id` = 1 LIMIT 1 [ RunTime:0.000657s ]
[2020-11-04T09:09:19+08:00][sql] SHOW FULL COLUMNS FROM `yh_information` [ RunTime:0.001921s ]
[2020-11-04T09:09:19+08:00][sql] SELECT * FROM `yh_information` WHERE  `id` = 1 LIMIT 1 [ RunTime:0.000626s ]
[2020-11-04T09:09:19+08:00][sql] CONNECT:[ UseTime:0.001471s ] mysql:host=127.0.0.1;port=3306;dbname=jifei;charset=utf8
[2020-11-04T09:09:19+08:00][sql] SHOW FULL COLUMNS FROM `yh_user` [ RunTime:0.003371s ]
[2020-11-04T09:09:19+08:00][sql] SELECT * FROM `yh_user` WHERE  `id` = 3 LIMIT 1 [ RunTime:0.001830s ]
[2020-11-04T09:09:19+08:00][sql] SHOW FULL COLUMNS FROM `yh_business` [ RunTime:0.011492s ]
[2020-11-04T09:09:19+08:00][sql] SELECT * FROM `yh_business` WHERE  `id` = 3 LIMIT 1 [ RunTime:0.001053s ]
[2020-11-04T09:09:19+08:00][sql] SHOW FULL COLUMNS FROM `yh_webpz` [ RunTime:0.002458s ]
[2020-11-04T09:09:19+08:00][sql] SELECT * FROM `yh_webpz` WHERE  `id` = 1 LIMIT 1 [ RunTime:0.004457s ]
[2020-11-04T09:09:21+08:00][sql] CONNECT:[ UseTime:0.001404s ] mysql:host=127.0.0.1;port=3306;dbname=jifei;charset=utf8
[2020-11-04T09:09:21+08:00][sql] SHOW FULL COLUMNS FROM `yh_user` [ RunTime:0.006257s ]
[2020-11-04T09:09:21+08:00][sql] SELECT * FROM `yh_user` WHERE  `id` = 3 LIMIT 1 [ RunTime:0.003902s ]
[2020-11-04T09:09:21+08:00][sql] SHOW FULL COLUMNS FROM `yh_business` [ RunTime:0.004658s ]
[2020-11-04T09:09:21+08:00][sql] SELECT * FROM `yh_business` WHERE  `id` = 3 LIMIT 1 [ RunTime:0.000520s ]
[2020-11-04T09:09:21+08:00][sql] SHOW FULL COLUMNS FROM `yh_webpz` [ RunTime:0.001850s ]
[2020-11-04T09:09:21+08:00][sql] SELECT * FROM `yh_webpz` WHERE  `id` = 1 LIMIT 1 [ RunTime:0.000537s ]
[2020-11-04T09:09:22+08:00][sql] CONNECT:[ UseTime:0.000968s ] mysql:host=127.0.0.1;port=3306;dbname=jifei;charset=utf8
[2020-11-04T09:09:22+08:00][sql] SHOW FULL COLUMNS FROM `yh_user` [ RunTime:0.002858s ]
[2020-11-04T09:09:22+08:00][sql] SELECT * FROM `yh_user` WHERE  `id` = 3 LIMIT 1 [ RunTime:0.000664s ]
[2020-11-04T09:09:22+08:00][sql] SHOW FULL COLUMNS FROM `yh_business` [ RunTime:0.002258s ]
[2020-11-04T09:09:22+08:00][sql] SELECT * FROM `yh_business` WHERE  `id` = 3 LIMIT 1 [ RunTime:0.007606s ]
[2020-11-04T09:09:22+08:00][sql] SHOW FULL COLUMNS FROM `yh_webpz` [ RunTime:0.004689s ]
[2020-11-04T09:09:22+08:00][sql] SELECT * FROM `yh_webpz` WHERE  `id` = 1 LIMIT 1 [ RunTime:0.001293s ]
[2020-11-04T09:09:24+08:00][sql] CONNECT:[ UseTime:0.002709s ] mysql:host=127.0.0.1;port=3306;dbname=jifei;charset=utf8
[2020-11-04T09:09:24+08:00][sql] SHOW FULL COLUMNS FROM `yh_user` [ RunTime:0.004053s ]
[2020-11-04T09:09:24+08:00][sql] SELECT * FROM `yh_user` WHERE  `id` = 3 LIMIT 1 [ RunTime:0.000865s ]
[2020-11-04T09:09:24+08:00][sql] SHOW FULL COLUMNS FROM `yh_business` [ RunTime:0.002415s ]
[2020-11-04T09:09:24+08:00][sql] SELECT * FROM `yh_business` WHERE  `id` = 3 LIMIT 1 [ RunTime:0.001591s ]
[2020-11-04T09:09:24+08:00][sql] SHOW FULL COLUMNS FROM `yh_webpz` [ RunTime:0.004339s ]
[2020-11-04T09:09:24+08:00][sql] SELECT * FROM `yh_webpz` WHERE  `id` = 1 LIMIT 1 [ RunTime:0.000790s ]
[2020-11-04T09:09:24+08:00][sql] CONNECT:[ UseTime:0.001142s ] mysql:host=127.0.0.1;port=3306;dbname=jifei;charset=utf8
[2020-11-04T09:09:24+08:00][sql] SHOW FULL COLUMNS FROM `yh_user` [ RunTime:0.006476s ]
[2020-11-04T09:09:24+08:00][sql] SELECT * FROM `yh_user` WHERE  `id` = 3 LIMIT 1 [ RunTime:0.001182s ]
[2020-11-04T09:09:24+08:00][sql] SHOW FULL COLUMNS FROM `yh_business` [ RunTime:0.002885s ]
[2020-11-04T09:09:24+08:00][sql] SELECT * FROM `yh_business` WHERE  `id` = 3 LIMIT 1 [ RunTime:0.000896s ]
[2020-11-04T09:09:24+08:00][sql] SHOW FULL COLUMNS FROM `yh_webpz` [ RunTime:0.003135s ]
[2020-11-04T09:09:24+08:00][sql] SELECT * FROM `yh_webpz` WHERE  `id` = 1 LIMIT 1 [ RunTime:0.000727s ]
[2020-11-04T09:09:24+08:00][sql] SHOW FULL COLUMNS FROM `yh_meal` [ RunTime:0.004193s ]
[2020-11-04T09:09:24+08:00][sql] SELECT * FROM `yh_meal` WHERE  `status` = 1  AND `type` = 1 ORDER BY `id` DESC [ RunTime:0.001253s ]
[2020-11-04T09:09:25+08:00][sql] CONNECT:[ UseTime:0.002829s ] mysql:host=127.0.0.1;port=3306;dbname=jifei;charset=utf8
[2020-11-04T09:09:25+08:00][sql] SHOW FULL COLUMNS FROM `yh_user` [ RunTime:0.002936s ]
[2020-11-04T09:09:25+08:00][sql] SELECT * FROM `yh_user` WHERE  `id` = 3 LIMIT 1 [ RunTime:0.000859s ]
[2020-11-04T09:09:25+08:00][sql] SHOW FULL COLUMNS FROM `yh_business` [ RunTime:0.002437s ]
[2020-11-04T09:09:25+08:00][sql] SELECT * FROM `yh_business` WHERE  `id` = 3 LIMIT 1 [ RunTime:0.000585s ]
[2020-11-04T09:09:25+08:00][sql] SHOW FULL COLUMNS FROM `yh_webpz` [ RunTime:0.002167s ]
[2020-11-04T09:09:25+08:00][sql] SELECT * FROM `yh_webpz` WHERE  `id` = 1 LIMIT 1 [ RunTime:0.000744s ]
[2020-11-04T09:09:27+08:00][sql] CONNECT:[ UseTime:0.004266s ] mysql:host=127.0.0.1;port=3306;dbname=jifei;charset=utf8
[2020-11-04T09:09:27+08:00][sql] SHOW FULL COLUMNS FROM `yh_user` [ RunTime:0.005711s ]
[2020-11-04T09:09:27+08:00][sql] SELECT * FROM `yh_user` WHERE  `id` = 3 LIMIT 1 [ RunTime:0.003724s ]
[2020-11-04T09:09:27+08:00][sql] SHOW FULL COLUMNS FROM `yh_business` [ RunTime:0.008289s ]
[2020-11-04T09:09:27+08:00][sql] SELECT * FROM `yh_business` WHERE  `id` = 3 LIMIT 1 [ RunTime:0.000881s ]
[2020-11-04T09:09:27+08:00][sql] SHOW FULL COLUMNS FROM `yh_webpz` [ RunTime:0.002570s ]
[2020-11-04T09:09:27+08:00][sql] SELECT * FROM `yh_webpz` WHERE  `id` = 1 LIMIT 1 [ RunTime:0.000714s ]
[2020-11-04T09:09:28+08:00][sql] CONNECT:[ UseTime:0.002077s ] mysql:host=127.0.0.1;port=3306;dbname=jifei;charset=utf8
[2020-11-04T09:09:28+08:00][sql] SHOW FULL COLUMNS FROM `yh_user` [ RunTime:0.005532s ]
[2020-11-04T09:09:28+08:00][sql] SELECT * FROM `yh_user` WHERE  `id` = 3 LIMIT 1 [ RunTime:0.002131s ]
[2020-11-04T09:09:28+08:00][sql] SHOW FULL COLUMNS FROM `yh_business` [ RunTime:0.005176s ]
[2020-11-04T09:09:28+08:00][sql] SELECT * FROM `yh_business` WHERE  `id` = 3 LIMIT 1 [ RunTime:0.005199s ]
[2020-11-04T09:09:28+08:00][sql] SHOW FULL COLUMNS FROM `yh_webpz` [ RunTime:0.005391s ]
[2020-11-04T09:09:28+08:00][sql] SELECT * FROM `yh_webpz` WHERE  `id` = 1 LIMIT 1 [ RunTime:0.001989s ]
[2020-11-04T09:09:29+08:00][sql] CONNECT:[ UseTime:0.001462s ] mysql:host=127.0.0.1;port=3306;dbname=jifei;charset=utf8
[2020-11-04T09:09:29+08:00][sql] SHOW FULL COLUMNS FROM `yh_user` [ RunTime:0.003743s ]
[2020-11-04T09:09:29+08:00][sql] SELECT * FROM `yh_user` WHERE  `id` = 3 LIMIT 1 [ RunTime:0.000770s ]
[2020-11-04T09:09:29+08:00][sql] SHOW FULL COLUMNS FROM `yh_business` [ RunTime:0.003378s ]
[2020-11-04T09:09:29+08:00][sql] SELECT * FROM `yh_business` WHERE  `id` = 3 LIMIT 1 [ RunTime:0.000933s ]
[2020-11-04T09:09:29+08:00][sql] SHOW FULL COLUMNS FROM `yh_webpz` [ RunTime:0.002241s ]
[2020-11-04T09:09:29+08:00][sql] SELECT * FROM `yh_webpz` WHERE  `id` = 1 LIMIT 1 [ RunTime:0.001736s ]
[2020-11-04T09:11:46+08:00][sql] CONNECT:[ UseTime:0.001789s ] mysql:host=127.0.0.1;port=3306;dbname=jifei;charset=utf8
[2020-11-04T09:11:46+08:00][sql] SHOW FULL COLUMNS FROM `yh_user` [ RunTime:0.003663s ]
[2020-11-04T09:11:46+08:00][sql] SELECT * FROM `yh_user` WHERE  `id` = 3 LIMIT 1 [ RunTime:0.000633s ]
[2020-11-04T09:11:46+08:00][sql] SHOW FULL COLUMNS FROM `yh_business` [ RunTime:0.001876s ]
[2020-11-04T09:11:46+08:00][sql] SELECT * FROM `yh_business` WHERE  `id` = 3 LIMIT 1 [ RunTime:0.000807s ]
[2020-11-04T09:11:46+08:00][sql] SHOW FULL COLUMNS FROM `yh_webpz` [ RunTime:0.001827s ]
[2020-11-04T09:11:46+08:00][sql] SELECT * FROM `yh_webpz` WHERE  `id` = 1 LIMIT 1 [ RunTime:0.000498s ]
[2020-11-04T09:12:05+08:00][sql] CONNECT:[ UseTime:0.001116s ] mysql:host=127.0.0.1;port=3306;dbname=jifei;charset=utf8
[2020-11-04T09:12:05+08:00][sql] SHOW FULL COLUMNS FROM `yh_user` [ RunTime:0.002554s ]
[2020-11-04T09:12:05+08:00][sql] SELECT * FROM `yh_user` WHERE  `id` = 3 LIMIT 1 [ RunTime:0.000667s ]
[2020-11-04T09:12:05+08:00][sql] SHOW FULL COLUMNS FROM `yh_business` [ RunTime:0.003544s ]
[2020-11-04T09:12:05+08:00][sql] SELECT * FROM `yh_business` WHERE  `id` = 3 LIMIT 1 [ RunTime:0.000573s ]
[2020-11-04T09:12:05+08:00][sql] SHOW FULL COLUMNS FROM `yh_webpz` [ RunTime:0.002132s ]
[2020-11-04T09:12:05+08:00][sql] SELECT * FROM `yh_webpz` WHERE  `id` = 1 LIMIT 1 [ RunTime:0.000975s ]
[2020-11-04T09:12:05+08:00][error] [8]未定义变量: username[/www/wwwroot/jifei.ymcx.shop/runtime/user/temp/054dfb5f988813f04ad5fca25869761a.php:241]
[2020-11-04T09:13:53+08:00][sql] CONNECT:[ UseTime:0.001543s ] mysql:host=127.0.0.1;port=3306;dbname=jifei;charset=utf8
[2020-11-04T09:13:53+08:00][sql] SHOW FULL COLUMNS FROM `yh_user` [ RunTime:0.003123s ]
[2020-11-04T09:13:53+08:00][sql] SELECT * FROM `yh_user` WHERE  `id` = 3 LIMIT 1 [ RunTime:0.000780s ]
[2020-11-04T09:13:53+08:00][sql] SHOW FULL COLUMNS FROM `yh_business` [ RunTime:0.001872s ]
[2020-11-04T09:13:53+08:00][sql] SELECT * FROM `yh_business` WHERE  `id` = 3 LIMIT 1 [ RunTime:0.000625s ]
[2020-11-04T09:13:53+08:00][sql] SHOW FULL COLUMNS FROM `yh_webpz` [ RunTime:0.002177s ]
[2020-11-04T09:13:53+08:00][sql] SELECT * FROM `yh_webpz` WHERE  `id` = 1 LIMIT 1 [ RunTime:0.000630s ]
[2020-11-04T09:14:12+08:00][sql] CONNECT:[ UseTime:0.001587s ] mysql:host=127.0.0.1;port=3306;dbname=jifei;charset=utf8
[2020-11-04T09:14:12+08:00][sql] SHOW FULL COLUMNS FROM `yh_user` [ RunTime:0.003118s ]
[2020-11-04T09:14:12+08:00][sql] SELECT * FROM `yh_user` WHERE  `id` = 3 LIMIT 1 [ RunTime:0.000730s ]
[2020-11-04T09:14:12+08:00][sql] SHOW FULL COLUMNS FROM `yh_business` [ RunTime:0.002433s ]
[2020-11-04T09:14:12+08:00][sql] SELECT * FROM `yh_business` WHERE  `id` = 3 LIMIT 1 [ RunTime:0.000554s ]
[2020-11-04T09:14:12+08:00][sql] SHOW FULL COLUMNS FROM `yh_webpz` [ RunTime:0.003589s ]
[2020-11-04T09:14:12+08:00][sql] SELECT * FROM `yh_webpz` WHERE  `id` = 1 LIMIT 1 [ RunTime:0.001218s ]
[2020-11-04T09:14:13+08:00][sql] CONNECT:[ UseTime:0.001461s ] mysql:host=127.0.0.1;port=3306;dbname=jifei;charset=utf8
[2020-11-04T09:14:13+08:00][sql] SHOW FULL COLUMNS FROM `yh_user` [ RunTime:0.002971s ]
[2020-11-04T09:14:13+08:00][sql] SELECT * FROM `yh_user` WHERE  `id` = 3 LIMIT 1 [ RunTime:0.000860s ]
[2020-11-04T09:14:13+08:00][sql] SHOW FULL COLUMNS FROM `yh_business` [ RunTime:0.002974s ]
[2020-11-04T09:14:13+08:00][sql] SELECT * FROM `yh_business` WHERE  `id` = 3 LIMIT 1 [ RunTime:0.000693s ]
[2020-11-04T09:14:13+08:00][sql] SHOW FULL COLUMNS FROM `yh_webpz` [ RunTime:0.001977s ]
[2020-11-04T09:14:13+08:00][sql] SELECT * FROM `yh_webpz` WHERE  `id` = 1 LIMIT 1 [ RunTime:0.000767s ]
[2020-11-04T09:14:28+08:00][sql] CONNECT:[ UseTime:0.001168s ] mysql:host=127.0.0.1;port=3306;dbname=jifei;charset=utf8
[2020-11-04T09:14:28+08:00][sql] SHOW FULL COLUMNS FROM `yh_user` [ RunTime:0.002689s ]
[2020-11-04T09:14:28+08:00][sql] SELECT * FROM `yh_user` WHERE  `id` = 3 LIMIT 1 [ RunTime:0.000942s ]
[2020-11-04T09:14:28+08:00][sql] SHOW FULL COLUMNS FROM `yh_business` [ RunTime:0.002686s ]
[2020-11-04T09:14:28+08:00][sql] SELECT * FROM `yh_business` WHERE  `id` = 3 LIMIT 1 [ RunTime:0.001796s ]
[2020-11-04T09:14:28+08:00][sql] SHOW FULL COLUMNS FROM `yh_webpz` [ RunTime:0.002251s ]
[2020-11-04T09:14:28+08:00][sql] SELECT * FROM `yh_webpz` WHERE  `id` = 1 LIMIT 1 [ RunTime:0.000854s ]
[2020-11-04T09:14:58+08:00][sql] CONNECT:[ UseTime:0.004427s ] mysql:host=127.0.0.1;port=3306;dbname=jifei;charset=utf8
[2020-11-04T09:14:58+08:00][sql] SHOW FULL COLUMNS FROM `yh_user` [ RunTime:0.004644s ]
[2020-11-04T09:14:58+08:00][sql] SELECT * FROM `yh_user` WHERE  `id` = 3 LIMIT 1 [ RunTime:0.000672s ]
[2020-11-04T09:14:58+08:00][sql] SHOW FULL COLUMNS FROM `yh_business` [ RunTime:0.002237s ]
[2020-11-04T09:14:58+08:00][sql] SELECT * FROM `yh_business` WHERE  `id` = 3 LIMIT 1 [ RunTime:0.000760s ]
[2020-11-04T09:14:58+08:00][sql] SHOW FULL COLUMNS FROM `yh_webpz` [ RunTime:0.002307s ]
[2020-11-04T09:14:58+08:00][sql] SELECT * FROM `yh_webpz` WHERE  `id` = 1 LIMIT 1 [ RunTime:0.000840s ]
[2020-11-04T09:14:59+08:00][sql] CONNECT:[ UseTime:0.003009s ] mysql:host=127.0.0.1;port=3306;dbname=jifei;charset=utf8
[2020-11-04T09:14:59+08:00][sql] SHOW FULL COLUMNS FROM `yh_user` [ RunTime:0.006123s ]
[2020-11-04T09:14:59+08:00][sql] SELECT * FROM `yh_user` WHERE  `id` = 3 LIMIT 1 [ RunTime:0.001292s ]
[2020-11-04T09:14:59+08:00][sql] SHOW FULL COLUMNS FROM `yh_business` [ RunTime:0.001989s ]
[2020-11-04T09:14:59+08:00][sql] SELECT * FROM `yh_business` WHERE  `id` = 3 LIMIT 1 [ RunTime:0.000727s ]
[2020-11-04T09:14:59+08:00][sql] SHOW FULL COLUMNS FROM `yh_webpz` [ RunTime:0.002289s ]
[2020-11-04T09:14:59+08:00][sql] SELECT * FROM `yh_webpz` WHERE  `id` = 1 LIMIT 1 [ RunTime:0.000802s ]
[2020-11-04T09:14:59+08:00][sql] SHOW FULL COLUMNS FROM `yh_information` [ RunTime:0.002161s ]
[2020-11-04T09:14:59+08:00][sql] SELECT * FROM `yh_information` WHERE  `id` = 1 LIMIT 1 [ RunTime:0.000825s ]
[2020-11-04T09:15:01+08:00][sql] CONNECT:[ UseTime:0.003273s ] mysql:host=127.0.0.1;port=3306;dbname=jifei;charset=utf8
[2020-11-04T09:15:01+08:00][sql] SHOW FULL COLUMNS FROM `yh_user` [ RunTime:0.002356s ]
[2020-11-04T09:15:01+08:00][sql] SELECT * FROM `yh_user` WHERE  `id` = 3 LIMIT 1 [ RunTime:0.000623s ]
[2020-11-04T09:15:01+08:00][sql] SHOW FULL COLUMNS FROM `yh_business` [ RunTime:0.001564s ]
[2020-11-04T09:15:01+08:00][sql] SELECT * FROM `yh_business` WHERE  `id` = 3 LIMIT 1 [ RunTime:0.000493s ]
[2020-11-04T09:15:01+08:00][sql] SHOW FULL COLUMNS FROM `yh_webpz` [ RunTime:0.001950s ]
[2020-11-04T09:15:01+08:00][sql] SELECT * FROM `yh_webpz` WHERE  `id` = 1 LIMIT 1 [ RunTime:0.000515s ]
[2020-11-04T09:15:02+08:00][sql] CONNECT:[ UseTime:0.001507s ] mysql:host=127.0.0.1;port=3306;dbname=jifei;charset=utf8
[2020-11-04T09:15:02+08:00][sql] SHOW FULL COLUMNS FROM `yh_user` [ RunTime:0.007433s ]
[2020-11-04T09:15:02+08:00][sql] SELECT * FROM `yh_user` WHERE  `id` = 3 LIMIT 1 [ RunTime:0.001201s ]
[2020-11-04T09:15:02+08:00][sql] SHOW FULL COLUMNS FROM `yh_business` [ RunTime:0.001733s ]
[2020-11-04T09:15:02+08:00][sql] SELECT * FROM `yh_business` WHERE  `id` = 3 LIMIT 1 [ RunTime:0.000723s ]
[2020-11-04T09:15:02+08:00][sql] SHOW FULL COLUMNS FROM `yh_webpz` [ RunTime:0.001692s ]
[2020-11-04T09:15:02+08:00][sql] SELECT * FROM `yh_webpz` WHERE  `id` = 1 LIMIT 1 [ RunTime:0.000581s ]
[2020-11-04T09:15:02+08:00][sql] CONNECT:[ UseTime:0.001628s ] mysql:host=127.0.0.1;port=3306;dbname=jifei;charset=utf8
[2020-11-04T09:15:02+08:00][sql] SHOW FULL COLUMNS FROM `yh_user` [ RunTime:0.005522s ]
[2020-11-04T09:15:02+08:00][sql] SELECT * FROM `yh_user` WHERE  `id` = 3 LIMIT 1 [ RunTime:0.000667s ]
[2020-11-04T09:15:02+08:00][sql] SHOW FULL COLUMNS FROM `yh_business` [ RunTime:0.001773s ]
[2020-11-04T09:15:02+08:00][sql] SELECT * FROM `yh_business` WHERE  `id` = 3 LIMIT 1 [ RunTime:0.000551s ]
[2020-11-04T09:15:02+08:00][sql] SHOW FULL COLUMNS FROM `yh_webpz` [ RunTime:0.002069s ]
[2020-11-04T09:15:02+08:00][sql] SELECT * FROM `yh_webpz` WHERE  `id` = 1 LIMIT 1 [ RunTime:0.000621s ]
[2020-11-04T09:15:03+08:00][sql] CONNECT:[ UseTime:0.001386s ] mysql:host=127.0.0.1;port=3306;dbname=jifei;charset=utf8
[2020-11-04T09:15:03+08:00][sql] SHOW FULL COLUMNS FROM `yh_user` [ RunTime:0.002438s ]
[2020-11-04T09:15:03+08:00][sql] SELECT * FROM `yh_user` WHERE  `id` = 3 LIMIT 1 [ RunTime:0.003915s ]
[2020-11-04T09:15:03+08:00][sql] SHOW FULL COLUMNS FROM `yh_business` [ RunTime:0.001900s ]
[2020-11-04T09:15:03+08:00][sql] SELECT * FROM `yh_business` WHERE  `id` = 3 LIMIT 1 [ RunTime:0.000571s ]
[2020-11-04T09:15:03+08:00][sql] SHOW FULL COLUMNS FROM `yh_webpz` [ RunTime:0.003396s ]
[2020-11-04T09:15:03+08:00][sql] SELECT * FROM `yh_webpz` WHERE  `id` = 1 LIMIT 1 [ RunTime:0.009629s ]
[2020-11-04T09:15:03+08:00][sql] SHOW FULL COLUMNS FROM `yh_record` [ RunTime:0.001680s ]
[2020-11-04T09:15:03+08:00][sql] SELECT COUNT(*) AS think_count FROM `yh_record` WHERE  `uid` = 37409 [ RunTime:0.001418s ]
[2020-11-04T09:15:03+08:00][sql] SELECT * FROM `yh_record` WHERE  `uid` = 37409 ORDER BY `id` DESC LIMIT 0,10 [ RunTime:0.000509s ]
[2020-11-04T09:15:05+08:00][sql] CONNECT:[ UseTime:0.001115s ] mysql:host=127.0.0.1;port=3306;dbname=jifei;charset=utf8
[2020-11-04T09:15:05+08:00][sql] SHOW FULL COLUMNS FROM `yh_user` [ RunTime:0.002466s ]
[2020-11-04T09:15:05+08:00][sql] SELECT * FROM `yh_user` WHERE  `id` = 3 LIMIT 1 [ RunTime:0.000949s ]
[2020-11-04T09:15:05+08:00][sql] SHOW FULL COLUMNS FROM `yh_business` [ RunTime:0.002019s ]
[2020-11-04T09:15:05+08:00][sql] SELECT * FROM `yh_business` WHERE  `id` = 3 LIMIT 1 [ RunTime:0.000594s ]
[2020-11-04T09:15:05+08:00][sql] SHOW FULL COLUMNS FROM `yh_webpz` [ RunTime:0.002582s ]
[2020-11-04T09:15:05+08:00][sql] SELECT * FROM `yh_webpz` WHERE  `id` = 1 LIMIT 1 [ RunTime:0.002569s ]
[2020-11-04T09:15:05+08:00][sql] SHOW FULL COLUMNS FROM `yh_record` [ RunTime:0.002729s ]
[2020-11-04T09:15:05+08:00][sql] SELECT COUNT(*) AS think_count FROM `yh_record` WHERE  `uid` = 37409 [ RunTime:0.000619s ]
[2020-11-04T09:15:05+08:00][sql] SELECT * FROM `yh_record` WHERE  `uid` = 37409 ORDER BY `id` DESC LIMIT 10,10 [ RunTime:0.003923s ]
[2020-11-04T09:15:08+08:00][sql] CONNECT:[ UseTime:0.001200s ] mysql:host=127.0.0.1;port=3306;dbname=jifei;charset=utf8
[2020-11-04T09:15:08+08:00][sql] SHOW FULL COLUMNS FROM `yh_user` [ RunTime:0.002753s ]
[2020-11-04T09:15:08+08:00][sql] SELECT * FROM `yh_user` WHERE  `id` = 3 LIMIT 1 [ RunTime:0.000595s ]
[2020-11-04T09:15:08+08:00][sql] SHOW FULL COLUMNS FROM `yh_business` [ RunTime:0.001917s ]
[2020-11-04T09:15:08+08:00][sql] SELECT * FROM `yh_business` WHERE  `id` = 3 LIMIT 1 [ RunTime:0.000636s ]
[2020-11-04T09:15:08+08:00][sql] SHOW FULL COLUMNS FROM `yh_webpz` [ RunTime:0.005051s ]
[2020-11-04T09:15:08+08:00][sql] SELECT * FROM `yh_webpz` WHERE  `id` = 1 LIMIT 1 [ RunTime:0.003074s ]
[2020-11-04T09:15:08+08:00][sql] SHOW FULL COLUMNS FROM `yh_record` [ RunTime:0.004458s ]
[2020-11-04T09:15:08+08:00][sql] SELECT COUNT(*) AS think_count FROM `yh_record` WHERE  `uid` = 37409 [ RunTime:0.004172s ]
[2020-11-04T09:15:08+08:00][sql] SELECT * FROM `yh_record` WHERE  `uid` = 37409 ORDER BY `id` DESC LIMIT 20,10 [ RunTime:0.000743s ]
[2020-11-04T09:15:08+08:00][sql] CONNECT:[ UseTime:0.005699s ] mysql:host=127.0.0.1;port=3306;dbname=jifei;charset=utf8
[2020-11-04T09:15:08+08:00][sql] SHOW FULL COLUMNS FROM `yh_user` [ RunTime:0.008531s ]
[2020-11-04T09:15:08+08:00][sql] SELECT * FROM `yh_user` WHERE  `id` = 3 LIMIT 1 [ RunTime:0.002635s ]
[2020-11-04T09:15:08+08:00][sql] SHOW FULL COLUMNS FROM `yh_business` [ RunTime:0.005204s ]
[2020-11-04T09:15:08+08:00][sql] SELECT * FROM `yh_business` WHERE  `id` = 3 LIMIT 1 [ RunTime:0.001381s ]
[2020-11-04T09:15:08+08:00][sql] SHOW FULL COLUMNS FROM `yh_webpz` [ RunTime:0.002250s ]
[2020-11-04T09:15:08+08:00][sql] SELECT * FROM `yh_webpz` WHERE  `id` = 1 LIMIT 1 [ RunTime:0.004773s ]
[2020-11-04T09:15:08+08:00][sql] SHOW FULL COLUMNS FROM `yh_record` [ RunTime:0.013598s ]
[2020-11-04T09:15:08+08:00][sql] SELECT COUNT(*) AS think_count FROM `yh_record` WHERE  `uid` = 37409 [ RunTime:0.002955s ]
[2020-11-04T09:15:08+08:00][sql] SELECT * FROM `yh_record` WHERE  `uid` = 37409 ORDER BY `id` DESC LIMIT 30,10 [ RunTime:0.000834s ]
[2020-11-04T09:15:09+08:00][sql] CONNECT:[ UseTime:0.001071s ] mysql:host=127.0.0.1;port=3306;dbname=jifei;charset=utf8
[2020-11-04T09:15:09+08:00][sql] SHOW FULL COLUMNS FROM `yh_user` [ RunTime:0.002669s ]
[2020-11-04T09:15:09+08:00][sql] SELECT * FROM `yh_user` WHERE  `id` = 3 LIMIT 1 [ RunTime:0.000728s ]
[2020-11-04T09:15:09+08:00][sql] SHOW FULL COLUMNS FROM `yh_business` [ RunTime:0.002221s ]
[2020-11-04T09:15:09+08:00][sql] SELECT * FROM `yh_business` WHERE  `id` = 3 LIMIT 1 [ RunTime:0.005294s ]
[2020-11-04T09:15:09+08:00][sql] SHOW FULL COLUMNS FROM `yh_webpz` [ RunTime:0.002623s ]
[2020-11-04T09:15:09+08:00][sql] SELECT * FROM `yh_webpz` WHERE  `id` = 1 LIMIT 1 [ RunTime:0.000610s ]
[2020-11-04T09:15:09+08:00][sql] SHOW FULL COLUMNS FROM `yh_record` [ RunTime:0.002138s ]
[2020-11-04T09:15:09+08:00][sql] SELECT COUNT(*) AS think_count FROM `yh_record` WHERE  `uid` = 37409 [ RunTime:0.000633s ]
[2020-11-04T09:15:09+08:00][sql] SELECT * FROM `yh_record` WHERE  `uid` = 37409 ORDER BY `id` DESC LIMIT 40,10 [ RunTime:0.000643s ]
[2020-11-04T09:15:10+08:00][sql] CONNECT:[ UseTime:0.008248s ] mysql:host=127.0.0.1;port=3306;dbname=jifei;charset=utf8
[2020-11-04T09:15:10+08:00][sql] SHOW FULL COLUMNS FROM `yh_user` [ RunTime:0.002928s ]
[2020-11-04T09:15:10+08:00][sql] SELECT * FROM `yh_user` WHERE  `id` = 3 LIMIT 1 [ RunTime:0.000854s ]
[2020-11-04T09:15:10+08:00][sql] SHOW FULL COLUMNS FROM `yh_business` [ RunTime:0.004131s ]
[2020-11-04T09:15:10+08:00][sql] SELECT * FROM `yh_business` WHERE  `id` = 3 LIMIT 1 [ RunTime:0.000784s ]
[2020-11-04T09:15:10+08:00][sql] SHOW FULL COLUMNS FROM `yh_webpz` [ RunTime:0.005595s ]
[2020-11-04T09:15:10+08:00][sql] SELECT * FROM `yh_webpz` WHERE  `id` = 1 LIMIT 1 [ RunTime:0.000806s ]
[2020-11-04T09:15:10+08:00][sql] SHOW FULL COLUMNS FROM `yh_record` [ RunTime:0.003091s ]
[2020-11-04T09:15:10+08:00][sql] SELECT COUNT(*) AS think_count FROM `yh_record` WHERE  `uid` = 37409 [ RunTime:0.000854s ]
[2020-11-04T09:15:10+08:00][sql] SELECT * FROM `yh_record` WHERE  `uid` = 37409 ORDER BY `id` DESC LIMIT 50,10 [ RunTime:0.000867s ]
[2020-11-04T09:15:10+08:00][sql] CONNECT:[ UseTime:0.006568s ] mysql:host=127.0.0.1;port=3306;dbname=jifei;charset=utf8
[2020-11-04T09:15:10+08:00][sql] SHOW FULL COLUMNS FROM `yh_user` [ RunTime:0.006782s ]
[2020-11-04T09:15:10+08:00][sql] SELECT * FROM `yh_user` WHERE  `id` = 3 LIMIT 1 [ RunTime:0.004457s ]
[2020-11-04T09:15:10+08:00][sql] SHOW FULL COLUMNS FROM `yh_business` [ RunTime:0.002168s ]
[2020-11-04T09:15:10+08:00][sql] SELECT * FROM `yh_business` WHERE  `id` = 3 LIMIT 1 [ RunTime:0.000579s ]
[2020-11-04T09:15:10+08:00][sql] SHOW FULL COLUMNS FROM `yh_webpz` [ RunTime:0.002311s ]
[2020-11-04T09:15:10+08:00][sql] SELECT * FROM `yh_webpz` WHERE  `id` = 1 LIMIT 1 [ RunTime:0.000938s ]
[2020-11-04T09:15:10+08:00][sql] SHOW FULL COLUMNS FROM `yh_record` [ RunTime:0.002157s ]
[2020-11-04T09:15:10+08:00][sql] SELECT COUNT(*) AS think_count FROM `yh_record` WHERE  `uid` = 37409 [ RunTime:0.000749s ]
[2020-11-04T09:15:10+08:00][sql] SELECT * FROM `yh_record` WHERE  `uid` = 37409 ORDER BY `id` DESC LIMIT 60,10 [ RunTime:0.000801s ]
[2020-11-04T09:15:11+08:00][sql] CONNECT:[ UseTime:0.001182s ] mysql:host=127.0.0.1;port=3306;dbname=jifei;charset=utf8
[2020-11-04T09:15:11+08:00][sql] SHOW FULL COLUMNS FROM `yh_user` [ RunTime:0.002536s ]
[2020-11-04T09:15:11+08:00][sql] SELECT * FROM `yh_user` WHERE  `id` = 3 LIMIT 1 [ RunTime:0.000660s ]
[2020-11-04T09:15:11+08:00][sql] SHOW FULL COLUMNS FROM `yh_business` [ RunTime:0.001871s ]
[2020-11-04T09:15:11+08:00][sql] SELECT * FROM `yh_business` WHERE  `id` = 3 LIMIT 1 [ RunTime:0.004117s ]
[2020-11-04T09:15:11+08:00][sql] SHOW FULL COLUMNS FROM `yh_webpz` [ RunTime:0.005160s ]
[2020-11-04T09:15:11+08:00][sql] SELECT * FROM `yh_webpz` WHERE  `id` = 1 LIMIT 1 [ RunTime:0.000599s ]
[2020-11-04T09:15:11+08:00][sql] SHOW FULL COLUMNS FROM `yh_record` [ RunTime:0.007054s ]
[2020-11-04T09:15:11+08:00][sql] SELECT COUNT(*) AS think_count FROM `yh_record` WHERE  `uid` = 37409 [ RunTime:0.001300s ]
[2020-11-04T09:15:11+08:00][sql] SELECT * FROM `yh_record` WHERE  `uid` = 37409 ORDER BY `id` DESC LIMIT 70,10 [ RunTime:0.001725s ]
[2020-11-04T09:15:11+08:00][sql] CONNECT:[ UseTime:0.001479s ] mysql:host=127.0.0.1;port=3306;dbname=jifei;charset=utf8
[2020-11-04T09:15:11+08:00][sql] SHOW FULL COLUMNS FROM `yh_user` [ RunTime:0.007972s ]
[2020-11-04T09:15:11+08:00][sql] SELECT * FROM `yh_user` WHERE  `id` = 3 LIMIT 1 [ RunTime:0.000672s ]
[2020-11-04T09:15:11+08:00][sql] SHOW FULL COLUMNS FROM `yh_business` [ RunTime:0.002122s ]
[2020-11-04T09:15:11+08:00][sql] SELECT * FROM `yh_business` WHERE  `id` = 3 LIMIT 1 [ RunTime:0.000571s ]
[2020-11-04T09:15:11+08:00][sql] SHOW FULL COLUMNS FROM `yh_webpz` [ RunTime:0.005440s ]
[2020-11-04T09:15:11+08:00][sql] SELECT * FROM `yh_webpz` WHERE  `id` = 1 LIMIT 1 [ RunTime:0.000797s ]
[2020-11-04T09:15:11+08:00][sql] SHOW FULL COLUMNS FROM `yh_record` [ RunTime:0.002547s ]
[2020-11-04T09:15:11+08:00][sql] SELECT COUNT(*) AS think_count FROM `yh_record` WHERE  `uid` = 37409 [ RunTime:0.000757s ]
[2020-11-04T09:15:11+08:00][sql] SELECT * FROM `yh_record` WHERE  `uid` = 37409 ORDER BY `id` DESC LIMIT 80,10 [ RunTime:0.001134s ]
[2020-11-04T09:15:11+08:00][sql] CONNECT:[ UseTime:0.002911s ] mysql:host=127.0.0.1;port=3306;dbname=jifei;charset=utf8
[2020-11-04T09:15:11+08:00][sql] SHOW FULL COLUMNS FROM `yh_user` [ RunTime:0.003420s ]
[2020-11-04T09:15:11+08:00][sql] SELECT * FROM `yh_user` WHERE  `id` = 3 LIMIT 1 [ RunTime:0.000801s ]
[2020-11-04T09:15:11+08:00][sql] SHOW FULL COLUMNS FROM `yh_business` [ RunTime:0.002147s ]
[2020-11-04T09:15:11+08:00][sql] SELECT * FROM `yh_business` WHERE  `id` = 3 LIMIT 1 [ RunTime:0.000774s ]
[2020-11-04T09:15:11+08:00][sql] SHOW FULL COLUMNS FROM `yh_webpz` [ RunTime:0.002342s ]
[2020-11-04T09:15:11+08:00][sql] SELECT * FROM `yh_webpz` WHERE  `id` = 1 LIMIT 1 [ RunTime:0.000727s ]
[2020-11-04T09:15:11+08:00][sql] SHOW FULL COLUMNS FROM `yh_record` [ RunTime:0.002219s ]
[2020-11-04T09:15:11+08:00][sql] SELECT COUNT(*) AS think_count FROM `yh_record` WHERE  `uid` = 37409 [ RunTime:0.000733s ]
[2020-11-04T09:15:11+08:00][sql] SELECT * FROM `yh_record` WHERE  `uid` = 37409 ORDER BY `id` DESC LIMIT 80,10 [ RunTime:0.005877s ]
[2020-11-04T09:15:13+08:00][sql] CONNECT:[ UseTime:0.004313s ] mysql:host=127.0.0.1;port=3306;dbname=jifei;charset=utf8
[2020-11-04T09:15:13+08:00][sql] SHOW FULL COLUMNS FROM `yh_user` [ RunTime:0.009586s ]
[2020-11-04T09:15:13+08:00][sql] SELECT * FROM `yh_user` WHERE  `id` = 3 LIMIT 1 [ RunTime:0.001310s ]
[2020-11-04T09:15:13+08:00][sql] SHOW FULL COLUMNS FROM `yh_business` [ RunTime:0.003456s ]
[2020-11-04T09:15:13+08:00][sql] SELECT * FROM `yh_business` WHERE  `id` = 3 LIMIT 1 [ RunTime:0.000914s ]
[2020-11-04T09:15:13+08:00][sql] SHOW FULL COLUMNS FROM `yh_webpz` [ RunTime:0.002968s ]
[2020-11-04T09:15:13+08:00][sql] SELECT * FROM `yh_webpz` WHERE  `id` = 1 LIMIT 1 [ RunTime:0.000789s ]
[2020-11-04T09:15:13+08:00][sql] SHOW FULL COLUMNS FROM `yh_record` [ RunTime:0.002347s ]
[2020-11-04T09:15:13+08:00][sql] SELECT COUNT(*) AS think_count FROM `yh_record` WHERE  `uid` = 37409 [ RunTime:0.003454s ]
[2020-11-04T09:15:13+08:00][sql] SELECT * FROM `yh_record` WHERE  `uid` = 37409 ORDER BY `id` DESC LIMIT 0,10 [ RunTime:0.000607s ]
[2020-11-04T09:15:16+08:00][sql] CONNECT:[ UseTime:0.001193s ] mysql:host=127.0.0.1;port=3306;dbname=jifei;charset=utf8
[2020-11-04T09:15:16+08:00][sql] SHOW FULL COLUMNS FROM `yh_user` [ RunTime:0.002313s ]
[2020-11-04T09:15:16+08:00][sql] SELECT * FROM `yh_user` WHERE  `id` = 3 LIMIT 1 [ RunTime:0.001285s ]
[2020-11-04T09:15:16+08:00][sql] SHOW FULL COLUMNS FROM `yh_business` [ RunTime:0.002733s ]
[2020-11-04T09:15:16+08:00][sql] SELECT * FROM `yh_business` WHERE  `id` = 3 LIMIT 1 [ RunTime:0.000890s ]
[2020-11-04T09:15:16+08:00][sql] SHOW FULL COLUMNS FROM `yh_webpz` [ RunTime:0.004602s ]
[2020-11-04T09:15:16+08:00][sql] SELECT * FROM `yh_webpz` WHERE  `id` = 1 LIMIT 1 [ RunTime:0.000818s ]
[2020-11-04T09:15:16+08:00][sql] SHOW FULL COLUMNS FROM `yh_information` [ RunTime:0.002400s ]
[2020-11-04T09:15:16+08:00][sql] SELECT * FROM `yh_information` WHERE  `id` = 1 LIMIT 1 [ RunTime:0.000581s ]
[2020-11-04T09:15:20+08:00][sql] CONNECT:[ UseTime:0.000977s ] mysql:host=127.0.0.1;port=3306;dbname=jifei;charset=utf8
[2020-11-04T09:15:20+08:00][sql] SHOW FULL COLUMNS FROM `yh_user` [ RunTime:0.003038s ]
[2020-11-04T09:15:20+08:00][sql] SELECT * FROM `yh_user` WHERE  `id` = 3 LIMIT 1 [ RunTime:0.000769s ]
[2020-11-04T09:15:20+08:00][sql] SHOW FULL COLUMNS FROM `yh_business` [ RunTime:0.001947s ]
[2020-11-04T09:15:20+08:00][sql] SELECT * FROM `yh_business` WHERE  `id` = 3 LIMIT 1 [ RunTime:0.000699s ]
[2020-11-04T09:15:20+08:00][sql] SHOW FULL COLUMNS FROM `yh_webpz` [ RunTime:0.001639s ]
[2020-11-04T09:15:20+08:00][sql] SELECT * FROM `yh_webpz` WHERE  `id` = 1 LIMIT 1 [ RunTime:0.000634s ]
[2020-11-04T09:15:20+08:00][sql] CONNECT:[ UseTime:0.001108s ] mysql:host=127.0.0.1;port=3306;dbname=jifei;charset=utf8
[2020-11-04T09:15:20+08:00][sql] SHOW FULL COLUMNS FROM `yh_user` [ RunTime:0.002343s ]
[2020-11-04T09:15:20+08:00][sql] SELECT * FROM `yh_user` WHERE  `id` = 3 LIMIT 1 [ RunTime:0.000640s ]
[2020-11-04T09:15:20+08:00][sql] SHOW FULL COLUMNS FROM `yh_business` [ RunTime:0.002109s ]
[2020-11-04T09:15:20+08:00][sql] SELECT * FROM `yh_business` WHERE  `id` = 3 LIMIT 1 [ RunTime:0.000623s ]
[2020-11-04T09:15:20+08:00][sql] SHOW FULL COLUMNS FROM `yh_webpz` [ RunTime:0.002080s ]
[2020-11-04T09:15:20+08:00][sql] SELECT * FROM `yh_webpz` WHERE  `id` = 1 LIMIT 1 [ RunTime:0.000573s ]
[2020-11-04T09:15:22+08:00][sql] CONNECT:[ UseTime:0.001240s ] mysql:host=127.0.0.1;port=3306;dbname=jifei;charset=utf8
[2020-11-04T09:15:22+08:00][sql] SHOW FULL COLUMNS FROM `yh_user` [ RunTime:0.004312s ]
[2020-11-04T09:15:22+08:00][sql] SELECT * FROM `yh_user` WHERE  `id` = 3 LIMIT 1 [ RunTime:0.000695s ]
[2020-11-04T09:15:22+08:00][sql] SHOW FULL COLUMNS FROM `yh_business` [ RunTime:0.001927s ]
[2020-11-04T09:15:22+08:00][sql] SELECT * FROM `yh_business` WHERE  `id` = 3 LIMIT 1 [ RunTime:0.002062s ]
[2020-11-04T09:15:22+08:00][sql] SHOW FULL COLUMNS FROM `yh_webpz` [ RunTime:0.002388s ]
[2020-11-04T09:15:22+08:00][sql] SELECT * FROM `yh_webpz` WHERE  `id` = 1 LIMIT 1 [ RunTime:0.000593s ]
[2020-11-04T09:15:22+08:00][sql] SHOW FULL COLUMNS FROM `yh_meal` [ RunTime:0.002117s ]
[2020-11-04T09:15:22+08:00][sql] SELECT * FROM `yh_meal` WHERE  `status` = 1  AND `type` = 1 ORDER BY `id` DESC [ RunTime:0.000662s ]
[2020-11-04T09:15:22+08:00][sql] CONNECT:[ UseTime:0.002649s ] mysql:host=127.0.0.1;port=3306;dbname=jifei;charset=utf8
[2020-11-04T09:15:22+08:00][sql] SHOW FULL COLUMNS FROM `yh_user` [ RunTime:0.002652s ]
[2020-11-04T09:15:22+08:00][sql] SELECT * FROM `yh_user` WHERE  `id` = 3 LIMIT 1 [ RunTime:0.000771s ]
[2020-11-04T09:15:22+08:00][sql] SHOW FULL COLUMNS FROM `yh_business` [ RunTime:0.002907s ]
[2020-11-04T09:15:22+08:00][sql] SELECT * FROM `yh_business` WHERE  `id` = 3 LIMIT 1 [ RunTime:0.002402s ]
[2020-11-04T09:15:22+08:00][sql] SHOW FULL COLUMNS FROM `yh_webpz` [ RunTime:0.002443s ]
[2020-11-04T09:15:22+08:00][sql] SELECT * FROM `yh_webpz` WHERE  `id` = 1 LIMIT 1 [ RunTime:0.000733s ]
[2020-11-04T09:17:03+08:00][sql] CONNECT:[ UseTime:0.001379s ] mysql:host=127.0.0.1;port=3306;dbname=jifei;charset=utf8
[2020-11-04T09:17:03+08:00][sql] SHOW FULL COLUMNS FROM `yh_user` [ RunTime:0.003734s ]
[2020-11-04T09:17:03+08:00][sql] SELECT * FROM `yh_user` WHERE  `id` = 3 LIMIT 1 [ RunTime:0.000978s ]
[2020-11-04T09:17:03+08:00][sql] SHOW FULL COLUMNS FROM `yh_business` [ RunTime:0.002718s ]
[2020-11-04T09:17:03+08:00][sql] SELECT * FROM `yh_business` WHERE  `id` = 3 LIMIT 1 [ RunTime:0.000745s ]
[2020-11-04T09:17:03+08:00][sql] SHOW FULL COLUMNS FROM `yh_webpz` [ RunTime:0.003507s ]
[2020-11-04T09:17:03+08:00][sql] SELECT * FROM `yh_webpz` WHERE  `id` = 1 LIMIT 1 [ RunTime:0.000747s ]
[2020-11-04T09:17:26+08:00][sql] CONNECT:[ UseTime:0.001208s ] mysql:host=127.0.0.1;port=3306;dbname=jifei;charset=utf8
[2020-11-04T09:17:26+08:00][sql] SHOW FULL COLUMNS FROM `yh_user` [ RunTime:0.002851s ]
[2020-11-04T09:17:26+08:00][sql] SELECT * FROM `yh_user` WHERE  `id` = 3 LIMIT 1 [ RunTime:0.000787s ]
[2020-11-04T09:17:26+08:00][sql] SHOW FULL COLUMNS FROM `yh_business` [ RunTime:0.002063s ]
[2020-11-04T09:17:26+08:00][sql] SELECT * FROM `yh_business` WHERE  `id` = 3 LIMIT 1 [ RunTime:0.000635s ]
[2020-11-04T09:17:26+08:00][sql] SHOW FULL COLUMNS FROM `yh_webpz` [ RunTime:0.002247s ]
[2020-11-04T09:17:26+08:00][sql] SELECT * FROM `yh_webpz` WHERE  `id` = 1 LIMIT 1 [ RunTime:0.000656s ]
[2020-11-04T09:17:32+08:00][sql] CONNECT:[ UseTime:0.001564s ] mysql:host=127.0.0.1;port=3306;dbname=jifei;charset=utf8
[2020-11-04T09:17:32+08:00][sql] SHOW FULL COLUMNS FROM `yh_user` [ RunTime:0.002577s ]
[2020-11-04T09:17:32+08:00][sql] SELECT * FROM `yh_user` WHERE  `id` = 3 LIMIT 1 [ RunTime:0.000686s ]
[2020-11-04T09:17:32+08:00][sql] SHOW FULL COLUMNS FROM `yh_business` [ RunTime:0.001716s ]
[2020-11-04T09:17:32+08:00][sql] SELECT * FROM `yh_business` WHERE  `id` = 3 LIMIT 1 [ RunTime:0.000805s ]
[2020-11-04T09:17:32+08:00][sql] SHOW FULL COLUMNS FROM `yh_webpz` [ RunTime:0.002457s ]
[2020-11-04T09:17:32+08:00][sql] SELECT * FROM `yh_webpz` WHERE  `id` = 1 LIMIT 1 [ RunTime:0.002163s ]
[2020-11-04T09:17:33+08:00][sql] CONNECT:[ UseTime:0.001792s ] mysql:host=127.0.0.1;port=3306;dbname=jifei;charset=utf8
[2020-11-04T09:17:33+08:00][sql] SHOW FULL COLUMNS FROM `yh_user` [ RunTime:0.002779s ]
[2020-11-04T09:17:33+08:00][sql] SELECT * FROM `yh_user` WHERE  `id` = 3 LIMIT 1 [ RunTime:0.000963s ]
[2020-11-04T09:17:33+08:00][sql] SHOW FULL COLUMNS FROM `yh_business` [ RunTime:0.001993s ]
[2020-11-04T09:17:33+08:00][sql] SELECT * FROM `yh_business` WHERE  `id` = 3 LIMIT 1 [ RunTime:0.000820s ]
[2020-11-04T09:17:33+08:00][sql] SHOW FULL COLUMNS FROM `yh_webpz` [ RunTime:0.001950s ]
[2020-11-04T09:17:33+08:00][sql] SELECT * FROM `yh_webpz` WHERE  `id` = 1 LIMIT 1 [ RunTime:0.001104s ]
[2020-11-04T09:17:33+08:00][sql] CONNECT:[ UseTime:0.002793s ] mysql:host=127.0.0.1;port=3306;dbname=jifei;charset=utf8
[2020-11-04T09:17:33+08:00][sql] SHOW FULL COLUMNS FROM `yh_user` [ RunTime:0.002513s ]
[2020-11-04T09:17:33+08:00][sql] SELECT * FROM `yh_user` WHERE  `id` = 3 LIMIT 1 [ RunTime:0.000685s ]
[2020-11-04T09:17:33+08:00][sql] SHOW FULL COLUMNS FROM `yh_business` [ RunTime:0.002555s ]
[2020-11-04T09:17:33+08:00][sql] SELECT * FROM `yh_business` WHERE  `id` = 3 LIMIT 1 [ RunTime:0.000653s ]
[2020-11-04T09:17:33+08:00][sql] SHOW FULL COLUMNS FROM `yh_webpz` [ RunTime:0.002349s ]
[2020-11-04T09:17:33+08:00][sql] SELECT * FROM `yh_webpz` WHERE  `id` = 1 LIMIT 1 [ RunTime:0.001015s ]
[2020-11-04T09:17:57+08:00][sql] CONNECT:[ UseTime:0.001240s ] mysql:host=127.0.0.1;port=3306;dbname=jifei;charset=utf8
[2020-11-04T09:17:57+08:00][sql] SHOW FULL COLUMNS FROM `yh_user` [ RunTime:0.002841s ]
[2020-11-04T09:17:57+08:00][sql] SELECT * FROM `yh_user` WHERE  `id` = 3 LIMIT 1 [ RunTime:0.000691s ]
[2020-11-04T09:17:57+08:00][sql] SHOW FULL COLUMNS FROM `yh_business` [ RunTime:0.002142s ]
[2020-11-04T09:17:57+08:00][sql] SELECT * FROM `yh_business` WHERE  `id` = 3 LIMIT 1 [ RunTime:0.000746s ]
[2020-11-04T09:17:57+08:00][sql] SHOW FULL COLUMNS FROM `yh_webpz` [ RunTime:0.002779s ]
[2020-11-04T09:17:57+08:00][sql] SELECT * FROM `yh_webpz` WHERE  `id` = 1 LIMIT 1 [ RunTime:0.001795s ]
[2020-11-04T09:17:58+08:00][sql] CONNECT:[ UseTime:0.001202s ] mysql:host=127.0.0.1;port=3306;dbname=jifei;charset=utf8
[2020-11-04T09:17:58+08:00][sql] SHOW FULL COLUMNS FROM `yh_user` [ RunTime:0.002284s ]
[2020-11-04T09:17:58+08:00][sql] SELECT * FROM `yh_user` WHERE  `id` = 3 LIMIT 1 [ RunTime:0.004303s ]
[2020-11-04T09:17:58+08:00][sql] SHOW FULL COLUMNS FROM `yh_business` [ RunTime:0.001869s ]
[2020-11-04T09:17:58+08:00][sql] SELECT * FROM `yh_business` WHERE  `id` = 3 LIMIT 1 [ RunTime:0.001001s ]
[2020-11-04T09:17:58+08:00][sql] SHOW FULL COLUMNS FROM `yh_webpz` [ RunTime:0.003990s ]
[2020-11-04T09:17:58+08:00][sql] SELECT * FROM `yh_webpz` WHERE  `id` = 1 LIMIT 1 [ RunTime:0.000696s ]
[2020-11-04T09:17:58+08:00][sql] SHOW FULL COLUMNS FROM `yh_meal` [ RunTime:0.002236s ]
[2020-11-04T09:17:58+08:00][sql] SELECT * FROM `yh_meal` WHERE  `status` = 1  AND `type` = 1 ORDER BY `id` DESC [ RunTime:0.001949s ]
[2020-11-04T09:17:59+08:00][sql] CONNECT:[ UseTime:0.001254s ] mysql:host=127.0.0.1;port=3306;dbname=jifei;charset=utf8
[2020-11-04T09:17:59+08:00][sql] SHOW FULL COLUMNS FROM `yh_user` [ RunTime:0.002425s ]
[2020-11-04T09:17:59+08:00][sql] SELECT * FROM `yh_user` WHERE  `id` = 3 LIMIT 1 [ RunTime:0.000783s ]
[2020-11-04T09:17:59+08:00][sql] SHOW FULL COLUMNS FROM `yh_business` [ RunTime:0.002076s ]
[2020-11-04T09:17:59+08:00][sql] SELECT * FROM `yh_business` WHERE  `id` = 3 LIMIT 1 [ RunTime:0.001968s ]
[2020-11-04T09:17:59+08:00][sql] SHOW FULL COLUMNS FROM `yh_webpz` [ RunTime:0.006521s ]
[2020-11-04T09:17:59+08:00][sql] SELECT * FROM `yh_webpz` WHERE  `id` = 1 LIMIT 1 [ RunTime:0.007714s ]
[2020-11-04T09:17:59+08:00][sql] CONNECT:[ UseTime:0.001392s ] mysql:host=127.0.0.1;port=3306;dbname=jifei;charset=utf8
[2020-11-04T09:17:59+08:00][sql] SHOW FULL COLUMNS FROM `yh_user` [ RunTime:0.003022s ]
[2020-11-04T09:17:59+08:00][sql] SELECT * FROM `yh_user` WHERE  `id` = 3 LIMIT 1 [ RunTime:0.000747s ]
[2020-11-04T09:17:59+08:00][sql] SHOW FULL COLUMNS FROM `yh_business` [ RunTime:0.001844s ]
[2020-11-04T09:17:59+08:00][sql] SELECT * FROM `yh_business` WHERE  `id` = 3 LIMIT 1 [ RunTime:0.000619s ]
[2020-11-04T09:17:59+08:00][sql] SHOW FULL COLUMNS FROM `yh_webpz` [ RunTime:0.001908s ]
[2020-11-04T09:17:59+08:00][sql] SELECT * FROM `yh_webpz` WHERE  `id` = 1 LIMIT 1 [ RunTime:0.000624s ]
[2020-11-04T09:18:00+08:00][sql] CONNECT:[ UseTime:0.002243s ] mysql:host=127.0.0.1;port=3306;dbname=jifei;charset=utf8
[2020-11-04T09:18:00+08:00][sql] SHOW FULL COLUMNS FROM `yh_user` [ RunTime:0.002824s ]
[2020-11-04T09:18:00+08:00][sql] SELECT * FROM `yh_user` WHERE  `id` = 3 LIMIT 1 [ RunTime:0.000706s ]
[2020-11-04T09:18:00+08:00][sql] SHOW FULL COLUMNS FROM `yh_business` [ RunTime:0.003926s ]
[2020-11-04T09:18:00+08:00][sql] SELECT * FROM `yh_business` WHERE  `id` = 3 LIMIT 1 [ RunTime:0.001297s ]
[2020-11-04T09:18:00+08:00][sql] SHOW FULL COLUMNS FROM `yh_webpz` [ RunTime:0.001925s ]
[2020-11-04T09:18:00+08:00][sql] SELECT * FROM `yh_webpz` WHERE  `id` = 1 LIMIT 1 [ RunTime:0.000516s ]
[2020-11-04T09:18:01+08:00][sql] CONNECT:[ UseTime:0.004596s ] mysql:host=127.0.0.1;port=3306;dbname=jifei;charset=utf8
[2020-11-04T09:18:01+08:00][sql] SHOW FULL COLUMNS FROM `yh_user` [ RunTime:0.004359s ]
[2020-11-04T09:18:01+08:00][sql] SELECT * FROM `yh_user` WHERE  `id` = 3 LIMIT 1 [ RunTime:0.000871s ]
[2020-11-04T09:18:01+08:00][sql] SHOW FULL COLUMNS FROM `yh_business` [ RunTime:0.002132s ]
[2020-11-04T09:18:01+08:00][sql] SELECT * FROM `yh_business` WHERE  `id` = 3 LIMIT 1 [ RunTime:0.000561s ]
[2020-11-04T09:18:01+08:00][sql] SHOW FULL COLUMNS FROM `yh_webpz` [ RunTime:0.004483s ]
[2020-11-04T09:18:01+08:00][sql] SELECT * FROM `yh_webpz` WHERE  `id` = 1 LIMIT 1 [ RunTime:0.003830s ]
[2020-11-04T09:18:01+08:00][sql] CONNECT:[ UseTime:0.001296s ] mysql:host=127.0.0.1;port=3306;dbname=jifei;charset=utf8
[2020-11-04T09:18:01+08:00][sql] SHOW FULL COLUMNS FROM `yh_user` [ RunTime:0.002084s ]
[2020-11-04T09:18:01+08:00][sql] SELECT * FROM `yh_user` WHERE  `id` = 3 LIMIT 1 [ RunTime:0.000830s ]
[2020-11-04T09:18:01+08:00][sql] SHOW FULL COLUMNS FROM `yh_business` [ RunTime:0.001785s ]
[2020-11-04T09:18:01+08:00][sql] SELECT * FROM `yh_business` WHERE  `id` = 3 LIMIT 1 [ RunTime:0.001420s ]
[2020-11-04T09:18:01+08:00][sql] SHOW FULL COLUMNS FROM `yh_webpz` [ RunTime:0.002654s ]
[2020-11-04T09:18:01+08:00][sql] SELECT * FROM `yh_webpz` WHERE  `id` = 1 LIMIT 1 [ RunTime:0.001911s ]
[2020-11-04T09:18:29+08:00][sql] CONNECT:[ UseTime:0.002899s ] mysql:host=127.0.0.1;port=3306;dbname=jifei;charset=utf8
[2020-11-04T09:18:29+08:00][sql] SHOW FULL COLUMNS FROM `yh_user` [ RunTime:0.005759s ]
[2020-11-04T09:18:29+08:00][sql] SELECT * FROM `yh_user` WHERE  `id` = 3 LIMIT 1 [ RunTime:0.000725s ]
[2020-11-04T09:18:29+08:00][sql] SHOW FULL COLUMNS FROM `yh_business` [ RunTime:0.001932s ]
[2020-11-04T09:18:29+08:00][sql] SELECT * FROM `yh_business` WHERE  `id` = 3 LIMIT 1 [ RunTime:0.000640s ]
[2020-11-04T09:18:29+08:00][sql] SHOW FULL COLUMNS FROM `yh_webpz` [ RunTime:0.002215s ]
[2020-11-04T09:18:29+08:00][sql] SELECT * FROM `yh_webpz` WHERE  `id` = 1 LIMIT 1 [ RunTime:0.000700s ]
[2020-11-04T09:18:31+08:00][sql] CONNECT:[ UseTime:0.001093s ] mysql:host=127.0.0.1;port=3306;dbname=jifei;charset=utf8
[2020-11-04T09:18:31+08:00][sql] SHOW FULL COLUMNS FROM `yh_user` [ RunTime:0.002336s ]
[2020-11-04T09:18:31+08:00][sql] SELECT * FROM `yh_user` WHERE  `id` = 3 LIMIT 1 [ RunTime:0.000587s ]
[2020-11-04T09:18:31+08:00][sql] SHOW FULL COLUMNS FROM `yh_business` [ RunTime:0.003121s ]
[2020-11-04T09:18:31+08:00][sql] SELECT * FROM `yh_business` WHERE  `id` = 3 LIMIT 1 [ RunTime:0.003121s ]
[2020-11-04T09:18:31+08:00][sql] SHOW FULL COLUMNS FROM `yh_webpz` [ RunTime:0.002204s ]
[2020-11-04T09:18:31+08:00][sql] SELECT * FROM `yh_webpz` WHERE  `id` = 1 LIMIT 1 [ RunTime:0.000489s ]
[2020-11-04T09:18:31+08:00][sql] CONNECT:[ UseTime:0.003222s ] mysql:host=127.0.0.1;port=3306;dbname=jifei;charset=utf8
[2020-11-04T09:18:31+08:00][sql] SHOW FULL COLUMNS FROM `yh_user` [ RunTime:0.002705s ]
[2020-11-04T09:18:31+08:00][sql] SELECT * FROM `yh_user` WHERE  `id` = 3 LIMIT 1 [ RunTime:0.004477s ]
[2020-11-04T09:18:31+08:00][sql] SHOW FULL COLUMNS FROM `yh_business` [ RunTime:0.001471s ]
[2020-11-04T09:18:31+08:00][sql] SELECT * FROM `yh_business` WHERE  `id` = 3 LIMIT 1 [ RunTime:0.000952s ]
[2020-11-04T09:18:31+08:00][sql] SHOW FULL COLUMNS FROM `yh_webpz` [ RunTime:0.001981s ]
[2020-11-04T09:18:31+08:00][sql] SELECT * FROM `yh_webpz` WHERE  `id` = 1 LIMIT 1 [ RunTime:0.000626s ]
[2020-11-04T09:18:36+08:00][sql] CONNECT:[ UseTime:0.001187s ] mysql:host=127.0.0.1;port=3306;dbname=jifei;charset=utf8
[2020-11-04T09:18:36+08:00][sql] SHOW FULL COLUMNS FROM `yh_user` [ RunTime:0.002807s ]
[2020-11-04T09:18:36+08:00][sql] SELECT * FROM `yh_user` WHERE  `id` = 3 LIMIT 1 [ RunTime:0.000696s ]
[2020-11-04T09:18:36+08:00][sql] SHOW FULL COLUMNS FROM `yh_business` [ RunTime:0.003159s ]
[2020-11-04T09:18:36+08:00][sql] SELECT * FROM `yh_business` WHERE  `id` = 3 LIMIT 1 [ RunTime:0.000859s ]
[2020-11-04T09:18:36+08:00][sql] SHOW FULL COLUMNS FROM `yh_webpz` [ RunTime:0.002974s ]
[2020-11-04T09:18:36+08:00][sql] SELECT * FROM `yh_webpz` WHERE  `id` = 1 LIMIT 1 [ RunTime:0.000756s ]
[2020-11-04T09:18:38+08:00][sql] CONNECT:[ UseTime:0.001139s ] mysql:host=127.0.0.1;port=3306;dbname=jifei;charset=utf8
[2020-11-04T09:18:38+08:00][sql] SHOW FULL COLUMNS FROM `yh_user` [ RunTime:0.002532s ]
[2020-11-04T09:18:38+08:00][sql] SELECT * FROM `yh_user` WHERE  `id` = 3 LIMIT 1 [ RunTime:0.000666s ]
[2020-11-04T09:18:38+08:00][sql] SHOW FULL COLUMNS FROM `yh_business` [ RunTime:0.001909s ]
[2020-11-04T09:18:38+08:00][sql] SELECT * FROM `yh_business` WHERE  `id` = 3 LIMIT 1 [ RunTime:0.000573s ]
[2020-11-04T09:18:38+08:00][sql] SHOW FULL COLUMNS FROM `yh_webpz` [ RunTime:0.002162s ]
[2020-11-04T09:18:38+08:00][sql] SELECT * FROM `yh_webpz` WHERE  `id` = 1 LIMIT 1 [ RunTime:0.003660s ]
[2020-11-04T09:18:39+08:00][sql] CONNECT:[ UseTime:0.005280s ] mysql:host=127.0.0.1;port=3306;dbname=jifei;charset=utf8
[2020-11-04T09:18:39+08:00][sql] SHOW FULL COLUMNS FROM `yh_user` [ RunTime:0.004156s ]
[2020-11-04T09:18:39+08:00][sql] SELECT * FROM `yh_user` WHERE  `id` = 3 LIMIT 1 [ RunTime:0.000891s ]
[2020-11-04T09:18:39+08:00][sql] SHOW FULL COLUMNS FROM `yh_business` [ RunTime:0.004587s ]
[2020-11-04T09:18:39+08:00][sql] SELECT * FROM `yh_business` WHERE  `id` = 3 LIMIT 1 [ RunTime:0.001125s ]
[2020-11-04T09:18:39+08:00][sql] SHOW FULL COLUMNS FROM `yh_webpz` [ RunTime:0.002136s ]
[2020-11-04T09:18:39+08:00][sql] SELECT * FROM `yh_webpz` WHERE  `id` = 1 LIMIT 1 [ RunTime:0.000973s ]
[2020-11-04T09:18:39+08:00][sql] CONNECT:[ UseTime:0.001525s ] mysql:host=127.0.0.1;port=3306;dbname=jifei;charset=utf8
[2020-11-04T09:18:39+08:00][sql] SHOW FULL COLUMNS FROM `yh_user` [ RunTime:0.002287s ]
[2020-11-04T09:18:39+08:00][sql] SELECT * FROM `yh_user` WHERE  `id` = 3 LIMIT 1 [ RunTime:0.000615s ]
[2020-11-04T09:18:39+08:00][sql] SHOW FULL COLUMNS FROM `yh_business` [ RunTime:0.001843s ]
[2020-11-04T09:18:39+08:00][sql] SELECT * FROM `yh_business` WHERE  `id` = 3 LIMIT 1 [ RunTime:0.000577s ]
[2020-11-04T09:18:39+08:00][sql] SHOW FULL COLUMNS FROM `yh_webpz` [ RunTime:0.004288s ]
[2020-11-04T09:18:39+08:00][sql] SELECT * FROM `yh_webpz` WHERE  `id` = 1 LIMIT 1 [ RunTime:0.004151s ]
[2020-11-04T09:18:51+08:00][sql] CONNECT:[ UseTime:0.001468s ] mysql:host=127.0.0.1;port=3306;dbname=jifei;charset=utf8
[2020-11-04T09:18:51+08:00][sql] SHOW FULL COLUMNS FROM `yh_user` [ RunTime:0.002825s ]
[2020-11-04T09:18:51+08:00][sql] SELECT * FROM `yh_user` WHERE  `id` = 3 LIMIT 1 [ RunTime:0.004038s ]
[2020-11-04T09:18:51+08:00][sql] SHOW FULL COLUMNS FROM `yh_business` [ RunTime:0.007337s ]
[2020-11-04T09:18:51+08:00][sql] SELECT * FROM `yh_business` WHERE  `id` = 3 LIMIT 1 [ RunTime:0.000714s ]
[2020-11-04T09:18:51+08:00][sql] SHOW FULL COLUMNS FROM `yh_webpz` [ RunTime:0.002087s ]
[2020-11-04T09:18:51+08:00][sql] SELECT * FROM `yh_webpz` WHERE  `id` = 1 LIMIT 1 [ RunTime:0.000527s ]
[2020-11-04T09:18:54+08:00][sql] CONNECT:[ UseTime:0.004100s ] mysql:host=127.0.0.1;port=3306;dbname=jifei;charset=utf8
[2020-11-04T09:18:54+08:00][sql] SHOW FULL COLUMNS FROM `yh_user` [ RunTime:0.005621s ]
[2020-11-04T09:18:54+08:00][sql] SELECT * FROM `yh_user` WHERE  `id` = 3 LIMIT 1 [ RunTime:0.003771s ]
[2020-11-04T09:18:54+08:00][sql] SHOW FULL COLUMNS FROM `yh_business` [ RunTime:0.004114s ]
[2020-11-04T09:18:54+08:00][sql] SELECT * FROM `yh_business` WHERE  `id` = 3 LIMIT 1 [ RunTime:0.000497s ]
[2020-11-04T09:18:54+08:00][sql] SHOW FULL COLUMNS FROM `yh_webpz` [ RunTime:0.001847s ]
[2020-11-04T09:18:54+08:00][sql] SELECT * FROM `yh_webpz` WHERE  `id` = 1 LIMIT 1 [ RunTime:0.000453s ]
[2020-11-04T09:18:55+08:00][sql] CONNECT:[ UseTime:0.000953s ] mysql:host=127.0.0.1;port=3306;dbname=jifei;charset=utf8
[2020-11-04T09:18:55+08:00][sql] SHOW FULL COLUMNS FROM `yh_user` [ RunTime:0.002370s ]
[2020-11-04T09:18:55+08:00][sql] SELECT * FROM `yh_user` WHERE  `id` = 3 LIMIT 1 [ RunTime:0.000666s ]
[2020-11-04T09:18:55+08:00][sql] SHOW FULL COLUMNS FROM `yh_business` [ RunTime:0.001814s ]
[2020-11-04T09:18:55+08:00][sql] SELECT * FROM `yh_business` WHERE  `id` = 3 LIMIT 1 [ RunTime:0.000501s ]
[2020-11-04T09:18:55+08:00][sql] SHOW FULL COLUMNS FROM `yh_webpz` [ RunTime:0.002089s ]
[2020-11-04T09:18:55+08:00][sql] SELECT * FROM `yh_webpz` WHERE  `id` = 1 LIMIT 1 [ RunTime:0.000584s ]
[2020-11-04T09:18:55+08:00][sql] CONNECT:[ UseTime:0.002332s ] mysql:host=127.0.0.1;port=3306;dbname=jifei;charset=utf8
[2020-11-04T09:18:55+08:00][sql] SHOW FULL COLUMNS FROM `yh_user` [ RunTime:0.002287s ]
[2020-11-04T09:18:55+08:00][sql] SELECT * FROM `yh_user` WHERE  `id` = 3 LIMIT 1 [ RunTime:0.000620s ]
[2020-11-04T09:18:55+08:00][sql] SHOW FULL COLUMNS FROM `yh_business` [ RunTime:0.001708s ]
[2020-11-04T09:18:55+08:00][sql] SELECT * FROM `yh_business` WHERE  `id` = 3 LIMIT 1 [ RunTime:0.000515s ]
[2020-11-04T09:18:55+08:00][sql] SHOW FULL COLUMNS FROM `yh_webpz` [ RunTime:0.001615s ]
[2020-11-04T09:18:55+08:00][sql] SELECT * FROM `yh_webpz` WHERE  `id` = 1 LIMIT 1 [ RunTime:0.013846s ]
[2020-11-04T09:18:55+08:00][sql] CONNECT:[ UseTime:0.001168s ] mysql:host=127.0.0.1;port=3306;dbname=jifei;charset=utf8
[2020-11-04T09:18:55+08:00][sql] SHOW FULL COLUMNS FROM `yh_user` [ RunTime:0.008172s ]
[2020-11-04T09:18:55+08:00][sql] SELECT * FROM `yh_user` WHERE  `id` = 3 LIMIT 1 [ RunTime:0.001090s ]
[2020-11-04T09:18:55+08:00][sql] SHOW FULL COLUMNS FROM `yh_business` [ RunTime:0.002585s ]
[2020-11-04T09:18:55+08:00][sql] SELECT * FROM `yh_business` WHERE  `id` = 3 LIMIT 1 [ RunTime:0.000629s ]
[2020-11-04T09:18:55+08:00][sql] SHOW FULL COLUMNS FROM `yh_webpz` [ RunTime:0.003838s ]
[2020-11-04T09:18:55+08:00][sql] SELECT * FROM `yh_webpz` WHERE  `id` = 1 LIMIT 1 [ RunTime:0.000603s ]
[2020-11-04T09:18:56+08:00][sql] CONNECT:[ UseTime:0.000817s ] mysql:host=127.0.0.1;port=3306;dbname=jifei;charset=utf8
[2020-11-04T09:18:56+08:00][sql] SHOW FULL COLUMNS FROM `yh_user` [ RunTime:0.002260s ]
[2020-11-04T09:18:56+08:00][sql] SELECT * FROM `yh_user` WHERE  `id` = 3 LIMIT 1 [ RunTime:0.000698s ]
[2020-11-04T09:18:56+08:00][sql] SHOW FULL COLUMNS FROM `yh_business` [ RunTime:0.002016s ]
[2020-11-04T09:18:56+08:00][sql] SELECT * FROM `yh_business` WHERE  `id` = 3 LIMIT 1 [ RunTime:0.000600s ]
[2020-11-04T09:18:56+08:00][sql] SHOW FULL COLUMNS FROM `yh_webpz` [ RunTime:0.002067s ]
[2020-11-04T09:18:56+08:00][sql] SELECT * FROM `yh_webpz` WHERE  `id` = 1 LIMIT 1 [ RunTime:0.000729s ]
[2020-11-04T09:18:56+08:00][sql] CONNECT:[ UseTime:0.001050s ] mysql:host=127.0.0.1;port=3306;dbname=jifei;charset=utf8
[2020-11-04T09:18:56+08:00][sql] SHOW FULL COLUMNS FROM `yh_user` [ RunTime:0.002042s ]
[2020-11-04T09:18:56+08:00][sql] SELECT * FROM `yh_user` WHERE  `id` = 3 LIMIT 1 [ RunTime:0.000583s ]
[2020-11-04T09:18:56+08:00][sql] SHOW FULL COLUMNS FROM `yh_business` [ RunTime:0.001562s ]
[2020-11-04T09:18:56+08:00][sql] SELECT * FROM `yh_business` WHERE  `id` = 3 LIMIT 1 [ RunTime:0.000502s ]
[2020-11-04T09:18:56+08:00][sql] SHOW FULL COLUMNS FROM `yh_webpz` [ RunTime:0.001733s ]
[2020-11-04T09:18:56+08:00][sql] SELECT * FROM `yh_webpz` WHERE  `id` = 1 LIMIT 1 [ RunTime:0.000487s ]
[2020-11-04T09:19:02+08:00][sql] CONNECT:[ UseTime:0.001076s ] mysql:host=127.0.0.1;port=3306;dbname=jifei;charset=utf8
[2020-11-04T09:19:02+08:00][sql] SHOW FULL COLUMNS FROM `yh_user` [ RunTime:0.002007s ]
[2020-11-04T09:19:02+08:00][sql] SELECT * FROM `yh_user` WHERE  `id` = 3 LIMIT 1 [ RunTime:0.000651s ]
[2020-11-04T09:19:02+08:00][sql] SHOW FULL COLUMNS FROM `yh_business` [ RunTime:0.001977s ]
[2020-11-04T09:19:02+08:00][sql] SELECT * FROM `yh_business` WHERE  `id` = 3 LIMIT 1 [ RunTime:0.001434s ]
[2020-11-04T09:19:02+08:00][sql] SHOW FULL COLUMNS FROM `yh_webpz` [ RunTime:0.002087s ]
[2020-11-04T09:19:02+08:00][sql] SELECT * FROM `yh_webpz` WHERE  `id` = 1 LIMIT 1 [ RunTime:0.001331s ]
[2020-11-04T09:19:02+08:00][sql] CONNECT:[ UseTime:0.004398s ] mysql:host=127.0.0.1;port=3306;dbname=jifei;charset=utf8
[2020-11-04T09:19:02+08:00][sql] SHOW FULL COLUMNS FROM `yh_user` [ RunTime:0.005879s ]
[2020-11-04T09:19:02+08:00][sql] SELECT * FROM `yh_user` WHERE  `id` = 3 LIMIT 1 [ RunTime:0.003009s ]
[2020-11-04T09:19:02+08:00][sql] SHOW FULL COLUMNS FROM `yh_business` [ RunTime:0.002274s ]
[2020-11-04T09:19:02+08:00][sql] SELECT * FROM `yh_business` WHERE  `id` = 3 LIMIT 1 [ RunTime:0.000566s ]
[2020-11-04T09:19:02+08:00][sql] SHOW FULL COLUMNS FROM `yh_webpz` [ RunTime:0.001843s ]
[2020-11-04T09:19:02+08:00][sql] SELECT * FROM `yh_webpz` WHERE  `id` = 1 LIMIT 1 [ RunTime:0.000788s ]
[2020-11-04T09:20:06+08:00][sql] CONNECT:[ UseTime:0.001368s ] mysql:host=127.0.0.1;port=3306;dbname=jifei;charset=utf8
[2020-11-04T09:20:06+08:00][sql] SHOW FULL COLUMNS FROM `yh_user` [ RunTime:0.002347s ]
[2020-11-04T09:20:06+08:00][sql] SELECT * FROM `yh_user` WHERE  `id` = 3 LIMIT 1 [ RunTime:0.000825s ]
[2020-11-04T09:20:06+08:00][sql] SHOW FULL COLUMNS FROM `yh_business` [ RunTime:0.002439s ]
[2020-11-04T09:20:06+08:00][sql] SELECT * FROM `yh_business` WHERE  `id` = 3 LIMIT 1 [ RunTime:0.000630s ]
[2020-11-04T09:20:06+08:00][sql] SHOW FULL COLUMNS FROM `yh_webpz` [ RunTime:0.002188s ]
[2020-11-04T09:20:06+08:00][sql] SELECT * FROM `yh_webpz` WHERE  `id` = 1 LIMIT 1 [ RunTime:0.000713s ]
[2020-11-04T09:20:07+08:00][sql] CONNECT:[ UseTime:0.001973s ] mysql:host=127.0.0.1;port=3306;dbname=jifei;charset=utf8
[2020-11-04T09:20:07+08:00][sql] SHOW FULL COLUMNS FROM `yh_user` [ RunTime:0.002370s ]
[2020-11-04T09:20:07+08:00][sql] SELECT * FROM `yh_user` WHERE  `id` = 3 LIMIT 1 [ RunTime:0.000614s ]
[2020-11-04T09:20:07+08:00][sql] SHOW FULL COLUMNS FROM `yh_business` [ RunTime:0.003218s ]
[2020-11-04T09:20:07+08:00][sql] SELECT * FROM `yh_business` WHERE  `id` = 3 LIMIT 1 [ RunTime:0.000820s ]
[2020-11-04T09:20:07+08:00][sql] SHOW FULL COLUMNS FROM `yh_webpz` [ RunTime:0.003581s ]
[2020-11-04T09:20:07+08:00][sql] SELECT * FROM `yh_webpz` WHERE  `id` = 1 LIMIT 1 [ RunTime:0.000813s ]
[2020-11-04T09:20:09+08:00][sql] CONNECT:[ UseTime:0.001430s ] mysql:host=127.0.0.1;port=3306;dbname=jifei;charset=utf8
[2020-11-04T09:20:09+08:00][sql] SHOW FULL COLUMNS FROM `yh_user` [ RunTime:0.002656s ]
[2020-11-04T09:20:09+08:00][sql] SELECT * FROM `yh_user` WHERE  `id` = 3 LIMIT 1 [ RunTime:0.003882s ]
[2020-11-04T09:20:09+08:00][sql] SHOW FULL COLUMNS FROM `yh_business` [ RunTime:0.006001s ]
[2020-11-04T09:20:09+08:00][sql] SELECT * FROM `yh_business` WHERE  `id` = 3 LIMIT 1 [ RunTime:0.004259s ]
[2020-11-04T09:20:09+08:00][sql] SHOW FULL COLUMNS FROM `yh_webpz` [ RunTime:0.003174s ]
[2020-11-04T09:20:09+08:00][sql] SELECT * FROM `yh_webpz` WHERE  `id` = 1 LIMIT 1 [ RunTime:0.000567s ]
[2020-11-04T09:20:11+08:00][sql] CONNECT:[ UseTime:0.001870s ] mysql:host=127.0.0.1;port=3306;dbname=jifei;charset=utf8
[2020-11-04T09:20:11+08:00][sql] SHOW FULL COLUMNS FROM `yh_user` [ RunTime:0.005226s ]
[2020-11-04T09:20:11+08:00][sql] SELECT * FROM `yh_user` WHERE  `id` = 3 LIMIT 1 [ RunTime:0.001000s ]
[2020-11-04T09:20:11+08:00][sql] SHOW FULL COLUMNS FROM `yh_business` [ RunTime:0.001848s ]
[2020-11-04T09:20:11+08:00][sql] SELECT * FROM `yh_business` WHERE  `id` = 3 LIMIT 1 [ RunTime:0.000718s ]
[2020-11-04T09:20:11+08:00][sql] SHOW FULL COLUMNS FROM `yh_webpz` [ RunTime:0.002281s ]
[2020-11-04T09:20:11+08:00][sql] SELECT * FROM `yh_webpz` WHERE  `id` = 1 LIMIT 1 [ RunTime:0.000455s ]
[2020-11-04T09:20:12+08:00][sql] CONNECT:[ UseTime:0.002824s ] mysql:host=127.0.0.1;port=3306;dbname=jifei;charset=utf8
[2020-11-04T09:20:12+08:00][sql] SHOW FULL COLUMNS FROM `yh_user` [ RunTime:0.004288s ]
[2020-11-04T09:20:12+08:00][sql] SELECT * FROM `yh_user` WHERE  `id` = 3 LIMIT 1 [ RunTime:0.000876s ]
[2020-11-04T09:20:12+08:00][sql] SHOW FULL COLUMNS FROM `yh_business` [ RunTime:0.008109s ]
[2020-11-04T09:20:12+08:00][sql] SELECT * FROM `yh_business` WHERE  `id` = 3 LIMIT 1 [ RunTime:0.000850s ]
[2020-11-04T09:20:12+08:00][sql] SHOW FULL COLUMNS FROM `yh_webpz` [ RunTime:0.002401s ]
[2020-11-04T09:20:12+08:00][sql] SELECT * FROM `yh_webpz` WHERE  `id` = 1 LIMIT 1 [ RunTime:0.000680s ]
[2020-11-04T09:20:12+08:00][sql] SHOW FULL COLUMNS FROM `yh_order` [ RunTime:0.002282s ]
[2020-11-04T09:20:12+08:00][sql] INSERT INTO `yh_order` SET `user_id` = 3 , `method` = 1 , `payment` = 10 , `ordernum` = '20201104092011' , `status` = 0 , `intime` = 1604452812 [ RunTime:0.000800s ]
[2020-11-04T09:20:12+08:00][sql] SHOW FULL COLUMNS FROM `yh_information` [ RunTime:0.002107s ]
[2020-11-04T09:20:12+08:00][sql] SELECT * FROM `yh_information` WHERE  `id` = 1 LIMIT 1 [ RunTime:0.000551s ]
[2020-11-04T09:20:16+08:00][sql] CONNECT:[ UseTime:0.001520s ] mysql:host=127.0.0.1;port=3306;dbname=jifei;charset=utf8
[2020-11-04T09:20:16+08:00][sql] SHOW FULL COLUMNS FROM `yh_user` [ RunTime:0.002842s ]
[2020-11-04T09:20:16+08:00][sql] SELECT * FROM `yh_user` WHERE  `id` = 3 LIMIT 1 [ RunTime:0.000645s ]
[2020-11-04T09:20:16+08:00][sql] SHOW FULL COLUMNS FROM `yh_business` [ RunTime:0.005054s ]
[2020-11-04T09:20:16+08:00][sql] SELECT * FROM `yh_business` WHERE  `id` = 3 LIMIT 1 [ RunTime:0.000621s ]
[2020-11-04T09:20:16+08:00][sql] SHOW FULL COLUMNS FROM `yh_webpz` [ RunTime:0.002396s ]
[2020-11-04T09:20:16+08:00][sql] SELECT * FROM `yh_webpz` WHERE  `id` = 1 LIMIT 1 [ RunTime:0.000699s ]
[2020-11-04T09:20:16+08:00][sql] SHOW FULL COLUMNS FROM `yh_order` [ RunTime:0.002510s ]
[2020-11-04T09:20:16+08:00][sql] INSERT INTO `yh_order` SET `user_id` = 3 , `method` = 3 , `payment` = 10 , `ordernum` = '20201104092011' , `status` = 0 , `intime` = 1604452816 [ RunTime:0.000744s ]
[2020-11-04T09:20:16+08:00][sql] SHOW FULL COLUMNS FROM `yh_information` [ RunTime:0.002526s ]
[2020-11-04T09:20:16+08:00][sql] SELECT * FROM `yh_information` WHERE  `id` = 1 LIMIT 1 [ RunTime:0.000975s ]
[2020-11-04T09:20:20+08:00][sql] CONNECT:[ UseTime:0.002558s ] mysql:host=127.0.0.1;port=3306;dbname=jifei;charset=utf8
[2020-11-04T09:20:20+08:00][sql] SHOW FULL COLUMNS FROM `yh_user` [ RunTime:0.005479s ]
[2020-11-04T09:20:20+08:00][sql] SELECT * FROM `yh_user` WHERE  `id` = 3 LIMIT 1 [ RunTime:0.000983s ]
[2020-11-04T09:20:20+08:00][sql] SHOW FULL COLUMNS FROM `yh_business` [ RunTime:0.002032s ]
[2020-11-04T09:20:20+08:00][sql] SELECT * FROM `yh_business` WHERE  `id` = 3 LIMIT 1 [ RunTime:0.001551s ]
[2020-11-04T09:20:20+08:00][sql] SHOW FULL COLUMNS FROM `yh_webpz` [ RunTime:0.002374s ]
[2020-11-04T09:20:20+08:00][sql] SELECT * FROM `yh_webpz` WHERE  `id` = 1 LIMIT 1 [ RunTime:0.000708s ]
[2020-11-04T09:20:20+08:00][sql] SHOW FULL COLUMNS FROM `yh_information` [ RunTime:0.002570s ]
[2020-11-04T09:20:20+08:00][sql] SELECT * FROM `yh_information` WHERE  `id` = 1 LIMIT 1 [ RunTime:0.000760s ]
[2020-11-04T12:17:47+08:00][sql] CONNECT:[ UseTime:0.010758s ] mysql:host=127.0.0.1;port=3306;dbname=jifei;charset=utf8
[2020-11-04T12:17:47+08:00][sql] SHOW FULL COLUMNS FROM `yh_webpz` [ RunTime:0.003637s ]
[2020-11-04T12:17:47+08:00][sql] SELECT * FROM `yh_webpz` WHERE  `id` = 1 LIMIT 1 [ RunTime:0.002465s ]
[2020-11-04T12:18:10+08:00][sql] CONNECT:[ UseTime:0.001081s ] mysql:host=127.0.0.1;port=3306;dbname=jifei;charset=utf8
[2020-11-04T12:18:10+08:00][sql] SHOW FULL COLUMNS FROM `yh_webpz` [ RunTime:0.005359s ]
[2020-11-04T12:18:10+08:00][sql] SELECT * FROM `yh_webpz` WHERE  `id` = 1 LIMIT 1 [ RunTime:0.001053s ]
[2020-11-04T12:18:10+08:00][sql] SHOW FULL COLUMNS FROM `yh_user` [ RunTime:0.006864s ]
[2020-11-04T12:18:10+08:00][sql] SELECT * FROM `yh_user` WHERE  `username` = '1178350505'  AND `password` = 'e10adc3949ba59abbe56e057f20f883e' LIMIT 1 [ RunTime:0.001114s ]
[2020-11-04T12:18:11+08:00][sql] CONNECT:[ UseTime:0.001023s ] mysql:host=127.0.0.1;port=3306;dbname=jifei;charset=utf8
[2020-11-04T12:18:11+08:00][sql] SHOW FULL COLUMNS FROM `yh_user` [ RunTime:0.005307s ]
[2020-11-04T12:18:11+08:00][sql] SELECT * FROM `yh_user` WHERE  `id` = 3 LIMIT 1 [ RunTime:0.012673s ]
[2020-11-04T12:18:11+08:00][sql] SHOW FULL COLUMNS FROM `yh_business` [ RunTime:0.002999s ]
[2020-11-04T12:18:11+08:00][sql] SELECT * FROM `yh_business` WHERE  `id` = 3 LIMIT 1 [ RunTime:0.000873s ]
[2020-11-04T12:18:11+08:00][sql] SHOW FULL COLUMNS FROM `yh_webpz` [ RunTime:0.002505s ]
[2020-11-04T12:18:11+08:00][sql] SELECT * FROM `yh_webpz` WHERE  `id` = 1 LIMIT 1 [ RunTime:0.001000s ]
[2020-11-04T12:18:11+08:00][sql] SHOW FULL COLUMNS FROM `yh_information` [ RunTime:0.002911s ]
[2020-11-04T12:18:11+08:00][sql] SELECT * FROM `yh_information` WHERE  `id` = 1 LIMIT 1 [ RunTime:0.000697s ]
[2020-11-04T12:18:38+08:00][sql] CONNECT:[ UseTime:0.001874s ] mysql:host=127.0.0.1;port=3306;dbname=jifei;charset=utf8
[2020-11-04T12:18:38+08:00][sql] SHOW FULL COLUMNS FROM `yh_user` [ RunTime:0.004402s ]
[2020-11-04T12:18:38+08:00][sql] SELECT * FROM `yh_user` WHERE  `id` = 3 LIMIT 1 [ RunTime:0.005714s ]
[2020-11-04T12:18:38+08:00][sql] SHOW FULL COLUMNS FROM `yh_business` [ RunTime:0.004857s ]
[2020-11-04T12:18:38+08:00][sql] SELECT * FROM `yh_business` WHERE  `id` = 3 LIMIT 1 [ RunTime:0.000822s ]
[2020-11-04T12:18:38+08:00][sql] SHOW FULL COLUMNS FROM `yh_webpz` [ RunTime:0.005470s ]
[2020-11-04T12:18:38+08:00][sql] SELECT * FROM `yh_webpz` WHERE  `id` = 1 LIMIT 1 [ RunTime:0.001838s ]
[2020-11-04T12:18:38+08:00][sql] SHOW FULL COLUMNS FROM `yh_information` [ RunTime:0.002667s ]
[2020-11-04T12:18:38+08:00][sql] SELECT * FROM `yh_information` WHERE  `id` = 1 LIMIT 1 [ RunTime:0.000665s ]
[2020-11-04T12:18:39+08:00][sql] CONNECT:[ UseTime:0.001075s ] mysql:host=127.0.0.1;port=3306;dbname=jifei;charset=utf8
[2020-11-04T12:18:39+08:00][sql] SHOW FULL COLUMNS FROM `yh_user` [ RunTime:0.002404s ]
[2020-11-04T12:18:39+08:00][sql] SELECT * FROM `yh_user` WHERE  `id` = 3 LIMIT 1 [ RunTime:0.000629s ]
[2020-11-04T12:18:39+08:00][sql] SHOW FULL COLUMNS FROM `yh_business` [ RunTime:0.001858s ]
[2020-11-04T12:18:39+08:00][sql] SELECT * FROM `yh_business` WHERE  `id` = 3 LIMIT 1 [ RunTime:0.000556s ]
[2020-11-04T12:18:39+08:00][sql] SHOW FULL COLUMNS FROM `yh_webpz` [ RunTime:0.001930s ]
[2020-11-04T12:18:39+08:00][sql] SELECT * FROM `yh_webpz` WHERE  `id` = 1 LIMIT 1 [ RunTime:0.000611s ]
[2020-11-04T12:18:55+08:00][sql] CONNECT:[ UseTime:0.002420s ] mysql:host=127.0.0.1;port=3306;dbname=jifei;charset=utf8
[2020-11-04T12:18:55+08:00][sql] SHOW FULL COLUMNS FROM `yh_user` [ RunTime:0.005674s ]
[2020-11-04T12:18:55+08:00][sql] SELECT * FROM `yh_user` WHERE  `id` = 3 LIMIT 1 [ RunTime:0.015177s ]
[2020-11-04T12:18:55+08:00][sql] SHOW FULL COLUMNS FROM `yh_business` [ RunTime:0.004824s ]
[2020-11-04T12:18:55+08:00][sql] SELECT * FROM `yh_business` WHERE  `id` = 3 LIMIT 1 [ RunTime:0.007029s ]
[2020-11-04T12:18:55+08:00][sql] SHOW FULL COLUMNS FROM `yh_webpz` [ RunTime:0.003619s ]
[2020-11-04T12:18:55+08:00][sql] SELECT * FROM `yh_webpz` WHERE  `id` = 1 LIMIT 1 [ RunTime:0.000847s ]
[2020-11-04T12:19:06+08:00][sql] CONNECT:[ UseTime:0.000953s ] mysql:host=127.0.0.1;port=3306;dbname=jifei;charset=utf8
[2020-11-04T12:19:06+08:00][sql] SHOW FULL COLUMNS FROM `yh_user` [ RunTime:0.003714s ]
[2020-11-04T12:19:06+08:00][sql] SELECT * FROM `yh_user` WHERE  `id` = 3 LIMIT 1 [ RunTime:0.000708s ]
[2020-11-04T12:19:06+08:00][sql] SHOW FULL COLUMNS FROM `yh_business` [ RunTime:0.002044s ]
[2020-11-04T12:19:06+08:00][sql] SELECT * FROM `yh_business` WHERE  `id` = 3 LIMIT 1 [ RunTime:0.000796s ]
[2020-11-04T12:19:06+08:00][sql] SHOW FULL COLUMNS FROM `yh_webpz` [ RunTime:0.002534s ]
[2020-11-04T12:19:06+08:00][sql] SELECT * FROM `yh_webpz` WHERE  `id` = 1 LIMIT 1 [ RunTime:0.000833s ]
[2020-11-04T12:19:06+08:00][sql] SHOW FULL COLUMNS FROM `yh_meal` [ RunTime:0.002147s ]
[2020-11-04T12:19:06+08:00][sql] SELECT * FROM `yh_meal` WHERE  `status` = 1  AND `type` = 1 ORDER BY `id` DESC [ RunTime:0.000687s ]
[2020-11-04T12:19:15+08:00][sql] CONNECT:[ UseTime:0.003982s ] mysql:host=127.0.0.1;port=3306;dbname=jifei;charset=utf8
[2020-11-04T12:19:15+08:00][sql] SHOW FULL COLUMNS FROM `yh_user` [ RunTime:0.005885s ]
[2020-11-04T12:19:15+08:00][sql] SELECT * FROM `yh_user` WHERE  `id` = 3 LIMIT 1 [ RunTime:0.005017s ]
[2020-11-04T12:19:15+08:00][sql] SHOW FULL COLUMNS FROM `yh_business` [ RunTime:0.002268s ]
[2020-11-04T12:19:15+08:00][sql] SELECT * FROM `yh_business` WHERE  `id` = 3 LIMIT 1 [ RunTime:0.000569s ]
[2020-11-04T12:19:15+08:00][sql] SHOW FULL COLUMNS FROM `yh_webpz` [ RunTime:0.002241s ]
[2020-11-04T12:19:15+08:00][sql] SELECT * FROM `yh_webpz` WHERE  `id` = 1 LIMIT 1 [ RunTime:0.000629s ]
[2020-11-04T12:19:15+08:00][sql] SHOW FULL COLUMNS FROM `yh_meal` [ RunTime:0.002577s ]
[2020-11-04T12:19:15+08:00][sql] SELECT * FROM `yh_meal` WHERE  `status` = 1  AND `type` = 1 ORDER BY `id` DESC [ RunTime:0.000731s ]
[2020-11-04T12:19:18+08:00][sql] CONNECT:[ UseTime:0.000950s ] mysql:host=127.0.0.1;port=3306;dbname=jifei;charset=utf8
[2020-11-04T12:19:18+08:00][sql] SHOW FULL COLUMNS FROM `yh_user` [ RunTime:0.004304s ]
[2020-11-04T12:19:18+08:00][sql] SELECT * FROM `yh_user` WHERE  `id` = 3 LIMIT 1 [ RunTime:0.000633s ]
[2020-11-04T12:19:18+08:00][sql] SHOW FULL COLUMNS FROM `yh_business` [ RunTime:0.001725s ]
[2020-11-04T12:19:18+08:00][sql] SELECT * FROM `yh_business` WHERE  `id` = 3 LIMIT 1 [ RunTime:0.000443s ]
[2020-11-04T12:19:18+08:00][sql] SHOW FULL COLUMNS FROM `yh_webpz` [ RunTime:0.002024s ]
[2020-11-04T12:19:18+08:00][sql] SELECT * FROM `yh_webpz` WHERE  `id` = 1 LIMIT 1 [ RunTime:0.000681s ]
[2020-11-04T12:19:18+08:00][sql] SHOW FULL COLUMNS FROM `yh_meal` [ RunTime:0.001576s ]
[2020-11-04T12:19:18+08:00][sql] SELECT * FROM `yh_meal` WHERE  `status` = 1  AND `type` = 1 ORDER BY `id` DESC [ RunTime:0.008697s ]
[2020-11-04T12:19:30+08:00][sql] CONNECT:[ UseTime:0.001030s ] mysql:host=127.0.0.1;port=3306;dbname=jifei;charset=utf8
[2020-11-04T12:19:30+08:00][sql] SHOW FULL COLUMNS FROM `yh_user` [ RunTime:0.004205s ]
[2020-11-04T12:19:30+08:00][sql] SELECT * FROM `yh_user` WHERE  `id` = 3 LIMIT 1 [ RunTime:0.000761s ]
[2020-11-04T12:19:30+08:00][sql] SHOW FULL COLUMNS FROM `yh_business` [ RunTime:0.002197s ]
[2020-11-04T12:19:30+08:00][sql] SELECT * FROM `yh_business` WHERE  `id` = 3 LIMIT 1 [ RunTime:0.000538s ]
[2020-11-04T12:19:30+08:00][sql] SHOW FULL COLUMNS FROM `yh_webpz` [ RunTime:0.001927s ]
[2020-11-04T12:19:30+08:00][sql] SELECT * FROM `yh_webpz` WHERE  `id` = 1 LIMIT 1 [ RunTime:0.000608s ]
[2020-11-04T12:19:40+08:00][sql] CONNECT:[ UseTime:0.001161s ] mysql:host=127.0.0.1;port=3306;dbname=jifei;charset=utf8
[2020-11-04T12:19:40+08:00][sql] SHOW FULL COLUMNS FROM `yh_user` [ RunTime:0.002246s ]
[2020-11-04T12:19:40+08:00][sql] SELECT * FROM `yh_user` WHERE  `id` = 3 LIMIT 1 [ RunTime:0.005722s ]
[2020-11-04T12:19:40+08:00][sql] SHOW FULL COLUMNS FROM `yh_business` [ RunTime:0.006832s ]
[2020-11-04T12:19:40+08:00][sql] SELECT * FROM `yh_business` WHERE  `id` = 3 LIMIT 1 [ RunTime:0.001590s ]
[2020-11-04T12:19:40+08:00][sql] SHOW FULL COLUMNS FROM `yh_webpz` [ RunTime:0.005694s ]
[2020-11-04T12:19:40+08:00][sql] SELECT * FROM `yh_webpz` WHERE  `id` = 1 LIMIT 1 [ RunTime:0.001045s ]
[2020-11-04T12:20:23+08:00][sql] CONNECT:[ UseTime:0.004381s ] mysql:host=127.0.0.1;port=3306;dbname=jifei;charset=utf8
[2020-11-04T12:20:23+08:00][sql] SHOW FULL COLUMNS FROM `yh_user` [ RunTime:0.006306s ]
[2020-11-04T12:20:23+08:00][sql] SELECT * FROM `yh_user` WHERE  `id` = 3 LIMIT 1 [ RunTime:0.003328s ]
[2020-11-04T12:20:23+08:00][sql] SHOW FULL COLUMNS FROM `yh_business` [ RunTime:0.001706s ]
[2020-11-04T12:20:23+08:00][sql] SELECT * FROM `yh_business` WHERE  `id` = 3 LIMIT 1 [ RunTime:0.000651s ]
[2020-11-04T12:20:23+08:00][sql] SHOW FULL COLUMNS FROM `yh_webpz` [ RunTime:0.001974s ]
[2020-11-04T12:20:23+08:00][sql] SELECT * FROM `yh_webpz` WHERE  `id` = 1 LIMIT 1 [ RunTime:0.000794s ]
[2020-11-04T12:20:29+08:00][sql] CONNECT:[ UseTime:0.002163s ] mysql:host=127.0.0.1;port=3306;dbname=jifei;charset=utf8
[2020-11-04T12:20:29+08:00][sql] SHOW FULL COLUMNS FROM `yh_user` [ RunTime:0.002122s ]
[2020-11-04T12:20:29+08:00][sql] SELECT * FROM `yh_user` WHERE  `id` = 3 LIMIT 1 [ RunTime:0.000561s ]
[2020-11-04T12:20:29+08:00][sql] SHOW FULL COLUMNS FROM `yh_business` [ RunTime:0.001580s ]
[2020-11-04T12:20:29+08:00][sql] SELECT * FROM `yh_business` WHERE  `id` = 3 LIMIT 1 [ RunTime:0.000616s ]
[2020-11-04T12:20:29+08:00][sql] SHOW FULL COLUMNS FROM `yh_webpz` [ RunTime:0.001938s ]
[2020-11-04T12:20:29+08:00][sql] SELECT * FROM `yh_webpz` WHERE  `id` = 1 LIMIT 1 [ RunTime:0.001051s ]
[2020-11-04T12:20:35+08:00][sql] CONNECT:[ UseTime:0.000931s ] mysql:host=127.0.0.1;port=3306;dbname=jifei;charset=utf8
[2020-11-04T12:20:35+08:00][sql] SHOW FULL COLUMNS FROM `yh_user` [ RunTime:0.007866s ]
[2020-11-04T12:20:35+08:00][sql] SELECT * FROM `yh_user` WHERE  `id` = 3 LIMIT 1 [ RunTime:0.000807s ]
[2020-11-04T12:20:35+08:00][sql] SHOW FULL COLUMNS FROM `yh_business` [ RunTime:0.010105s ]
[2020-11-04T12:20:35+08:00][sql] SELECT * FROM `yh_business` WHERE  `id` = 3 LIMIT 1 [ RunTime:0.000730s ]
[2020-11-04T12:20:35+08:00][sql] SHOW FULL COLUMNS FROM `yh_webpz` [ RunTime:0.002281s ]
[2020-11-04T12:20:35+08:00][sql] SELECT * FROM `yh_webpz` WHERE  `id` = 1 LIMIT 1 [ RunTime:0.000722s ]
[2020-11-04T12:22:12+08:00][sql] CONNECT:[ UseTime:0.004020s ] mysql:host=127.0.0.1;port=3306;dbname=jifei;charset=utf8
[2020-11-04T12:22:12+08:00][sql] SHOW FULL COLUMNS FROM `yh_user` [ RunTime:0.007418s ]
[2020-11-04T12:22:12+08:00][sql] SELECT * FROM `yh_user` WHERE  `id` = 3 LIMIT 1 [ RunTime:0.003980s ]
[2020-11-04T12:22:12+08:00][sql] SHOW FULL COLUMNS FROM `yh_business` [ RunTime:0.005525s ]
[2020-11-04T12:22:12+08:00][sql] SELECT * FROM `yh_business` WHERE  `id` = 3 LIMIT 1 [ RunTime:0.002666s ]
[2020-11-04T12:22:12+08:00][sql] SHOW FULL COLUMNS FROM `yh_webpz` [ RunTime:0.002438s ]
[2020-11-04T12:22:12+08:00][sql] SELECT * FROM `yh_webpz` WHERE  `id` = 1 LIMIT 1 [ RunTime:0.000706s ]
[2020-11-04T12:22:12+08:00][sql] SHOW FULL COLUMNS FROM `yh_information` [ RunTime:0.001981s ]
[2020-11-04T12:22:12+08:00][sql] SELECT * FROM `yh_information` WHERE  `id` = 1 LIMIT 1 [ RunTime:0.000735s ]
[2020-11-04T12:49:59+08:00][sql] CONNECT:[ UseTime:0.004278s ] mysql:host=127.0.0.1;port=3306;dbname=jifei;charset=utf8
[2020-11-04T12:49:59+08:00][sql] SHOW FULL COLUMNS FROM `yh_webpz` [ RunTime:0.008390s ]
[2020-11-04T12:49:59+08:00][sql] SELECT * FROM `yh_webpz` WHERE  `id` = 1 LIMIT 1 [ RunTime:0.003769s ]
[2020-11-04T14:56:39+08:00][sql] CONNECT:[ UseTime:0.005367s ] mysql:host=127.0.0.1;port=3306;dbname=jifei;charset=utf8
[2020-11-04T14:56:39+08:00][sql] SHOW FULL COLUMNS FROM `yh_webpz` [ RunTime:0.008597s ]
[2020-11-04T14:56:39+08:00][sql] SELECT * FROM `yh_webpz` WHERE  `id` = 1 LIMIT 1 [ RunTime:0.002460s ]
[2020-11-04T16:23:55+08:00][sql] CONNECT:[ UseTime:0.001497s ] mysql:host=127.0.0.1;port=3306;dbname=jifei;charset=utf8
[2020-11-04T16:23:55+08:00][sql] SHOW FULL COLUMNS FROM `yh_webpz` [ RunTime:0.004134s ]
[2020-11-04T16:23:55+08:00][sql] SELECT * FROM `yh_webpz` WHERE  `id` = 1 LIMIT 1 [ RunTime:0.004280s ]
[2020-11-04T16:28:41+08:00][sql] CONNECT:[ UseTime:0.007816s ] mysql:host=127.0.0.1;port=3306;dbname=jifei;charset=utf8
[2020-11-04T16:28:41+08:00][sql] SHOW FULL COLUMNS FROM `yh_webpz` [ RunTime:0.003091s ]
[2020-11-04T16:28:41+08:00][sql] SELECT * FROM `yh_webpz` WHERE  `id` = 1 LIMIT 1 [ RunTime:0.000996s ]
[2020-11-04T16:31:26+08:00][sql] CONNECT:[ UseTime:0.001090s ] mysql:host=127.0.0.1;port=3306;dbname=jifei;charset=utf8
[2020-11-04T16:31:26+08:00][sql] SHOW FULL COLUMNS FROM `yh_webpz` [ RunTime:0.003382s ]
[2020-11-04T16:31:26+08:00][sql] SELECT * FROM `yh_webpz` WHERE  `id` = 1 LIMIT 1 [ RunTime:0.000750s ]
[2020-11-04T17:06:15+08:00][sql] CONNECT:[ UseTime:0.001658s ] mysql:host=127.0.0.1;port=3306;dbname=jifei;charset=utf8
[2020-11-04T17:06:15+08:00][sql] SHOW FULL COLUMNS FROM `yh_webpz` [ RunTime:0.004719s ]
[2020-11-04T17:06:15+08:00][sql] SELECT * FROM `yh_webpz` WHERE  `id` = 1 LIMIT 1 [ RunTime:0.002934s ]
[2020-11-04T17:14:32+08:00][sql] CONNECT:[ UseTime:0.001630s ] mysql:host=127.0.0.1;port=3306;dbname=jifei;charset=utf8
[2020-11-04T17:14:32+08:00][sql] SHOW FULL COLUMNS FROM `yh_webpz` [ RunTime:0.003563s ]
[2020-11-04T17:14:32+08:00][sql] SELECT * FROM `yh_webpz` WHERE  `id` = 1 LIMIT 1 [ RunTime:0.001010s ]
[2020-11-04T17:15:32+08:00][sql] CONNECT:[ UseTime:0.003049s ] mysql:host=127.0.0.1;port=3306;dbname=jifei;charset=utf8
[2020-11-04T17:15:32+08:00][sql] SHOW FULL COLUMNS FROM `yh_webpz` [ RunTime:0.017487s ]
[2020-11-04T17:15:32+08:00][sql] SELECT * FROM `yh_webpz` WHERE  `id` = 1 LIMIT 1 [ RunTime:0.009536s ]
[2020-11-04T17:19:35+08:00][sql] CONNECT:[ UseTime:0.001353s ] mysql:host=127.0.0.1;port=3306;dbname=jifei;charset=utf8
[2020-11-04T17:19:35+08:00][sql] SHOW FULL COLUMNS FROM `yh_webpz` [ RunTime:0.002596s ]
[2020-11-04T17:19:35+08:00][sql] SELECT * FROM `yh_webpz` WHERE  `id` = 1 LIMIT 1 [ RunTime:0.000757s ]
[2020-11-04T17:37:03+08:00][sql] CONNECT:[ UseTime:0.021913s ] mysql:host=127.0.0.1;port=3306;dbname=jifei;charset=utf8
[2020-11-04T17:37:03+08:00][sql] SHOW FULL COLUMNS FROM `yh_webpz` [ RunTime:0.003381s ]
[2020-11-04T17:37:03+08:00][sql] SELECT * FROM `yh_webpz` WHERE  `id` = 1 LIMIT 1 [ RunTime:0.000715s ]
[2020-11-04T17:45:41+08:00][sql] CONNECT:[ UseTime:0.001101s ] mysql:host=127.0.0.1;port=3306;dbname=jifei;charset=utf8
[2020-11-04T17:45:41+08:00][sql] SHOW FULL COLUMNS FROM `yh_webpz` [ RunTime:0.002678s ]
[2020-11-04T17:45:41+08:00][sql] SELECT * FROM `yh_webpz` WHERE  `id` = 1 LIMIT 1 [ RunTime:0.000770s ]
[2020-11-04T21:34:39+08:00][sql] CONNECT:[ UseTime:0.013664s ] mysql:host=127.0.0.1;port=3306;dbname=jifei;charset=utf8
[2020-11-04T21:34:39+08:00][sql] SHOW FULL COLUMNS FROM `yh_webpz` [ RunTime:0.017742s ]
[2020-11-04T21:34:39+08:00][sql] SELECT * FROM `yh_webpz` WHERE  `id` = 1 LIMIT 1 [ RunTime:0.001247s ]
[2020-11-04T21:34:44+08:00][sql] CONNECT:[ UseTime:0.001371s ] mysql:host=127.0.0.1;port=3306;dbname=jifei;charset=utf8
[2020-11-04T21:34:44+08:00][sql] SHOW FULL COLUMNS FROM `yh_webpz` [ RunTime:0.003678s ]
[2020-11-04T21:34:44+08:00][sql] SELECT * FROM `yh_webpz` WHERE  `id` = 1 LIMIT 1 [ RunTime:0.004959s ]
[2020-11-04T21:34:44+08:00][sql] SHOW FULL COLUMNS FROM `yh_user` [ RunTime:0.011244s ]
[2020-11-04T21:34:44+08:00][sql] SELECT * FROM `yh_user` WHERE  `username` = '1178350505'  AND `password` = 'e10adc3949ba59abbe56e057f20f883e' LIMIT 1 [ RunTime:0.001933s ]
[2020-11-04T21:34:45+08:00][sql] CONNECT:[ UseTime:0.001550s ] mysql:host=127.0.0.1;port=3306;dbname=jifei;charset=utf8
[2020-11-04T21:34:45+08:00][sql] SHOW FULL COLUMNS FROM `yh_user` [ RunTime:0.013093s ]
[2020-11-04T21:34:45+08:00][sql] SELECT * FROM `yh_user` WHERE  `id` = 3 LIMIT 1 [ RunTime:0.000804s ]
[2020-11-04T21:34:45+08:00][sql] SHOW FULL COLUMNS FROM `yh_business` [ RunTime:0.002184s ]
[2020-11-04T21:34:45+08:00][sql] SELECT * FROM `yh_business` WHERE  `id` = 3 LIMIT 1 [ RunTime:0.001460s ]
[2020-11-04T21:34:45+08:00][sql] SHOW FULL COLUMNS FROM `yh_webpz` [ RunTime:0.002331s ]
[2020-11-04T21:34:45+08:00][sql] SELECT * FROM `yh_webpz` WHERE  `id` = 1 LIMIT 1 [ RunTime:0.002751s ]
[2020-11-04T21:34:45+08:00][sql] SHOW FULL COLUMNS FROM `yh_information` [ RunTime:0.003626s ]
[2020-11-04T21:34:45+08:00][sql] SELECT * FROM `yh_information` WHERE  `id` = 1 LIMIT 1 [ RunTime:0.029700s ]
[2020-11-04T21:46:59+08:00][sql] CONNECT:[ UseTime:0.001432s ] mysql:host=127.0.0.1;port=3306;dbname=jifei;charset=utf8
[2020-11-04T21:46:59+08:00][sql] SHOW FULL COLUMNS FROM `yh_webpz` [ RunTime:0.003885s ]
[2020-11-04T21:46:59+08:00][sql] SELECT * FROM `yh_webpz` WHERE  `id` = 1 LIMIT 1 [ RunTime:0.001334s ]
[2020-11-04T21:48:11+08:00][sql] CONNECT:[ UseTime:0.004129s ] mysql:host=127.0.0.1;port=3306;dbname=jifei;charset=utf8
[2020-11-04T21:48:11+08:00][sql] SHOW FULL COLUMNS FROM `yh_webpz` [ RunTime:0.005423s ]
[2020-11-04T21:48:11+08:00][sql] SELECT * FROM `yh_webpz` WHERE  `id` = 1 LIMIT 1 [ RunTime:0.001167s ]
