[2020-11-12T20:30:57+08:00][sql] CONNECT:[ UseTime:0.001150s ] mysql:host=127.0.0.1;port=3306;dbname=jifei_ymcx_shop;charset=utf8
[2020-11-12T20:30:57+08:00][sql] SHOW FULL COLUMNS FROM `yh_webpz` [ RunTime:0.001971s ]
[2020-11-12T20:30:57+08:00][sql] SELECT * FROM `yh_webpz` WHERE  `id` = 1 LIMIT 1 [ RunTime:0.000652s ]
[2020-11-12T20:31:02+08:00][sql] CONNECT:[ UseTime:0.003563s ] mysql:host=127.0.0.1;port=3306;dbname=jifei_ymcx_shop;charset=utf8
[2020-11-12T20:31:02+08:00][sql] SHOW FULL COLUMNS FROM `yh_webpz` [ RunTime:0.004716s ]
[2020-11-12T20:31:02+08:00][sql] SELECT * FROM `yh_webpz` WHERE  `id` = 1 LIMIT 1 [ RunTime:0.000770s ]
[2020-11-12T20:31:02+08:00][sql] SHOW FULL COLUMNS FROM `yh_user` [ RunTime:0.001701s ]
[2020-11-12T20:31:02+08:00][sql] SELECT * FROM `yh_user` WHERE  `username` = '1178350505'  AND `password` = '565be15b663c3a1c6a54055410cb763a' LIMIT 1 [ RunTime:0.000579s ]
[2020-11-12T20:31:02+08:00][sql] CONNECT:[ UseTime:0.001511s ] mysql:host=127.0.0.1;port=3306;dbname=jifei_ymcx_shop;charset=utf8
[2020-11-12T20:31:02+08:00][sql] SHOW FULL COLUMNS FROM `yh_webpz` [ RunTime:0.006218s ]
[2020-11-12T20:31:02+08:00][sql] SELECT * FROM `yh_webpz` WHERE  `id` = 1 LIMIT 1 [ RunTime:0.000879s ]
[2020-11-12T20:31:04+08:00][sql] CONNECT:[ UseTime:0.001049s ] mysql:host=127.0.0.1;port=3306;dbname=jifei_ymcx_shop;charset=utf8
[2020-11-12T20:31:04+08:00][sql] SHOW FULL COLUMNS FROM `yh_webpz` [ RunTime:0.002107s ]
[2020-11-12T20:31:04+08:00][sql] SELECT * FROM `yh_webpz` WHERE  `id` = 1 LIMIT 1 [ RunTime:0.000523s ]
[2020-11-12T20:31:12+08:00][sql] CONNECT:[ UseTime:0.005220s ] mysql:host=127.0.0.1;port=3306;dbname=jifei_ymcx_shop;charset=utf8
[2020-11-12T20:31:12+08:00][sql] SHOW FULL COLUMNS FROM `yh_webpz` [ RunTime:0.006719s ]
[2020-11-12T20:31:12+08:00][sql] SELECT * FROM `yh_webpz` WHERE  `id` = 1 LIMIT 1 [ RunTime:0.000581s ]
[2020-11-12T20:31:12+08:00][sql] SHOW FULL COLUMNS FROM `yh_user` [ RunTime:0.001767s ]
[2020-11-12T20:31:12+08:00][sql] SELECT * FROM `yh_user` WHERE  `username` = '1178350505' LIMIT 1 [ RunTime:0.000709s ]
[2020-11-12T20:31:12+08:00][sql] SELECT * FROM `yh_user` WHERE  `email` = '1178350505@qq.com' LIMIT 1 [ RunTime:0.000519s ]
[2020-11-12T20:31:12+08:00][sql] SHOW FULL COLUMNS FROM `yh_verification` [ RunTime:0.006643s ]
[2020-11-12T20:31:12+08:00][sql] SELECT `id` FROM `yh_verification` WHERE  `email` = '1178350505@qq.com' LIMIT 1 [ RunTime:0.000689s ]
[2020-11-12T20:31:12+08:00][sql] INSERT INTO `yh_verification` SET `code` = 'dghotEHKNQSXY356' , `email` = '1178350505@qq.com' , `intime` = 1605184572 [ RunTime:0.001463s ]
[2020-11-12T20:31:12+08:00][sql] SELECT * FROM `yh_webpz` WHERE  `id` = 1 LIMIT 1 [ RunTime:0.001745s ]
[2020-11-12T20:31:12+08:00][sql] CONNECT:[ UseTime:0.001009s ] mysql:host=127.0.0.1;port=3306;dbname=jifei_ymcx_shop;charset=utf8
[2020-11-12T20:31:12+08:00][sql] SHOW FULL COLUMNS FROM `yh_webpz` [ RunTime:0.002331s ]
[2020-11-12T20:31:12+08:00][sql] SELECT * FROM `yh_webpz` WHERE  `id` = 1 LIMIT 1 [ RunTime:0.000638s ]
[2020-11-12T20:31:28+08:00][sql] CONNECT:[ UseTime:0.002192s ] mysql:host=127.0.0.1;port=3306;dbname=jifei_ymcx_shop;charset=utf8
[2020-11-12T20:31:28+08:00][sql] SHOW FULL COLUMNS FROM `yh_webpz` [ RunTime:0.004868s ]
[2020-11-12T20:31:28+08:00][sql] SELECT * FROM `yh_webpz` WHERE  `id` = 1 LIMIT 1 [ RunTime:0.000499s ]
[2020-11-12T20:31:30+08:00][sql] CONNECT:[ UseTime:0.024925s ] mysql:host=127.0.0.1;port=3306;dbname=jifei_ymcx_shop;charset=utf8
[2020-11-12T20:31:30+08:00][sql] SHOW FULL COLUMNS FROM `yh_webpz` [ RunTime:0.002921s ]
[2020-11-12T20:31:30+08:00][sql] SELECT * FROM `yh_webpz` WHERE  `id` = 1 LIMIT 1 [ RunTime:0.000831s ]
[2020-11-12T20:31:37+08:00][sql] CONNECT:[ UseTime:0.004872s ] mysql:host=127.0.0.1;port=3306;dbname=jifei_ymcx_shop;charset=utf8
[2020-11-12T20:31:37+08:00][sql] SHOW FULL COLUMNS FROM `yh_webpz` [ RunTime:0.006325s ]
[2020-11-12T20:31:37+08:00][sql] SELECT * FROM `yh_webpz` WHERE  `id` = 1 LIMIT 1 [ RunTime:0.001374s ]
[2020-11-12T20:31:37+08:00][sql] SHOW FULL COLUMNS FROM `yh_user` [ RunTime:0.003447s ]
[2020-11-12T20:31:37+08:00][sql] SELECT * FROM `yh_user` WHERE  `username` = '1178350505' LIMIT 1 [ RunTime:0.000634s ]
[2020-11-12T20:31:37+08:00][sql] SELECT * FROM `yh_user` WHERE  `email` = '1178350505@qq.com' LIMIT 1 [ RunTime:0.000500s ]
[2020-11-12T20:31:37+08:00][sql] INSERT INTO `yh_user` SET `username` = '1178350505' , `password` = '565be15b663c3a1c6a54055410cb763a' , `email` = '1178350505@qq.com' , `qq` = '1178350505' , `balance` = 0 , `intime` = 1605184297 , `status` = 1 [ RunTime:0.021630s ]
[2020-11-12T20:31:37+08:00][sql] SHOW FULL COLUMNS FROM `yh_information` [ RunTime:0.003860s ]
[2020-11-12T20:31:37+08:00][sql] SELECT `give` FROM `yh_information` WHERE  `id` = 1 LIMIT 1 [ RunTime:0.002245s ]
[2020-11-12T20:31:37+08:00][sql] SHOW FULL COLUMNS FROM `yh_business` [ RunTime:0.002102s ]
[2020-11-12T20:31:37+08:00][sql] INSERT INTO `yh_business` SET `id` = 1 , `type` = 1 , `surplus` = 100 , `calltoday` = 0 , `limitnum` = 0 , `user_uid` = 13873 , `user_key` = 'efqsvEGHLUVY025689' [ RunTime:0.003981s ]
[2020-11-12T20:31:37+08:00][sql] CONNECT:[ UseTime:0.000857s ] mysql:host=127.0.0.1;port=3306;dbname=jifei_ymcx_shop;charset=utf8
[2020-11-12T20:31:37+08:00][sql] SHOW FULL COLUMNS FROM `yh_webpz` [ RunTime:0.001690s ]
[2020-11-12T20:31:37+08:00][sql] SELECT * FROM `yh_webpz` WHERE  `id` = 1 LIMIT 1 [ RunTime:0.000591s ]
[2020-11-12T20:31:41+08:00][sql] CONNECT:[ UseTime:0.004080s ] mysql:host=127.0.0.1;port=3306;dbname=jifei_ymcx_shop;charset=utf8
[2020-11-12T20:31:41+08:00][sql] SHOW FULL COLUMNS FROM `yh_webpz` [ RunTime:0.005977s ]
[2020-11-12T20:31:41+08:00][sql] SELECT * FROM `yh_webpz` WHERE  `id` = 1 LIMIT 1 [ RunTime:0.001375s ]
[2020-11-12T20:31:41+08:00][sql] SHOW FULL COLUMNS FROM `yh_user` [ RunTime:0.007131s ]
[2020-11-12T20:31:41+08:00][sql] SELECT * FROM `yh_user` WHERE  `username` = '1178350505'  AND `password` = '565be15b663c3a1c6a54055410cb763a' LIMIT 1 [ RunTime:0.004951s ]
[2020-11-12T20:31:41+08:00][sql] CONNECT:[ UseTime:0.008051s ] mysql:host=127.0.0.1;port=3306;dbname=jifei_ymcx_shop;charset=utf8
[2020-11-12T20:31:41+08:00][sql] SHOW FULL COLUMNS FROM `yh_user` [ RunTime:0.005160s ]
[2020-11-12T20:31:41+08:00][sql] SELECT * FROM `yh_user` WHERE  `id` = 1 LIMIT 1 [ RunTime:0.002746s ]
[2020-11-12T20:31:41+08:00][sql] SHOW FULL COLUMNS FROM `yh_business` [ RunTime:0.007458s ]
[2020-11-12T20:31:41+08:00][sql] SELECT * FROM `yh_business` WHERE  `id` = 1 LIMIT 1 [ RunTime:0.003049s ]
[2020-11-12T20:31:41+08:00][sql] SHOW FULL COLUMNS FROM `yh_webpz` [ RunTime:0.007702s ]
[2020-11-12T20:31:41+08:00][sql] SELECT * FROM `yh_webpz` WHERE  `id` = 1 LIMIT 1 [ RunTime:0.001632s ]
[2020-11-12T20:31:41+08:00][sql] SHOW FULL COLUMNS FROM `yh_record` [ RunTime:0.006660s ]
[2020-11-12T20:31:41+08:00][sql] SELECT COUNT(*) AS think_count FROM `yh_record` WHERE  `uid` = 13873  AND `intime` > 1605110400 [ RunTime:0.001520s ]
[2020-11-12T20:31:41+08:00][sql] SHOW FULL COLUMNS FROM `yh_information` [ RunTime:0.002068s ]
[2020-11-12T20:31:41+08:00][sql] SELECT * FROM `yh_information` WHERE  `id` = 1 LIMIT 1 [ RunTime:0.000548s ]
[2020-11-12T20:31:43+08:00][sql] CONNECT:[ UseTime:0.001193s ] mysql:host=127.0.0.1;port=3306;dbname=jifei_ymcx_shop;charset=utf8
[2020-11-12T20:31:43+08:00][sql] SHOW FULL COLUMNS FROM `yh_user` [ RunTime:0.002411s ]
[2020-11-12T20:31:43+08:00][sql] SELECT * FROM `yh_user` WHERE  `id` = 1 LIMIT 1 [ RunTime:0.001135s ]
[2020-11-12T20:31:43+08:00][sql] SHOW FULL COLUMNS FROM `yh_business` [ RunTime:0.001933s ]
[2020-11-12T20:31:43+08:00][sql] SELECT * FROM `yh_business` WHERE  `id` = 1 LIMIT 1 [ RunTime:0.000586s ]
[2020-11-12T20:31:43+08:00][sql] SHOW FULL COLUMNS FROM `yh_webpz` [ RunTime:0.001804s ]
[2020-11-12T20:31:43+08:00][sql] SELECT * FROM `yh_webpz` WHERE  `id` = 1 LIMIT 1 [ RunTime:0.000631s ]
[2020-11-12T20:31:43+08:00][sql] CONNECT:[ UseTime:0.004576s ] mysql:host=127.0.0.1;port=3306;dbname=jifei_ymcx_shop;charset=utf8
[2020-11-12T20:31:43+08:00][sql] SHOW FULL COLUMNS FROM `yh_user` [ RunTime:0.005913s ]
[2020-11-12T20:31:43+08:00][sql] SELECT * FROM `yh_user` WHERE  `id` = 1 LIMIT 1 [ RunTime:0.016948s ]
[2020-11-12T20:31:43+08:00][sql] SHOW FULL COLUMNS FROM `yh_business` [ RunTime:0.002358s ]
[2020-11-12T20:31:43+08:00][sql] SELECT * FROM `yh_business` WHERE  `id` = 1 LIMIT 1 [ RunTime:0.000524s ]
[2020-11-12T20:31:43+08:00][sql] SHOW FULL COLUMNS FROM `yh_webpz` [ RunTime:0.001743s ]
[2020-11-12T20:31:43+08:00][sql] SELECT * FROM `yh_webpz` WHERE  `id` = 1 LIMIT 1 [ RunTime:0.000711s ]
[2020-11-12T20:31:43+08:00][sql] SHOW FULL COLUMNS FROM `yh_record` [ RunTime:0.002996s ]
[2020-11-12T20:31:43+08:00][sql] SELECT COUNT(*) AS think_count FROM `yh_record` WHERE  `uid` = 13873  AND `intime` > 1605110400 [ RunTime:0.005657s ]
[2020-11-12T20:31:43+08:00][sql] SHOW FULL COLUMNS FROM `yh_information` [ RunTime:0.002036s ]
[2020-11-12T20:31:43+08:00][sql] SELECT * FROM `yh_information` WHERE  `id` = 1 LIMIT 1 [ RunTime:0.000556s ]
[2020-11-12T20:31:45+08:00][sql] CONNECT:[ UseTime:0.001463s ] mysql:host=127.0.0.1;port=3306;dbname=jifei_ymcx_shop;charset=utf8
[2020-11-12T20:31:45+08:00][sql] SHOW FULL COLUMNS FROM `yh_user` [ RunTime:0.002184s ]
[2020-11-12T20:31:45+08:00][sql] SELECT * FROM `yh_user` WHERE  `id` = 1 LIMIT 1 [ RunTime:0.001093s ]
[2020-11-12T20:31:45+08:00][sql] SHOW FULL COLUMNS FROM `yh_business` [ RunTime:0.001961s ]
[2020-11-12T20:31:45+08:00][sql] SELECT * FROM `yh_business` WHERE  `id` = 1 LIMIT 1 [ RunTime:0.003005s ]
[2020-11-12T20:31:45+08:00][sql] SHOW FULL COLUMNS FROM `yh_webpz` [ RunTime:0.002285s ]
[2020-11-12T20:31:45+08:00][sql] SELECT * FROM `yh_webpz` WHERE  `id` = 1 LIMIT 1 [ RunTime:0.000553s ]
[2020-11-12T20:31:45+08:00][sql] SHOW FULL COLUMNS FROM `yh_meal` [ RunTime:0.009418s ]
[2020-11-12T20:31:45+08:00][sql] SELECT * FROM `yh_meal` WHERE  `status` = 1  AND `type` = 1 ORDER BY `id` ASC [ RunTime:0.003755s ]
[2020-11-12T20:31:47+08:00][sql] CONNECT:[ UseTime:0.001169s ] mysql:host=127.0.0.1;port=3306;dbname=jifei_ymcx_shop;charset=utf8
[2020-11-12T20:31:47+08:00][sql] SHOW FULL COLUMNS FROM `yh_user` [ RunTime:0.002663s ]
[2020-11-12T20:31:47+08:00][sql] SELECT * FROM `yh_user` WHERE  `id` = 1 LIMIT 1 [ RunTime:0.000741s ]
[2020-11-12T20:31:47+08:00][sql] SHOW FULL COLUMNS FROM `yh_business` [ RunTime:0.002356s ]
[2020-11-12T20:31:47+08:00][sql] SELECT * FROM `yh_business` WHERE  `id` = 1 LIMIT 1 [ RunTime:0.000687s ]
[2020-11-12T20:31:47+08:00][sql] SHOW FULL COLUMNS FROM `yh_webpz` [ RunTime:0.004429s ]
[2020-11-12T20:31:47+08:00][sql] SELECT * FROM `yh_webpz` WHERE  `id` = 1 LIMIT 1 [ RunTime:0.005493s ]
[2020-11-12T20:31:47+08:00][sql] SHOW FULL COLUMNS FROM `yh_meal` [ RunTime:0.008556s ]
[2020-11-12T20:31:47+08:00][sql] SELECT * FROM `yh_meal` WHERE  `status` = 1  AND `type` = 2 ORDER BY `id` ASC [ RunTime:0.001087s ]
[2020-11-12T20:31:48+08:00][sql] CONNECT:[ UseTime:0.001487s ] mysql:host=127.0.0.1;port=3306;dbname=jifei_ymcx_shop;charset=utf8
[2020-11-12T20:31:48+08:00][sql] SHOW FULL COLUMNS FROM `yh_user` [ RunTime:0.003095s ]
[2020-11-12T20:31:48+08:00][sql] SELECT * FROM `yh_user` WHERE  `id` = 1 LIMIT 1 [ RunTime:0.000698s ]
[2020-11-12T20:31:48+08:00][sql] SHOW FULL COLUMNS FROM `yh_business` [ RunTime:0.001789s ]
[2020-11-12T20:31:48+08:00][sql] SELECT * FROM `yh_business` WHERE  `id` = 1 LIMIT 1 [ RunTime:0.014332s ]
[2020-11-12T20:31:48+08:00][sql] SHOW FULL COLUMNS FROM `yh_webpz` [ RunTime:0.002919s ]
[2020-11-12T20:31:48+08:00][sql] SELECT * FROM `yh_webpz` WHERE  `id` = 1 LIMIT 1 [ RunTime:0.000831s ]
[2020-11-12T20:31:48+08:00][sql] SHOW FULL COLUMNS FROM `yh_meal` [ RunTime:0.002048s ]
[2020-11-12T20:31:48+08:00][sql] SELECT * FROM `yh_meal` WHERE  `status` = 1  AND `type` = 1 ORDER BY `id` ASC [ RunTime:0.001894s ]
[2020-11-12T20:32:29+08:00][sql] CONNECT:[ UseTime:0.001122s ] mysql:host=127.0.0.1;port=3306;dbname=jifei_ymcx_shop;charset=utf8
[2020-11-12T20:32:29+08:00][sql] SHOW FULL COLUMNS FROM `yh_user` [ RunTime:0.017945s ]
[2020-11-12T20:32:29+08:00][sql] SELECT * FROM `yh_user` WHERE  `id` = 1 LIMIT 1 [ RunTime:0.000958s ]
[2020-11-12T20:32:29+08:00][sql] SHOW FULL COLUMNS FROM `yh_business` [ RunTime:0.002294s ]
[2020-11-12T20:32:29+08:00][sql] SELECT * FROM `yh_business` WHERE  `id` = 1 LIMIT 1 [ RunTime:0.000657s ]
[2020-11-12T20:32:29+08:00][sql] SHOW FULL COLUMNS FROM `yh_webpz` [ RunTime:0.004017s ]
[2020-11-12T20:32:29+08:00][sql] SELECT * FROM `yh_webpz` WHERE  `id` = 1 LIMIT 1 [ RunTime:0.000837s ]
[2020-11-12T20:32:29+08:00][sql] SHOW FULL COLUMNS FROM `yh_record` [ RunTime:0.002218s ]
[2020-11-12T20:32:29+08:00][sql] SELECT COUNT(*) AS think_count FROM `yh_record` WHERE  `uid` = 13873  AND `intime` > 1605110400 [ RunTime:0.000742s ]
[2020-11-12T20:32:29+08:00][sql] SHOW FULL COLUMNS FROM `yh_information` [ RunTime:0.002014s ]
[2020-11-12T20:32:29+08:00][sql] SELECT * FROM `yh_information` WHERE  `id` = 1 LIMIT 1 [ RunTime:0.000539s ]
[2020-11-12T21:00:48+08:00][sql] CONNECT:[ UseTime:0.001475s ] mysql:host=127.0.0.1;port=3306;dbname=jifei_ymcx_shop;charset=utf8
[2020-11-12T21:00:48+08:00][sql] SHOW FULL COLUMNS FROM `yh_webpz` [ RunTime:0.002344s ]
[2020-11-12T21:00:48+08:00][sql] SELECT * FROM `yh_webpz` WHERE  `id` = 1 LIMIT 1 [ RunTime:0.001280s ]
[2020-11-12T21:00:52+08:00][sql] CONNECT:[ UseTime:0.005107s ] mysql:host=127.0.0.1;port=3306;dbname=jifei_ymcx_shop;charset=utf8
[2020-11-12T21:00:52+08:00][sql] SHOW FULL COLUMNS FROM `yh_webpz` [ RunTime:0.002810s ]
[2020-11-12T21:00:52+08:00][sql] SELECT * FROM `yh_webpz` WHERE  `id` = 1 LIMIT 1 [ RunTime:0.000738s ]
[2020-11-12T21:00:52+08:00][sql] SHOW FULL COLUMNS FROM `yh_user` [ RunTime:0.002046s ]
[2020-11-12T21:00:52+08:00][sql] SELECT * FROM `yh_user` WHERE  `email` = '1305208061@qq.com'  AND `password` = 'bb8289ef7e918ac5eb0d649202b7e959' LIMIT 1 [ RunTime:0.001145s ]
[2020-11-12T21:00:52+08:00][sql] CONNECT:[ UseTime:0.001285s ] mysql:host=127.0.0.1;port=3306;dbname=jifei_ymcx_shop;charset=utf8
[2020-11-12T21:00:52+08:00][sql] SHOW FULL COLUMNS FROM `yh_webpz` [ RunTime:0.005291s ]
[2020-11-12T21:00:52+08:00][sql] SELECT * FROM `yh_webpz` WHERE  `id` = 1 LIMIT 1 [ RunTime:0.000526s ]
[2020-11-12T21:00:56+08:00][sql] CONNECT:[ UseTime:0.003620s ] mysql:host=127.0.0.1;port=3306;dbname=jifei_ymcx_shop;charset=utf8
[2020-11-12T21:00:56+08:00][sql] SHOW FULL COLUMNS FROM `yh_webpz` [ RunTime:0.006209s ]
[2020-11-12T21:00:56+08:00][sql] SELECT * FROM `yh_webpz` WHERE  `id` = 1 LIMIT 1 [ RunTime:0.005319s ]
[2020-11-12T21:00:56+08:00][sql] SHOW FULL COLUMNS FROM `yh_user` [ RunTime:0.003921s ]
[2020-11-12T21:00:56+08:00][sql] SELECT * FROM `yh_user` WHERE  `username` = 'X1ao怪兽'  AND `password` = 'bb8289ef7e918ac5eb0d649202b7e959' LIMIT 1 [ RunTime:0.000793s ]
[2020-11-12T21:00:57+08:00][sql] CONNECT:[ UseTime:0.001654s ] mysql:host=127.0.0.1;port=3306;dbname=jifei_ymcx_shop;charset=utf8
[2020-11-12T21:00:57+08:00][sql] SHOW FULL COLUMNS FROM `yh_webpz` [ RunTime:0.002376s ]
[2020-11-12T21:00:57+08:00][sql] SELECT * FROM `yh_webpz` WHERE  `id` = 1 LIMIT 1 [ RunTime:0.000828s ]
[2020-11-12T21:01:06+08:00][sql] CONNECT:[ UseTime:0.001583s ] mysql:host=127.0.0.1;port=3306;dbname=jifei_ymcx_shop;charset=utf8
[2020-11-12T21:01:06+08:00][sql] SHOW FULL COLUMNS FROM `yh_webpz` [ RunTime:0.002371s ]
[2020-11-12T21:01:06+08:00][sql] SELECT * FROM `yh_webpz` WHERE  `id` = 1 LIMIT 1 [ RunTime:0.000811s ]
[2020-11-12T21:01:06+08:00][sql] SHOW FULL COLUMNS FROM `yh_user` [ RunTime:0.001718s ]
[2020-11-12T21:01:06+08:00][sql] SELECT * FROM `yh_user` WHERE  `username` = '18665225264'  AND `password` = 'bb8289ef7e918ac5eb0d649202b7e959' LIMIT 1 [ RunTime:0.000694s ]
[2020-11-12T21:01:06+08:00][sql] CONNECT:[ UseTime:0.001269s ] mysql:host=127.0.0.1;port=3306;dbname=jifei_ymcx_shop;charset=utf8
[2020-11-12T21:01:06+08:00][sql] SHOW FULL COLUMNS FROM `yh_webpz` [ RunTime:0.008847s ]
[2020-11-12T21:01:06+08:00][sql] SELECT * FROM `yh_webpz` WHERE  `id` = 1 LIMIT 1 [ RunTime:0.005672s ]
[2020-11-12T21:01:10+08:00][sql] CONNECT:[ UseTime:0.004239s ] mysql:host=127.0.0.1;port=3306;dbname=jifei_ymcx_shop;charset=utf8
[2020-11-12T21:01:10+08:00][sql] SHOW FULL COLUMNS FROM `yh_webpz` [ RunTime:0.005241s ]
[2020-11-12T21:01:10+08:00][sql] SELECT * FROM `yh_webpz` WHERE  `id` = 1 LIMIT 1 [ RunTime:0.003965s ]
[2020-11-12T21:01:10+08:00][sql] SHOW FULL COLUMNS FROM `yh_user` [ RunTime:0.003620s ]
[2020-11-12T21:01:10+08:00][sql] SELECT * FROM `yh_user` WHERE  `username` = '1305208061'  AND `password` = 'bb8289ef7e918ac5eb0d649202b7e959' LIMIT 1 [ RunTime:0.000704s ]
[2020-11-12T21:01:10+08:00][sql] CONNECT:[ UseTime:0.001544s ] mysql:host=127.0.0.1;port=3306;dbname=jifei_ymcx_shop;charset=utf8
[2020-11-12T21:01:10+08:00][sql] SHOW FULL COLUMNS FROM `yh_webpz` [ RunTime:0.002197s ]
[2020-11-12T21:01:10+08:00][sql] SELECT * FROM `yh_webpz` WHERE  `id` = 1 LIMIT 1 [ RunTime:0.000782s ]
[2020-11-12T21:01:20+08:00][sql] CONNECT:[ UseTime:0.001463s ] mysql:host=127.0.0.1;port=3306;dbname=jifei_ymcx_shop;charset=utf8
[2020-11-12T21:01:20+08:00][sql] SHOW FULL COLUMNS FROM `yh_webpz` [ RunTime:0.002274s ]
[2020-11-12T21:01:20+08:00][sql] SELECT * FROM `yh_webpz` WHERE  `id` = 1 LIMIT 1 [ RunTime:0.000729s ]
[2020-11-12T21:01:20+08:00][sql] SHOW FULL COLUMNS FROM `yh_user` [ RunTime:0.001737s ]
[2020-11-12T21:01:20+08:00][sql] SELECT * FROM `yh_user` WHERE  `username` = '18665225264'  AND `password` = 'bb8289ef7e918ac5eb0d649202b7e959' LIMIT 1 [ RunTime:0.000731s ]
[2020-11-12T21:01:20+08:00][sql] CONNECT:[ UseTime:0.001112s ] mysql:host=127.0.0.1;port=3306;dbname=jifei_ymcx_shop;charset=utf8
[2020-11-12T21:01:20+08:00][sql] SHOW FULL COLUMNS FROM `yh_webpz` [ RunTime:0.002504s ]
[2020-11-12T21:01:20+08:00][sql] SELECT * FROM `yh_webpz` WHERE  `id` = 1 LIMIT 1 [ RunTime:0.000906s ]
[2020-11-12T21:01:28+08:00][sql] CONNECT:[ UseTime:0.001107s ] mysql:host=127.0.0.1;port=3306;dbname=jifei_ymcx_shop;charset=utf8
[2020-11-12T21:01:28+08:00][sql] SHOW FULL COLUMNS FROM `yh_webpz` [ RunTime:0.002478s ]
[2020-11-12T21:01:28+08:00][sql] SELECT * FROM `yh_webpz` WHERE  `id` = 1 LIMIT 1 [ RunTime:0.004557s ]
[2020-11-12T21:01:28+08:00][sql] SHOW FULL COLUMNS FROM `yh_user` [ RunTime:0.006992s ]
[2020-11-12T21:01:28+08:00][sql] SELECT * FROM `yh_user` WHERE  `username` = '1305208061'  AND `password` = 'bb8289ef7e918ac5eb0d649202b7e959' LIMIT 1 [ RunTime:0.003891s ]
[2020-11-12T21:01:28+08:00][sql] CONNECT:[ UseTime:0.001160s ] mysql:host=127.0.0.1;port=3306;dbname=jifei_ymcx_shop;charset=utf8
[2020-11-12T21:01:28+08:00][sql] SHOW FULL COLUMNS FROM `yh_webpz` [ RunTime:0.002058s ]
[2020-11-12T21:01:28+08:00][sql] SELECT * FROM `yh_webpz` WHERE  `id` = 1 LIMIT 1 [ RunTime:0.000671s ]
[2020-11-12T21:01:36+08:00][sql] CONNECT:[ UseTime:0.004073s ] mysql:host=127.0.0.1;port=3306;dbname=jifei_ymcx_shop;charset=utf8
[2020-11-12T21:01:36+08:00][sql] SHOW FULL COLUMNS FROM `yh_webpz` [ RunTime:0.005464s ]
[2020-11-12T21:01:36+08:00][sql] SELECT * FROM `yh_webpz` WHERE  `id` = 1 LIMIT 1 [ RunTime:0.004467s ]
[2020-11-12T21:01:36+08:00][sql] SHOW FULL COLUMNS FROM `yh_user` [ RunTime:0.002211s ]
[2020-11-12T21:01:36+08:00][sql] SELECT * FROM `yh_user` WHERE  `email` = '1305208061@qq.com'  AND `password` = 'bb8289ef7e918ac5eb0d649202b7e959' LIMIT 1 [ RunTime:0.000692s ]
[2020-11-12T21:01:37+08:00][sql] CONNECT:[ UseTime:0.001002s ] mysql:host=127.0.0.1;port=3306;dbname=jifei_ymcx_shop;charset=utf8
[2020-11-12T21:01:37+08:00][sql] SHOW FULL COLUMNS FROM `yh_webpz` [ RunTime:0.002316s ]
[2020-11-12T21:01:37+08:00][sql] SELECT * FROM `yh_webpz` WHERE  `id` = 1 LIMIT 1 [ RunTime:0.000758s ]
[2020-11-12T21:01:39+08:00][sql] CONNECT:[ UseTime:0.002159s ] mysql:host=127.0.0.1;port=3306;dbname=jifei_ymcx_shop;charset=utf8
[2020-11-12T21:01:39+08:00][sql] SHOW FULL COLUMNS FROM `yh_webpz` [ RunTime:0.006253s ]
[2020-11-12T21:01:39+08:00][sql] SELECT * FROM `yh_webpz` WHERE  `id` = 1 LIMIT 1 [ RunTime:0.000914s ]
[2020-11-12T21:01:41+08:00][sql] CONNECT:[ UseTime:0.004165s ] mysql:host=127.0.0.1;port=3306;dbname=jifei_ymcx_shop;charset=utf8
[2020-11-12T21:01:41+08:00][sql] SHOW FULL COLUMNS FROM `yh_webpz` [ RunTime:0.005836s ]
[2020-11-12T21:01:41+08:00][sql] SELECT * FROM `yh_webpz` WHERE  `id` = 1 LIMIT 1 [ RunTime:0.003853s ]
[2020-11-12T21:01:41+08:00][sql] SHOW FULL COLUMNS FROM `yh_user` [ RunTime:0.003635s ]
[2020-11-12T21:01:41+08:00][sql] SELECT `email` FROM `yh_user` WHERE  `username` = '1305208061' LIMIT 1 [ RunTime:0.000766s ]
[2020-11-12T21:01:41+08:00][sql] CONNECT:[ UseTime:0.002534s ] mysql:host=127.0.0.1;port=3306;dbname=jifei_ymcx_shop;charset=utf8
[2020-11-12T21:01:41+08:00][sql] SHOW FULL COLUMNS FROM `yh_webpz` [ RunTime:0.006686s ]
[2020-11-12T21:01:41+08:00][sql] SELECT * FROM `yh_webpz` WHERE  `id` = 1 LIMIT 1 [ RunTime:0.003852s ]
[2020-11-12T21:01:45+08:00][sql] CONNECT:[ UseTime:0.004095s ] mysql:host=127.0.0.1;port=3306;dbname=jifei_ymcx_shop;charset=utf8
[2020-11-12T21:01:45+08:00][sql] SHOW FULL COLUMNS FROM `yh_webpz` [ RunTime:0.005637s ]
[2020-11-12T21:01:45+08:00][sql] SELECT * FROM `yh_webpz` WHERE  `id` = 1 LIMIT 1 [ RunTime:0.004113s ]
[2020-11-12T21:01:45+08:00][sql] SHOW FULL COLUMNS FROM `yh_user` [ RunTime:0.004832s ]
[2020-11-12T21:01:45+08:00][sql] SELECT `email` FROM `yh_user` WHERE  `username` = '18665225264' LIMIT 1 [ RunTime:0.000881s ]
[2020-11-12T21:01:45+08:00][sql] CONNECT:[ UseTime:0.001115s ] mysql:host=127.0.0.1;port=3306;dbname=jifei_ymcx_shop;charset=utf8
[2020-11-12T21:01:45+08:00][sql] SHOW FULL COLUMNS FROM `yh_webpz` [ RunTime:0.002344s ]
[2020-11-12T21:01:45+08:00][sql] SELECT * FROM `yh_webpz` WHERE  `id` = 1 LIMIT 1 [ RunTime:0.001538s ]
[2020-11-12T21:01:49+08:00][sql] CONNECT:[ UseTime:0.002941s ] mysql:host=127.0.0.1;port=3306;dbname=jifei_ymcx_shop;charset=utf8
[2020-11-12T21:01:49+08:00][sql] SHOW FULL COLUMNS FROM `yh_webpz` [ RunTime:0.001732s ]
[2020-11-12T21:01:49+08:00][sql] SELECT * FROM `yh_webpz` WHERE  `id` = 1 LIMIT 1 [ RunTime:0.000604s ]
[2020-11-12T21:01:49+08:00][sql] SHOW FULL COLUMNS FROM `yh_user` [ RunTime:0.001569s ]
[2020-11-12T21:01:49+08:00][sql] SELECT `email` FROM `yh_user` WHERE  `email` = '1305208061@qq.com' LIMIT 1 [ RunTime:0.000941s ]
[2020-11-12T21:01:50+08:00][sql] CONNECT:[ UseTime:0.001176s ] mysql:host=127.0.0.1;port=3306;dbname=jifei_ymcx_shop;charset=utf8
[2020-11-12T21:01:50+08:00][sql] SHOW FULL COLUMNS FROM `yh_webpz` [ RunTime:0.002586s ]
[2020-11-12T21:01:50+08:00][sql] SELECT * FROM `yh_webpz` WHERE  `id` = 1 LIMIT 1 [ RunTime:0.000615s ]
[2020-11-12T21:01:51+08:00][sql] CONNECT:[ UseTime:0.001294s ] mysql:host=127.0.0.1;port=3306;dbname=jifei_ymcx_shop;charset=utf8
[2020-11-12T21:01:51+08:00][sql] SHOW FULL COLUMNS FROM `yh_webpz` [ RunTime:0.001583s ]
[2020-11-12T21:01:51+08:00][sql] SELECT * FROM `yh_webpz` WHERE  `id` = 1 LIMIT 1 [ RunTime:0.000509s ]
[2020-11-12T21:02:13+08:00][sql] CONNECT:[ UseTime:0.003010s ] mysql:host=127.0.0.1;port=3306;dbname=jifei_ymcx_shop;charset=utf8
[2020-11-12T21:02:13+08:00][sql] SHOW FULL COLUMNS FROM `yh_webpz` [ RunTime:0.002157s ]
[2020-11-12T21:02:13+08:00][sql] SELECT * FROM `yh_webpz` WHERE  `id` = 1 LIMIT 1 [ RunTime:0.000652s ]
[2020-11-12T21:02:14+08:00][sql] CONNECT:[ UseTime:0.004326s ] mysql:host=127.0.0.1;port=3306;dbname=jifei_ymcx_shop;charset=utf8
[2020-11-12T21:02:14+08:00][sql] SHOW FULL COLUMNS FROM `yh_webpz` [ RunTime:0.006227s ]
[2020-11-12T21:02:14+08:00][sql] SELECT * FROM `yh_webpz` WHERE  `id` = 1 LIMIT 1 [ RunTime:0.003138s ]
[2020-11-12T21:02:24+08:00][sql] CONNECT:[ UseTime:0.005928s ] mysql:host=127.0.0.1;port=3306;dbname=jifei_ymcx_shop;charset=utf8
[2020-11-12T21:02:24+08:00][sql] SHOW FULL COLUMNS FROM `yh_webpz` [ RunTime:0.016041s ]
[2020-11-12T21:02:24+08:00][sql] SELECT * FROM `yh_webpz` WHERE  `id` = 1 LIMIT 1 [ RunTime:0.000597s ]
[2020-11-12T21:02:24+08:00][sql] SHOW FULL COLUMNS FROM `yh_user` [ RunTime:0.002155s ]
[2020-11-12T21:02:24+08:00][sql] SELECT * FROM `yh_user` WHERE  `username` = 'X1ao怪兽' LIMIT 1 [ RunTime:0.000698s ]
[2020-11-12T21:02:24+08:00][sql] SELECT * FROM `yh_user` WHERE  `email` = '1305208061@qq.com' LIMIT 1 [ RunTime:0.000507s ]
[2020-11-12T21:02:24+08:00][sql] INSERT INTO `yh_user` SET `username` = 'X1ao怪兽' , `password` = 'bb8289ef7e918ac5eb0d649202b7e959' , `email` = '1305208061@qq.com' , `qq` = '1305208061' , `balance` = 0 , `intime` = 1605186144 , `status` = 1 [ RunTime:0.006191s ]
[2020-11-12T21:02:24+08:00][sql] SHOW FULL COLUMNS FROM `yh_information` [ RunTime:0.002211s ]
[2020-11-12T21:02:24+08:00][sql] SELECT `give` FROM `yh_information` WHERE  `id` = 1 LIMIT 1 [ RunTime:0.000591s ]
[2020-11-12T21:02:24+08:00][sql] SHOW FULL COLUMNS FROM `yh_business` [ RunTime:0.001901s ]
[2020-11-12T21:02:24+08:00][sql] INSERT INTO `yh_business` SET `id` = 2 , `type` = 1 , `surplus` = 100 , `calltoday` = 0 , `limitnum` = 0 , `user_uid` = 26016 , `user_key` = 'ikpuvBCEHMNORSTV47' [ RunTime:0.002994s ]
[2020-11-12T21:02:24+08:00][sql] CONNECT:[ UseTime:0.001417s ] mysql:host=127.0.0.1;port=3306;dbname=jifei_ymcx_shop;charset=utf8
[2020-11-12T21:02:24+08:00][sql] SHOW FULL COLUMNS FROM `yh_webpz` [ RunTime:0.002305s ]
[2020-11-12T21:02:24+08:00][sql] SELECT * FROM `yh_webpz` WHERE  `id` = 1 LIMIT 1 [ RunTime:0.000725s ]
[2020-11-12T21:02:28+08:00][sql] CONNECT:[ UseTime:0.001496s ] mysql:host=127.0.0.1;port=3306;dbname=jifei_ymcx_shop;charset=utf8
[2020-11-12T21:02:28+08:00][sql] SHOW FULL COLUMNS FROM `yh_webpz` [ RunTime:0.002526s ]
[2020-11-12T21:02:28+08:00][sql] SELECT * FROM `yh_webpz` WHERE  `id` = 1 LIMIT 1 [ RunTime:0.000789s ]
[2020-11-12T21:02:28+08:00][sql] SHOW FULL COLUMNS FROM `yh_user` [ RunTime:0.001898s ]
[2020-11-12T21:02:28+08:00][sql] SELECT * FROM `yh_user` WHERE  `username` = 'X1ao怪兽'  AND `password` = 'bb8289ef7e918ac5eb0d649202b7e959' LIMIT 1 [ RunTime:0.000656s ]
[2020-11-12T21:02:28+08:00][sql] CONNECT:[ UseTime:0.001269s ] mysql:host=127.0.0.1;port=3306;dbname=jifei_ymcx_shop;charset=utf8
[2020-11-12T21:02:28+08:00][sql] SHOW FULL COLUMNS FROM `yh_user` [ RunTime:0.002736s ]
[2020-11-12T21:02:28+08:00][sql] SELECT * FROM `yh_user` WHERE  `id` = 2 LIMIT 1 [ RunTime:0.002972s ]
[2020-11-12T21:02:28+08:00][sql] SHOW FULL COLUMNS FROM `yh_business` [ RunTime:0.001774s ]
[2020-11-12T21:02:28+08:00][sql] SELECT * FROM `yh_business` WHERE  `id` = 2 LIMIT 1 [ RunTime:0.000593s ]
[2020-11-12T21:02:28+08:00][sql] SHOW FULL COLUMNS FROM `yh_webpz` [ RunTime:0.001544s ]
[2020-11-12T21:02:28+08:00][sql] SELECT * FROM `yh_webpz` WHERE  `id` = 1 LIMIT 1 [ RunTime:0.000686s ]
[2020-11-12T21:02:28+08:00][sql] SHOW FULL COLUMNS FROM `yh_record` [ RunTime:0.001635s ]
[2020-11-12T21:02:28+08:00][sql] SELECT COUNT(*) AS think_count FROM `yh_record` WHERE  `uid` = 26016  AND `intime` > 1605110400 [ RunTime:0.000601s ]
[2020-11-12T21:02:28+08:00][sql] SHOW FULL COLUMNS FROM `yh_information` [ RunTime:0.002984s ]
[2020-11-12T21:02:28+08:00][sql] SELECT * FROM `yh_information` WHERE  `id` = 1 LIMIT 1 [ RunTime:0.000706s ]
[2020-11-12T21:02:34+08:00][sql] CONNECT:[ UseTime:0.004425s ] mysql:host=127.0.0.1;port=3306;dbname=jifei_ymcx_shop;charset=utf8
[2020-11-12T21:02:34+08:00][sql] SHOW FULL COLUMNS FROM `yh_user` [ RunTime:0.005918s ]
[2020-11-12T21:02:34+08:00][sql] SELECT * FROM `yh_user` WHERE  `id` = 2 LIMIT 1 [ RunTime:0.004057s ]
[2020-11-12T21:02:34+08:00][sql] SHOW FULL COLUMNS FROM `yh_business` [ RunTime:0.003248s ]
[2020-11-12T21:02:34+08:00][sql] SELECT * FROM `yh_business` WHERE  `id` = 2 LIMIT 1 [ RunTime:0.000767s ]
[2020-11-12T21:02:34+08:00][sql] SHOW FULL COLUMNS FROM `yh_webpz` [ RunTime:0.002367s ]
[2020-11-12T21:02:34+08:00][sql] SELECT * FROM `yh_webpz` WHERE  `id` = 1 LIMIT 1 [ RunTime:0.000729s ]
[2020-11-12T21:04:13+08:00][sql] CONNECT:[ UseTime:0.001163s ] mysql:host=127.0.0.1;port=3306;dbname=jifei_ymcx_shop;charset=utf8
[2020-11-12T21:04:13+08:00][sql] SHOW FULL COLUMNS FROM `yh_user` [ RunTime:0.002539s ]
[2020-11-12T21:04:13+08:00][sql] SELECT * FROM `yh_user` WHERE  `id` = 2 LIMIT 1 [ RunTime:0.000814s ]
[2020-11-12T21:04:13+08:00][sql] SHOW FULL COLUMNS FROM `yh_business` [ RunTime:0.005108s ]
[2020-11-12T21:04:13+08:00][sql] SELECT * FROM `yh_business` WHERE  `id` = 2 LIMIT 1 [ RunTime:0.003028s ]
[2020-11-12T21:04:13+08:00][sql] SHOW FULL COLUMNS FROM `yh_webpz` [ RunTime:0.007160s ]
[2020-11-12T21:04:13+08:00][sql] SELECT * FROM `yh_webpz` WHERE  `id` = 1 LIMIT 1 [ RunTime:0.022497s ]
[2020-11-12T21:04:21+08:00][sql] CONNECT:[ UseTime:0.001456s ] mysql:host=127.0.0.1;port=3306;dbname=jifei_ymcx_shop;charset=utf8
[2020-11-12T21:04:21+08:00][sql] SHOW FULL COLUMNS FROM `yh_user` [ RunTime:0.005365s ]
[2020-11-12T21:04:21+08:00][sql] SELECT * FROM `yh_user` WHERE  `id` = 2 LIMIT 1 [ RunTime:0.002856s ]
[2020-11-12T21:04:21+08:00][sql] SHOW FULL COLUMNS FROM `yh_business` [ RunTime:0.001748s ]
[2020-11-12T21:04:21+08:00][sql] SELECT * FROM `yh_business` WHERE  `id` = 2 LIMIT 1 [ RunTime:0.007916s ]
[2020-11-12T21:04:21+08:00][sql] SHOW FULL COLUMNS FROM `yh_webpz` [ RunTime:0.002026s ]
[2020-11-12T21:04:21+08:00][sql] SELECT * FROM `yh_webpz` WHERE  `id` = 1 LIMIT 1 [ RunTime:0.000548s ]
[2020-11-12T21:14:16+08:00][sql] CONNECT:[ UseTime:0.004299s ] mysql:host=127.0.0.1;port=3306;dbname=jifei_ymcx_shop;charset=utf8
[2020-11-12T21:14:16+08:00][sql] SHOW FULL COLUMNS FROM `yh_webpz` [ RunTime:0.006382s ]
[2020-11-12T21:14:16+08:00][sql] SELECT * FROM `yh_webpz` WHERE  `id` = 1 LIMIT 1 [ RunTime:0.001505s ]
[2020-11-12T21:17:15+08:00][sql] CONNECT:[ UseTime:0.001785s ] mysql:host=127.0.0.1;port=3306;dbname=jifei_ymcx_shop;charset=utf8
[2020-11-12T21:17:15+08:00][sql] SHOW FULL COLUMNS FROM `yh_webpz` [ RunTime:0.003658s ]
[2020-11-12T21:17:15+08:00][sql] SELECT * FROM `yh_webpz` WHERE  `id` = 1 LIMIT 1 [ RunTime:0.000819s ]
[2020-11-12T21:17:15+08:00][sql] SHOW FULL COLUMNS FROM `yh_user` [ RunTime:0.007179s ]
[2020-11-12T21:17:15+08:00][sql] SELECT * FROM `yh_user` WHERE  `username` = '1178350505'  AND `password` = '967c219d10428924616165bc020fe0cb' LIMIT 1 [ RunTime:0.001685s ]
[2020-11-12T21:17:15+08:00][sql] CONNECT:[ UseTime:0.001221s ] mysql:host=127.0.0.1;port=3306;dbname=jifei_ymcx_shop;charset=utf8
[2020-11-12T21:17:15+08:00][sql] SHOW FULL COLUMNS FROM `yh_webpz` [ RunTime:0.002993s ]
[2020-11-12T21:17:15+08:00][sql] SELECT * FROM `yh_webpz` WHERE  `id` = 1 LIMIT 1 [ RunTime:0.000644s ]
[2020-11-12T21:17:18+08:00][sql] CONNECT:[ UseTime:0.001877s ] mysql:host=127.0.0.1;port=3306;dbname=jifei_ymcx_shop;charset=utf8
[2020-11-12T21:17:18+08:00][sql] SHOW FULL COLUMNS FROM `yh_webpz` [ RunTime:0.002346s ]
[2020-11-12T21:17:18+08:00][sql] SELECT * FROM `yh_webpz` WHERE  `id` = 1 LIMIT 1 [ RunTime:0.001958s ]
[2020-11-12T21:17:18+08:00][sql] SHOW FULL COLUMNS FROM `yh_user` [ RunTime:0.001865s ]
[2020-11-12T21:17:18+08:00][sql] SELECT * FROM `yh_user` WHERE  `username` = '1178350505'  AND `password` = '565be15b663c3a1c6a54055410cb763a' LIMIT 1 [ RunTime:0.000663s ]
[2020-11-12T21:17:19+08:00][sql] CONNECT:[ UseTime:0.001574s ] mysql:host=127.0.0.1;port=3306;dbname=jifei_ymcx_shop;charset=utf8
[2020-11-12T21:17:19+08:00][sql] SHOW FULL COLUMNS FROM `yh_user` [ RunTime:0.002363s ]
[2020-11-12T21:17:19+08:00][sql] SELECT * FROM `yh_user` WHERE  `id` = 1 LIMIT 1 [ RunTime:0.003807s ]
[2020-11-12T21:17:19+08:00][sql] SHOW FULL COLUMNS FROM `yh_business` [ RunTime:0.005924s ]
[2020-11-12T21:17:19+08:00][sql] SELECT * FROM `yh_business` WHERE  `id` = 1 LIMIT 1 [ RunTime:0.001403s ]
[2020-11-12T21:17:19+08:00][sql] SHOW FULL COLUMNS FROM `yh_webpz` [ RunTime:0.002185s ]
[2020-11-12T21:17:19+08:00][sql] SELECT * FROM `yh_webpz` WHERE  `id` = 1 LIMIT 1 [ RunTime:0.000629s ]
[2020-11-12T21:17:19+08:00][sql] SHOW FULL COLUMNS FROM `yh_record` [ RunTime:0.002882s ]
[2020-11-12T21:17:19+08:00][sql] SELECT COUNT(*) AS think_count FROM `yh_record` WHERE  `uid` = 13873  AND `intime` > 1605110400 [ RunTime:0.001952s ]
[2020-11-12T21:17:19+08:00][sql] SHOW FULL COLUMNS FROM `yh_information` [ RunTime:0.001860s ]
[2020-11-12T21:17:19+08:00][sql] SELECT * FROM `yh_information` WHERE  `id` = 1 LIMIT 1 [ RunTime:0.001737s ]
[2020-11-12T21:17:20+08:00][sql] CONNECT:[ UseTime:0.003219s ] mysql:host=127.0.0.1;port=3306;dbname=jifei_ymcx_shop;charset=utf8
[2020-11-12T21:17:20+08:00][sql] SHOW FULL COLUMNS FROM `yh_user` [ RunTime:0.002852s ]
[2020-11-12T21:17:20+08:00][sql] SELECT * FROM `yh_user` WHERE  `id` = 1 LIMIT 1 [ RunTime:0.000630s ]
[2020-11-12T21:17:20+08:00][sql] SHOW FULL COLUMNS FROM `yh_business` [ RunTime:0.002763s ]
[2020-11-12T21:17:20+08:00][sql] SELECT * FROM `yh_business` WHERE  `id` = 1 LIMIT 1 [ RunTime:0.000525s ]
[2020-11-12T21:17:20+08:00][sql] SHOW FULL COLUMNS FROM `yh_webpz` [ RunTime:0.002132s ]
[2020-11-12T21:17:20+08:00][sql] SELECT * FROM `yh_webpz` WHERE  `id` = 1 LIMIT 1 [ RunTime:0.000883s ]
[2020-11-12T21:17:21+08:00][sql] CONNECT:[ UseTime:0.000765s ] mysql:host=127.0.0.1;port=3306;dbname=jifei_ymcx_shop;charset=utf8
[2020-11-12T21:17:21+08:00][sql] SHOW FULL COLUMNS FROM `yh_user` [ RunTime:0.001558s ]
[2020-11-12T21:17:21+08:00][sql] SELECT * FROM `yh_user` WHERE  `id` = 1 LIMIT 1 [ RunTime:0.000556s ]
[2020-11-12T21:17:21+08:00][sql] SHOW FULL COLUMNS FROM `yh_business` [ RunTime:0.001171s ]
[2020-11-12T21:17:21+08:00][sql] SELECT * FROM `yh_business` WHERE  `id` = 1 LIMIT 1 [ RunTime:0.000362s ]
[2020-11-12T21:17:21+08:00][sql] SHOW FULL COLUMNS FROM `yh_webpz` [ RunTime:0.001164s ]
[2020-11-12T21:17:21+08:00][sql] SELECT * FROM `yh_webpz` WHERE  `id` = 1 LIMIT 1 [ RunTime:0.000455s ]
[2020-11-12T21:17:21+08:00][sql] CONNECT:[ UseTime:0.001607s ] mysql:host=127.0.0.1;port=3306;dbname=jifei_ymcx_shop;charset=utf8
[2020-11-12T21:17:21+08:00][sql] SHOW FULL COLUMNS FROM `yh_user` [ RunTime:0.006741s ]
[2020-11-12T21:17:21+08:00][sql] SELECT * FROM `yh_user` WHERE  `id` = 1 LIMIT 1 [ RunTime:0.000830s ]
[2020-11-12T21:17:21+08:00][sql] SHOW FULL COLUMNS FROM `yh_business` [ RunTime:0.002165s ]
[2020-11-12T21:17:21+08:00][sql] SELECT * FROM `yh_business` WHERE  `id` = 1 LIMIT 1 [ RunTime:0.000710s ]
[2020-11-12T21:17:21+08:00][sql] SHOW FULL COLUMNS FROM `yh_webpz` [ RunTime:0.002224s ]
[2020-11-12T21:17:21+08:00][sql] SELECT * FROM `yh_webpz` WHERE  `id` = 1 LIMIT 1 [ RunTime:0.000764s ]
[2020-11-12T21:17:21+08:00][sql] SHOW FULL COLUMNS FROM `yh_record` [ RunTime:0.002044s ]
[2020-11-12T21:17:21+08:00][sql] SELECT COUNT(*) AS think_count FROM `yh_record` WHERE  `uid` = 13873 [ RunTime:0.000650s ]
[2020-11-12T21:17:21+08:00][sql] SELECT * FROM `yh_record` WHERE  `uid` = 13873 ORDER BY `id` DESC LIMIT 0,10 [ RunTime:0.000664s ]
[2020-11-12T21:17:23+08:00][sql] CONNECT:[ UseTime:0.002720s ] mysql:host=127.0.0.1;port=3306;dbname=jifei_ymcx_shop;charset=utf8
[2020-11-12T21:17:23+08:00][sql] SHOW FULL COLUMNS FROM `yh_user` [ RunTime:0.003180s ]
[2020-11-12T21:17:23+08:00][sql] SELECT * FROM `yh_user` WHERE  `id` = 1 LIMIT 1 [ RunTime:0.001196s ]
[2020-11-12T21:17:23+08:00][sql] SHOW FULL COLUMNS FROM `yh_business` [ RunTime:0.002588s ]
[2020-11-12T21:17:23+08:00][sql] SELECT * FROM `yh_business` WHERE  `id` = 1 LIMIT 1 [ RunTime:0.007796s ]
[2020-11-12T21:17:23+08:00][sql] SHOW FULL COLUMNS FROM `yh_webpz` [ RunTime:0.007118s ]
[2020-11-12T21:17:23+08:00][sql] SELECT * FROM `yh_webpz` WHERE  `id` = 1 LIMIT 1 [ RunTime:0.000746s ]
[2020-11-12T21:17:24+08:00][sql] CONNECT:[ UseTime:0.001305s ] mysql:host=127.0.0.1;port=3306;dbname=jifei_ymcx_shop;charset=utf8
[2020-11-12T21:17:24+08:00][sql] SHOW FULL COLUMNS FROM `yh_user` [ RunTime:0.002265s ]
[2020-11-12T21:17:24+08:00][sql] SELECT * FROM `yh_user` WHERE  `id` = 1 LIMIT 1 [ RunTime:0.000801s ]
[2020-11-12T21:17:24+08:00][sql] SHOW FULL COLUMNS FROM `yh_business` [ RunTime:0.002034s ]
[2020-11-12T21:17:24+08:00][sql] SELECT * FROM `yh_business` WHERE  `id` = 1 LIMIT 1 [ RunTime:0.000468s ]
[2020-11-12T21:17:24+08:00][sql] SHOW FULL COLUMNS FROM `yh_webpz` [ RunTime:0.002142s ]
[2020-11-12T21:17:24+08:00][sql] SELECT * FROM `yh_webpz` WHERE  `id` = 1 LIMIT 1 [ RunTime:0.001460s ]
[2020-11-12T21:17:24+08:00][sql] SHOW FULL COLUMNS FROM `yh_meal` [ RunTime:0.003985s ]
[2020-11-12T21:17:24+08:00][sql] SELECT * FROM `yh_meal` WHERE  `status` = 1  AND `type` = 1 ORDER BY `id` ASC [ RunTime:0.000692s ]
[2020-11-12T21:17:25+08:00][sql] CONNECT:[ UseTime:0.001209s ] mysql:host=127.0.0.1;port=3306;dbname=jifei_ymcx_shop;charset=utf8
[2020-11-12T21:17:25+08:00][sql] SHOW FULL COLUMNS FROM `yh_user` [ RunTime:0.003078s ]
[2020-11-12T21:17:25+08:00][sql] SELECT * FROM `yh_user` WHERE  `id` = 1 LIMIT 1 [ RunTime:0.000954s ]
[2020-11-12T21:17:25+08:00][sql] SHOW FULL COLUMNS FROM `yh_business` [ RunTime:0.002244s ]
[2020-11-12T21:17:25+08:00][sql] SELECT * FROM `yh_business` WHERE  `id` = 1 LIMIT 1 [ RunTime:0.000649s ]
[2020-11-12T21:17:25+08:00][sql] SHOW FULL COLUMNS FROM `yh_webpz` [ RunTime:0.002987s ]
[2020-11-12T21:17:25+08:00][sql] SELECT * FROM `yh_webpz` WHERE  `id` = 1 LIMIT 1 [ RunTime:0.000830s ]
[2020-11-12T21:17:25+08:00][sql] CONNECT:[ UseTime:0.001131s ] mysql:host=127.0.0.1;port=3306;dbname=jifei_ymcx_shop;charset=utf8
[2020-11-12T21:17:25+08:00][sql] SHOW FULL COLUMNS FROM `yh_user` [ RunTime:0.002388s ]
[2020-11-12T21:17:25+08:00][sql] SELECT * FROM `yh_user` WHERE  `id` = 1 LIMIT 1 [ RunTime:0.001185s ]
[2020-11-12T21:17:25+08:00][sql] SHOW FULL COLUMNS FROM `yh_business` [ RunTime:0.002271s ]
[2020-11-12T21:17:25+08:00][sql] SELECT * FROM `yh_business` WHERE  `id` = 1 LIMIT 1 [ RunTime:0.000557s ]
[2020-11-12T21:17:25+08:00][sql] SHOW FULL COLUMNS FROM `yh_webpz` [ RunTime:0.002866s ]
[2020-11-12T21:17:25+08:00][sql] SELECT * FROM `yh_webpz` WHERE  `id` = 1 LIMIT 1 [ RunTime:0.000779s ]
[2020-11-12T21:17:26+08:00][sql] CONNECT:[ UseTime:0.001134s ] mysql:host=127.0.0.1;port=3306;dbname=jifei_ymcx_shop;charset=utf8
[2020-11-12T21:17:26+08:00][sql] SHOW FULL COLUMNS FROM `yh_user` [ RunTime:0.002391s ]
[2020-11-12T21:17:26+08:00][sql] SELECT * FROM `yh_user` WHERE  `id` = 1 LIMIT 1 [ RunTime:0.000701s ]
[2020-11-12T21:17:26+08:00][sql] SHOW FULL COLUMNS FROM `yh_business` [ RunTime:0.001810s ]
[2020-11-12T21:17:26+08:00][sql] SELECT * FROM `yh_business` WHERE  `id` = 1 LIMIT 1 [ RunTime:0.000562s ]
[2020-11-12T21:17:26+08:00][sql] SHOW FULL COLUMNS FROM `yh_webpz` [ RunTime:0.001818s ]
[2020-11-12T21:17:26+08:00][sql] SELECT * FROM `yh_webpz` WHERE  `id` = 1 LIMIT 1 [ RunTime:0.000527s ]
[2020-11-12T21:17:29+08:00][sql] CONNECT:[ UseTime:0.001262s ] mysql:host=127.0.0.1;port=3306;dbname=jifei_ymcx_shop;charset=utf8
[2020-11-12T21:17:29+08:00][sql] SHOW FULL COLUMNS FROM `yh_user` [ RunTime:0.003929s ]
[2020-11-12T21:17:29+08:00][sql] SELECT * FROM `yh_user` WHERE  `id` = 1 LIMIT 1 [ RunTime:0.000824s ]
[2020-11-12T21:17:29+08:00][sql] SHOW FULL COLUMNS FROM `yh_business` [ RunTime:0.002078s ]
[2020-11-12T21:17:29+08:00][sql] SELECT * FROM `yh_business` WHERE  `id` = 1 LIMIT 1 [ RunTime:0.000639s ]
[2020-11-12T21:17:29+08:00][sql] SHOW FULL COLUMNS FROM `yh_webpz` [ RunTime:0.002192s ]
[2020-11-12T21:17:29+08:00][sql] SELECT * FROM `yh_webpz` WHERE  `id` = 1 LIMIT 1 [ RunTime:0.001101s ]
[2020-11-12T21:18:48+08:00][sql] CONNECT:[ UseTime:0.001171s ] mysql:host=127.0.0.1;port=3306;dbname=jifei_ymcx_shop;charset=utf8
[2020-11-12T21:18:48+08:00][sql] SHOW FULL COLUMNS FROM `yh_user` [ RunTime:0.002264s ]
[2020-11-12T21:18:48+08:00][sql] SELECT * FROM `yh_user` WHERE  `id` = 1 LIMIT 1 [ RunTime:0.000709s ]
[2020-11-12T21:18:48+08:00][sql] SHOW FULL COLUMNS FROM `yh_business` [ RunTime:0.004853s ]
[2020-11-12T21:18:48+08:00][sql] SELECT * FROM `yh_business` WHERE  `id` = 1 LIMIT 1 [ RunTime:0.006617s ]
[2020-11-12T21:18:48+08:00][sql] SHOW FULL COLUMNS FROM `yh_webpz` [ RunTime:0.002722s ]
[2020-11-12T21:18:48+08:00][sql] SELECT * FROM `yh_webpz` WHERE  `id` = 1 LIMIT 1 [ RunTime:0.000513s ]
[2020-11-12T21:18:57+08:00][sql] CONNECT:[ UseTime:0.001453s ] mysql:host=127.0.0.1;port=3306;dbname=jifei_ymcx_shop;charset=utf8
[2020-11-12T21:18:57+08:00][sql] SHOW FULL COLUMNS FROM `yh_user` [ RunTime:0.002220s ]
[2020-11-12T21:18:57+08:00][sql] SELECT * FROM `yh_user` WHERE  `id` = 1 LIMIT 1 [ RunTime:0.000583s ]
[2020-11-12T21:18:57+08:00][sql] SHOW FULL COLUMNS FROM `yh_business` [ RunTime:0.001875s ]
[2020-11-12T21:18:57+08:00][sql] SELECT * FROM `yh_business` WHERE  `id` = 1 LIMIT 1 [ RunTime:0.000450s ]
[2020-11-12T21:18:57+08:00][sql] SHOW FULL COLUMNS FROM `yh_webpz` [ RunTime:0.002412s ]
[2020-11-12T21:18:57+08:00][sql] SELECT * FROM `yh_webpz` WHERE  `id` = 1 LIMIT 1 [ RunTime:0.000671s ]
[2020-11-12T21:21:38+08:00][sql] CONNECT:[ UseTime:0.003383s ] mysql:host=127.0.0.1;port=3306;dbname=jifei_ymcx_shop;charset=utf8
[2020-11-12T21:21:38+08:00][sql] SHOW FULL COLUMNS FROM `yh_user` [ RunTime:0.002452s ]
[2020-11-12T21:21:38+08:00][sql] SELECT * FROM `yh_user` WHERE  `id` = 1 LIMIT 1 [ RunTime:0.000874s ]
[2020-11-12T21:21:38+08:00][sql] SHOW FULL COLUMNS FROM `yh_business` [ RunTime:0.005813s ]
[2020-11-12T21:21:38+08:00][sql] SELECT * FROM `yh_business` WHERE  `id` = 1 LIMIT 1 [ RunTime:0.001255s ]
[2020-11-12T21:21:38+08:00][sql] SHOW FULL COLUMNS FROM `yh_webpz` [ RunTime:0.003061s ]
[2020-11-12T21:21:38+08:00][sql] SELECT * FROM `yh_webpz` WHERE  `id` = 1 LIMIT 1 [ RunTime:0.000628s ]
[2020-11-12T21:21:45+08:00][sql] CONNECT:[ UseTime:0.001162s ] mysql:host=127.0.0.1;port=3306;dbname=jifei_ymcx_shop;charset=utf8
[2020-11-12T21:21:45+08:00][sql] SHOW FULL COLUMNS FROM `yh_user` [ RunTime:0.002342s ]
[2020-11-12T21:21:45+08:00][sql] SELECT * FROM `yh_user` WHERE  `id` = 1 LIMIT 1 [ RunTime:0.000904s ]
[2020-11-12T21:21:45+08:00][sql] SHOW FULL COLUMNS FROM `yh_business` [ RunTime:0.001926s ]
[2020-11-12T21:21:45+08:00][sql] SELECT * FROM `yh_business` WHERE  `id` = 1 LIMIT 1 [ RunTime:0.000821s ]
[2020-11-12T21:21:45+08:00][sql] SHOW FULL COLUMNS FROM `yh_webpz` [ RunTime:0.001708s ]
[2020-11-12T21:21:45+08:00][sql] SELECT * FROM `yh_webpz` WHERE  `id` = 1 LIMIT 1 [ RunTime:0.003475s ]
[2020-11-12T21:22:29+08:00][sql] CONNECT:[ UseTime:0.001452s ] mysql:host=127.0.0.1;port=3306;dbname=jifei_ymcx_shop;charset=utf8
[2020-11-12T21:22:29+08:00][sql] SHOW FULL COLUMNS FROM `yh_user` [ RunTime:0.002633s ]
[2020-11-12T21:22:29+08:00][sql] SELECT * FROM `yh_user` WHERE  `id` = 1 LIMIT 1 [ RunTime:0.001257s ]
[2020-11-12T21:22:29+08:00][sql] SHOW FULL COLUMNS FROM `yh_business` [ RunTime:0.017419s ]
[2020-11-12T21:22:29+08:00][sql] SELECT * FROM `yh_business` WHERE  `id` = 1 LIMIT 1 [ RunTime:0.000683s ]
[2020-11-12T21:22:29+08:00][sql] SHOW FULL COLUMNS FROM `yh_webpz` [ RunTime:0.002056s ]
[2020-11-12T21:22:29+08:00][sql] SELECT * FROM `yh_webpz` WHERE  `id` = 1 LIMIT 1 [ RunTime:0.000551s ]
[2020-11-12T21:22:29+08:00][sql] SHOW FULL COLUMNS FROM `yh_record` [ RunTime:0.002275s ]
[2020-11-12T21:22:29+08:00][sql] SELECT COUNT(*) AS think_count FROM `yh_record` WHERE  `uid` = 13873  AND `intime` > 1605110400 [ RunTime:0.000717s ]
[2020-11-12T21:22:29+08:00][sql] SHOW FULL COLUMNS FROM `yh_information` [ RunTime:0.002010s ]
[2020-11-12T21:22:29+08:00][sql] SELECT * FROM `yh_information` WHERE  `id` = 1 LIMIT 1 [ RunTime:0.000649s ]
[2020-11-12T21:22:35+08:00][sql] CONNECT:[ UseTime:0.001223s ] mysql:host=127.0.0.1;port=3306;dbname=jifei_ymcx_shop;charset=utf8
[2020-11-12T21:22:35+08:00][sql] SHOW FULL COLUMNS FROM `yh_user` [ RunTime:0.002939s ]
[2020-11-12T21:22:35+08:00][sql] SELECT * FROM `yh_user` WHERE  `id` = 1 LIMIT 1 [ RunTime:0.000859s ]
[2020-11-12T21:22:35+08:00][sql] SHOW FULL COLUMNS FROM `yh_business` [ RunTime:0.001831s ]
[2020-11-12T21:22:35+08:00][sql] SELECT * FROM `yh_business` WHERE  `id` = 1 LIMIT 1 [ RunTime:0.000601s ]
[2020-11-12T21:22:35+08:00][sql] SHOW FULL COLUMNS FROM `yh_webpz` [ RunTime:0.001841s ]
[2020-11-12T21:22:35+08:00][sql] SELECT * FROM `yh_webpz` WHERE  `id` = 1 LIMIT 1 [ RunTime:0.000552s ]
[2020-11-12T21:22:36+08:00][sql] CONNECT:[ UseTime:0.001430s ] mysql:host=127.0.0.1;port=3306;dbname=jifei_ymcx_shop;charset=utf8
[2020-11-12T21:22:36+08:00][sql] SHOW FULL COLUMNS FROM `yh_user` [ RunTime:0.002369s ]
[2020-11-12T21:22:36+08:00][sql] SELECT * FROM `yh_user` WHERE  `id` = 1 LIMIT 1 [ RunTime:0.001620s ]
[2020-11-12T21:22:36+08:00][sql] SHOW FULL COLUMNS FROM `yh_business` [ RunTime:0.004487s ]
[2020-11-12T21:22:36+08:00][sql] SELECT * FROM `yh_business` WHERE  `id` = 1 LIMIT 1 [ RunTime:0.000588s ]
[2020-11-12T21:22:36+08:00][sql] SHOW FULL COLUMNS FROM `yh_webpz` [ RunTime:0.001981s ]
[2020-11-12T21:22:36+08:00][sql] SELECT * FROM `yh_webpz` WHERE  `id` = 1 LIMIT 1 [ RunTime:0.000796s ]
[2020-11-12T21:22:45+08:00][sql] CONNECT:[ UseTime:0.001695s ] mysql:host=127.0.0.1;port=3306;dbname=jifei_ymcx_shop;charset=utf8
[2020-11-12T21:22:45+08:00][sql] SHOW FULL COLUMNS FROM `yh_user` [ RunTime:0.003818s ]
[2020-11-12T21:22:45+08:00][sql] SELECT * FROM `yh_user` WHERE  `id` = 1 LIMIT 1 [ RunTime:0.004642s ]
[2020-11-12T21:22:45+08:00][sql] SHOW FULL COLUMNS FROM `yh_business` [ RunTime:0.002301s ]
[2020-11-12T21:22:45+08:00][sql] SELECT * FROM `yh_business` WHERE  `id` = 1 LIMIT 1 [ RunTime:0.001509s ]
[2020-11-12T21:22:45+08:00][sql] SHOW FULL COLUMNS FROM `yh_webpz` [ RunTime:0.002629s ]
[2020-11-12T21:22:45+08:00][sql] SELECT * FROM `yh_webpz` WHERE  `id` = 1 LIMIT 1 [ RunTime:0.000627s ]
[2020-11-12T21:22:45+08:00][sql] SHOW FULL COLUMNS FROM `yh_record` [ RunTime:0.001986s ]
[2020-11-12T21:22:45+08:00][sql] SELECT COUNT(*) AS think_count FROM `yh_record` WHERE  `uid` = 13873  AND `intime` > 1605110400 [ RunTime:0.000723s ]
[2020-11-12T21:22:45+08:00][sql] SHOW FULL COLUMNS FROM `yh_information` [ RunTime:0.005835s ]
[2020-11-12T21:22:45+08:00][sql] SELECT * FROM `yh_information` WHERE  `id` = 1 LIMIT 1 [ RunTime:0.001005s ]
[2020-11-12T21:22:47+08:00][sql] CONNECT:[ UseTime:0.000934s ] mysql:host=127.0.0.1;port=3306;dbname=jifei_ymcx_shop;charset=utf8
[2020-11-12T21:22:47+08:00][sql] SHOW FULL COLUMNS FROM `yh_user` [ RunTime:0.001645s ]
[2020-11-12T21:22:47+08:00][sql] SELECT * FROM `yh_user` WHERE  `id` = 1 LIMIT 1 [ RunTime:0.001055s ]
[2020-11-12T21:22:47+08:00][sql] SHOW FULL COLUMNS FROM `yh_business` [ RunTime:0.001705s ]
[2020-11-12T21:22:47+08:00][sql] SELECT * FROM `yh_business` WHERE  `id` = 1 LIMIT 1 [ RunTime:0.001850s ]
[2020-11-12T21:22:47+08:00][sql] SHOW FULL COLUMNS FROM `yh_webpz` [ RunTime:0.001848s ]
[2020-11-12T21:22:47+08:00][sql] SELECT * FROM `yh_webpz` WHERE  `id` = 1 LIMIT 1 [ RunTime:0.000649s ]
[2020-11-12T21:22:47+08:00][sql] SHOW FULL COLUMNS FROM `yh_record` [ RunTime:0.001740s ]
[2020-11-12T21:22:47+08:00][sql] SELECT COUNT(*) AS think_count FROM `yh_record` WHERE  `uid` = 13873  AND `intime` > 1605110400 [ RunTime:0.000665s ]
[2020-11-12T21:22:47+08:00][sql] SHOW FULL COLUMNS FROM `yh_information` [ RunTime:0.002199s ]
[2020-11-12T21:22:47+08:00][sql] SELECT * FROM `yh_information` WHERE  `id` = 1 LIMIT 1 [ RunTime:0.000712s ]
[2020-11-12T21:22:48+08:00][sql] CONNECT:[ UseTime:0.000876s ] mysql:host=127.0.0.1;port=3306;dbname=jifei_ymcx_shop;charset=utf8
[2020-11-12T21:22:48+08:00][sql] SHOW FULL COLUMNS FROM `yh_user` [ RunTime:0.001794s ]
[2020-11-12T21:22:48+08:00][sql] SELECT * FROM `yh_user` WHERE  `id` = 1 LIMIT 1 [ RunTime:0.000470s ]
[2020-11-12T21:22:48+08:00][sql] SHOW FULL COLUMNS FROM `yh_business` [ RunTime:0.001641s ]
[2020-11-12T21:22:48+08:00][sql] SELECT * FROM `yh_business` WHERE  `id` = 1 LIMIT 1 [ RunTime:0.000524s ]
[2020-11-12T21:22:48+08:00][sql] SHOW FULL COLUMNS FROM `yh_webpz` [ RunTime:0.001366s ]
[2020-11-12T21:22:48+08:00][sql] SELECT * FROM `yh_webpz` WHERE  `id` = 1 LIMIT 1 [ RunTime:0.000596s ]
[2020-11-12T21:22:49+08:00][sql] CONNECT:[ UseTime:0.002101s ] mysql:host=127.0.0.1;port=3306;dbname=jifei_ymcx_shop;charset=utf8
[2020-11-12T21:22:49+08:00][sql] SHOW FULL COLUMNS FROM `yh_user` [ RunTime:0.002128s ]
[2020-11-12T21:22:49+08:00][sql] SELECT * FROM `yh_user` WHERE  `id` = 1 LIMIT 1 [ RunTime:0.000689s ]
[2020-11-12T21:22:49+08:00][sql] SHOW FULL COLUMNS FROM `yh_business` [ RunTime:0.001630s ]
[2020-11-12T21:22:49+08:00][sql] SELECT * FROM `yh_business` WHERE  `id` = 1 LIMIT 1 [ RunTime:0.000627s ]
[2020-11-12T21:22:49+08:00][sql] SHOW FULL COLUMNS FROM `yh_webpz` [ RunTime:0.001998s ]
[2020-11-12T21:22:49+08:00][sql] SELECT * FROM `yh_webpz` WHERE  `id` = 1 LIMIT 1 [ RunTime:0.004392s ]
[2020-11-12T21:22:51+08:00][sql] CONNECT:[ UseTime:0.001100s ] mysql:host=127.0.0.1;port=3306;dbname=jifei_ymcx_shop;charset=utf8
[2020-11-12T21:22:51+08:00][sql] SHOW FULL COLUMNS FROM `yh_user` [ RunTime:0.002059s ]
[2020-11-12T21:22:51+08:00][sql] SELECT * FROM `yh_user` WHERE  `id` = 1 LIMIT 1 [ RunTime:0.000724s ]
[2020-11-12T21:22:51+08:00][sql] SHOW FULL COLUMNS FROM `yh_business` [ RunTime:0.001701s ]
[2020-11-12T21:22:51+08:00][sql] SELECT * FROM `yh_business` WHERE  `id` = 1 LIMIT 1 [ RunTime:0.000516s ]
[2020-11-12T21:22:51+08:00][sql] SHOW FULL COLUMNS FROM `yh_webpz` [ RunTime:0.001585s ]
[2020-11-12T21:22:51+08:00][sql] SELECT * FROM `yh_webpz` WHERE  `id` = 1 LIMIT 1 [ RunTime:0.000520s ]
[2020-11-12T21:22:51+08:00][sql] SHOW FULL COLUMNS FROM `yh_record` [ RunTime:0.002027s ]
[2020-11-12T21:22:51+08:00][sql] SELECT COUNT(*) AS think_count FROM `yh_record` WHERE  `uid` = 13873 [ RunTime:0.000646s ]
[2020-11-12T21:22:51+08:00][sql] SELECT * FROM `yh_record` WHERE  `uid` = 13873 ORDER BY `id` DESC LIMIT 0,10 [ RunTime:0.000598s ]
[2020-11-12T21:22:57+08:00][sql] CONNECT:[ UseTime:0.000882s ] mysql:host=127.0.0.1;port=3306;dbname=jifei_ymcx_shop;charset=utf8
[2020-11-12T21:22:57+08:00][sql] SHOW FULL COLUMNS FROM `yh_user` [ RunTime:0.001576s ]
[2020-11-12T21:22:57+08:00][sql] SELECT * FROM `yh_user` WHERE  `id` = 1 LIMIT 1 [ RunTime:0.000543s ]
[2020-11-12T21:22:57+08:00][sql] SHOW FULL COLUMNS FROM `yh_business` [ RunTime:0.001164s ]
[2020-11-12T21:22:57+08:00][sql] SELECT * FROM `yh_business` WHERE  `id` = 1 LIMIT 1 [ RunTime:0.000397s ]
[2020-11-12T21:22:57+08:00][sql] SHOW FULL COLUMNS FROM `yh_webpz` [ RunTime:0.001334s ]
[2020-11-12T21:22:57+08:00][sql] SELECT * FROM `yh_webpz` WHERE  `id` = 1 LIMIT 1 [ RunTime:0.000437s ]
[2020-11-12T21:22:57+08:00][sql] SHOW FULL COLUMNS FROM `yh_record` [ RunTime:0.001155s ]
[2020-11-12T21:22:57+08:00][sql] SELECT COUNT(*) AS think_count FROM `yh_record` WHERE  `uid` = 13873 [ RunTime:0.000475s ]
[2020-11-12T21:22:57+08:00][sql] SELECT * FROM `yh_record` WHERE  `uid` = 13873 ORDER BY `id` DESC LIMIT 10,10 [ RunTime:0.000416s ]
[2020-11-12T21:22:58+08:00][sql] CONNECT:[ UseTime:0.003996s ] mysql:host=127.0.0.1;port=3306;dbname=jifei_ymcx_shop;charset=utf8
[2020-11-12T21:22:58+08:00][sql] SHOW FULL COLUMNS FROM `yh_user` [ RunTime:0.004241s ]
[2020-11-12T21:22:58+08:00][sql] SELECT * FROM `yh_user` WHERE  `id` = 1 LIMIT 1 [ RunTime:0.000711s ]
[2020-11-12T21:22:58+08:00][sql] SHOW FULL COLUMNS FROM `yh_business` [ RunTime:0.001647s ]
[2020-11-12T21:22:58+08:00][sql] SELECT * FROM `yh_business` WHERE  `id` = 1 LIMIT 1 [ RunTime:0.000559s ]
[2020-11-12T21:22:58+08:00][sql] SHOW FULL COLUMNS FROM `yh_webpz` [ RunTime:0.001805s ]
[2020-11-12T21:22:58+08:00][sql] SELECT * FROM `yh_webpz` WHERE  `id` = 1 LIMIT 1 [ RunTime:0.000594s ]
[2020-11-12T21:22:58+08:00][sql] SHOW FULL COLUMNS FROM `yh_record` [ RunTime:0.001587s ]
[2020-11-12T21:22:58+08:00][sql] SELECT COUNT(*) AS think_count FROM `yh_record` WHERE  `uid` = 13873 [ RunTime:0.000620s ]
[2020-11-12T21:22:58+08:00][sql] SELECT * FROM `yh_record` WHERE  `uid` = 13873 ORDER BY `id` DESC LIMIT 0,10 [ RunTime:0.000707s ]
[2020-11-12T21:22:59+08:00][sql] CONNECT:[ UseTime:0.000884s ] mysql:host=127.0.0.1;port=3306;dbname=jifei_ymcx_shop;charset=utf8
[2020-11-12T21:22:59+08:00][sql] SHOW FULL COLUMNS FROM `yh_user` [ RunTime:0.002314s ]
[2020-11-12T21:22:59+08:00][sql] SELECT * FROM `yh_user` WHERE  `id` = 1 LIMIT 1 [ RunTime:0.000548s ]
[2020-11-12T21:22:59+08:00][sql] SHOW FULL COLUMNS FROM `yh_business` [ RunTime:0.002067s ]
[2020-11-12T21:22:59+08:00][sql] SELECT * FROM `yh_business` WHERE  `id` = 1 LIMIT 1 [ RunTime:0.000537s ]
[2020-11-12T21:22:59+08:00][sql] SHOW FULL COLUMNS FROM `yh_webpz` [ RunTime:0.004667s ]
[2020-11-12T21:22:59+08:00][sql] SELECT * FROM `yh_webpz` WHERE  `id` = 1 LIMIT 1 [ RunTime:0.000661s ]
[2020-11-12T21:22:59+08:00][sql] SHOW FULL COLUMNS FROM `yh_record` [ RunTime:0.001366s ]
[2020-11-12T21:22:59+08:00][sql] SELECT COUNT(*) AS think_count FROM `yh_record` WHERE  `uid` = 13873 [ RunTime:0.000474s ]
[2020-11-12T21:22:59+08:00][sql] SELECT * FROM `yh_record` WHERE  `uid` = 13873 ORDER BY `id` DESC LIMIT 0,10 [ RunTime:0.000566s ]
[2020-11-12T21:23:03+08:00][sql] CONNECT:[ UseTime:0.000926s ] mysql:host=127.0.0.1;port=3306;dbname=jifei_ymcx_shop;charset=utf8
[2020-11-12T21:23:03+08:00][sql] SHOW FULL COLUMNS FROM `yh_user` [ RunTime:0.002035s ]
[2020-11-12T21:23:03+08:00][sql] SELECT * FROM `yh_user` WHERE  `id` = 1 LIMIT 1 [ RunTime:0.001139s ]
[2020-11-12T21:23:03+08:00][sql] SHOW FULL COLUMNS FROM `yh_business` [ RunTime:0.001974s ]
[2020-11-12T21:23:03+08:00][sql] SELECT * FROM `yh_business` WHERE  `id` = 1 LIMIT 1 [ RunTime:0.000687s ]
[2020-11-12T21:23:03+08:00][sql] SHOW FULL COLUMNS FROM `yh_webpz` [ RunTime:0.001505s ]
[2020-11-12T21:23:03+08:00][sql] SELECT * FROM `yh_webpz` WHERE  `id` = 1 LIMIT 1 [ RunTime:0.000564s ]
[2020-11-12T21:23:03+08:00][sql] SHOW FULL COLUMNS FROM `yh_record` [ RunTime:0.001684s ]
[2020-11-12T21:23:03+08:00][sql] SELECT COUNT(*) AS think_count FROM `yh_record` WHERE  `uid` = 13873 [ RunTime:0.000505s ]
[2020-11-12T21:23:03+08:00][sql] SELECT * FROM `yh_record` WHERE  `uid` = 13873 ORDER BY `id` DESC LIMIT 0,10 [ RunTime:0.000864s ]
[2020-11-12T21:23:06+08:00][sql] CONNECT:[ UseTime:0.006376s ] mysql:host=127.0.0.1;port=3306;dbname=jifei_ymcx_shop;charset=utf8
[2020-11-12T21:23:06+08:00][sql] SHOW FULL COLUMNS FROM `yh_user` [ RunTime:0.002097s ]
[2020-11-12T21:23:06+08:00][sql] SELECT * FROM `yh_user` WHERE  `id` = 1 LIMIT 1 [ RunTime:0.001083s ]
[2020-11-12T21:23:06+08:00][sql] SHOW FULL COLUMNS FROM `yh_business` [ RunTime:0.002043s ]
[2020-11-12T21:23:06+08:00][sql] SELECT * FROM `yh_business` WHERE  `id` = 1 LIMIT 1 [ RunTime:0.000881s ]
[2020-11-12T21:23:06+08:00][sql] SHOW FULL COLUMNS FROM `yh_webpz` [ RunTime:0.001938s ]
[2020-11-12T21:23:06+08:00][sql] SELECT * FROM `yh_webpz` WHERE  `id` = 1 LIMIT 1 [ RunTime:0.000779s ]
[2020-11-12T21:23:06+08:00][sql] SHOW FULL COLUMNS FROM `yh_record` [ RunTime:0.001668s ]
[2020-11-12T21:23:06+08:00][sql] SELECT COUNT(*) AS think_count FROM `yh_record` WHERE  `uid` = 13873  AND `intime` > 1605110400 [ RunTime:0.000577s ]
[2020-11-12T21:23:06+08:00][sql] SHOW FULL COLUMNS FROM `yh_information` [ RunTime:0.001876s ]
[2020-11-12T21:23:06+08:00][sql] SELECT * FROM `yh_information` WHERE  `id` = 1 LIMIT 1 [ RunTime:0.000537s ]
[2020-11-12T21:27:35+08:00][sql] CONNECT:[ UseTime:0.003320s ] mysql:host=127.0.0.1;port=3306;dbname=jifei_ymcx_shop;charset=utf8
[2020-11-12T21:27:35+08:00][sql] SHOW FULL COLUMNS FROM `yh_webpz` [ RunTime:0.004328s ]
[2020-11-12T21:27:35+08:00][sql] SELECT * FROM `yh_webpz` WHERE  `id` = 1 LIMIT 1 [ RunTime:0.001567s ]
[2020-11-12T21:27:35+08:00][sql] CONNECT:[ UseTime:0.001604s ] mysql:host=127.0.0.1;port=3306;dbname=jifei_ymcx_shop;charset=utf8
[2020-11-12T21:27:35+08:00][sql] SHOW FULL COLUMNS FROM `yh_webpz` [ RunTime:0.008671s ]
[2020-11-12T21:27:35+08:00][sql] SELECT * FROM `yh_webpz` WHERE  `id` = 1 LIMIT 1 [ RunTime:0.002644s ]
[2020-11-12T21:33:12+08:00][sql] CONNECT:[ UseTime:0.001986s ] mysql:host=127.0.0.1;port=3306;dbname=jifei_ymcx_shop;charset=utf8
[2020-11-12T21:33:12+08:00][sql] SHOW FULL COLUMNS FROM `yh_user` [ RunTime:0.003238s ]
[2020-11-12T21:33:12+08:00][sql] SELECT * FROM `yh_user` WHERE  `id` = 1 LIMIT 1 [ RunTime:0.001102s ]
[2020-11-12T21:33:12+08:00][sql] SHOW FULL COLUMNS FROM `yh_business` [ RunTime:0.001689s ]
[2020-11-12T21:33:12+08:00][sql] SELECT * FROM `yh_business` WHERE  `id` = 1 LIMIT 1 [ RunTime:0.000650s ]
[2020-11-12T21:33:12+08:00][sql] SHOW FULL COLUMNS FROM `yh_webpz` [ RunTime:0.002661s ]
[2020-11-12T21:33:12+08:00][sql] SELECT * FROM `yh_webpz` WHERE  `id` = 1 LIMIT 1 [ RunTime:0.003053s ]
[2020-11-12T21:39:48+08:00][sql] CONNECT:[ UseTime:0.001833s ] mysql:host=127.0.0.1;port=3306;dbname=jifei_ymcx_shop;charset=utf8
[2020-11-12T21:39:48+08:00][sql] SHOW FULL COLUMNS FROM `yh_webpz` [ RunTime:0.003256s ]
[2020-11-12T21:39:48+08:00][sql] SELECT * FROM `yh_webpz` WHERE  `id` = 1 LIMIT 1 [ RunTime:0.000793s ]
[2020-11-12T22:12:06+08:00][sql] CONNECT:[ UseTime:0.001739s ] mysql:host=127.0.0.1;port=3306;dbname=jifei_ymcx_shop;charset=utf8
[2020-11-12T22:12:06+08:00][sql] SHOW FULL COLUMNS FROM `yh_webpz` [ RunTime:0.002701s ]
[2020-11-12T22:12:06+08:00][sql] SELECT * FROM `yh_webpz` WHERE  `id` = 1 LIMIT 1 [ RunTime:0.000689s ]
[2020-11-12T22:13:51+08:00][sql] CONNECT:[ UseTime:0.001442s ] mysql:host=127.0.0.1;port=3306;dbname=jifei_ymcx_shop;charset=utf8
[2020-11-12T22:13:51+08:00][sql] SHOW FULL COLUMNS FROM `yh_webpz` [ RunTime:0.004251s ]
[2020-11-12T22:13:51+08:00][sql] SELECT * FROM `yh_webpz` WHERE  `id` = 1 LIMIT 1 [ RunTime:0.000825s ]
[2020-11-12T22:14:08+08:00][sql] CONNECT:[ UseTime:0.001656s ] mysql:host=127.0.0.1;port=3306;dbname=jifei_ymcx_shop;charset=utf8
[2020-11-12T22:14:08+08:00][sql] SHOW FULL COLUMNS FROM `yh_webpz` [ RunTime:0.007196s ]
[2020-11-12T22:14:08+08:00][sql] SELECT * FROM `yh_webpz` WHERE  `id` = 1 LIMIT 1 [ RunTime:0.008675s ]
[2020-11-12T22:14:08+08:00][sql] SHOW FULL COLUMNS FROM `yh_user` [ RunTime:0.002988s ]
[2020-11-12T22:14:08+08:00][sql] SELECT * FROM `yh_user` WHERE  `username` = '938605039'  AND `password` = '7ef0adb39cbbb4c8deeefad395742edf' LIMIT 1 [ RunTime:0.001630s ]
[2020-11-12T22:14:08+08:00][sql] CONNECT:[ UseTime:0.001452s ] mysql:host=127.0.0.1;port=3306;dbname=jifei_ymcx_shop;charset=utf8
[2020-11-12T22:14:08+08:00][sql] SHOW FULL COLUMNS FROM `yh_webpz` [ RunTime:0.002470s ]
[2020-11-12T22:14:08+08:00][sql] SELECT * FROM `yh_webpz` WHERE  `id` = 1 LIMIT 1 [ RunTime:0.003697s ]
[2020-11-12T22:14:34+08:00][sql] CONNECT:[ UseTime:0.002119s ] mysql:host=127.0.0.1;port=3306;dbname=jifei_ymcx_shop;charset=utf8
[2020-11-12T22:14:34+08:00][sql] SHOW FULL COLUMNS FROM `yh_webpz` [ RunTime:0.003787s ]
[2020-11-12T22:14:34+08:00][sql] SELECT * FROM `yh_webpz` WHERE  `id` = 1 LIMIT 1 [ RunTime:0.000764s ]
[2020-11-12T22:14:34+08:00][sql] SHOW FULL COLUMNS FROM `yh_user` [ RunTime:0.001737s ]
[2020-11-12T22:14:34+08:00][sql] SELECT * FROM `yh_user` WHERE  `email` = '938605039@qq.com'  AND `password` = '7ef0adb39cbbb4c8deeefad395742edf' LIMIT 1 [ RunTime:0.000542s ]
[2020-11-12T22:14:34+08:00][sql] CONNECT:[ UseTime:0.001440s ] mysql:host=127.0.0.1;port=3306;dbname=jifei_ymcx_shop;charset=utf8
[2020-11-12T22:14:34+08:00][sql] SHOW FULL COLUMNS FROM `yh_webpz` [ RunTime:0.002050s ]
[2020-11-12T22:14:34+08:00][sql] SELECT * FROM `yh_webpz` WHERE  `id` = 1 LIMIT 1 [ RunTime:0.000545s ]
[2020-11-12T22:14:48+08:00][sql] CONNECT:[ UseTime:0.001223s ] mysql:host=127.0.0.1;port=3306;dbname=jifei_ymcx_shop;charset=utf8
[2020-11-12T22:14:48+08:00][sql] SHOW FULL COLUMNS FROM `yh_webpz` [ RunTime:0.010925s ]
[2020-11-12T22:14:48+08:00][sql] SELECT * FROM `yh_webpz` WHERE  `id` = 1 LIMIT 1 [ RunTime:0.002012s ]
[2020-11-12T22:15:14+08:00][sql] CONNECT:[ UseTime:0.006350s ] mysql:host=127.0.0.1;port=3306;dbname=jifei_ymcx_shop;charset=utf8
[2020-11-12T22:15:14+08:00][sql] SHOW FULL COLUMNS FROM `yh_webpz` [ RunTime:0.006303s ]
[2020-11-12T22:15:14+08:00][sql] SELECT * FROM `yh_webpz` WHERE  `id` = 1 LIMIT 1 [ RunTime:0.003757s ]
[2020-11-12T22:15:14+08:00][sql] SHOW FULL COLUMNS FROM `yh_user` [ RunTime:0.003346s ]
[2020-11-12T22:15:14+08:00][sql] SELECT * FROM `yh_user` WHERE  `username` = '938605039' LIMIT 1 [ RunTime:0.000914s ]
[2020-11-12T22:15:14+08:00][sql] SELECT * FROM `yh_user` WHERE  `email` = '938605039@qq.com' LIMIT 1 [ RunTime:0.000697s ]
[2020-11-12T22:15:14+08:00][sql] SHOW FULL COLUMNS FROM `yh_verification` [ RunTime:0.002344s ]
[2020-11-12T22:15:14+08:00][sql] SELECT `id` FROM `yh_verification` WHERE  `email` = '938605039@qq.com' LIMIT 1 [ RunTime:0.000879s ]
[2020-11-12T22:15:14+08:00][sql] INSERT INTO `yh_verification` SET `code` = 'couvwzBEGHMSZ379' , `email` = '938605039@qq.com' , `intime` = 1605190812 [ RunTime:0.000973s ]
[2020-11-12T22:15:14+08:00][sql] SELECT * FROM `yh_webpz` WHERE  `id` = 1 LIMIT 1 [ RunTime:0.000890s ]
[2020-11-12T22:15:14+08:00][sql] CONNECT:[ UseTime:0.001165s ] mysql:host=127.0.0.1;port=3306;dbname=jifei_ymcx_shop;charset=utf8
[2020-11-12T22:15:14+08:00][sql] SHOW FULL COLUMNS FROM `yh_webpz` [ RunTime:0.005261s ]
[2020-11-12T22:15:14+08:00][sql] SELECT * FROM `yh_webpz` WHERE  `id` = 1 LIMIT 1 [ RunTime:0.000715s ]
[2020-11-12T22:15:24+08:00][sql] CONNECT:[ UseTime:0.004312s ] mysql:host=127.0.0.1;port=3306;dbname=jifei_ymcx_shop;charset=utf8
[2020-11-12T22:15:24+08:00][sql] SHOW FULL COLUMNS FROM `yh_webpz` [ RunTime:0.002766s ]
[2020-11-12T22:15:24+08:00][sql] SELECT * FROM `yh_webpz` WHERE  `id` = 1 LIMIT 1 [ RunTime:0.000736s ]
[2020-11-12T22:15:24+08:00][sql] SHOW FULL COLUMNS FROM `yh_verification` [ RunTime:0.001887s ]
[2020-11-12T22:15:24+08:00][sql] SELECT * FROM `yh_verification` WHERE  `code` = 'couvwzBEGHMSZ379' LIMIT 1 [ RunTime:0.000621s ]
[2020-11-12T22:15:24+08:00][sql] SHOW FULL COLUMNS FROM `yh_user` [ RunTime:0.001934s ]
[2020-11-12T22:15:24+08:00][sql] INSERT INTO `yh_user` SET `username` = '938605039' , `password` = '7ef0adb39cbbb4c8deeefad395742edf' , `email` = '938605039@qq.com' , `qq` = '938605039' , `balance` = 0 , `intime` = 1605190512 , `status` = 1 [ RunTime:0.003427s ]
[2020-11-12T22:15:24+08:00][sql] SHOW FULL COLUMNS FROM `yh_information` [ RunTime:0.001984s ]
[2020-11-12T22:15:24+08:00][sql] SELECT `give` FROM `yh_information` WHERE  `id` = 1 LIMIT 1 [ RunTime:0.002228s ]
[2020-11-12T22:15:24+08:00][sql] SHOW FULL COLUMNS FROM `yh_business` [ RunTime:0.005345s ]
[2020-11-12T22:15:24+08:00][sql] INSERT INTO `yh_business` SET `id` = 3 , `type` = 1 , `surplus` = 100 , `calltoday` = 0 , `limitnum` = 0 , `user_uid` = 38119 , `user_key` = 'behjkorzABHJOVY012' [ RunTime:0.004067s ]
[2020-11-12T22:15:24+08:00][sql] CONNECT:[ UseTime:0.001396s ] mysql:host=127.0.0.1;port=3306;dbname=jifei_ymcx_shop;charset=utf8
[2020-11-12T22:15:24+08:00][sql] SHOW FULL COLUMNS FROM `yh_webpz` [ RunTime:0.003461s ]
[2020-11-12T22:15:24+08:00][sql] SELECT * FROM `yh_webpz` WHERE  `id` = 1 LIMIT 1 [ RunTime:0.000786s ]
[2020-11-12T22:15:39+08:00][sql] CONNECT:[ UseTime:0.001364s ] mysql:host=127.0.0.1;port=3306;dbname=jifei_ymcx_shop;charset=utf8
[2020-11-12T22:15:39+08:00][sql] SHOW FULL COLUMNS FROM `yh_webpz` [ RunTime:0.002579s ]
[2020-11-12T22:15:39+08:00][sql] SELECT * FROM `yh_webpz` WHERE  `id` = 1 LIMIT 1 [ RunTime:0.000728s ]
[2020-11-12T22:15:39+08:00][sql] SHOW FULL COLUMNS FROM `yh_user` [ RunTime:0.001932s ]
[2020-11-12T22:15:39+08:00][sql] SELECT * FROM `yh_user` WHERE  `username` = '938605039'  AND `password` = '7ef0adb39cbbb4c8deeefad395742edf' LIMIT 1 [ RunTime:0.000716s ]
[2020-11-12T22:15:39+08:00][sql] CONNECT:[ UseTime:0.001579s ] mysql:host=127.0.0.1;port=3306;dbname=jifei_ymcx_shop;charset=utf8
[2020-11-12T22:15:39+08:00][sql] SHOW FULL COLUMNS FROM `yh_user` [ RunTime:0.002206s ]
[2020-11-12T22:15:39+08:00][sql] SELECT * FROM `yh_user` WHERE  `id` = 3 LIMIT 1 [ RunTime:0.001175s ]
[2020-11-12T22:15:39+08:00][sql] SHOW FULL COLUMNS FROM `yh_business` [ RunTime:0.002090s ]
[2020-11-12T22:15:39+08:00][sql] SELECT * FROM `yh_business` WHERE  `id` = 3 LIMIT 1 [ RunTime:0.000495s ]
[2020-11-12T22:15:39+08:00][sql] SHOW FULL COLUMNS FROM `yh_webpz` [ RunTime:0.001632s ]
[2020-11-12T22:15:39+08:00][sql] SELECT * FROM `yh_webpz` WHERE  `id` = 1 LIMIT 1 [ RunTime:0.000521s ]
[2020-11-12T22:15:39+08:00][sql] SHOW FULL COLUMNS FROM `yh_record` [ RunTime:0.001790s ]
[2020-11-12T22:15:39+08:00][sql] SELECT COUNT(*) AS think_count FROM `yh_record` WHERE  `uid` = 38119  AND `intime` > 1605110400 [ RunTime:0.005268s ]
[2020-11-12T22:15:39+08:00][sql] SHOW FULL COLUMNS FROM `yh_information` [ RunTime:0.001957s ]
[2020-11-12T22:15:39+08:00][sql] SELECT * FROM `yh_information` WHERE  `id` = 1 LIMIT 1 [ RunTime:0.009119s ]
[2020-11-12T22:19:54+08:00][sql] CONNECT:[ UseTime:0.001192s ] mysql:host=127.0.0.1;port=3306;dbname=jifei_ymcx_shop;charset=utf8
[2020-11-12T22:19:54+08:00][sql] SHOW FULL COLUMNS FROM `yh_user` [ RunTime:0.002175s ]
[2020-11-12T22:19:54+08:00][sql] SELECT * FROM `yh_user` WHERE  `id` = 3 LIMIT 1 [ RunTime:0.000579s ]
[2020-11-12T22:19:54+08:00][sql] SHOW FULL COLUMNS FROM `yh_business` [ RunTime:0.001809s ]
[2020-11-12T22:19:54+08:00][sql] SELECT * FROM `yh_business` WHERE  `id` = 3 LIMIT 1 [ RunTime:0.000590s ]
[2020-11-12T22:19:54+08:00][sql] SHOW FULL COLUMNS FROM `yh_webpz` [ RunTime:0.002512s ]
[2020-11-12T22:19:54+08:00][sql] SELECT * FROM `yh_webpz` WHERE  `id` = 1 LIMIT 1 [ RunTime:0.012605s ]
[2020-11-12T22:19:54+08:00][sql] SHOW FULL COLUMNS FROM `yh_record` [ RunTime:0.001860s ]
[2020-11-12T22:19:54+08:00][sql] SELECT COUNT(*) AS think_count FROM `yh_record` WHERE  `uid` = 38119  AND `intime` > 1605110400 [ RunTime:0.000532s ]
[2020-11-12T22:19:54+08:00][sql] SHOW FULL COLUMNS FROM `yh_information` [ RunTime:0.001437s ]
[2020-11-12T22:19:54+08:00][sql] SELECT * FROM `yh_information` WHERE  `id` = 1 LIMIT 1 [ RunTime:0.000435s ]
[2020-11-12T22:20:09+08:00][sql] CONNECT:[ UseTime:0.001020s ] mysql:host=127.0.0.1;port=3306;dbname=jifei_ymcx_shop;charset=utf8
[2020-11-12T22:20:09+08:00][sql] SHOW FULL COLUMNS FROM `yh_user` [ RunTime:0.002307s ]
[2020-11-12T22:20:09+08:00][sql] SELECT * FROM `yh_user` WHERE  `id` = 3 LIMIT 1 [ RunTime:0.000690s ]
[2020-11-12T22:20:09+08:00][sql] SHOW FULL COLUMNS FROM `yh_business` [ RunTime:0.001509s ]
[2020-11-12T22:20:09+08:00][sql] SELECT * FROM `yh_business` WHERE  `id` = 3 LIMIT 1 [ RunTime:0.000651s ]
[2020-11-12T22:20:09+08:00][sql] SHOW FULL COLUMNS FROM `yh_webpz` [ RunTime:0.001852s ]
[2020-11-12T22:20:09+08:00][sql] SELECT * FROM `yh_webpz` WHERE  `id` = 1 LIMIT 1 [ RunTime:0.000648s ]
[2020-11-12T22:20:09+08:00][sql] SHOW FULL COLUMNS FROM `yh_record` [ RunTime:0.002696s ]
[2020-11-12T22:20:09+08:00][sql] SELECT COUNT(*) AS think_count FROM `yh_record` WHERE  `uid` = 38119  AND `intime` > 1605110400 [ RunTime:0.000701s ]
[2020-11-12T22:20:09+08:00][sql] SHOW FULL COLUMNS FROM `yh_information` [ RunTime:0.001974s ]
[2020-11-12T22:20:09+08:00][sql] SELECT * FROM `yh_information` WHERE  `id` = 1 LIMIT 1 [ RunTime:0.000550s ]
[2020-11-12T22:20:36+08:00][sql] CONNECT:[ UseTime:0.001810s ] mysql:host=127.0.0.1;port=3306;dbname=jifei_ymcx_shop;charset=utf8
[2020-11-12T22:20:36+08:00][sql] SHOW FULL COLUMNS FROM `yh_user` [ RunTime:0.002189s ]
[2020-11-12T22:20:36+08:00][sql] SELECT * FROM `yh_user` WHERE  `id` = 3 LIMIT 1 [ RunTime:0.000633s ]
[2020-11-12T22:20:36+08:00][sql] SHOW FULL COLUMNS FROM `yh_business` [ RunTime:0.001863s ]
[2020-11-12T22:20:36+08:00][sql] SELECT * FROM `yh_business` WHERE  `id` = 3 LIMIT 1 [ RunTime:0.000586s ]
[2020-11-12T22:20:36+08:00][sql] SHOW FULL COLUMNS FROM `yh_webpz` [ RunTime:0.002779s ]
[2020-11-12T22:20:36+08:00][sql] SELECT * FROM `yh_webpz` WHERE  `id` = 1 LIMIT 1 [ RunTime:0.001134s ]
[2020-11-12T22:20:36+08:00][sql] SHOW FULL COLUMNS FROM `yh_record` [ RunTime:0.001941s ]
[2020-11-12T22:20:36+08:00][sql] SELECT COUNT(*) AS think_count FROM `yh_record` WHERE  `uid` = 38119  AND `intime` > 1605110400 [ RunTime:0.000894s ]
[2020-11-12T22:20:36+08:00][sql] SHOW FULL COLUMNS FROM `yh_information` [ RunTime:0.002035s ]
[2020-11-12T22:20:36+08:00][sql] SELECT * FROM `yh_information` WHERE  `id` = 1 LIMIT 1 [ RunTime:0.015153s ]
[2020-11-12T22:20:40+08:00][sql] CONNECT:[ UseTime:0.001329s ] mysql:host=127.0.0.1;port=3306;dbname=jifei_ymcx_shop;charset=utf8
[2020-11-12T22:20:40+08:00][sql] SHOW FULL COLUMNS FROM `yh_user` [ RunTime:0.002094s ]
[2020-11-12T22:20:40+08:00][sql] SELECT * FROM `yh_user` WHERE  `id` = 3 LIMIT 1 [ RunTime:0.000668s ]
[2020-11-12T22:20:40+08:00][sql] SHOW FULL COLUMNS FROM `yh_business` [ RunTime:0.001619s ]
[2020-11-12T22:20:40+08:00][sql] SELECT * FROM `yh_business` WHERE  `id` = 3 LIMIT 1 [ RunTime:0.000496s ]
[2020-11-12T22:20:40+08:00][sql] SHOW FULL COLUMNS FROM `yh_webpz` [ RunTime:0.001701s ]
[2020-11-12T22:20:40+08:00][sql] SELECT * FROM `yh_webpz` WHERE  `id` = 1 LIMIT 1 [ RunTime:0.000549s ]
[2020-11-12T22:20:47+08:00][sql] CONNECT:[ UseTime:0.002011s ] mysql:host=127.0.0.1;port=3306;dbname=jifei_ymcx_shop;charset=utf8
[2020-11-12T22:20:47+08:00][sql] SHOW FULL COLUMNS FROM `yh_webpz` [ RunTime:0.001603s ]
[2020-11-12T22:20:47+08:00][sql] SELECT * FROM `yh_webpz` WHERE  `id` = 1 LIMIT 1 [ RunTime:0.000467s ]
[2020-11-12T22:20:53+08:00][sql] CONNECT:[ UseTime:0.001896s ] mysql:host=127.0.0.1;port=3306;dbname=jifei_ymcx_shop;charset=utf8
[2020-11-12T22:20:53+08:00][sql] SHOW FULL COLUMNS FROM `yh_user` [ RunTime:0.002839s ]
[2020-11-12T22:20:53+08:00][sql] SELECT * FROM `yh_user` WHERE  `id` = 3 LIMIT 1 [ RunTime:0.000814s ]
[2020-11-12T22:20:53+08:00][sql] SHOW FULL COLUMNS FROM `yh_business` [ RunTime:0.004416s ]
[2020-11-12T22:20:53+08:00][sql] SELECT * FROM `yh_business` WHERE  `id` = 3 LIMIT 1 [ RunTime:0.006966s ]
[2020-11-12T22:20:53+08:00][sql] SHOW FULL COLUMNS FROM `yh_webpz` [ RunTime:0.002017s ]
[2020-11-12T22:20:53+08:00][sql] SELECT * FROM `yh_webpz` WHERE  `id` = 1 LIMIT 1 [ RunTime:0.000623s ]
[2020-11-12T22:20:53+08:00][sql] SHOW FULL COLUMNS FROM `yh_record` [ RunTime:0.001605s ]
[2020-11-12T22:20:53+08:00][sql] SELECT COUNT(*) AS think_count FROM `yh_record` WHERE  `uid` = 38119 [ RunTime:0.000801s ]
[2020-11-12T22:20:53+08:00][sql] SELECT * FROM `yh_record` WHERE  `uid` = 38119 ORDER BY `id` DESC LIMIT 0,10 [ RunTime:0.000641s ]
[2020-11-12T22:20:56+08:00][sql] CONNECT:[ UseTime:0.003522s ] mysql:host=127.0.0.1;port=3306;dbname=jifei_ymcx_shop;charset=utf8
[2020-11-12T22:20:56+08:00][sql] SHOW FULL COLUMNS FROM `yh_user` [ RunTime:0.003091s ]
[2020-11-12T22:20:56+08:00][sql] SELECT * FROM `yh_user` WHERE  `id` = 3 LIMIT 1 [ RunTime:0.000998s ]
[2020-11-12T22:20:56+08:00][sql] SHOW FULL COLUMNS FROM `yh_business` [ RunTime:0.002629s ]
[2020-11-12T22:20:56+08:00][sql] SELECT * FROM `yh_business` WHERE  `id` = 3 LIMIT 1 [ RunTime:0.000828s ]
[2020-11-12T22:20:56+08:00][sql] SHOW FULL COLUMNS FROM `yh_webpz` [ RunTime:0.004785s ]
[2020-11-12T22:20:56+08:00][sql] SELECT * FROM `yh_webpz` WHERE  `id` = 1 LIMIT 1 [ RunTime:0.000871s ]
[2020-11-12T22:20:57+08:00][sql] CONNECT:[ UseTime:0.002638s ] mysql:host=127.0.0.1;port=3306;dbname=jifei_ymcx_shop;charset=utf8
[2020-11-12T22:20:57+08:00][sql] SHOW FULL COLUMNS FROM `yh_user` [ RunTime:0.006016s ]
[2020-11-12T22:20:57+08:00][sql] SELECT * FROM `yh_user` WHERE  `id` = 3 LIMIT 1 [ RunTime:0.003773s ]
[2020-11-12T22:20:57+08:00][sql] SHOW FULL COLUMNS FROM `yh_business` [ RunTime:0.003746s ]
[2020-11-12T22:20:57+08:00][sql] SELECT * FROM `yh_business` WHERE  `id` = 3 LIMIT 1 [ RunTime:0.000720s ]
[2020-11-12T22:20:57+08:00][sql] SHOW FULL COLUMNS FROM `yh_webpz` [ RunTime:0.003860s ]
[2020-11-12T22:20:57+08:00][sql] SELECT * FROM `yh_webpz` WHERE  `id` = 1 LIMIT 1 [ RunTime:0.000723s ]
[2020-11-12T22:20:57+08:00][sql] SHOW FULL COLUMNS FROM `yh_meal` [ RunTime:0.002607s ]
[2020-11-12T22:20:57+08:00][sql] SELECT * FROM `yh_meal` WHERE  `status` = 1  AND `type` = 1 ORDER BY `id` ASC [ RunTime:0.000869s ]
[2020-11-12T22:21:11+08:00][sql] CONNECT:[ UseTime:0.001373s ] mysql:host=127.0.0.1;port=3306;dbname=jifei_ymcx_shop;charset=utf8
[2020-11-12T22:21:11+08:00][sql] SHOW FULL COLUMNS FROM `yh_user` [ RunTime:0.002388s ]
[2020-11-12T22:21:11+08:00][sql] SELECT * FROM `yh_user` WHERE  `id` = 3 LIMIT 1 [ RunTime:0.000675s ]
[2020-11-12T22:21:11+08:00][sql] SHOW FULL COLUMNS FROM `yh_business` [ RunTime:0.003365s ]
[2020-11-12T22:21:11+08:00][sql] SELECT * FROM `yh_business` WHERE  `id` = 3 LIMIT 1 [ RunTime:0.003525s ]
[2020-11-12T22:21:11+08:00][sql] SHOW FULL COLUMNS FROM `yh_webpz` [ RunTime:0.001804s ]
[2020-11-12T22:21:11+08:00][sql] SELECT * FROM `yh_webpz` WHERE  `id` = 1 LIMIT 1 [ RunTime:0.000477s ]
[2020-11-12T22:21:11+08:00][sql] SHOW FULL COLUMNS FROM `yh_record` [ RunTime:0.001259s ]
[2020-11-12T22:21:11+08:00][sql] SELECT COUNT(*) AS think_count FROM `yh_record` WHERE  `uid` = 38119  AND `intime` > 1605110400 [ RunTime:0.000461s ]
[2020-11-12T22:21:11+08:00][sql] SHOW FULL COLUMNS FROM `yh_information` [ RunTime:0.001228s ]
[2020-11-12T22:21:11+08:00][sql] SELECT * FROM `yh_information` WHERE  `id` = 1 LIMIT 1 [ RunTime:0.000418s ]
[2020-11-12T22:21:13+08:00][sql] CONNECT:[ UseTime:0.001126s ] mysql:host=127.0.0.1;port=3306;dbname=jifei_ymcx_shop;charset=utf8
[2020-11-12T22:21:13+08:00][sql] SHOW FULL COLUMNS FROM `yh_user` [ RunTime:0.002149s ]
[2020-11-12T22:21:13+08:00][sql] SELECT * FROM `yh_user` WHERE  `id` = 3 LIMIT 1 [ RunTime:0.000700s ]
[2020-11-12T22:21:13+08:00][sql] SHOW FULL COLUMNS FROM `yh_business` [ RunTime:0.002390s ]
[2020-11-12T22:21:13+08:00][sql] SELECT * FROM `yh_business` WHERE  `id` = 3 LIMIT 1 [ RunTime:0.000624s ]
[2020-11-12T22:21:13+08:00][sql] SHOW FULL COLUMNS FROM `yh_webpz` [ RunTime:0.001685s ]
[2020-11-12T22:21:13+08:00][sql] SELECT * FROM `yh_webpz` WHERE  `id` = 1 LIMIT 1 [ RunTime:0.000487s ]
[2020-11-12T22:21:16+08:00][sql] CONNECT:[ UseTime:0.001667s ] mysql:host=127.0.0.1;port=3306;dbname=jifei_ymcx_shop;charset=utf8
[2020-11-12T22:21:16+08:00][sql] SHOW FULL COLUMNS FROM `yh_user` [ RunTime:0.004181s ]
[2020-11-12T22:21:16+08:00][sql] SELECT * FROM `yh_user` WHERE  `id` = 3 LIMIT 1 [ RunTime:0.001424s ]
[2020-11-12T22:21:16+08:00][sql] SHOW FULL COLUMNS FROM `yh_business` [ RunTime:0.003261s ]
[2020-11-12T22:21:16+08:00][sql] SELECT * FROM `yh_business` WHERE  `id` = 3 LIMIT 1 [ RunTime:0.000858s ]
[2020-11-12T22:21:16+08:00][sql] SHOW FULL COLUMNS FROM `yh_webpz` [ RunTime:0.002897s ]
[2020-11-12T22:21:16+08:00][sql] SELECT * FROM `yh_webpz` WHERE  `id` = 1 LIMIT 1 [ RunTime:0.006922s ]
[2020-11-12T22:22:11+08:00][sql] CONNECT:[ UseTime:0.004008s ] mysql:host=127.0.0.1;port=3306;dbname=jifei_ymcx_shop;charset=utf8
[2020-11-12T22:22:11+08:00][sql] SHOW FULL COLUMNS FROM `yh_user` [ RunTime:0.006367s ]
[2020-11-12T22:22:11+08:00][sql] SELECT * FROM `yh_user` WHERE  `id` = 3 LIMIT 1 [ RunTime:0.019342s ]
[2020-11-12T22:22:11+08:00][sql] SHOW FULL COLUMNS FROM `yh_business` [ RunTime:0.005030s ]
[2020-11-12T22:22:11+08:00][sql] SELECT * FROM `yh_business` WHERE  `id` = 3 LIMIT 1 [ RunTime:0.000868s ]
[2020-11-12T22:22:11+08:00][sql] SHOW FULL COLUMNS FROM `yh_webpz` [ RunTime:0.004427s ]
[2020-11-12T22:22:11+08:00][sql] SELECT * FROM `yh_webpz` WHERE  `id` = 1 LIMIT 1 [ RunTime:0.000867s ]
[2020-11-12T22:22:11+08:00][sql] SHOW FULL COLUMNS FROM `yh_record` [ RunTime:0.002426s ]
[2020-11-12T22:22:11+08:00][sql] SELECT COUNT(*) AS think_count FROM `yh_record` WHERE  `uid` = 38119  AND `intime` > 1605110400 [ RunTime:0.000643s ]
[2020-11-12T22:22:11+08:00][sql] SHOW FULL COLUMNS FROM `yh_information` [ RunTime:0.002400s ]
[2020-11-12T22:22:11+08:00][sql] SELECT * FROM `yh_information` WHERE  `id` = 1 LIMIT 1 [ RunTime:0.000655s ]
[2020-11-12T22:22:19+08:00][sql] CONNECT:[ UseTime:0.001909s ] mysql:host=127.0.0.1;port=3306;dbname=jifei_ymcx_shop;charset=utf8
[2020-11-12T22:22:19+08:00][sql] SHOW FULL COLUMNS FROM `yh_webpz` [ RunTime:0.002678s ]
[2020-11-12T22:22:19+08:00][sql] SELECT * FROM `yh_webpz` WHERE  `id` = 1 LIMIT 1 [ RunTime:0.003892s ]
[2020-11-12T22:22:24+08:00][sql] CONNECT:[ UseTime:0.000867s ] mysql:host=127.0.0.1;port=3306;dbname=jifei_ymcx_shop;charset=utf8
[2020-11-12T22:22:24+08:00][sql] SHOW FULL COLUMNS FROM `yh_webpz` [ RunTime:0.001565s ]
[2020-11-12T22:22:24+08:00][sql] SELECT * FROM `yh_webpz` WHERE  `id` = 1 LIMIT 1 [ RunTime:0.000492s ]
[2020-11-12T22:22:24+08:00][sql] SHOW FULL COLUMNS FROM `yh_user` [ RunTime:0.001241s ]
[2020-11-12T22:22:24+08:00][sql] SELECT * FROM `yh_user` WHERE  `username` = '1178350505'  AND `password` = '565be15b663c3a1c6a54055410cb763a' LIMIT 1 [ RunTime:0.000468s ]
[2020-11-12T22:22:24+08:00][sql] CONNECT:[ UseTime:0.004834s ] mysql:host=127.0.0.1;port=3306;dbname=jifei_ymcx_shop;charset=utf8
[2020-11-12T22:22:24+08:00][sql] SHOW FULL COLUMNS FROM `yh_user` [ RunTime:0.005791s ]
[2020-11-12T22:22:24+08:00][sql] SELECT * FROM `yh_user` WHERE  `id` = 1 LIMIT 1 [ RunTime:0.003751s ]
[2020-11-12T22:22:24+08:00][sql] SHOW FULL COLUMNS FROM `yh_business` [ RunTime:0.001820s ]
[2020-11-12T22:22:24+08:00][sql] SELECT * FROM `yh_business` WHERE  `id` = 1 LIMIT 1 [ RunTime:0.000554s ]
[2020-11-12T22:22:24+08:00][sql] SHOW FULL COLUMNS FROM `yh_webpz` [ RunTime:0.001797s ]
[2020-11-12T22:22:24+08:00][sql] SELECT * FROM `yh_webpz` WHERE  `id` = 1 LIMIT 1 [ RunTime:0.000958s ]
[2020-11-12T22:22:24+08:00][sql] SHOW FULL COLUMNS FROM `yh_record` [ RunTime:0.001894s ]
[2020-11-12T22:22:24+08:00][sql] SELECT COUNT(*) AS think_count FROM `yh_record` WHERE  `uid` = 13873  AND `intime` > 1605110400 [ RunTime:0.000758s ]
[2020-11-12T22:22:24+08:00][sql] SHOW FULL COLUMNS FROM `yh_information` [ RunTime:0.002192s ]
[2020-11-12T22:22:24+08:00][sql] SELECT * FROM `yh_information` WHERE  `id` = 1 LIMIT 1 [ RunTime:0.000587s ]
[2020-11-12T22:22:26+08:00][sql] CONNECT:[ UseTime:0.000871s ] mysql:host=127.0.0.1;port=3306;dbname=jifei_ymcx_shop;charset=utf8
[2020-11-12T22:22:26+08:00][sql] SHOW FULL COLUMNS FROM `yh_user` [ RunTime:0.003529s ]
[2020-11-12T22:22:26+08:00][sql] SELECT * FROM `yh_user` WHERE  `id` = 1 LIMIT 1 [ RunTime:0.000736s ]
[2020-11-12T22:22:26+08:00][sql] SHOW FULL COLUMNS FROM `yh_business` [ RunTime:0.003661s ]
[2020-11-12T22:22:26+08:00][sql] SELECT * FROM `yh_business` WHERE  `id` = 1 LIMIT 1 [ RunTime:0.001116s ]
[2020-11-12T22:22:26+08:00][sql] SHOW FULL COLUMNS FROM `yh_webpz` [ RunTime:0.002742s ]
[2020-11-12T22:22:26+08:00][sql] SELECT * FROM `yh_webpz` WHERE  `id` = 1 LIMIT 1 [ RunTime:0.000585s ]
[2020-11-12T22:22:26+08:00][sql] SHOW FULL COLUMNS FROM `yh_record` [ RunTime:0.002114s ]
[2020-11-12T22:22:26+08:00][sql] SELECT COUNT(*) AS think_count FROM `yh_record` WHERE  `uid` = 13873  AND `intime` > 1605110400 [ RunTime:0.001315s ]
[2020-11-12T22:22:26+08:00][sql] SHOW FULL COLUMNS FROM `yh_information` [ RunTime:0.001546s ]
[2020-11-12T22:22:26+08:00][sql] SELECT * FROM `yh_information` WHERE  `id` = 1 LIMIT 1 [ RunTime:0.000628s ]
[2020-11-12T22:22:34+08:00][sql] CONNECT:[ UseTime:0.003237s ] mysql:host=127.0.0.1;port=3306;dbname=jifei_ymcx_shop;charset=utf8
[2020-11-12T22:22:34+08:00][sql] SHOW FULL COLUMNS FROM `yh_user` [ RunTime:0.001858s ]
[2020-11-12T22:22:34+08:00][sql] SELECT * FROM `yh_user` WHERE  `id` = 3 LIMIT 1 [ RunTime:0.000624s ]
[2020-11-12T22:22:34+08:00][sql] SHOW FULL COLUMNS FROM `yh_business` [ RunTime:0.001600s ]
[2020-11-12T22:22:34+08:00][sql] SELECT * FROM `yh_business` WHERE  `id` = 3 LIMIT 1 [ RunTime:0.000591s ]
[2020-11-12T22:22:34+08:00][sql] SHOW FULL COLUMNS FROM `yh_webpz` [ RunTime:0.001738s ]
[2020-11-12T22:22:34+08:00][sql] SELECT * FROM `yh_webpz` WHERE  `id` = 1 LIMIT 1 [ RunTime:0.001087s ]
[2020-11-12T22:22:34+08:00][sql] SHOW FULL COLUMNS FROM `yh_meal` [ RunTime:0.002410s ]
[2020-11-12T22:22:34+08:00][sql] SELECT * FROM `yh_meal` WHERE  `status` = 1  AND `type` = 1 ORDER BY `id` ASC [ RunTime:0.000995s ]
[2020-11-12T22:22:36+08:00][sql] CONNECT:[ UseTime:0.001358s ] mysql:host=127.0.0.1;port=3306;dbname=jifei_ymcx_shop;charset=utf8
[2020-11-12T22:22:36+08:00][sql] SHOW FULL COLUMNS FROM `yh_user` [ RunTime:0.002710s ]
[2020-11-12T22:22:36+08:00][sql] SELECT * FROM `yh_user` WHERE  `id` = 3 LIMIT 1 [ RunTime:0.001895s ]
[2020-11-12T22:22:36+08:00][sql] SHOW FULL COLUMNS FROM `yh_business` [ RunTime:0.002484s ]
[2020-11-12T22:22:36+08:00][sql] SELECT * FROM `yh_business` WHERE  `id` = 3 LIMIT 1 [ RunTime:0.009636s ]
[2020-11-12T22:22:36+08:00][sql] SHOW FULL COLUMNS FROM `yh_webpz` [ RunTime:0.002435s ]
[2020-11-12T22:22:36+08:00][sql] SELECT * FROM `yh_webpz` WHERE  `id` = 1 LIMIT 1 [ RunTime:0.000779s ]
[2020-11-12T22:22:36+08:00][sql] SHOW FULL COLUMNS FROM `yh_meal` [ RunTime:0.001826s ]
[2020-11-12T22:22:36+08:00][sql] SELECT * FROM `yh_meal` WHERE  `id` = 2 LIMIT 1 [ RunTime:0.000601s ]
[2020-11-12T22:22:36+08:00][sql] UPDATE `yh_user`  SET `balance` = 0  WHERE  `id` = 3 [ RunTime:0.004318s ]
[2020-11-12T22:22:36+08:00][sql] SELECT * FROM `yh_business` WHERE  `id` = 3 LIMIT 1 [ RunTime:0.000743s ]
[2020-11-12T22:22:36+08:00][sql] UPDATE `yh_business`  SET `type` = 1 , `surplus` = 100100  WHERE  `id` = 3 [ RunTime:0.005770s ]
[2020-11-12T22:22:37+08:00][sql] CONNECT:[ UseTime:0.001436s ] mysql:host=127.0.0.1;port=3306;dbname=jifei_ymcx_shop;charset=utf8
[2020-11-12T22:22:37+08:00][sql] SHOW FULL COLUMNS FROM `yh_user` [ RunTime:0.001986s ]
[2020-11-12T22:22:37+08:00][sql] SELECT * FROM `yh_user` WHERE  `id` = 3 LIMIT 1 [ RunTime:0.000704s ]
[2020-11-12T22:22:37+08:00][sql] SHOW FULL COLUMNS FROM `yh_business` [ RunTime:0.003047s ]
[2020-11-12T22:22:37+08:00][sql] SELECT * FROM `yh_business` WHERE  `id` = 3 LIMIT 1 [ RunTime:0.000543s ]
[2020-11-12T22:22:37+08:00][sql] SHOW FULL COLUMNS FROM `yh_webpz` [ RunTime:0.003084s ]
[2020-11-12T22:22:37+08:00][sql] SELECT * FROM `yh_webpz` WHERE  `id` = 1 LIMIT 1 [ RunTime:0.000657s ]
[2020-11-12T22:22:37+08:00][sql] SHOW FULL COLUMNS FROM `yh_meal` [ RunTime:0.002480s ]
[2020-11-12T22:22:37+08:00][sql] SELECT * FROM `yh_meal` WHERE  `status` = 1  AND `type` = 1 ORDER BY `id` ASC [ RunTime:0.000703s ]
[2020-11-12T22:22:39+08:00][sql] CONNECT:[ UseTime:0.001162s ] mysql:host=127.0.0.1;port=3306;dbname=jifei_ymcx_shop;charset=utf8
[2020-11-12T22:22:39+08:00][sql] SHOW FULL COLUMNS FROM `yh_user` [ RunTime:0.001965s ]
[2020-11-12T22:22:39+08:00][sql] SELECT * FROM `yh_user` WHERE  `id` = 1 LIMIT 1 [ RunTime:0.000638s ]
[2020-11-12T22:22:39+08:00][sql] SHOW FULL COLUMNS FROM `yh_business` [ RunTime:0.001795s ]
[2020-11-12T22:22:39+08:00][sql] SELECT * FROM `yh_business` WHERE  `id` = 1 LIMIT 1 [ RunTime:0.000682s ]
[2020-11-12T22:22:39+08:00][sql] SHOW FULL COLUMNS FROM `yh_webpz` [ RunTime:0.002055s ]
[2020-11-12T22:22:39+08:00][sql] SELECT * FROM `yh_webpz` WHERE  `id` = 1 LIMIT 1 [ RunTime:0.000659s ]
[2020-11-12T22:22:39+08:00][sql] SHOW FULL COLUMNS FROM `yh_meal` [ RunTime:0.002801s ]
[2020-11-12T22:22:39+08:00][sql] SELECT * FROM `yh_meal` WHERE  `status` = 1  AND `type` = 1 ORDER BY `id` ASC [ RunTime:0.001179s ]
[2020-11-12T22:22:39+08:00][sql] CONNECT:[ UseTime:0.001717s ] mysql:host=127.0.0.1;port=3306;dbname=jifei_ymcx_shop;charset=utf8
[2020-11-12T22:22:39+08:00][sql] SHOW FULL COLUMNS FROM `yh_user` [ RunTime:0.009894s ]
[2020-11-12T22:22:39+08:00][sql] SELECT * FROM `yh_user` WHERE  `id` = 3 LIMIT 1 [ RunTime:0.000945s ]
[2020-11-12T22:22:39+08:00][sql] SHOW FULL COLUMNS FROM `yh_business` [ RunTime:0.002545s ]
[2020-11-12T22:22:39+08:00][sql] SELECT * FROM `yh_business` WHERE  `id` = 3 LIMIT 1 [ RunTime:0.000963s ]
[2020-11-12T22:22:39+08:00][sql] SHOW FULL COLUMNS FROM `yh_webpz` [ RunTime:0.002113s ]
[2020-11-12T22:22:39+08:00][sql] SELECT * FROM `yh_webpz` WHERE  `id` = 1 LIMIT 1 [ RunTime:0.003526s ]
[2020-11-12T22:22:41+08:00][sql] CONNECT:[ UseTime:0.002045s ] mysql:host=127.0.0.1;port=3306;dbname=jifei_ymcx_shop;charset=utf8
[2020-11-12T22:22:41+08:00][sql] SHOW FULL COLUMNS FROM `yh_user` [ RunTime:0.005155s ]
[2020-11-12T22:22:41+08:00][sql] SELECT * FROM `yh_user` WHERE  `id` = 1 LIMIT 1 [ RunTime:0.003789s ]
[2020-11-12T22:22:41+08:00][sql] SHOW FULL COLUMNS FROM `yh_business` [ RunTime:0.003544s ]
[2020-11-12T22:22:41+08:00][sql] SELECT * FROM `yh_business` WHERE  `id` = 1 LIMIT 1 [ RunTime:0.000749s ]
[2020-11-12T22:22:41+08:00][sql] SHOW FULL COLUMNS FROM `yh_webpz` [ RunTime:0.001782s ]
[2020-11-12T22:22:41+08:00][sql] SELECT * FROM `yh_webpz` WHERE  `id` = 1 LIMIT 1 [ RunTime:0.000620s ]
[2020-11-12T22:22:41+08:00][sql] SHOW FULL COLUMNS FROM `yh_meal` [ RunTime:0.002271s ]
[2020-11-12T22:22:41+08:00][sql] SELECT * FROM `yh_meal` WHERE  `id` = 8 LIMIT 1 [ RunTime:0.000637s ]
[2020-11-12T22:22:41+08:00][sql] UPDATE `yh_user`  SET `balance` = 942  WHERE  `id` = 1 [ RunTime:0.003765s ]
[2020-11-12T22:22:41+08:00][sql] SELECT * FROM `yh_business` WHERE  `id` = 1 LIMIT 1 [ RunTime:0.000534s ]
[2020-11-12T22:22:41+08:00][sql] UPDATE `yh_business`  SET `type` = 1 , `surplus` = 500094  WHERE  `id` = 1 [ RunTime:0.002303s ]
[2020-11-12T22:22:42+08:00][sql] CONNECT:[ UseTime:0.003266s ] mysql:host=127.0.0.1;port=3306;dbname=jifei_ymcx_shop;charset=utf8
[2020-11-12T22:22:42+08:00][sql] SHOW FULL COLUMNS FROM `yh_user` [ RunTime:0.001996s ]
[2020-11-12T22:22:42+08:00][sql] SELECT * FROM `yh_user` WHERE  `id` = 1 LIMIT 1 [ RunTime:0.000585s ]
[2020-11-12T22:22:42+08:00][sql] SHOW FULL COLUMNS FROM `yh_business` [ RunTime:0.001494s ]
[2020-11-12T22:22:42+08:00][sql] SELECT * FROM `yh_business` WHERE  `id` = 1 LIMIT 1 [ RunTime:0.002504s ]
[2020-11-12T22:22:42+08:00][sql] SHOW FULL COLUMNS FROM `yh_webpz` [ RunTime:0.001645s ]
[2020-11-12T22:22:42+08:00][sql] SELECT * FROM `yh_webpz` WHERE  `id` = 1 LIMIT 1 [ RunTime:0.000518s ]
[2020-11-12T22:22:42+08:00][sql] SHOW FULL COLUMNS FROM `yh_meal` [ RunTime:0.001650s ]
[2020-11-12T22:22:42+08:00][sql] SELECT * FROM `yh_meal` WHERE  `status` = 1  AND `type` = 1 ORDER BY `id` ASC [ RunTime:0.000710s ]
[2020-11-12T22:22:42+08:00][sql] CONNECT:[ UseTime:0.004476s ] mysql:host=127.0.0.1;port=3306;dbname=jifei_ymcx_shop;charset=utf8
[2020-11-12T22:22:42+08:00][sql] SHOW FULL COLUMNS FROM `yh_user` [ RunTime:0.002187s ]
[2020-11-12T22:22:42+08:00][sql] SELECT * FROM `yh_user` WHERE  `id` = 3 LIMIT 1 [ RunTime:0.000562s ]
[2020-11-12T22:22:42+08:00][sql] SHOW FULL COLUMNS FROM `yh_business` [ RunTime:0.001163s ]
[2020-11-12T22:22:42+08:00][sql] SELECT * FROM `yh_business` WHERE  `id` = 3 LIMIT 1 [ RunTime:0.000670s ]
[2020-11-12T22:22:42+08:00][sql] SHOW FULL COLUMNS FROM `yh_webpz` [ RunTime:0.002003s ]
[2020-11-12T22:22:42+08:00][sql] SELECT * FROM `yh_webpz` WHERE  `id` = 1 LIMIT 1 [ RunTime:0.000481s ]
[2020-11-12T22:22:42+08:00][sql] SHOW FULL COLUMNS FROM `yh_record` [ RunTime:0.001554s ]
[2020-11-12T22:22:42+08:00][sql] SELECT COUNT(*) AS think_count FROM `yh_record` WHERE  `uid` = 38119  AND `intime` > 1605110400 [ RunTime:0.000536s ]
[2020-11-12T22:22:42+08:00][sql] SHOW FULL COLUMNS FROM `yh_information` [ RunTime:0.001663s ]
[2020-11-12T22:22:42+08:00][sql] SELECT * FROM `yh_information` WHERE  `id` = 1 LIMIT 1 [ RunTime:0.000474s ]
[2020-11-12T22:22:43+08:00][sql] CONNECT:[ UseTime:0.004182s ] mysql:host=127.0.0.1;port=3306;dbname=jifei_ymcx_shop;charset=utf8
[2020-11-12T22:22:43+08:00][sql] SHOW FULL COLUMNS FROM `yh_user` [ RunTime:0.003010s ]
[2020-11-12T22:22:43+08:00][sql] SELECT * FROM `yh_user` WHERE  `id` = 1 LIMIT 1 [ RunTime:0.000831s ]
[2020-11-12T22:22:43+08:00][sql] SHOW FULL COLUMNS FROM `yh_business` [ RunTime:0.001563s ]
[2020-11-12T22:22:43+08:00][sql] SELECT * FROM `yh_business` WHERE  `id` = 1 LIMIT 1 [ RunTime:0.000971s ]
[2020-11-12T22:22:43+08:00][sql] SHOW FULL COLUMNS FROM `yh_webpz` [ RunTime:0.001783s ]
[2020-11-12T22:22:43+08:00][sql] SELECT * FROM `yh_webpz` WHERE  `id` = 1 LIMIT 1 [ RunTime:0.000742s ]
[2020-11-12T22:22:43+08:00][sql] SHOW FULL COLUMNS FROM `yh_record` [ RunTime:0.004402s ]
[2020-11-12T22:22:43+08:00][sql] SELECT COUNT(*) AS think_count FROM `yh_record` WHERE  `uid` = 13873  AND `intime` > 1605110400 [ RunTime:0.000629s ]
[2020-11-12T22:22:43+08:00][sql] SHOW FULL COLUMNS FROM `yh_information` [ RunTime:0.001601s ]
[2020-11-12T22:22:43+08:00][sql] SELECT * FROM `yh_information` WHERE  `id` = 1 LIMIT 1 [ RunTime:0.000426s ]
[2020-11-12T22:22:46+08:00][sql] CONNECT:[ UseTime:0.000893s ] mysql:host=127.0.0.1;port=3306;dbname=jifei_ymcx_shop;charset=utf8
[2020-11-12T22:22:46+08:00][sql] SHOW FULL COLUMNS FROM `yh_user` [ RunTime:0.001691s ]
[2020-11-12T22:22:46+08:00][sql] SELECT * FROM `yh_user` WHERE  `id` = 1 LIMIT 1 [ RunTime:0.000482s ]
[2020-11-12T22:22:46+08:00][sql] SHOW FULL COLUMNS FROM `yh_business` [ RunTime:0.001182s ]
[2020-11-12T22:22:46+08:00][sql] SELECT * FROM `yh_business` WHERE  `id` = 1 LIMIT 1 [ RunTime:0.000407s ]
[2020-11-12T22:22:46+08:00][sql] SHOW FULL COLUMNS FROM `yh_webpz` [ RunTime:0.001339s ]
[2020-11-12T22:22:46+08:00][sql] SELECT * FROM `yh_webpz` WHERE  `id` = 1 LIMIT 1 [ RunTime:0.000467s ]
[2020-11-12T22:22:47+08:00][sql] CONNECT:[ UseTime:0.001179s ] mysql:host=127.0.0.1;port=3306;dbname=jifei_ymcx_shop;charset=utf8
[2020-11-12T22:22:47+08:00][sql] SHOW FULL COLUMNS FROM `yh_user` [ RunTime:0.002025s ]
[2020-11-12T22:22:47+08:00][sql] SELECT * FROM `yh_user` WHERE  `id` = 1 LIMIT 1 [ RunTime:0.000574s ]
[2020-11-12T22:22:47+08:00][sql] SHOW FULL COLUMNS FROM `yh_business` [ RunTime:0.001596s ]
[2020-11-12T22:22:47+08:00][sql] SELECT * FROM `yh_business` WHERE  `id` = 1 LIMIT 1 [ RunTime:0.000492s ]
[2020-11-12T22:22:47+08:00][sql] SHOW FULL COLUMNS FROM `yh_webpz` [ RunTime:0.001784s ]
[2020-11-12T22:22:47+08:00][sql] SELECT * FROM `yh_webpz` WHERE  `id` = 1 LIMIT 1 [ RunTime:0.000601s ]
[2020-11-12T22:22:58+08:00][sql] CONNECT:[ UseTime:0.000873s ] mysql:host=127.0.0.1;port=3306;dbname=jifei_ymcx_shop;charset=utf8
[2020-11-12T22:22:58+08:00][sql] SHOW FULL COLUMNS FROM `yh_user` [ RunTime:0.001725s ]
[2020-11-12T22:22:58+08:00][sql] SELECT * FROM `yh_user` WHERE  `id` = 1 LIMIT 1 [ RunTime:0.000645s ]
[2020-11-12T22:22:58+08:00][sql] SHOW FULL COLUMNS FROM `yh_business` [ RunTime:0.001322s ]
[2020-11-12T22:22:58+08:00][sql] SELECT * FROM `yh_business` WHERE  `id` = 1 LIMIT 1 [ RunTime:0.000565s ]
[2020-11-12T22:22:58+08:00][sql] SHOW FULL COLUMNS FROM `yh_webpz` [ RunTime:0.001771s ]
[2020-11-12T22:22:58+08:00][sql] SELECT * FROM `yh_webpz` WHERE  `id` = 1 LIMIT 1 [ RunTime:0.000582s ]
[2020-11-12T22:22:58+08:00][sql] SHOW FULL COLUMNS FROM `yh_record` [ RunTime:0.001374s ]
[2020-11-12T22:22:58+08:00][sql] SELECT COUNT(*) AS think_count FROM `yh_record` WHERE  `uid` = 13873  AND `intime` > 1605110400 [ RunTime:0.000515s ]
[2020-11-12T22:22:58+08:00][sql] SHOW FULL COLUMNS FROM `yh_information` [ RunTime:0.001396s ]
[2020-11-12T22:22:58+08:00][sql] SELECT * FROM `yh_information` WHERE  `id` = 1 LIMIT 1 [ RunTime:0.000579s ]
[2020-11-12T22:25:08+08:00][sql] CONNECT:[ UseTime:0.004268s ] mysql:host=127.0.0.1;port=3306;dbname=jifei_ymcx_shop;charset=utf8
[2020-11-12T22:25:08+08:00][sql] SHOW FULL COLUMNS FROM `yh_user` [ RunTime:0.005996s ]
[2020-11-12T22:25:08+08:00][sql] SELECT * FROM `yh_user` WHERE  `id` = 3 LIMIT 1 [ RunTime:0.003492s ]
[2020-11-12T22:25:08+08:00][sql] SHOW FULL COLUMNS FROM `yh_business` [ RunTime:0.002381s ]
[2020-11-12T22:25:08+08:00][sql] SELECT * FROM `yh_business` WHERE  `id` = 3 LIMIT 1 [ RunTime:0.000756s ]
[2020-11-12T22:25:08+08:00][sql] SHOW FULL COLUMNS FROM `yh_webpz` [ RunTime:0.002504s ]
[2020-11-12T22:25:08+08:00][sql] SELECT * FROM `yh_webpz` WHERE  `id` = 1 LIMIT 1 [ RunTime:0.000654s ]
[2020-11-12T22:49:53+08:00][sql] CONNECT:[ UseTime:0.002934s ] mysql:host=127.0.0.1;port=3306;dbname=jifei_ymcx_shop;charset=utf8
[2020-11-12T22:49:53+08:00][sql] SHOW FULL COLUMNS FROM `yh_webpz` [ RunTime:0.004953s ]
[2020-11-12T22:49:53+08:00][sql] SELECT * FROM `yh_webpz` WHERE  `id` = 1 LIMIT 1 [ RunTime:0.000835s ]
[2020-11-12T22:50:21+08:00][sql] CONNECT:[ UseTime:0.001225s ] mysql:host=127.0.0.1;port=3306;dbname=jifei_ymcx_shop;charset=utf8
[2020-11-12T22:50:21+08:00][sql] SHOW FULL COLUMNS FROM `yh_webpz` [ RunTime:0.002084s ]
[2020-11-12T22:50:21+08:00][sql] SELECT * FROM `yh_webpz` WHERE  `id` = 1 LIMIT 1 [ RunTime:0.014587s ]
[2020-11-12T22:50:23+08:00][sql] CONNECT:[ UseTime:0.001140s ] mysql:host=127.0.0.1;port=3306;dbname=jifei_ymcx_shop;charset=utf8
[2020-11-12T22:50:23+08:00][sql] SHOW FULL COLUMNS FROM `yh_webpz` [ RunTime:0.002365s ]
[2020-11-12T22:50:23+08:00][sql] SELECT * FROM `yh_webpz` WHERE  `id` = 1 LIMIT 1 [ RunTime:0.000783s ]
[2020-11-12T22:50:24+08:00][sql] CONNECT:[ UseTime:0.003320s ] mysql:host=127.0.0.1;port=3306;dbname=jifei_ymcx_shop;charset=utf8
[2020-11-12T22:50:24+08:00][sql] SHOW FULL COLUMNS FROM `yh_webpz` [ RunTime:0.008320s ]
[2020-11-12T22:50:24+08:00][sql] SELECT * FROM `yh_webpz` WHERE  `id` = 1 LIMIT 1 [ RunTime:0.001483s ]
[2020-11-12T22:50:27+08:00][sql] CONNECT:[ UseTime:0.001283s ] mysql:host=127.0.0.1;port=3306;dbname=jifei_ymcx_shop;charset=utf8
[2020-11-12T22:50:27+08:00][sql] SHOW FULL COLUMNS FROM `yh_webpz` [ RunTime:0.002860s ]
[2020-11-12T22:50:27+08:00][sql] SELECT * FROM `yh_webpz` WHERE  `id` = 1 LIMIT 1 [ RunTime:0.000711s ]
[2020-11-12T22:50:27+08:00][sql] SHOW FULL COLUMNS FROM `yh_user` [ RunTime:0.001754s ]
[2020-11-12T22:50:27+08:00][sql] SELECT `email` FROM `yh_user` WHERE  `username` = '18665225264' LIMIT 1 [ RunTime:0.000885s ]
[2020-11-12T22:50:27+08:00][sql] CONNECT:[ UseTime:0.004639s ] mysql:host=127.0.0.1;port=3306;dbname=jifei_ymcx_shop;charset=utf8
[2020-11-12T22:50:27+08:00][sql] SHOW FULL COLUMNS FROM `yh_webpz` [ RunTime:0.011537s ]
[2020-11-12T22:50:27+08:00][sql] SELECT * FROM `yh_webpz` WHERE  `id` = 1 LIMIT 1 [ RunTime:0.003625s ]
[2020-11-12T22:50:31+08:00][sql] CONNECT:[ UseTime:0.002780s ] mysql:host=127.0.0.1;port=3306;dbname=jifei_ymcx_shop;charset=utf8
[2020-11-12T22:50:31+08:00][sql] SHOW FULL COLUMNS FROM `yh_webpz` [ RunTime:0.002230s ]
[2020-11-12T22:50:31+08:00][sql] SELECT * FROM `yh_webpz` WHERE  `id` = 1 LIMIT 1 [ RunTime:0.000720s ]
[2020-11-12T22:50:31+08:00][sql] SHOW FULL COLUMNS FROM `yh_user` [ RunTime:0.002088s ]
[2020-11-12T22:50:31+08:00][sql] SELECT `email` FROM `yh_user` WHERE  `username` = 'X1ao怪兽' LIMIT 1 [ RunTime:0.000588s ]
[2020-11-12T22:50:31+08:00][sql] SHOW FULL COLUMNS FROM `yh_verification` [ RunTime:0.001874s ]
[2020-11-12T22:50:31+08:00][sql] SELECT `id` FROM `yh_verification` WHERE  `email` = '1305208061@qq.com' LIMIT 1 [ RunTime:0.000643s ]
[2020-11-12T22:50:31+08:00][sql] INSERT INTO `yh_verification` SET `code` = 'abuACDEHJMPQS346' , `email` = '1305208061@qq.com' , `intime` = 1605192930 [ RunTime:0.001078s ]
[2020-11-12T22:50:31+08:00][sql] SELECT * FROM `yh_webpz` WHERE  `id` = 1 LIMIT 1 [ RunTime:0.000610s ]
[2020-11-12T22:50:32+08:00][sql] CONNECT:[ UseTime:0.002818s ] mysql:host=127.0.0.1;port=3306;dbname=jifei_ymcx_shop;charset=utf8
[2020-11-12T22:50:32+08:00][sql] SHOW FULL COLUMNS FROM `yh_webpz` [ RunTime:0.002371s ]
[2020-11-12T22:50:32+08:00][sql] SELECT * FROM `yh_webpz` WHERE  `id` = 1 LIMIT 1 [ RunTime:0.001083s ]
[2020-11-12T22:50:55+08:00][sql] CONNECT:[ UseTime:0.001287s ] mysql:host=127.0.0.1;port=3306;dbname=jifei_ymcx_shop;charset=utf8
[2020-11-12T22:50:55+08:00][sql] SHOW FULL COLUMNS FROM `yh_webpz` [ RunTime:0.003967s ]
[2020-11-12T22:50:55+08:00][sql] SELECT * FROM `yh_webpz` WHERE  `id` = 1 LIMIT 1 [ RunTime:0.000711s ]
[2020-11-12T22:51:00+08:00][sql] CONNECT:[ UseTime:0.015835s ] mysql:host=127.0.0.1;port=3306;dbname=jifei_ymcx_shop;charset=utf8
[2020-11-12T22:51:00+08:00][sql] SHOW FULL COLUMNS FROM `yh_webpz` [ RunTime:0.006630s ]
[2020-11-12T22:51:00+08:00][sql] SELECT * FROM `yh_webpz` WHERE  `id` = 1 LIMIT 1 [ RunTime:0.000849s ]
[2020-11-12T22:51:00+08:00][sql] SHOW FULL COLUMNS FROM `yh_user` [ RunTime:0.002304s ]
[2020-11-12T22:51:00+08:00][sql] SELECT * FROM `yh_user` WHERE  `email` = '1305208061@qq.com'  AND `password` = 'bb8289ef7e918ac5eb0d649202b7e959' LIMIT 1 [ RunTime:0.000559s ]
[2020-11-12T22:51:00+08:00][sql] CONNECT:[ UseTime:0.003935s ] mysql:host=127.0.0.1;port=3306;dbname=jifei_ymcx_shop;charset=utf8
[2020-11-12T22:51:00+08:00][sql] SHOW FULL COLUMNS FROM `yh_user` [ RunTime:0.006236s ]
[2020-11-12T22:51:00+08:00][sql] SELECT * FROM `yh_user` WHERE  `id` = 2 LIMIT 1 [ RunTime:0.002076s ]
[2020-11-12T22:51:00+08:00][sql] SHOW FULL COLUMNS FROM `yh_business` [ RunTime:0.001841s ]
[2020-11-12T22:51:00+08:00][sql] SELECT * FROM `yh_business` WHERE  `id` = 2 LIMIT 1 [ RunTime:0.000701s ]
[2020-11-12T22:51:00+08:00][sql] SHOW FULL COLUMNS FROM `yh_webpz` [ RunTime:0.001955s ]
[2020-11-12T22:51:00+08:00][sql] SELECT * FROM `yh_webpz` WHERE  `id` = 1 LIMIT 1 [ RunTime:0.000632s ]
[2020-11-12T22:51:00+08:00][sql] SHOW FULL COLUMNS FROM `yh_record` [ RunTime:0.001939s ]
[2020-11-12T22:51:00+08:00][sql] SELECT COUNT(*) AS think_count FROM `yh_record` WHERE  `uid` = 26016  AND `intime` > 1605110400 [ RunTime:0.000673s ]
[2020-11-12T22:51:00+08:00][sql] SHOW FULL COLUMNS FROM `yh_information` [ RunTime:0.008030s ]
[2020-11-12T22:51:00+08:00][sql] SELECT * FROM `yh_information` WHERE  `id` = 1 LIMIT 1 [ RunTime:0.001954s ]
