[2020-11-15T00:00:50+08:00][sql] CONNECT:[ UseTime:0.001285s ] mysql:host=127.0.0.1;port=3306;dbname=jifei_ymcx_shop;charset=utf8
[2020-11-15T00:00:50+08:00][sql] SHOW FULL COLUMNS FROM `yh_user` [ RunTime:0.003496s ]
[2020-11-15T00:00:50+08:00][sql] SELECT * FROM `yh_user` WHERE  `id` = 17 LIMIT 1 [ RunTime:0.001073s ]
[2020-11-15T00:00:50+08:00][sql] SHOW FULL COLUMNS FROM `yh_business` [ RunTime:0.002392s ]
[2020-11-15T00:00:50+08:00][sql] SELECT * FROM `yh_business` WHERE  `id` = 17 LIMIT 1 [ RunTime:0.000827s ]
[2020-11-15T00:00:50+08:00][sql] SHOW FULL COLUMNS FROM `yh_webpz` [ RunTime:0.003986s ]
[2020-11-15T00:00:50+08:00][sql] SELECT * FROM `yh_webpz` WHERE  `id` = 1 LIMIT 1 [ RunTime:0.000865s ]
[2020-11-15T00:00:59+08:00][sql] CONNECT:[ UseTime:0.001698s ] mysql:host=127.0.0.1;port=3306;dbname=jifei_ymcx_shop;charset=utf8
[2020-11-15T00:00:59+08:00][sql] SHOW FULL COLUMNS FROM `yh_user` [ RunTime:0.002353s ]
[2020-11-15T00:00:59+08:00][sql] SELECT * FROM `yh_user` WHERE  `id` = 17 LIMIT 1 [ RunTime:0.000951s ]
[2020-11-15T00:00:59+08:00][sql] SHOW FULL COLUMNS FROM `yh_business` [ RunTime:0.001912s ]
[2020-11-15T00:00:59+08:00][sql] SELECT * FROM `yh_business` WHERE  `id` = 17 LIMIT 1 [ RunTime:0.000703s ]
[2020-11-15T00:00:59+08:00][sql] SHOW FULL COLUMNS FROM `yh_webpz` [ RunTime:0.002050s ]
[2020-11-15T00:00:59+08:00][sql] SELECT * FROM `yh_webpz` WHERE  `id` = 1 LIMIT 1 [ RunTime:0.000778s ]
[2020-11-15T00:00:59+08:00][sql] CONNECT:[ UseTime:0.002528s ] mysql:host=127.0.0.1;port=3306;dbname=jifei_ymcx_shop;charset=utf8
[2020-11-15T00:00:59+08:00][sql] SHOW FULL COLUMNS FROM `yh_user` [ RunTime:0.005787s ]
[2020-11-15T00:00:59+08:00][sql] SELECT * FROM `yh_user` WHERE  `id` = 17 LIMIT 1 [ RunTime:0.003796s ]
[2020-11-15T00:00:59+08:00][sql] SHOW FULL COLUMNS FROM `yh_business` [ RunTime:0.009684s ]
[2020-11-15T00:00:59+08:00][sql] SELECT * FROM `yh_business` WHERE  `id` = 17 LIMIT 1 [ RunTime:0.000889s ]
[2020-11-15T00:00:59+08:00][sql] SHOW FULL COLUMNS FROM `yh_webpz` [ RunTime:0.003901s ]
[2020-11-15T00:00:59+08:00][sql] SELECT * FROM `yh_webpz` WHERE  `id` = 1 LIMIT 1 [ RunTime:0.000817s ]
[2020-11-15T00:01:01+08:00][sql] CONNECT:[ UseTime:0.001371s ] mysql:host=127.0.0.1;port=3306;dbname=jifei_ymcx_shop;charset=utf8
[2020-11-15T00:01:01+08:00][sql] SHOW FULL COLUMNS FROM `yh_user` [ RunTime:0.003190s ]
[2020-11-15T00:01:01+08:00][sql] SELECT * FROM `yh_user` WHERE  `id` = 17 LIMIT 1 [ RunTime:0.000938s ]
[2020-11-15T00:01:01+08:00][sql] SHOW FULL COLUMNS FROM `yh_business` [ RunTime:0.002735s ]
[2020-11-15T00:01:01+08:00][sql] SELECT * FROM `yh_business` WHERE  `id` = 17 LIMIT 1 [ RunTime:0.006687s ]
[2020-11-15T00:01:01+08:00][sql] SHOW FULL COLUMNS FROM `yh_webpz` [ RunTime:0.003072s ]
[2020-11-15T00:01:01+08:00][sql] SELECT * FROM `yh_webpz` WHERE  `id` = 1 LIMIT 1 [ RunTime:0.000752s ]
[2020-11-15T00:01:10+08:00][sql] CONNECT:[ UseTime:0.001580s ] mysql:host=127.0.0.1;port=3306;dbname=jifei_ymcx_shop;charset=utf8
[2020-11-15T00:01:10+08:00][sql] SHOW FULL COLUMNS FROM `yh_user` [ RunTime:0.001984s ]
[2020-11-15T00:01:10+08:00][sql] SELECT * FROM `yh_user` WHERE  `id` = 17 LIMIT 1 [ RunTime:0.002426s ]
[2020-11-15T00:01:10+08:00][sql] SHOW FULL COLUMNS FROM `yh_business` [ RunTime:0.001771s ]
[2020-11-15T00:01:10+08:00][sql] SELECT * FROM `yh_business` WHERE  `id` = 17 LIMIT 1 [ RunTime:0.000786s ]
[2020-11-15T00:01:10+08:00][sql] SHOW FULL COLUMNS FROM `yh_webpz` [ RunTime:0.003046s ]
[2020-11-15T00:01:10+08:00][sql] SELECT * FROM `yh_webpz` WHERE  `id` = 1 LIMIT 1 [ RunTime:0.001379s ]
[2020-11-15T12:10:16+08:00][sql] CONNECT:[ UseTime:0.001243s ] mysql:host=127.0.0.1;port=3306;dbname=jifei_ymcx_shop;charset=utf8
[2020-11-15T12:10:16+08:00][sql] SHOW FULL COLUMNS FROM `yh_webpz` [ RunTime:0.002356s ]
[2020-11-15T12:10:16+08:00][sql] SELECT * FROM `yh_webpz` WHERE  `id` = 1 LIMIT 1 [ RunTime:0.003688s ]
[2020-11-15T12:10:34+08:00][sql] CONNECT:[ UseTime:0.004224s ] mysql:host=127.0.0.1;port=3306;dbname=jifei_ymcx_shop;charset=utf8
[2020-11-15T12:10:34+08:00][sql] SHOW FULL COLUMNS FROM `yh_webpz` [ RunTime:0.006262s ]
[2020-11-15T12:10:34+08:00][sql] SELECT * FROM `yh_webpz` WHERE  `id` = 1 LIMIT 1 [ RunTime:0.002181s ]
[2020-11-15T12:10:34+08:00][sql] SHOW FULL COLUMNS FROM `yh_user` [ RunTime:0.002533s ]
[2020-11-15T12:10:34+08:00][sql] SELECT * FROM `yh_user` WHERE  `username` = 'aq814686' LIMIT 1 [ RunTime:0.000747s ]
[2020-11-15T12:10:34+08:00][sql] SELECT * FROM `yh_user` WHERE  `email` = '123456@qq.com' LIMIT 1 [ RunTime:0.000515s ]
[2020-11-15T12:10:34+08:00][sql] SHOW FULL COLUMNS FROM `yh_verification` [ RunTime:0.006383s ]
[2020-11-15T12:10:34+08:00][sql] SELECT `id` FROM `yh_verification` WHERE  `email` = '123456@qq.com' LIMIT 1 [ RunTime:0.000658s ]
[2020-11-15T12:10:34+08:00][sql] INSERT INTO `yh_verification` SET `code` = 'npqstxyzAEHJPQRT' , `email` = '123456@qq.com' , `intime` = 1605413734 [ RunTime:0.001188s ]
[2020-11-15T12:10:34+08:00][sql] SELECT * FROM `yh_webpz` WHERE  `id` = 1 LIMIT 1 [ RunTime:0.000581s ]
[2020-11-15T12:10:34+08:00][sql] CONNECT:[ UseTime:0.001014s ] mysql:host=127.0.0.1;port=3306;dbname=jifei_ymcx_shop;charset=utf8
[2020-11-15T12:10:34+08:00][sql] SHOW FULL COLUMNS FROM `yh_webpz` [ RunTime:0.002392s ]
[2020-11-15T12:10:34+08:00][sql] SELECT * FROM `yh_webpz` WHERE  `id` = 1 LIMIT 1 [ RunTime:0.000615s ]
[2020-11-15T12:10:41+08:00][sql] CONNECT:[ UseTime:0.002361s ] mysql:host=127.0.0.1;port=3306;dbname=jifei_ymcx_shop;charset=utf8
[2020-11-15T12:10:41+08:00][sql] SHOW FULL COLUMNS FROM `yh_webpz` [ RunTime:0.003937s ]
[2020-11-15T12:10:41+08:00][sql] SELECT * FROM `yh_webpz` WHERE  `id` = 1 LIMIT 1 [ RunTime:0.000699s ]
[2020-11-15T12:11:00+08:00][sql] CONNECT:[ UseTime:0.004708s ] mysql:host=127.0.0.1;port=3306;dbname=jifei_ymcx_shop;charset=utf8
[2020-11-15T12:11:00+08:00][sql] SHOW FULL COLUMNS FROM `yh_webpz` [ RunTime:0.001657s ]
[2020-11-15T12:11:00+08:00][sql] SELECT * FROM `yh_webpz` WHERE  `id` = 1 LIMIT 1 [ RunTime:0.000688s ]
[2020-11-15T12:11:00+08:00][sql] CONNECT:[ UseTime:0.001279s ] mysql:host=127.0.0.1;port=3306;dbname=jifei_ymcx_shop;charset=utf8
[2020-11-15T12:11:00+08:00][sql] SHOW FULL COLUMNS FROM `yh_webpz` [ RunTime:0.002139s ]
[2020-11-15T12:11:00+08:00][sql] SELECT * FROM `yh_webpz` WHERE  `id` = 1 LIMIT 1 [ RunTime:0.000643s ]
[2020-11-15T12:11:15+08:00][sql] CONNECT:[ UseTime:0.001152s ] mysql:host=127.0.0.1;port=3306;dbname=jifei_ymcx_shop;charset=utf8
[2020-11-15T12:11:15+08:00][sql] SHOW FULL COLUMNS FROM `yh_webpz` [ RunTime:0.002158s ]
[2020-11-15T12:11:15+08:00][sql] SELECT * FROM `yh_webpz` WHERE  `id` = 1 LIMIT 1 [ RunTime:0.000610s ]
[2020-11-15T12:11:15+08:00][sql] CONNECT:[ UseTime:0.001086s ] mysql:host=127.0.0.1;port=3306;dbname=jifei_ymcx_shop;charset=utf8
[2020-11-15T12:11:15+08:00][sql] SHOW FULL COLUMNS FROM `yh_webpz` [ RunTime:0.002510s ]
[2020-11-15T12:11:15+08:00][sql] SELECT * FROM `yh_webpz` WHERE  `id` = 1 LIMIT 1 [ RunTime:0.000678s ]
[2020-11-15T12:13:12+08:00][sql] CONNECT:[ UseTime:0.001329s ] mysql:host=127.0.0.1;port=3306;dbname=jifei_ymcx_shop;charset=utf8
[2020-11-15T12:13:12+08:00][sql] SHOW FULL COLUMNS FROM `yh_webpz` [ RunTime:0.003180s ]
[2020-11-15T12:13:12+08:00][sql] SELECT * FROM `yh_webpz` WHERE  `id` = 1 LIMIT 1 [ RunTime:0.000757s ]
[2020-11-15T12:13:37+08:00][sql] CONNECT:[ UseTime:0.001375s ] mysql:host=127.0.0.1;port=3306;dbname=jifei_ymcx_shop;charset=utf8
[2020-11-15T12:13:37+08:00][sql] SHOW FULL COLUMNS FROM `yh_webpz` [ RunTime:0.002436s ]
[2020-11-15T12:13:37+08:00][sql] SELECT * FROM `yh_webpz` WHERE  `id` = 1 LIMIT 1 [ RunTime:0.000724s ]
[2020-11-15T12:13:37+08:00][sql] SHOW FULL COLUMNS FROM `yh_user` [ RunTime:0.001939s ]
[2020-11-15T12:13:37+08:00][sql] SELECT * FROM `yh_user` WHERE  `username` = 'aq814686'  AND `password` = '93545c6db93a0dc3b77e2c3f84064023' LIMIT 1 [ RunTime:0.000713s ]
[2020-11-15T12:13:37+08:00][sql] CONNECT:[ UseTime:0.004164s ] mysql:host=127.0.0.1;port=3306;dbname=jifei_ymcx_shop;charset=utf8
[2020-11-15T12:13:37+08:00][sql] SHOW FULL COLUMNS FROM `yh_webpz` [ RunTime:0.007753s ]
[2020-11-15T12:13:37+08:00][sql] SELECT * FROM `yh_webpz` WHERE  `id` = 1 LIMIT 1 [ RunTime:0.000744s ]
[2020-11-15T12:13:44+08:00][sql] CONNECT:[ UseTime:0.005675s ] mysql:host=127.0.0.1;port=3306;dbname=jifei_ymcx_shop;charset=utf8
[2020-11-15T12:13:44+08:00][sql] SHOW FULL COLUMNS FROM `yh_webpz` [ RunTime:0.002451s ]
[2020-11-15T12:13:44+08:00][sql] SELECT * FROM `yh_webpz` WHERE  `id` = 1 LIMIT 1 [ RunTime:0.000653s ]
[2020-11-15T12:33:50+08:00][sql] CONNECT:[ UseTime:0.004333s ] mysql:host=127.0.0.1;port=3306;dbname=jifei_ymcx_shop;charset=utf8
[2020-11-15T12:33:50+08:00][sql] SHOW FULL COLUMNS FROM `yh_webpz` [ RunTime:0.005601s ]
[2020-11-15T12:33:50+08:00][sql] SELECT * FROM `yh_webpz` WHERE  `id` = 1 LIMIT 1 [ RunTime:0.001210s ]
[2020-11-15T12:33:55+08:00][sql] CONNECT:[ UseTime:0.011489s ] mysql:host=127.0.0.1;port=3306;dbname=jifei_ymcx_shop;charset=utf8
[2020-11-15T12:33:55+08:00][sql] SHOW FULL COLUMNS FROM `yh_webpz` [ RunTime:0.002401s ]
[2020-11-15T12:33:55+08:00][sql] SELECT * FROM `yh_webpz` WHERE  `id` = 1 LIMIT 1 [ RunTime:0.000979s ]
[2020-11-15T12:33:55+08:00][sql] SHOW FULL COLUMNS FROM `yh_user` [ RunTime:0.001627s ]
[2020-11-15T12:33:55+08:00][sql] SELECT * FROM `yh_user` WHERE  `username` = '17393994'  AND `password` = '3a300c48b47b714d9821dc473304aa84' LIMIT 1 [ RunTime:0.000989s ]
[2020-11-15T12:33:55+08:00][sql] CONNECT:[ UseTime:0.001617s ] mysql:host=127.0.0.1;port=3306;dbname=jifei_ymcx_shop;charset=utf8
[2020-11-15T12:33:55+08:00][sql] SHOW FULL COLUMNS FROM `yh_user` [ RunTime:0.001882s ]
[2020-11-15T12:33:55+08:00][sql] SELECT * FROM `yh_user` WHERE  `id` = 8 LIMIT 1 [ RunTime:0.000672s ]
[2020-11-15T12:33:55+08:00][sql] SHOW FULL COLUMNS FROM `yh_business` [ RunTime:0.001308s ]
[2020-11-15T12:33:55+08:00][sql] SELECT * FROM `yh_business` WHERE  `id` = 8 LIMIT 1 [ RunTime:0.000515s ]
[2020-11-15T12:33:55+08:00][sql] SHOW FULL COLUMNS FROM `yh_webpz` [ RunTime:0.001301s ]
[2020-11-15T12:33:55+08:00][sql] SELECT * FROM `yh_webpz` WHERE  `id` = 1 LIMIT 1 [ RunTime:0.000467s ]
[2020-11-15T12:33:55+08:00][sql] SHOW FULL COLUMNS FROM `yh_record` [ RunTime:0.001388s ]
[2020-11-15T12:33:55+08:00][sql] SELECT COUNT(*) AS think_count FROM `yh_record` WHERE  `uid` = 823224  AND `intime` > 1605369600 [ RunTime:0.000664s ]
[2020-11-15T12:33:55+08:00][sql] SHOW FULL COLUMNS FROM `yh_information` [ RunTime:0.001237s ]
[2020-11-15T12:33:55+08:00][sql] SELECT * FROM `yh_information` WHERE  `id` = 1 LIMIT 1 [ RunTime:0.000474s ]
[2020-11-15T12:33:58+08:00][sql] CONNECT:[ UseTime:0.009156s ] mysql:host=127.0.0.1;port=3306;dbname=jifei_ymcx_shop;charset=utf8
[2020-11-15T12:33:58+08:00][sql] SHOW FULL COLUMNS FROM `yh_user` [ RunTime:0.003021s ]
[2020-11-15T12:33:58+08:00][sql] SELECT * FROM `yh_user` WHERE  `id` = 8 LIMIT 1 [ RunTime:0.001024s ]
[2020-11-15T12:33:58+08:00][sql] SHOW FULL COLUMNS FROM `yh_business` [ RunTime:0.002036s ]
[2020-11-15T12:33:58+08:00][sql] SELECT * FROM `yh_business` WHERE  `id` = 8 LIMIT 1 [ RunTime:0.000582s ]
[2020-11-15T12:33:58+08:00][sql] SHOW FULL COLUMNS FROM `yh_webpz` [ RunTime:0.002375s ]
[2020-11-15T12:33:58+08:00][sql] SELECT * FROM `yh_webpz` WHERE  `id` = 1 LIMIT 1 [ RunTime:0.001729s ]
[2020-11-15T12:34:02+08:00][sql] CONNECT:[ UseTime:0.001064s ] mysql:host=127.0.0.1;port=3306;dbname=jifei_ymcx_shop;charset=utf8
[2020-11-15T12:34:02+08:00][sql] SHOW FULL COLUMNS FROM `yh_user` [ RunTime:0.002674s ]
[2020-11-15T12:34:02+08:00][sql] SELECT * FROM `yh_user` WHERE  `id` = 8 LIMIT 1 [ RunTime:0.000638s ]
[2020-11-15T12:34:02+08:00][sql] SHOW FULL COLUMNS FROM `yh_business` [ RunTime:0.001685s ]
[2020-11-15T12:34:02+08:00][sql] SELECT * FROM `yh_business` WHERE  `id` = 8 LIMIT 1 [ RunTime:0.001270s ]
[2020-11-15T12:34:02+08:00][sql] SHOW FULL COLUMNS FROM `yh_webpz` [ RunTime:0.001767s ]
[2020-11-15T12:34:02+08:00][sql] SELECT * FROM `yh_webpz` WHERE  `id` = 1 LIMIT 1 [ RunTime:0.000614s ]
[2020-11-15T15:20:29+08:00][sql] CONNECT:[ UseTime:0.004183s ] mysql:host=127.0.0.1;port=3306;dbname=jifei_ymcx_shop;charset=utf8
[2020-11-15T15:20:29+08:00][sql] SHOW FULL COLUMNS FROM `yh_webpz` [ RunTime:0.005973s ]
[2020-11-15T15:20:29+08:00][sql] SELECT * FROM `yh_webpz` WHERE  `id` = 1 LIMIT 1 [ RunTime:0.001357s ]
[2020-11-15T15:24:00+08:00][sql] CONNECT:[ UseTime:0.001370s ] mysql:host=127.0.0.1;port=3306;dbname=jifei_ymcx_shop;charset=utf8
[2020-11-15T15:24:00+08:00][sql] SHOW FULL COLUMNS FROM `yh_webpz` [ RunTime:0.006325s ]
[2020-11-15T15:24:00+08:00][sql] SELECT * FROM `yh_webpz` WHERE  `id` = 1 LIMIT 1 [ RunTime:0.003907s ]
[2020-11-15T16:21:48+08:00][sql] CONNECT:[ UseTime:0.000974s ] mysql:host=127.0.0.1;port=3306;dbname=jifei_ymcx_shop;charset=utf8
[2020-11-15T16:21:48+08:00][sql] SHOW FULL COLUMNS FROM `yh_webpz` [ RunTime:0.002381s ]
[2020-11-15T16:21:48+08:00][sql] SELECT * FROM `yh_webpz` WHERE  `id` = 1 LIMIT 1 [ RunTime:0.000570s ]
[2020-11-15T16:21:54+08:00][sql] CONNECT:[ UseTime:0.004698s ] mysql:host=127.0.0.1;port=3306;dbname=jifei_ymcx_shop;charset=utf8
[2020-11-15T16:21:54+08:00][sql] SHOW FULL COLUMNS FROM `yh_webpz` [ RunTime:0.020208s ]
[2020-11-15T16:21:54+08:00][sql] SELECT * FROM `yh_webpz` WHERE  `id` = 1 LIMIT 1 [ RunTime:0.000644s ]
[2020-11-15T16:21:54+08:00][sql] SHOW FULL COLUMNS FROM `yh_user` [ RunTime:0.001915s ]
[2020-11-15T16:21:54+08:00][sql] SELECT * FROM `yh_user` WHERE  `username` = '17393994'  AND `password` = '3a300c48b47b714d9821dc473304aa84' LIMIT 1 [ RunTime:0.000615s ]
[2020-11-15T16:21:54+08:00][sql] CONNECT:[ UseTime:0.001011s ] mysql:host=127.0.0.1;port=3306;dbname=jifei_ymcx_shop;charset=utf8
[2020-11-15T16:21:54+08:00][sql] SHOW FULL COLUMNS FROM `yh_user` [ RunTime:0.004238s ]
[2020-11-15T16:21:54+08:00][sql] SELECT * FROM `yh_user` WHERE  `id` = 8 LIMIT 1 [ RunTime:0.003707s ]
[2020-11-15T16:21:54+08:00][sql] SHOW FULL COLUMNS FROM `yh_business` [ RunTime:0.004590s ]
[2020-11-15T16:21:54+08:00][sql] SELECT * FROM `yh_business` WHERE  `id` = 8 LIMIT 1 [ RunTime:0.002407s ]
[2020-11-15T16:21:54+08:00][sql] SHOW FULL COLUMNS FROM `yh_webpz` [ RunTime:0.004561s ]
[2020-11-15T16:21:54+08:00][sql] SELECT * FROM `yh_webpz` WHERE  `id` = 1 LIMIT 1 [ RunTime:0.001588s ]
[2020-11-15T16:21:54+08:00][sql] SHOW FULL COLUMNS FROM `yh_record` [ RunTime:0.005099s ]
[2020-11-15T16:21:54+08:00][sql] SELECT COUNT(*) AS think_count FROM `yh_record` WHERE  `uid` = 823224  AND `intime` > 1605369600 [ RunTime:0.000845s ]
[2020-11-15T16:21:54+08:00][sql] SHOW FULL COLUMNS FROM `yh_information` [ RunTime:0.004525s ]
[2020-11-15T16:21:54+08:00][sql] SELECT * FROM `yh_information` WHERE  `id` = 1 LIMIT 1 [ RunTime:0.003983s ]
[2020-11-15T16:21:57+08:00][sql] CONNECT:[ UseTime:0.001001s ] mysql:host=127.0.0.1;port=3306;dbname=jifei_ymcx_shop;charset=utf8
[2020-11-15T16:21:57+08:00][sql] SHOW FULL COLUMNS FROM `yh_user` [ RunTime:0.002242s ]
[2020-11-15T16:21:57+08:00][sql] SELECT * FROM `yh_user` WHERE  `id` = 8 LIMIT 1 [ RunTime:0.002890s ]
[2020-11-15T16:21:57+08:00][sql] SHOW FULL COLUMNS FROM `yh_business` [ RunTime:0.019010s ]
[2020-11-15T16:21:57+08:00][sql] SELECT * FROM `yh_business` WHERE  `id` = 8 LIMIT 1 [ RunTime:0.000560s ]
[2020-11-15T16:21:57+08:00][sql] SHOW FULL COLUMNS FROM `yh_webpz` [ RunTime:0.001937s ]
[2020-11-15T16:21:57+08:00][sql] SELECT * FROM `yh_webpz` WHERE  `id` = 1 LIMIT 1 [ RunTime:0.000561s ]
[2020-11-15T16:21:59+08:00][sql] CONNECT:[ UseTime:0.001281s ] mysql:host=127.0.0.1;port=3306;dbname=jifei_ymcx_shop;charset=utf8
[2020-11-15T16:21:59+08:00][sql] SHOW FULL COLUMNS FROM `yh_user` [ RunTime:0.004003s ]
[2020-11-15T16:21:59+08:00][sql] SELECT * FROM `yh_user` WHERE  `id` = 8 LIMIT 1 [ RunTime:0.000833s ]
[2020-11-15T16:21:59+08:00][sql] SHOW FULL COLUMNS FROM `yh_business` [ RunTime:0.002841s ]
[2020-11-15T16:21:59+08:00][sql] SELECT * FROM `yh_business` WHERE  `id` = 8 LIMIT 1 [ RunTime:0.000889s ]
[2020-11-15T16:21:59+08:00][sql] SHOW FULL COLUMNS FROM `yh_webpz` [ RunTime:0.004153s ]
[2020-11-15T16:21:59+08:00][sql] SELECT * FROM `yh_webpz` WHERE  `id` = 1 LIMIT 1 [ RunTime:0.001021s ]
[2020-11-15T17:50:28+08:00][sql] CONNECT:[ UseTime:0.000842s ] mysql:host=127.0.0.1;port=3306;dbname=jifei_ymcx_shop;charset=utf8
[2020-11-15T17:50:28+08:00][sql] SHOW FULL COLUMNS FROM `yh_webpz` [ RunTime:0.002622s ]
[2020-11-15T17:50:28+08:00][sql] SELECT * FROM `yh_webpz` WHERE  `id` = 1 LIMIT 1 [ RunTime:0.002923s ]
[2020-11-15T17:50:28+08:00][sql] SHOW FULL COLUMNS FROM `yh_verification` [ RunTime:0.001972s ]
[2020-11-15T17:50:28+08:00][sql] SELECT * FROM `yh_verification` WHERE  `code` = 'adgoqxyADFUX1589' LIMIT 1 [ RunTime:0.000821s ]
[2020-11-15T18:39:46+08:00][sql] CONNECT:[ UseTime:0.001098s ] mysql:host=127.0.0.1;port=3306;dbname=jifei_ymcx_shop;charset=utf8
[2020-11-15T18:39:46+08:00][sql] SHOW FULL COLUMNS FROM `yh_webpz` [ RunTime:0.002327s ]
[2020-11-15T18:39:46+08:00][sql] SELECT * FROM `yh_webpz` WHERE  `id` = 1 LIMIT 1 [ RunTime:0.000814s ]
[2020-11-15T18:39:51+08:00][sql] CONNECT:[ UseTime:0.001418s ] mysql:host=127.0.0.1;port=3306;dbname=jifei_ymcx_shop;charset=utf8
[2020-11-15T18:39:51+08:00][sql] SHOW FULL COLUMNS FROM `yh_webpz` [ RunTime:0.006645s ]
[2020-11-15T18:39:51+08:00][sql] SELECT * FROM `yh_webpz` WHERE  `id` = 1 LIMIT 1 [ RunTime:0.005803s ]
[2020-11-15T18:39:51+08:00][sql] SHOW FULL COLUMNS FROM `yh_user` [ RunTime:0.003809s ]
[2020-11-15T18:39:51+08:00][sql] SELECT * FROM `yh_user` WHERE  `username` = '1178350505'  AND `password` = '565be15b663c3a1c6a54055410cb763a' LIMIT 1 [ RunTime:0.000650s ]
[2020-11-15T18:39:51+08:00][sql] CONNECT:[ UseTime:0.005016s ] mysql:host=127.0.0.1;port=3306;dbname=jifei_ymcx_shop;charset=utf8
[2020-11-15T18:39:51+08:00][sql] SHOW FULL COLUMNS FROM `yh_user` [ RunTime:0.006747s ]
[2020-11-15T18:39:51+08:00][sql] SELECT * FROM `yh_user` WHERE  `id` = 1 LIMIT 1 [ RunTime:0.004144s ]
[2020-11-15T18:39:51+08:00][sql] SHOW FULL COLUMNS FROM `yh_business` [ RunTime:0.004477s ]
[2020-11-15T18:39:51+08:00][sql] SELECT * FROM `yh_business` WHERE  `id` = 1 LIMIT 1 [ RunTime:0.001026s ]
[2020-11-15T18:39:51+08:00][sql] SHOW FULL COLUMNS FROM `yh_webpz` [ RunTime:0.003603s ]
[2020-11-15T18:39:51+08:00][sql] SELECT * FROM `yh_webpz` WHERE  `id` = 1 LIMIT 1 [ RunTime:0.000847s ]
[2020-11-15T18:39:51+08:00][sql] SHOW FULL COLUMNS FROM `yh_record` [ RunTime:0.002565s ]
[2020-11-15T18:39:51+08:00][sql] SELECT COUNT(*) AS think_count FROM `yh_record` WHERE  `uid` = 13873  AND `intime` > 1605369600 [ RunTime:0.001077s ]
[2020-11-15T18:39:51+08:00][sql] SHOW FULL COLUMNS FROM `yh_information` [ RunTime:0.002399s ]
[2020-11-15T18:39:51+08:00][sql] SELECT * FROM `yh_information` WHERE  `id` = 1 LIMIT 1 [ RunTime:0.000720s ]
[2020-11-15T18:39:55+08:00][sql] CONNECT:[ UseTime:0.004076s ] mysql:host=127.0.0.1;port=3306;dbname=jifei_ymcx_shop;charset=utf8
[2020-11-15T18:39:55+08:00][sql] SHOW FULL COLUMNS FROM `yh_user` [ RunTime:0.005630s ]
[2020-11-15T18:39:55+08:00][sql] SELECT * FROM `yh_user` WHERE  `id` = 1 LIMIT 1 [ RunTime:0.005386s ]
[2020-11-15T18:39:55+08:00][sql] SHOW FULL COLUMNS FROM `yh_business` [ RunTime:0.002633s ]
[2020-11-15T18:39:55+08:00][sql] SELECT * FROM `yh_business` WHERE  `id` = 1 LIMIT 1 [ RunTime:0.000652s ]
[2020-11-15T18:39:55+08:00][sql] SHOW FULL COLUMNS FROM `yh_webpz` [ RunTime:0.002254s ]
[2020-11-15T18:39:55+08:00][sql] SELECT * FROM `yh_webpz` WHERE  `id` = 1 LIMIT 1 [ RunTime:0.000721s ]
[2020-11-15T20:55:33+08:00][sql] CONNECT:[ UseTime:0.002968s ] mysql:host=127.0.0.1;port=3306;dbname=jifei_ymcx_shop;charset=utf8
[2020-11-15T20:55:33+08:00][sql] SHOW FULL COLUMNS FROM `yh_webpz` [ RunTime:0.002847s ]
[2020-11-15T20:55:33+08:00][sql] SELECT * FROM `yh_webpz` WHERE  `id` = 1 LIMIT 1 [ RunTime:0.001088s ]
[2020-11-15T20:55:35+08:00][sql] CONNECT:[ UseTime:0.001437s ] mysql:host=127.0.0.1;port=3306;dbname=jifei_ymcx_shop;charset=utf8
[2020-11-15T20:55:35+08:00][sql] SHOW FULL COLUMNS FROM `yh_webpz` [ RunTime:0.003064s ]
[2020-11-15T20:55:35+08:00][sql] SELECT * FROM `yh_webpz` WHERE  `id` = 1 LIMIT 1 [ RunTime:0.001541s ]
[2020-11-15T20:55:35+08:00][sql] SHOW FULL COLUMNS FROM `yh_user` [ RunTime:0.005366s ]
[2020-11-15T20:55:35+08:00][sql] SELECT * FROM `yh_user` WHERE  `username` = 'whbwhbwp'  AND `password` = '707d0f4f7fbec930d29e3d04532b2876' LIMIT 1 [ RunTime:0.001347s ]
[2020-11-15T20:55:35+08:00][sql] CONNECT:[ UseTime:0.001743s ] mysql:host=127.0.0.1;port=3306;dbname=jifei_ymcx_shop;charset=utf8
[2020-11-15T20:55:35+08:00][sql] SHOW FULL COLUMNS FROM `yh_user` [ RunTime:0.003570s ]
[2020-11-15T20:55:35+08:00][sql] SELECT * FROM `yh_user` WHERE  `id` = 6 LIMIT 1 [ RunTime:0.000801s ]
[2020-11-15T20:55:35+08:00][sql] SHOW FULL COLUMNS FROM `yh_business` [ RunTime:0.001962s ]
[2020-11-15T20:55:35+08:00][sql] SELECT * FROM `yh_business` WHERE  `id` = 6 LIMIT 1 [ RunTime:0.000597s ]
[2020-11-15T20:55:35+08:00][sql] SHOW FULL COLUMNS FROM `yh_webpz` [ RunTime:0.002134s ]
[2020-11-15T20:55:35+08:00][sql] SELECT * FROM `yh_webpz` WHERE  `id` = 1 LIMIT 1 [ RunTime:0.000879s ]
[2020-11-15T20:55:35+08:00][sql] SHOW FULL COLUMNS FROM `yh_record` [ RunTime:0.002048s ]
[2020-11-15T20:55:35+08:00][sql] SELECT COUNT(*) AS think_count FROM `yh_record` WHERE  `uid` = 666018  AND `intime` > 1605369600 [ RunTime:0.000895s ]
[2020-11-15T20:55:35+08:00][sql] SHOW FULL COLUMNS FROM `yh_information` [ RunTime:0.001479s ]
[2020-11-15T20:55:35+08:00][sql] SELECT * FROM `yh_information` WHERE  `id` = 1 LIMIT 1 [ RunTime:0.000603s ]
[2020-11-15T20:55:42+08:00][sql] CONNECT:[ UseTime:0.004931s ] mysql:host=127.0.0.1;port=3306;dbname=jifei_ymcx_shop;charset=utf8
[2020-11-15T20:55:42+08:00][sql] SHOW FULL COLUMNS FROM `yh_user` [ RunTime:0.003802s ]
[2020-11-15T20:55:42+08:00][sql] SELECT * FROM `yh_user` WHERE  `id` = 6 LIMIT 1 [ RunTime:0.002687s ]
[2020-11-15T20:55:42+08:00][sql] SHOW FULL COLUMNS FROM `yh_business` [ RunTime:0.002803s ]
[2020-11-15T20:55:42+08:00][sql] SELECT * FROM `yh_business` WHERE  `id` = 6 LIMIT 1 [ RunTime:0.001034s ]
[2020-11-15T20:55:42+08:00][sql] SHOW FULL COLUMNS FROM `yh_webpz` [ RunTime:0.004165s ]
[2020-11-15T20:55:42+08:00][sql] SELECT * FROM `yh_webpz` WHERE  `id` = 1 LIMIT 1 [ RunTime:0.001170s ]
[2020-11-15T20:55:42+08:00][sql] SHOW FULL COLUMNS FROM `yh_meal` [ RunTime:0.003319s ]
[2020-11-15T20:55:42+08:00][sql] SELECT * FROM `yh_meal` WHERE  `status` = 1  AND `type` = 1 ORDER BY `id` ASC [ RunTime:0.001040s ]
[2020-11-15T20:55:44+08:00][sql] CONNECT:[ UseTime:0.001083s ] mysql:host=127.0.0.1;port=3306;dbname=jifei_ymcx_shop;charset=utf8
[2020-11-15T20:55:44+08:00][sql] SHOW FULL COLUMNS FROM `yh_user` [ RunTime:0.002554s ]
[2020-11-15T20:55:44+08:00][sql] SELECT * FROM `yh_user` WHERE  `id` = 6 LIMIT 1 [ RunTime:0.000731s ]
[2020-11-15T20:55:44+08:00][sql] SHOW FULL COLUMNS FROM `yh_business` [ RunTime:0.001512s ]
[2020-11-15T20:55:44+08:00][sql] SELECT * FROM `yh_business` WHERE  `id` = 6 LIMIT 1 [ RunTime:0.000476s ]
[2020-11-15T20:55:44+08:00][sql] SHOW FULL COLUMNS FROM `yh_webpz` [ RunTime:0.001716s ]
[2020-11-15T20:55:44+08:00][sql] SELECT * FROM `yh_webpz` WHERE  `id` = 1 LIMIT 1 [ RunTime:0.000559s ]
[2020-11-15T20:55:44+08:00][sql] SHOW FULL COLUMNS FROM `yh_meal` [ RunTime:0.002062s ]
[2020-11-15T20:55:44+08:00][sql] SELECT * FROM `yh_meal` WHERE  `id` = 2 LIMIT 1 [ RunTime:0.001176s ]
[2020-11-15T20:55:44+08:00][sql] UPDATE `yh_user`  SET `balance` = 0  WHERE  `id` = 6 [ RunTime:0.004242s ]
[2020-11-15T20:55:44+08:00][sql] SELECT * FROM `yh_business` WHERE  `id` = 6 LIMIT 1 [ RunTime:0.000923s ]
[2020-11-15T20:55:44+08:00][sql] UPDATE `yh_business`  SET `type` = 1 , `surplus` = 100000  WHERE  `id` = 6 [ RunTime:0.015464s ]
[2020-11-15T20:55:44+08:00][sql] CONNECT:[ UseTime:0.004662s ] mysql:host=127.0.0.1;port=3306;dbname=jifei_ymcx_shop;charset=utf8
[2020-11-15T20:55:44+08:00][sql] SHOW FULL COLUMNS FROM `yh_user` [ RunTime:0.006050s ]
[2020-11-15T20:55:44+08:00][sql] SELECT * FROM `yh_user` WHERE  `id` = 6 LIMIT 1 [ RunTime:0.003676s ]
[2020-11-15T20:55:44+08:00][sql] SHOW FULL COLUMNS FROM `yh_business` [ RunTime:0.002445s ]
[2020-11-15T20:55:44+08:00][sql] SELECT * FROM `yh_business` WHERE  `id` = 6 LIMIT 1 [ RunTime:0.000731s ]
[2020-11-15T20:55:44+08:00][sql] SHOW FULL COLUMNS FROM `yh_webpz` [ RunTime:0.002307s ]
[2020-11-15T20:55:44+08:00][sql] SELECT * FROM `yh_webpz` WHERE  `id` = 1 LIMIT 1 [ RunTime:0.000793s ]
[2020-11-15T20:55:44+08:00][sql] SHOW FULL COLUMNS FROM `yh_meal` [ RunTime:0.002337s ]
[2020-11-15T20:55:44+08:00][sql] SELECT * FROM `yh_meal` WHERE  `status` = 1  AND `type` = 1 ORDER BY `id` ASC [ RunTime:0.000815s ]
[2020-11-15T20:55:47+08:00][sql] CONNECT:[ UseTime:0.001804s ] mysql:host=127.0.0.1;port=3306;dbname=jifei_ymcx_shop;charset=utf8
[2020-11-15T20:55:47+08:00][sql] SHOW FULL COLUMNS FROM `yh_user` [ RunTime:0.002960s ]
[2020-11-15T20:55:47+08:00][sql] SELECT * FROM `yh_user` WHERE  `id` = 6 LIMIT 1 [ RunTime:0.000784s ]
[2020-11-15T20:55:47+08:00][sql] SHOW FULL COLUMNS FROM `yh_business` [ RunTime:0.002218s ]
[2020-11-15T20:55:47+08:00][sql] SELECT * FROM `yh_business` WHERE  `id` = 6 LIMIT 1 [ RunTime:0.000683s ]
[2020-11-15T20:55:47+08:00][sql] SHOW FULL COLUMNS FROM `yh_webpz` [ RunTime:0.002196s ]
[2020-11-15T20:55:47+08:00][sql] SELECT * FROM `yh_webpz` WHERE  `id` = 1 LIMIT 1 [ RunTime:0.000707s ]
[2020-11-15T20:55:49+08:00][sql] CONNECT:[ UseTime:0.001795s ] mysql:host=127.0.0.1;port=3306;dbname=jifei_ymcx_shop;charset=utf8
[2020-11-15T20:55:49+08:00][sql] SHOW FULL COLUMNS FROM `yh_user` [ RunTime:0.002512s ]
[2020-11-15T20:55:49+08:00][sql] SELECT * FROM `yh_user` WHERE  `id` = 6 LIMIT 1 [ RunTime:0.000740s ]
[2020-11-15T20:55:49+08:00][sql] SHOW FULL COLUMNS FROM `yh_business` [ RunTime:0.001654s ]
[2020-11-15T20:55:49+08:00][sql] SELECT * FROM `yh_business` WHERE  `id` = 6 LIMIT 1 [ RunTime:0.000529s ]
[2020-11-15T20:55:49+08:00][sql] SHOW FULL COLUMNS FROM `yh_webpz` [ RunTime:0.001758s ]
[2020-11-15T20:55:49+08:00][sql] SELECT * FROM `yh_webpz` WHERE  `id` = 1 LIMIT 1 [ RunTime:0.000612s ]
[2020-11-15T20:55:49+08:00][sql] SHOW FULL COLUMNS FROM `yh_record` [ RunTime:0.002531s ]
[2020-11-15T20:55:49+08:00][sql] SELECT COUNT(*) AS think_count FROM `yh_record` WHERE  `uid` = 666018  AND `intime` > 1605369600 [ RunTime:0.000881s ]
[2020-11-15T20:55:49+08:00][sql] SHOW FULL COLUMNS FROM `yh_information` [ RunTime:0.001864s ]
[2020-11-15T20:55:49+08:00][sql] SELECT * FROM `yh_information` WHERE  `id` = 1 LIMIT 1 [ RunTime:0.000563s ]
[2020-11-15T22:38:09+08:00][sql] CONNECT:[ UseTime:0.004636s ] mysql:host=127.0.0.1;port=3306;dbname=jifei_ymcx_shop;charset=utf8
[2020-11-15T22:38:09+08:00][sql] SHOW FULL COLUMNS FROM `yh_webpz` [ RunTime:0.004476s ]
[2020-11-15T22:38:09+08:00][sql] SELECT * FROM `yh_webpz` WHERE  `id` = 1 LIMIT 1 [ RunTime:0.000994s ]
[2020-11-15T22:38:13+08:00][sql] CONNECT:[ UseTime:0.001097s ] mysql:host=127.0.0.1;port=3306;dbname=jifei_ymcx_shop;charset=utf8
[2020-11-15T22:38:13+08:00][sql] SHOW FULL COLUMNS FROM `yh_webpz` [ RunTime:0.002150s ]
[2020-11-15T22:38:13+08:00][sql] SELECT * FROM `yh_webpz` WHERE  `id` = 1 LIMIT 1 [ RunTime:0.000636s ]
[2020-11-15T22:38:13+08:00][sql] SHOW FULL COLUMNS FROM `yh_user` [ RunTime:0.001772s ]
[2020-11-15T22:38:13+08:00][sql] SELECT * FROM `yh_user` WHERE  `username` = 'ffsir'  AND `password` = 'b8b433310a7f7d992abf1f063f207999' LIMIT 1 [ RunTime:0.000698s ]
[2020-11-15T22:38:14+08:00][sql] CONNECT:[ UseTime:0.009954s ] mysql:host=127.0.0.1;port=3306;dbname=jifei_ymcx_shop;charset=utf8
[2020-11-15T22:38:14+08:00][sql] SHOW FULL COLUMNS FROM `yh_user` [ RunTime:0.002216s ]
[2020-11-15T22:38:14+08:00][sql] SELECT * FROM `yh_user` WHERE  `id` = 13 LIMIT 1 [ RunTime:0.007706s ]
[2020-11-15T22:38:14+08:00][sql] SHOW FULL COLUMNS FROM `yh_business` [ RunTime:0.002076s ]
[2020-11-15T22:38:14+08:00][sql] SELECT * FROM `yh_business` WHERE  `id` = 13 LIMIT 1 [ RunTime:0.003808s ]
[2020-11-15T22:38:14+08:00][sql] SHOW FULL COLUMNS FROM `yh_webpz` [ RunTime:0.009749s ]
[2020-11-15T22:38:14+08:00][sql] SELECT * FROM `yh_webpz` WHERE  `id` = 1 LIMIT 1 [ RunTime:0.001622s ]
[2020-11-15T22:38:14+08:00][sql] SHOW FULL COLUMNS FROM `yh_record` [ RunTime:0.002584s ]
[2020-11-15T22:38:14+08:00][sql] SELECT COUNT(*) AS think_count FROM `yh_record` WHERE  `uid` = 1399639  AND `intime` > 1605369600 [ RunTime:0.000918s ]
[2020-11-15T22:38:14+08:00][sql] SHOW FULL COLUMNS FROM `yh_information` [ RunTime:0.002936s ]
[2020-11-15T22:38:14+08:00][sql] SELECT * FROM `yh_information` WHERE  `id` = 1 LIMIT 1 [ RunTime:0.000798s ]
[2020-11-15T22:38:44+08:00][sql] CONNECT:[ UseTime:0.002105s ] mysql:host=127.0.0.1;port=3306;dbname=jifei_ymcx_shop;charset=utf8
[2020-11-15T22:38:44+08:00][sql] SHOW FULL COLUMNS FROM `yh_user` [ RunTime:0.002439s ]
[2020-11-15T22:38:44+08:00][sql] SELECT * FROM `yh_user` WHERE  `id` = 13 LIMIT 1 [ RunTime:0.000744s ]
[2020-11-15T22:38:44+08:00][sql] SHOW FULL COLUMNS FROM `yh_business` [ RunTime:0.001690s ]
[2020-11-15T22:38:44+08:00][sql] SELECT * FROM `yh_business` WHERE  `id` = 13 LIMIT 1 [ RunTime:0.000601s ]
[2020-11-15T22:38:44+08:00][sql] SHOW FULL COLUMNS FROM `yh_webpz` [ RunTime:0.001840s ]
[2020-11-15T22:38:44+08:00][sql] SELECT * FROM `yh_webpz` WHERE  `id` = 1 LIMIT 1 [ RunTime:0.000625s ]
[2020-11-15T22:57:13+08:00][sql] CONNECT:[ UseTime:0.002561s ] mysql:host=127.0.0.1;port=3306;dbname=jifei_ymcx_shop;charset=utf8
[2020-11-15T22:57:13+08:00][sql] SHOW FULL COLUMNS FROM `yh_webpz` [ RunTime:0.002253s ]
[2020-11-15T22:57:13+08:00][sql] SELECT * FROM `yh_webpz` WHERE  `id` = 1 LIMIT 1 [ RunTime:0.000598s ]
[2020-11-15T22:57:24+08:00][sql] CONNECT:[ UseTime:0.000953s ] mysql:host=127.0.0.1;port=3306;dbname=jifei_ymcx_shop;charset=utf8
[2020-11-15T22:57:24+08:00][sql] SHOW FULL COLUMNS FROM `yh_webpz` [ RunTime:0.002568s ]
[2020-11-15T22:57:24+08:00][sql] SELECT * FROM `yh_webpz` WHERE  `id` = 1 LIMIT 1 [ RunTime:0.000712s ]
[2020-11-15T22:57:24+08:00][sql] SHOW FULL COLUMNS FROM `yh_user` [ RunTime:0.002152s ]
[2020-11-15T22:57:24+08:00][sql] SELECT * FROM `yh_user` WHERE  `username` = '251583911' LIMIT 1 [ RunTime:0.001094s ]
[2020-11-15T22:57:24+08:00][sql] SELECT * FROM `yh_user` WHERE  `email` = '251583911@qq.com' LIMIT 1 [ RunTime:0.000687s ]
[2020-11-15T22:57:24+08:00][sql] SHOW FULL COLUMNS FROM `yh_verification` [ RunTime:0.003784s ]
[2020-11-15T22:57:24+08:00][sql] SELECT `id` FROM `yh_verification` WHERE  `email` = '251583911@qq.com' LIMIT 1 [ RunTime:0.000857s ]
[2020-11-15T22:57:24+08:00][sql] INSERT INTO `yh_verification` SET `code` = 'bdfjkmovzCEKNPV7' , `email` = '251583911@qq.com' , `intime` = 1605452543 [ RunTime:0.001401s ]
[2020-11-15T22:57:24+08:00][sql] SELECT * FROM `yh_webpz` WHERE  `id` = 1 LIMIT 1 [ RunTime:0.000655s ]
[2020-11-15T22:57:24+08:00][sql] CONNECT:[ UseTime:0.001869s ] mysql:host=127.0.0.1;port=3306;dbname=jifei_ymcx_shop;charset=utf8
[2020-11-15T22:57:24+08:00][sql] SHOW FULL COLUMNS FROM `yh_webpz` [ RunTime:0.002454s ]
[2020-11-15T22:57:24+08:00][sql] SELECT * FROM `yh_webpz` WHERE  `id` = 1 LIMIT 1 [ RunTime:0.000572s ]
[2020-11-15T22:57:37+08:00][sql] CONNECT:[ UseTime:0.004051s ] mysql:host=127.0.0.1;port=3306;dbname=jifei_ymcx_shop;charset=utf8
[2020-11-15T22:57:37+08:00][sql] SHOW FULL COLUMNS FROM `yh_webpz` [ RunTime:0.005668s ]
[2020-11-15T22:57:37+08:00][sql] SELECT * FROM `yh_webpz` WHERE  `id` = 1 LIMIT 1 [ RunTime:0.001104s ]
[2020-11-15T22:57:37+08:00][sql] SHOW FULL COLUMNS FROM `yh_verification` [ RunTime:0.002145s ]
[2020-11-15T22:57:37+08:00][sql] SELECT * FROM `yh_verification` WHERE  `code` = 'bdfjkmovzCEKNPV7' LIMIT 1 [ RunTime:0.000693s ]
[2020-11-15T22:57:58+08:00][sql] CONNECT:[ UseTime:0.001314s ] mysql:host=127.0.0.1;port=3306;dbname=jifei_ymcx_shop;charset=utf8
[2020-11-15T22:57:58+08:00][sql] SHOW FULL COLUMNS FROM `yh_webpz` [ RunTime:0.002645s ]
[2020-11-15T22:57:58+08:00][sql] SELECT * FROM `yh_webpz` WHERE  `id` = 1 LIMIT 1 [ RunTime:0.000809s ]
[2020-11-15T22:57:58+08:00][sql] SHOW FULL COLUMNS FROM `yh_verification` [ RunTime:0.002040s ]
[2020-11-15T22:57:58+08:00][sql] SELECT * FROM `yh_verification` WHERE  `code` = 'bdfjkmovzCEKNPV7' LIMIT 1 [ RunTime:0.000680s ]
[2020-11-15T22:57:58+08:00][sql] SHOW FULL COLUMNS FROM `yh_user` [ RunTime:0.002087s ]
[2020-11-15T22:57:58+08:00][sql] INSERT INTO `yh_user` SET `username` = '251583911' , `password` = 'f0559fea21f73d883f2090dff005199d' , `email` = '251583911@qq.com' , `qq` = '251583911' , `balance` = 0 , `intime` = 1605452243 , `status` = 1 [ RunTime:0.004661s ]
[2020-11-15T22:57:58+08:00][sql] SHOW FULL COLUMNS FROM `yh_information` [ RunTime:0.002129s ]
[2020-11-15T22:57:58+08:00][sql] SELECT `give` FROM `yh_information` WHERE  `id` = 1 LIMIT 1 [ RunTime:0.000720s ]
[2020-11-15T22:57:58+08:00][sql] SHOW FULL COLUMNS FROM `yh_business` [ RunTime:0.001856s ]
[2020-11-15T22:57:58+08:00][sql] INSERT INTO `yh_business` SET `id` = 18 , `type` = 1 , `surplus` = 100 , `calltoday` = 0 , `limitnum` = 0 , `user_uid` = 1827754 , `user_key` = 'ahilnuyCGIMNOUZ479' [ RunTime:0.002796s ]
[2020-11-15T22:57:59+08:00][sql] CONNECT:[ UseTime:0.001081s ] mysql:host=127.0.0.1;port=3306;dbname=jifei_ymcx_shop;charset=utf8
[2020-11-15T22:57:59+08:00][sql] SHOW FULL COLUMNS FROM `yh_webpz` [ RunTime:0.002142s ]
[2020-11-15T22:57:59+08:00][sql] SELECT * FROM `yh_webpz` WHERE  `id` = 1 LIMIT 1 [ RunTime:0.000667s ]
[2020-11-15T22:58:10+08:00][sql] CONNECT:[ UseTime:0.001248s ] mysql:host=127.0.0.1;port=3306;dbname=jifei_ymcx_shop;charset=utf8
[2020-11-15T22:58:10+08:00][sql] SHOW FULL COLUMNS FROM `yh_webpz` [ RunTime:0.005513s ]
[2020-11-15T22:58:10+08:00][sql] SELECT * FROM `yh_webpz` WHERE  `id` = 1 LIMIT 1 [ RunTime:0.001316s ]
[2020-11-15T22:58:10+08:00][sql] SHOW FULL COLUMNS FROM `yh_user` [ RunTime:0.001701s ]
[2020-11-15T22:58:10+08:00][sql] SELECT * FROM `yh_user` WHERE  `username` = '251583911'  AND `password` = 'f0559fea21f73d883f2090dff005199d' LIMIT 1 [ RunTime:0.000666s ]
[2020-11-15T22:58:10+08:00][sql] CONNECT:[ UseTime:0.000936s ] mysql:host=127.0.0.1;port=3306;dbname=jifei_ymcx_shop;charset=utf8
[2020-11-15T22:58:10+08:00][sql] SHOW FULL COLUMNS FROM `yh_user` [ RunTime:0.003037s ]
[2020-11-15T22:58:10+08:00][sql] SELECT * FROM `yh_user` WHERE  `id` = 18 LIMIT 1 [ RunTime:0.001247s ]
[2020-11-15T22:58:10+08:00][sql] SHOW FULL COLUMNS FROM `yh_business` [ RunTime:0.001892s ]
[2020-11-15T22:58:10+08:00][sql] SELECT * FROM `yh_business` WHERE  `id` = 18 LIMIT 1 [ RunTime:0.000986s ]
[2020-11-15T22:58:10+08:00][sql] SHOW FULL COLUMNS FROM `yh_webpz` [ RunTime:0.004647s ]
[2020-11-15T22:58:10+08:00][sql] SELECT * FROM `yh_webpz` WHERE  `id` = 1 LIMIT 1 [ RunTime:0.000641s ]
[2020-11-15T22:58:10+08:00][sql] SHOW FULL COLUMNS FROM `yh_record` [ RunTime:0.001683s ]
[2020-11-15T22:58:10+08:00][sql] SELECT COUNT(*) AS think_count FROM `yh_record` WHERE  `uid` = 1827754  AND `intime` > 1605369600 [ RunTime:0.000806s ]
[2020-11-15T22:58:10+08:00][sql] SHOW FULL COLUMNS FROM `yh_information` [ RunTime:0.001608s ]
[2020-11-15T22:58:10+08:00][sql] SELECT * FROM `yh_information` WHERE  `id` = 1 LIMIT 1 [ RunTime:0.000477s ]
[2020-11-15T23:00:57+08:00][sql] CONNECT:[ UseTime:0.008153s ] mysql:host=127.0.0.1;port=3306;dbname=jifei_ymcx_shop;charset=utf8
[2020-11-15T23:00:57+08:00][sql] SHOW FULL COLUMNS FROM `yh_user` [ RunTime:0.007020s ]
[2020-11-15T23:00:57+08:00][sql] SELECT * FROM `yh_user` WHERE  `id` = 18 LIMIT 1 [ RunTime:0.001820s ]
[2020-11-15T23:00:57+08:00][sql] SHOW FULL COLUMNS FROM `yh_business` [ RunTime:0.003830s ]
[2020-11-15T23:00:57+08:00][sql] SELECT * FROM `yh_business` WHERE  `id` = 18 LIMIT 1 [ RunTime:0.000742s ]
[2020-11-15T23:00:57+08:00][sql] SHOW FULL COLUMNS FROM `yh_webpz` [ RunTime:0.004517s ]
[2020-11-15T23:00:57+08:00][sql] SELECT * FROM `yh_webpz` WHERE  `id` = 1 LIMIT 1 [ RunTime:0.000816s ]
[2020-11-15T23:01:13+08:00][sql] CONNECT:[ UseTime:0.001117s ] mysql:host=127.0.0.1;port=3306;dbname=jifei_ymcx_shop;charset=utf8
[2020-11-15T23:01:13+08:00][sql] SHOW FULL COLUMNS FROM `yh_user` [ RunTime:0.001904s ]
[2020-11-15T23:01:13+08:00][sql] SELECT * FROM `yh_user` WHERE  `id` = 18 LIMIT 1 [ RunTime:0.004384s ]
[2020-11-15T23:01:13+08:00][sql] SHOW FULL COLUMNS FROM `yh_business` [ RunTime:0.001733s ]
[2020-11-15T23:01:13+08:00][sql] SELECT * FROM `yh_business` WHERE  `id` = 18 LIMIT 1 [ RunTime:0.000564s ]
[2020-11-15T23:01:13+08:00][sql] SHOW FULL COLUMNS FROM `yh_webpz` [ RunTime:0.002092s ]
[2020-11-15T23:01:13+08:00][sql] SELECT * FROM `yh_webpz` WHERE  `id` = 1 LIMIT 1 [ RunTime:0.000738s ]
[2020-11-15T23:01:13+08:00][sql] SHOW FULL COLUMNS FROM `yh_record` [ RunTime:0.001659s ]
[2020-11-15T23:01:13+08:00][sql] SELECT COUNT(*) AS think_count FROM `yh_record` WHERE  `uid` = 1827754  AND `intime` > 1605369600 [ RunTime:0.001558s ]
[2020-11-15T23:01:13+08:00][sql] SHOW FULL COLUMNS FROM `yh_information` [ RunTime:0.001592s ]
[2020-11-15T23:01:13+08:00][sql] SELECT * FROM `yh_information` WHERE  `id` = 1 LIMIT 1 [ RunTime:0.002093s ]
[2020-11-15T23:01:18+08:00][sql] CONNECT:[ UseTime:0.001523s ] mysql:host=127.0.0.1;port=3306;dbname=jifei_ymcx_shop;charset=utf8
[2020-11-15T23:01:18+08:00][sql] SHOW FULL COLUMNS FROM `yh_user` [ RunTime:0.002539s ]
[2020-11-15T23:01:18+08:00][sql] SELECT * FROM `yh_user` WHERE  `id` = 18 LIMIT 1 [ RunTime:0.000674s ]
[2020-11-15T23:01:18+08:00][sql] SHOW FULL COLUMNS FROM `yh_business` [ RunTime:0.001956s ]
[2020-11-15T23:01:18+08:00][sql] SELECT * FROM `yh_business` WHERE  `id` = 18 LIMIT 1 [ RunTime:0.000519s ]
[2020-11-15T23:01:18+08:00][sql] SHOW FULL COLUMNS FROM `yh_webpz` [ RunTime:0.001778s ]
[2020-11-15T23:01:18+08:00][sql] SELECT * FROM `yh_webpz` WHERE  `id` = 1 LIMIT 1 [ RunTime:0.000554s ]
[2020-11-15T23:01:18+08:00][sql] SHOW FULL COLUMNS FROM `yh_meal` [ RunTime:0.001662s ]
[2020-11-15T23:01:18+08:00][sql] SELECT * FROM `yh_meal` WHERE  `status` = 1  AND `type` = 1 ORDER BY `id` ASC [ RunTime:0.000686s ]
[2020-11-15T23:01:29+08:00][sql] CONNECT:[ UseTime:0.004093s ] mysql:host=127.0.0.1;port=3306;dbname=jifei_ymcx_shop;charset=utf8
[2020-11-15T23:01:29+08:00][sql] SHOW FULL COLUMNS FROM `yh_user` [ RunTime:0.005658s ]
[2020-11-15T23:01:29+08:00][sql] SELECT * FROM `yh_user` WHERE  `id` = 18 LIMIT 1 [ RunTime:0.005023s ]
[2020-11-15T23:01:29+08:00][sql] SHOW FULL COLUMNS FROM `yh_business` [ RunTime:0.002402s ]
[2020-11-15T23:01:29+08:00][sql] SELECT * FROM `yh_business` WHERE  `id` = 18 LIMIT 1 [ RunTime:0.000720s ]
[2020-11-15T23:01:29+08:00][sql] SHOW FULL COLUMNS FROM `yh_webpz` [ RunTime:0.002403s ]
[2020-11-15T23:01:29+08:00][sql] SELECT * FROM `yh_webpz` WHERE  `id` = 1 LIMIT 1 [ RunTime:0.000768s ]
[2020-11-15T23:01:29+08:00][sql] SHOW FULL COLUMNS FROM `yh_meal` [ RunTime:0.002161s ]
[2020-11-15T23:01:29+08:00][sql] SELECT * FROM `yh_meal` WHERE  `status` = 1  AND `type` = 2 ORDER BY `id` ASC [ RunTime:0.000667s ]
[2020-11-15T23:01:53+08:00][sql] CONNECT:[ UseTime:0.002051s ] mysql:host=127.0.0.1;port=3306;dbname=jifei_ymcx_shop;charset=utf8
[2020-11-15T23:01:53+08:00][sql] SHOW FULL COLUMNS FROM `yh_user` [ RunTime:0.001876s ]
[2020-11-15T23:01:53+08:00][sql] SELECT * FROM `yh_user` WHERE  `id` = 18 LIMIT 1 [ RunTime:0.000611s ]
[2020-11-15T23:01:53+08:00][sql] SHOW FULL COLUMNS FROM `yh_business` [ RunTime:0.001597s ]
[2020-11-15T23:01:53+08:00][sql] SELECT * FROM `yh_business` WHERE  `id` = 18 LIMIT 1 [ RunTime:0.000465s ]
[2020-11-15T23:01:53+08:00][sql] SHOW FULL COLUMNS FROM `yh_webpz` [ RunTime:0.001606s ]
[2020-11-15T23:01:53+08:00][sql] SELECT * FROM `yh_webpz` WHERE  `id` = 1 LIMIT 1 [ RunTime:0.000608s ]
[2020-11-15T23:01:53+08:00][sql] SHOW FULL COLUMNS FROM `yh_meal` [ RunTime:0.006781s ]
[2020-11-15T23:01:53+08:00][sql] SELECT * FROM `yh_meal` WHERE  `status` = 1  AND `type` = 1 ORDER BY `id` ASC [ RunTime:0.001647s ]
[2020-11-15T23:02:14+08:00][sql] CONNECT:[ UseTime:0.001010s ] mysql:host=127.0.0.1;port=3306;dbname=jifei_ymcx_shop;charset=utf8
[2020-11-15T23:02:14+08:00][sql] SHOW FULL COLUMNS FROM `yh_user` [ RunTime:0.029057s ]
[2020-11-15T23:02:14+08:00][sql] SELECT * FROM `yh_user` WHERE  `id` = 18 LIMIT 1 [ RunTime:0.000897s ]
[2020-11-15T23:02:14+08:00][sql] SHOW FULL COLUMNS FROM `yh_business` [ RunTime:0.002248s ]
[2020-11-15T23:02:14+08:00][sql] SELECT * FROM `yh_business` WHERE  `id` = 18 LIMIT 1 [ RunTime:0.001938s ]
[2020-11-15T23:02:14+08:00][sql] SHOW FULL COLUMNS FROM `yh_webpz` [ RunTime:0.002383s ]
[2020-11-15T23:02:14+08:00][sql] SELECT * FROM `yh_webpz` WHERE  `id` = 1 LIMIT 1 [ RunTime:0.000727s ]
[2020-11-15T23:02:19+08:00][sql] CONNECT:[ UseTime:0.002547s ] mysql:host=127.0.0.1;port=3306;dbname=jifei_ymcx_shop;charset=utf8
[2020-11-15T23:02:19+08:00][sql] SHOW FULL COLUMNS FROM `yh_user` [ RunTime:0.002611s ]
[2020-11-15T23:02:19+08:00][sql] SELECT * FROM `yh_user` WHERE  `id` = 18 LIMIT 1 [ RunTime:0.000706s ]
[2020-11-15T23:02:19+08:00][sql] SHOW FULL COLUMNS FROM `yh_business` [ RunTime:0.002081s ]
[2020-11-15T23:02:19+08:00][sql] SELECT * FROM `yh_business` WHERE  `id` = 18 LIMIT 1 [ RunTime:0.001267s ]
[2020-11-15T23:02:19+08:00][sql] SHOW FULL COLUMNS FROM `yh_webpz` [ RunTime:0.002092s ]
[2020-11-15T23:02:19+08:00][sql] SELECT * FROM `yh_webpz` WHERE  `id` = 1 LIMIT 1 [ RunTime:0.000550s ]
[2020-11-15T23:02:56+08:00][sql] CONNECT:[ UseTime:0.014842s ] mysql:host=127.0.0.1;port=3306;dbname=jifei_ymcx_shop;charset=utf8
[2020-11-15T23:02:56+08:00][sql] SHOW FULL COLUMNS FROM `yh_user` [ RunTime:0.002911s ]
[2020-11-15T23:02:56+08:00][sql] SELECT * FROM `yh_user` WHERE  `id` = 18 LIMIT 1 [ RunTime:0.001516s ]
[2020-11-15T23:02:56+08:00][sql] SHOW FULL COLUMNS FROM `yh_business` [ RunTime:0.003314s ]
[2020-11-15T23:02:56+08:00][sql] SELECT * FROM `yh_business` WHERE  `id` = 18 LIMIT 1 [ RunTime:0.004032s ]
[2020-11-15T23:02:56+08:00][sql] SHOW FULL COLUMNS FROM `yh_webpz` [ RunTime:0.002313s ]
[2020-11-15T23:02:56+08:00][sql] SELECT * FROM `yh_webpz` WHERE  `id` = 1 LIMIT 1 [ RunTime:0.001562s ]
[2020-11-15T23:02:59+08:00][sql] CONNECT:[ UseTime:0.001084s ] mysql:host=127.0.0.1;port=3306;dbname=jifei_ymcx_shop;charset=utf8
[2020-11-15T23:02:59+08:00][sql] SHOW FULL COLUMNS FROM `yh_user` [ RunTime:0.002693s ]
[2020-11-15T23:02:59+08:00][sql] SELECT * FROM `yh_user` WHERE  `id` = 18 LIMIT 1 [ RunTime:0.000852s ]
[2020-11-15T23:02:59+08:00][sql] SHOW FULL COLUMNS FROM `yh_business` [ RunTime:0.001531s ]
[2020-11-15T23:02:59+08:00][sql] SELECT * FROM `yh_business` WHERE  `id` = 18 LIMIT 1 [ RunTime:0.000555s ]
[2020-11-15T23:02:59+08:00][sql] SHOW FULL COLUMNS FROM `yh_webpz` [ RunTime:0.002640s ]
[2020-11-15T23:02:59+08:00][sql] SELECT * FROM `yh_webpz` WHERE  `id` = 1 LIMIT 1 [ RunTime:0.000677s ]
[2020-11-15T23:02:59+08:00][sql] SHOW FULL COLUMNS FROM `yh_record` [ RunTime:0.001814s ]
[2020-11-15T23:02:59+08:00][sql] SELECT COUNT(*) AS think_count FROM `yh_record` WHERE  `uid` = 1827754 [ RunTime:0.000848s ]
[2020-11-15T23:02:59+08:00][sql] SELECT * FROM `yh_record` WHERE  `uid` = 1827754 ORDER BY `id` DESC LIMIT 0,10 [ RunTime:0.006088s ]
[2020-11-15T23:03:01+08:00][sql] CONNECT:[ UseTime:0.002569s ] mysql:host=127.0.0.1;port=3306;dbname=jifei_ymcx_shop;charset=utf8
[2020-11-15T23:03:01+08:00][sql] SHOW FULL COLUMNS FROM `yh_user` [ RunTime:0.002936s ]
[2020-11-15T23:03:01+08:00][sql] SELECT * FROM `yh_user` WHERE  `id` = 18 LIMIT 1 [ RunTime:0.000686s ]
[2020-11-15T23:03:01+08:00][sql] SHOW FULL COLUMNS FROM `yh_business` [ RunTime:0.002823s ]
[2020-11-15T23:03:01+08:00][sql] SELECT * FROM `yh_business` WHERE  `id` = 18 LIMIT 1 [ RunTime:0.004123s ]
[2020-11-15T23:03:01+08:00][sql] SHOW FULL COLUMNS FROM `yh_webpz` [ RunTime:0.032458s ]
[2020-11-15T23:03:01+08:00][sql] SELECT * FROM `yh_webpz` WHERE  `id` = 1 LIMIT 1 [ RunTime:0.004352s ]
[2020-11-15T23:03:07+08:00][sql] CONNECT:[ UseTime:0.002517s ] mysql:host=127.0.0.1;port=3306;dbname=jifei_ymcx_shop;charset=utf8
[2020-11-15T23:03:07+08:00][sql] SHOW FULL COLUMNS FROM `yh_user` [ RunTime:0.002710s ]
[2020-11-15T23:03:07+08:00][sql] SELECT * FROM `yh_user` WHERE  `id` = 18 LIMIT 1 [ RunTime:0.001250s ]
[2020-11-15T23:03:07+08:00][sql] SHOW FULL COLUMNS FROM `yh_business` [ RunTime:0.001937s ]
[2020-11-15T23:03:07+08:00][sql] SELECT * FROM `yh_business` WHERE  `id` = 18 LIMIT 1 [ RunTime:0.000628s ]
[2020-11-15T23:03:07+08:00][sql] SHOW FULL COLUMNS FROM `yh_webpz` [ RunTime:0.003425s ]
[2020-11-15T23:03:07+08:00][sql] SELECT * FROM `yh_webpz` WHERE  `id` = 1 LIMIT 1 [ RunTime:0.000728s ]
[2020-11-15T23:03:50+08:00][sql] CONNECT:[ UseTime:0.002091s ] mysql:host=127.0.0.1;port=3306;dbname=jifei_ymcx_shop;charset=utf8
[2020-11-15T23:03:50+08:00][sql] SHOW FULL COLUMNS FROM `yh_user` [ RunTime:0.002477s ]
[2020-11-15T23:03:50+08:00][sql] SELECT * FROM `yh_user` WHERE  `id` = 18 LIMIT 1 [ RunTime:0.000646s ]
[2020-11-15T23:03:50+08:00][sql] SHOW FULL COLUMNS FROM `yh_business` [ RunTime:0.001670s ]
[2020-11-15T23:03:50+08:00][sql] SELECT * FROM `yh_business` WHERE  `id` = 18 LIMIT 1 [ RunTime:0.001901s ]
[2020-11-15T23:03:50+08:00][sql] SHOW FULL COLUMNS FROM `yh_webpz` [ RunTime:0.001700s ]
[2020-11-15T23:03:50+08:00][sql] SELECT * FROM `yh_webpz` WHERE  `id` = 1 LIMIT 1 [ RunTime:0.001144s ]
[2020-11-15T23:04:18+08:00][sql] CONNECT:[ UseTime:0.001396s ] mysql:host=127.0.0.1;port=3306;dbname=jifei_ymcx_shop;charset=utf8
[2020-11-15T23:04:18+08:00][sql] SHOW FULL COLUMNS FROM `yh_user` [ RunTime:0.006558s ]
[2020-11-15T23:04:18+08:00][sql] SELECT * FROM `yh_user` WHERE  `id` = 18 LIMIT 1 [ RunTime:0.006332s ]
[2020-11-15T23:04:18+08:00][sql] SHOW FULL COLUMNS FROM `yh_business` [ RunTime:0.001964s ]
[2020-11-15T23:04:18+08:00][sql] SELECT * FROM `yh_business` WHERE  `id` = 18 LIMIT 1 [ RunTime:0.000840s ]
[2020-11-15T23:04:18+08:00][sql] SHOW FULL COLUMNS FROM `yh_webpz` [ RunTime:0.002481s ]
[2020-11-15T23:04:18+08:00][sql] SELECT * FROM `yh_webpz` WHERE  `id` = 1 LIMIT 1 [ RunTime:0.000935s ]
[2020-11-15T23:05:08+08:00][sql] CONNECT:[ UseTime:0.001918s ] mysql:host=127.0.0.1;port=3306;dbname=jifei_ymcx_shop;charset=utf8
[2020-11-15T23:05:08+08:00][sql] SHOW FULL COLUMNS FROM `yh_user` [ RunTime:0.002391s ]
[2020-11-15T23:05:08+08:00][sql] SELECT * FROM `yh_user` WHERE  `id` = 18 LIMIT 1 [ RunTime:0.000724s ]
[2020-11-15T23:05:08+08:00][sql] SHOW FULL COLUMNS FROM `yh_business` [ RunTime:0.002118s ]
[2020-11-15T23:05:08+08:00][sql] SELECT * FROM `yh_business` WHERE  `id` = 18 LIMIT 1 [ RunTime:0.000603s ]
[2020-11-15T23:05:08+08:00][sql] SHOW FULL COLUMNS FROM `yh_webpz` [ RunTime:0.002086s ]
[2020-11-15T23:05:08+08:00][sql] SELECT * FROM `yh_webpz` WHERE  `id` = 1 LIMIT 1 [ RunTime:0.002622s ]
[2020-11-15T23:05:08+08:00][sql] SHOW FULL COLUMNS FROM `yh_record` [ RunTime:0.002316s ]
[2020-11-15T23:05:08+08:00][sql] SELECT COUNT(*) AS think_count FROM `yh_record` WHERE  `uid` = 1827754  AND `intime` > 1605369600 [ RunTime:0.000917s ]
[2020-11-15T23:05:08+08:00][sql] SHOW FULL COLUMNS FROM `yh_information` [ RunTime:0.002549s ]
[2020-11-15T23:05:08+08:00][sql] SELECT * FROM `yh_information` WHERE  `id` = 1 LIMIT 1 [ RunTime:0.000769s ]
[2020-11-15T23:05:33+08:00][sql] CONNECT:[ UseTime:0.001023s ] mysql:host=127.0.0.1;port=3306;dbname=jifei_ymcx_shop;charset=utf8
[2020-11-15T23:05:33+08:00][sql] SHOW FULL COLUMNS FROM `yh_user` [ RunTime:0.008058s ]
[2020-11-15T23:05:33+08:00][sql] SELECT * FROM `yh_user` WHERE  `id` = 18 LIMIT 1 [ RunTime:0.000579s ]
[2020-11-15T23:05:33+08:00][sql] SHOW FULL COLUMNS FROM `yh_business` [ RunTime:0.001343s ]
[2020-11-15T23:05:33+08:00][sql] SELECT * FROM `yh_business` WHERE  `id` = 18 LIMIT 1 [ RunTime:0.000441s ]
[2020-11-15T23:05:33+08:00][sql] SHOW FULL COLUMNS FROM `yh_webpz` [ RunTime:0.001475s ]
[2020-11-15T23:05:33+08:00][sql] SELECT * FROM `yh_webpz` WHERE  `id` = 1 LIMIT 1 [ RunTime:0.000651s ]
[2020-11-15T23:06:41+08:00][sql] CONNECT:[ UseTime:0.001947s ] mysql:host=127.0.0.1;port=3306;dbname=jifei_ymcx_shop;charset=utf8
[2020-11-15T23:06:41+08:00][sql] SHOW FULL COLUMNS FROM `yh_user` [ RunTime:0.002303s ]
[2020-11-15T23:06:41+08:00][sql] SELECT * FROM `yh_user` WHERE  `id` = 18 LIMIT 1 [ RunTime:0.002289s ]
[2020-11-15T23:06:41+08:00][sql] SHOW FULL COLUMNS FROM `yh_business` [ RunTime:0.006606s ]
[2020-11-15T23:06:41+08:00][sql] SELECT * FROM `yh_business` WHERE  `id` = 18 LIMIT 1 [ RunTime:0.001144s ]
[2020-11-15T23:06:41+08:00][sql] SHOW FULL COLUMNS FROM `yh_webpz` [ RunTime:0.002525s ]
[2020-11-15T23:06:41+08:00][sql] SELECT * FROM `yh_webpz` WHERE  `id` = 1 LIMIT 1 [ RunTime:0.000945s ]
[2020-11-15T23:06:41+08:00][sql] SHOW FULL COLUMNS FROM `yh_record` [ RunTime:0.003633s ]
[2020-11-15T23:06:41+08:00][sql] SELECT COUNT(*) AS think_count FROM `yh_record` WHERE  `uid` = 1827754  AND `intime` > 1605369600 [ RunTime:0.001500s ]
[2020-11-15T23:06:41+08:00][sql] SHOW FULL COLUMNS FROM `yh_information` [ RunTime:0.002424s ]
[2020-11-15T23:06:41+08:00][sql] SELECT * FROM `yh_information` WHERE  `id` = 1 LIMIT 1 [ RunTime:0.000814s ]
[2020-11-15T23:06:47+08:00][sql] CONNECT:[ UseTime:0.004300s ] mysql:host=127.0.0.1;port=3306;dbname=jifei_ymcx_shop;charset=utf8
[2020-11-15T23:06:47+08:00][sql] SHOW FULL COLUMNS FROM `yh_user` [ RunTime:0.005943s ]
[2020-11-15T23:06:47+08:00][sql] SELECT * FROM `yh_user` WHERE  `id` = 18 LIMIT 1 [ RunTime:0.003335s ]
[2020-11-15T23:06:47+08:00][sql] SHOW FULL COLUMNS FROM `yh_business` [ RunTime:0.002368s ]
[2020-11-15T23:06:47+08:00][sql] SELECT * FROM `yh_business` WHERE  `id` = 18 LIMIT 1 [ RunTime:0.000763s ]
[2020-11-15T23:06:47+08:00][sql] SHOW FULL COLUMNS FROM `yh_webpz` [ RunTime:0.002237s ]
[2020-11-15T23:06:47+08:00][sql] SELECT * FROM `yh_webpz` WHERE  `id` = 1 LIMIT 1 [ RunTime:0.000731s ]
[2020-11-15T23:06:48+08:00][sql] CONNECT:[ UseTime:0.000949s ] mysql:host=127.0.0.1;port=3306;dbname=jifei_ymcx_shop;charset=utf8
[2020-11-15T23:06:48+08:00][sql] SHOW FULL COLUMNS FROM `yh_user` [ RunTime:0.002107s ]
[2020-11-15T23:06:48+08:00][sql] SELECT * FROM `yh_user` WHERE  `id` = 18 LIMIT 1 [ RunTime:0.000649s ]
[2020-11-15T23:06:48+08:00][sql] SHOW FULL COLUMNS FROM `yh_business` [ RunTime:0.003357s ]
[2020-11-15T23:06:48+08:00][sql] SELECT * FROM `yh_business` WHERE  `id` = 18 LIMIT 1 [ RunTime:0.003620s ]
[2020-11-15T23:06:48+08:00][sql] SHOW FULL COLUMNS FROM `yh_webpz` [ RunTime:0.005232s ]
[2020-11-15T23:06:48+08:00][sql] SELECT * FROM `yh_webpz` WHERE  `id` = 1 LIMIT 1 [ RunTime:0.001253s ]
[2020-11-15T23:06:48+08:00][sql] SHOW FULL COLUMNS FROM `yh_meal` [ RunTime:0.002821s ]
[2020-11-15T23:06:48+08:00][sql] SELECT * FROM `yh_meal` WHERE  `status` = 1  AND `type` = 1 ORDER BY `id` ASC [ RunTime:0.000936s ]
[2020-11-15T23:15:45+08:00][sql] CONNECT:[ UseTime:0.015630s ] mysql:host=127.0.0.1;port=3306;dbname=jifei_ymcx_shop;charset=utf8
[2020-11-15T23:15:45+08:00][sql] SHOW FULL COLUMNS FROM `yh_webpz` [ RunTime:0.006078s ]
[2020-11-15T23:15:45+08:00][sql] SELECT * FROM `yh_webpz` WHERE  `id` = 1 LIMIT 1 [ RunTime:0.019588s ]
[2020-11-15T23:15:45+08:00][sql] SHOW FULL COLUMNS FROM `yh_verification` [ RunTime:0.003103s ]
[2020-11-15T23:15:45+08:00][sql] SELECT * FROM `yh_verification` WHERE  `code` = 'bdfjkmovzceknpv7' LIMIT 1 [ RunTime:0.001002s ]
