[2020-11-18T11:03:54+08:00][sql] CONNECT:[ UseTime:0.002899s ] mysql:host=127.0.0.1;port=3306;dbname=jifei_ymcx_shop;charset=utf8
[2020-11-18T11:03:54+08:00][sql] SHOW FULL COLUMNS FROM `yh_webpz` [ RunTime:0.006874s ]
[2020-11-18T11:03:54+08:00][sql] SELECT * FROM `yh_webpz` WHERE  `id` = 1 LIMIT 1 [ RunTime:0.006025s ]
[2020-11-18T11:03:57+08:00][sql] CONNECT:[ UseTime:0.004172s ] mysql:host=127.0.0.1;port=3306;dbname=jifei_ymcx_shop;charset=utf8
[2020-11-18T11:03:57+08:00][sql] SHOW FULL COLUMNS FROM `yh_webpz` [ RunTime:0.005871s ]
[2020-11-18T11:03:57+08:00][sql] SELECT * FROM `yh_webpz` WHERE  `id` = 1 LIMIT 1 [ RunTime:0.003598s ]
[2020-11-18T11:04:18+08:00][sql] CONNECT:[ UseTime:0.001145s ] mysql:host=127.0.0.1;port=3306;dbname=jifei_ymcx_shop;charset=utf8
[2020-11-18T11:04:18+08:00][sql] SHOW FULL COLUMNS FROM `yh_webpz` [ RunTime:0.002297s ]
[2020-11-18T11:04:18+08:00][sql] SELECT * FROM `yh_webpz` WHERE  `id` = 1 LIMIT 1 [ RunTime:0.000722s ]
[2020-11-18T11:04:18+08:00][sql] SHOW FULL COLUMNS FROM `yh_user` [ RunTime:0.001962s ]
[2020-11-18T11:04:18+08:00][sql] SELECT * FROM `yh_user` WHERE  `username` = '55528682' LIMIT 1 [ RunTime:0.000697s ]
[2020-11-18T11:04:18+08:00][sql] SELECT * FROM `yh_user` WHERE  `email` = '55528682@qq.com' LIMIT 1 [ RunTime:0.000633s ]
[2020-11-18T11:04:18+08:00][sql] SHOW FULL COLUMNS FROM `yh_verification` [ RunTime:0.002239s ]
[2020-11-18T11:04:18+08:00][sql] SELECT `id` FROM `yh_verification` WHERE  `email` = '55528682@qq.com' LIMIT 1 [ RunTime:0.000544s ]
[2020-11-18T11:04:18+08:00][sql] INSERT INTO `yh_verification` SET `code` = 'dwxBCDEIOQSUW359' , `email` = '55528682@qq.com' , `intime` = 1605668957 [ RunTime:0.000966s ]
[2020-11-18T11:04:18+08:00][sql] SELECT * FROM `yh_webpz` WHERE  `id` = 1 LIMIT 1 [ RunTime:0.000640s ]
[2020-11-18T11:04:19+08:00][sql] CONNECT:[ UseTime:0.001185s ] mysql:host=127.0.0.1;port=3306;dbname=jifei_ymcx_shop;charset=utf8
[2020-11-18T11:04:19+08:00][sql] SHOW FULL COLUMNS FROM `yh_webpz` [ RunTime:0.002564s ]
[2020-11-18T11:04:19+08:00][sql] SELECT * FROM `yh_webpz` WHERE  `id` = 1 LIMIT 1 [ RunTime:0.000645s ]
[2020-11-18T11:04:28+08:00][sql] CONNECT:[ UseTime:0.012159s ] mysql:host=127.0.0.1;port=3306;dbname=jifei_ymcx_shop;charset=utf8
[2020-11-18T11:04:28+08:00][sql] SHOW FULL COLUMNS FROM `yh_webpz` [ RunTime:0.009438s ]
[2020-11-18T11:04:28+08:00][sql] SELECT * FROM `yh_webpz` WHERE  `id` = 1 LIMIT 1 [ RunTime:0.001115s ]
[2020-11-18T11:04:28+08:00][sql] SHOW FULL COLUMNS FROM `yh_verification` [ RunTime:0.003038s ]
[2020-11-18T11:04:28+08:00][sql] SELECT * FROM `yh_verification` WHERE  `code` = 'dwxBCDEIOQSUW359' LIMIT 1 [ RunTime:0.001012s ]
[2020-11-18T11:04:28+08:00][sql] SHOW FULL COLUMNS FROM `yh_user` [ RunTime:0.010022s ]
[2020-11-18T11:04:28+08:00][sql] INSERT INTO `yh_user` SET `username` = '55528682' , `password` = '29f37143fc1db13e346ee2e30dc06668' , `email` = '55528682@qq.com' , `qq` = '55528682' , `balance` = 0 , `intime` = 1605668657 , `status` = 1 [ RunTime:0.003911s ]
[2020-11-18T11:04:28+08:00][sql] SHOW FULL COLUMNS FROM `yh_information` [ RunTime:0.002040s ]
[2020-11-18T11:04:28+08:00][sql] SELECT `give` FROM `yh_information` WHERE  `id` = 1 LIMIT 1 [ RunTime:0.000728s ]
[2020-11-18T11:04:28+08:00][sql] SHOW FULL COLUMNS FROM `yh_business` [ RunTime:0.001939s ]
[2020-11-18T11:04:28+08:00][sql] INSERT INTO `yh_business` SET `id` = 28 , `type` = 1 , `surplus` = 100 , `calltoday` = 0 , `limitnum` = 0 , `user_uid` = 2838184 , `user_key` = 'ajkopstyACJKQY1489' [ RunTime:0.003639s ]
[2020-11-18T11:04:29+08:00][sql] CONNECT:[ UseTime:0.001450s ] mysql:host=127.0.0.1;port=3306;dbname=jifei_ymcx_shop;charset=utf8
[2020-11-18T11:04:29+08:00][sql] SHOW FULL COLUMNS FROM `yh_webpz` [ RunTime:0.010944s ]
[2020-11-18T11:04:29+08:00][sql] SELECT * FROM `yh_webpz` WHERE  `id` = 1 LIMIT 1 [ RunTime:0.000840s ]
[2020-11-18T11:04:38+08:00][sql] CONNECT:[ UseTime:0.002637s ] mysql:host=127.0.0.1;port=3306;dbname=jifei_ymcx_shop;charset=utf8
[2020-11-18T11:04:38+08:00][sql] SHOW FULL COLUMNS FROM `yh_webpz` [ RunTime:0.002945s ]
[2020-11-18T11:04:38+08:00][sql] SELECT * FROM `yh_webpz` WHERE  `id` = 1 LIMIT 1 [ RunTime:0.000936s ]
[2020-11-18T11:04:38+08:00][sql] SHOW FULL COLUMNS FROM `yh_user` [ RunTime:0.003393s ]
[2020-11-18T11:04:38+08:00][sql] SELECT * FROM `yh_user` WHERE  `username` = '55528682'  AND `password` = '29f37143fc1db13e346ee2e30dc06668' LIMIT 1 [ RunTime:0.001148s ]
[2020-11-18T11:04:38+08:00][sql] CONNECT:[ UseTime:0.001218s ] mysql:host=127.0.0.1;port=3306;dbname=jifei_ymcx_shop;charset=utf8
[2020-11-18T11:04:38+08:00][sql] SHOW FULL COLUMNS FROM `yh_user` [ RunTime:0.002697s ]
[2020-11-18T11:04:38+08:00][sql] SELECT * FROM `yh_user` WHERE  `id` = 28 LIMIT 1 [ RunTime:0.000718s ]
[2020-11-18T11:04:38+08:00][sql] SHOW FULL COLUMNS FROM `yh_business` [ RunTime:0.001665s ]
[2020-11-18T11:04:38+08:00][sql] SELECT * FROM `yh_business` WHERE  `id` = 28 LIMIT 1 [ RunTime:0.000492s ]
[2020-11-18T11:04:38+08:00][sql] SHOW FULL COLUMNS FROM `yh_webpz` [ RunTime:0.001918s ]
[2020-11-18T11:04:38+08:00][sql] SELECT * FROM `yh_webpz` WHERE  `id` = 1 LIMIT 1 [ RunTime:0.000629s ]
[2020-11-18T11:04:38+08:00][sql] SHOW FULL COLUMNS FROM `yh_record` [ RunTime:0.002260s ]
[2020-11-18T11:04:38+08:00][sql] SELECT COUNT(*) AS think_count FROM `yh_record` WHERE  `uid` = 2838184  AND `intime` > 1605628800 [ RunTime:0.001301s ]
[2020-11-18T11:04:38+08:00][sql] SHOW FULL COLUMNS FROM `yh_information` [ RunTime:0.001892s ]
[2020-11-18T11:04:38+08:00][sql] SELECT * FROM `yh_information` WHERE  `id` = 1 LIMIT 1 [ RunTime:0.000558s ]
[2020-11-18T11:25:00+08:00][sql] CONNECT:[ UseTime:0.001629s ] mysql:host=127.0.0.1;port=3306;dbname=jifei_ymcx_shop;charset=utf8
[2020-11-18T11:25:00+08:00][sql] SHOW FULL COLUMNS FROM `yh_webpz` [ RunTime:0.002437s ]
[2020-11-18T11:25:00+08:00][sql] SELECT * FROM `yh_webpz` WHERE  `id` = 1 LIMIT 1 [ RunTime:0.000692s ]
[2020-11-18T11:25:00+08:00][sql] SHOW FULL COLUMNS FROM `yh_verification` [ RunTime:0.002152s ]
[2020-11-18T11:25:00+08:00][sql] SELECT * FROM `yh_verification` WHERE  `code` = 'couvwzBEGHMSZ379' LIMIT 1 [ RunTime:0.008827s ]
[2020-11-18T11:25:00+08:00][sql] CONNECT:[ UseTime:0.002920s ] mysql:host=127.0.0.1;port=3306;dbname=jifei_ymcx_shop;charset=utf8
[2020-11-18T11:25:00+08:00][sql] SHOW FULL COLUMNS FROM `yh_webpz` [ RunTime:0.003107s ]
[2020-11-18T11:25:00+08:00][sql] SELECT * FROM `yh_webpz` WHERE  `id` = 1 LIMIT 1 [ RunTime:0.000553s ]
[2020-11-18T11:47:07+08:00][sql] CONNECT:[ UseTime:0.001092s ] mysql:host=127.0.0.1;port=3306;dbname=jifei_ymcx_shop;charset=utf8
[2020-11-18T11:47:07+08:00][sql] SHOW FULL COLUMNS FROM `yh_webpz` [ RunTime:0.003317s ]
[2020-11-18T11:47:07+08:00][sql] SELECT * FROM `yh_webpz` WHERE  `id` = 1 LIMIT 1 [ RunTime:0.000723s ]
[2020-11-18T11:47:07+08:00][sql] SHOW FULL COLUMNS FROM `yh_verification` [ RunTime:0.001957s ]
[2020-11-18T11:47:07+08:00][sql] SELECT * FROM `yh_verification` WHERE  `code` = 'couvwzBEGHMSZ379' LIMIT 1 [ RunTime:0.000583s ]
[2020-11-18T11:47:43+08:00][sql] CONNECT:[ UseTime:0.001364s ] mysql:host=127.0.0.1;port=3306;dbname=jifei_ymcx_shop;charset=utf8
[2020-11-18T11:47:43+08:00][sql] SHOW FULL COLUMNS FROM `yh_webpz` [ RunTime:0.003238s ]
[2020-11-18T11:47:43+08:00][sql] SELECT * FROM `yh_webpz` WHERE  `id` = 1 LIMIT 1 [ RunTime:0.000865s ]
[2020-11-18T12:01:42+08:00][sql] CONNECT:[ UseTime:0.001573s ] mysql:host=127.0.0.1;port=3306;dbname=jifei_ymcx_shop;charset=utf8
[2020-11-18T12:01:42+08:00][sql] SHOW FULL COLUMNS FROM `yh_webpz` [ RunTime:0.005604s ]
[2020-11-18T12:01:42+08:00][sql] SELECT * FROM `yh_webpz` WHERE  `id` = 1 LIMIT 1 [ RunTime:0.001110s ]
[2020-11-18T12:06:38+08:00][sql] CONNECT:[ UseTime:0.002936s ] mysql:host=127.0.0.1;port=3306;dbname=jifei_ymcx_shop;charset=utf8
[2020-11-18T12:06:38+08:00][sql] SHOW FULL COLUMNS FROM `yh_webpz` [ RunTime:0.012740s ]
[2020-11-18T12:06:38+08:00][sql] SELECT * FROM `yh_webpz` WHERE  `id` = 1 LIMIT 1 [ RunTime:0.002145s ]
[2020-11-18T12:06:38+08:00][sql] CONNECT:[ UseTime:0.005496s ] mysql:host=127.0.0.1;port=3306;dbname=jifei_ymcx_shop;charset=utf8
[2020-11-18T12:06:38+08:00][sql] SHOW FULL COLUMNS FROM `yh_webpz` [ RunTime:0.002656s ]
[2020-11-18T12:06:38+08:00][sql] SELECT * FROM `yh_webpz` WHERE  `id` = 1 LIMIT 1 [ RunTime:0.000615s ]
[2020-11-18T17:04:50+08:00][sql] CONNECT:[ UseTime:0.001583s ] mysql:host=127.0.0.1;port=3306;dbname=jifei_ymcx_shop;charset=utf8
[2020-11-18T17:04:50+08:00][sql] SHOW FULL COLUMNS FROM `yh_webpz` [ RunTime:0.002460s ]
[2020-11-18T17:04:50+08:00][sql] SELECT * FROM `yh_webpz` WHERE  `id` = 1 LIMIT 1 [ RunTime:0.000679s ]
[2020-11-18T17:04:56+08:00][sql] CONNECT:[ UseTime:0.003301s ] mysql:host=127.0.0.1;port=3306;dbname=jifei_ymcx_shop;charset=utf8
[2020-11-18T17:04:56+08:00][sql] SHOW FULL COLUMNS FROM `yh_webpz` [ RunTime:0.003160s ]
[2020-11-18T17:04:56+08:00][sql] SELECT * FROM `yh_webpz` WHERE  `id` = 1 LIMIT 1 [ RunTime:0.000714s ]
[2020-11-18T17:04:56+08:00][sql] SHOW FULL COLUMNS FROM `yh_user` [ RunTime:0.002044s ]
[2020-11-18T17:04:56+08:00][sql] SELECT * FROM `yh_user` WHERE  `username` = '2335584924'  AND `password` = 'c751d96504606baf0d87e6598bce9bcc' LIMIT 1 [ RunTime:0.000870s ]
[2020-11-18T17:04:56+08:00][sql] CONNECT:[ UseTime:0.002259s ] mysql:host=127.0.0.1;port=3306;dbname=jifei_ymcx_shop;charset=utf8
[2020-11-18T17:04:56+08:00][sql] SHOW FULL COLUMNS FROM `yh_webpz` [ RunTime:0.002429s ]
[2020-11-18T17:04:56+08:00][sql] SELECT * FROM `yh_webpz` WHERE  `id` = 1 LIMIT 1 [ RunTime:0.000885s ]
[2020-11-18T17:05:03+08:00][sql] CONNECT:[ UseTime:0.001727s ] mysql:host=127.0.0.1;port=3306;dbname=jifei_ymcx_shop;charset=utf8
[2020-11-18T17:05:03+08:00][sql] SHOW FULL COLUMNS FROM `yh_webpz` [ RunTime:0.006791s ]
[2020-11-18T17:05:03+08:00][sql] SELECT * FROM `yh_webpz` WHERE  `id` = 1 LIMIT 1 [ RunTime:0.003976s ]
[2020-11-18T17:05:03+08:00][sql] SHOW FULL COLUMNS FROM `yh_user` [ RunTime:0.002575s ]
[2020-11-18T17:05:03+08:00][sql] SELECT * FROM `yh_user` WHERE  `username` = '2335584924'  AND `password` = '2a7c63efa36117cd5d2f5594b5bbed78' LIMIT 1 [ RunTime:0.000682s ]
[2020-11-18T17:05:04+08:00][sql] CONNECT:[ UseTime:0.004078s ] mysql:host=127.0.0.1;port=3306;dbname=jifei_ymcx_shop;charset=utf8
[2020-11-18T17:05:04+08:00][sql] SHOW FULL COLUMNS FROM `yh_webpz` [ RunTime:0.005392s ]
[2020-11-18T17:05:04+08:00][sql] SELECT * FROM `yh_webpz` WHERE  `id` = 1 LIMIT 1 [ RunTime:0.002644s ]
[2020-11-18T17:05:10+08:00][sql] CONNECT:[ UseTime:0.001008s ] mysql:host=127.0.0.1;port=3306;dbname=jifei_ymcx_shop;charset=utf8
[2020-11-18T17:05:10+08:00][sql] SHOW FULL COLUMNS FROM `yh_webpz` [ RunTime:0.001997s ]
[2020-11-18T17:05:10+08:00][sql] SELECT * FROM `yh_webpz` WHERE  `id` = 1 LIMIT 1 [ RunTime:0.000604s ]
[2020-11-18T17:05:10+08:00][sql] SHOW FULL COLUMNS FROM `yh_user` [ RunTime:0.001759s ]
[2020-11-18T17:05:10+08:00][sql] SELECT * FROM `yh_user` WHERE  `username` = 'lcancc'  AND `password` = '2a7c63efa36117cd5d2f5594b5bbed78' LIMIT 1 [ RunTime:0.002107s ]
[2020-11-18T17:05:10+08:00][sql] CONNECT:[ UseTime:0.008450s ] mysql:host=127.0.0.1;port=3306;dbname=jifei_ymcx_shop;charset=utf8
[2020-11-18T17:05:10+08:00][sql] SHOW FULL COLUMNS FROM `yh_webpz` [ RunTime:0.002384s ]
[2020-11-18T17:05:10+08:00][sql] SELECT * FROM `yh_webpz` WHERE  `id` = 1 LIMIT 1 [ RunTime:0.000664s ]
[2020-11-18T17:05:20+08:00][sql] CONNECT:[ UseTime:0.001169s ] mysql:host=127.0.0.1;port=3306;dbname=jifei_ymcx_shop;charset=utf8
[2020-11-18T17:05:20+08:00][sql] SHOW FULL COLUMNS FROM `yh_webpz` [ RunTime:0.004772s ]
[2020-11-18T17:05:20+08:00][sql] SELECT * FROM `yh_webpz` WHERE  `id` = 1 LIMIT 1 [ RunTime:0.002747s ]
[2020-11-18T17:05:20+08:00][sql] SHOW FULL COLUMNS FROM `yh_user` [ RunTime:0.002575s ]
[2020-11-18T17:05:20+08:00][sql] SELECT * FROM `yh_user` WHERE  `username` = 'lmmoo'  AND `password` = 'c751d96504606baf0d87e6598bce9bcc' LIMIT 1 [ RunTime:0.000891s ]
[2020-11-18T17:05:20+08:00][sql] CONNECT:[ UseTime:0.009545s ] mysql:host=127.0.0.1;port=3306;dbname=jifei_ymcx_shop;charset=utf8
[2020-11-18T17:05:20+08:00][sql] SHOW FULL COLUMNS FROM `yh_user` [ RunTime:0.004651s ]
[2020-11-18T17:05:20+08:00][sql] SELECT * FROM `yh_user` WHERE  `id` = 9 LIMIT 1 [ RunTime:0.002057s ]
[2020-11-18T17:05:20+08:00][sql] SHOW FULL COLUMNS FROM `yh_business` [ RunTime:0.006716s ]
[2020-11-18T17:05:20+08:00][sql] SELECT * FROM `yh_business` WHERE  `id` = 9 LIMIT 1 [ RunTime:0.002044s ]
[2020-11-18T17:05:20+08:00][sql] SHOW FULL COLUMNS FROM `yh_webpz` [ RunTime:0.004815s ]
[2020-11-18T17:05:20+08:00][sql] SELECT * FROM `yh_webpz` WHERE  `id` = 1 LIMIT 1 [ RunTime:0.000733s ]
[2020-11-18T17:05:20+08:00][sql] SHOW FULL COLUMNS FROM `yh_record` [ RunTime:0.005556s ]
[2020-11-18T17:05:20+08:00][sql] SELECT COUNT(*) AS think_count FROM `yh_record` WHERE  `uid` = 928027  AND `intime` > 1605628800 [ RunTime:0.005267s ]
[2020-11-18T17:05:20+08:00][sql] SHOW FULL COLUMNS FROM `yh_information` [ RunTime:0.003918s ]
[2020-11-18T17:05:20+08:00][sql] SELECT * FROM `yh_information` WHERE  `id` = 1 LIMIT 1 [ RunTime:0.001800s ]
[2020-11-18T17:05:26+08:00][sql] CONNECT:[ UseTime:0.001577s ] mysql:host=127.0.0.1;port=3306;dbname=jifei_ymcx_shop;charset=utf8
[2020-11-18T17:05:26+08:00][sql] SHOW FULL COLUMNS FROM `yh_user` [ RunTime:0.012238s ]
[2020-11-18T17:05:26+08:00][sql] SELECT * FROM `yh_user` WHERE  `id` = 9 LIMIT 1 [ RunTime:0.000649s ]
[2020-11-18T17:05:26+08:00][sql] SHOW FULL COLUMNS FROM `yh_business` [ RunTime:0.001883s ]
[2020-11-18T17:05:26+08:00][sql] SELECT * FROM `yh_business` WHERE  `id` = 9 LIMIT 1 [ RunTime:0.001064s ]
[2020-11-18T17:05:26+08:00][sql] SHOW FULL COLUMNS FROM `yh_webpz` [ RunTime:0.002322s ]
[2020-11-18T17:05:26+08:00][sql] SELECT * FROM `yh_webpz` WHERE  `id` = 1 LIMIT 1 [ RunTime:0.000565s ]
[2020-11-18T17:05:33+08:00][sql] CONNECT:[ UseTime:0.003725s ] mysql:host=127.0.0.1;port=3306;dbname=jifei_ymcx_shop;charset=utf8
[2020-11-18T17:05:33+08:00][sql] SHOW FULL COLUMNS FROM `yh_user` [ RunTime:0.006244s ]
[2020-11-18T17:05:33+08:00][sql] SELECT * FROM `yh_user` WHERE  `id` = 9 LIMIT 1 [ RunTime:0.003822s ]
[2020-11-18T17:05:33+08:00][sql] SHOW FULL COLUMNS FROM `yh_business` [ RunTime:0.002486s ]
[2020-11-18T17:05:33+08:00][sql] SELECT * FROM `yh_business` WHERE  `id` = 9 LIMIT 1 [ RunTime:0.000742s ]
[2020-11-18T17:05:33+08:00][sql] SHOW FULL COLUMNS FROM `yh_webpz` [ RunTime:0.002295s ]
[2020-11-18T17:05:33+08:00][sql] SELECT * FROM `yh_webpz` WHERE  `id` = 1 LIMIT 1 [ RunTime:0.000669s ]
[2020-11-18T17:05:54+08:00][sql] CONNECT:[ UseTime:0.001118s ] mysql:host=127.0.0.1;port=3306;dbname=jifei_ymcx_shop;charset=utf8
[2020-11-18T17:05:54+08:00][sql] SHOW FULL COLUMNS FROM `yh_user` [ RunTime:0.002152s ]
[2020-11-18T17:05:54+08:00][sql] SELECT * FROM `yh_user` WHERE  `id` = 9 LIMIT 1 [ RunTime:0.000640s ]
[2020-11-18T17:05:54+08:00][sql] SHOW FULL COLUMNS FROM `yh_business` [ RunTime:0.001837s ]
[2020-11-18T17:05:54+08:00][sql] SELECT * FROM `yh_business` WHERE  `id` = 9 LIMIT 1 [ RunTime:0.000800s ]
[2020-11-18T17:05:54+08:00][sql] SHOW FULL COLUMNS FROM `yh_webpz` [ RunTime:0.001838s ]
[2020-11-18T17:05:54+08:00][sql] SELECT * FROM `yh_webpz` WHERE  `id` = 1 LIMIT 1 [ RunTime:0.000640s ]
[2020-11-18T17:05:54+08:00][sql] SHOW FULL COLUMNS FROM `yh_meal` [ RunTime:0.001957s ]
[2020-11-18T17:05:54+08:00][sql] SELECT * FROM `yh_meal` WHERE  `status` = 1  AND `type` = 1 ORDER BY `id` ASC [ RunTime:0.001482s ]
[2020-11-18T17:06:12+08:00][sql] CONNECT:[ UseTime:0.003512s ] mysql:host=127.0.0.1;port=3306;dbname=jifei_ymcx_shop;charset=utf8
[2020-11-18T17:06:12+08:00][sql] SHOW FULL COLUMNS FROM `yh_user` [ RunTime:0.002825s ]
[2020-11-18T17:06:12+08:00][sql] SELECT * FROM `yh_user` WHERE  `id` = 9 LIMIT 1 [ RunTime:0.000890s ]
[2020-11-18T17:06:12+08:00][sql] SHOW FULL COLUMNS FROM `yh_business` [ RunTime:0.002937s ]
[2020-11-18T17:06:12+08:00][sql] SELECT * FROM `yh_business` WHERE  `id` = 9 LIMIT 1 [ RunTime:0.008248s ]
[2020-11-18T17:06:12+08:00][sql] SHOW FULL COLUMNS FROM `yh_webpz` [ RunTime:0.003891s ]
[2020-11-18T17:06:12+08:00][sql] SELECT * FROM `yh_webpz` WHERE  `id` = 1 LIMIT 1 [ RunTime:0.000910s ]
[2020-11-18T17:06:12+08:00][sql] SHOW FULL COLUMNS FROM `yh_meal` [ RunTime:0.002910s ]
[2020-11-18T17:06:12+08:00][sql] SELECT * FROM `yh_meal` WHERE  `status` = 1  AND `type` = 2 ORDER BY `id` ASC [ RunTime:0.000865s ]
[2020-11-18T17:06:18+08:00][sql] CONNECT:[ UseTime:0.001027s ] mysql:host=127.0.0.1;port=3306;dbname=jifei_ymcx_shop;charset=utf8
[2020-11-18T17:06:18+08:00][sql] SHOW FULL COLUMNS FROM `yh_user` [ RunTime:0.006796s ]
[2020-11-18T17:06:18+08:00][sql] SELECT * FROM `yh_user` WHERE  `id` = 9 LIMIT 1 [ RunTime:0.005252s ]
[2020-11-18T17:06:18+08:00][sql] SHOW FULL COLUMNS FROM `yh_business` [ RunTime:0.005840s ]
[2020-11-18T17:06:18+08:00][sql] SELECT * FROM `yh_business` WHERE  `id` = 9 LIMIT 1 [ RunTime:0.003542s ]
[2020-11-18T17:06:18+08:00][sql] SHOW FULL COLUMNS FROM `yh_webpz` [ RunTime:0.003196s ]
[2020-11-18T17:06:18+08:00][sql] SELECT * FROM `yh_webpz` WHERE  `id` = 1 LIMIT 1 [ RunTime:0.000603s ]
[2020-11-18T17:06:18+08:00][sql] SHOW FULL COLUMNS FROM `yh_record` [ RunTime:0.001334s ]
[2020-11-18T17:06:18+08:00][sql] SELECT COUNT(*) AS think_count FROM `yh_record` WHERE  `uid` = 928027  AND `intime` > 1605628800 [ RunTime:0.000799s ]
[2020-11-18T17:06:18+08:00][sql] SHOW FULL COLUMNS FROM `yh_information` [ RunTime:0.001291s ]
[2020-11-18T17:06:18+08:00][sql] SELECT * FROM `yh_information` WHERE  `id` = 1 LIMIT 1 [ RunTime:0.000475s ]
[2020-11-18T17:06:30+08:00][sql] CONNECT:[ UseTime:0.001787s ] mysql:host=127.0.0.1;port=3306;dbname=jifei_ymcx_shop;charset=utf8
[2020-11-18T17:06:30+08:00][sql] SHOW FULL COLUMNS FROM `yh_user` [ RunTime:0.003470s ]
[2020-11-18T17:06:30+08:00][sql] SELECT * FROM `yh_user` WHERE  `id` = 9 LIMIT 1 [ RunTime:0.000683s ]
[2020-11-18T17:06:30+08:00][sql] SHOW FULL COLUMNS FROM `yh_business` [ RunTime:0.001549s ]
[2020-11-18T17:06:30+08:00][sql] SELECT * FROM `yh_business` WHERE  `id` = 9 LIMIT 1 [ RunTime:0.000499s ]
[2020-11-18T17:06:30+08:00][sql] SHOW FULL COLUMNS FROM `yh_webpz` [ RunTime:0.004008s ]
[2020-11-18T17:06:30+08:00][sql] SELECT * FROM `yh_webpz` WHERE  `id` = 1 LIMIT 1 [ RunTime:0.001553s ]
[2020-11-18T17:07:09+08:00][sql] CONNECT:[ UseTime:0.002505s ] mysql:host=127.0.0.1;port=3306;dbname=jifei_ymcx_shop;charset=utf8
[2020-11-18T17:07:09+08:00][sql] SHOW FULL COLUMNS FROM `yh_user` [ RunTime:0.002437s ]
[2020-11-18T17:07:09+08:00][sql] SELECT * FROM `yh_user` WHERE  `id` = 9 LIMIT 1 [ RunTime:0.001611s ]
[2020-11-18T17:07:09+08:00][sql] SHOW FULL COLUMNS FROM `yh_business` [ RunTime:0.001783s ]
[2020-11-18T17:07:09+08:00][sql] SELECT * FROM `yh_business` WHERE  `id` = 9 LIMIT 1 [ RunTime:0.002632s ]
[2020-11-18T17:07:09+08:00][sql] SHOW FULL COLUMNS FROM `yh_webpz` [ RunTime:0.001792s ]
[2020-11-18T17:07:09+08:00][sql] SELECT * FROM `yh_webpz` WHERE  `id` = 1 LIMIT 1 [ RunTime:0.000811s ]
[2020-11-18T17:07:14+08:00][sql] CONNECT:[ UseTime:0.001067s ] mysql:host=127.0.0.1;port=3306;dbname=jifei_ymcx_shop;charset=utf8
[2020-11-18T17:07:14+08:00][sql] SHOW FULL COLUMNS FROM `yh_user` [ RunTime:0.002902s ]
[2020-11-18T17:07:14+08:00][sql] SELECT * FROM `yh_user` WHERE  `id` = 9 LIMIT 1 [ RunTime:0.001589s ]
[2020-11-18T17:07:14+08:00][sql] SHOW FULL COLUMNS FROM `yh_business` [ RunTime:0.001940s ]
[2020-11-18T17:07:14+08:00][sql] SELECT * FROM `yh_business` WHERE  `id` = 9 LIMIT 1 [ RunTime:0.000615s ]
[2020-11-18T17:07:14+08:00][sql] SHOW FULL COLUMNS FROM `yh_webpz` [ RunTime:0.001927s ]
[2020-11-18T17:07:14+08:00][sql] SELECT * FROM `yh_webpz` WHERE  `id` = 1 LIMIT 1 [ RunTime:0.000616s ]
[2020-11-18T17:22:52+08:00][sql] CONNECT:[ UseTime:0.002575s ] mysql:host=127.0.0.1;port=3306;dbname=jifei_ymcx_shop;charset=utf8
[2020-11-18T17:22:52+08:00][sql] SHOW FULL COLUMNS FROM `yh_webpz` [ RunTime:0.002253s ]
[2020-11-18T17:22:52+08:00][sql] SELECT * FROM `yh_webpz` WHERE  `id` = 1 LIMIT 1 [ RunTime:0.000738s ]
[2020-11-18T17:23:38+08:00][sql] CONNECT:[ UseTime:0.000976s ] mysql:host=127.0.0.1;port=3306;dbname=jifei_ymcx_shop;charset=utf8
[2020-11-18T17:23:38+08:00][sql] SHOW FULL COLUMNS FROM `yh_webpz` [ RunTime:0.003983s ]
[2020-11-18T17:23:38+08:00][sql] SELECT * FROM `yh_webpz` WHERE  `id` = 1 LIMIT 1 [ RunTime:0.000655s ]
[2020-11-18T17:23:38+08:00][sql] SHOW FULL COLUMNS FROM `yh_user` [ RunTime:0.001952s ]
[2020-11-18T17:23:38+08:00][sql] SELECT * FROM `yh_user` WHERE  `username` = 'lsk-1206' LIMIT 1 [ RunTime:0.000624s ]
[2020-11-18T17:23:38+08:00][sql] SELECT * FROM `yh_user` WHERE  `email` = '1276900636@qq.com' LIMIT 1 [ RunTime:0.000616s ]
[2020-11-18T17:23:38+08:00][sql] SHOW FULL COLUMNS FROM `yh_verification` [ RunTime:0.002727s ]
[2020-11-18T17:23:38+08:00][sql] SELECT `id` FROM `yh_verification` WHERE  `email` = '1276900636@qq.com' LIMIT 1 [ RunTime:0.000597s ]
[2020-11-18T17:23:38+08:00][sql] INSERT INTO `yh_verification` SET `code` = 'chkqtwGPQTVX2568' , `email` = '1276900636@qq.com' , `intime` = 1605691717 [ RunTime:0.000713s ]
[2020-11-18T17:23:38+08:00][sql] SELECT * FROM `yh_webpz` WHERE  `id` = 1 LIMIT 1 [ RunTime:0.000682s ]
[2020-11-18T17:23:38+08:00][sql] CONNECT:[ UseTime:0.001122s ] mysql:host=127.0.0.1;port=3306;dbname=jifei_ymcx_shop;charset=utf8
[2020-11-18T17:23:38+08:00][sql] SHOW FULL COLUMNS FROM `yh_webpz` [ RunTime:0.004243s ]
[2020-11-18T17:23:38+08:00][sql] SELECT * FROM `yh_webpz` WHERE  `id` = 1 LIMIT 1 [ RunTime:0.000675s ]
[2020-11-18T17:24:31+08:00][sql] CONNECT:[ UseTime:0.002833s ] mysql:host=127.0.0.1;port=3306;dbname=jifei_ymcx_shop;charset=utf8
[2020-11-18T17:24:31+08:00][sql] SHOW FULL COLUMNS FROM `yh_webpz` [ RunTime:0.004130s ]
[2020-11-18T17:24:31+08:00][sql] SELECT * FROM `yh_webpz` WHERE  `id` = 1 LIMIT 1 [ RunTime:0.001260s ]
[2020-11-18T17:24:31+08:00][sql] SHOW FULL COLUMNS FROM `yh_verification` [ RunTime:0.002017s ]
[2020-11-18T17:24:31+08:00][sql] SELECT * FROM `yh_verification` WHERE  `code` = 'chkqtwGPQTVX2568' LIMIT 1 [ RunTime:0.000727s ]
[2020-11-18T17:26:05+08:00][sql] CONNECT:[ UseTime:0.002860s ] mysql:host=127.0.0.1;port=3306;dbname=jifei_ymcx_shop;charset=utf8
[2020-11-18T17:26:05+08:00][sql] SHOW FULL COLUMNS FROM `yh_webpz` [ RunTime:0.006010s ]
[2020-11-18T17:26:05+08:00][sql] SELECT * FROM `yh_webpz` WHERE  `id` = 1 LIMIT 1 [ RunTime:0.003914s ]
[2020-11-18T17:26:09+08:00][sql] CONNECT:[ UseTime:0.004222s ] mysql:host=127.0.0.1;port=3306;dbname=jifei_ymcx_shop;charset=utf8
[2020-11-18T17:26:09+08:00][sql] SHOW FULL COLUMNS FROM `yh_webpz` [ RunTime:0.009451s ]
[2020-11-18T17:26:09+08:00][sql] SELECT * FROM `yh_webpz` WHERE  `id` = 1 LIMIT 1 [ RunTime:0.001284s ]
[2020-11-18T17:27:01+08:00][sql] CONNECT:[ UseTime:0.001469s ] mysql:host=127.0.0.1;port=3306;dbname=jifei_ymcx_shop;charset=utf8
[2020-11-18T17:27:01+08:00][sql] SHOW FULL COLUMNS FROM `yh_webpz` [ RunTime:0.002356s ]
[2020-11-18T17:27:01+08:00][sql] SELECT * FROM `yh_webpz` WHERE  `id` = 1 LIMIT 1 [ RunTime:0.000619s ]
[2020-11-18T17:27:01+08:00][sql] SHOW FULL COLUMNS FROM `yh_user` [ RunTime:0.001688s ]
[2020-11-18T17:27:01+08:00][sql] SELECT * FROM `yh_user` WHERE  `username` = 'wenidcw006' LIMIT 1 [ RunTime:0.000601s ]
[2020-11-18T17:27:01+08:00][sql] SELECT * FROM `yh_user` WHERE  `email` = '3427876034@qq.com' LIMIT 1 [ RunTime:0.000546s ]
[2020-11-18T17:27:01+08:00][sql] SHOW FULL COLUMNS FROM `yh_verification` [ RunTime:0.001741s ]
[2020-11-18T17:27:01+08:00][sql] SELECT `id` FROM `yh_verification` WHERE  `email` = '3427876034@qq.com' LIMIT 1 [ RunTime:0.000925s ]
[2020-11-18T17:27:01+08:00][sql] INSERT INTO `yh_verification` SET `code` = 'agquxyCHINTUY367' , `email` = '3427876034@qq.com' , `intime` = 1605691920 [ RunTime:0.000739s ]
[2020-11-18T17:27:01+08:00][sql] SELECT * FROM `yh_webpz` WHERE  `id` = 1 LIMIT 1 [ RunTime:0.000957s ]
[2020-11-18T17:27:02+08:00][sql] CONNECT:[ UseTime:0.004473s ] mysql:host=127.0.0.1;port=3306;dbname=jifei_ymcx_shop;charset=utf8
[2020-11-18T17:27:02+08:00][sql] SHOW FULL COLUMNS FROM `yh_webpz` [ RunTime:0.006228s ]
[2020-11-18T17:27:02+08:00][sql] SELECT * FROM `yh_webpz` WHERE  `id` = 1 LIMIT 1 [ RunTime:0.003834s ]
[2020-11-18T17:27:13+08:00][sql] CONNECT:[ UseTime:0.001120s ] mysql:host=127.0.0.1;port=3306;dbname=jifei_ymcx_shop;charset=utf8
[2020-11-18T17:27:13+08:00][sql] SHOW FULL COLUMNS FROM `yh_webpz` [ RunTime:0.003428s ]
[2020-11-18T17:27:13+08:00][sql] SELECT * FROM `yh_webpz` WHERE  `id` = 1 LIMIT 1 [ RunTime:0.000667s ]
[2020-11-18T17:27:13+08:00][sql] SHOW FULL COLUMNS FROM `yh_verification` [ RunTime:0.002013s ]
[2020-11-18T17:27:13+08:00][sql] SELECT * FROM `yh_verification` WHERE  `code` = 'agquxyCHINTUY367' LIMIT 1 [ RunTime:0.000972s ]
[2020-11-18T17:36:01+08:00][sql] CONNECT:[ UseTime:0.001212s ] mysql:host=127.0.0.1;port=3306;dbname=jifei_ymcx_shop;charset=utf8
[2020-11-18T17:36:01+08:00][sql] SHOW FULL COLUMNS FROM `yh_webpz` [ RunTime:0.003589s ]
[2020-11-18T17:36:01+08:00][sql] SELECT * FROM `yh_webpz` WHERE  `id` = 1 LIMIT 1 [ RunTime:0.000707s ]
[2020-11-18T17:36:01+08:00][sql] SHOW FULL COLUMNS FROM `yh_verification` [ RunTime:0.002511s ]
[2020-11-18T17:36:01+08:00][sql] SELECT * FROM `yh_verification` WHERE  `code` = 'chkqtwGPQTVX2568' LIMIT 1 [ RunTime:0.000829s ]
[2020-11-18T17:38:43+08:00][sql] CONNECT:[ UseTime:0.004178s ] mysql:host=127.0.0.1;port=3306;dbname=jifei_ymcx_shop;charset=utf8
[2020-11-18T17:38:43+08:00][sql] SHOW FULL COLUMNS FROM `yh_webpz` [ RunTime:0.006428s ]
[2020-11-18T17:38:43+08:00][sql] SELECT * FROM `yh_webpz` WHERE  `id` = 1 LIMIT 1 [ RunTime:0.002566s ]
[2020-11-18T17:38:43+08:00][sql] SHOW FULL COLUMNS FROM `yh_verification` [ RunTime:0.001721s ]
[2020-11-18T17:38:43+08:00][sql] SELECT * FROM `yh_verification` WHERE  `code` = 'agquxyCHINTUY367' LIMIT 1 [ RunTime:0.000569s ]
[2020-11-18T18:14:06+08:00][sql] CONNECT:[ UseTime:0.003048s ] mysql:host=127.0.0.1;port=3306;dbname=jifei_ymcx_shop;charset=utf8
[2020-11-18T18:14:06+08:00][sql] SHOW FULL COLUMNS FROM `yh_webpz` [ RunTime:0.003482s ]
[2020-11-18T18:14:06+08:00][sql] SELECT * FROM `yh_webpz` WHERE  `id` = 1 LIMIT 1 [ RunTime:0.000854s ]
[2020-11-18T18:14:06+08:00][sql] CONNECT:[ UseTime:0.000963s ] mysql:host=127.0.0.1;port=3306;dbname=jifei_ymcx_shop;charset=utf8
[2020-11-18T18:14:06+08:00][sql] SHOW FULL COLUMNS FROM `yh_webpz` [ RunTime:0.005923s ]
[2020-11-18T18:14:06+08:00][sql] SELECT * FROM `yh_webpz` WHERE  `id` = 1 LIMIT 1 [ RunTime:0.000759s ]
[2020-11-18T18:14:07+08:00][sql] CONNECT:[ UseTime:0.005397s ] mysql:host=127.0.0.1;port=3306;dbname=jifei_ymcx_shop;charset=utf8
[2020-11-18T18:14:07+08:00][sql] SHOW FULL COLUMNS FROM `yh_webpz` [ RunTime:0.006058s ]
[2020-11-18T18:14:07+08:00][sql] SELECT * FROM `yh_webpz` WHERE  `id` = 1 LIMIT 1 [ RunTime:0.000688s ]
[2020-11-18T18:25:16+08:00][sql] CONNECT:[ UseTime:0.001144s ] mysql:host=127.0.0.1;port=3306;dbname=jifei_ymcx_shop;charset=utf8
[2020-11-18T18:25:16+08:00][sql] SHOW FULL COLUMNS FROM `yh_webpz` [ RunTime:0.001869s ]
[2020-11-18T18:25:16+08:00][sql] SELECT * FROM `yh_webpz` WHERE  `id` = 1 LIMIT 1 [ RunTime:0.000862s ]
[2020-11-18T21:17:24+08:00][sql] CONNECT:[ UseTime:0.000966s ] mysql:host=127.0.0.1;port=3306;dbname=jifei_ymcx_shop;charset=utf8
[2020-11-18T21:17:24+08:00][sql] SHOW FULL COLUMNS FROM `yh_webpz` [ RunTime:0.004402s ]
[2020-11-18T21:17:24+08:00][sql] SELECT * FROM `yh_webpz` WHERE  `id` = 1 LIMIT 1 [ RunTime:0.012394s ]
[2020-11-18T21:17:27+08:00][sql] CONNECT:[ UseTime:0.002112s ] mysql:host=127.0.0.1;port=3306;dbname=jifei_ymcx_shop;charset=utf8
[2020-11-18T21:17:27+08:00][sql] SHOW FULL COLUMNS FROM `yh_webpz` [ RunTime:0.009899s ]
[2020-11-18T21:17:27+08:00][sql] SELECT * FROM `yh_webpz` WHERE  `id` = 1 LIMIT 1 [ RunTime:0.004458s ]
[2020-11-18T21:17:27+08:00][sql] SHOW FULL COLUMNS FROM `yh_user` [ RunTime:0.003275s ]
[2020-11-18T21:17:27+08:00][sql] SELECT * FROM `yh_user` WHERE  `username` = '1468265150'  AND `password` = 'e69d33e9cf0fe774da9afcdc1b8f747c' LIMIT 1 [ RunTime:0.000984s ]
[2020-11-18T21:17:28+08:00][sql] CONNECT:[ UseTime:0.001940s ] mysql:host=127.0.0.1;port=3306;dbname=jifei_ymcx_shop;charset=utf8
[2020-11-18T21:17:28+08:00][sql] SHOW FULL COLUMNS FROM `yh_user` [ RunTime:0.002482s ]
[2020-11-18T21:17:28+08:00][sql] SELECT * FROM `yh_user` WHERE  `id` = 16 LIMIT 1 [ RunTime:0.002187s ]
[2020-11-18T21:17:28+08:00][sql] SHOW FULL COLUMNS FROM `yh_business` [ RunTime:0.003641s ]
[2020-11-18T21:17:28+08:00][sql] SELECT * FROM `yh_business` WHERE  `id` = 16 LIMIT 1 [ RunTime:0.000886s ]
[2020-11-18T21:17:28+08:00][sql] SHOW FULL COLUMNS FROM `yh_webpz` [ RunTime:0.002970s ]
[2020-11-18T21:17:28+08:00][sql] SELECT * FROM `yh_webpz` WHERE  `id` = 1 LIMIT 1 [ RunTime:0.007098s ]
[2020-11-18T21:17:28+08:00][sql] SHOW FULL COLUMNS FROM `yh_record` [ RunTime:0.004861s ]
[2020-11-18T21:17:28+08:00][sql] SELECT COUNT(*) AS think_count FROM `yh_record` WHERE  `uid` = 1616848  AND `intime` > 1605628800 [ RunTime:0.003557s ]
[2020-11-18T21:17:28+08:00][sql] SHOW FULL COLUMNS FROM `yh_information` [ RunTime:0.002242s ]
[2020-11-18T21:17:28+08:00][sql] SELECT * FROM `yh_information` WHERE  `id` = 1 LIMIT 1 [ RunTime:0.001355s ]
[2020-11-18T21:17:40+08:00][sql] CONNECT:[ UseTime:0.003202s ] mysql:host=127.0.0.1;port=3306;dbname=jifei_ymcx_shop;charset=utf8
[2020-11-18T21:17:40+08:00][sql] SHOW FULL COLUMNS FROM `yh_user` [ RunTime:0.003481s ]
[2020-11-18T21:17:40+08:00][sql] SELECT * FROM `yh_user` WHERE  `id` = 16 LIMIT 1 [ RunTime:0.000788s ]
[2020-11-18T21:17:40+08:00][sql] SHOW FULL COLUMNS FROM `yh_business` [ RunTime:0.003047s ]
[2020-11-18T21:17:40+08:00][sql] SELECT * FROM `yh_business` WHERE  `id` = 16 LIMIT 1 [ RunTime:0.000723s ]
[2020-11-18T21:17:40+08:00][sql] SHOW FULL COLUMNS FROM `yh_webpz` [ RunTime:0.001979s ]
[2020-11-18T21:17:40+08:00][sql] SELECT * FROM `yh_webpz` WHERE  `id` = 1 LIMIT 1 [ RunTime:0.000610s ]
[2020-11-18T21:17:40+08:00][sql] SHOW FULL COLUMNS FROM `yh_record` [ RunTime:0.003912s ]
[2020-11-18T21:17:40+08:00][sql] SELECT COUNT(*) AS think_count FROM `yh_record` WHERE  `uid` = 1616848 [ RunTime:0.001103s ]
[2020-11-18T21:17:40+08:00][sql] SELECT * FROM `yh_record` WHERE  `uid` = 1616848 ORDER BY `id` DESC LIMIT 0,10 [ RunTime:0.000812s ]
[2020-11-18T21:17:47+08:00][sql] CONNECT:[ UseTime:0.001453s ] mysql:host=127.0.0.1;port=3306;dbname=jifei_ymcx_shop;charset=utf8
[2020-11-18T21:17:47+08:00][sql] SHOW FULL COLUMNS FROM `yh_user` [ RunTime:0.002522s ]
[2020-11-18T21:17:47+08:00][sql] SELECT * FROM `yh_user` WHERE  `id` = 16 LIMIT 1 [ RunTime:0.001008s ]
[2020-11-18T21:17:47+08:00][sql] SHOW FULL COLUMNS FROM `yh_business` [ RunTime:0.004531s ]
[2020-11-18T21:17:47+08:00][sql] SELECT * FROM `yh_business` WHERE  `id` = 16 LIMIT 1 [ RunTime:0.003783s ]
[2020-11-18T21:17:47+08:00][sql] SHOW FULL COLUMNS FROM `yh_webpz` [ RunTime:0.004105s ]
[2020-11-18T21:17:47+08:00][sql] SELECT * FROM `yh_webpz` WHERE  `id` = 1 LIMIT 1 [ RunTime:0.000670s ]
[2020-11-18T21:17:47+08:00][sql] SHOW FULL COLUMNS FROM `yh_meal` [ RunTime:0.005910s ]
[2020-11-18T21:17:47+08:00][sql] SELECT * FROM `yh_meal` WHERE  `status` = 1  AND `type` = 1 ORDER BY `id` ASC [ RunTime:0.001506s ]
[2020-11-18T21:17:59+08:00][sql] CONNECT:[ UseTime:0.001354s ] mysql:host=127.0.0.1;port=3306;dbname=jifei_ymcx_shop;charset=utf8
[2020-11-18T21:17:59+08:00][sql] SHOW FULL COLUMNS FROM `yh_user` [ RunTime:0.002144s ]
[2020-11-18T21:17:59+08:00][sql] SELECT * FROM `yh_user` WHERE  `id` = 16 LIMIT 1 [ RunTime:0.000585s ]
[2020-11-18T21:17:59+08:00][sql] SHOW FULL COLUMNS FROM `yh_business` [ RunTime:0.002081s ]
[2020-11-18T21:17:59+08:00][sql] SELECT * FROM `yh_business` WHERE  `id` = 16 LIMIT 1 [ RunTime:0.000521s ]
[2020-11-18T21:17:59+08:00][sql] SHOW FULL COLUMNS FROM `yh_webpz` [ RunTime:0.001904s ]
[2020-11-18T21:17:59+08:00][sql] SELECT * FROM `yh_webpz` WHERE  `id` = 1 LIMIT 1 [ RunTime:0.000576s ]
[2020-11-18T21:17:59+08:00][sql] SHOW FULL COLUMNS FROM `yh_record` [ RunTime:0.001709s ]
[2020-11-18T21:17:59+08:00][sql] SELECT COUNT(*) AS think_count FROM `yh_record` WHERE  `uid` = 1616848  AND `intime` > 1605628800 [ RunTime:0.001586s ]
[2020-11-18T21:17:59+08:00][sql] SHOW FULL COLUMNS FROM `yh_information` [ RunTime:0.003851s ]
[2020-11-18T21:17:59+08:00][sql] SELECT * FROM `yh_information` WHERE  `id` = 1 LIMIT 1 [ RunTime:0.000886s ]
[2020-11-18T21:25:43+08:00][sql] CONNECT:[ UseTime:0.001213s ] mysql:host=127.0.0.1;port=3306;dbname=jifei_ymcx_shop;charset=utf8
[2020-11-18T21:25:43+08:00][sql] SHOW FULL COLUMNS FROM `yh_user` [ RunTime:0.003432s ]
[2020-11-18T21:25:43+08:00][sql] SELECT * FROM `yh_user` WHERE  `id` = 16 LIMIT 1 [ RunTime:0.000904s ]
[2020-11-18T21:25:43+08:00][sql] SHOW FULL COLUMNS FROM `yh_business` [ RunTime:0.001761s ]
[2020-11-18T21:25:43+08:00][sql] SELECT * FROM `yh_business` WHERE  `id` = 16 LIMIT 1 [ RunTime:0.000596s ]
[2020-11-18T21:25:43+08:00][sql] SHOW FULL COLUMNS FROM `yh_webpz` [ RunTime:0.002038s ]
[2020-11-18T21:25:43+08:00][sql] SELECT * FROM `yh_webpz` WHERE  `id` = 1 LIMIT 1 [ RunTime:0.001443s ]
[2020-11-18T21:25:43+08:00][sql] SHOW FULL COLUMNS FROM `yh_meal` [ RunTime:0.004424s ]
[2020-11-18T21:25:43+08:00][sql] SELECT * FROM `yh_meal` WHERE  `status` = 1  AND `type` = 1 ORDER BY `id` ASC [ RunTime:0.004130s ]
[2020-11-18T21:25:56+08:00][sql] CONNECT:[ UseTime:0.006030s ] mysql:host=127.0.0.1;port=3306;dbname=jifei_ymcx_shop;charset=utf8
[2020-11-18T21:25:56+08:00][sql] SHOW FULL COLUMNS FROM `yh_user` [ RunTime:0.005733s ]
[2020-11-18T21:25:56+08:00][sql] SELECT * FROM `yh_user` WHERE  `id` = 16 LIMIT 1 [ RunTime:0.002738s ]
[2020-11-18T21:25:56+08:00][sql] SHOW FULL COLUMNS FROM `yh_business` [ RunTime:0.002381s ]
[2020-11-18T21:25:56+08:00][sql] SELECT * FROM `yh_business` WHERE  `id` = 16 LIMIT 1 [ RunTime:0.000692s ]
[2020-11-18T21:25:56+08:00][sql] SHOW FULL COLUMNS FROM `yh_webpz` [ RunTime:0.002471s ]
[2020-11-18T21:25:56+08:00][sql] SELECT * FROM `yh_webpz` WHERE  `id` = 1 LIMIT 1 [ RunTime:0.000879s ]
[2020-11-18T21:25:56+08:00][sql] SHOW FULL COLUMNS FROM `yh_meal` [ RunTime:0.002586s ]
[2020-11-18T21:25:56+08:00][sql] SELECT * FROM `yh_meal` WHERE  `id` = 2 LIMIT 1 [ RunTime:0.000999s ]
[2020-11-18T21:25:56+08:00][sql] CONNECT:[ UseTime:0.004523s ] mysql:host=127.0.0.1;port=3306;dbname=jifei_ymcx_shop;charset=utf8
[2020-11-18T21:25:56+08:00][sql] SHOW FULL COLUMNS FROM `yh_user` [ RunTime:0.005705s ]
[2020-11-18T21:25:56+08:00][sql] SELECT * FROM `yh_user` WHERE  `id` = 16 LIMIT 1 [ RunTime:0.003615s ]
[2020-11-18T21:25:56+08:00][sql] SHOW FULL COLUMNS FROM `yh_business` [ RunTime:0.002027s ]
[2020-11-18T21:25:56+08:00][sql] SELECT * FROM `yh_business` WHERE  `id` = 16 LIMIT 1 [ RunTime:0.000697s ]
[2020-11-18T21:25:56+08:00][sql] SHOW FULL COLUMNS FROM `yh_webpz` [ RunTime:0.002245s ]
[2020-11-18T21:25:56+08:00][sql] SELECT * FROM `yh_webpz` WHERE  `id` = 1 LIMIT 1 [ RunTime:0.000685s ]
[2020-11-18T21:25:56+08:00][sql] SHOW FULL COLUMNS FROM `yh_meal` [ RunTime:0.001976s ]
[2020-11-18T21:25:56+08:00][sql] SELECT * FROM `yh_meal` WHERE  `status` = 1  AND `type` = 1 ORDER BY `id` ASC [ RunTime:0.000839s ]
[2020-11-18T21:26:00+08:00][sql] CONNECT:[ UseTime:0.001204s ] mysql:host=127.0.0.1;port=3306;dbname=jifei_ymcx_shop;charset=utf8
[2020-11-18T21:26:00+08:00][sql] SHOW FULL COLUMNS FROM `yh_user` [ RunTime:0.009221s ]
[2020-11-18T21:26:00+08:00][sql] SELECT * FROM `yh_user` WHERE  `id` = 16 LIMIT 1 [ RunTime:0.000802s ]
[2020-11-18T21:26:00+08:00][sql] SHOW FULL COLUMNS FROM `yh_business` [ RunTime:0.002929s ]
[2020-11-18T21:26:00+08:00][sql] SELECT * FROM `yh_business` WHERE  `id` = 16 LIMIT 1 [ RunTime:0.003111s ]
[2020-11-18T21:26:00+08:00][sql] SHOW FULL COLUMNS FROM `yh_webpz` [ RunTime:0.001970s ]
[2020-11-18T21:26:00+08:00][sql] SELECT * FROM `yh_webpz` WHERE  `id` = 1 LIMIT 1 [ RunTime:0.004213s ]
[2020-11-18T21:27:16+08:00][sql] CONNECT:[ UseTime:0.001254s ] mysql:host=127.0.0.1;port=3306;dbname=jifei_ymcx_shop;charset=utf8
[2020-11-18T21:27:16+08:00][sql] SHOW FULL COLUMNS FROM `yh_user` [ RunTime:0.002239s ]
[2020-11-18T21:27:16+08:00][sql] SELECT * FROM `yh_user` WHERE  `id` = 16 LIMIT 1 [ RunTime:0.011059s ]
[2020-11-18T21:27:16+08:00][sql] SHOW FULL COLUMNS FROM `yh_business` [ RunTime:0.002294s ]
[2020-11-18T21:27:16+08:00][sql] SELECT * FROM `yh_business` WHERE  `id` = 16 LIMIT 1 [ RunTime:0.000598s ]
[2020-11-18T21:27:16+08:00][sql] SHOW FULL COLUMNS FROM `yh_webpz` [ RunTime:0.002477s ]
[2020-11-18T21:27:16+08:00][sql] SELECT * FROM `yh_webpz` WHERE  `id` = 1 LIMIT 1 [ RunTime:0.001045s ]
[2020-11-18T21:27:16+08:00][sql] SHOW FULL COLUMNS FROM `yh_record` [ RunTime:0.003748s ]
[2020-11-18T21:27:16+08:00][sql] SELECT COUNT(*) AS think_count FROM `yh_record` WHERE  `uid` = 1616848  AND `intime` > 1605628800 [ RunTime:0.002318s ]
[2020-11-18T21:27:16+08:00][sql] SHOW FULL COLUMNS FROM `yh_information` [ RunTime:0.003224s ]
[2020-11-18T21:27:16+08:00][sql] SELECT * FROM `yh_information` WHERE  `id` = 1 LIMIT 1 [ RunTime:0.001143s ]
[2020-11-18T21:27:19+08:00][sql] CONNECT:[ UseTime:0.000964s ] mysql:host=127.0.0.1;port=3306;dbname=jifei_ymcx_shop;charset=utf8
[2020-11-18T21:27:19+08:00][sql] SHOW FULL COLUMNS FROM `yh_user` [ RunTime:0.002317s ]
[2020-11-18T21:27:19+08:00][sql] SELECT * FROM `yh_user` WHERE  `id` = 16 LIMIT 1 [ RunTime:0.000668s ]
[2020-11-18T21:27:19+08:00][sql] SHOW FULL COLUMNS FROM `yh_business` [ RunTime:0.003883s ]
[2020-11-18T21:27:19+08:00][sql] SELECT * FROM `yh_business` WHERE  `id` = 16 LIMIT 1 [ RunTime:0.001667s ]
[2020-11-18T21:27:19+08:00][sql] SHOW FULL COLUMNS FROM `yh_webpz` [ RunTime:0.002086s ]
[2020-11-18T21:27:19+08:00][sql] SELECT * FROM `yh_webpz` WHERE  `id` = 1 LIMIT 1 [ RunTime:0.000618s ]
[2020-11-18T21:33:21+08:00][sql] CONNECT:[ UseTime:0.001028s ] mysql:host=127.0.0.1;port=3306;dbname=jifei_ymcx_shop;charset=utf8
[2020-11-18T21:33:21+08:00][sql] SHOW FULL COLUMNS FROM `yh_user` [ RunTime:0.002006s ]
[2020-11-18T21:33:21+08:00][sql] SELECT * FROM `yh_user` WHERE  `id` = 16 LIMIT 1 [ RunTime:0.000728s ]
[2020-11-18T21:33:21+08:00][sql] SHOW FULL COLUMNS FROM `yh_business` [ RunTime:0.001475s ]
[2020-11-18T21:33:21+08:00][sql] SELECT * FROM `yh_business` WHERE  `id` = 16 LIMIT 1 [ RunTime:0.000524s ]
[2020-11-18T21:33:21+08:00][sql] SHOW FULL COLUMNS FROM `yh_webpz` [ RunTime:0.001836s ]
[2020-11-18T21:33:21+08:00][sql] SELECT * FROM `yh_webpz` WHERE  `id` = 1 LIMIT 1 [ RunTime:0.000590s ]
[2020-11-18T21:33:21+08:00][sql] SHOW FULL COLUMNS FROM `yh_record` [ RunTime:0.002159s ]
[2020-11-18T21:33:21+08:00][sql] SELECT COUNT(*) AS think_count FROM `yh_record` WHERE  `uid` = 1616848  AND `intime` > 1605628800 [ RunTime:0.001063s ]
[2020-11-18T21:33:21+08:00][sql] SHOW FULL COLUMNS FROM `yh_information` [ RunTime:0.001919s ]
[2020-11-18T21:33:21+08:00][sql] SELECT * FROM `yh_information` WHERE  `id` = 1 LIMIT 1 [ RunTime:0.001114s ]
[2020-11-18T21:34:11+08:00][sql] CONNECT:[ UseTime:0.004192s ] mysql:host=127.0.0.1;port=3306;dbname=jifei_ymcx_shop;charset=utf8
[2020-11-18T21:34:11+08:00][sql] SHOW FULL COLUMNS FROM `yh_user` [ RunTime:0.004225s ]
[2020-11-18T21:34:11+08:00][sql] SELECT * FROM `yh_user` WHERE  `id` = 16 LIMIT 1 [ RunTime:0.000600s ]
[2020-11-18T21:34:11+08:00][sql] SHOW FULL COLUMNS FROM `yh_business` [ RunTime:0.001419s ]
[2020-11-18T21:34:11+08:00][sql] SELECT * FROM `yh_business` WHERE  `id` = 16 LIMIT 1 [ RunTime:0.000431s ]
[2020-11-18T21:34:11+08:00][sql] SHOW FULL COLUMNS FROM `yh_webpz` [ RunTime:0.001850s ]
[2020-11-18T21:34:11+08:00][sql] SELECT * FROM `yh_webpz` WHERE  `id` = 1 LIMIT 1 [ RunTime:0.000749s ]
[2020-11-18T21:34:11+08:00][sql] SHOW FULL COLUMNS FROM `yh_record` [ RunTime:0.001706s ]
[2020-11-18T21:34:11+08:00][sql] SELECT COUNT(*) AS think_count FROM `yh_record` WHERE  `uid` = 1616848  AND `intime` > 1605628800 [ RunTime:0.000950s ]
[2020-11-18T21:34:11+08:00][sql] SHOW FULL COLUMNS FROM `yh_information` [ RunTime:0.001562s ]
[2020-11-18T21:34:11+08:00][sql] SELECT * FROM `yh_information` WHERE  `id` = 1 LIMIT 1 [ RunTime:0.000498s ]
[2020-11-18T21:36:51+08:00][sql] CONNECT:[ UseTime:0.001070s ] mysql:host=127.0.0.1;port=3306;dbname=jifei_ymcx_shop;charset=utf8
[2020-11-18T21:36:51+08:00][sql] SHOW FULL COLUMNS FROM `yh_user` [ RunTime:0.002023s ]
[2020-11-18T21:36:51+08:00][sql] SELECT * FROM `yh_user` WHERE  `id` = 16 LIMIT 1 [ RunTime:0.001137s ]
[2020-11-18T21:36:51+08:00][sql] SHOW FULL COLUMNS FROM `yh_business` [ RunTime:0.001961s ]
[2020-11-18T21:36:51+08:00][sql] SELECT * FROM `yh_business` WHERE  `id` = 16 LIMIT 1 [ RunTime:0.000748s ]
[2020-11-18T21:36:51+08:00][sql] SHOW FULL COLUMNS FROM `yh_webpz` [ RunTime:0.002482s ]
[2020-11-18T21:36:51+08:00][sql] SELECT * FROM `yh_webpz` WHERE  `id` = 1 LIMIT 1 [ RunTime:0.000838s ]
[2020-11-18T21:36:51+08:00][sql] SHOW FULL COLUMNS FROM `yh_record` [ RunTime:0.003212s ]
[2020-11-18T21:36:51+08:00][sql] SELECT COUNT(*) AS think_count FROM `yh_record` WHERE  `uid` = 1616848  AND `intime` > 1605628800 [ RunTime:0.002027s ]
[2020-11-18T21:36:51+08:00][sql] SHOW FULL COLUMNS FROM `yh_information` [ RunTime:0.001952s ]
[2020-11-18T21:36:51+08:00][sql] SELECT * FROM `yh_information` WHERE  `id` = 1 LIMIT 1 [ RunTime:0.000777s ]
[2020-11-18T23:06:54+08:00][sql] CONNECT:[ UseTime:0.001479s ] mysql:host=127.0.0.1;port=3306;dbname=jifei_ymcx_shop;charset=utf8
[2020-11-18T23:06:54+08:00][sql] SHOW FULL COLUMNS FROM `yh_webpz` [ RunTime:0.002898s ]
[2020-11-18T23:06:54+08:00][sql] SELECT * FROM `yh_webpz` WHERE  `id` = 1 LIMIT 1 [ RunTime:0.000711s ]
[2020-11-18T23:06:59+08:00][sql] CONNECT:[ UseTime:0.001712s ] mysql:host=127.0.0.1;port=3306;dbname=jifei_ymcx_shop;charset=utf8
[2020-11-18T23:06:59+08:00][sql] SHOW FULL COLUMNS FROM `yh_webpz` [ RunTime:0.005908s ]
[2020-11-18T23:06:59+08:00][sql] SELECT * FROM `yh_webpz` WHERE  `id` = 1 LIMIT 1 [ RunTime:0.000768s ]
[2020-11-18T23:06:59+08:00][sql] SHOW FULL COLUMNS FROM `yh_user` [ RunTime:0.002393s ]
[2020-11-18T23:06:59+08:00][sql] SELECT * FROM `yh_user` WHERE  `username` = '1468265150'  AND `password` = 'e69d33e9cf0fe774da9afcdc1b8f747c' LIMIT 1 [ RunTime:0.000807s ]
[2020-11-18T23:06:59+08:00][sql] CONNECT:[ UseTime:0.002508s ] mysql:host=127.0.0.1;port=3306;dbname=jifei_ymcx_shop;charset=utf8
[2020-11-18T23:06:59+08:00][sql] SHOW FULL COLUMNS FROM `yh_user` [ RunTime:0.003746s ]
[2020-11-18T23:06:59+08:00][sql] SELECT * FROM `yh_user` WHERE  `id` = 16 LIMIT 1 [ RunTime:0.000867s ]
[2020-11-18T23:06:59+08:00][sql] SHOW FULL COLUMNS FROM `yh_business` [ RunTime:0.004860s ]
[2020-11-18T23:06:59+08:00][sql] SELECT * FROM `yh_business` WHERE  `id` = 16 LIMIT 1 [ RunTime:0.001495s ]
[2020-11-18T23:06:59+08:00][sql] SHOW FULL COLUMNS FROM `yh_webpz` [ RunTime:0.003888s ]
[2020-11-18T23:06:59+08:00][sql] SELECT * FROM `yh_webpz` WHERE  `id` = 1 LIMIT 1 [ RunTime:0.001023s ]
[2020-11-18T23:06:59+08:00][sql] SHOW FULL COLUMNS FROM `yh_record` [ RunTime:0.004245s ]
[2020-11-18T23:06:59+08:00][sql] SELECT COUNT(*) AS think_count FROM `yh_record` WHERE  `uid` = 1616848  AND `intime` > 1605628800 [ RunTime:0.002757s ]
[2020-11-18T23:06:59+08:00][sql] SHOW FULL COLUMNS FROM `yh_information` [ RunTime:0.004348s ]
[2020-11-18T23:06:59+08:00][sql] SELECT * FROM `yh_information` WHERE  `id` = 1 LIMIT 1 [ RunTime:0.001254s ]
[2020-11-18T23:10:28+08:00][sql] CONNECT:[ UseTime:0.001653s ] mysql:host=127.0.0.1;port=3306;dbname=jifei_ymcx_shop;charset=utf8
[2020-11-18T23:10:28+08:00][sql] SHOW FULL COLUMNS FROM `yh_webpz` [ RunTime:0.002670s ]
[2020-11-18T23:10:28+08:00][sql] SELECT * FROM `yh_webpz` WHERE  `id` = 1 LIMIT 1 [ RunTime:0.001347s ]
[2020-11-18T23:10:30+08:00][sql] CONNECT:[ UseTime:0.001177s ] mysql:host=127.0.0.1;port=3306;dbname=jifei_ymcx_shop;charset=utf8
[2020-11-18T23:10:30+08:00][sql] SHOW FULL COLUMNS FROM `yh_webpz` [ RunTime:0.003181s ]
[2020-11-18T23:10:30+08:00][sql] SELECT * FROM `yh_webpz` WHERE  `id` = 1 LIMIT 1 [ RunTime:0.004670s ]
[2020-11-18T23:10:30+08:00][sql] SHOW FULL COLUMNS FROM `yh_user` [ RunTime:0.002697s ]
[2020-11-18T23:10:30+08:00][sql] SELECT * FROM `yh_user` WHERE  `username` = '1311714711'  AND `password` = 'c1f373f10559070cf1ddedfaee10fb5a' LIMIT 1 [ RunTime:0.000819s ]
[2020-11-18T23:10:31+08:00][sql] CONNECT:[ UseTime:0.004141s ] mysql:host=127.0.0.1;port=3306;dbname=jifei_ymcx_shop;charset=utf8
[2020-11-18T23:10:31+08:00][sql] SHOW FULL COLUMNS FROM `yh_user` [ RunTime:0.005430s ]
[2020-11-18T23:10:31+08:00][sql] SELECT * FROM `yh_user` WHERE  `id` = 7 LIMIT 1 [ RunTime:0.003774s ]
[2020-11-18T23:10:31+08:00][sql] SHOW FULL COLUMNS FROM `yh_business` [ RunTime:0.002223s ]
[2020-11-18T23:10:31+08:00][sql] SELECT * FROM `yh_business` WHERE  `id` = 7 LIMIT 1 [ RunTime:0.001409s ]
[2020-11-18T23:10:31+08:00][sql] SHOW FULL COLUMNS FROM `yh_webpz` [ RunTime:0.002363s ]
[2020-11-18T23:10:31+08:00][sql] SELECT * FROM `yh_webpz` WHERE  `id` = 1 LIMIT 1 [ RunTime:0.000764s ]
[2020-11-18T23:10:31+08:00][sql] SHOW FULL COLUMNS FROM `yh_record` [ RunTime:0.002246s ]
[2020-11-18T23:10:31+08:00][sql] SELECT COUNT(*) AS think_count FROM `yh_record` WHERE  `uid` = 731721  AND `intime` > 1605628800 [ RunTime:0.001509s ]
[2020-11-18T23:10:31+08:00][sql] SHOW FULL COLUMNS FROM `yh_information` [ RunTime:0.001949s ]
[2020-11-18T23:10:31+08:00][sql] SELECT * FROM `yh_information` WHERE  `id` = 1 LIMIT 1 [ RunTime:0.000743s ]
[2020-11-18T23:10:50+08:00][sql] CONNECT:[ UseTime:0.004570s ] mysql:host=127.0.0.1;port=3306;dbname=jifei_ymcx_shop;charset=utf8
[2020-11-18T23:10:50+08:00][sql] SHOW FULL COLUMNS FROM `yh_user` [ RunTime:0.006360s ]
[2020-11-18T23:10:50+08:00][sql] SELECT * FROM `yh_user` WHERE  `id` = 7 LIMIT 1 [ RunTime:0.003819s ]
[2020-11-18T23:10:50+08:00][sql] SHOW FULL COLUMNS FROM `yh_business` [ RunTime:0.002647s ]
[2020-11-18T23:10:50+08:00][sql] SELECT * FROM `yh_business` WHERE  `id` = 7 LIMIT 1 [ RunTime:0.000904s ]
[2020-11-18T23:10:50+08:00][sql] SHOW FULL COLUMNS FROM `yh_webpz` [ RunTime:0.002195s ]
[2020-11-18T23:10:50+08:00][sql] SELECT * FROM `yh_webpz` WHERE  `id` = 1 LIMIT 1 [ RunTime:0.000767s ]
[2020-11-18T23:10:53+08:00][sql] CONNECT:[ UseTime:0.001090s ] mysql:host=127.0.0.1;port=3306;dbname=jifei_ymcx_shop;charset=utf8
[2020-11-18T23:10:53+08:00][sql] SHOW FULL COLUMNS FROM `yh_user` [ RunTime:0.002305s ]
[2020-11-18T23:10:53+08:00][sql] SELECT * FROM `yh_user` WHERE  `id` = 7 LIMIT 1 [ RunTime:0.000659s ]
[2020-11-18T23:10:53+08:00][sql] SHOW FULL COLUMNS FROM `yh_business` [ RunTime:0.001774s ]
[2020-11-18T23:10:53+08:00][sql] SELECT * FROM `yh_business` WHERE  `id` = 7 LIMIT 1 [ RunTime:0.000878s ]
[2020-11-18T23:10:53+08:00][sql] SHOW FULL COLUMNS FROM `yh_webpz` [ RunTime:0.005486s ]
[2020-11-18T23:10:53+08:00][sql] SELECT * FROM `yh_webpz` WHERE  `id` = 1 LIMIT 1 [ RunTime:0.000794s ]
[2020-11-18T23:10:53+08:00][sql] SHOW FULL COLUMNS FROM `yh_meal` [ RunTime:0.002523s ]
[2020-11-18T23:10:53+08:00][sql] SELECT * FROM `yh_meal` WHERE  `status` = 1  AND `type` = 1 ORDER BY `id` ASC [ RunTime:0.000838s ]
[2020-11-18T23:11:06+08:00][sql] CONNECT:[ UseTime:0.006440s ] mysql:host=127.0.0.1;port=3306;dbname=jifei_ymcx_shop;charset=utf8
[2020-11-18T23:11:06+08:00][sql] SHOW FULL COLUMNS FROM `yh_user` [ RunTime:0.003745s ]
[2020-11-18T23:11:06+08:00][sql] SELECT * FROM `yh_user` WHERE  `id` = 7 LIMIT 1 [ RunTime:0.001093s ]
[2020-11-18T23:11:06+08:00][sql] SHOW FULL COLUMNS FROM `yh_business` [ RunTime:0.003426s ]
[2020-11-18T23:11:06+08:00][sql] SELECT * FROM `yh_business` WHERE  `id` = 7 LIMIT 1 [ RunTime:0.000938s ]
[2020-11-18T23:11:06+08:00][sql] SHOW FULL COLUMNS FROM `yh_webpz` [ RunTime:0.003006s ]
[2020-11-18T23:11:06+08:00][sql] SELECT * FROM `yh_webpz` WHERE  `id` = 1 LIMIT 1 [ RunTime:0.000917s ]
[2020-11-18T23:11:23+08:00][sql] CONNECT:[ UseTime:0.002487s ] mysql:host=127.0.0.1;port=3306;dbname=jifei_ymcx_shop;charset=utf8
[2020-11-18T23:11:23+08:00][sql] SHOW FULL COLUMNS FROM `yh_user` [ RunTime:0.002819s ]
[2020-11-18T23:11:23+08:00][sql] SELECT * FROM `yh_user` WHERE  `id` = 7 LIMIT 1 [ RunTime:0.000820s ]
[2020-11-18T23:11:23+08:00][sql] SHOW FULL COLUMNS FROM `yh_business` [ RunTime:0.002100s ]
[2020-11-18T23:11:23+08:00][sql] SELECT * FROM `yh_business` WHERE  `id` = 7 LIMIT 1 [ RunTime:0.000703s ]
[2020-11-18T23:11:23+08:00][sql] SHOW FULL COLUMNS FROM `yh_webpz` [ RunTime:0.002509s ]
[2020-11-18T23:11:23+08:00][sql] SELECT * FROM `yh_webpz` WHERE  `id` = 1 LIMIT 1 [ RunTime:0.000805s ]
[2020-11-18T23:11:31+08:00][sql] CONNECT:[ UseTime:0.001290s ] mysql:host=127.0.0.1;port=3306;dbname=jifei_ymcx_shop;charset=utf8
[2020-11-18T23:11:31+08:00][sql] SHOW FULL COLUMNS FROM `yh_user` [ RunTime:0.003693s ]
[2020-11-18T23:11:31+08:00][sql] SELECT * FROM `yh_user` WHERE  `id` = 7 LIMIT 1 [ RunTime:0.001680s ]
[2020-11-18T23:11:31+08:00][sql] SHOW FULL COLUMNS FROM `yh_business` [ RunTime:0.001861s ]
[2020-11-18T23:11:31+08:00][sql] SELECT * FROM `yh_business` WHERE  `id` = 7 LIMIT 1 [ RunTime:0.000509s ]
[2020-11-18T23:11:31+08:00][sql] SHOW FULL COLUMNS FROM `yh_webpz` [ RunTime:0.001705s ]
[2020-11-18T23:11:31+08:00][sql] SELECT * FROM `yh_webpz` WHERE  `id` = 1 LIMIT 1 [ RunTime:0.001755s ]
[2020-11-18T23:11:54+08:00][sql] CONNECT:[ UseTime:0.003358s ] mysql:host=127.0.0.1;port=3306;dbname=jifei_ymcx_shop;charset=utf8
[2020-11-18T23:11:54+08:00][sql] SHOW FULL COLUMNS FROM `yh_user` [ RunTime:0.002380s ]
[2020-11-18T23:11:54+08:00][sql] SELECT * FROM `yh_user` WHERE  `id` = 7 LIMIT 1 [ RunTime:0.000645s ]
[2020-11-18T23:11:54+08:00][sql] SHOW FULL COLUMNS FROM `yh_business` [ RunTime:0.001673s ]
[2020-11-18T23:11:54+08:00][sql] SELECT * FROM `yh_business` WHERE  `id` = 7 LIMIT 1 [ RunTime:0.000610s ]
[2020-11-18T23:11:54+08:00][sql] SHOW FULL COLUMNS FROM `yh_webpz` [ RunTime:0.002064s ]
[2020-11-18T23:11:54+08:00][sql] SELECT * FROM `yh_webpz` WHERE  `id` = 1 LIMIT 1 [ RunTime:0.000700s ]
[2020-11-18T23:11:54+08:00][sql] SHOW FULL COLUMNS FROM `yh_record` [ RunTime:0.002415s ]
[2020-11-18T23:11:54+08:00][sql] SELECT COUNT(*) AS think_count FROM `yh_record` WHERE  `uid` = 731721  AND `intime` > 1605628800 [ RunTime:0.001522s ]
[2020-11-18T23:11:54+08:00][sql] SHOW FULL COLUMNS FROM `yh_information` [ RunTime:0.002325s ]
[2020-11-18T23:11:54+08:00][sql] SELECT * FROM `yh_information` WHERE  `id` = 1 LIMIT 1 [ RunTime:0.000791s ]
[2020-11-18T23:12:04+08:00][sql] CONNECT:[ UseTime:0.000900s ] mysql:host=127.0.0.1;port=3306;dbname=jifei_ymcx_shop;charset=utf8
[2020-11-18T23:12:04+08:00][sql] SHOW FULL COLUMNS FROM `yh_user` [ RunTime:0.002459s ]
[2020-11-18T23:12:04+08:00][sql] SELECT * FROM `yh_user` WHERE  `id` = 7 LIMIT 1 [ RunTime:0.003838s ]
[2020-11-18T23:12:04+08:00][sql] SHOW FULL COLUMNS FROM `yh_business` [ RunTime:0.001920s ]
[2020-11-18T23:12:04+08:00][sql] SELECT * FROM `yh_business` WHERE  `id` = 7 LIMIT 1 [ RunTime:0.000735s ]
[2020-11-18T23:12:04+08:00][sql] SHOW FULL COLUMNS FROM `yh_webpz` [ RunTime:0.001574s ]
[2020-11-18T23:12:04+08:00][sql] SELECT * FROM `yh_webpz` WHERE  `id` = 1 LIMIT 1 [ RunTime:0.000540s ]
[2020-11-18T23:12:10+08:00][sql] CONNECT:[ UseTime:0.002761s ] mysql:host=127.0.0.1;port=3306;dbname=jifei_ymcx_shop;charset=utf8
[2020-11-18T23:12:10+08:00][sql] SHOW FULL COLUMNS FROM `yh_user` [ RunTime:0.008474s ]
[2020-11-18T23:12:10+08:00][sql] SELECT * FROM `yh_user` WHERE  `id` = 7 LIMIT 1 [ RunTime:0.001004s ]
[2020-11-18T23:12:10+08:00][sql] SHOW FULL COLUMNS FROM `yh_business` [ RunTime:0.002657s ]
[2020-11-18T23:12:10+08:00][sql] SELECT * FROM `yh_business` WHERE  `id` = 7 LIMIT 1 [ RunTime:0.000543s ]
[2020-11-18T23:12:10+08:00][sql] SHOW FULL COLUMNS FROM `yh_webpz` [ RunTime:0.003964s ]
[2020-11-18T23:12:10+08:00][sql] SELECT * FROM `yh_webpz` WHERE  `id` = 1 LIMIT 1 [ RunTime:0.001153s ]
[2020-11-18T23:12:10+08:00][sql] SHOW FULL COLUMNS FROM `yh_record` [ RunTime:0.002951s ]
[2020-11-18T23:12:10+08:00][sql] SELECT COUNT(*) AS think_count FROM `yh_record` WHERE  `uid` = 731721 [ RunTime:0.002255s ]
[2020-11-18T23:12:10+08:00][sql] SELECT * FROM `yh_record` WHERE  `uid` = 731721 ORDER BY `id` DESC LIMIT 0,10 [ RunTime:0.000942s ]
[2020-11-18T23:12:18+08:00][sql] CONNECT:[ UseTime:0.001236s ] mysql:host=127.0.0.1;port=3306;dbname=jifei_ymcx_shop;charset=utf8
[2020-11-18T23:12:18+08:00][sql] SHOW FULL COLUMNS FROM `yh_user` [ RunTime:0.013022s ]
[2020-11-18T23:12:18+08:00][sql] SELECT * FROM `yh_user` WHERE  `id` = 7 LIMIT 1 [ RunTime:0.005777s ]
[2020-11-18T23:12:18+08:00][sql] SHOW FULL COLUMNS FROM `yh_business` [ RunTime:0.003924s ]
[2020-11-18T23:12:18+08:00][sql] SELECT * FROM `yh_business` WHERE  `id` = 7 LIMIT 1 [ RunTime:0.000633s ]
[2020-11-18T23:12:18+08:00][sql] SHOW FULL COLUMNS FROM `yh_webpz` [ RunTime:0.002266s ]
[2020-11-18T23:12:18+08:00][sql] SELECT * FROM `yh_webpz` WHERE  `id` = 1 LIMIT 1 [ RunTime:0.000576s ]
[2020-11-18T23:12:18+08:00][sql] SHOW FULL COLUMNS FROM `yh_record` [ RunTime:0.003793s ]
[2020-11-18T23:12:18+08:00][sql] SELECT COUNT(*) AS think_count FROM `yh_record` WHERE  `uid` = 731721 [ RunTime:0.001288s ]
[2020-11-18T23:12:18+08:00][sql] SELECT * FROM `yh_record` WHERE  `uid` = 731721 ORDER BY `id` DESC LIMIT 10,10 [ RunTime:0.000735s ]
[2020-11-18T23:12:23+08:00][sql] CONNECT:[ UseTime:0.002951s ] mysql:host=127.0.0.1;port=3306;dbname=jifei_ymcx_shop;charset=utf8
[2020-11-18T23:12:23+08:00][sql] SHOW FULL COLUMNS FROM `yh_user` [ RunTime:0.003009s ]
[2020-11-18T23:12:23+08:00][sql] SELECT * FROM `yh_user` WHERE  `id` = 7 LIMIT 1 [ RunTime:0.000599s ]
[2020-11-18T23:12:23+08:00][sql] SHOW FULL COLUMNS FROM `yh_business` [ RunTime:0.001399s ]
[2020-11-18T23:12:23+08:00][sql] SELECT * FROM `yh_business` WHERE  `id` = 7 LIMIT 1 [ RunTime:0.000502s ]
[2020-11-18T23:12:23+08:00][sql] SHOW FULL COLUMNS FROM `yh_webpz` [ RunTime:0.001560s ]
[2020-11-18T23:12:23+08:00][sql] SELECT * FROM `yh_webpz` WHERE  `id` = 1 LIMIT 1 [ RunTime:0.002416s ]
[2020-11-18T23:12:23+08:00][sql] SHOW FULL COLUMNS FROM `yh_record` [ RunTime:0.002155s ]
[2020-11-18T23:12:23+08:00][sql] SELECT COUNT(*) AS think_count FROM `yh_record` WHERE  `uid` = 731721 [ RunTime:0.001287s ]
[2020-11-18T23:12:23+08:00][sql] SELECT * FROM `yh_record` WHERE  `uid` = 731721 ORDER BY `id` DESC LIMIT 20,10 [ RunTime:0.000717s ]
[2020-11-18T23:12:29+08:00][sql] CONNECT:[ UseTime:0.001130s ] mysql:host=127.0.0.1;port=3306;dbname=jifei_ymcx_shop;charset=utf8
[2020-11-18T23:12:29+08:00][sql] SHOW FULL COLUMNS FROM `yh_user` [ RunTime:0.005466s ]
[2020-11-18T23:12:29+08:00][sql] SELECT * FROM `yh_user` WHERE  `id` = 7 LIMIT 1 [ RunTime:0.000747s ]
[2020-11-18T23:12:29+08:00][sql] SHOW FULL COLUMNS FROM `yh_business` [ RunTime:0.001419s ]
[2020-11-18T23:12:29+08:00][sql] SELECT * FROM `yh_business` WHERE  `id` = 7 LIMIT 1 [ RunTime:0.000595s ]
[2020-11-18T23:12:29+08:00][sql] SHOW FULL COLUMNS FROM `yh_webpz` [ RunTime:0.001787s ]
[2020-11-18T23:12:29+08:00][sql] SELECT * FROM `yh_webpz` WHERE  `id` = 1 LIMIT 1 [ RunTime:0.000691s ]
[2020-11-18T23:12:29+08:00][sql] SHOW FULL COLUMNS FROM `yh_record` [ RunTime:0.001756s ]
[2020-11-18T23:12:29+08:00][sql] SELECT COUNT(*) AS think_count FROM `yh_record` WHERE  `uid` = 731721 [ RunTime:0.001320s ]
[2020-11-18T23:12:29+08:00][sql] SELECT * FROM `yh_record` WHERE  `uid` = 731721 ORDER BY `id` DESC LIMIT 30,10 [ RunTime:0.000732s ]
[2020-11-18T23:12:32+08:00][sql] CONNECT:[ UseTime:0.001011s ] mysql:host=127.0.0.1;port=3306;dbname=jifei_ymcx_shop;charset=utf8
[2020-11-18T23:12:32+08:00][sql] SHOW FULL COLUMNS FROM `yh_user` [ RunTime:0.002074s ]
[2020-11-18T23:12:32+08:00][sql] SELECT * FROM `yh_user` WHERE  `id` = 7 LIMIT 1 [ RunTime:0.000561s ]
[2020-11-18T23:12:32+08:00][sql] SHOW FULL COLUMNS FROM `yh_business` [ RunTime:0.001495s ]
[2020-11-18T23:12:32+08:00][sql] SELECT * FROM `yh_business` WHERE  `id` = 7 LIMIT 1 [ RunTime:0.000408s ]
[2020-11-18T23:12:32+08:00][sql] SHOW FULL COLUMNS FROM `yh_webpz` [ RunTime:0.001649s ]
[2020-11-18T23:12:32+08:00][sql] SELECT * FROM `yh_webpz` WHERE  `id` = 1 LIMIT 1 [ RunTime:0.000623s ]
[2020-11-18T23:12:32+08:00][sql] SHOW FULL COLUMNS FROM `yh_record` [ RunTime:0.001441s ]
[2020-11-18T23:12:32+08:00][sql] SELECT COUNT(*) AS think_count FROM `yh_record` WHERE  `uid` = 731721 [ RunTime:0.001834s ]
[2020-11-18T23:12:32+08:00][sql] SELECT * FROM `yh_record` WHERE  `uid` = 731721 ORDER BY `id` DESC LIMIT 40,10 [ RunTime:0.001407s ]
[2020-11-18T23:12:35+08:00][sql] CONNECT:[ UseTime:0.007064s ] mysql:host=127.0.0.1;port=3306;dbname=jifei_ymcx_shop;charset=utf8
[2020-11-18T23:12:35+08:00][sql] SHOW FULL COLUMNS FROM `yh_user` [ RunTime:0.006295s ]
[2020-11-18T23:12:35+08:00][sql] SELECT * FROM `yh_user` WHERE  `id` = 7 LIMIT 1 [ RunTime:0.004684s ]
[2020-11-18T23:12:35+08:00][sql] SHOW FULL COLUMNS FROM `yh_business` [ RunTime:0.002549s ]
[2020-11-18T23:12:35+08:00][sql] SELECT * FROM `yh_business` WHERE  `id` = 7 LIMIT 1 [ RunTime:0.000636s ]
[2020-11-18T23:12:35+08:00][sql] SHOW FULL COLUMNS FROM `yh_webpz` [ RunTime:0.003307s ]
[2020-11-18T23:12:35+08:00][sql] SELECT * FROM `yh_webpz` WHERE  `id` = 1 LIMIT 1 [ RunTime:0.000763s ]
[2020-11-18T23:12:35+08:00][sql] SHOW FULL COLUMNS FROM `yh_record` [ RunTime:0.003192s ]
[2020-11-18T23:12:35+08:00][sql] SELECT COUNT(*) AS think_count FROM `yh_record` WHERE  `uid` = 731721 [ RunTime:0.001311s ]
[2020-11-18T23:12:35+08:00][sql] SELECT * FROM `yh_record` WHERE  `uid` = 731721 ORDER BY `id` DESC LIMIT 50,10 [ RunTime:0.002272s ]
[2020-11-18T23:12:38+08:00][sql] CONNECT:[ UseTime:0.002773s ] mysql:host=127.0.0.1;port=3306;dbname=jifei_ymcx_shop;charset=utf8
[2020-11-18T23:12:38+08:00][sql] SHOW FULL COLUMNS FROM `yh_user` [ RunTime:0.002277s ]
[2020-11-18T23:12:38+08:00][sql] SELECT * FROM `yh_user` WHERE  `id` = 7 LIMIT 1 [ RunTime:0.000648s ]
[2020-11-18T23:12:38+08:00][sql] SHOW FULL COLUMNS FROM `yh_business` [ RunTime:0.008064s ]
[2020-11-18T23:12:38+08:00][sql] SELECT * FROM `yh_business` WHERE  `id` = 7 LIMIT 1 [ RunTime:0.000602s ]
[2020-11-18T23:12:38+08:00][sql] SHOW FULL COLUMNS FROM `yh_webpz` [ RunTime:0.002236s ]
[2020-11-18T23:12:38+08:00][sql] SELECT * FROM `yh_webpz` WHERE  `id` = 1 LIMIT 1 [ RunTime:0.000716s ]
[2020-11-18T23:12:38+08:00][sql] SHOW FULL COLUMNS FROM `yh_record` [ RunTime:0.003287s ]
[2020-11-18T23:12:38+08:00][sql] SELECT COUNT(*) AS think_count FROM `yh_record` WHERE  `uid` = 731721 [ RunTime:0.002015s ]
[2020-11-18T23:12:38+08:00][sql] SELECT * FROM `yh_record` WHERE  `uid` = 731721 ORDER BY `id` DESC LIMIT 60,10 [ RunTime:0.002670s ]
[2020-11-18T23:12:40+08:00][sql] CONNECT:[ UseTime:0.000920s ] mysql:host=127.0.0.1;port=3306;dbname=jifei_ymcx_shop;charset=utf8
[2020-11-18T23:12:40+08:00][sql] SHOW FULL COLUMNS FROM `yh_user` [ RunTime:0.002089s ]
[2020-11-18T23:12:40+08:00][sql] SELECT * FROM `yh_user` WHERE  `id` = 7 LIMIT 1 [ RunTime:0.000595s ]
[2020-11-18T23:12:40+08:00][sql] SHOW FULL COLUMNS FROM `yh_business` [ RunTime:0.001784s ]
[2020-11-18T23:12:40+08:00][sql] SELECT * FROM `yh_business` WHERE  `id` = 7 LIMIT 1 [ RunTime:0.000563s ]
[2020-11-18T23:12:40+08:00][sql] SHOW FULL COLUMNS FROM `yh_webpz` [ RunTime:0.001980s ]
[2020-11-18T23:12:40+08:00][sql] SELECT * FROM `yh_webpz` WHERE  `id` = 1 LIMIT 1 [ RunTime:0.000561s ]
[2020-11-18T23:12:40+08:00][sql] SHOW FULL COLUMNS FROM `yh_record` [ RunTime:0.013162s ]
[2020-11-18T23:12:40+08:00][sql] SELECT COUNT(*) AS think_count FROM `yh_record` WHERE  `uid` = 731721 [ RunTime:0.001280s ]
[2020-11-18T23:12:40+08:00][sql] SELECT * FROM `yh_record` WHERE  `uid` = 731721 ORDER BY `id` DESC LIMIT 70,10 [ RunTime:0.002464s ]
[2020-11-18T23:12:44+08:00][sql] CONNECT:[ UseTime:0.001179s ] mysql:host=127.0.0.1;port=3306;dbname=jifei_ymcx_shop;charset=utf8
[2020-11-18T23:12:44+08:00][sql] SHOW FULL COLUMNS FROM `yh_user` [ RunTime:0.007007s ]
[2020-11-18T23:12:44+08:00][sql] SELECT * FROM `yh_user` WHERE  `id` = 7 LIMIT 1 [ RunTime:0.003961s ]
[2020-11-18T23:12:44+08:00][sql] SHOW FULL COLUMNS FROM `yh_business` [ RunTime:0.003446s ]
[2020-11-18T23:12:44+08:00][sql] SELECT * FROM `yh_business` WHERE  `id` = 7 LIMIT 1 [ RunTime:0.000557s ]
[2020-11-18T23:12:44+08:00][sql] SHOW FULL COLUMNS FROM `yh_webpz` [ RunTime:0.002372s ]
[2020-11-18T23:12:44+08:00][sql] SELECT * FROM `yh_webpz` WHERE  `id` = 1 LIMIT 1 [ RunTime:0.000991s ]
[2020-11-18T23:12:44+08:00][sql] SHOW FULL COLUMNS FROM `yh_record` [ RunTime:0.002960s ]
[2020-11-18T23:12:44+08:00][sql] SELECT COUNT(*) AS think_count FROM `yh_record` WHERE  `uid` = 731721 [ RunTime:0.001464s ]
[2020-11-18T23:12:44+08:00][sql] SELECT * FROM `yh_record` WHERE  `uid` = 731721 ORDER BY `id` DESC LIMIT 80,10 [ RunTime:0.006722s ]
[2020-11-18T23:12:47+08:00][sql] CONNECT:[ UseTime:0.004765s ] mysql:host=127.0.0.1;port=3306;dbname=jifei_ymcx_shop;charset=utf8
[2020-11-18T23:12:47+08:00][sql] SHOW FULL COLUMNS FROM `yh_user` [ RunTime:0.002983s ]
[2020-11-18T23:12:47+08:00][sql] SELECT * FROM `yh_user` WHERE  `id` = 7 LIMIT 1 [ RunTime:0.000649s ]
[2020-11-18T23:12:47+08:00][sql] SHOW FULL COLUMNS FROM `yh_business` [ RunTime:0.001725s ]
[2020-11-18T23:12:47+08:00][sql] SELECT * FROM `yh_business` WHERE  `id` = 7 LIMIT 1 [ RunTime:0.000601s ]
[2020-11-18T23:12:47+08:00][sql] SHOW FULL COLUMNS FROM `yh_webpz` [ RunTime:0.002372s ]
[2020-11-18T23:12:47+08:00][sql] SELECT * FROM `yh_webpz` WHERE  `id` = 1 LIMIT 1 [ RunTime:0.000762s ]
[2020-11-18T23:12:47+08:00][sql] SHOW FULL COLUMNS FROM `yh_record` [ RunTime:0.002423s ]
[2020-11-18T23:12:47+08:00][sql] SELECT COUNT(*) AS think_count FROM `yh_record` WHERE  `uid` = 731721 [ RunTime:0.004460s ]
[2020-11-18T23:12:47+08:00][sql] SELECT * FROM `yh_record` WHERE  `uid` = 731721 ORDER BY `id` DESC LIMIT 90,10 [ RunTime:0.007171s ]
[2020-11-18T23:12:50+08:00][sql] CONNECT:[ UseTime:0.000975s ] mysql:host=127.0.0.1;port=3306;dbname=jifei_ymcx_shop;charset=utf8
[2020-11-18T23:12:50+08:00][sql] SHOW FULL COLUMNS FROM `yh_user` [ RunTime:0.002017s ]
[2020-11-18T23:12:50+08:00][sql] SELECT * FROM `yh_user` WHERE  `id` = 7 LIMIT 1 [ RunTime:0.003003s ]
[2020-11-18T23:12:50+08:00][sql] SHOW FULL COLUMNS FROM `yh_business` [ RunTime:0.002088s ]
[2020-11-18T23:12:50+08:00][sql] SELECT * FROM `yh_business` WHERE  `id` = 7 LIMIT 1 [ RunTime:0.000570s ]
[2020-11-18T23:12:50+08:00][sql] SHOW FULL COLUMNS FROM `yh_webpz` [ RunTime:0.005372s ]
[2020-11-18T23:12:50+08:00][sql] SELECT * FROM `yh_webpz` WHERE  `id` = 1 LIMIT 1 [ RunTime:0.000761s ]
[2020-11-18T23:12:50+08:00][sql] SHOW FULL COLUMNS FROM `yh_record` [ RunTime:0.002656s ]
[2020-11-18T23:12:50+08:00][sql] SELECT COUNT(*) AS think_count FROM `yh_record` WHERE  `uid` = 731721 [ RunTime:0.001227s ]
[2020-11-18T23:12:50+08:00][sql] SELECT * FROM `yh_record` WHERE  `uid` = 731721 ORDER BY `id` DESC LIMIT 100,10 [ RunTime:0.005512s ]
[2020-11-18T23:20:53+08:00][sql] CONNECT:[ UseTime:0.001458s ] mysql:host=127.0.0.1;port=3306;dbname=jifei_ymcx_shop;charset=utf8
[2020-11-18T23:20:53+08:00][sql] SHOW FULL COLUMNS FROM `yh_user` [ RunTime:0.003300s ]
[2020-11-18T23:20:53+08:00][sql] SELECT * FROM `yh_user` WHERE  `id` = 7 LIMIT 1 [ RunTime:0.000804s ]
[2020-11-18T23:20:53+08:00][sql] SHOW FULL COLUMNS FROM `yh_business` [ RunTime:0.001624s ]
[2020-11-18T23:20:53+08:00][sql] SELECT * FROM `yh_business` WHERE  `id` = 7 LIMIT 1 [ RunTime:0.000657s ]
[2020-11-18T23:20:53+08:00][sql] SHOW FULL COLUMNS FROM `yh_webpz` [ RunTime:0.001616s ]
[2020-11-18T23:20:53+08:00][sql] SELECT * FROM `yh_webpz` WHERE  `id` = 1 LIMIT 1 [ RunTime:0.000833s ]
[2020-11-18T23:20:53+08:00][sql] SHOW FULL COLUMNS FROM `yh_record` [ RunTime:0.001954s ]
[2020-11-18T23:20:53+08:00][sql] SELECT COUNT(*) AS think_count FROM `yh_record` WHERE  `uid` = 731721 [ RunTime:0.006562s ]
[2020-11-18T23:20:53+08:00][sql] SELECT * FROM `yh_record` WHERE  `uid` = 731721 ORDER BY `id` DESC LIMIT 100,10 [ RunTime:0.005333s ]
