[2020-11-21T00:01:44+08:00][sql] CONNECT:[ UseTime:0.001193s ] mysql:host=127.0.0.1;port=3306;dbname=jifei_ymcx_shop;charset=utf8
[2020-11-21T00:01:44+08:00][sql] SHOW FULL COLUMNS FROM `yh_webpz` [ RunTime:0.002658s ]
[2020-11-21T00:01:44+08:00][sql] SELECT * FROM `yh_webpz` WHERE  `id` = 1 LIMIT 1 [ RunTime:0.000794s ]
[2020-11-21T00:02:06+08:00][sql] CONNECT:[ UseTime:0.001877s ] mysql:host=127.0.0.1;port=3306;dbname=jifei_ymcx_shop;charset=utf8
[2020-11-21T00:02:06+08:00][sql] SHOW FULL COLUMNS FROM `yh_webpz` [ RunTime:0.002611s ]
[2020-11-21T00:02:06+08:00][sql] SELECT * FROM `yh_webpz` WHERE  `id` = 1 LIMIT 1 [ RunTime:0.000688s ]
[2020-11-21T00:02:06+08:00][sql] SHOW FULL COLUMNS FROM `yh_user` [ RunTime:0.002316s ]
[2020-11-21T00:02:06+08:00][sql] SELECT * FROM `yh_user` WHERE  `username` = 'ruifengwl' LIMIT 1 [ RunTime:0.001128s ]
[2020-11-21T00:02:06+08:00][sql] SELECT * FROM `yh_user` WHERE  `email` = '52422879@qq.com' LIMIT 1 [ RunTime:0.000824s ]
[2020-11-21T00:02:06+08:00][sql] SHOW FULL COLUMNS FROM `yh_verification` [ RunTime:0.002081s ]
[2020-11-21T00:02:06+08:00][sql] SELECT `id` FROM `yh_verification` WHERE  `email` = '52422879@qq.com' LIMIT 1 [ RunTime:0.000686s ]
[2020-11-21T00:02:06+08:00][sql] INSERT INTO `yh_verification` SET `code` = 'deioswDLOWZ01569' , `email` = '52422879@qq.com' , `intime` = 1605888425 [ RunTime:0.000762s ]
[2020-11-21T00:02:06+08:00][sql] SELECT * FROM `yh_webpz` WHERE  `id` = 1 LIMIT 1 [ RunTime:0.000715s ]
[2020-11-21T00:02:06+08:00][sql] CONNECT:[ UseTime:0.000965s ] mysql:host=127.0.0.1;port=3306;dbname=jifei_ymcx_shop;charset=utf8
[2020-11-21T00:02:06+08:00][sql] SHOW FULL COLUMNS FROM `yh_webpz` [ RunTime:0.002471s ]
[2020-11-21T00:02:06+08:00][sql] SELECT * FROM `yh_webpz` WHERE  `id` = 1 LIMIT 1 [ RunTime:0.000629s ]
[2020-11-21T00:02:17+08:00][sql] CONNECT:[ UseTime:0.004901s ] mysql:host=127.0.0.1;port=3306;dbname=jifei_ymcx_shop;charset=utf8
[2020-11-21T00:02:17+08:00][sql] SHOW FULL COLUMNS FROM `yh_webpz` [ RunTime:0.006455s ]
[2020-11-21T00:02:17+08:00][sql] SELECT * FROM `yh_webpz` WHERE  `id` = 1 LIMIT 1 [ RunTime:0.003931s ]
[2020-11-21T00:02:17+08:00][sql] SHOW FULL COLUMNS FROM `yh_verification` [ RunTime:0.004386s ]
[2020-11-21T00:02:17+08:00][sql] SELECT * FROM `yh_verification` WHERE  `code` = 'deioswDLOWZ01569' LIMIT 1 [ RunTime:0.000914s ]
[2020-11-21T00:02:17+08:00][sql] SHOW FULL COLUMNS FROM `yh_user` [ RunTime:0.001720s ]
[2020-11-21T00:02:17+08:00][sql] INSERT INTO `yh_user` SET `username` = 'ruifengwl' , `password` = '6c4cd92d75c0d5472df085185e40126b' , `email` = '52422879@qq.com' , `qq` = '52422879' , `balance` = 0 , `intime` = 1605888125 , `status` = 1 [ RunTime:0.003938s ]
[2020-11-21T00:02:17+08:00][sql] SHOW FULL COLUMNS FROM `yh_information` [ RunTime:0.015868s ]
[2020-11-21T00:02:17+08:00][sql] SELECT `give` FROM `yh_information` WHERE  `id` = 1 LIMIT 1 [ RunTime:0.000699s ]
[2020-11-21T00:02:17+08:00][sql] SHOW FULL COLUMNS FROM `yh_business` [ RunTime:0.001985s ]
[2020-11-21T00:02:17+08:00][sql] INSERT INTO `yh_business` SET `id` = 32 , `type` = 1 , `surplus` = 100 , `calltoday` = 0 , `limitnum` = 0 , `user_uid` = 3212096 , `user_key` = 'acdhkmrszACHPQUY05' [ RunTime:0.002958s ]
[2020-11-21T00:02:17+08:00][sql] CONNECT:[ UseTime:0.002009s ] mysql:host=127.0.0.1;port=3306;dbname=jifei_ymcx_shop;charset=utf8
[2020-11-21T00:02:17+08:00][sql] SHOW FULL COLUMNS FROM `yh_webpz` [ RunTime:0.002159s ]
[2020-11-21T00:02:17+08:00][sql] SELECT * FROM `yh_webpz` WHERE  `id` = 1 LIMIT 1 [ RunTime:0.000540s ]
[2020-11-21T00:02:31+08:00][sql] CONNECT:[ UseTime:0.004403s ] mysql:host=127.0.0.1;port=3306;dbname=jifei_ymcx_shop;charset=utf8
[2020-11-21T00:02:31+08:00][sql] SHOW FULL COLUMNS FROM `yh_webpz` [ RunTime:0.005666s ]
[2020-11-21T00:02:31+08:00][sql] SELECT * FROM `yh_webpz` WHERE  `id` = 1 LIMIT 1 [ RunTime:0.003062s ]
[2020-11-21T00:02:31+08:00][sql] SHOW FULL COLUMNS FROM `yh_user` [ RunTime:0.004692s ]
[2020-11-21T00:02:31+08:00][sql] SELECT * FROM `yh_user` WHERE  `username` = 'ruifengwl'  AND `password` = '6c4cd92d75c0d5472df085185e40126b' LIMIT 1 [ RunTime:0.001119s ]
[2020-11-21T00:02:31+08:00][sql] CONNECT:[ UseTime:0.000934s ] mysql:host=127.0.0.1;port=3306;dbname=jifei_ymcx_shop;charset=utf8
[2020-11-21T00:02:31+08:00][sql] SHOW FULL COLUMNS FROM `yh_user` [ RunTime:0.002130s ]
[2020-11-21T00:02:31+08:00][sql] SELECT * FROM `yh_user` WHERE  `id` = 32 LIMIT 1 [ RunTime:0.000496s ]
[2020-11-21T00:02:31+08:00][sql] SHOW FULL COLUMNS FROM `yh_business` [ RunTime:0.001430s ]
[2020-11-21T00:02:31+08:00][sql] SELECT * FROM `yh_business` WHERE  `id` = 32 LIMIT 1 [ RunTime:0.000404s ]
[2020-11-21T00:02:31+08:00][sql] SHOW FULL COLUMNS FROM `yh_webpz` [ RunTime:0.002867s ]
[2020-11-21T00:02:31+08:00][sql] SELECT * FROM `yh_webpz` WHERE  `id` = 1 LIMIT 1 [ RunTime:0.000833s ]
[2020-11-21T00:02:31+08:00][sql] SHOW FULL COLUMNS FROM `yh_record` [ RunTime:0.001547s ]
[2020-11-21T00:02:31+08:00][sql] SELECT COUNT(*) AS think_count FROM `yh_record` WHERE  `uid` = 3212096  AND `intime` > 1605888000 [ RunTime:0.001276s ]
[2020-11-21T00:02:31+08:00][sql] SHOW FULL COLUMNS FROM `yh_information` [ RunTime:0.001462s ]
[2020-11-21T00:02:31+08:00][sql] SELECT * FROM `yh_information` WHERE  `id` = 1 LIMIT 1 [ RunTime:0.000456s ]
[2020-11-21T00:02:47+08:00][sql] CONNECT:[ UseTime:0.001277s ] mysql:host=127.0.0.1;port=3306;dbname=jifei_ymcx_shop;charset=utf8
[2020-11-21T00:02:47+08:00][sql] SHOW FULL COLUMNS FROM `yh_user` [ RunTime:0.002052s ]
[2020-11-21T00:02:47+08:00][sql] SELECT * FROM `yh_user` WHERE  `id` = 32 LIMIT 1 [ RunTime:0.001042s ]
[2020-11-21T00:02:47+08:00][sql] SHOW FULL COLUMNS FROM `yh_business` [ RunTime:0.001271s ]
[2020-11-21T00:02:47+08:00][sql] SELECT * FROM `yh_business` WHERE  `id` = 32 LIMIT 1 [ RunTime:0.000566s ]
[2020-11-21T00:02:47+08:00][sql] SHOW FULL COLUMNS FROM `yh_webpz` [ RunTime:0.001792s ]
[2020-11-21T00:02:47+08:00][sql] SELECT * FROM `yh_webpz` WHERE  `id` = 1 LIMIT 1 [ RunTime:0.003573s ]
[2020-11-21T00:02:55+08:00][sql] CONNECT:[ UseTime:0.002438s ] mysql:host=127.0.0.1;port=3306;dbname=jifei_ymcx_shop;charset=utf8
[2020-11-21T00:02:55+08:00][sql] SHOW FULL COLUMNS FROM `yh_user` [ RunTime:0.003018s ]
[2020-11-21T00:02:55+08:00][sql] SELECT * FROM `yh_user` WHERE  `id` = 32 LIMIT 1 [ RunTime:0.001274s ]
[2020-11-21T00:02:55+08:00][sql] SHOW FULL COLUMNS FROM `yh_business` [ RunTime:0.008755s ]
[2020-11-21T00:02:55+08:00][sql] SELECT * FROM `yh_business` WHERE  `id` = 32 LIMIT 1 [ RunTime:0.001933s ]
[2020-11-21T00:02:55+08:00][sql] SHOW FULL COLUMNS FROM `yh_webpz` [ RunTime:0.004174s ]
[2020-11-21T00:02:55+08:00][sql] SELECT * FROM `yh_webpz` WHERE  `id` = 1 LIMIT 1 [ RunTime:0.001123s ]
[2020-11-21T00:02:57+08:00][sql] CONNECT:[ UseTime:0.004592s ] mysql:host=127.0.0.1;port=3306;dbname=jifei_ymcx_shop;charset=utf8
[2020-11-21T00:02:57+08:00][sql] SHOW FULL COLUMNS FROM `yh_user` [ RunTime:0.002159s ]
[2020-11-21T00:02:57+08:00][sql] SELECT * FROM `yh_user` WHERE  `id` = 32 LIMIT 1 [ RunTime:0.000582s ]
[2020-11-21T00:02:57+08:00][sql] SHOW FULL COLUMNS FROM `yh_business` [ RunTime:0.001600s ]
[2020-11-21T00:02:57+08:00][sql] SELECT * FROM `yh_business` WHERE  `id` = 32 LIMIT 1 [ RunTime:0.000546s ]
[2020-11-21T00:02:57+08:00][sql] SHOW FULL COLUMNS FROM `yh_webpz` [ RunTime:0.001645s ]
[2020-11-21T00:02:57+08:00][sql] SELECT * FROM `yh_webpz` WHERE  `id` = 1 LIMIT 1 [ RunTime:0.004240s ]
[2020-11-21T00:02:57+08:00][sql] SHOW FULL COLUMNS FROM `yh_meal` [ RunTime:0.005526s ]
[2020-11-21T00:02:57+08:00][sql] SELECT * FROM `yh_meal` WHERE  `status` = 1  AND `type` = 1 ORDER BY `id` ASC [ RunTime:0.003126s ]
[2020-11-21T00:03:23+08:00][sql] CONNECT:[ UseTime:0.001324s ] mysql:host=127.0.0.1;port=3306;dbname=jifei_ymcx_shop;charset=utf8
[2020-11-21T00:03:23+08:00][sql] SHOW FULL COLUMNS FROM `yh_user` [ RunTime:0.002457s ]
[2020-11-21T00:03:23+08:00][sql] SELECT * FROM `yh_user` WHERE  `id` = 32 LIMIT 1 [ RunTime:0.000764s ]
[2020-11-21T00:03:23+08:00][sql] SHOW FULL COLUMNS FROM `yh_business` [ RunTime:0.001827s ]
[2020-11-21T00:03:23+08:00][sql] SELECT * FROM `yh_business` WHERE  `id` = 32 LIMIT 1 [ RunTime:0.000585s ]
[2020-11-21T00:03:23+08:00][sql] SHOW FULL COLUMNS FROM `yh_webpz` [ RunTime:0.001951s ]
[2020-11-21T00:03:23+08:00][sql] SELECT * FROM `yh_webpz` WHERE  `id` = 1 LIMIT 1 [ RunTime:0.001162s ]
[2020-11-21T00:03:43+08:00][sql] CONNECT:[ UseTime:0.001237s ] mysql:host=127.0.0.1;port=3306;dbname=jifei_ymcx_shop;charset=utf8
[2020-11-21T00:03:43+08:00][sql] SHOW FULL COLUMNS FROM `yh_user` [ RunTime:0.002626s ]
[2020-11-21T00:03:43+08:00][sql] SELECT * FROM `yh_user` WHERE  `id` = 32 LIMIT 1 [ RunTime:0.000691s ]
[2020-11-21T00:03:43+08:00][sql] SHOW FULL COLUMNS FROM `yh_business` [ RunTime:0.001646s ]
[2020-11-21T00:03:43+08:00][sql] SELECT * FROM `yh_business` WHERE  `id` = 32 LIMIT 1 [ RunTime:0.000485s ]
[2020-11-21T00:03:43+08:00][sql] SHOW FULL COLUMNS FROM `yh_webpz` [ RunTime:0.001848s ]
[2020-11-21T00:03:43+08:00][sql] SELECT * FROM `yh_webpz` WHERE  `id` = 1 LIMIT 1 [ RunTime:0.000648s ]
[2020-11-21T00:04:05+08:00][sql] CONNECT:[ UseTime:0.002931s ] mysql:host=127.0.0.1;port=3306;dbname=jifei_ymcx_shop;charset=utf8
[2020-11-21T00:04:05+08:00][sql] SHOW FULL COLUMNS FROM `yh_user` [ RunTime:0.004209s ]
[2020-11-21T00:04:05+08:00][sql] SELECT * FROM `yh_user` WHERE  `id` = 32 LIMIT 1 [ RunTime:0.000698s ]
[2020-11-21T00:04:05+08:00][sql] SHOW FULL COLUMNS FROM `yh_business` [ RunTime:0.002155s ]
[2020-11-21T00:04:05+08:00][sql] SELECT * FROM `yh_business` WHERE  `id` = 32 LIMIT 1 [ RunTime:0.000563s ]
[2020-11-21T00:04:05+08:00][sql] SHOW FULL COLUMNS FROM `yh_webpz` [ RunTime:0.009377s ]
[2020-11-21T00:04:05+08:00][sql] SELECT * FROM `yh_webpz` WHERE  `id` = 1 LIMIT 1 [ RunTime:0.001138s ]
[2020-11-21T00:04:08+08:00][sql] CONNECT:[ UseTime:0.001774s ] mysql:host=127.0.0.1;port=3306;dbname=jifei_ymcx_shop;charset=utf8
[2020-11-21T00:04:08+08:00][sql] SHOW FULL COLUMNS FROM `yh_user` [ RunTime:0.002378s ]
[2020-11-21T00:04:08+08:00][sql] SELECT * FROM `yh_user` WHERE  `id` = 32 LIMIT 1 [ RunTime:0.000619s ]
[2020-11-21T00:04:08+08:00][sql] SHOW FULL COLUMNS FROM `yh_business` [ RunTime:0.001747s ]
[2020-11-21T00:04:08+08:00][sql] SELECT * FROM `yh_business` WHERE  `id` = 32 LIMIT 1 [ RunTime:0.012531s ]
[2020-11-21T00:04:08+08:00][sql] SHOW FULL COLUMNS FROM `yh_webpz` [ RunTime:0.002542s ]
[2020-11-21T00:04:08+08:00][sql] SELECT * FROM `yh_webpz` WHERE  `id` = 1 LIMIT 1 [ RunTime:0.000609s ]
[2020-11-21T00:04:08+08:00][sql] SHOW FULL COLUMNS FROM `yh_record` [ RunTime:0.001836s ]
[2020-11-21T00:04:08+08:00][sql] SELECT COUNT(*) AS think_count FROM `yh_record` WHERE  `uid` = 3212096 [ RunTime:0.001463s ]
[2020-11-21T00:04:08+08:00][sql] SELECT * FROM `yh_record` WHERE  `uid` = 3212096 ORDER BY `id` DESC LIMIT 0,10 [ RunTime:0.005260s ]
[2020-11-21T00:04:11+08:00][sql] CONNECT:[ UseTime:0.003541s ] mysql:host=127.0.0.1;port=3306;dbname=jifei_ymcx_shop;charset=utf8
[2020-11-21T00:04:11+08:00][sql] SHOW FULL COLUMNS FROM `yh_user` [ RunTime:0.005818s ]
[2020-11-21T00:04:11+08:00][sql] SELECT * FROM `yh_user` WHERE  `id` = 32 LIMIT 1 [ RunTime:0.001677s ]
[2020-11-21T00:04:11+08:00][sql] SHOW FULL COLUMNS FROM `yh_business` [ RunTime:0.001854s ]
[2020-11-21T00:04:11+08:00][sql] SELECT * FROM `yh_business` WHERE  `id` = 32 LIMIT 1 [ RunTime:0.002863s ]
[2020-11-21T00:04:11+08:00][sql] SHOW FULL COLUMNS FROM `yh_webpz` [ RunTime:0.003416s ]
[2020-11-21T00:04:11+08:00][sql] SELECT * FROM `yh_webpz` WHERE  `id` = 1 LIMIT 1 [ RunTime:0.002217s ]
[2020-11-21T00:04:19+08:00][sql] CONNECT:[ UseTime:0.003867s ] mysql:host=127.0.0.1;port=3306;dbname=jifei_ymcx_shop;charset=utf8
[2020-11-21T00:04:19+08:00][sql] SHOW FULL COLUMNS FROM `yh_user` [ RunTime:0.005777s ]
[2020-11-21T00:04:19+08:00][sql] SELECT * FROM `yh_user` WHERE  `id` = 32 LIMIT 1 [ RunTime:0.005597s ]
[2020-11-21T00:04:19+08:00][sql] SHOW FULL COLUMNS FROM `yh_business` [ RunTime:0.002099s ]
[2020-11-21T00:04:19+08:00][sql] SELECT * FROM `yh_business` WHERE  `id` = 32 LIMIT 1 [ RunTime:0.000554s ]
[2020-11-21T00:04:19+08:00][sql] SHOW FULL COLUMNS FROM `yh_webpz` [ RunTime:0.002080s ]
[2020-11-21T00:04:19+08:00][sql] SELECT * FROM `yh_webpz` WHERE  `id` = 1 LIMIT 1 [ RunTime:0.000620s ]
[2020-11-21T00:04:34+08:00][sql] CONNECT:[ UseTime:0.015180s ] mysql:host=127.0.0.1;port=3306;dbname=jifei_ymcx_shop;charset=utf8
[2020-11-21T00:04:34+08:00][sql] SHOW FULL COLUMNS FROM `yh_user` [ RunTime:0.002577s ]
[2020-11-21T00:04:34+08:00][sql] SELECT * FROM `yh_user` WHERE  `id` = 32 LIMIT 1 [ RunTime:0.001055s ]
[2020-11-21T00:04:34+08:00][sql] SHOW FULL COLUMNS FROM `yh_business` [ RunTime:0.003821s ]
[2020-11-21T00:04:34+08:00][sql] SELECT * FROM `yh_business` WHERE  `id` = 32 LIMIT 1 [ RunTime:0.000654s ]
[2020-11-21T00:04:34+08:00][sql] SHOW FULL COLUMNS FROM `yh_webpz` [ RunTime:0.001862s ]
[2020-11-21T00:04:34+08:00][sql] SELECT * FROM `yh_webpz` WHERE  `id` = 1 LIMIT 1 [ RunTime:0.000521s ]
[2020-11-21T00:04:56+08:00][sql] CONNECT:[ UseTime:0.001130s ] mysql:host=127.0.0.1;port=3306;dbname=jifei_ymcx_shop;charset=utf8
[2020-11-21T00:04:56+08:00][sql] SHOW FULL COLUMNS FROM `yh_user` [ RunTime:0.002335s ]
[2020-11-21T00:04:56+08:00][sql] SELECT * FROM `yh_user` WHERE  `id` = 32 LIMIT 1 [ RunTime:0.000994s ]
[2020-11-21T00:04:56+08:00][sql] SHOW FULL COLUMNS FROM `yh_business` [ RunTime:0.003873s ]
[2020-11-21T00:04:56+08:00][sql] SELECT * FROM `yh_business` WHERE  `id` = 32 LIMIT 1 [ RunTime:0.000800s ]
[2020-11-21T00:04:56+08:00][sql] SHOW FULL COLUMNS FROM `yh_webpz` [ RunTime:0.003306s ]
[2020-11-21T00:04:56+08:00][sql] SELECT * FROM `yh_webpz` WHERE  `id` = 1 LIMIT 1 [ RunTime:0.001033s ]
[2020-11-21T00:04:56+08:00][sql] SHOW FULL COLUMNS FROM `yh_record` [ RunTime:0.002504s ]
[2020-11-21T00:04:56+08:00][sql] SELECT COUNT(*) AS think_count FROM `yh_record` WHERE  `uid` = 3212096  AND `intime` > 1605888000 [ RunTime:0.001588s ]
[2020-11-21T00:04:56+08:00][sql] SHOW FULL COLUMNS FROM `yh_information` [ RunTime:0.004860s ]
[2020-11-21T00:04:56+08:00][sql] SELECT * FROM `yh_information` WHERE  `id` = 1 LIMIT 1 [ RunTime:0.000792s ]
[2020-11-21T00:05:18+08:00][sql] CONNECT:[ UseTime:0.003003s ] mysql:host=127.0.0.1;port=3306;dbname=jifei_ymcx_shop;charset=utf8
[2020-11-21T00:05:18+08:00][sql] SHOW FULL COLUMNS FROM `yh_user` [ RunTime:0.004392s ]
[2020-11-21T00:05:18+08:00][sql] SELECT * FROM `yh_user` WHERE  `id` = 32 LIMIT 1 [ RunTime:0.000922s ]
[2020-11-21T00:05:18+08:00][sql] SHOW FULL COLUMNS FROM `yh_business` [ RunTime:0.001980s ]
[2020-11-21T00:05:18+08:00][sql] SELECT * FROM `yh_business` WHERE  `id` = 32 LIMIT 1 [ RunTime:0.000763s ]
[2020-11-21T00:05:18+08:00][sql] SHOW FULL COLUMNS FROM `yh_webpz` [ RunTime:0.002105s ]
[2020-11-21T00:05:18+08:00][sql] SELECT * FROM `yh_webpz` WHERE  `id` = 1 LIMIT 1 [ RunTime:0.000959s ]
[2020-11-21T00:05:18+08:00][sql] SHOW FULL COLUMNS FROM `yh_record` [ RunTime:0.002885s ]
[2020-11-21T00:05:18+08:00][sql] SELECT COUNT(*) AS think_count FROM `yh_record` WHERE  `uid` = 3212096  AND `intime` > 1605888000 [ RunTime:0.002838s ]
[2020-11-21T00:05:18+08:00][sql] SHOW FULL COLUMNS FROM `yh_information` [ RunTime:0.001878s ]
[2020-11-21T00:05:18+08:00][sql] SELECT * FROM `yh_information` WHERE  `id` = 1 LIMIT 1 [ RunTime:0.000708s ]
[2020-11-21T00:13:45+08:00][sql] CONNECT:[ UseTime:0.001364s ] mysql:host=127.0.0.1;port=3306;dbname=jifei_ymcx_shop;charset=utf8
[2020-11-21T00:13:45+08:00][sql] SHOW FULL COLUMNS FROM `yh_webpz` [ RunTime:0.003771s ]
[2020-11-21T00:13:45+08:00][sql] SELECT * FROM `yh_webpz` WHERE  `id` = 1 LIMIT 1 [ RunTime:0.000952s ]
[2020-11-21T00:13:45+08:00][sql] SHOW FULL COLUMNS FROM `yh_verification` [ RunTime:0.002187s ]
[2020-11-21T00:13:45+08:00][sql] SELECT * FROM `yh_verification` WHERE  `code` = 'deioswdlowz01569' LIMIT 1 [ RunTime:0.001262s ]
[2020-11-21T01:46:18+08:00][sql] CONNECT:[ UseTime:0.001015s ] mysql:host=127.0.0.1;port=3306;dbname=jifei_ymcx_shop;charset=utf8
[2020-11-21T01:46:18+08:00][sql] SHOW FULL COLUMNS FROM `yh_webpz` [ RunTime:0.004899s ]
[2020-11-21T01:46:18+08:00][sql] SELECT * FROM `yh_webpz` WHERE  `id` = 1 LIMIT 1 [ RunTime:0.000963s ]
[2020-11-21T01:46:22+08:00][sql] CONNECT:[ UseTime:0.003332s ] mysql:host=127.0.0.1;port=3306;dbname=jifei_ymcx_shop;charset=utf8
[2020-11-21T01:46:22+08:00][sql] SHOW FULL COLUMNS FROM `yh_webpz` [ RunTime:0.016319s ]
[2020-11-21T01:46:22+08:00][sql] SELECT * FROM `yh_webpz` WHERE  `id` = 1 LIMIT 1 [ RunTime:0.000777s ]
[2020-11-21T01:46:22+08:00][sql] SHOW FULL COLUMNS FROM `yh_user` [ RunTime:0.002076s ]
[2020-11-21T01:46:22+08:00][sql] SELECT * FROM `yh_user` WHERE  `username` = '725446680'  AND `password` = 'e10adc3949ba59abbe56e057f20f883e' LIMIT 1 [ RunTime:0.002431s ]
[2020-11-21T01:46:22+08:00][sql] CONNECT:[ UseTime:0.002567s ] mysql:host=127.0.0.1;port=3306;dbname=jifei_ymcx_shop;charset=utf8
[2020-11-21T01:46:22+08:00][sql] SHOW FULL COLUMNS FROM `yh_webpz` [ RunTime:0.006114s ]
[2020-11-21T01:46:22+08:00][sql] SELECT * FROM `yh_webpz` WHERE  `id` = 1 LIMIT 1 [ RunTime:0.012654s ]
[2020-11-21T01:46:24+08:00][sql] CONNECT:[ UseTime:0.004186s ] mysql:host=127.0.0.1;port=3306;dbname=jifei_ymcx_shop;charset=utf8
[2020-11-21T01:46:24+08:00][sql] SHOW FULL COLUMNS FROM `yh_webpz` [ RunTime:0.002085s ]
[2020-11-21T01:46:24+08:00][sql] SELECT * FROM `yh_webpz` WHERE  `id` = 1 LIMIT 1 [ RunTime:0.000654s ]
[2020-11-21T01:46:31+08:00][sql] CONNECT:[ UseTime:0.003894s ] mysql:host=127.0.0.1;port=3306;dbname=jifei_ymcx_shop;charset=utf8
[2020-11-21T01:46:31+08:00][sql] SHOW FULL COLUMNS FROM `yh_webpz` [ RunTime:0.004706s ]
[2020-11-21T01:46:31+08:00][sql] SELECT * FROM `yh_webpz` WHERE  `id` = 1 LIMIT 1 [ RunTime:0.004996s ]
[2020-11-21T01:46:31+08:00][sql] SHOW FULL COLUMNS FROM `yh_user` [ RunTime:0.003088s ]
[2020-11-21T01:46:31+08:00][sql] SELECT * FROM `yh_user` WHERE  `username` = '725446680' LIMIT 1 [ RunTime:0.001558s ]
[2020-11-21T01:46:31+08:00][sql] SELECT * FROM `yh_user` WHERE  `email` = '123456@qq.com' LIMIT 1 [ RunTime:0.001498s ]
[2020-11-21T01:46:31+08:00][sql] SHOW FULL COLUMNS FROM `yh_verification` [ RunTime:0.002806s ]
[2020-11-21T01:46:31+08:00][sql] SELECT `id` FROM `yh_verification` WHERE  `email` = '123456@qq.com' LIMIT 1 [ RunTime:0.000739s ]
[2020-11-21T01:46:31+08:00][sql] UPDATE `yh_verification`  SET `code` = 'fghlmsILMORY0268' , `email` = '123456@qq.com' , `intime` = 1605894690  WHERE  `id` = 19 [ RunTime:0.001796s ]
[2020-11-21T01:46:31+08:00][sql] SELECT * FROM `yh_webpz` WHERE  `id` = 1 LIMIT 1 [ RunTime:0.001807s ]
[2020-11-21T01:46:32+08:00][sql] CONNECT:[ UseTime:0.001077s ] mysql:host=127.0.0.1;port=3306;dbname=jifei_ymcx_shop;charset=utf8
[2020-11-21T01:46:32+08:00][sql] SHOW FULL COLUMNS FROM `yh_webpz` [ RunTime:0.005683s ]
[2020-11-21T01:46:32+08:00][sql] SELECT * FROM `yh_webpz` WHERE  `id` = 1 LIMIT 1 [ RunTime:0.000870s ]
[2020-11-21T01:46:36+08:00][sql] CONNECT:[ UseTime:0.001287s ] mysql:host=127.0.0.1;port=3306;dbname=jifei_ymcx_shop;charset=utf8
[2020-11-21T01:46:36+08:00][sql] SHOW FULL COLUMNS FROM `yh_webpz` [ RunTime:0.005638s ]
[2020-11-21T01:46:36+08:00][sql] SELECT * FROM `yh_webpz` WHERE  `id` = 1 LIMIT 1 [ RunTime:0.001255s ]
[2020-11-21T01:46:44+08:00][sql] CONNECT:[ UseTime:0.001234s ] mysql:host=127.0.0.1;port=3306;dbname=jifei_ymcx_shop;charset=utf8
[2020-11-21T01:46:44+08:00][sql] SHOW FULL COLUMNS FROM `yh_webpz` [ RunTime:0.002044s ]
[2020-11-21T01:46:44+08:00][sql] SELECT * FROM `yh_webpz` WHERE  `id` = 1 LIMIT 1 [ RunTime:0.000781s ]
[2020-11-21T01:46:44+08:00][sql] SHOW FULL COLUMNS FROM `yh_user` [ RunTime:0.002071s ]
[2020-11-21T01:46:44+08:00][sql] SELECT * FROM `yh_user` WHERE  `username` = '725446680' LIMIT 1 [ RunTime:0.000795s ]
[2020-11-21T01:46:44+08:00][sql] SELECT * FROM `yh_user` WHERE  `email` = '725446680@qq.com' LIMIT 1 [ RunTime:0.000490s ]
[2020-11-21T01:46:44+08:00][sql] SHOW FULL COLUMNS FROM `yh_verification` [ RunTime:0.001450s ]
[2020-11-21T01:46:44+08:00][sql] SELECT `id` FROM `yh_verification` WHERE  `email` = '725446680@qq.com' LIMIT 1 [ RunTime:0.000511s ]
[2020-11-21T01:46:44+08:00][sql] INSERT INTO `yh_verification` SET `code` = 'acekmorJKOPRU025' , `email` = '725446680@qq.com' , `intime` = 1605894703 [ RunTime:0.003607s ]
[2020-11-21T01:46:44+08:00][sql] SELECT * FROM `yh_webpz` WHERE  `id` = 1 LIMIT 1 [ RunTime:0.000572s ]
[2020-11-21T01:46:44+08:00][sql] CONNECT:[ UseTime:0.003955s ] mysql:host=127.0.0.1;port=3306;dbname=jifei_ymcx_shop;charset=utf8
[2020-11-21T01:46:44+08:00][sql] SHOW FULL COLUMNS FROM `yh_webpz` [ RunTime:0.006197s ]
[2020-11-21T01:46:44+08:00][sql] SELECT * FROM `yh_webpz` WHERE  `id` = 1 LIMIT 1 [ RunTime:0.004984s ]
[2020-11-21T01:47:13+08:00][sql] CONNECT:[ UseTime:0.001208s ] mysql:host=127.0.0.1;port=3306;dbname=jifei_ymcx_shop;charset=utf8
[2020-11-21T01:47:13+08:00][sql] SHOW FULL COLUMNS FROM `yh_webpz` [ RunTime:0.003465s ]
[2020-11-21T01:47:13+08:00][sql] SELECT * FROM `yh_webpz` WHERE  `id` = 1 LIMIT 1 [ RunTime:0.000852s ]
[2020-11-21T01:47:13+08:00][sql] SHOW FULL COLUMNS FROM `yh_verification` [ RunTime:0.002804s ]
[2020-11-21T01:47:13+08:00][sql] SELECT * FROM `yh_verification` WHERE  `code` = 'acekmorJKOPRU025' LIMIT 1 [ RunTime:0.000699s ]
[2020-11-21T01:47:13+08:00][sql] SHOW FULL COLUMNS FROM `yh_user` [ RunTime:0.002042s ]
[2020-11-21T01:47:13+08:00][sql] INSERT INTO `yh_user` SET `username` = '725446680' , `password` = 'e10adc3949ba59abbe56e057f20f883e' , `email` = '725446680@qq.com' , `qq` = '725446680' , `balance` = 0 , `intime` = 1605894403 , `status` = 1 [ RunTime:0.005127s ]
[2020-11-21T01:47:13+08:00][sql] SHOW FULL COLUMNS FROM `yh_information` [ RunTime:0.002174s ]
[2020-11-21T01:47:13+08:00][sql] SELECT `give` FROM `yh_information` WHERE  `id` = 1 LIMIT 1 [ RunTime:0.002257s ]
[2020-11-21T01:47:13+08:00][sql] SHOW FULL COLUMNS FROM `yh_business` [ RunTime:0.001919s ]
[2020-11-21T01:47:13+08:00][sql] INSERT INTO `yh_business` SET `id` = 33 , `type` = 1 , `surplus` = 100 , `calltoday` = 0 , `limitnum` = 0 , `user_uid` = 3360699 , `user_key` = 'cefghklxyzDJNPY349' [ RunTime:0.002963s ]
[2020-11-21T01:47:13+08:00][sql] CONNECT:[ UseTime:0.001235s ] mysql:host=127.0.0.1;port=3306;dbname=jifei_ymcx_shop;charset=utf8
[2020-11-21T01:47:13+08:00][sql] SHOW FULL COLUMNS FROM `yh_webpz` [ RunTime:0.002949s ]
[2020-11-21T01:47:13+08:00][sql] SELECT * FROM `yh_webpz` WHERE  `id` = 1 LIMIT 1 [ RunTime:0.001045s ]
[2020-11-21T01:47:20+08:00][sql] CONNECT:[ UseTime:0.002112s ] mysql:host=127.0.0.1;port=3306;dbname=jifei_ymcx_shop;charset=utf8
[2020-11-21T01:47:20+08:00][sql] SHOW FULL COLUMNS FROM `yh_webpz` [ RunTime:0.004612s ]
[2020-11-21T01:47:20+08:00][sql] SELECT * FROM `yh_webpz` WHERE  `id` = 1 LIMIT 1 [ RunTime:0.002331s ]
[2020-11-21T01:47:20+08:00][sql] SHOW FULL COLUMNS FROM `yh_user` [ RunTime:0.001992s ]
[2020-11-21T01:47:20+08:00][sql] SELECT * FROM `yh_user` WHERE  `username` = '725446680'  AND `password` = 'e10adc3949ba59abbe56e057f20f883e' LIMIT 1 [ RunTime:0.000602s ]
[2020-11-21T01:47:21+08:00][sql] CONNECT:[ UseTime:0.003682s ] mysql:host=127.0.0.1;port=3306;dbname=jifei_ymcx_shop;charset=utf8
[2020-11-21T01:47:21+08:00][sql] SHOW FULL COLUMNS FROM `yh_user` [ RunTime:0.006116s ]
[2020-11-21T01:47:21+08:00][sql] SELECT * FROM `yh_user` WHERE  `id` = 33 LIMIT 1 [ RunTime:0.005543s ]
[2020-11-21T01:47:21+08:00][sql] SHOW FULL COLUMNS FROM `yh_business` [ RunTime:0.002471s ]
[2020-11-21T01:47:21+08:00][sql] SELECT * FROM `yh_business` WHERE  `id` = 33 LIMIT 1 [ RunTime:0.001942s ]
[2020-11-21T01:47:21+08:00][sql] SHOW FULL COLUMNS FROM `yh_webpz` [ RunTime:0.001962s ]
[2020-11-21T01:47:21+08:00][sql] SELECT * FROM `yh_webpz` WHERE  `id` = 1 LIMIT 1 [ RunTime:0.000629s ]
[2020-11-21T01:47:21+08:00][sql] SHOW FULL COLUMNS FROM `yh_record` [ RunTime:0.002174s ]
[2020-11-21T01:47:21+08:00][sql] SELECT COUNT(*) AS think_count FROM `yh_record` WHERE  `uid` = 3360699  AND `intime` > 1605888000 [ RunTime:0.001585s ]
[2020-11-21T01:47:21+08:00][sql] SHOW FULL COLUMNS FROM `yh_information` [ RunTime:0.001762s ]
[2020-11-21T01:47:21+08:00][sql] SELECT * FROM `yh_information` WHERE  `id` = 1 LIMIT 1 [ RunTime:0.000580s ]
[2020-11-21T01:47:29+08:00][sql] CONNECT:[ UseTime:0.000940s ] mysql:host=127.0.0.1;port=3306;dbname=jifei_ymcx_shop;charset=utf8
[2020-11-21T01:47:29+08:00][sql] SHOW FULL COLUMNS FROM `yh_user` [ RunTime:0.003521s ]
[2020-11-21T01:47:29+08:00][sql] SELECT * FROM `yh_user` WHERE  `id` = 33 LIMIT 1 [ RunTime:0.000981s ]
[2020-11-21T01:47:29+08:00][sql] SHOW FULL COLUMNS FROM `yh_business` [ RunTime:0.002660s ]
[2020-11-21T01:47:29+08:00][sql] SELECT * FROM `yh_business` WHERE  `id` = 33 LIMIT 1 [ RunTime:0.000628s ]
[2020-11-21T01:47:29+08:00][sql] SHOW FULL COLUMNS FROM `yh_webpz` [ RunTime:0.001795s ]
[2020-11-21T01:47:29+08:00][sql] SELECT * FROM `yh_webpz` WHERE  `id` = 1 LIMIT 1 [ RunTime:0.000655s ]
[2020-11-21T01:51:23+08:00][sql] CONNECT:[ UseTime:0.001172s ] mysql:host=127.0.0.1;port=3306;dbname=jifei_ymcx_shop;charset=utf8
[2020-11-21T01:51:23+08:00][sql] SHOW FULL COLUMNS FROM `yh_user` [ RunTime:0.002789s ]
[2020-11-21T01:51:23+08:00][sql] SELECT * FROM `yh_user` WHERE  `id` = 33 LIMIT 1 [ RunTime:0.000693s ]
[2020-11-21T01:51:23+08:00][sql] SHOW FULL COLUMNS FROM `yh_business` [ RunTime:0.001728s ]
[2020-11-21T01:51:23+08:00][sql] SELECT * FROM `yh_business` WHERE  `id` = 33 LIMIT 1 [ RunTime:0.000448s ]
[2020-11-21T01:51:23+08:00][sql] SHOW FULL COLUMNS FROM `yh_webpz` [ RunTime:0.001588s ]
[2020-11-21T01:51:23+08:00][sql] SELECT * FROM `yh_webpz` WHERE  `id` = 1 LIMIT 1 [ RunTime:0.000587s ]
[2020-11-21T02:08:42+08:00][sql] CONNECT:[ UseTime:0.001110s ] mysql:host=127.0.0.1;port=3306;dbname=jifei_ymcx_shop;charset=utf8
[2020-11-21T02:08:42+08:00][sql] SHOW FULL COLUMNS FROM `yh_webpz` [ RunTime:0.002243s ]
[2020-11-21T02:08:42+08:00][sql] SELECT * FROM `yh_webpz` WHERE  `id` = 1 LIMIT 1 [ RunTime:0.000798s ]
[2020-11-21T10:44:08+08:00][sql] CONNECT:[ UseTime:0.001516s ] mysql:host=127.0.0.1;port=3306;dbname=jifei_ymcx_shop;charset=utf8
[2020-11-21T10:44:08+08:00][sql] SHOW FULL COLUMNS FROM `yh_webpz` [ RunTime:0.002406s ]
[2020-11-21T10:44:08+08:00][sql] SELECT * FROM `yh_webpz` WHERE  `id` = 1 LIMIT 1 [ RunTime:0.001266s ]
[2020-11-21T10:44:10+08:00][sql] CONNECT:[ UseTime:0.003857s ] mysql:host=127.0.0.1;port=3306;dbname=jifei_ymcx_shop;charset=utf8
[2020-11-21T10:44:10+08:00][sql] SHOW FULL COLUMNS FROM `yh_webpz` [ RunTime:0.008087s ]
[2020-11-21T10:44:10+08:00][sql] SELECT * FROM `yh_webpz` WHERE  `id` = 1 LIMIT 1 [ RunTime:0.005167s ]
[2020-11-21T10:44:10+08:00][sql] SHOW FULL COLUMNS FROM `yh_user` [ RunTime:0.001947s ]
[2020-11-21T10:44:10+08:00][sql] SELECT * FROM `yh_user` WHERE  `username` = '1468265150'  AND `password` = 'e69d33e9cf0fe774da9afcdc1b8f747c' LIMIT 1 [ RunTime:0.000952s ]
[2020-11-21T10:44:10+08:00][sql] CONNECT:[ UseTime:0.001712s ] mysql:host=127.0.0.1;port=3306;dbname=jifei_ymcx_shop;charset=utf8
[2020-11-21T10:44:10+08:00][sql] SHOW FULL COLUMNS FROM `yh_user` [ RunTime:0.003016s ]
[2020-11-21T10:44:10+08:00][sql] SELECT * FROM `yh_user` WHERE  `id` = 16 LIMIT 1 [ RunTime:0.000718s ]
[2020-11-21T10:44:10+08:00][sql] SHOW FULL COLUMNS FROM `yh_business` [ RunTime:0.002936s ]
[2020-11-21T10:44:10+08:00][sql] SELECT * FROM `yh_business` WHERE  `id` = 16 LIMIT 1 [ RunTime:0.000930s ]
[2020-11-21T10:44:10+08:00][sql] SHOW FULL COLUMNS FROM `yh_webpz` [ RunTime:0.002028s ]
[2020-11-21T10:44:10+08:00][sql] SELECT * FROM `yh_webpz` WHERE  `id` = 1 LIMIT 1 [ RunTime:0.001289s ]
[2020-11-21T10:44:10+08:00][sql] SHOW FULL COLUMNS FROM `yh_record` [ RunTime:0.003283s ]
[2020-11-21T10:44:10+08:00][sql] SELECT COUNT(*) AS think_count FROM `yh_record` WHERE  `uid` = 1616848  AND `intime` > 1605888000 [ RunTime:0.002595s ]
[2020-11-21T10:44:10+08:00][sql] SHOW FULL COLUMNS FROM `yh_information` [ RunTime:0.002144s ]
[2020-11-21T10:44:10+08:00][sql] SELECT * FROM `yh_information` WHERE  `id` = 1 LIMIT 1 [ RunTime:0.001594s ]
[2020-11-21T10:44:40+08:00][sql] CONNECT:[ UseTime:0.001238s ] mysql:host=127.0.0.1;port=3306;dbname=jifei_ymcx_shop;charset=utf8
[2020-11-21T10:44:40+08:00][sql] SHOW FULL COLUMNS FROM `yh_user` [ RunTime:0.002470s ]
[2020-11-21T10:44:40+08:00][sql] SELECT * FROM `yh_user` WHERE  `id` = 16 LIMIT 1 [ RunTime:0.000686s ]
[2020-11-21T10:44:40+08:00][sql] SHOW FULL COLUMNS FROM `yh_business` [ RunTime:0.002061s ]
[2020-11-21T10:44:40+08:00][sql] SELECT * FROM `yh_business` WHERE  `id` = 16 LIMIT 1 [ RunTime:0.000697s ]
[2020-11-21T10:44:40+08:00][sql] SHOW FULL COLUMNS FROM `yh_webpz` [ RunTime:0.004553s ]
[2020-11-21T10:44:40+08:00][sql] SELECT * FROM `yh_webpz` WHERE  `id` = 1 LIMIT 1 [ RunTime:0.004699s ]
[2020-11-21T10:44:44+08:00][sql] CONNECT:[ UseTime:0.003677s ] mysql:host=127.0.0.1;port=3306;dbname=jifei_ymcx_shop;charset=utf8
[2020-11-21T10:44:44+08:00][sql] SHOW FULL COLUMNS FROM `yh_user` [ RunTime:0.004148s ]
[2020-11-21T10:44:44+08:00][sql] SELECT * FROM `yh_user` WHERE  `id` = 16 LIMIT 1 [ RunTime:0.000825s ]
[2020-11-21T10:44:44+08:00][sql] SHOW FULL COLUMNS FROM `yh_business` [ RunTime:0.003581s ]
[2020-11-21T10:44:44+08:00][sql] SELECT * FROM `yh_business` WHERE  `id` = 16 LIMIT 1 [ RunTime:0.000670s ]
[2020-11-21T10:44:44+08:00][sql] SHOW FULL COLUMNS FROM `yh_webpz` [ RunTime:0.004625s ]
[2020-11-21T10:44:44+08:00][sql] SELECT * FROM `yh_webpz` WHERE  `id` = 1 LIMIT 1 [ RunTime:0.000689s ]
[2020-11-21T10:45:32+08:00][sql] CONNECT:[ UseTime:0.004851s ] mysql:host=127.0.0.1;port=3306;dbname=jifei_ymcx_shop;charset=utf8
[2020-11-21T10:45:32+08:00][sql] SHOW FULL COLUMNS FROM `yh_user` [ RunTime:0.006546s ]
[2020-11-21T10:45:32+08:00][sql] SELECT * FROM `yh_user` WHERE  `id` = 16 LIMIT 1 [ RunTime:0.004262s ]
[2020-11-21T10:45:32+08:00][sql] SHOW FULL COLUMNS FROM `yh_business` [ RunTime:0.002233s ]
[2020-11-21T10:45:32+08:00][sql] SELECT * FROM `yh_business` WHERE  `id` = 16 LIMIT 1 [ RunTime:0.000690s ]
[2020-11-21T10:45:32+08:00][sql] SHOW FULL COLUMNS FROM `yh_webpz` [ RunTime:0.002206s ]
[2020-11-21T10:45:32+08:00][sql] SELECT * FROM `yh_webpz` WHERE  `id` = 1 LIMIT 1 [ RunTime:0.000643s ]
[2020-11-21T10:45:32+08:00][sql] SHOW FULL COLUMNS FROM `yh_record` [ RunTime:0.001988s ]
[2020-11-21T10:45:32+08:00][sql] SELECT COUNT(*) AS think_count FROM `yh_record` WHERE  `uid` = 1616848  AND `intime` > 1605888000 [ RunTime:0.001449s ]
[2020-11-21T10:45:32+08:00][sql] SHOW FULL COLUMNS FROM `yh_information` [ RunTime:0.001736s ]
[2020-11-21T10:45:32+08:00][sql] SELECT * FROM `yh_information` WHERE  `id` = 1 LIMIT 1 [ RunTime:0.000497s ]
[2020-11-21T10:45:38+08:00][sql] CONNECT:[ UseTime:0.002948s ] mysql:host=127.0.0.1;port=3306;dbname=jifei_ymcx_shop;charset=utf8
[2020-11-21T10:45:38+08:00][sql] SHOW FULL COLUMNS FROM `yh_user` [ RunTime:0.006702s ]
[2020-11-21T10:45:38+08:00][sql] SELECT * FROM `yh_user` WHERE  `id` = 16 LIMIT 1 [ RunTime:0.000777s ]
[2020-11-21T10:45:38+08:00][sql] SHOW FULL COLUMNS FROM `yh_business` [ RunTime:0.003997s ]
[2020-11-21T10:45:38+08:00][sql] SELECT * FROM `yh_business` WHERE  `id` = 16 LIMIT 1 [ RunTime:0.000605s ]
[2020-11-21T10:45:38+08:00][sql] SHOW FULL COLUMNS FROM `yh_webpz` [ RunTime:0.001481s ]
[2020-11-21T10:45:38+08:00][sql] SELECT * FROM `yh_webpz` WHERE  `id` = 1 LIMIT 1 [ RunTime:0.000460s ]
[2020-11-21T15:00:57+08:00][sql] CONNECT:[ UseTime:0.000925s ] mysql:host=127.0.0.1;port=3306;dbname=jifei_ymcx_shop;charset=utf8
[2020-11-21T15:00:57+08:00][sql] SHOW FULL COLUMNS FROM `yh_webpz` [ RunTime:0.006460s ]
[2020-11-21T15:00:57+08:00][sql] SELECT * FROM `yh_webpz` WHERE  `id` = 1 LIMIT 1 [ RunTime:0.000860s ]
[2020-11-21T15:01:16+08:00][sql] CONNECT:[ UseTime:0.001741s ] mysql:host=127.0.0.1;port=3306;dbname=jifei_ymcx_shop;charset=utf8
[2020-11-21T15:01:16+08:00][sql] SHOW FULL COLUMNS FROM `yh_webpz` [ RunTime:0.002481s ]
[2020-11-21T15:01:16+08:00][sql] SELECT * FROM `yh_webpz` WHERE  `id` = 1 LIMIT 1 [ RunTime:0.000661s ]
[2020-11-21T15:01:16+08:00][sql] SHOW FULL COLUMNS FROM `yh_user` [ RunTime:0.002300s ]
[2020-11-21T15:01:16+08:00][sql] SELECT * FROM `yh_user` WHERE  `email` = '1451156939@qq.com'  AND `password` = 'c315437d6c58d5c71337b5cf1cbb65de' LIMIT 1 [ RunTime:0.000964s ]
[2020-11-21T15:01:16+08:00][sql] CONNECT:[ UseTime:0.001143s ] mysql:host=127.0.0.1;port=3306;dbname=jifei_ymcx_shop;charset=utf8
[2020-11-21T15:01:16+08:00][sql] SHOW FULL COLUMNS FROM `yh_user` [ RunTime:0.002302s ]
[2020-11-21T15:01:16+08:00][sql] SELECT * FROM `yh_user` WHERE  `id` = 11 LIMIT 1 [ RunTime:0.000793s ]
[2020-11-21T15:01:16+08:00][sql] SHOW FULL COLUMNS FROM `yh_business` [ RunTime:0.001715s ]
[2020-11-21T15:01:16+08:00][sql] SELECT * FROM `yh_business` WHERE  `id` = 11 LIMIT 1 [ RunTime:0.000784s ]
[2020-11-21T15:01:16+08:00][sql] SHOW FULL COLUMNS FROM `yh_webpz` [ RunTime:0.001611s ]
[2020-11-21T15:01:16+08:00][sql] SELECT * FROM `yh_webpz` WHERE  `id` = 1 LIMIT 1 [ RunTime:0.000710s ]
[2020-11-21T15:01:16+08:00][sql] SHOW FULL COLUMNS FROM `yh_record` [ RunTime:0.001843s ]
[2020-11-21T15:01:16+08:00][sql] SELECT COUNT(*) AS think_count FROM `yh_record` WHERE  `uid` = 1133433  AND `intime` > 1605888000 [ RunTime:0.001772s ]
[2020-11-21T15:01:16+08:00][sql] SHOW FULL COLUMNS FROM `yh_information` [ RunTime:0.001671s ]
[2020-11-21T15:01:16+08:00][sql] SELECT * FROM `yh_information` WHERE  `id` = 1 LIMIT 1 [ RunTime:0.000607s ]
[2020-11-21T15:01:22+08:00][sql] CONNECT:[ UseTime:0.001204s ] mysql:host=127.0.0.1;port=3306;dbname=jifei_ymcx_shop;charset=utf8
[2020-11-21T15:01:22+08:00][sql] SHOW FULL COLUMNS FROM `yh_user` [ RunTime:0.003913s ]
[2020-11-21T15:01:22+08:00][sql] SELECT * FROM `yh_user` WHERE  `id` = 11 LIMIT 1 [ RunTime:0.000736s ]
[2020-11-21T15:01:22+08:00][sql] SHOW FULL COLUMNS FROM `yh_business` [ RunTime:0.001818s ]
[2020-11-21T15:01:22+08:00][sql] SELECT * FROM `yh_business` WHERE  `id` = 11 LIMIT 1 [ RunTime:0.000905s ]
[2020-11-21T15:01:22+08:00][sql] SHOW FULL COLUMNS FROM `yh_webpz` [ RunTime:0.002086s ]
[2020-11-21T15:01:22+08:00][sql] SELECT * FROM `yh_webpz` WHERE  `id` = 1 LIMIT 1 [ RunTime:0.000606s ]
[2020-11-21T15:01:22+08:00][sql] SHOW FULL COLUMNS FROM `yh_record` [ RunTime:0.002820s ]
[2020-11-21T15:01:22+08:00][sql] SELECT COUNT(*) AS think_count FROM `yh_record` WHERE  `uid` = 1133433  AND `intime` > 1605888000 [ RunTime:0.001662s ]
[2020-11-21T15:01:22+08:00][sql] SHOW FULL COLUMNS FROM `yh_information` [ RunTime:0.001919s ]
[2020-11-21T15:01:22+08:00][sql] SELECT * FROM `yh_information` WHERE  `id` = 1 LIMIT 1 [ RunTime:0.000568s ]
[2020-11-21T15:01:27+08:00][sql] CONNECT:[ UseTime:0.001195s ] mysql:host=127.0.0.1;port=3306;dbname=jifei_ymcx_shop;charset=utf8
[2020-11-21T15:01:27+08:00][sql] SHOW FULL COLUMNS FROM `yh_user` [ RunTime:0.002509s ]
[2020-11-21T15:01:27+08:00][sql] SELECT * FROM `yh_user` WHERE  `id` = 11 LIMIT 1 [ RunTime:0.000669s ]
[2020-11-21T15:01:27+08:00][sql] SHOW FULL COLUMNS FROM `yh_business` [ RunTime:0.001894s ]
[2020-11-21T15:01:27+08:00][sql] SELECT * FROM `yh_business` WHERE  `id` = 11 LIMIT 1 [ RunTime:0.000568s ]
[2020-11-21T15:01:27+08:00][sql] SHOW FULL COLUMNS FROM `yh_webpz` [ RunTime:0.001997s ]
[2020-11-21T15:01:27+08:00][sql] SELECT * FROM `yh_webpz` WHERE  `id` = 1 LIMIT 1 [ RunTime:0.000567s ]
[2020-11-21T15:01:29+08:00][sql] CONNECT:[ UseTime:0.020111s ] mysql:host=127.0.0.1;port=3306;dbname=jifei_ymcx_shop;charset=utf8
[2020-11-21T15:01:29+08:00][sql] SHOW FULL COLUMNS FROM `yh_user` [ RunTime:0.007049s ]
[2020-11-21T15:01:29+08:00][sql] SELECT * FROM `yh_user` WHERE  `id` = 11 LIMIT 1 [ RunTime:0.000895s ]
[2020-11-21T15:01:29+08:00][sql] SHOW FULL COLUMNS FROM `yh_business` [ RunTime:0.002278s ]
[2020-11-21T15:01:29+08:00][sql] SELECT * FROM `yh_business` WHERE  `id` = 11 LIMIT 1 [ RunTime:0.000701s ]
[2020-11-21T15:01:29+08:00][sql] SHOW FULL COLUMNS FROM `yh_webpz` [ RunTime:0.002253s ]
[2020-11-21T15:01:29+08:00][sql] SELECT * FROM `yh_webpz` WHERE  `id` = 1 LIMIT 1 [ RunTime:0.001744s ]
[2020-11-21T15:01:30+08:00][sql] CONNECT:[ UseTime:0.001129s ] mysql:host=127.0.0.1;port=3306;dbname=jifei_ymcx_shop;charset=utf8
[2020-11-21T15:01:30+08:00][sql] SHOW FULL COLUMNS FROM `yh_user` [ RunTime:0.002875s ]
[2020-11-21T15:01:30+08:00][sql] SELECT * FROM `yh_user` WHERE  `id` = 11 LIMIT 1 [ RunTime:0.000676s ]
[2020-11-21T15:01:30+08:00][sql] SHOW FULL COLUMNS FROM `yh_business` [ RunTime:0.001875s ]
[2020-11-21T15:01:30+08:00][sql] SELECT * FROM `yh_business` WHERE  `id` = 11 LIMIT 1 [ RunTime:0.006264s ]
[2020-11-21T15:01:30+08:00][sql] SHOW FULL COLUMNS FROM `yh_webpz` [ RunTime:0.005582s ]
[2020-11-21T15:01:30+08:00][sql] SELECT * FROM `yh_webpz` WHERE  `id` = 1 LIMIT 1 [ RunTime:0.001030s ]
[2020-11-21T15:01:30+08:00][sql] SHOW FULL COLUMNS FROM `yh_meal` [ RunTime:0.002637s ]
[2020-11-21T15:01:30+08:00][sql] SELECT * FROM `yh_meal` WHERE  `status` = 1  AND `type` = 1 ORDER BY `id` ASC [ RunTime:0.004693s ]
[2020-11-21T15:01:32+08:00][sql] CONNECT:[ UseTime:0.001095s ] mysql:host=127.0.0.1;port=3306;dbname=jifei_ymcx_shop;charset=utf8
[2020-11-21T15:01:32+08:00][sql] SHOW FULL COLUMNS FROM `yh_user` [ RunTime:0.002121s ]
[2020-11-21T15:01:32+08:00][sql] SELECT * FROM `yh_user` WHERE  `id` = 11 LIMIT 1 [ RunTime:0.000563s ]
[2020-11-21T15:01:32+08:00][sql] SHOW FULL COLUMNS FROM `yh_business` [ RunTime:0.001538s ]
[2020-11-21T15:01:32+08:00][sql] SELECT * FROM `yh_business` WHERE  `id` = 11 LIMIT 1 [ RunTime:0.000562s ]
[2020-11-21T15:01:32+08:00][sql] SHOW FULL COLUMNS FROM `yh_webpz` [ RunTime:0.001596s ]
[2020-11-21T15:01:32+08:00][sql] SELECT * FROM `yh_webpz` WHERE  `id` = 1 LIMIT 1 [ RunTime:0.000609s ]
[2020-11-21T15:01:36+08:00][sql] CONNECT:[ UseTime:0.004250s ] mysql:host=127.0.0.1;port=3306;dbname=jifei_ymcx_shop;charset=utf8
[2020-11-21T15:01:36+08:00][sql] SHOW FULL COLUMNS FROM `yh_user` [ RunTime:0.006342s ]
[2020-11-21T15:01:36+08:00][sql] SELECT * FROM `yh_user` WHERE  `id` = 11 LIMIT 1 [ RunTime:0.003860s ]
[2020-11-21T15:01:36+08:00][sql] SHOW FULL COLUMNS FROM `yh_business` [ RunTime:0.003425s ]
[2020-11-21T15:01:36+08:00][sql] SELECT * FROM `yh_business` WHERE  `id` = 11 LIMIT 1 [ RunTime:0.001338s ]
[2020-11-21T15:01:36+08:00][sql] SHOW FULL COLUMNS FROM `yh_webpz` [ RunTime:0.002522s ]
[2020-11-21T15:01:36+08:00][sql] SELECT * FROM `yh_webpz` WHERE  `id` = 1 LIMIT 1 [ RunTime:0.000762s ]
[2020-11-21T15:01:37+08:00][sql] CONNECT:[ UseTime:0.004712s ] mysql:host=127.0.0.1;port=3306;dbname=jifei_ymcx_shop;charset=utf8
[2020-11-21T15:01:37+08:00][sql] SHOW FULL COLUMNS FROM `yh_user` [ RunTime:0.006095s ]
[2020-11-21T15:01:37+08:00][sql] SELECT * FROM `yh_user` WHERE  `id` = 11 LIMIT 1 [ RunTime:0.006063s ]
[2020-11-21T15:01:37+08:00][sql] SHOW FULL COLUMNS FROM `yh_business` [ RunTime:0.004373s ]
[2020-11-21T15:01:37+08:00][sql] SELECT * FROM `yh_business` WHERE  `id` = 11 LIMIT 1 [ RunTime:0.002267s ]
[2020-11-21T15:01:37+08:00][sql] SHOW FULL COLUMNS FROM `yh_webpz` [ RunTime:0.001603s ]
[2020-11-21T15:01:37+08:00][sql] SELECT * FROM `yh_webpz` WHERE  `id` = 1 LIMIT 1 [ RunTime:0.000584s ]
[2020-11-21T15:03:09+08:00][sql] CONNECT:[ UseTime:0.002981s ] mysql:host=127.0.0.1;port=3306;dbname=jifei_ymcx_shop;charset=utf8
[2020-11-21T15:03:09+08:00][sql] SHOW FULL COLUMNS FROM `yh_user` [ RunTime:0.007714s ]
[2020-11-21T15:03:09+08:00][sql] SELECT * FROM `yh_user` WHERE  `id` = 11 LIMIT 1 [ RunTime:0.004715s ]
[2020-11-21T15:03:09+08:00][sql] SHOW FULL COLUMNS FROM `yh_business` [ RunTime:0.003188s ]
[2020-11-21T15:03:09+08:00][sql] SELECT * FROM `yh_business` WHERE  `id` = 11 LIMIT 1 [ RunTime:0.000626s ]
[2020-11-21T15:03:09+08:00][sql] SHOW FULL COLUMNS FROM `yh_webpz` [ RunTime:0.002593s ]
[2020-11-21T15:03:09+08:00][sql] SELECT * FROM `yh_webpz` WHERE  `id` = 1 LIMIT 1 [ RunTime:0.000703s ]
[2020-11-21T15:03:12+08:00][sql] CONNECT:[ UseTime:0.002912s ] mysql:host=127.0.0.1;port=3306;dbname=jifei_ymcx_shop;charset=utf8
[2020-11-21T15:03:12+08:00][sql] SHOW FULL COLUMNS FROM `yh_user` [ RunTime:0.002398s ]
[2020-11-21T15:03:12+08:00][sql] SELECT * FROM `yh_user` WHERE  `id` = 11 LIMIT 1 [ RunTime:0.000599s ]
[2020-11-21T15:03:12+08:00][sql] SHOW FULL COLUMNS FROM `yh_business` [ RunTime:0.001643s ]
[2020-11-21T15:03:12+08:00][sql] SELECT * FROM `yh_business` WHERE  `id` = 11 LIMIT 1 [ RunTime:0.000496s ]
[2020-11-21T15:03:12+08:00][sql] SHOW FULL COLUMNS FROM `yh_webpz` [ RunTime:0.005459s ]
[2020-11-21T15:03:12+08:00][sql] SELECT * FROM `yh_webpz` WHERE  `id` = 1 LIMIT 1 [ RunTime:0.000876s ]
[2020-11-21T15:12:10+08:00][sql] CONNECT:[ UseTime:0.001551s ] mysql:host=127.0.0.1;port=3306;dbname=jifei_ymcx_shop;charset=utf8
[2020-11-21T15:12:10+08:00][sql] SHOW FULL COLUMNS FROM `yh_user` [ RunTime:0.003170s ]
[2020-11-21T15:12:10+08:00][sql] SELECT * FROM `yh_user` WHERE  `id` = 11 LIMIT 1 [ RunTime:0.001066s ]
[2020-11-21T15:12:10+08:00][sql] SHOW FULL COLUMNS FROM `yh_business` [ RunTime:0.001957s ]
[2020-11-21T15:12:10+08:00][sql] SELECT * FROM `yh_business` WHERE  `id` = 11 LIMIT 1 [ RunTime:0.001013s ]
[2020-11-21T15:12:10+08:00][sql] SHOW FULL COLUMNS FROM `yh_webpz` [ RunTime:0.002384s ]
[2020-11-21T15:12:10+08:00][sql] SELECT * FROM `yh_webpz` WHERE  `id` = 1 LIMIT 1 [ RunTime:0.000762s ]
[2020-11-21T20:31:56+08:00][sql] CONNECT:[ UseTime:0.004051s ] mysql:host=127.0.0.1;port=3306;dbname=jifei_ymcx_shop;charset=utf8
[2020-11-21T20:31:56+08:00][sql] SHOW FULL COLUMNS FROM `yh_webpz` [ RunTime:0.009036s ]
[2020-11-21T20:31:56+08:00][sql] SELECT * FROM `yh_webpz` WHERE  `id` = 1 LIMIT 1 [ RunTime:0.002626s ]
[2020-11-21T20:32:12+08:00][sql] CONNECT:[ UseTime:0.002759s ] mysql:host=127.0.0.1;port=3306;dbname=jifei_ymcx_shop;charset=utf8
[2020-11-21T20:32:12+08:00][sql] SHOW FULL COLUMNS FROM `yh_webpz` [ RunTime:0.006715s ]
[2020-11-21T20:32:12+08:00][sql] SELECT * FROM `yh_webpz` WHERE  `id` = 1 LIMIT 1 [ RunTime:0.000850s ]
[2020-11-21T20:32:12+08:00][sql] SHOW FULL COLUMNS FROM `yh_user` [ RunTime:0.003592s ]
[2020-11-21T20:32:12+08:00][sql] SELECT * FROM `yh_user` WHERE  `username` = '938605039'  AND `password` = '7ef0adb39cbbb4c8deeefad395742edf' LIMIT 1 [ RunTime:0.001550s ]
[2020-11-21T20:32:12+08:00][sql] CONNECT:[ UseTime:0.001346s ] mysql:host=127.0.0.1;port=3306;dbname=jifei_ymcx_shop;charset=utf8
[2020-11-21T20:32:12+08:00][sql] SHOW FULL COLUMNS FROM `yh_user` [ RunTime:0.004624s ]
[2020-11-21T20:32:12+08:00][sql] SELECT * FROM `yh_user` WHERE  `id` = 3 LIMIT 1 [ RunTime:0.013334s ]
[2020-11-21T20:32:12+08:00][sql] SHOW FULL COLUMNS FROM `yh_business` [ RunTime:0.005288s ]
[2020-11-21T20:32:12+08:00][sql] SELECT * FROM `yh_business` WHERE  `id` = 3 LIMIT 1 [ RunTime:0.001484s ]
[2020-11-21T20:32:12+08:00][sql] SHOW FULL COLUMNS FROM `yh_webpz` [ RunTime:0.002080s ]
[2020-11-21T20:32:12+08:00][sql] SELECT * FROM `yh_webpz` WHERE  `id` = 1 LIMIT 1 [ RunTime:0.004477s ]
[2020-11-21T20:32:12+08:00][sql] SHOW FULL COLUMNS FROM `yh_record` [ RunTime:0.004699s ]
[2020-11-21T20:32:12+08:00][sql] SELECT COUNT(*) AS think_count FROM `yh_record` WHERE  `uid` = 38119  AND `intime` > 1605888000 [ RunTime:0.002353s ]
[2020-11-21T20:32:12+08:00][sql] SHOW FULL COLUMNS FROM `yh_information` [ RunTime:0.004168s ]
[2020-11-21T20:32:12+08:00][sql] SELECT * FROM `yh_information` WHERE  `id` = 1 LIMIT 1 [ RunTime:0.001393s ]
[2020-11-21T20:32:25+08:00][sql] CONNECT:[ UseTime:0.000885s ] mysql:host=127.0.0.1;port=3306;dbname=jifei_ymcx_shop;charset=utf8
[2020-11-21T20:32:25+08:00][sql] SHOW FULL COLUMNS FROM `yh_user` [ RunTime:0.002154s ]
[2020-11-21T20:32:25+08:00][sql] SELECT * FROM `yh_user` WHERE  `id` = 3 LIMIT 1 [ RunTime:0.000564s ]
[2020-11-21T20:32:25+08:00][sql] SHOW FULL COLUMNS FROM `yh_business` [ RunTime:0.001838s ]
[2020-11-21T20:32:25+08:00][sql] SELECT * FROM `yh_business` WHERE  `id` = 3 LIMIT 1 [ RunTime:0.000540s ]
[2020-11-21T20:32:25+08:00][sql] SHOW FULL COLUMNS FROM `yh_webpz` [ RunTime:0.001760s ]
[2020-11-21T20:32:25+08:00][sql] SELECT * FROM `yh_webpz` WHERE  `id` = 1 LIMIT 1 [ RunTime:0.003524s ]
[2020-11-21T20:32:25+08:00][sql] SHOW FULL COLUMNS FROM `yh_record` [ RunTime:0.004818s ]
[2020-11-21T20:32:25+08:00][sql] SELECT COUNT(*) AS think_count FROM `yh_record` WHERE  `uid` = 38119 [ RunTime:0.003745s ]
[2020-11-21T20:32:25+08:00][sql] SELECT * FROM `yh_record` WHERE  `uid` = 38119 ORDER BY `id` DESC LIMIT 0,10 [ RunTime:0.002302s ]
[2020-11-21T20:32:42+08:00][sql] CONNECT:[ UseTime:0.003035s ] mysql:host=127.0.0.1;port=3306;dbname=jifei_ymcx_shop;charset=utf8
[2020-11-21T20:32:42+08:00][sql] SHOW FULL COLUMNS FROM `yh_user` [ RunTime:0.006972s ]
[2020-11-21T20:32:42+08:00][sql] SELECT * FROM `yh_user` WHERE  `id` = 3 LIMIT 1 [ RunTime:0.000677s ]
[2020-11-21T20:32:42+08:00][sql] SHOW FULL COLUMNS FROM `yh_business` [ RunTime:0.001955s ]
[2020-11-21T20:32:42+08:00][sql] SELECT * FROM `yh_business` WHERE  `id` = 3 LIMIT 1 [ RunTime:0.000759s ]
[2020-11-21T20:32:42+08:00][sql] SHOW FULL COLUMNS FROM `yh_webpz` [ RunTime:0.001968s ]
[2020-11-21T20:32:42+08:00][sql] SELECT * FROM `yh_webpz` WHERE  `id` = 1 LIMIT 1 [ RunTime:0.003815s ]
[2020-11-21T20:32:42+08:00][sql] SHOW FULL COLUMNS FROM `yh_record` [ RunTime:0.005743s ]
[2020-11-21T20:32:42+08:00][sql] SELECT COUNT(*) AS think_count FROM `yh_record` WHERE  `uid` = 38119  AND `intime` > 1605888000 [ RunTime:0.001563s ]
[2020-11-21T20:32:42+08:00][sql] SHOW FULL COLUMNS FROM `yh_information` [ RunTime:0.005026s ]
[2020-11-21T20:32:42+08:00][sql] SELECT * FROM `yh_information` WHERE  `id` = 1 LIMIT 1 [ RunTime:0.001103s ]
