[2020-11-22T00:11:11+08:00][sql] CONNECT:[ UseTime:0.018502s ] mysql:host=127.0.0.1;port=3306;dbname=jifei_ymcx_shop;charset=utf8
[2020-11-22T00:11:11+08:00][sql] SHOW FULL COLUMNS FROM `yh_webpz` [ RunTime:0.002460s ]
[2020-11-22T00:11:11+08:00][sql] SELECT * FROM `yh_webpz` WHERE  `id` = 1 LIMIT 1 [ RunTime:0.000828s ]
[2020-11-22T00:11:11+08:00][sql] CONNECT:[ UseTime:0.001460s ] mysql:host=127.0.0.1;port=3306;dbname=jifei_ymcx_shop;charset=utf8
[2020-11-22T00:11:11+08:00][sql] SHOW FULL COLUMNS FROM `yh_webpz` [ RunTime:0.011457s ]
[2020-11-22T00:11:11+08:00][sql] SELECT * FROM `yh_webpz` WHERE  `id` = 1 LIMIT 1 [ RunTime:0.001012s ]
[2020-11-22T00:40:06+08:00][sql] CONNECT:[ UseTime:0.004824s ] mysql:host=127.0.0.1;port=3306;dbname=jifei_ymcx_shop;charset=utf8
[2020-11-22T00:40:06+08:00][sql] SHOW FULL COLUMNS FROM `yh_webpz` [ RunTime:0.002783s ]
[2020-11-22T00:40:06+08:00][sql] SELECT * FROM `yh_webpz` WHERE  `id` = 1 LIMIT 1 [ RunTime:0.006337s ]
[2020-11-22T14:42:48+08:00][sql] CONNECT:[ UseTime:0.001163s ] mysql:host=127.0.0.1;port=3306;dbname=jifei_ymcx_shop;charset=utf8
[2020-11-22T14:42:48+08:00][sql] SHOW FULL COLUMNS FROM `yh_webpz` [ RunTime:0.002809s ]
[2020-11-22T14:42:48+08:00][sql] SELECT * FROM `yh_webpz` WHERE  `id` = 1 LIMIT 1 [ RunTime:0.000806s ]
[2020-11-22T20:20:19+08:00][sql] CONNECT:[ UseTime:0.002053s ] mysql:host=127.0.0.1;port=3306;dbname=jifei_ymcx_shop;charset=utf8
[2020-11-22T20:20:19+08:00][sql] SHOW FULL COLUMNS FROM `yh_webpz` [ RunTime:0.003682s ]
[2020-11-22T20:20:19+08:00][sql] SELECT * FROM `yh_webpz` WHERE  `id` = 1 LIMIT 1 [ RunTime:0.000707s ]
[2020-11-22T20:20:26+08:00][sql] CONNECT:[ UseTime:0.001397s ] mysql:host=127.0.0.1;port=3306;dbname=jifei_ymcx_shop;charset=utf8
[2020-11-22T20:20:26+08:00][sql] SHOW FULL COLUMNS FROM `yh_webpz` [ RunTime:0.006650s ]
[2020-11-22T20:20:26+08:00][sql] SELECT * FROM `yh_webpz` WHERE  `id` = 1 LIMIT 1 [ RunTime:0.006908s ]
[2020-11-22T20:20:26+08:00][sql] SHOW FULL COLUMNS FROM `yh_user` [ RunTime:0.004741s ]
[2020-11-22T20:20:26+08:00][sql] SELECT * FROM `yh_user` WHERE  `username` = '1178350505'  AND `password` = '565be15b663c3a1c6a54055410cb763a' LIMIT 1 [ RunTime:0.000838s ]
[2020-11-22T20:20:26+08:00][sql] CONNECT:[ UseTime:0.000953s ] mysql:host=127.0.0.1;port=3306;dbname=jifei_ymcx_shop;charset=utf8
[2020-11-22T20:20:26+08:00][sql] SHOW FULL COLUMNS FROM `yh_user` [ RunTime:0.002981s ]
[2020-11-22T20:20:26+08:00][sql] SELECT * FROM `yh_user` WHERE  `id` = 1 LIMIT 1 [ RunTime:0.000561s ]
[2020-11-22T20:20:26+08:00][sql] SHOW FULL COLUMNS FROM `yh_business` [ RunTime:0.002695s ]
[2020-11-22T20:20:26+08:00][sql] SELECT * FROM `yh_business` WHERE  `id` = 1 LIMIT 1 [ RunTime:0.000659s ]
[2020-11-22T20:20:26+08:00][sql] SHOW FULL COLUMNS FROM `yh_webpz` [ RunTime:0.001919s ]
[2020-11-22T20:20:26+08:00][sql] SELECT * FROM `yh_webpz` WHERE  `id` = 1 LIMIT 1 [ RunTime:0.000677s ]
[2020-11-22T20:20:26+08:00][sql] SHOW FULL COLUMNS FROM `yh_record` [ RunTime:0.001808s ]
[2020-11-22T20:20:26+08:00][sql] SELECT COUNT(*) AS think_count FROM `yh_record` WHERE  `uid` = 13873  AND `intime` > 1605974400 [ RunTime:0.001772s ]
[2020-11-22T20:20:26+08:00][sql] SHOW FULL COLUMNS FROM `yh_information` [ RunTime:0.001605s ]
[2020-11-22T20:20:26+08:00][sql] SELECT * FROM `yh_information` WHERE  `id` = 1 LIMIT 1 [ RunTime:0.000520s ]
[2020-11-22T20:20:29+08:00][sql] CONNECT:[ UseTime:0.001215s ] mysql:host=127.0.0.1;port=3306;dbname=jifei_ymcx_shop;charset=utf8
[2020-11-22T20:20:29+08:00][sql] SHOW FULL COLUMNS FROM `yh_user` [ RunTime:0.002888s ]
[2020-11-22T20:20:29+08:00][sql] SELECT * FROM `yh_user` WHERE  `id` = 1 LIMIT 1 [ RunTime:0.000780s ]
[2020-11-22T20:20:29+08:00][sql] SHOW FULL COLUMNS FROM `yh_business` [ RunTime:0.001798s ]
[2020-11-22T20:20:29+08:00][sql] SELECT * FROM `yh_business` WHERE  `id` = 1 LIMIT 1 [ RunTime:0.000694s ]
[2020-11-22T20:20:29+08:00][sql] SHOW FULL COLUMNS FROM `yh_webpz` [ RunTime:0.002038s ]
[2020-11-22T20:20:29+08:00][sql] SELECT * FROM `yh_webpz` WHERE  `id` = 1 LIMIT 1 [ RunTime:0.000706s ]
[2020-11-22T20:20:31+08:00][sql] CONNECT:[ UseTime:0.004174s ] mysql:host=127.0.0.1;port=3306;dbname=jifei_ymcx_shop;charset=utf8
[2020-11-22T20:20:31+08:00][sql] SHOW FULL COLUMNS FROM `yh_user` [ RunTime:0.006134s ]
[2020-11-22T20:20:31+08:00][sql] SELECT * FROM `yh_user` WHERE  `id` = 1 LIMIT 1 [ RunTime:0.003269s ]
[2020-11-22T20:20:31+08:00][sql] SHOW FULL COLUMNS FROM `yh_business` [ RunTime:0.002066s ]
[2020-11-22T20:20:31+08:00][sql] SELECT * FROM `yh_business` WHERE  `id` = 1 LIMIT 1 [ RunTime:0.000576s ]
[2020-11-22T20:20:31+08:00][sql] SHOW FULL COLUMNS FROM `yh_webpz` [ RunTime:0.001996s ]
[2020-11-22T20:20:31+08:00][sql] SELECT * FROM `yh_webpz` WHERE  `id` = 1 LIMIT 1 [ RunTime:0.001633s ]
[2020-11-22T20:20:31+08:00][sql] CONNECT:[ UseTime:0.001373s ] mysql:host=127.0.0.1;port=3306;dbname=jifei_ymcx_shop;charset=utf8
[2020-11-22T20:20:31+08:00][sql] SHOW FULL COLUMNS FROM `yh_user` [ RunTime:0.005134s ]
[2020-11-22T20:20:31+08:00][sql] SELECT * FROM `yh_user` WHERE  `id` = 1 LIMIT 1 [ RunTime:0.000882s ]
[2020-11-22T20:20:31+08:00][sql] SHOW FULL COLUMNS FROM `yh_business` [ RunTime:0.001983s ]
[2020-11-22T20:20:31+08:00][sql] SELECT * FROM `yh_business` WHERE  `id` = 1 LIMIT 1 [ RunTime:0.000581s ]
[2020-11-22T20:20:31+08:00][sql] SHOW FULL COLUMNS FROM `yh_webpz` [ RunTime:0.002501s ]
[2020-11-22T20:20:31+08:00][sql] SELECT * FROM `yh_webpz` WHERE  `id` = 1 LIMIT 1 [ RunTime:0.000942s ]
[2020-11-22T20:20:44+08:00][sql] CONNECT:[ UseTime:0.001031s ] mysql:host=127.0.0.1;port=3306;dbname=jifei_ymcx_shop;charset=utf8
[2020-11-22T20:20:44+08:00][sql] SHOW FULL COLUMNS FROM `yh_user` [ RunTime:0.002696s ]
[2020-11-22T20:20:44+08:00][sql] SELECT * FROM `yh_user` WHERE  `id` = 1 LIMIT 1 [ RunTime:0.000831s ]
[2020-11-22T20:20:44+08:00][sql] SHOW FULL COLUMNS FROM `yh_business` [ RunTime:0.002154s ]
[2020-11-22T20:20:44+08:00][sql] SELECT * FROM `yh_business` WHERE  `id` = 1 LIMIT 1 [ RunTime:0.000715s ]
[2020-11-22T20:20:44+08:00][sql] SHOW FULL COLUMNS FROM `yh_webpz` [ RunTime:0.002221s ]
[2020-11-22T20:20:44+08:00][sql] SELECT * FROM `yh_webpz` WHERE  `id` = 1 LIMIT 1 [ RunTime:0.000744s ]
[2020-11-22T20:20:44+08:00][sql] SHOW FULL COLUMNS FROM `yh_record` [ RunTime:0.002579s ]
[2020-11-22T20:20:44+08:00][sql] SELECT COUNT(*) AS think_count FROM `yh_record` WHERE  `uid` = 13873  AND `intime` > 1605974400 [ RunTime:0.001923s ]
[2020-11-22T20:20:44+08:00][sql] SHOW FULL COLUMNS FROM `yh_information` [ RunTime:0.001875s ]
[2020-11-22T20:20:44+08:00][sql] SELECT * FROM `yh_information` WHERE  `id` = 1 LIMIT 1 [ RunTime:0.000571s ]
[2020-11-22T22:20:00+08:00][sql] CONNECT:[ UseTime:0.001772s ] mysql:host=127.0.0.1;port=3306;dbname=jifei_ymcx_shop;charset=utf8
[2020-11-22T22:20:00+08:00][sql] SHOW FULL COLUMNS FROM `yh_webpz` [ RunTime:0.004644s ]
[2020-11-22T22:20:00+08:00][sql] SELECT * FROM `yh_webpz` WHERE  `id` = 1 LIMIT 1 [ RunTime:0.000894s ]
[2020-11-22T22:20:00+08:00][sql] SHOW FULL COLUMNS FROM `yh_verification` [ RunTime:0.001413s ]
[2020-11-22T22:20:00+08:00][sql] SELECT * FROM `yh_verification` WHERE  `code` = 'fnpxyDEKNOSVX467' LIMIT 1 [ RunTime:0.000660s ]
[2020-11-22T22:20:00+08:00][sql] CONNECT:[ UseTime:0.001162s ] mysql:host=127.0.0.1;port=3306;dbname=jifei_ymcx_shop;charset=utf8
[2020-11-22T22:20:00+08:00][sql] SHOW FULL COLUMNS FROM `yh_webpz` [ RunTime:0.004194s ]
[2020-11-22T22:20:00+08:00][sql] SELECT * FROM `yh_webpz` WHERE  `id` = 1 LIMIT 1 [ RunTime:0.002201s ]
[2020-11-22T22:21:07+08:00][sql] CONNECT:[ UseTime:0.001588s ] mysql:host=127.0.0.1;port=3306;dbname=jifei_ymcx_shop;charset=utf8
[2020-11-22T22:21:07+08:00][sql] SHOW FULL COLUMNS FROM `yh_webpz` [ RunTime:0.004407s ]
[2020-11-22T22:21:07+08:00][sql] SELECT * FROM `yh_webpz` WHERE  `id` = 1 LIMIT 1 [ RunTime:0.000869s ]
[2020-11-22T22:21:07+08:00][sql] SHOW FULL COLUMNS FROM `yh_verification` [ RunTime:0.002277s ]
[2020-11-22T22:21:07+08:00][sql] SELECT * FROM `yh_verification` WHERE  `code` = 'fnpxyDEKNOSVX467' LIMIT 1 [ RunTime:0.003520s ]
