[2020-11-23T11:54:32+08:00][sql] CONNECT:[ UseTime:0.001251s ] mysql:host=127.0.0.1;port=3306;dbname=jifei_ymcx_shop;charset=utf8
[2020-11-23T11:54:32+08:00][sql] SHOW FULL COLUMNS FROM `yh_webpz` [ RunTime:0.003274s ]
[2020-11-23T11:54:32+08:00][sql] SELECT * FROM `yh_webpz` WHERE  `id` = 1 LIMIT 1 [ RunTime:0.002628s ]
[2020-11-23T11:54:41+08:00][sql] CONNECT:[ UseTime:0.001528s ] mysql:host=127.0.0.1;port=3306;dbname=jifei_ymcx_shop;charset=utf8
[2020-11-23T11:54:41+08:00][sql] SHOW FULL COLUMNS FROM `yh_webpz` [ RunTime:0.002626s ]
[2020-11-23T11:54:41+08:00][sql] SELECT * FROM `yh_webpz` WHERE  `id` = 1 LIMIT 1 [ RunTime:0.000632s ]
[2020-11-23T11:54:42+08:00][sql] CONNECT:[ UseTime:0.001785s ] mysql:host=127.0.0.1;port=3306;dbname=jifei_ymcx_shop;charset=utf8
[2020-11-23T11:54:42+08:00][sql] SHOW FULL COLUMNS FROM `yh_webpz` [ RunTime:0.002570s ]
[2020-11-23T11:54:42+08:00][sql] SELECT * FROM `yh_webpz` WHERE  `id` = 1 LIMIT 1 [ RunTime:0.000713s ]
[2020-11-23T11:54:42+08:00][sql] CONNECT:[ UseTime:0.001016s ] mysql:host=127.0.0.1;port=3306;dbname=jifei_ymcx_shop;charset=utf8
[2020-11-23T11:54:42+08:00][sql] SHOW FULL COLUMNS FROM `yh_webpz` [ RunTime:0.003970s ]
[2020-11-23T11:54:42+08:00][sql] SELECT * FROM `yh_webpz` WHERE  `id` = 1 LIMIT 1 [ RunTime:0.000675s ]
[2020-11-23T11:54:47+08:00][sql] CONNECT:[ UseTime:0.004252s ] mysql:host=127.0.0.1;port=3306;dbname=jifei_ymcx_shop;charset=utf8
[2020-11-23T11:54:47+08:00][sql] SHOW FULL COLUMNS FROM `yh_webpz` [ RunTime:0.011557s ]
[2020-11-23T11:54:47+08:00][sql] SELECT * FROM `yh_webpz` WHERE  `id` = 1 LIMIT 1 [ RunTime:0.001691s ]
[2020-11-23T11:54:47+08:00][sql] SHOW FULL COLUMNS FROM `yh_user` [ RunTime:0.004453s ]
[2020-11-23T11:54:47+08:00][sql] SELECT * FROM `yh_user` WHERE  `username` = 'houmeng5215'  AND `password` = 'ea67793bd67332cfff9d45cf73bbd9f2' LIMIT 1 [ RunTime:0.001396s ]
[2020-11-23T11:54:48+08:00][sql] CONNECT:[ UseTime:0.002723s ] mysql:host=127.0.0.1;port=3306;dbname=jifei_ymcx_shop;charset=utf8
[2020-11-23T11:54:48+08:00][sql] SHOW FULL COLUMNS FROM `yh_webpz` [ RunTime:0.005509s ]
[2020-11-23T11:54:48+08:00][sql] SELECT * FROM `yh_webpz` WHERE  `id` = 1 LIMIT 1 [ RunTime:0.002193s ]
[2020-11-23T11:55:22+08:00][sql] CONNECT:[ UseTime:0.001289s ] mysql:host=127.0.0.1;port=3306;dbname=jifei_ymcx_shop;charset=utf8
[2020-11-23T11:55:22+08:00][sql] SHOW FULL COLUMNS FROM `yh_webpz` [ RunTime:0.002578s ]
[2020-11-23T11:55:22+08:00][sql] SELECT * FROM `yh_webpz` WHERE  `id` = 1 LIMIT 1 [ RunTime:0.000713s ]
[2020-11-23T11:55:22+08:00][sql] SHOW FULL COLUMNS FROM `yh_user` [ RunTime:0.002560s ]
[2020-11-23T11:55:22+08:00][sql] SELECT * FROM `yh_user` WHERE  `email` = '13169248952@qq.com'  AND `password` = 'ea67793bd67332cfff9d45cf73bbd9f2' LIMIT 1 [ RunTime:0.004182s ]
[2020-11-23T11:55:23+08:00][sql] CONNECT:[ UseTime:0.001467s ] mysql:host=127.0.0.1;port=3306;dbname=jifei_ymcx_shop;charset=utf8
[2020-11-23T11:55:23+08:00][sql] SHOW FULL COLUMNS FROM `yh_webpz` [ RunTime:0.002811s ]
[2020-11-23T11:55:23+08:00][sql] SELECT * FROM `yh_webpz` WHERE  `id` = 1 LIMIT 1 [ RunTime:0.000853s ]
[2020-11-23T11:55:43+08:00][sql] CONNECT:[ UseTime:0.001246s ] mysql:host=127.0.0.1;port=3306;dbname=jifei_ymcx_shop;charset=utf8
[2020-11-23T11:55:43+08:00][sql] SHOW FULL COLUMNS FROM `yh_webpz` [ RunTime:0.003588s ]
[2020-11-23T11:55:43+08:00][sql] SELECT * FROM `yh_webpz` WHERE  `id` = 1 LIMIT 1 [ RunTime:0.000713s ]
[2020-11-23T11:55:43+08:00][sql] SHOW FULL COLUMNS FROM `yh_user` [ RunTime:0.003029s ]
[2020-11-23T11:55:43+08:00][sql] SELECT * FROM `yh_user` WHERE  `email` = '13169248952@qq.com'  AND `password` = '41022fc349f3ffc1f66b98f9db62750c' LIMIT 1 [ RunTime:0.000799s ]
[2020-11-23T11:55:43+08:00][sql] CONNECT:[ UseTime:0.005902s ] mysql:host=127.0.0.1;port=3306;dbname=jifei_ymcx_shop;charset=utf8
[2020-11-23T11:55:43+08:00][sql] SHOW FULL COLUMNS FROM `yh_webpz` [ RunTime:0.002910s ]
[2020-11-23T11:55:43+08:00][sql] SELECT * FROM `yh_webpz` WHERE  `id` = 1 LIMIT 1 [ RunTime:0.000859s ]
[2020-11-23T11:55:55+08:00][sql] CONNECT:[ UseTime:0.000997s ] mysql:host=127.0.0.1;port=3306;dbname=jifei_ymcx_shop;charset=utf8
[2020-11-23T11:55:55+08:00][sql] SHOW FULL COLUMNS FROM `yh_webpz` [ RunTime:0.001882s ]
[2020-11-23T11:55:55+08:00][sql] SELECT * FROM `yh_webpz` WHERE  `id` = 1 LIMIT 1 [ RunTime:0.000563s ]
[2020-11-23T11:55:55+08:00][sql] SHOW FULL COLUMNS FROM `yh_user` [ RunTime:0.001604s ]
[2020-11-23T11:55:55+08:00][sql] SELECT * FROM `yh_user` WHERE  `email` = '13169248952@qq.com'  AND `password` = '4630054b0f209238a058719db75327d3' LIMIT 1 [ RunTime:0.000668s ]
[2020-11-23T11:55:55+08:00][sql] CONNECT:[ UseTime:0.004492s ] mysql:host=127.0.0.1;port=3306;dbname=jifei_ymcx_shop;charset=utf8
[2020-11-23T11:55:55+08:00][sql] SHOW FULL COLUMNS FROM `yh_webpz` [ RunTime:0.005843s ]
[2020-11-23T11:55:55+08:00][sql] SELECT * FROM `yh_webpz` WHERE  `id` = 1 LIMIT 1 [ RunTime:0.001979s ]
[2020-11-23T11:56:04+08:00][sql] CONNECT:[ UseTime:0.000991s ] mysql:host=127.0.0.1;port=3306;dbname=jifei_ymcx_shop;charset=utf8
[2020-11-23T11:56:04+08:00][sql] SHOW FULL COLUMNS FROM `yh_webpz` [ RunTime:0.002828s ]
[2020-11-23T11:56:04+08:00][sql] SELECT * FROM `yh_webpz` WHERE  `id` = 1 LIMIT 1 [ RunTime:0.000680s ]
[2020-11-23T11:56:04+08:00][sql] SHOW FULL COLUMNS FROM `yh_user` [ RunTime:0.006357s ]
[2020-11-23T11:56:04+08:00][sql] SELECT * FROM `yh_user` WHERE  `username` = 'houmeng5215'  AND `password` = 'ea67793bd67332cfff9d45cf73bbd9f2' LIMIT 1 [ RunTime:0.003768s ]
[2020-11-23T11:56:04+08:00][sql] CONNECT:[ UseTime:0.000788s ] mysql:host=127.0.0.1;port=3306;dbname=jifei_ymcx_shop;charset=utf8
[2020-11-23T11:56:04+08:00][sql] SHOW FULL COLUMNS FROM `yh_webpz` [ RunTime:0.001587s ]
[2020-11-23T11:56:04+08:00][sql] SELECT * FROM `yh_webpz` WHERE  `id` = 1 LIMIT 1 [ RunTime:0.000585s ]
[2020-11-23T11:56:09+08:00][sql] CONNECT:[ UseTime:0.002623s ] mysql:host=127.0.0.1;port=3306;dbname=jifei_ymcx_shop;charset=utf8
[2020-11-23T11:56:09+08:00][sql] SHOW FULL COLUMNS FROM `yh_webpz` [ RunTime:0.003753s ]
[2020-11-23T11:56:09+08:00][sql] SELECT * FROM `yh_webpz` WHERE  `id` = 1 LIMIT 1 [ RunTime:0.002400s ]
[2020-11-23T11:56:37+08:00][sql] CONNECT:[ UseTime:0.001091s ] mysql:host=127.0.0.1;port=3306;dbname=jifei_ymcx_shop;charset=utf8
[2020-11-23T11:56:37+08:00][sql] SHOW FULL COLUMNS FROM `yh_webpz` [ RunTime:0.002446s ]
[2020-11-23T11:56:37+08:00][sql] SELECT * FROM `yh_webpz` WHERE  `id` = 1 LIMIT 1 [ RunTime:0.000767s ]
[2020-11-23T11:56:38+08:00][sql] CONNECT:[ UseTime:0.001437s ] mysql:host=127.0.0.1;port=3306;dbname=jifei_ymcx_shop;charset=utf8
[2020-11-23T11:56:38+08:00][sql] SHOW FULL COLUMNS FROM `yh_webpz` [ RunTime:0.002646s ]
[2020-11-23T11:56:38+08:00][sql] SELECT * FROM `yh_webpz` WHERE  `id` = 1 LIMIT 1 [ RunTime:0.002218s ]
[2020-11-23T11:56:45+08:00][sql] CONNECT:[ UseTime:0.004195s ] mysql:host=127.0.0.1;port=3306;dbname=jifei_ymcx_shop;charset=utf8
[2020-11-23T11:56:45+08:00][sql] SHOW FULL COLUMNS FROM `yh_webpz` [ RunTime:0.005571s ]
[2020-11-23T11:56:45+08:00][sql] SELECT * FROM `yh_webpz` WHERE  `id` = 1 LIMIT 1 [ RunTime:0.004328s ]
[2020-11-23T11:56:45+08:00][sql] SHOW FULL COLUMNS FROM `yh_user` [ RunTime:0.003639s ]
[2020-11-23T11:56:45+08:00][sql] SELECT `email` FROM `yh_user` WHERE  `email` = '13169248952@qq.com' LIMIT 1 [ RunTime:0.000708s ]
[2020-11-23T11:56:45+08:00][sql] CONNECT:[ UseTime:0.001214s ] mysql:host=127.0.0.1;port=3306;dbname=jifei_ymcx_shop;charset=utf8
[2020-11-23T11:56:45+08:00][sql] SHOW FULL COLUMNS FROM `yh_webpz` [ RunTime:0.002513s ]
[2020-11-23T11:56:45+08:00][sql] SELECT * FROM `yh_webpz` WHERE  `id` = 1 LIMIT 1 [ RunTime:0.000674s ]
[2020-11-23T11:56:52+08:00][sql] CONNECT:[ UseTime:0.001334s ] mysql:host=127.0.0.1;port=3306;dbname=jifei_ymcx_shop;charset=utf8
[2020-11-23T11:56:52+08:00][sql] SHOW FULL COLUMNS FROM `yh_webpz` [ RunTime:0.002692s ]
[2020-11-23T11:56:52+08:00][sql] SELECT * FROM `yh_webpz` WHERE  `id` = 1 LIMIT 1 [ RunTime:0.000747s ]
[2020-11-23T11:56:52+08:00][sql] SHOW FULL COLUMNS FROM `yh_user` [ RunTime:0.002049s ]
[2020-11-23T11:56:52+08:00][sql] SELECT `email` FROM `yh_user` WHERE  `username` = 'houmeng5215' LIMIT 1 [ RunTime:0.001415s ]
[2020-11-23T11:56:52+08:00][sql] CONNECT:[ UseTime:0.001488s ] mysql:host=127.0.0.1;port=3306;dbname=jifei_ymcx_shop;charset=utf8
[2020-11-23T11:56:52+08:00][sql] SHOW FULL COLUMNS FROM `yh_webpz` [ RunTime:0.002486s ]
[2020-11-23T11:56:52+08:00][sql] SELECT * FROM `yh_webpz` WHERE  `id` = 1 LIMIT 1 [ RunTime:0.006559s ]
[2020-11-23T16:35:19+08:00][sql] CONNECT:[ UseTime:0.001285s ] mysql:host=127.0.0.1;port=3306;dbname=jifei_ymcx_shop;charset=utf8
[2020-11-23T16:35:19+08:00][sql] SHOW FULL COLUMNS FROM `yh_webpz` [ RunTime:0.004337s ]
[2020-11-23T16:35:19+08:00][sql] SELECT * FROM `yh_webpz` WHERE  `id` = 1 LIMIT 1 [ RunTime:0.000856s ]
[2020-11-23T16:35:35+08:00][sql] CONNECT:[ UseTime:0.001098s ] mysql:host=127.0.0.1;port=3306;dbname=jifei_ymcx_shop;charset=utf8
[2020-11-23T16:35:35+08:00][sql] SHOW FULL COLUMNS FROM `yh_webpz` [ RunTime:0.003487s ]
[2020-11-23T16:35:35+08:00][sql] SELECT * FROM `yh_webpz` WHERE  `id` = 1 LIMIT 1 [ RunTime:0.003111s ]
[2020-11-23T16:35:35+08:00][sql] SHOW FULL COLUMNS FROM `yh_user` [ RunTime:0.008381s ]
[2020-11-23T16:35:35+08:00][sql] SELECT * FROM `yh_user` WHERE  `username` = 'xjl1995' LIMIT 1 [ RunTime:0.001910s ]
[2020-11-23T16:35:35+08:00][sql] SELECT * FROM `yh_user` WHERE  `email` = '3514350954@qq.com' LIMIT 1 [ RunTime:0.000719s ]
[2020-11-23T16:35:35+08:00][sql] SHOW FULL COLUMNS FROM `yh_verification` [ RunTime:0.002273s ]
[2020-11-23T16:35:35+08:00][sql] SELECT `id` FROM `yh_verification` WHERE  `email` = '3514350954@qq.com' LIMIT 1 [ RunTime:0.000891s ]
[2020-11-23T16:35:35+08:00][sql] INSERT INTO `yh_verification` SET `code` = 'lmoswBEIKLMTVWZ3' , `email` = '3514350954@qq.com' , `intime` = 1606120834 [ RunTime:0.002231s ]
[2020-11-23T16:35:35+08:00][sql] SELECT * FROM `yh_webpz` WHERE  `id` = 1 LIMIT 1 [ RunTime:0.000892s ]
[2020-11-23T16:35:35+08:00][sql] CONNECT:[ UseTime:0.001009s ] mysql:host=127.0.0.1;port=3306;dbname=jifei_ymcx_shop;charset=utf8
[2020-11-23T16:35:35+08:00][sql] SHOW FULL COLUMNS FROM `yh_webpz` [ RunTime:0.002327s ]
[2020-11-23T16:35:35+08:00][sql] SELECT * FROM `yh_webpz` WHERE  `id` = 1 LIMIT 1 [ RunTime:0.000665s ]
[2020-11-23T16:35:45+08:00][sql] CONNECT:[ UseTime:0.004223s ] mysql:host=127.0.0.1;port=3306;dbname=jifei_ymcx_shop;charset=utf8
[2020-11-23T16:35:45+08:00][sql] SHOW FULL COLUMNS FROM `yh_webpz` [ RunTime:0.006543s ]
[2020-11-23T16:35:45+08:00][sql] SELECT * FROM `yh_webpz` WHERE  `id` = 1 LIMIT 1 [ RunTime:0.002449s ]
[2020-11-23T16:35:45+08:00][sql] SHOW FULL COLUMNS FROM `yh_user` [ RunTime:0.001361s ]
[2020-11-23T16:35:45+08:00][sql] SELECT * FROM `yh_user` WHERE  `username` = 'xjl1995'  AND `password` = 'a184aba1db4e27331e4058ead0dfdc45' LIMIT 1 [ RunTime:0.000596s ]
[2020-11-23T16:35:45+08:00][sql] CONNECT:[ UseTime:0.001035s ] mysql:host=127.0.0.1;port=3306;dbname=jifei_ymcx_shop;charset=utf8
[2020-11-23T16:35:45+08:00][sql] SHOW FULL COLUMNS FROM `yh_webpz` [ RunTime:0.002025s ]
[2020-11-23T16:35:45+08:00][sql] SELECT * FROM `yh_webpz` WHERE  `id` = 1 LIMIT 1 [ RunTime:0.000528s ]
[2020-11-23T16:35:59+08:00][sql] CONNECT:[ UseTime:0.001506s ] mysql:host=127.0.0.1;port=3306;dbname=jifei_ymcx_shop;charset=utf8
[2020-11-23T16:35:59+08:00][sql] SHOW FULL COLUMNS FROM `yh_webpz` [ RunTime:0.003008s ]
[2020-11-23T16:35:59+08:00][sql] SELECT * FROM `yh_webpz` WHERE  `id` = 1 LIMIT 1 [ RunTime:0.001061s ]
[2020-11-23T16:35:59+08:00][sql] SHOW FULL COLUMNS FROM `yh_user` [ RunTime:0.003140s ]
[2020-11-23T16:35:59+08:00][sql] SELECT * FROM `yh_user` WHERE  `username` = 'xjl1995'  AND `password` = 'a184aba1db4e27331e4058ead0dfdc45' LIMIT 1 [ RunTime:0.012809s ]
[2020-11-23T16:35:59+08:00][sql] CONNECT:[ UseTime:0.004692s ] mysql:host=127.0.0.1;port=3306;dbname=jifei_ymcx_shop;charset=utf8
[2020-11-23T16:35:59+08:00][sql] SHOW FULL COLUMNS FROM `yh_webpz` [ RunTime:0.007302s ]
[2020-11-23T16:35:59+08:00][sql] SELECT * FROM `yh_webpz` WHERE  `id` = 1 LIMIT 1 [ RunTime:0.004154s ]
[2020-11-23T16:36:10+08:00][sql] CONNECT:[ UseTime:0.001206s ] mysql:host=127.0.0.1;port=3306;dbname=jifei_ymcx_shop;charset=utf8
[2020-11-23T16:36:10+08:00][sql] SHOW FULL COLUMNS FROM `yh_webpz` [ RunTime:0.003389s ]
[2020-11-23T16:36:10+08:00][sql] SELECT * FROM `yh_webpz` WHERE  `id` = 1 LIMIT 1 [ RunTime:0.001483s ]
[2020-11-23T16:36:10+08:00][sql] SHOW FULL COLUMNS FROM `yh_user` [ RunTime:0.001621s ]
[2020-11-23T16:36:10+08:00][sql] SELECT * FROM `yh_user` WHERE  `username` = '3514350954'  AND `password` = 'a184aba1db4e27331e4058ead0dfdc45' LIMIT 1 [ RunTime:0.001180s ]
[2020-11-23T16:36:10+08:00][sql] CONNECT:[ UseTime:0.001507s ] mysql:host=127.0.0.1;port=3306;dbname=jifei_ymcx_shop;charset=utf8
[2020-11-23T16:36:10+08:00][sql] SHOW FULL COLUMNS FROM `yh_webpz` [ RunTime:0.006436s ]
[2020-11-23T16:36:10+08:00][sql] SELECT * FROM `yh_webpz` WHERE  `id` = 1 LIMIT 1 [ RunTime:0.000867s ]
[2020-11-23T16:36:19+08:00][sql] CONNECT:[ UseTime:0.004259s ] mysql:host=127.0.0.1;port=3306;dbname=jifei_ymcx_shop;charset=utf8
[2020-11-23T16:36:19+08:00][sql] SHOW FULL COLUMNS FROM `yh_webpz` [ RunTime:0.002982s ]
[2020-11-23T16:36:19+08:00][sql] SELECT * FROM `yh_webpz` WHERE  `id` = 1 LIMIT 1 [ RunTime:0.000879s ]
[2020-11-23T16:36:19+08:00][sql] SHOW FULL COLUMNS FROM `yh_user` [ RunTime:0.001399s ]
[2020-11-23T16:36:19+08:00][sql] SELECT * FROM `yh_user` WHERE  `email` = '3514350954@qq.com'  AND `password` = 'a184aba1db4e27331e4058ead0dfdc45' LIMIT 1 [ RunTime:0.000577s ]
[2020-11-23T16:36:19+08:00][sql] CONNECT:[ UseTime:0.002124s ] mysql:host=127.0.0.1;port=3306;dbname=jifei_ymcx_shop;charset=utf8
[2020-11-23T16:36:19+08:00][sql] SHOW FULL COLUMNS FROM `yh_webpz` [ RunTime:0.002310s ]
[2020-11-23T16:36:19+08:00][sql] SELECT * FROM `yh_webpz` WHERE  `id` = 1 LIMIT 1 [ RunTime:0.000713s ]
[2020-11-23T16:36:38+08:00][sql] CONNECT:[ UseTime:0.001707s ] mysql:host=127.0.0.1;port=3306;dbname=jifei_ymcx_shop;charset=utf8
[2020-11-23T16:36:38+08:00][sql] SHOW FULL COLUMNS FROM `yh_webpz` [ RunTime:0.002793s ]
[2020-11-23T16:36:38+08:00][sql] SELECT * FROM `yh_webpz` WHERE  `id` = 1 LIMIT 1 [ RunTime:0.000767s ]
[2020-11-23T16:36:38+08:00][sql] SHOW FULL COLUMNS FROM `yh_verification` [ RunTime:0.001607s ]
[2020-11-23T16:36:38+08:00][sql] SELECT * FROM `yh_verification` WHERE  `code` = 'lmoswBEIKLMTVWZ3' LIMIT 1 [ RunTime:0.006182s ]
[2020-11-23T16:36:50+08:00][sql] CONNECT:[ UseTime:0.001559s ] mysql:host=127.0.0.1;port=3306;dbname=jifei_ymcx_shop;charset=utf8
[2020-11-23T16:36:50+08:00][sql] SHOW FULL COLUMNS FROM `yh_webpz` [ RunTime:0.002323s ]
[2020-11-23T16:36:50+08:00][sql] SELECT * FROM `yh_webpz` WHERE  `id` = 1 LIMIT 1 [ RunTime:0.000715s ]
[2020-11-23T16:36:50+08:00][sql] SHOW FULL COLUMNS FROM `yh_verification` [ RunTime:0.001868s ]
[2020-11-23T16:36:50+08:00][sql] SELECT * FROM `yh_verification` WHERE  `code` = 'lmoswBEIKLMTVWZ3' LIMIT 1 [ RunTime:0.003790s ]
[2020-11-23T16:36:50+08:00][sql] SHOW FULL COLUMNS FROM `yh_user` [ RunTime:0.005062s ]
[2020-11-23T16:36:50+08:00][sql] INSERT INTO `yh_user` SET `username` = 'xjl1995' , `password` = 'a184aba1db4e27331e4058ead0dfdc45' , `email` = '3514350954@qq.com' , `qq` = '3514350954' , `balance` = 0 , `intime` = 1606120534 , `status` = 1 [ RunTime:0.005236s ]
[2020-11-23T16:36:50+08:00][sql] SHOW FULL COLUMNS FROM `yh_information` [ RunTime:0.004124s ]
[2020-11-23T16:36:50+08:00][sql] SELECT `give` FROM `yh_information` WHERE  `id` = 1 LIMIT 1 [ RunTime:0.001519s ]
[2020-11-23T16:36:50+08:00][sql] SHOW FULL COLUMNS FROM `yh_business` [ RunTime:0.002152s ]
[2020-11-23T16:36:50+08:00][sql] INSERT INTO `yh_business` SET `id` = 34 , `type` = 1 , `surplus` = 100 , `calltoday` = 0 , `limitnum` = 0 , `user_uid` = 34439102 , `user_key` = 'abeflnouxAFIKLQZ57' [ RunTime:0.005088s ]
[2020-11-23T16:36:50+08:00][sql] CONNECT:[ UseTime:0.001882s ] mysql:host=127.0.0.1;port=3306;dbname=jifei_ymcx_shop;charset=utf8
[2020-11-23T16:36:50+08:00][sql] SHOW FULL COLUMNS FROM `yh_webpz` [ RunTime:0.002594s ]
[2020-11-23T16:36:50+08:00][sql] SELECT * FROM `yh_webpz` WHERE  `id` = 1 LIMIT 1 [ RunTime:0.001020s ]
[2020-11-23T16:36:59+08:00][sql] CONNECT:[ UseTime:0.001055s ] mysql:host=127.0.0.1;port=3306;dbname=jifei_ymcx_shop;charset=utf8
[2020-11-23T16:36:59+08:00][sql] SHOW FULL COLUMNS FROM `yh_webpz` [ RunTime:0.002676s ]
[2020-11-23T16:36:59+08:00][sql] SELECT * FROM `yh_webpz` WHERE  `id` = 1 LIMIT 1 [ RunTime:0.004022s ]
[2020-11-23T16:36:59+08:00][sql] SHOW FULL COLUMNS FROM `yh_user` [ RunTime:0.003654s ]
[2020-11-23T16:36:59+08:00][sql] SELECT * FROM `yh_user` WHERE  `username` = 'xjl1995'  AND `password` = 'a184aba1db4e27331e4058ead0dfdc45' LIMIT 1 [ RunTime:0.000914s ]
[2020-11-23T16:37:00+08:00][sql] CONNECT:[ UseTime:0.000997s ] mysql:host=127.0.0.1;port=3306;dbname=jifei_ymcx_shop;charset=utf8
[2020-11-23T16:37:00+08:00][sql] SHOW FULL COLUMNS FROM `yh_user` [ RunTime:0.002210s ]
[2020-11-23T16:37:00+08:00][sql] SELECT * FROM `yh_user` WHERE  `id` = 34 LIMIT 1 [ RunTime:0.000591s ]
[2020-11-23T16:37:00+08:00][sql] SHOW FULL COLUMNS FROM `yh_business` [ RunTime:0.001704s ]
[2020-11-23T16:37:00+08:00][sql] SELECT * FROM `yh_business` WHERE  `id` = 34 LIMIT 1 [ RunTime:0.000506s ]
[2020-11-23T16:37:00+08:00][sql] SHOW FULL COLUMNS FROM `yh_webpz` [ RunTime:0.001765s ]
[2020-11-23T16:37:00+08:00][sql] SELECT * FROM `yh_webpz` WHERE  `id` = 1 LIMIT 1 [ RunTime:0.000612s ]
[2020-11-23T16:37:00+08:00][sql] SHOW FULL COLUMNS FROM `yh_record` [ RunTime:0.002201s ]
[2020-11-23T16:37:00+08:00][sql] SELECT COUNT(*) AS think_count FROM `yh_record` WHERE  `uid` = 34439102  AND `intime` > 1606060800 [ RunTime:0.005578s ]
[2020-11-23T16:37:00+08:00][sql] SHOW FULL COLUMNS FROM `yh_information` [ RunTime:0.001937s ]
[2020-11-23T16:37:00+08:00][sql] SELECT * FROM `yh_information` WHERE  `id` = 1 LIMIT 1 [ RunTime:0.000536s ]
[2020-11-23T16:37:11+08:00][sql] CONNECT:[ UseTime:0.001252s ] mysql:host=127.0.0.1;port=3306;dbname=jifei_ymcx_shop;charset=utf8
[2020-11-23T16:37:11+08:00][sql] SHOW FULL COLUMNS FROM `yh_user` [ RunTime:0.002795s ]
[2020-11-23T16:37:11+08:00][sql] SELECT * FROM `yh_user` WHERE  `id` = 34 LIMIT 1 [ RunTime:0.000954s ]
[2020-11-23T16:37:11+08:00][sql] SHOW FULL COLUMNS FROM `yh_business` [ RunTime:0.001879s ]
[2020-11-23T16:37:11+08:00][sql] SELECT * FROM `yh_business` WHERE  `id` = 34 LIMIT 1 [ RunTime:0.000572s ]
[2020-11-23T16:37:11+08:00][sql] SHOW FULL COLUMNS FROM `yh_webpz` [ RunTime:0.002097s ]
[2020-11-23T16:37:11+08:00][sql] SELECT * FROM `yh_webpz` WHERE  `id` = 1 LIMIT 1 [ RunTime:0.000692s ]
[2020-11-23T16:37:57+08:00][sql] CONNECT:[ UseTime:0.001226s ] mysql:host=127.0.0.1;port=3306;dbname=jifei_ymcx_shop;charset=utf8
[2020-11-23T16:37:57+08:00][sql] SHOW FULL COLUMNS FROM `yh_webpz` [ RunTime:0.002285s ]
[2020-11-23T16:37:57+08:00][sql] SELECT * FROM `yh_webpz` WHERE  `id` = 1 LIMIT 1 [ RunTime:0.000704s ]
[2020-11-23T16:38:22+08:00][sql] CONNECT:[ UseTime:0.001859s ] mysql:host=127.0.0.1;port=3306;dbname=jifei_ymcx_shop;charset=utf8
[2020-11-23T16:38:22+08:00][sql] SHOW FULL COLUMNS FROM `yh_webpz` [ RunTime:0.005727s ]
[2020-11-23T16:38:22+08:00][sql] SELECT * FROM `yh_webpz` WHERE  `id` = 1 LIMIT 1 [ RunTime:0.002381s ]
[2020-11-23T16:38:22+08:00][sql] SHOW FULL COLUMNS FROM `yh_user` [ RunTime:0.007264s ]
[2020-11-23T16:38:22+08:00][sql] SELECT * FROM `yh_user` WHERE  `username` = 'ffsir'  AND `password` = 'b8b433310a7f7d992abf1f063f207999' LIMIT 1 [ RunTime:0.001370s ]
[2020-11-23T16:38:23+08:00][sql] CONNECT:[ UseTime:0.003492s ] mysql:host=127.0.0.1;port=3306;dbname=jifei_ymcx_shop;charset=utf8
[2020-11-23T16:38:23+08:00][sql] SHOW FULL COLUMNS FROM `yh_user` [ RunTime:0.002287s ]
[2020-11-23T16:38:23+08:00][sql] SELECT * FROM `yh_user` WHERE  `id` = 13 LIMIT 1 [ RunTime:0.000870s ]
[2020-11-23T16:38:23+08:00][sql] SHOW FULL COLUMNS FROM `yh_business` [ RunTime:0.004529s ]
[2020-11-23T16:38:23+08:00][sql] SELECT * FROM `yh_business` WHERE  `id` = 13 LIMIT 1 [ RunTime:0.000745s ]
[2020-11-23T16:38:23+08:00][sql] SHOW FULL COLUMNS FROM `yh_webpz` [ RunTime:0.002250s ]
[2020-11-23T16:38:23+08:00][sql] SELECT * FROM `yh_webpz` WHERE  `id` = 1 LIMIT 1 [ RunTime:0.000975s ]
[2020-11-23T16:38:23+08:00][sql] SHOW FULL COLUMNS FROM `yh_record` [ RunTime:0.001593s ]
[2020-11-23T16:38:23+08:00][sql] SELECT COUNT(*) AS think_count FROM `yh_record` WHERE  `uid` = 1399639  AND `intime` > 1606060800 [ RunTime:0.002270s ]
[2020-11-23T16:38:23+08:00][sql] SHOW FULL COLUMNS FROM `yh_information` [ RunTime:0.002814s ]
[2020-11-23T16:38:23+08:00][sql] SELECT * FROM `yh_information` WHERE  `id` = 1 LIMIT 1 [ RunTime:0.004052s ]
[2020-11-23T16:39:44+08:00][sql] CONNECT:[ UseTime:0.001129s ] mysql:host=127.0.0.1;port=3306;dbname=jifei_ymcx_shop;charset=utf8
[2020-11-23T16:39:44+08:00][sql] SHOW FULL COLUMNS FROM `yh_user` [ RunTime:0.003019s ]
[2020-11-23T16:39:44+08:00][sql] SELECT * FROM `yh_user` WHERE  `id` = 13 LIMIT 1 [ RunTime:0.000933s ]
[2020-11-23T16:39:44+08:00][sql] SHOW FULL COLUMNS FROM `yh_business` [ RunTime:0.002833s ]
[2020-11-23T16:39:44+08:00][sql] SELECT * FROM `yh_business` WHERE  `id` = 13 LIMIT 1 [ RunTime:0.000462s ]
[2020-11-23T16:39:44+08:00][sql] SHOW FULL COLUMNS FROM `yh_webpz` [ RunTime:0.002161s ]
[2020-11-23T16:39:44+08:00][sql] SELECT * FROM `yh_webpz` WHERE  `id` = 1 LIMIT 1 [ RunTime:0.000770s ]
[2020-11-23T17:00:32+08:00][sql] CONNECT:[ UseTime:0.001757s ] mysql:host=127.0.0.1;port=3306;dbname=jifei_ymcx_shop;charset=utf8
[2020-11-23T17:00:32+08:00][sql] SHOW FULL COLUMNS FROM `yh_webpz` [ RunTime:0.002617s ]
[2020-11-23T17:00:32+08:00][sql] SELECT * FROM `yh_webpz` WHERE  `id` = 1 LIMIT 1 [ RunTime:0.000582s ]
[2020-11-23T17:00:32+08:00][sql] SHOW FULL COLUMNS FROM `yh_verification` [ RunTime:0.001864s ]
[2020-11-23T17:00:32+08:00][sql] SELECT * FROM `yh_verification` WHERE  `code` = 'lmoswbeiklmtvwz3' LIMIT 1 [ RunTime:0.002146s ]
[2020-11-23T17:00:41+08:00][sql] CONNECT:[ UseTime:0.003208s ] mysql:host=127.0.0.1;port=3306;dbname=jifei_ymcx_shop;charset=utf8
[2020-11-23T17:00:41+08:00][sql] SHOW FULL COLUMNS FROM `yh_webpz` [ RunTime:0.002966s ]
[2020-11-23T17:00:41+08:00][sql] SELECT * FROM `yh_webpz` WHERE  `id` = 1 LIMIT 1 [ RunTime:0.013385s ]
[2020-11-23T17:16:37+08:00][sql] CONNECT:[ UseTime:0.002908s ] mysql:host=127.0.0.1;port=3306;dbname=jifei_ymcx_shop;charset=utf8
[2020-11-23T17:16:37+08:00][sql] SHOW FULL COLUMNS FROM `yh_webpz` [ RunTime:0.005888s ]
[2020-11-23T17:16:37+08:00][sql] SELECT * FROM `yh_webpz` WHERE  `id` = 1 LIMIT 1 [ RunTime:0.003482s ]
[2020-11-23T17:16:45+08:00][sql] CONNECT:[ UseTime:0.003751s ] mysql:host=127.0.0.1;port=3306;dbname=jifei_ymcx_shop;charset=utf8
[2020-11-23T17:16:45+08:00][sql] SHOW FULL COLUMNS FROM `yh_webpz` [ RunTime:0.006697s ]
[2020-11-23T17:16:45+08:00][sql] SELECT * FROM `yh_webpz` WHERE  `id` = 1 LIMIT 1 [ RunTime:0.000835s ]
[2020-11-23T17:16:45+08:00][sql] SHOW FULL COLUMNS FROM `yh_user` [ RunTime:0.003479s ]
[2020-11-23T17:16:45+08:00][sql] SELECT * FROM `yh_user` WHERE  `username` = 'xjl1995'  AND `password` = 'a184aba1db4e27331e4058ead0dfdc45' LIMIT 1 [ RunTime:0.001017s ]
[2020-11-23T17:16:45+08:00][sql] CONNECT:[ UseTime:0.001048s ] mysql:host=127.0.0.1;port=3306;dbname=jifei_ymcx_shop;charset=utf8
[2020-11-23T17:16:45+08:00][sql] SHOW FULL COLUMNS FROM `yh_user` [ RunTime:0.002498s ]
[2020-11-23T17:16:45+08:00][sql] SELECT * FROM `yh_user` WHERE  `id` = 34 LIMIT 1 [ RunTime:0.001828s ]
[2020-11-23T17:16:45+08:00][sql] SHOW FULL COLUMNS FROM `yh_business` [ RunTime:0.001806s ]
[2020-11-23T17:16:45+08:00][sql] SELECT * FROM `yh_business` WHERE  `id` = 34 LIMIT 1 [ RunTime:0.000582s ]
[2020-11-23T17:16:45+08:00][sql] SHOW FULL COLUMNS FROM `yh_webpz` [ RunTime:0.001614s ]
[2020-11-23T17:16:45+08:00][sql] SELECT * FROM `yh_webpz` WHERE  `id` = 1 LIMIT 1 [ RunTime:0.000445s ]
[2020-11-23T17:16:45+08:00][sql] SHOW FULL COLUMNS FROM `yh_record` [ RunTime:0.003349s ]
[2020-11-23T17:16:45+08:00][sql] SELECT COUNT(*) AS think_count FROM `yh_record` WHERE  `uid` = 34439102  AND `intime` > 1606060800 [ RunTime:0.007134s ]
[2020-11-23T17:16:45+08:00][sql] SHOW FULL COLUMNS FROM `yh_information` [ RunTime:0.002548s ]
[2020-11-23T17:16:45+08:00][sql] SELECT * FROM `yh_information` WHERE  `id` = 1 LIMIT 1 [ RunTime:0.000678s ]
[2020-11-23T17:16:49+08:00][sql] CONNECT:[ UseTime:0.001251s ] mysql:host=127.0.0.1;port=3306;dbname=jifei_ymcx_shop;charset=utf8
[2020-11-23T17:16:49+08:00][sql] SHOW FULL COLUMNS FROM `yh_user` [ RunTime:0.003083s ]
[2020-11-23T17:16:49+08:00][sql] SELECT * FROM `yh_user` WHERE  `id` = 34 LIMIT 1 [ RunTime:0.000750s ]
[2020-11-23T17:16:49+08:00][sql] SHOW FULL COLUMNS FROM `yh_business` [ RunTime:0.002576s ]
[2020-11-23T17:16:49+08:00][sql] SELECT * FROM `yh_business` WHERE  `id` = 34 LIMIT 1 [ RunTime:0.002268s ]
[2020-11-23T17:16:49+08:00][sql] SHOW FULL COLUMNS FROM `yh_webpz` [ RunTime:0.002566s ]
[2020-11-23T17:16:49+08:00][sql] SELECT * FROM `yh_webpz` WHERE  `id` = 1 LIMIT 1 [ RunTime:0.000803s ]
[2020-11-23T17:16:54+08:00][sql] CONNECT:[ UseTime:0.000906s ] mysql:host=127.0.0.1;port=3306;dbname=jifei_ymcx_shop;charset=utf8
[2020-11-23T17:16:54+08:00][sql] SHOW FULL COLUMNS FROM `yh_user` [ RunTime:0.001930s ]
[2020-11-23T17:16:54+08:00][sql] SELECT * FROM `yh_user` WHERE  `id` = 34 LIMIT 1 [ RunTime:0.000570s ]
[2020-11-23T17:16:54+08:00][sql] SHOW FULL COLUMNS FROM `yh_business` [ RunTime:0.001303s ]
[2020-11-23T17:16:54+08:00][sql] SELECT * FROM `yh_business` WHERE  `id` = 34 LIMIT 1 [ RunTime:0.000463s ]
[2020-11-23T17:16:54+08:00][sql] SHOW FULL COLUMNS FROM `yh_webpz` [ RunTime:0.001318s ]
[2020-11-23T17:16:54+08:00][sql] SELECT * FROM `yh_webpz` WHERE  `id` = 1 LIMIT 1 [ RunTime:0.000481s ]
[2020-11-23T17:16:57+08:00][sql] CONNECT:[ UseTime:0.002510s ] mysql:host=127.0.0.1;port=3306;dbname=jifei_ymcx_shop;charset=utf8
[2020-11-23T17:16:57+08:00][sql] SHOW FULL COLUMNS FROM `yh_user` [ RunTime:0.002122s ]
[2020-11-23T17:16:57+08:00][sql] SELECT * FROM `yh_user` WHERE  `id` = 34 LIMIT 1 [ RunTime:0.000612s ]
[2020-11-23T17:16:57+08:00][sql] SHOW FULL COLUMNS FROM `yh_business` [ RunTime:0.001456s ]
[2020-11-23T17:16:57+08:00][sql] SELECT * FROM `yh_business` WHERE  `id` = 34 LIMIT 1 [ RunTime:0.000557s ]
[2020-11-23T17:16:57+08:00][sql] SHOW FULL COLUMNS FROM `yh_webpz` [ RunTime:0.001606s ]
[2020-11-23T17:16:57+08:00][sql] SELECT * FROM `yh_webpz` WHERE  `id` = 1 LIMIT 1 [ RunTime:0.000529s ]
[2020-11-23T17:16:57+08:00][sql] SHOW FULL COLUMNS FROM `yh_meal` [ RunTime:0.001762s ]
[2020-11-23T17:16:57+08:00][sql] SELECT * FROM `yh_meal` WHERE  `status` = 1  AND `type` = 1 ORDER BY `id` ASC [ RunTime:0.000717s ]
[2020-11-23T17:17:06+08:00][sql] CONNECT:[ UseTime:0.001296s ] mysql:host=127.0.0.1;port=3306;dbname=jifei_ymcx_shop;charset=utf8
[2020-11-23T17:17:06+08:00][sql] SHOW FULL COLUMNS FROM `yh_user` [ RunTime:0.002913s ]
[2020-11-23T17:17:06+08:00][sql] SELECT * FROM `yh_user` WHERE  `id` = 34 LIMIT 1 [ RunTime:0.000748s ]
[2020-11-23T17:17:06+08:00][sql] SHOW FULL COLUMNS FROM `yh_business` [ RunTime:0.002590s ]
[2020-11-23T17:17:06+08:00][sql] SELECT * FROM `yh_business` WHERE  `id` = 34 LIMIT 1 [ RunTime:0.000652s ]
[2020-11-23T17:17:06+08:00][sql] SHOW FULL COLUMNS FROM `yh_webpz` [ RunTime:0.002043s ]
[2020-11-23T17:17:06+08:00][sql] SELECT * FROM `yh_webpz` WHERE  `id` = 1 LIMIT 1 [ RunTime:0.000677s ]
[2020-11-23T17:17:06+08:00][sql] SHOW FULL COLUMNS FROM `yh_meal` [ RunTime:0.001912s ]
[2020-11-23T17:17:06+08:00][sql] SELECT * FROM `yh_meal` WHERE  `status` = 1  AND `type` = 2 ORDER BY `id` ASC [ RunTime:0.000750s ]
[2020-11-23T17:17:12+08:00][sql] CONNECT:[ UseTime:0.004280s ] mysql:host=127.0.0.1;port=3306;dbname=jifei_ymcx_shop;charset=utf8
[2020-11-23T17:17:12+08:00][sql] SHOW FULL COLUMNS FROM `yh_user` [ RunTime:0.006533s ]
[2020-11-23T17:17:12+08:00][sql] SELECT * FROM `yh_user` WHERE  `id` = 34 LIMIT 1 [ RunTime:0.010733s ]
[2020-11-23T17:17:12+08:00][sql] SHOW FULL COLUMNS FROM `yh_business` [ RunTime:0.002739s ]
[2020-11-23T17:17:12+08:00][sql] SELECT * FROM `yh_business` WHERE  `id` = 34 LIMIT 1 [ RunTime:0.000460s ]
[2020-11-23T17:17:12+08:00][sql] SHOW FULL COLUMNS FROM `yh_webpz` [ RunTime:0.001369s ]
[2020-11-23T17:17:12+08:00][sql] SELECT * FROM `yh_webpz` WHERE  `id` = 1 LIMIT 1 [ RunTime:0.000431s ]
[2020-11-23T17:17:12+08:00][sql] SHOW FULL COLUMNS FROM `yh_meal` [ RunTime:0.001223s ]
[2020-11-23T17:17:12+08:00][sql] SELECT * FROM `yh_meal` WHERE  `status` = 1  AND `type` = 1 ORDER BY `id` ASC [ RunTime:0.003035s ]
[2020-11-23T17:17:17+08:00][sql] CONNECT:[ UseTime:0.003946s ] mysql:host=127.0.0.1;port=3306;dbname=jifei_ymcx_shop;charset=utf8
[2020-11-23T17:17:17+08:00][sql] SHOW FULL COLUMNS FROM `yh_user` [ RunTime:0.005214s ]
[2020-11-23T17:17:17+08:00][sql] SELECT * FROM `yh_user` WHERE  `id` = 34 LIMIT 1 [ RunTime:0.003428s ]
[2020-11-23T17:17:17+08:00][sql] SHOW FULL COLUMNS FROM `yh_business` [ RunTime:0.001797s ]
[2020-11-23T17:17:17+08:00][sql] SELECT * FROM `yh_business` WHERE  `id` = 34 LIMIT 1 [ RunTime:0.000574s ]
[2020-11-23T17:17:17+08:00][sql] SHOW FULL COLUMNS FROM `yh_webpz` [ RunTime:0.001899s ]
[2020-11-23T17:17:17+08:00][sql] SELECT * FROM `yh_webpz` WHERE  `id` = 1 LIMIT 1 [ RunTime:0.000626s ]
[2020-11-23T17:17:17+08:00][sql] SHOW FULL COLUMNS FROM `yh_record` [ RunTime:0.002041s ]
[2020-11-23T17:17:17+08:00][sql] SELECT COUNT(*) AS think_count FROM `yh_record` WHERE  `uid` = 34439102 [ RunTime:0.001703s ]
[2020-11-23T17:17:17+08:00][sql] SELECT * FROM `yh_record` WHERE  `uid` = 34439102 ORDER BY `id` DESC LIMIT 0,10 [ RunTime:0.004218s ]
[2020-11-23T17:17:21+08:00][sql] CONNECT:[ UseTime:0.002764s ] mysql:host=127.0.0.1;port=3306;dbname=jifei_ymcx_shop;charset=utf8
[2020-11-23T17:17:21+08:00][sql] SHOW FULL COLUMNS FROM `yh_user` [ RunTime:0.002226s ]
[2020-11-23T17:17:21+08:00][sql] SELECT * FROM `yh_user` WHERE  `id` = 34 LIMIT 1 [ RunTime:0.000652s ]
[2020-11-23T17:17:21+08:00][sql] SHOW FULL COLUMNS FROM `yh_business` [ RunTime:0.001692s ]
[2020-11-23T17:17:21+08:00][sql] SELECT * FROM `yh_business` WHERE  `id` = 34 LIMIT 1 [ RunTime:0.000487s ]
[2020-11-23T17:17:21+08:00][sql] SHOW FULL COLUMNS FROM `yh_webpz` [ RunTime:0.001750s ]
[2020-11-23T17:17:21+08:00][sql] SELECT * FROM `yh_webpz` WHERE  `id` = 1 LIMIT 1 [ RunTime:0.000562s ]
[2020-11-23T17:17:23+08:00][sql] CONNECT:[ UseTime:0.001023s ] mysql:host=127.0.0.1;port=3306;dbname=jifei_ymcx_shop;charset=utf8
[2020-11-23T17:17:23+08:00][sql] SHOW FULL COLUMNS FROM `yh_user` [ RunTime:0.002129s ]
[2020-11-23T17:17:23+08:00][sql] SELECT * FROM `yh_user` WHERE  `id` = 34 LIMIT 1 [ RunTime:0.000598s ]
[2020-11-23T17:17:23+08:00][sql] SHOW FULL COLUMNS FROM `yh_business` [ RunTime:0.001706s ]
[2020-11-23T17:17:23+08:00][sql] SELECT * FROM `yh_business` WHERE  `id` = 34 LIMIT 1 [ RunTime:0.000537s ]
[2020-11-23T17:17:23+08:00][sql] SHOW FULL COLUMNS FROM `yh_webpz` [ RunTime:0.001744s ]
[2020-11-23T17:17:23+08:00][sql] SELECT * FROM `yh_webpz` WHERE  `id` = 1 LIMIT 1 [ RunTime:0.005496s ]
[2020-11-23T17:18:25+08:00][sql] CONNECT:[ UseTime:0.002250s ] mysql:host=127.0.0.1;port=3306;dbname=jifei_ymcx_shop;charset=utf8
[2020-11-23T17:18:25+08:00][sql] SHOW FULL COLUMNS FROM `yh_user` [ RunTime:0.002483s ]
[2020-11-23T17:18:25+08:00][sql] SELECT * FROM `yh_user` WHERE  `id` = 34 LIMIT 1 [ RunTime:0.001883s ]
[2020-11-23T17:18:25+08:00][sql] SHOW FULL COLUMNS FROM `yh_business` [ RunTime:0.001868s ]
[2020-11-23T17:18:25+08:00][sql] SELECT * FROM `yh_business` WHERE  `id` = 34 LIMIT 1 [ RunTime:0.000720s ]
[2020-11-23T17:18:25+08:00][sql] SHOW FULL COLUMNS FROM `yh_webpz` [ RunTime:0.029072s ]
[2020-11-23T17:18:25+08:00][sql] SELECT * FROM `yh_webpz` WHERE  `id` = 1 LIMIT 1 [ RunTime:0.001505s ]
[2020-11-23T17:18:28+08:00][sql] CONNECT:[ UseTime:0.005696s ] mysql:host=127.0.0.1;port=3306;dbname=jifei_ymcx_shop;charset=utf8
[2020-11-23T17:18:28+08:00][sql] SHOW FULL COLUMNS FROM `yh_user` [ RunTime:0.006884s ]
[2020-11-23T17:18:28+08:00][sql] SELECT * FROM `yh_user` WHERE  `id` = 34 LIMIT 1 [ RunTime:0.000999s ]
[2020-11-23T17:18:28+08:00][sql] SHOW FULL COLUMNS FROM `yh_business` [ RunTime:0.002207s ]
[2020-11-23T17:18:28+08:00][sql] SELECT * FROM `yh_business` WHERE  `id` = 34 LIMIT 1 [ RunTime:0.000576s ]
[2020-11-23T17:18:28+08:00][sql] SHOW FULL COLUMNS FROM `yh_webpz` [ RunTime:0.001947s ]
[2020-11-23T17:18:28+08:00][sql] SELECT * FROM `yh_webpz` WHERE  `id` = 1 LIMIT 1 [ RunTime:0.000553s ]
[2020-11-23T17:19:07+08:00][sql] CONNECT:[ UseTime:0.002840s ] mysql:host=127.0.0.1;port=3306;dbname=jifei_ymcx_shop;charset=utf8
[2020-11-23T17:19:07+08:00][sql] SHOW FULL COLUMNS FROM `yh_user` [ RunTime:0.003676s ]
[2020-11-23T17:19:07+08:00][sql] SELECT * FROM `yh_user` WHERE  `id` = 34 LIMIT 1 [ RunTime:0.001124s ]
[2020-11-23T17:19:07+08:00][sql] SHOW FULL COLUMNS FROM `yh_business` [ RunTime:0.001955s ]
[2020-11-23T17:19:07+08:00][sql] SELECT * FROM `yh_business` WHERE  `id` = 34 LIMIT 1 [ RunTime:0.000757s ]
[2020-11-23T17:19:07+08:00][sql] SHOW FULL COLUMNS FROM `yh_webpz` [ RunTime:0.002061s ]
[2020-11-23T17:19:07+08:00][sql] SELECT * FROM `yh_webpz` WHERE  `id` = 1 LIMIT 1 [ RunTime:0.000697s ]
[2020-11-23T17:23:37+08:00][sql] CONNECT:[ UseTime:0.003504s ] mysql:host=127.0.0.1;port=3306;dbname=jifei_ymcx_shop;charset=utf8
[2020-11-23T17:23:37+08:00][sql] SHOW FULL COLUMNS FROM `yh_user` [ RunTime:0.006853s ]
[2020-11-23T17:23:37+08:00][sql] SELECT * FROM `yh_user` WHERE  `id` = 34 LIMIT 1 [ RunTime:0.001549s ]
[2020-11-23T17:23:37+08:00][sql] SHOW FULL COLUMNS FROM `yh_business` [ RunTime:0.002557s ]
[2020-11-23T17:23:37+08:00][sql] SELECT * FROM `yh_business` WHERE  `id` = 34 LIMIT 1 [ RunTime:0.000915s ]
[2020-11-23T17:23:37+08:00][sql] SHOW FULL COLUMNS FROM `yh_webpz` [ RunTime:0.002601s ]
[2020-11-23T17:23:37+08:00][sql] SELECT * FROM `yh_webpz` WHERE  `id` = 1 LIMIT 1 [ RunTime:0.000735s ]
[2020-11-23T17:23:41+08:00][sql] CONNECT:[ UseTime:0.001106s ] mysql:host=127.0.0.1;port=3306;dbname=jifei_ymcx_shop;charset=utf8
[2020-11-23T17:23:41+08:00][sql] SHOW FULL COLUMNS FROM `yh_user` [ RunTime:0.006362s ]
[2020-11-23T17:23:41+08:00][sql] SELECT * FROM `yh_user` WHERE  `id` = 34 LIMIT 1 [ RunTime:0.004753s ]
[2020-11-23T17:23:41+08:00][sql] SHOW FULL COLUMNS FROM `yh_business` [ RunTime:0.001587s ]
[2020-11-23T17:23:41+08:00][sql] SELECT * FROM `yh_business` WHERE  `id` = 34 LIMIT 1 [ RunTime:0.000540s ]
[2020-11-23T17:23:41+08:00][sql] SHOW FULL COLUMNS FROM `yh_webpz` [ RunTime:0.001282s ]
[2020-11-23T17:23:41+08:00][sql] SELECT * FROM `yh_webpz` WHERE  `id` = 1 LIMIT 1 [ RunTime:0.000481s ]
[2020-11-23T17:23:43+08:00][sql] CONNECT:[ UseTime:0.002603s ] mysql:host=127.0.0.1;port=3306;dbname=jifei_ymcx_shop;charset=utf8
[2020-11-23T17:23:43+08:00][sql] SHOW FULL COLUMNS FROM `yh_user` [ RunTime:0.007053s ]
[2020-11-23T17:23:43+08:00][sql] SELECT * FROM `yh_user` WHERE  `id` = 34 LIMIT 1 [ RunTime:0.000854s ]
[2020-11-23T17:23:43+08:00][sql] SHOW FULL COLUMNS FROM `yh_business` [ RunTime:0.002261s ]
[2020-11-23T17:23:43+08:00][sql] SELECT * FROM `yh_business` WHERE  `id` = 34 LIMIT 1 [ RunTime:0.000720s ]
[2020-11-23T17:23:43+08:00][sql] SHOW FULL COLUMNS FROM `yh_webpz` [ RunTime:0.002428s ]
[2020-11-23T17:23:43+08:00][sql] SELECT * FROM `yh_webpz` WHERE  `id` = 1 LIMIT 1 [ RunTime:0.000712s ]
[2020-11-23T17:23:43+08:00][sql] SHOW FULL COLUMNS FROM `yh_meal` [ RunTime:0.002707s ]
[2020-11-23T17:23:43+08:00][sql] SELECT * FROM `yh_meal` WHERE  `status` = 1  AND `type` = 1 ORDER BY `id` ASC [ RunTime:0.000961s ]
[2020-11-23T17:23:56+08:00][sql] CONNECT:[ UseTime:0.001997s ] mysql:host=127.0.0.1;port=3306;dbname=jifei_ymcx_shop;charset=utf8
[2020-11-23T17:23:56+08:00][sql] SHOW FULL COLUMNS FROM `yh_user` [ RunTime:0.002238s ]
[2020-11-23T17:23:56+08:00][sql] SELECT * FROM `yh_user` WHERE  `id` = 34 LIMIT 1 [ RunTime:0.000663s ]
[2020-11-23T17:23:56+08:00][sql] SHOW FULL COLUMNS FROM `yh_business` [ RunTime:0.001323s ]
[2020-11-23T17:23:56+08:00][sql] SELECT * FROM `yh_business` WHERE  `id` = 34 LIMIT 1 [ RunTime:0.000569s ]
[2020-11-23T17:23:56+08:00][sql] SHOW FULL COLUMNS FROM `yh_webpz` [ RunTime:0.001350s ]
[2020-11-23T17:23:56+08:00][sql] SELECT * FROM `yh_webpz` WHERE  `id` = 1 LIMIT 1 [ RunTime:0.000633s ]
[2020-11-23T17:23:56+08:00][sql] SHOW FULL COLUMNS FROM `yh_meal` [ RunTime:0.003414s ]
[2020-11-23T17:23:56+08:00][sql] SELECT * FROM `yh_meal` WHERE  `id` = 2 LIMIT 1 [ RunTime:0.001865s ]
[2020-11-23T17:23:56+08:00][sql] CONNECT:[ UseTime:0.001104s ] mysql:host=127.0.0.1;port=3306;dbname=jifei_ymcx_shop;charset=utf8
[2020-11-23T17:23:56+08:00][sql] SHOW FULL COLUMNS FROM `yh_user` [ RunTime:0.001967s ]
[2020-11-23T17:23:56+08:00][sql] SELECT * FROM `yh_user` WHERE  `id` = 34 LIMIT 1 [ RunTime:0.000581s ]
[2020-11-23T17:23:56+08:00][sql] SHOW FULL COLUMNS FROM `yh_business` [ RunTime:0.001233s ]
[2020-11-23T17:23:56+08:00][sql] SELECT * FROM `yh_business` WHERE  `id` = 34 LIMIT 1 [ RunTime:0.000418s ]
[2020-11-23T17:23:56+08:00][sql] SHOW FULL COLUMNS FROM `yh_webpz` [ RunTime:0.001521s ]
[2020-11-23T17:23:56+08:00][sql] SELECT * FROM `yh_webpz` WHERE  `id` = 1 LIMIT 1 [ RunTime:0.000459s ]
[2020-11-23T17:23:56+08:00][sql] SHOW FULL COLUMNS FROM `yh_meal` [ RunTime:0.001366s ]
[2020-11-23T17:23:56+08:00][sql] SELECT * FROM `yh_meal` WHERE  `status` = 1  AND `type` = 1 ORDER BY `id` ASC [ RunTime:0.000525s ]
[2020-11-23T17:24:00+08:00][sql] CONNECT:[ UseTime:0.001271s ] mysql:host=127.0.0.1;port=3306;dbname=jifei_ymcx_shop;charset=utf8
[2020-11-23T17:24:00+08:00][sql] SHOW FULL COLUMNS FROM `yh_user` [ RunTime:0.004236s ]
[2020-11-23T17:24:00+08:00][sql] SELECT * FROM `yh_user` WHERE  `id` = 34 LIMIT 1 [ RunTime:0.000816s ]
[2020-11-23T17:24:00+08:00][sql] SHOW FULL COLUMNS FROM `yh_business` [ RunTime:0.002505s ]
[2020-11-23T17:24:00+08:00][sql] SELECT * FROM `yh_business` WHERE  `id` = 34 LIMIT 1 [ RunTime:0.000506s ]
[2020-11-23T17:24:00+08:00][sql] SHOW FULL COLUMNS FROM `yh_webpz` [ RunTime:0.002137s ]
[2020-11-23T17:24:00+08:00][sql] SELECT * FROM `yh_webpz` WHERE  `id` = 1 LIMIT 1 [ RunTime:0.000563s ]
[2020-11-23T17:24:00+08:00][sql] SHOW FULL COLUMNS FROM `yh_meal` [ RunTime:0.006585s ]
[2020-11-23T17:24:00+08:00][sql] SELECT * FROM `yh_meal` WHERE  `id` = 2 LIMIT 1 [ RunTime:0.000663s ]
[2020-11-23T17:24:00+08:00][sql] CONNECT:[ UseTime:0.002417s ] mysql:host=127.0.0.1;port=3306;dbname=jifei_ymcx_shop;charset=utf8
[2020-11-23T17:24:00+08:00][sql] SHOW FULL COLUMNS FROM `yh_user` [ RunTime:0.004149s ]
[2020-11-23T17:24:00+08:00][sql] SELECT * FROM `yh_user` WHERE  `id` = 34 LIMIT 1 [ RunTime:0.000912s ]
[2020-11-23T17:24:00+08:00][sql] SHOW FULL COLUMNS FROM `yh_business` [ RunTime:0.001952s ]
[2020-11-23T17:24:00+08:00][sql] SELECT * FROM `yh_business` WHERE  `id` = 34 LIMIT 1 [ RunTime:0.000470s ]
[2020-11-23T17:24:00+08:00][sql] SHOW FULL COLUMNS FROM `yh_webpz` [ RunTime:0.001720s ]
[2020-11-23T17:24:00+08:00][sql] SELECT * FROM `yh_webpz` WHERE  `id` = 1 LIMIT 1 [ RunTime:0.000554s ]
[2020-11-23T17:24:00+08:00][sql] SHOW FULL COLUMNS FROM `yh_meal` [ RunTime:0.003969s ]
[2020-11-23T17:24:00+08:00][sql] SELECT * FROM `yh_meal` WHERE  `status` = 1  AND `type` = 1 ORDER BY `id` ASC [ RunTime:0.000684s ]
[2020-11-23T17:24:03+08:00][sql] CONNECT:[ UseTime:0.004421s ] mysql:host=127.0.0.1;port=3306;dbname=jifei_ymcx_shop;charset=utf8
[2020-11-23T17:24:03+08:00][sql] SHOW FULL COLUMNS FROM `yh_user` [ RunTime:0.005671s ]
[2020-11-23T17:24:03+08:00][sql] SELECT * FROM `yh_user` WHERE  `id` = 34 LIMIT 1 [ RunTime:0.001061s ]
[2020-11-23T17:24:03+08:00][sql] SHOW FULL COLUMNS FROM `yh_business` [ RunTime:0.001877s ]
[2020-11-23T17:24:03+08:00][sql] SELECT * FROM `yh_business` WHERE  `id` = 34 LIMIT 1 [ RunTime:0.000509s ]
[2020-11-23T17:24:03+08:00][sql] SHOW FULL COLUMNS FROM `yh_webpz` [ RunTime:0.001713s ]
[2020-11-23T17:24:03+08:00][sql] SELECT * FROM `yh_webpz` WHERE  `id` = 1 LIMIT 1 [ RunTime:0.000536s ]
[2020-11-23T17:24:03+08:00][sql] CONNECT:[ UseTime:0.001937s ] mysql:host=127.0.0.1;port=3306;dbname=jifei_ymcx_shop;charset=utf8
[2020-11-23T17:24:03+08:00][sql] SHOW FULL COLUMNS FROM `yh_user` [ RunTime:0.005592s ]
[2020-11-23T17:24:03+08:00][sql] SELECT * FROM `yh_user` WHERE  `id` = 34 LIMIT 1 [ RunTime:0.001901s ]
[2020-11-23T17:24:03+08:00][sql] SHOW FULL COLUMNS FROM `yh_business` [ RunTime:0.002786s ]
[2020-11-23T17:24:03+08:00][sql] SELECT * FROM `yh_business` WHERE  `id` = 34 LIMIT 1 [ RunTime:0.000943s ]
[2020-11-23T17:24:03+08:00][sql] SHOW FULL COLUMNS FROM `yh_webpz` [ RunTime:0.004359s ]
[2020-11-23T17:24:03+08:00][sql] SELECT * FROM `yh_webpz` WHERE  `id` = 1 LIMIT 1 [ RunTime:0.000879s ]
[2020-11-23T17:24:10+08:00][sql] CONNECT:[ UseTime:0.004822s ] mysql:host=127.0.0.1;port=3306;dbname=jifei_ymcx_shop;charset=utf8
[2020-11-23T17:24:10+08:00][sql] SHOW FULL COLUMNS FROM `yh_user` [ RunTime:0.004228s ]
[2020-11-23T17:24:10+08:00][sql] SELECT * FROM `yh_user` WHERE  `id` = 34 LIMIT 1 [ RunTime:0.000859s ]
[2020-11-23T17:24:10+08:00][sql] SHOW FULL COLUMNS FROM `yh_business` [ RunTime:0.001928s ]
[2020-11-23T17:24:10+08:00][sql] SELECT * FROM `yh_business` WHERE  `id` = 34 LIMIT 1 [ RunTime:0.000776s ]
[2020-11-23T17:24:10+08:00][sql] SHOW FULL COLUMNS FROM `yh_webpz` [ RunTime:0.001849s ]
[2020-11-23T17:24:10+08:00][sql] SELECT * FROM `yh_webpz` WHERE  `id` = 1 LIMIT 1 [ RunTime:0.000541s ]
[2020-11-23T17:24:10+08:00][sql] SHOW FULL COLUMNS FROM `yh_order` [ RunTime:0.002241s ]
[2020-11-23T17:24:10+08:00][sql] INSERT INTO `yh_order` SET `user_id` = 34 , `method` = 3 , `payment` = 18 , `ordernum` = '20201123052403' , `status` = 0 , `intime` = 1606123450 [ RunTime:0.001547s ]
[2020-11-23T17:24:10+08:00][sql] SHOW FULL COLUMNS FROM `yh_information` [ RunTime:0.002301s ]
[2020-11-23T17:24:10+08:00][sql] SELECT * FROM `yh_information` WHERE  `id` = 1 LIMIT 1 [ RunTime:0.000763s ]
[2020-11-23T17:24:31+08:00][sql] CONNECT:[ UseTime:0.001136s ] mysql:host=127.0.0.1;port=3306;dbname=jifei_ymcx_shop;charset=utf8
[2020-11-23T17:24:31+08:00][sql] SHOW FULL COLUMNS FROM `yh_user` [ RunTime:0.013190s ]
[2020-11-23T17:24:31+08:00][sql] SELECT * FROM `yh_user` WHERE  `id` = 34 LIMIT 1 [ RunTime:0.000677s ]
[2020-11-23T17:24:31+08:00][sql] SHOW FULL COLUMNS FROM `yh_business` [ RunTime:0.002037s ]
[2020-11-23T17:24:31+08:00][sql] SELECT * FROM `yh_business` WHERE  `id` = 34 LIMIT 1 [ RunTime:0.000593s ]
[2020-11-23T17:24:31+08:00][sql] SHOW FULL COLUMNS FROM `yh_webpz` [ RunTime:0.001755s ]
[2020-11-23T17:24:31+08:00][sql] SELECT * FROM `yh_webpz` WHERE  `id` = 1 LIMIT 1 [ RunTime:0.000594s ]
[2020-11-23T17:24:31+08:00][sql] SHOW FULL COLUMNS FROM `yh_record` [ RunTime:0.004432s ]
[2020-11-23T17:24:31+08:00][sql] SELECT COUNT(*) AS think_count FROM `yh_record` WHERE  `uid` = 34439102  AND `intime` > 1606060800 [ RunTime:0.002639s ]
[2020-11-23T17:24:31+08:00][sql] SHOW FULL COLUMNS FROM `yh_information` [ RunTime:0.002004s ]
[2020-11-23T17:24:31+08:00][sql] SELECT * FROM `yh_information` WHERE  `id` = 1 LIMIT 1 [ RunTime:0.000714s ]
[2020-11-23T17:24:44+08:00][sql] CONNECT:[ UseTime:0.001200s ] mysql:host=127.0.0.1;port=3306;dbname=jifei_ymcx_shop;charset=utf8
[2020-11-23T17:24:44+08:00][sql] SHOW FULL COLUMNS FROM `yh_user` [ RunTime:0.005858s ]
[2020-11-23T17:24:44+08:00][sql] SELECT * FROM `yh_user` WHERE  `id` = 34 LIMIT 1 [ RunTime:0.004737s ]
[2020-11-23T17:24:44+08:00][sql] SHOW FULL COLUMNS FROM `yh_business` [ RunTime:0.002415s ]
[2020-11-23T17:24:44+08:00][sql] SELECT * FROM `yh_business` WHERE  `id` = 34 LIMIT 1 [ RunTime:0.000583s ]
[2020-11-23T17:24:44+08:00][sql] SHOW FULL COLUMNS FROM `yh_webpz` [ RunTime:0.001876s ]
[2020-11-23T17:24:44+08:00][sql] SELECT * FROM `yh_webpz` WHERE  `id` = 1 LIMIT 1 [ RunTime:0.000576s ]
[2020-11-23T17:24:44+08:00][sql] SHOW FULL COLUMNS FROM `yh_meal` [ RunTime:0.001889s ]
[2020-11-23T17:24:44+08:00][sql] SELECT * FROM `yh_meal` WHERE  `status` = 1  AND `type` = 1 ORDER BY `id` ASC [ RunTime:0.000773s ]
[2020-11-23T17:24:46+08:00][sql] CONNECT:[ UseTime:0.005656s ] mysql:host=127.0.0.1;port=3306;dbname=jifei_ymcx_shop;charset=utf8
[2020-11-23T17:24:46+08:00][sql] SHOW FULL COLUMNS FROM `yh_user` [ RunTime:0.002171s ]
[2020-11-23T17:24:46+08:00][sql] SELECT * FROM `yh_user` WHERE  `id` = 34 LIMIT 1 [ RunTime:0.000800s ]
[2020-11-23T17:24:46+08:00][sql] SHOW FULL COLUMNS FROM `yh_business` [ RunTime:0.001626s ]
[2020-11-23T17:24:46+08:00][sql] SELECT * FROM `yh_business` WHERE  `id` = 34 LIMIT 1 [ RunTime:0.000694s ]
[2020-11-23T17:24:46+08:00][sql] SHOW FULL COLUMNS FROM `yh_webpz` [ RunTime:0.001873s ]
[2020-11-23T17:24:46+08:00][sql] SELECT * FROM `yh_webpz` WHERE  `id` = 1 LIMIT 1 [ RunTime:0.000542s ]
[2020-11-23T17:24:46+08:00][sql] SHOW FULL COLUMNS FROM `yh_meal` [ RunTime:0.001826s ]
[2020-11-23T17:24:46+08:00][sql] SELECT * FROM `yh_meal` WHERE  `id` = 2 LIMIT 1 [ RunTime:0.000772s ]
[2020-11-23T17:24:46+08:00][sql] UPDATE `yh_user`  SET `balance` = 0  WHERE  `id` = 34 [ RunTime:0.013631s ]
[2020-11-23T17:24:46+08:00][sql] SELECT * FROM `yh_business` WHERE  `id` = 34 LIMIT 1 [ RunTime:0.001029s ]
[2020-11-23T17:24:46+08:00][sql] UPDATE `yh_business`  SET `type` = 1 , `surplus` = 100098 , `limitnum` = 0  WHERE  `id` = 34 [ RunTime:0.003085s ]
[2020-11-23T17:24:46+08:00][sql] CONNECT:[ UseTime:0.003781s ] mysql:host=127.0.0.1;port=3306;dbname=jifei_ymcx_shop;charset=utf8
[2020-11-23T17:24:46+08:00][sql] SHOW FULL COLUMNS FROM `yh_user` [ RunTime:0.001721s ]
[2020-11-23T17:24:46+08:00][sql] SELECT * FROM `yh_user` WHERE  `id` = 34 LIMIT 1 [ RunTime:0.000535s ]
[2020-11-23T17:24:46+08:00][sql] SHOW FULL COLUMNS FROM `yh_business` [ RunTime:0.001379s ]
[2020-11-23T17:24:46+08:00][sql] SELECT * FROM `yh_business` WHERE  `id` = 34 LIMIT 1 [ RunTime:0.000428s ]
[2020-11-23T17:24:46+08:00][sql] SHOW FULL COLUMNS FROM `yh_webpz` [ RunTime:0.001249s ]
[2020-11-23T17:24:46+08:00][sql] SELECT * FROM `yh_webpz` WHERE  `id` = 1 LIMIT 1 [ RunTime:0.000421s ]
[2020-11-23T17:24:46+08:00][sql] SHOW FULL COLUMNS FROM `yh_meal` [ RunTime:0.001442s ]
[2020-11-23T17:24:46+08:00][sql] SELECT * FROM `yh_meal` WHERE  `status` = 1  AND `type` = 1 ORDER BY `id` ASC [ RunTime:0.000667s ]
[2020-11-23T17:24:49+08:00][sql] CONNECT:[ UseTime:0.001163s ] mysql:host=127.0.0.1;port=3306;dbname=jifei_ymcx_shop;charset=utf8
[2020-11-23T17:24:49+08:00][sql] SHOW FULL COLUMNS FROM `yh_user` [ RunTime:0.002287s ]
[2020-11-23T17:24:49+08:00][sql] SELECT * FROM `yh_user` WHERE  `id` = 34 LIMIT 1 [ RunTime:0.000594s ]
[2020-11-23T17:24:49+08:00][sql] SHOW FULL COLUMNS FROM `yh_business` [ RunTime:0.001786s ]
[2020-11-23T17:24:49+08:00][sql] SELECT * FROM `yh_business` WHERE  `id` = 34 LIMIT 1 [ RunTime:0.000537s ]
[2020-11-23T17:24:49+08:00][sql] SHOW FULL COLUMNS FROM `yh_webpz` [ RunTime:0.001989s ]
[2020-11-23T17:24:49+08:00][sql] SELECT * FROM `yh_webpz` WHERE  `id` = 1 LIMIT 1 [ RunTime:0.000598s ]
[2020-11-23T17:24:50+08:00][sql] CONNECT:[ UseTime:0.000918s ] mysql:host=127.0.0.1;port=3306;dbname=jifei_ymcx_shop;charset=utf8
[2020-11-23T17:24:50+08:00][sql] SHOW FULL COLUMNS FROM `yh_user` [ RunTime:0.002456s ]
[2020-11-23T17:24:50+08:00][sql] SELECT * FROM `yh_user` WHERE  `id` = 34 LIMIT 1 [ RunTime:0.001089s ]
[2020-11-23T17:24:50+08:00][sql] SHOW FULL COLUMNS FROM `yh_business` [ RunTime:0.001777s ]
[2020-11-23T17:24:50+08:00][sql] SELECT * FROM `yh_business` WHERE  `id` = 34 LIMIT 1 [ RunTime:0.000439s ]
[2020-11-23T17:24:50+08:00][sql] SHOW FULL COLUMNS FROM `yh_webpz` [ RunTime:0.001873s ]
[2020-11-23T17:24:50+08:00][sql] SELECT * FROM `yh_webpz` WHERE  `id` = 1 LIMIT 1 [ RunTime:0.000521s ]
[2020-11-23T17:24:50+08:00][sql] SHOW FULL COLUMNS FROM `yh_record` [ RunTime:0.002548s ]
[2020-11-23T17:24:50+08:00][sql] SELECT COUNT(*) AS think_count FROM `yh_record` WHERE  `uid` = 34439102  AND `intime` > 1606060800 [ RunTime:0.001894s ]
[2020-11-23T17:24:50+08:00][sql] SHOW FULL COLUMNS FROM `yh_information` [ RunTime:0.001748s ]
[2020-11-23T17:24:50+08:00][sql] SELECT * FROM `yh_information` WHERE  `id` = 1 LIMIT 1 [ RunTime:0.000512s ]
[2020-11-23T17:24:57+08:00][sql] CONNECT:[ UseTime:0.001854s ] mysql:host=127.0.0.1;port=3306;dbname=jifei_ymcx_shop;charset=utf8
[2020-11-23T17:24:57+08:00][sql] SHOW FULL COLUMNS FROM `yh_user` [ RunTime:0.003050s ]
[2020-11-23T17:24:57+08:00][sql] SELECT * FROM `yh_user` WHERE  `id` = 34 LIMIT 1 [ RunTime:0.000836s ]
[2020-11-23T17:24:57+08:00][sql] SHOW FULL COLUMNS FROM `yh_business` [ RunTime:0.002154s ]
[2020-11-23T17:24:57+08:00][sql] SELECT * FROM `yh_business` WHERE  `id` = 34 LIMIT 1 [ RunTime:0.000696s ]
[2020-11-23T17:24:57+08:00][sql] SHOW FULL COLUMNS FROM `yh_webpz` [ RunTime:0.002294s ]
[2020-11-23T17:24:57+08:00][sql] SELECT * FROM `yh_webpz` WHERE  `id` = 1 LIMIT 1 [ RunTime:0.000746s ]
[2020-11-23T17:32:09+08:00][sql] CONNECT:[ UseTime:0.001997s ] mysql:host=127.0.0.1;port=3306;dbname=jifei_ymcx_shop;charset=utf8
[2020-11-23T17:32:09+08:00][sql] SHOW FULL COLUMNS FROM `yh_user` [ RunTime:0.002703s ]
[2020-11-23T17:32:09+08:00][sql] SELECT * FROM `yh_user` WHERE  `id` = 34 LIMIT 1 [ RunTime:0.001121s ]
[2020-11-23T17:32:09+08:00][sql] SHOW FULL COLUMNS FROM `yh_business` [ RunTime:0.001713s ]
[2020-11-23T17:32:09+08:00][sql] SELECT * FROM `yh_business` WHERE  `id` = 34 LIMIT 1 [ RunTime:0.013193s ]
[2020-11-23T17:32:09+08:00][sql] SHOW FULL COLUMNS FROM `yh_webpz` [ RunTime:0.002798s ]
[2020-11-23T17:32:09+08:00][sql] SELECT * FROM `yh_webpz` WHERE  `id` = 1 LIMIT 1 [ RunTime:0.001400s ]
[2020-11-23T17:32:53+08:00][sql] CONNECT:[ UseTime:0.001048s ] mysql:host=127.0.0.1;port=3306;dbname=jifei_ymcx_shop;charset=utf8
[2020-11-23T17:32:53+08:00][sql] SHOW FULL COLUMNS FROM `yh_user` [ RunTime:0.004383s ]
[2020-11-23T17:32:53+08:00][sql] SELECT * FROM `yh_user` WHERE  `id` = 34 LIMIT 1 [ RunTime:0.001337s ]
[2020-11-23T17:32:53+08:00][sql] SHOW FULL COLUMNS FROM `yh_business` [ RunTime:0.002150s ]
[2020-11-23T17:32:53+08:00][sql] SELECT * FROM `yh_business` WHERE  `id` = 34 LIMIT 1 [ RunTime:0.000665s ]
[2020-11-23T17:32:53+08:00][sql] SHOW FULL COLUMNS FROM `yh_webpz` [ RunTime:0.002213s ]
[2020-11-23T17:32:53+08:00][sql] SELECT * FROM `yh_webpz` WHERE  `id` = 1 LIMIT 1 [ RunTime:0.000654s ]
[2020-11-23T17:32:57+08:00][sql] CONNECT:[ UseTime:0.002060s ] mysql:host=127.0.0.1;port=3306;dbname=jifei_ymcx_shop;charset=utf8
[2020-11-23T17:32:57+08:00][sql] SHOW FULL COLUMNS FROM `yh_user` [ RunTime:0.002231s ]
[2020-11-23T17:32:57+08:00][sql] SELECT * FROM `yh_user` WHERE  `id` = 34 LIMIT 1 [ RunTime:0.000660s ]
[2020-11-23T17:32:57+08:00][sql] SHOW FULL COLUMNS FROM `yh_business` [ RunTime:0.002062s ]
[2020-11-23T17:32:57+08:00][sql] SELECT * FROM `yh_business` WHERE  `id` = 34 LIMIT 1 [ RunTime:0.000895s ]
[2020-11-23T17:32:57+08:00][sql] SHOW FULL COLUMNS FROM `yh_webpz` [ RunTime:0.014871s ]
[2020-11-23T17:32:57+08:00][sql] SELECT * FROM `yh_webpz` WHERE  `id` = 1 LIMIT 1 [ RunTime:0.000669s ]
[2020-11-23T17:33:01+08:00][sql] CONNECT:[ UseTime:0.004405s ] mysql:host=127.0.0.1;port=3306;dbname=jifei_ymcx_shop;charset=utf8
[2020-11-23T17:33:01+08:00][sql] SHOW FULL COLUMNS FROM `yh_user` [ RunTime:0.005740s ]
[2020-11-23T17:33:01+08:00][sql] SELECT * FROM `yh_user` WHERE  `id` = 34 LIMIT 1 [ RunTime:0.003054s ]
[2020-11-23T17:33:01+08:00][sql] SHOW FULL COLUMNS FROM `yh_business` [ RunTime:0.002135s ]
[2020-11-23T17:33:01+08:00][sql] SELECT * FROM `yh_business` WHERE  `id` = 34 LIMIT 1 [ RunTime:0.000931s ]
[2020-11-23T17:33:01+08:00][sql] SHOW FULL COLUMNS FROM `yh_webpz` [ RunTime:0.002140s ]
[2020-11-23T17:33:01+08:00][sql] SELECT * FROM `yh_webpz` WHERE  `id` = 1 LIMIT 1 [ RunTime:0.002145s ]
[2020-11-23T17:33:02+08:00][sql] CONNECT:[ UseTime:0.002799s ] mysql:host=127.0.0.1;port=3306;dbname=jifei_ymcx_shop;charset=utf8
[2020-11-23T17:33:02+08:00][sql] SHOW FULL COLUMNS FROM `yh_user` [ RunTime:0.003156s ]
[2020-11-23T17:33:02+08:00][sql] SELECT * FROM `yh_user` WHERE  `id` = 34 LIMIT 1 [ RunTime:0.000655s ]
[2020-11-23T17:33:02+08:00][sql] SHOW FULL COLUMNS FROM `yh_business` [ RunTime:0.001647s ]
[2020-11-23T17:33:02+08:00][sql] SELECT * FROM `yh_business` WHERE  `id` = 34 LIMIT 1 [ RunTime:0.002166s ]
[2020-11-23T17:33:02+08:00][sql] SHOW FULL COLUMNS FROM `yh_webpz` [ RunTime:0.002235s ]
[2020-11-23T17:33:02+08:00][sql] SELECT * FROM `yh_webpz` WHERE  `id` = 1 LIMIT 1 [ RunTime:0.000614s ]
[2020-11-23T17:33:02+08:00][sql] SHOW FULL COLUMNS FROM `yh_record` [ RunTime:0.002015s ]
[2020-11-23T17:33:02+08:00][sql] SELECT COUNT(*) AS think_count FROM `yh_record` WHERE  `uid` = 34439102 [ RunTime:0.002152s ]
[2020-11-23T17:33:02+08:00][sql] SELECT * FROM `yh_record` WHERE  `uid` = 34439102 ORDER BY `id` DESC LIMIT 0,10 [ RunTime:0.004937s ]
[2020-11-23T17:33:22+08:00][sql] CONNECT:[ UseTime:0.003103s ] mysql:host=127.0.0.1;port=3306;dbname=jifei_ymcx_shop;charset=utf8
[2020-11-23T17:33:22+08:00][sql] SHOW FULL COLUMNS FROM `yh_user` [ RunTime:0.004285s ]
[2020-11-23T17:33:22+08:00][sql] SELECT * FROM `yh_user` WHERE  `id` = 34 LIMIT 1 [ RunTime:0.001442s ]
[2020-11-23T17:33:22+08:00][sql] SHOW FULL COLUMNS FROM `yh_business` [ RunTime:0.002331s ]
[2020-11-23T17:33:22+08:00][sql] SELECT * FROM `yh_business` WHERE  `id` = 34 LIMIT 1 [ RunTime:0.000713s ]
[2020-11-23T17:33:22+08:00][sql] SHOW FULL COLUMNS FROM `yh_webpz` [ RunTime:0.005234s ]
[2020-11-23T17:33:22+08:00][sql] SELECT * FROM `yh_webpz` WHERE  `id` = 1 LIMIT 1 [ RunTime:0.003074s ]
[2020-11-23T17:37:12+08:00][sql] CONNECT:[ UseTime:0.003046s ] mysql:host=127.0.0.1;port=3306;dbname=jifei_ymcx_shop;charset=utf8
[2020-11-23T17:37:12+08:00][sql] SHOW FULL COLUMNS FROM `yh_webpz` [ RunTime:0.002299s ]
[2020-11-23T17:37:12+08:00][sql] SELECT * FROM `yh_webpz` WHERE  `id` = 1 LIMIT 1 [ RunTime:0.001289s ]
[2020-11-23T17:37:21+08:00][sql] CONNECT:[ UseTime:0.003374s ] mysql:host=127.0.0.1;port=3306;dbname=jifei_ymcx_shop;charset=utf8
[2020-11-23T17:37:21+08:00][sql] SHOW FULL COLUMNS FROM `yh_webpz` [ RunTime:0.005308s ]
[2020-11-23T17:37:21+08:00][sql] SELECT * FROM `yh_webpz` WHERE  `id` = 1 LIMIT 1 [ RunTime:0.003753s ]
[2020-11-23T17:37:21+08:00][sql] SHOW FULL COLUMNS FROM `yh_user` [ RunTime:0.003791s ]
[2020-11-23T17:37:21+08:00][sql] SELECT * FROM `yh_user` WHERE  `username` = 'xjl1995'  AND `password` = 'a184aba1db4e27331e4058ead0dfdc45' LIMIT 1 [ RunTime:0.002125s ]
[2020-11-23T17:37:21+08:00][sql] CONNECT:[ UseTime:0.002722s ] mysql:host=127.0.0.1;port=3306;dbname=jifei_ymcx_shop;charset=utf8
[2020-11-23T17:37:21+08:00][sql] SHOW FULL COLUMNS FROM `yh_user` [ RunTime:0.002890s ]
[2020-11-23T17:37:21+08:00][sql] SELECT * FROM `yh_user` WHERE  `id` = 34 LIMIT 1 [ RunTime:0.000631s ]
[2020-11-23T17:37:21+08:00][sql] SHOW FULL COLUMNS FROM `yh_business` [ RunTime:0.001627s ]
[2020-11-23T17:37:21+08:00][sql] SELECT * FROM `yh_business` WHERE  `id` = 34 LIMIT 1 [ RunTime:0.000560s ]
[2020-11-23T17:37:21+08:00][sql] SHOW FULL COLUMNS FROM `yh_webpz` [ RunTime:0.001779s ]
[2020-11-23T17:37:21+08:00][sql] SELECT * FROM `yh_webpz` WHERE  `id` = 1 LIMIT 1 [ RunTime:0.000481s ]
[2020-11-23T17:37:21+08:00][sql] SHOW FULL COLUMNS FROM `yh_record` [ RunTime:0.007099s ]
[2020-11-23T17:37:21+08:00][sql] SELECT COUNT(*) AS think_count FROM `yh_record` WHERE  `uid` = 34439102  AND `intime` > 1606060800 [ RunTime:0.001996s ]
[2020-11-23T17:37:21+08:00][sql] SHOW FULL COLUMNS FROM `yh_information` [ RunTime:0.002240s ]
[2020-11-23T17:37:21+08:00][sql] SELECT * FROM `yh_information` WHERE  `id` = 1 LIMIT 1 [ RunTime:0.000621s ]
[2020-11-23T17:38:24+08:00][sql] CONNECT:[ UseTime:0.001450s ] mysql:host=127.0.0.1;port=3306;dbname=jifei_ymcx_shop;charset=utf8
[2020-11-23T17:38:24+08:00][sql] SHOW FULL COLUMNS FROM `yh_user` [ RunTime:0.002600s ]
[2020-11-23T17:38:24+08:00][sql] SELECT * FROM `yh_user` WHERE  `id` = 34 LIMIT 1 [ RunTime:0.004434s ]
[2020-11-23T17:38:24+08:00][sql] SHOW FULL COLUMNS FROM `yh_business` [ RunTime:0.007251s ]
[2020-11-23T17:38:24+08:00][sql] SELECT * FROM `yh_business` WHERE  `id` = 34 LIMIT 1 [ RunTime:0.000713s ]
[2020-11-23T17:38:24+08:00][sql] SHOW FULL COLUMNS FROM `yh_webpz` [ RunTime:0.006740s ]
[2020-11-23T17:38:24+08:00][sql] SELECT * FROM `yh_webpz` WHERE  `id` = 1 LIMIT 1 [ RunTime:0.001259s ]
[2020-11-23T17:38:24+08:00][sql] SHOW FULL COLUMNS FROM `yh_record` [ RunTime:0.002315s ]
[2020-11-23T17:38:24+08:00][sql] SELECT COUNT(*) AS think_count FROM `yh_record` WHERE  `uid` = 34439102  AND `intime` > 1606060800 [ RunTime:0.001850s ]
[2020-11-23T17:38:24+08:00][sql] SHOW FULL COLUMNS FROM `yh_information` [ RunTime:0.002038s ]
[2020-11-23T17:38:24+08:00][sql] SELECT * FROM `yh_information` WHERE  `id` = 1 LIMIT 1 [ RunTime:0.000778s ]
[2020-11-23T17:38:27+08:00][sql] CONNECT:[ UseTime:0.007047s ] mysql:host=127.0.0.1;port=3306;dbname=jifei_ymcx_shop;charset=utf8
[2020-11-23T17:38:27+08:00][sql] SHOW FULL COLUMNS FROM `yh_webpz` [ RunTime:0.004697s ]
[2020-11-23T17:38:27+08:00][sql] SELECT * FROM `yh_webpz` WHERE  `id` = 1 LIMIT 1 [ RunTime:0.000594s ]
[2020-11-23T17:38:32+08:00][sql] CONNECT:[ UseTime:0.001364s ] mysql:host=127.0.0.1;port=3306;dbname=jifei_ymcx_shop;charset=utf8
[2020-11-23T17:38:32+08:00][sql] SHOW FULL COLUMNS FROM `yh_webpz` [ RunTime:0.002262s ]
[2020-11-23T17:38:32+08:00][sql] SELECT * FROM `yh_webpz` WHERE  `id` = 1 LIMIT 1 [ RunTime:0.000769s ]
[2020-11-23T17:38:32+08:00][sql] SHOW FULL COLUMNS FROM `yh_user` [ RunTime:0.002978s ]
[2020-11-23T17:38:32+08:00][sql] SELECT * FROM `yh_user` WHERE  `username` = '1178350505'  AND `password` = '565be15b663c3a1c6a54055410cb763a' LIMIT 1 [ RunTime:0.003283s ]
[2020-11-23T17:38:32+08:00][sql] CONNECT:[ UseTime:0.001354s ] mysql:host=127.0.0.1;port=3306;dbname=jifei_ymcx_shop;charset=utf8
[2020-11-23T17:38:32+08:00][sql] SHOW FULL COLUMNS FROM `yh_user` [ RunTime:0.003640s ]
[2020-11-23T17:38:32+08:00][sql] SELECT * FROM `yh_user` WHERE  `id` = 1 LIMIT 1 [ RunTime:0.000762s ]
[2020-11-23T17:38:32+08:00][sql] SHOW FULL COLUMNS FROM `yh_business` [ RunTime:0.002178s ]
[2020-11-23T17:38:32+08:00][sql] SELECT * FROM `yh_business` WHERE  `id` = 1 LIMIT 1 [ RunTime:0.000600s ]
[2020-11-23T17:38:32+08:00][sql] SHOW FULL COLUMNS FROM `yh_webpz` [ RunTime:0.002709s ]
[2020-11-23T17:38:32+08:00][sql] SELECT * FROM `yh_webpz` WHERE  `id` = 1 LIMIT 1 [ RunTime:0.001140s ]
[2020-11-23T17:38:32+08:00][sql] SHOW FULL COLUMNS FROM `yh_record` [ RunTime:0.002496s ]
[2020-11-23T17:38:32+08:00][sql] SELECT COUNT(*) AS think_count FROM `yh_record` WHERE  `uid` = 13873  AND `intime` > 1606060800 [ RunTime:0.001798s ]
[2020-11-23T17:38:32+08:00][sql] SHOW FULL COLUMNS FROM `yh_information` [ RunTime:0.001642s ]
[2020-11-23T17:38:32+08:00][sql] SELECT * FROM `yh_information` WHERE  `id` = 1 LIMIT 1 [ RunTime:0.005642s ]
[2020-11-23T17:38:38+08:00][sql] CONNECT:[ UseTime:0.001043s ] mysql:host=127.0.0.1;port=3306;dbname=jifei_ymcx_shop;charset=utf8
[2020-11-23T17:38:38+08:00][sql] SHOW FULL COLUMNS FROM `yh_user` [ RunTime:0.003028s ]
[2020-11-23T17:38:38+08:00][sql] SELECT * FROM `yh_user` WHERE  `id` = 1 LIMIT 1 [ RunTime:0.000761s ]
[2020-11-23T17:38:38+08:00][sql] SHOW FULL COLUMNS FROM `yh_business` [ RunTime:0.006188s ]
[2020-11-23T17:38:38+08:00][sql] SELECT * FROM `yh_business` WHERE  `id` = 1 LIMIT 1 [ RunTime:0.004344s ]
[2020-11-23T17:38:38+08:00][sql] SHOW FULL COLUMNS FROM `yh_webpz` [ RunTime:0.016935s ]
[2020-11-23T17:38:38+08:00][sql] SELECT * FROM `yh_webpz` WHERE  `id` = 1 LIMIT 1 [ RunTime:0.000789s ]
[2020-11-23T17:38:38+08:00][sql] CONNECT:[ UseTime:0.002732s ] mysql:host=127.0.0.1;port=3306;dbname=jifei_ymcx_shop;charset=utf8
[2020-11-23T17:38:38+08:00][sql] SHOW FULL COLUMNS FROM `yh_user` [ RunTime:0.002601s ]
[2020-11-23T17:38:38+08:00][sql] SELECT * FROM `yh_user` WHERE  `id` = 1 LIMIT 1 [ RunTime:0.000487s ]
[2020-11-23T17:38:38+08:00][sql] SHOW FULL COLUMNS FROM `yh_business` [ RunTime:0.001511s ]
[2020-11-23T17:38:38+08:00][sql] SELECT * FROM `yh_business` WHERE  `id` = 1 LIMIT 1 [ RunTime:0.000608s ]
[2020-11-23T17:38:38+08:00][sql] SHOW FULL COLUMNS FROM `yh_webpz` [ RunTime:0.004462s ]
[2020-11-23T17:38:38+08:00][sql] SELECT * FROM `yh_webpz` WHERE  `id` = 1 LIMIT 1 [ RunTime:0.000845s ]
[2020-11-23T17:39:16+08:00][sql] CONNECT:[ UseTime:0.002491s ] mysql:host=127.0.0.1;port=3306;dbname=jifei_ymcx_shop;charset=utf8
[2020-11-23T17:39:16+08:00][sql] SHOW FULL COLUMNS FROM `yh_user` [ RunTime:0.002337s ]
[2020-11-23T17:39:16+08:00][sql] SELECT * FROM `yh_user` WHERE  `id` = 34 LIMIT 1 [ RunTime:0.000816s ]
[2020-11-23T17:39:16+08:00][sql] SHOW FULL COLUMNS FROM `yh_business` [ RunTime:0.002753s ]
[2020-11-23T17:39:16+08:00][sql] SELECT * FROM `yh_business` WHERE  `id` = 34 LIMIT 1 [ RunTime:0.004953s ]
[2020-11-23T17:39:16+08:00][sql] SHOW FULL COLUMNS FROM `yh_webpz` [ RunTime:0.011514s ]
[2020-11-23T17:39:16+08:00][sql] SELECT * FROM `yh_webpz` WHERE  `id` = 1 LIMIT 1 [ RunTime:0.003307s ]
[2020-11-23T17:39:20+08:00][sql] CONNECT:[ UseTime:0.001175s ] mysql:host=127.0.0.1;port=3306;dbname=jifei_ymcx_shop;charset=utf8
[2020-11-23T17:39:20+08:00][sql] SHOW FULL COLUMNS FROM `yh_user` [ RunTime:0.002341s ]
[2020-11-23T17:39:20+08:00][sql] SELECT * FROM `yh_user` WHERE  `id` = 34 LIMIT 1 [ RunTime:0.000657s ]
[2020-11-23T17:39:20+08:00][sql] SHOW FULL COLUMNS FROM `yh_business` [ RunTime:0.003111s ]
[2020-11-23T17:39:20+08:00][sql] SELECT * FROM `yh_business` WHERE  `id` = 34 LIMIT 1 [ RunTime:0.000521s ]
[2020-11-23T17:39:20+08:00][sql] SHOW FULL COLUMNS FROM `yh_webpz` [ RunTime:0.001947s ]
[2020-11-23T17:39:20+08:00][sql] SELECT * FROM `yh_webpz` WHERE  `id` = 1 LIMIT 1 [ RunTime:0.000642s ]
[2020-11-23T17:39:24+08:00][sql] CONNECT:[ UseTime:0.001012s ] mysql:host=127.0.0.1;port=3306;dbname=jifei_ymcx_shop;charset=utf8
[2020-11-23T17:39:24+08:00][sql] SHOW FULL COLUMNS FROM `yh_user` [ RunTime:0.001933s ]
[2020-11-23T17:39:24+08:00][sql] SELECT * FROM `yh_user` WHERE  `id` = 34 LIMIT 1 [ RunTime:0.000671s ]
[2020-11-23T17:39:24+08:00][sql] SHOW FULL COLUMNS FROM `yh_business` [ RunTime:0.001625s ]
[2020-11-23T17:39:24+08:00][sql] SELECT * FROM `yh_business` WHERE  `id` = 34 LIMIT 1 [ RunTime:0.000567s ]
[2020-11-23T17:39:24+08:00][sql] SHOW FULL COLUMNS FROM `yh_webpz` [ RunTime:0.001796s ]
[2020-11-23T17:39:24+08:00][sql] SELECT * FROM `yh_webpz` WHERE  `id` = 1 LIMIT 1 [ RunTime:0.000584s ]
[2020-11-23T17:39:24+08:00][sql] SHOW FULL COLUMNS FROM `yh_record` [ RunTime:0.001451s ]
[2020-11-23T17:39:24+08:00][sql] SELECT COUNT(*) AS think_count FROM `yh_record` WHERE  `uid` = 34439102 [ RunTime:0.002378s ]
[2020-11-23T17:39:24+08:00][sql] SELECT * FROM `yh_record` WHERE  `uid` = 34439102 ORDER BY `id` DESC LIMIT 0,10 [ RunTime:0.003076s ]
[2020-11-23T17:39:26+08:00][sql] CONNECT:[ UseTime:0.004979s ] mysql:host=127.0.0.1;port=3306;dbname=jifei_ymcx_shop;charset=utf8
[2020-11-23T17:39:26+08:00][sql] SHOW FULL COLUMNS FROM `yh_user` [ RunTime:0.006215s ]
[2020-11-23T17:39:26+08:00][sql] SELECT * FROM `yh_user` WHERE  `id` = 34 LIMIT 1 [ RunTime:0.000618s ]
[2020-11-23T17:39:26+08:00][sql] SHOW FULL COLUMNS FROM `yh_business` [ RunTime:0.002190s ]
[2020-11-23T17:39:26+08:00][sql] SELECT * FROM `yh_business` WHERE  `id` = 34 LIMIT 1 [ RunTime:0.000612s ]
[2020-11-23T17:39:26+08:00][sql] SHOW FULL COLUMNS FROM `yh_webpz` [ RunTime:0.001885s ]
[2020-11-23T17:39:26+08:00][sql] SELECT * FROM `yh_webpz` WHERE  `id` = 1 LIMIT 1 [ RunTime:0.000656s ]
[2020-11-23T17:40:00+08:00][sql] CONNECT:[ UseTime:0.001219s ] mysql:host=127.0.0.1;port=3306;dbname=jifei_ymcx_shop;charset=utf8
[2020-11-23T17:40:00+08:00][sql] SHOW FULL COLUMNS FROM `yh_user` [ RunTime:0.005167s ]
[2020-11-23T17:40:00+08:00][sql] SELECT * FROM `yh_user` WHERE  `id` = 34 LIMIT 1 [ RunTime:0.002224s ]
[2020-11-23T17:40:00+08:00][sql] SHOW FULL COLUMNS FROM `yh_business` [ RunTime:0.002420s ]
[2020-11-23T17:40:00+08:00][sql] SELECT * FROM `yh_business` WHERE  `id` = 34 LIMIT 1 [ RunTime:0.000602s ]
[2020-11-23T17:40:00+08:00][sql] SHOW FULL COLUMNS FROM `yh_webpz` [ RunTime:0.001614s ]
[2020-11-23T17:40:00+08:00][sql] SELECT * FROM `yh_webpz` WHERE  `id` = 1 LIMIT 1 [ RunTime:0.000720s ]
[2020-11-23T20:20:03+08:00][sql] CONNECT:[ UseTime:0.002229s ] mysql:host=127.0.0.1;port=3306;dbname=jifei_ymcx_shop;charset=utf8
[2020-11-23T20:20:03+08:00][sql] SHOW FULL COLUMNS FROM `yh_webpz` [ RunTime:0.004566s ]
[2020-11-23T20:20:03+08:00][sql] SELECT * FROM `yh_webpz` WHERE  `id` = 1 LIMIT 1 [ RunTime:0.001026s ]
[2020-11-23T20:24:50+08:00][sql] CONNECT:[ UseTime:0.001019s ] mysql:host=127.0.0.1;port=3306;dbname=jifei_ymcx_shop;charset=utf8
[2020-11-23T20:24:50+08:00][sql] SHOW FULL COLUMNS FROM `yh_webpz` [ RunTime:0.003525s ]
[2020-11-23T20:24:50+08:00][sql] SELECT * FROM `yh_webpz` WHERE  `id` = 1 LIMIT 1 [ RunTime:0.000806s ]
[2020-11-23T20:24:50+08:00][sql] CONNECT:[ UseTime:0.001643s ] mysql:host=127.0.0.1;port=3306;dbname=jifei_ymcx_shop;charset=utf8
[2020-11-23T20:24:50+08:00][sql] SHOW FULL COLUMNS FROM `yh_webpz` [ RunTime:0.003454s ]
[2020-11-23T20:24:50+08:00][sql] SELECT * FROM `yh_webpz` WHERE  `id` = 1 LIMIT 1 [ RunTime:0.000882s ]
[2020-11-23T20:25:11+08:00][sql] CONNECT:[ UseTime:0.001193s ] mysql:host=127.0.0.1;port=3306;dbname=jifei_ymcx_shop;charset=utf8
[2020-11-23T20:25:11+08:00][sql] SHOW FULL COLUMNS FROM `yh_webpz` [ RunTime:0.002786s ]
[2020-11-23T20:25:11+08:00][sql] SELECT * FROM `yh_webpz` WHERE  `id` = 1 LIMIT 1 [ RunTime:0.002200s ]
[2020-11-23T20:25:11+08:00][sql] SHOW FULL COLUMNS FROM `yh_user` [ RunTime:0.002776s ]
[2020-11-23T20:25:11+08:00][sql] SELECT * FROM `yh_user` WHERE  `username` = '938605039'  AND `password` = '7ef0adb39cbbb4c8deeefad395742edf' LIMIT 1 [ RunTime:0.007438s ]
[2020-11-23T20:25:11+08:00][sql] CONNECT:[ UseTime:0.006014s ] mysql:host=127.0.0.1;port=3306;dbname=jifei_ymcx_shop;charset=utf8
[2020-11-23T20:25:11+08:00][sql] SHOW FULL COLUMNS FROM `yh_webpz` [ RunTime:0.002018s ]
[2020-11-23T20:25:11+08:00][sql] SELECT * FROM `yh_webpz` WHERE  `id` = 1 LIMIT 1 [ RunTime:0.000735s ]
[2020-11-23T20:25:11+08:00][sql] CONNECT:[ UseTime:0.014189s ] mysql:host=127.0.0.1;port=3306;dbname=jifei_ymcx_shop;charset=utf8
[2020-11-23T20:25:11+08:00][sql] SHOW FULL COLUMNS FROM `yh_user` [ RunTime:0.002995s ]
[2020-11-23T20:25:11+08:00][sql] SELECT * FROM `yh_user` WHERE  `id` = 3 LIMIT 1 [ RunTime:0.007718s ]
[2020-11-23T20:25:11+08:00][sql] SHOW FULL COLUMNS FROM `yh_business` [ RunTime:0.002768s ]
[2020-11-23T20:25:11+08:00][sql] SELECT * FROM `yh_business` WHERE  `id` = 3 LIMIT 1 [ RunTime:0.000824s ]
[2020-11-23T20:25:11+08:00][sql] SHOW FULL COLUMNS FROM `yh_webpz` [ RunTime:0.001778s ]
[2020-11-23T20:25:11+08:00][sql] SELECT * FROM `yh_webpz` WHERE  `id` = 1 LIMIT 1 [ RunTime:0.001936s ]
[2020-11-23T20:25:11+08:00][sql] SHOW FULL COLUMNS FROM `yh_record` [ RunTime:0.003282s ]
[2020-11-23T20:25:11+08:00][sql] SELECT COUNT(*) AS think_count FROM `yh_record` WHERE  `uid` = 38119  AND `intime` > 1606060800 [ RunTime:0.003767s ]
[2020-11-23T20:25:11+08:00][sql] SHOW FULL COLUMNS FROM `yh_information` [ RunTime:0.002188s ]
[2020-11-23T20:25:11+08:00][sql] SELECT * FROM `yh_information` WHERE  `id` = 1 LIMIT 1 [ RunTime:0.000608s ]
[2020-11-23T20:25:29+08:00][sql] CONNECT:[ UseTime:0.001224s ] mysql:host=127.0.0.1;port=3306;dbname=jifei_ymcx_shop;charset=utf8
[2020-11-23T20:25:29+08:00][sql] SHOW FULL COLUMNS FROM `yh_user` [ RunTime:0.004803s ]
[2020-11-23T20:25:29+08:00][sql] SELECT * FROM `yh_user` WHERE  `id` = 3 LIMIT 1 [ RunTime:0.000752s ]
[2020-11-23T20:25:29+08:00][sql] SHOW FULL COLUMNS FROM `yh_business` [ RunTime:0.001894s ]
[2020-11-23T20:25:29+08:00][sql] SELECT * FROM `yh_business` WHERE  `id` = 3 LIMIT 1 [ RunTime:0.000682s ]
[2020-11-23T20:25:29+08:00][sql] SHOW FULL COLUMNS FROM `yh_webpz` [ RunTime:0.003057s ]
[2020-11-23T20:25:29+08:00][sql] SELECT * FROM `yh_webpz` WHERE  `id` = 1 LIMIT 1 [ RunTime:0.000752s ]
[2020-11-23T20:25:29+08:00][sql] SHOW FULL COLUMNS FROM `yh_record` [ RunTime:0.006689s ]
[2020-11-23T20:25:29+08:00][sql] SELECT COUNT(*) AS think_count FROM `yh_record` WHERE  `uid` = 38119 [ RunTime:0.004844s ]
[2020-11-23T20:25:29+08:00][sql] SELECT * FROM `yh_record` WHERE  `uid` = 38119 ORDER BY `id` DESC LIMIT 0,10 [ RunTime:0.003909s ]
[2020-11-23T20:36:29+08:00][sql] CONNECT:[ UseTime:0.002350s ] mysql:host=127.0.0.1;port=3306;dbname=jifei_ymcx_shop;charset=utf8
[2020-11-23T20:36:29+08:00][sql] SHOW FULL COLUMNS FROM `yh_webpz` [ RunTime:0.003126s ]
[2020-11-23T20:36:29+08:00][sql] SELECT * FROM `yh_webpz` WHERE  `id` = 1 LIMIT 1 [ RunTime:0.000774s ]
[2020-11-23T20:37:40+08:00][sql] CONNECT:[ UseTime:0.001195s ] mysql:host=127.0.0.1;port=3306;dbname=jifei_ymcx_shop;charset=utf8
[2020-11-23T20:37:40+08:00][sql] SHOW FULL COLUMNS FROM `yh_webpz` [ RunTime:0.004265s ]
[2020-11-23T20:37:40+08:00][sql] SELECT * FROM `yh_webpz` WHERE  `id` = 1 LIMIT 1 [ RunTime:0.001994s ]
[2020-11-23T21:30:07+08:00][sql] CONNECT:[ UseTime:0.001321s ] mysql:host=127.0.0.1;port=3306;dbname=jifei_ymcx_shop;charset=utf8
[2020-11-23T21:30:07+08:00][sql] SHOW FULL COLUMNS FROM `yh_webpz` [ RunTime:0.004379s ]
[2020-11-23T21:30:07+08:00][sql] SELECT * FROM `yh_webpz` WHERE  `id` = 1 LIMIT 1 [ RunTime:0.001128s ]
[2020-11-23T21:30:15+08:00][sql] CONNECT:[ UseTime:0.001362s ] mysql:host=127.0.0.1;port=3306;dbname=jifei_ymcx_shop;charset=utf8
[2020-11-23T21:30:15+08:00][sql] SHOW FULL COLUMNS FROM `yh_webpz` [ RunTime:0.003248s ]
[2020-11-23T21:30:15+08:00][sql] SELECT * FROM `yh_webpz` WHERE  `id` = 1 LIMIT 1 [ RunTime:0.004182s ]
[2020-11-23T21:30:15+08:00][sql] SHOW FULL COLUMNS FROM `yh_user` [ RunTime:0.004573s ]
[2020-11-23T21:30:15+08:00][sql] SELECT * FROM `yh_user` WHERE  `username` = 'hercolor'  AND `password` = '6d4ac55f93164cea9890b5506ac2d093' LIMIT 1 [ RunTime:0.001781s ]
[2020-11-23T21:30:15+08:00][sql] CONNECT:[ UseTime:0.001460s ] mysql:host=127.0.0.1;port=3306;dbname=jifei_ymcx_shop;charset=utf8
[2020-11-23T21:30:15+08:00][sql] SHOW FULL COLUMNS FROM `yh_webpz` [ RunTime:0.002928s ]
[2020-11-23T21:30:15+08:00][sql] SELECT * FROM `yh_webpz` WHERE  `id` = 1 LIMIT 1 [ RunTime:0.001129s ]
[2020-11-23T22:50:32+08:00][sql] CONNECT:[ UseTime:0.001191s ] mysql:host=127.0.0.1;port=3306;dbname=jifei_ymcx_shop;charset=utf8
[2020-11-23T22:50:32+08:00][sql] SHOW FULL COLUMNS FROM `yh_webpz` [ RunTime:0.006851s ]
[2020-11-23T22:50:32+08:00][sql] SELECT * FROM `yh_webpz` WHERE  `id` = 1 LIMIT 1 [ RunTime:0.000783s ]
[2020-11-23T22:51:02+08:00][sql] CONNECT:[ UseTime:0.003518s ] mysql:host=127.0.0.1;port=3306;dbname=jifei_ymcx_shop;charset=utf8
[2020-11-23T22:51:02+08:00][sql] SHOW FULL COLUMNS FROM `yh_webpz` [ RunTime:0.002460s ]
[2020-11-23T22:51:02+08:00][sql] SELECT * FROM `yh_webpz` WHERE  `id` = 1 LIMIT 1 [ RunTime:0.003789s ]
[2020-11-23T22:51:02+08:00][sql] SHOW FULL COLUMNS FROM `yh_user` [ RunTime:0.002099s ]
[2020-11-23T22:51:02+08:00][sql] SELECT * FROM `yh_user` WHERE  `username` = '1178350505'  AND `password` = 'e10adc3949ba59abbe56e057f20f883e' LIMIT 1 [ RunTime:0.001501s ]
[2020-11-23T22:51:02+08:00][sql] CONNECT:[ UseTime:0.004628s ] mysql:host=127.0.0.1;port=3306;dbname=jifei_ymcx_shop;charset=utf8
[2020-11-23T22:51:02+08:00][sql] SHOW FULL COLUMNS FROM `yh_webpz` [ RunTime:0.006306s ]
[2020-11-23T22:51:02+08:00][sql] SELECT * FROM `yh_webpz` WHERE  `id` = 1 LIMIT 1 [ RunTime:0.004157s ]
[2020-11-23T22:51:12+08:00][sql] CONNECT:[ UseTime:0.002603s ] mysql:host=127.0.0.1;port=3306;dbname=jifei_ymcx_shop;charset=utf8
[2020-11-23T22:51:12+08:00][sql] SHOW FULL COLUMNS FROM `yh_webpz` [ RunTime:0.003160s ]
[2020-11-23T22:51:12+08:00][sql] SELECT * FROM `yh_webpz` WHERE  `id` = 1 LIMIT 1 [ RunTime:0.000772s ]
[2020-11-23T22:51:12+08:00][sql] SHOW FULL COLUMNS FROM `yh_user` [ RunTime:0.002095s ]
[2020-11-23T22:51:12+08:00][sql] SELECT * FROM `yh_user` WHERE  `username` = 'longchun'  AND `password` = 'b945d739131fcea0ca7835eca9eb3af7' LIMIT 1 [ RunTime:0.000728s ]
[2020-11-23T22:51:12+08:00][sql] CONNECT:[ UseTime:0.001360s ] mysql:host=127.0.0.1;port=3306;dbname=jifei_ymcx_shop;charset=utf8
[2020-11-23T22:51:12+08:00][sql] SHOW FULL COLUMNS FROM `yh_user` [ RunTime:0.002559s ]
[2020-11-23T22:51:12+08:00][sql] SELECT * FROM `yh_user` WHERE  `id` = 17 LIMIT 1 [ RunTime:0.000674s ]
[2020-11-23T22:51:12+08:00][sql] SHOW FULL COLUMNS FROM `yh_business` [ RunTime:0.003332s ]
[2020-11-23T22:51:12+08:00][sql] SELECT * FROM `yh_business` WHERE  `id` = 17 LIMIT 1 [ RunTime:0.000736s ]
[2020-11-23T22:51:12+08:00][sql] SHOW FULL COLUMNS FROM `yh_webpz` [ RunTime:0.006172s ]
[2020-11-23T22:51:12+08:00][sql] SELECT * FROM `yh_webpz` WHERE  `id` = 1 LIMIT 1 [ RunTime:0.000947s ]
[2020-11-23T22:51:12+08:00][sql] SHOW FULL COLUMNS FROM `yh_record` [ RunTime:0.002207s ]
[2020-11-23T22:51:12+08:00][sql] SELECT COUNT(*) AS think_count FROM `yh_record` WHERE  `uid` = 1723751  AND `intime` > 1606060800 [ RunTime:0.004255s ]
[2020-11-23T22:51:12+08:00][sql] SHOW FULL COLUMNS FROM `yh_information` [ RunTime:0.002078s ]
[2020-11-23T22:51:12+08:00][sql] SELECT * FROM `yh_information` WHERE  `id` = 1 LIMIT 1 [ RunTime:0.001432s ]
[2020-11-23T22:51:18+08:00][sql] CONNECT:[ UseTime:0.000820s ] mysql:host=127.0.0.1;port=3306;dbname=jifei_ymcx_shop;charset=utf8
[2020-11-23T22:51:18+08:00][sql] SHOW FULL COLUMNS FROM `yh_user` [ RunTime:0.001950s ]
[2020-11-23T22:51:18+08:00][sql] SELECT * FROM `yh_user` WHERE  `id` = 17 LIMIT 1 [ RunTime:0.000527s ]
[2020-11-23T22:51:18+08:00][sql] SHOW FULL COLUMNS FROM `yh_business` [ RunTime:0.005304s ]
[2020-11-23T22:51:18+08:00][sql] SELECT * FROM `yh_business` WHERE  `id` = 17 LIMIT 1 [ RunTime:0.001302s ]
[2020-11-23T22:51:18+08:00][sql] SHOW FULL COLUMNS FROM `yh_webpz` [ RunTime:0.001727s ]
[2020-11-23T22:51:18+08:00][sql] SELECT * FROM `yh_webpz` WHERE  `id` = 1 LIMIT 1 [ RunTime:0.000492s ]
[2020-11-23T22:51:24+08:00][sql] CONNECT:[ UseTime:0.001041s ] mysql:host=127.0.0.1;port=3306;dbname=jifei_ymcx_shop;charset=utf8
[2020-11-23T22:51:24+08:00][sql] SHOW FULL COLUMNS FROM `yh_user` [ RunTime:0.002563s ]
[2020-11-23T22:51:24+08:00][sql] SELECT * FROM `yh_user` WHERE  `id` = 17 LIMIT 1 [ RunTime:0.000791s ]
[2020-11-23T22:51:24+08:00][sql] SHOW FULL COLUMNS FROM `yh_business` [ RunTime:0.001714s ]
[2020-11-23T22:51:24+08:00][sql] SELECT * FROM `yh_business` WHERE  `id` = 17 LIMIT 1 [ RunTime:0.000676s ]
[2020-11-23T22:51:24+08:00][sql] SHOW FULL COLUMNS FROM `yh_webpz` [ RunTime:0.001867s ]
[2020-11-23T22:51:24+08:00][sql] SELECT * FROM `yh_webpz` WHERE  `id` = 1 LIMIT 1 [ RunTime:0.000611s ]
[2020-11-23T22:51:33+08:00][sql] CONNECT:[ UseTime:0.001012s ] mysql:host=127.0.0.1;port=3306;dbname=jifei_ymcx_shop;charset=utf8
[2020-11-23T22:51:33+08:00][sql] SHOW FULL COLUMNS FROM `yh_user` [ RunTime:0.003090s ]
[2020-11-23T22:51:33+08:00][sql] SELECT * FROM `yh_user` WHERE  `id` = 17 LIMIT 1 [ RunTime:0.001413s ]
[2020-11-23T22:51:33+08:00][sql] SHOW FULL COLUMNS FROM `yh_business` [ RunTime:0.002306s ]
[2020-11-23T22:51:33+08:00][sql] SELECT * FROM `yh_business` WHERE  `id` = 17 LIMIT 1 [ RunTime:0.001716s ]
[2020-11-23T22:51:33+08:00][sql] SHOW FULL COLUMNS FROM `yh_webpz` [ RunTime:0.001786s ]
[2020-11-23T22:51:33+08:00][sql] SELECT * FROM `yh_webpz` WHERE  `id` = 1 LIMIT 1 [ RunTime:0.000795s ]
[2020-11-23T22:51:36+08:00][sql] CONNECT:[ UseTime:0.001201s ] mysql:host=127.0.0.1;port=3306;dbname=jifei_ymcx_shop;charset=utf8
[2020-11-23T22:51:36+08:00][sql] SHOW FULL COLUMNS FROM `yh_user` [ RunTime:0.005559s ]
[2020-11-23T22:51:36+08:00][sql] SELECT * FROM `yh_user` WHERE  `id` = 17 LIMIT 1 [ RunTime:0.004166s ]
[2020-11-23T22:51:36+08:00][sql] SHOW FULL COLUMNS FROM `yh_business` [ RunTime:0.002162s ]
[2020-11-23T22:51:36+08:00][sql] SELECT * FROM `yh_business` WHERE  `id` = 17 LIMIT 1 [ RunTime:0.000522s ]
[2020-11-23T22:51:36+08:00][sql] SHOW FULL COLUMNS FROM `yh_webpz` [ RunTime:0.015629s ]
[2020-11-23T22:51:36+08:00][sql] SELECT * FROM `yh_webpz` WHERE  `id` = 1 LIMIT 1 [ RunTime:0.000623s ]
[2020-11-23T22:51:38+08:00][sql] CONNECT:[ UseTime:0.002533s ] mysql:host=127.0.0.1;port=3306;dbname=jifei_ymcx_shop;charset=utf8
[2020-11-23T22:51:38+08:00][sql] SHOW FULL COLUMNS FROM `yh_user` [ RunTime:0.002775s ]
[2020-11-23T22:51:38+08:00][sql] SELECT * FROM `yh_user` WHERE  `id` = 17 LIMIT 1 [ RunTime:0.001116s ]
[2020-11-23T22:51:38+08:00][sql] SHOW FULL COLUMNS FROM `yh_business` [ RunTime:0.002289s ]
[2020-11-23T22:51:38+08:00][sql] SELECT * FROM `yh_business` WHERE  `id` = 17 LIMIT 1 [ RunTime:0.000933s ]
[2020-11-23T22:51:38+08:00][sql] SHOW FULL COLUMNS FROM `yh_webpz` [ RunTime:0.005418s ]
[2020-11-23T22:51:38+08:00][sql] SELECT * FROM `yh_webpz` WHERE  `id` = 1 LIMIT 1 [ RunTime:0.005086s ]
[2020-11-23T22:51:39+08:00][sql] CONNECT:[ UseTime:0.004426s ] mysql:host=127.0.0.1;port=3306;dbname=jifei_ymcx_shop;charset=utf8
[2020-11-23T22:51:39+08:00][sql] SHOW FULL COLUMNS FROM `yh_user` [ RunTime:0.006793s ]
[2020-11-23T22:51:39+08:00][sql] SELECT * FROM `yh_user` WHERE  `id` = 17 LIMIT 1 [ RunTime:0.001435s ]
[2020-11-23T22:51:39+08:00][sql] SHOW FULL COLUMNS FROM `yh_business` [ RunTime:0.001931s ]
[2020-11-23T22:51:39+08:00][sql] SELECT * FROM `yh_business` WHERE  `id` = 17 LIMIT 1 [ RunTime:0.000609s ]
[2020-11-23T22:51:39+08:00][sql] SHOW FULL COLUMNS FROM `yh_webpz` [ RunTime:0.003294s ]
[2020-11-23T22:51:39+08:00][sql] SELECT * FROM `yh_webpz` WHERE  `id` = 1 LIMIT 1 [ RunTime:0.000776s ]
[2020-11-23T22:51:39+08:00][sql] SHOW FULL COLUMNS FROM `yh_record` [ RunTime:0.002346s ]
[2020-11-23T22:51:39+08:00][sql] SELECT COUNT(*) AS think_count FROM `yh_record` WHERE  `uid` = 1723751 [ RunTime:0.001809s ]
[2020-11-23T22:51:39+08:00][sql] SELECT * FROM `yh_record` WHERE  `uid` = 1723751 ORDER BY `id` DESC LIMIT 0,10 [ RunTime:0.005886s ]
[2020-11-23T22:51:43+08:00][sql] CONNECT:[ UseTime:0.002692s ] mysql:host=127.0.0.1;port=3306;dbname=jifei_ymcx_shop;charset=utf8
[2020-11-23T22:51:43+08:00][sql] SHOW FULL COLUMNS FROM `yh_user` [ RunTime:0.004612s ]
[2020-11-23T22:51:43+08:00][sql] SELECT * FROM `yh_user` WHERE  `id` = 17 LIMIT 1 [ RunTime:0.002158s ]
[2020-11-23T22:51:43+08:00][sql] SHOW FULL COLUMNS FROM `yh_business` [ RunTime:0.008266s ]
[2020-11-23T22:51:43+08:00][sql] SELECT * FROM `yh_business` WHERE  `id` = 17 LIMIT 1 [ RunTime:0.001170s ]
[2020-11-23T22:51:43+08:00][sql] SHOW FULL COLUMNS FROM `yh_webpz` [ RunTime:0.004062s ]
[2020-11-23T22:51:43+08:00][sql] SELECT * FROM `yh_webpz` WHERE  `id` = 1 LIMIT 1 [ RunTime:0.000501s ]
[2020-11-23T22:51:45+08:00][sql] CONNECT:[ UseTime:0.001476s ] mysql:host=127.0.0.1;port=3306;dbname=jifei_ymcx_shop;charset=utf8
[2020-11-23T22:51:45+08:00][sql] SHOW FULL COLUMNS FROM `yh_user` [ RunTime:0.002044s ]
[2020-11-23T22:51:45+08:00][sql] SELECT * FROM `yh_user` WHERE  `id` = 17 LIMIT 1 [ RunTime:0.000662s ]
[2020-11-23T22:51:45+08:00][sql] SHOW FULL COLUMNS FROM `yh_business` [ RunTime:0.001649s ]
[2020-11-23T22:51:45+08:00][sql] SELECT * FROM `yh_business` WHERE  `id` = 17 LIMIT 1 [ RunTime:0.000558s ]
[2020-11-23T22:51:45+08:00][sql] SHOW FULL COLUMNS FROM `yh_webpz` [ RunTime:0.001877s ]
[2020-11-23T22:51:45+08:00][sql] SELECT * FROM `yh_webpz` WHERE  `id` = 1 LIMIT 1 [ RunTime:0.017529s ]
[2020-11-23T22:51:49+08:00][sql] CONNECT:[ UseTime:0.001324s ] mysql:host=127.0.0.1;port=3306;dbname=jifei_ymcx_shop;charset=utf8
[2020-11-23T22:51:49+08:00][sql] SHOW FULL COLUMNS FROM `yh_user` [ RunTime:0.002722s ]
[2020-11-23T22:51:49+08:00][sql] SELECT * FROM `yh_user` WHERE  `id` = 17 LIMIT 1 [ RunTime:0.003647s ]
[2020-11-23T22:51:49+08:00][sql] SHOW FULL COLUMNS FROM `yh_business` [ RunTime:0.004915s ]
[2020-11-23T22:51:49+08:00][sql] SELECT * FROM `yh_business` WHERE  `id` = 17 LIMIT 1 [ RunTime:0.002867s ]
[2020-11-23T22:51:49+08:00][sql] SHOW FULL COLUMNS FROM `yh_webpz` [ RunTime:0.001732s ]
[2020-11-23T22:51:49+08:00][sql] SELECT * FROM `yh_webpz` WHERE  `id` = 1 LIMIT 1 [ RunTime:0.000573s ]
[2020-11-23T22:51:49+08:00][sql] SHOW FULL COLUMNS FROM `yh_record` [ RunTime:0.002326s ]
[2020-11-23T22:51:49+08:00][sql] SELECT COUNT(*) AS think_count FROM `yh_record` WHERE  `uid` = 1723751  AND `intime` > 1606060800 [ RunTime:0.002188s ]
[2020-11-23T22:51:49+08:00][sql] SHOW FULL COLUMNS FROM `yh_information` [ RunTime:0.003963s ]
[2020-11-23T22:51:49+08:00][sql] SELECT * FROM `yh_information` WHERE  `id` = 1 LIMIT 1 [ RunTime:0.000791s ]
[2020-11-23T22:57:37+08:00][sql] CONNECT:[ UseTime:0.001797s ] mysql:host=127.0.0.1;port=3306;dbname=jifei_ymcx_shop;charset=utf8
[2020-11-23T22:57:37+08:00][sql] SHOW FULL COLUMNS FROM `yh_webpz` [ RunTime:0.003885s ]
[2020-11-23T22:57:37+08:00][sql] SELECT * FROM `yh_webpz` WHERE  `id` = 1 LIMIT 1 [ RunTime:0.000922s ]
[2020-11-23T22:58:31+08:00][sql] CONNECT:[ UseTime:0.001188s ] mysql:host=127.0.0.1;port=3306;dbname=jifei_ymcx_shop;charset=utf8
[2020-11-23T22:58:31+08:00][sql] SHOW FULL COLUMNS FROM `yh_webpz` [ RunTime:0.003127s ]
[2020-11-23T22:58:31+08:00][sql] SELECT * FROM `yh_webpz` WHERE  `id` = 1 LIMIT 1 [ RunTime:0.000716s ]
[2020-11-23T22:59:06+08:00][sql] CONNECT:[ UseTime:0.001071s ] mysql:host=127.0.0.1;port=3306;dbname=jifei_ymcx_shop;charset=utf8
[2020-11-23T22:59:06+08:00][sql] SHOW FULL COLUMNS FROM `yh_webpz` [ RunTime:0.003051s ]
[2020-11-23T22:59:06+08:00][sql] SELECT * FROM `yh_webpz` WHERE  `id` = 1 LIMIT 1 [ RunTime:0.003245s ]
[2020-11-23T23:03:03+08:00][sql] CONNECT:[ UseTime:0.001250s ] mysql:host=127.0.0.1;port=3306;dbname=jifei_ymcx_shop;charset=utf8
[2020-11-23T23:03:03+08:00][sql] SHOW FULL COLUMNS FROM `yh_webpz` [ RunTime:0.002750s ]
[2020-11-23T23:03:03+08:00][sql] SELECT * FROM `yh_webpz` WHERE  `id` = 1 LIMIT 1 [ RunTime:0.001912s ]
[2020-11-23T23:03:10+08:00][sql] CONNECT:[ UseTime:0.002215s ] mysql:host=127.0.0.1;port=3306;dbname=jifei_ymcx_shop;charset=utf8
[2020-11-23T23:03:10+08:00][sql] SHOW FULL COLUMNS FROM `yh_webpz` [ RunTime:0.004819s ]
[2020-11-23T23:03:10+08:00][sql] SELECT * FROM `yh_webpz` WHERE  `id` = 1 LIMIT 1 [ RunTime:0.001871s ]
[2020-11-23T23:03:18+08:00][sql] CONNECT:[ UseTime:0.001114s ] mysql:host=127.0.0.1;port=3306;dbname=jifei_ymcx_shop;charset=utf8
[2020-11-23T23:03:18+08:00][sql] SHOW FULL COLUMNS FROM `yh_webpz` [ RunTime:0.002241s ]
[2020-11-23T23:03:18+08:00][sql] SELECT * FROM `yh_webpz` WHERE  `id` = 1 LIMIT 1 [ RunTime:0.000634s ]
[2020-11-23T23:03:32+08:00][sql] CONNECT:[ UseTime:0.002399s ] mysql:host=127.0.0.1;port=3306;dbname=jifei_ymcx_shop;charset=utf8
[2020-11-23T23:03:32+08:00][sql] SHOW FULL COLUMNS FROM `yh_webpz` [ RunTime:0.005558s ]
[2020-11-23T23:03:32+08:00][sql] SELECT * FROM `yh_webpz` WHERE  `id` = 1 LIMIT 1 [ RunTime:0.004161s ]
